<?xml version="1.0" encoding="UTF-8" ?>
<testsuite tests="14" failures="4" name="com.example.cocusmobiletest.RunCukesTest" time="201.361" errors="1" skipped="0">
  <properties>
    <property name="java.runtime.name" value="OpenJDK Runtime Environment"/>
    <property name="java.vm.version" value="17.0.2+8-86"/>
    <property name="sun.boot.library.path" value="C:\SagarV\Software\openjdk-17.0.2_windows-x64_bin\jdk-17.0.2\bin"/>
    <property name="maven.multiModuleProjectDirectory" value="C:\SagarV\Projects\COCUS-Challenge\cocus-mobiletest-challenge\cocus-mobile-test"/>
    <property name="java.vm.vendor" value="Oracle Corporation"/>
    <property name="java.vendor.url" value="https://java.oracle.com/"/>
    <property name="guice.disable.misplaced.annotation.check" value="true"/>
    <property name="path.separator" value=";"/>
    <property name="java.vm.name" value="OpenJDK 64-Bit Server VM"/>
    <property name="sun.os.patch.level" value=""/>
    <property name="user.script" value=""/>
    <property name="user.country" value="IN"/>
    <property name="sun.java.launcher" value="SUN_STANDARD"/>
    <property name="java.vm.specification.name" value="Java Virtual Machine Specification"/>
    <property name="user.dir" value="C:\SagarV\Projects\COCUS-Challenge\cocus-mobiletest-challenge\cocus-mobile-test"/>
    <property name="java.vm.compressedOopsMode" value="32-bit"/>
    <property name="java.runtime.version" value="17.0.2+8-86"/>
    <property name="os.arch" value="amd64"/>
    <property name="platformVersion" value="9.0"/>
    <property name="java.io.tmpdir" value="C:\Users\manis\AppData\Local\Temp\"/>
    <property name="line.separator" value="
"/>
    <property name="java.vm.specification.vendor" value="Oracle Corporation"/>
    <property name="user.variant" value=""/>
    <property name="os.name" value="Windows 11"/>
    <property name="shouldRunOnBrowserStack" value="true"/>
    <property name="classworlds.conf" value="C:\SagarV\Software\apache-maven-3.8.6\bin\m2.conf"/>
    <property name="sun.jnu.encoding" value="Cp1252"/>
    <property name="java.library.path" value="C:\SagarV\Software\openjdk-17.0.2_windows-x64_bin\jdk-17.0.2\bin;C:\WINDOWS\Sun\Java\bin;C:\WINDOWS\system32;C:\WINDOWS;C:\Program Files (x86)\Common Files\Intel\Shared Files\cpp\bin\Intel64;C:\WINDOWS\system32;C:\WINDOWS;C:\WINDOWS\System32\Wbem;C:\WINDOWS\System32\WindowsPowerShell\v1.0\;C:\WINDOWS\System32\OpenSSH\;C:\Program Files\Git\cmd;C:\ProgramData\chocolatey\bin;C:\Program Files\Go\bin;C:\Program Files\Docker\Docker\resources\bin;C:\Program Files\nodejs\;C:\Users\manis\AppData\Local\Microsoft\WindowsApps;C:\Users\manis\AppData\Local\Programs\Microsoft VS Code\bin;C:\SagarV\Software\openjdk-17.0.2_windows-x64_bin\jdk-17.0.2\bin;C:\SagarV\Software\apache-maven-3.8.6\bin;C:\Users\manis\go\bin;C:\Users\manis\AppData\Roaming\npm;C:\Program Files\JetBrains\PyCharm Community Edition 2022.2.3\bin;;C:\SagarV\Software\chromedriver_win32;C:\Users\manis\AppData\Local\Android\Sdk\platform-tools;C:\tools\opencv\build\bin;C:\SagarV\Software\ffmpeg-master-latest-win64-gpl\ffmpeg-master-latest-win64-gpl\bin;;."/>
    <property name="maven.conf" value="C:\SagarV\Software\apache-maven-3.8.6/conf"/>
    <property name="jdk.debug" value="release"/>
    <property name="java.class.version" value="61.0"/>
    <property name="java.specification.name" value="Java Platform API Specification"/>
    <property name="sun.management.compiler" value="HotSpot 64-Bit Tiered Compilers"/>
    <property name="os.version" value="10.0"/>
    <property name="library.jansi.path" value="C:\SagarV\Software\apache-maven-3.8.6\lib\jansi-native"/>
    <property name="user.home" value="C:\Users\manis"/>
    <property name="user.timezone" value="Asia/Calcutta"/>
    <property name="file.encoding" value="Cp1252"/>
    <property name="java.specification.version" value="17"/>
    <property name="user.name" value="manis"/>
    <property name="java.class.path" value="C:\SagarV\Software\apache-maven-3.8.6\boot\plexus-classworlds-2.6.0.jar"/>
    <property name="java.vm.specification.version" value="17"/>
    <property name="sun.arch.data.model" value="64"/>
    <property name="sun.java.command" value="org.codehaus.plexus.classworlds.launcher.Launcher clean test -DshouldRunOnBrowserStack=true -DdeviceName=Google Pixel 3 -DplatformVersion=9.0"/>
    <property name="java.home" value="C:\SagarV\Software\openjdk-17.0.2_windows-x64_bin\jdk-17.0.2"/>
    <property name="user.language" value="en"/>
    <property name="java.specification.vendor" value="Oracle Corporation"/>
    <property name="java.vm.info" value="mixed mode, sharing"/>
    <property name="java.version" value="17.0.2"/>
    <property name="native.encoding" value="Cp1252"/>
    <property name="java.vendor" value="Oracle Corporation"/>
    <property name="sun.stderr.encoding" value="cp437"/>
    <property name="maven.home" value="C:\SagarV\Software\apache-maven-3.8.6"/>
    <property name="file.separator" value="\"/>
    <property name="java.version.date" value="2022-01-18"/>
    <property name="java.vendor.url.bug" value="https://bugreport.java.com/bugreport/"/>
    <property name="sun.io.unicode.encoding" value="UnicodeLittle"/>
    <property name="sun.cpu.endian" value="little"/>
    <property name="deviceName" value="Google Pixel 3"/>
    <property name="sun.stdout.encoding" value="cp437"/>
    <property name="sun.cpu.isalist" value="amd64"/>
  </properties>
  <testcase classname="Add Notes" name="Add Small Note #1" time="13.339"/>
  <testcase classname="Add Notes" name="Add Small Note #2" time="11.391"/>
  <testcase classname="Add Notes" name="Note with Title only" time="10.987"/>
  <testcase classname="Add Notes" name="Note with Description only" time="10.937"/>
  <testcase classname="Add Notes" name="Large text file as Note" time="11.971">
    <failure message="Expected Note with title and description not present" type="java.lang.AssertionError">java.lang.AssertionError: Expected Note with title and description not present
	at org.junit.Assert.fail(Assert.java:88)
	at org.junit.Assert.assertTrue(Assert.java:41)
	at com.example.cocusmobiletest.stepdefinitions.NewNoteStepdefs.Verify_note_is_added_successfully_with_title_and_description(NewNoteStepdefs.java:69)
	at âœ½.Verify note is added successfully with title and description(file:///C:/SagarV/Projects/COCUS-Challenge/cocus-mobiletest-challenge/cocus-mobile-test/src/test/resources/features/AddNotes.feature:28)
</failure>
    <system-out>
@sanity
Scenario Outline: Large text file as Note                           &amp;#27;[90m# src/test/resources/features/AddNotes.feature:32&amp;#27;[0m
21:14:14.377 [Forwarding findElement on session eda2ebede5b4f1c4a3da0ae80d76cf0c2ffae504 to remote] DEBUG org.asynchttpclient.netty.request.NettyRequestSender - Using pooled Channel &apos;[id: 0xca0f3c40, L:/192.168.0.148:65103 - R:hub-cloud.browserstack.com/103.126.7.240:80]&apos; for &apos;POST&apos; to &apos;http://sagarvarule_Nv2k8l:xTzj2eNxZytnJbrx1e6C@hub-cloud.browserstack.com/wd/hub/session/eda2ebede5b4f1c4a3da0ae80d76cf0c2ffae504/element&apos;
21:14:14.378 [Forwarding findElement on session eda2ebede5b4f1c4a3da0ae80d76cf0c2ffae504 to remote] DEBUG org.asynchttpclient.netty.request.NettyRequestSender - Using open Channel [id: 0xca0f3c40, L:/192.168.0.148:65103 - R:hub-cloud.browserstack.com/103.126.7.240:80] for POST &apos;/wd/hub/session/eda2ebede5b4f1c4a3da0ae80d76cf0c2ffae504/element&apos;
21:14:14.544 [AsyncHttpClient-1-3] DEBUG org.asynchttpclient.netty.handler.HttpHandler - 

Request DefaultHttpRequest(decodeResult: success, version: HTTP/1.1)
POST /wd/hub/session/eda2ebede5b4f1c4a3da0ae80d76cf0c2ffae504/element HTTP/1.1
User-Agent: selenium/4.5.0 (java windows)
Content-Length: 94
Content-Type: application/json; charset=utf-8
host: hub-cloud.browserstack.com
authorization: Basic c2FnYXJ2YXJ1bGVfTnYyazhsOnhUemoyZU54Wnl0bkpicngxZTZD
accept: */*

Response DefaultHttpResponse(decodeResult: success, version: HTTP/1.1)
HTTP/1.1 200 OK
Server: nginx
Date: Thu, 01 Dec 2022 15:44:14 GMT
Content-Type: application/json; charset=utf-8
Connection: keep-alive
Source-From: 02
x-powered-by: Express
vary: X-HTTP-Method-Override
etag: W/&quot;89-b62E8pinReTyviFjuK+x78D4HCI&quot;
content-length: 137

21:14:14.544 [AsyncHttpClient-1-3] DEBUG org.asynchttpclient.netty.channel.ChannelManager - Adding key: http://hub-cloud.browserstack.com:80 for channel [id: 0xca0f3c40, L:/192.168.0.148:65103 - R:hub-cloud.browserstack.com/103.126.7.240:80]
21:14:14.546 [Forwarding isElementDisplayed on session eda2ebede5b4f1c4a3da0ae80d76cf0c2ffae504 to remote] DEBUG org.asynchttpclient.netty.request.NettyRequestSender - Using pooled Channel &apos;[id: 0xca0f3c40, L:/192.168.0.148:65103 - R:hub-cloud.browserstack.com/103.126.7.240:80]&apos; for &apos;GET&apos; to &apos;http://sagarvarule_Nv2k8l:xTzj2eNxZytnJbrx1e6C@hub-cloud.browserstack.com/wd/hub/session/eda2ebede5b4f1c4a3da0ae80d76cf0c2ffae504/element/4a76470a-8fb4-497d-8432-f564320ce354/displayed&apos;
21:14:14.547 [Forwarding isElementDisplayed on session eda2ebede5b4f1c4a3da0ae80d76cf0c2ffae504 to remote] DEBUG org.asynchttpclient.netty.request.NettyRequestSender - Using open Channel [id: 0xca0f3c40, L:/192.168.0.148:65103 - R:hub-cloud.browserstack.com/103.126.7.240:80] for GET &apos;/wd/hub/session/eda2ebede5b4f1c4a3da0ae80d76cf0c2ffae504/element/4a76470a-8fb4-497d-8432-f564320ce354/displayed&apos;
21:14:14.628 [AsyncHttpClient-1-3] DEBUG org.asynchttpclient.netty.handler.HttpHandler - 

Request DefaultFullHttpRequest(decodeResult: success, version: HTTP/1.1, content: EmptyByteBufBE)
GET /wd/hub/session/eda2ebede5b4f1c4a3da0ae80d76cf0c2ffae504/element/4a76470a-8fb4-497d-8432-f564320ce354/displayed HTTP/1.1
User-Agent: selenium/4.5.0 (java windows)
Cache-Control: no-cache
Content-Type: application/json; charset=utf-8
host: hub-cloud.browserstack.com
authorization: Basic c2FnYXJ2YXJ1bGVfTnYyazhsOnhUemoyZU54Wnl0bkpicngxZTZD
accept: */*

Response DefaultHttpResponse(decodeResult: success, version: HTTP/1.1)
HTTP/1.1 200 OK
Server: nginx
Date: Thu, 01 Dec 2022 15:44:14 GMT
Content-Type: application/json; charset=utf-8
Connection: keep-alive
Source-From: 02
x-powered-by: Express
etag: W/&quot;e-2ZHvAWebNQpyjGZTg6uyV8/spTo&quot;
content-length: 14

21:14:14.628 [AsyncHttpClient-1-3] DEBUG org.asynchttpclient.netty.channel.ChannelManager - Adding key: http://hub-cloud.browserstack.com:80 for channel [id: 0xca0f3c40, L:/192.168.0.148:65103 - R:hub-cloud.browserstack.com/103.126.7.240:80]
21:14:14.629 [Forwarding findElement on session eda2ebede5b4f1c4a3da0ae80d76cf0c2ffae504 to remote] DEBUG org.asynchttpclient.netty.request.NettyRequestSender - Using pooled Channel &apos;[id: 0xca0f3c40, L:/192.168.0.148:65103 - R:hub-cloud.browserstack.com/103.126.7.240:80]&apos; for &apos;POST&apos; to &apos;http://sagarvarule_Nv2k8l:xTzj2eNxZytnJbrx1e6C@hub-cloud.browserstack.com/wd/hub/session/eda2ebede5b4f1c4a3da0ae80d76cf0c2ffae504/element&apos;
21:14:14.629 [Forwarding findElement on session eda2ebede5b4f1c4a3da0ae80d76cf0c2ffae504 to remote] DEBUG org.asynchttpclient.netty.request.NettyRequestSender - Using open Channel [id: 0xca0f3c40, L:/192.168.0.148:65103 - R:hub-cloud.browserstack.com/103.126.7.240:80] for POST &apos;/wd/hub/session/eda2ebede5b4f1c4a3da0ae80d76cf0c2ffae504/element&apos;
21:14:14.726 [AsyncHttpClient-1-3] DEBUG org.asynchttpclient.netty.handler.HttpHandler - 

Request DefaultHttpRequest(decodeResult: success, version: HTTP/1.1)
POST /wd/hub/session/eda2ebede5b4f1c4a3da0ae80d76cf0c2ffae504/element HTTP/1.1
User-Agent: selenium/4.5.0 (java windows)
Content-Length: 94
Content-Type: application/json; charset=utf-8
host: hub-cloud.browserstack.com
authorization: Basic c2FnYXJ2YXJ1bGVfTnYyazhsOnhUemoyZU54Wnl0bkpicngxZTZD
accept: */*

Response DefaultHttpResponse(decodeResult: success, version: HTTP/1.1)
HTTP/1.1 200 OK
Server: nginx
Date: Thu, 01 Dec 2022 15:44:14 GMT
Content-Type: application/json; charset=utf-8
Connection: keep-alive
Source-From: 02
x-powered-by: Express
vary: X-HTTP-Method-Override
etag: W/&quot;89-nlyq2oeuzbV3dAIibpwXjhbNy6c&quot;
content-length: 137

21:14:14.726 [AsyncHttpClient-1-3] DEBUG org.asynchttpclient.netty.channel.ChannelManager - Adding key: http://hub-cloud.browserstack.com:80 for channel [id: 0xca0f3c40, L:/192.168.0.148:65103 - R:hub-cloud.browserstack.com/103.126.7.240:80]
21:14:14.727 [Forwarding isElementEnabled on session eda2ebede5b4f1c4a3da0ae80d76cf0c2ffae504 to remote] DEBUG org.asynchttpclient.netty.request.NettyRequestSender - Using pooled Channel &apos;[id: 0xca0f3c40, L:/192.168.0.148:65103 - R:hub-cloud.browserstack.com/103.126.7.240:80]&apos; for &apos;GET&apos; to &apos;http://sagarvarule_Nv2k8l:xTzj2eNxZytnJbrx1e6C@hub-cloud.browserstack.com/wd/hub/session/eda2ebede5b4f1c4a3da0ae80d76cf0c2ffae504/element/0a555ff8-294f-4e77-9a9b-21329271b6d4/enabled&apos;
21:14:14.727 [Forwarding isElementEnabled on session eda2ebede5b4f1c4a3da0ae80d76cf0c2ffae504 to remote] DEBUG org.asynchttpclient.netty.request.NettyRequestSender - Using open Channel [id: 0xca0f3c40, L:/192.168.0.148:65103 - R:hub-cloud.browserstack.com/103.126.7.240:80] for GET &apos;/wd/hub/session/eda2ebede5b4f1c4a3da0ae80d76cf0c2ffae504/element/0a555ff8-294f-4e77-9a9b-21329271b6d4/enabled&apos;
21:14:14.811 [AsyncHttpClient-1-3] DEBUG org.asynchttpclient.netty.handler.HttpHandler - 

Request DefaultFullHttpRequest(decodeResult: success, version: HTTP/1.1, content: EmptyByteBufBE)
GET /wd/hub/session/eda2ebede5b4f1c4a3da0ae80d76cf0c2ffae504/element/0a555ff8-294f-4e77-9a9b-21329271b6d4/enabled HTTP/1.1
User-Agent: selenium/4.5.0 (java windows)
Cache-Control: no-cache
Content-Type: application/json; charset=utf-8
host: hub-cloud.browserstack.com
authorization: Basic c2FnYXJ2YXJ1bGVfTnYyazhsOnhUemoyZU54Wnl0bkpicngxZTZD
accept: */*

Response DefaultHttpResponse(decodeResult: success, version: HTTP/1.1)
HTTP/1.1 200 OK
Server: nginx
Date: Thu, 01 Dec 2022 15:44:14 GMT
Content-Type: application/json; charset=utf-8
Connection: keep-alive
Source-From: 02
x-powered-by: Express
etag: W/&quot;e-2ZHvAWebNQpyjGZTg6uyV8/spTo&quot;
content-length: 14

21:14:14.811 [AsyncHttpClient-1-3] DEBUG org.asynchttpclient.netty.channel.ChannelManager - Adding key: http://hub-cloud.browserstack.com:80 for channel [id: 0xca0f3c40, L:/192.168.0.148:65103 - R:hub-cloud.browserstack.com/103.126.7.240:80]
21:14:14.813 [Forwarding findElement on session eda2ebede5b4f1c4a3da0ae80d76cf0c2ffae504 to remote] DEBUG org.asynchttpclient.netty.request.NettyRequestSender - Using pooled Channel &apos;[id: 0xca0f3c40, L:/192.168.0.148:65103 - R:hub-cloud.browserstack.com/103.126.7.240:80]&apos; for &apos;POST&apos; to &apos;http://sagarvarule_Nv2k8l:xTzj2eNxZytnJbrx1e6C@hub-cloud.browserstack.com/wd/hub/session/eda2ebede5b4f1c4a3da0ae80d76cf0c2ffae504/element&apos;
21:14:14.813 [Forwarding findElement on session eda2ebede5b4f1c4a3da0ae80d76cf0c2ffae504 to remote] DEBUG org.asynchttpclient.netty.request.NettyRequestSender - Using open Channel [id: 0xca0f3c40, L:/192.168.0.148:65103 - R:hub-cloud.browserstack.com/103.126.7.240:80] for POST &apos;/wd/hub/session/eda2ebede5b4f1c4a3da0ae80d76cf0c2ffae504/element&apos;
21:14:14.906 [AsyncHttpClient-1-3] DEBUG org.asynchttpclient.netty.handler.HttpHandler - 

Request DefaultHttpRequest(decodeResult: success, version: HTTP/1.1)
POST /wd/hub/session/eda2ebede5b4f1c4a3da0ae80d76cf0c2ffae504/element HTTP/1.1
User-Agent: selenium/4.5.0 (java windows)
Content-Length: 94
Content-Type: application/json; charset=utf-8
host: hub-cloud.browserstack.com
authorization: Basic c2FnYXJ2YXJ1bGVfTnYyazhsOnhUemoyZU54Wnl0bkpicngxZTZD
accept: */*

Response DefaultHttpResponse(decodeResult: success, version: HTTP/1.1)
HTTP/1.1 200 OK
Server: nginx
Date: Thu, 01 Dec 2022 15:44:14 GMT
Content-Type: application/json; charset=utf-8
Connection: keep-alive
Source-From: 02
x-powered-by: Express
vary: X-HTTP-Method-Override
etag: W/&quot;89-/O0Rhe2Yve9ZhO0kTBuL1FavqX4&quot;
content-length: 137

21:14:14.906 [AsyncHttpClient-1-3] DEBUG org.asynchttpclient.netty.channel.ChannelManager - Adding key: http://hub-cloud.browserstack.com:80 for channel [id: 0xca0f3c40, L:/192.168.0.148:65103 - R:hub-cloud.browserstack.com/103.126.7.240:80]
21:14:14.908 [Forwarding clickElement on session eda2ebede5b4f1c4a3da0ae80d76cf0c2ffae504 to remote] DEBUG org.asynchttpclient.netty.request.NettyRequestSender - Using pooled Channel &apos;[id: 0xca0f3c40, L:/192.168.0.148:65103 - R:hub-cloud.browserstack.com/103.126.7.240:80]&apos; for &apos;POST&apos; to &apos;http://sagarvarule_Nv2k8l:xTzj2eNxZytnJbrx1e6C@hub-cloud.browserstack.com/wd/hub/session/eda2ebede5b4f1c4a3da0ae80d76cf0c2ffae504/element/5ce5c30f-39b5-4f95-bd5e-a9a4c80335f2/click&apos;
21:14:14.908 [Forwarding clickElement on session eda2ebede5b4f1c4a3da0ae80d76cf0c2ffae504 to remote] DEBUG org.asynchttpclient.netty.request.NettyRequestSender - Using open Channel [id: 0xca0f3c40, L:/192.168.0.148:65103 - R:hub-cloud.browserstack.com/103.126.7.240:80] for POST &apos;/wd/hub/session/eda2ebede5b4f1c4a3da0ae80d76cf0c2ffae504/element/5ce5c30f-39b5-4f95-bd5e-a9a4c80335f2/click&apos;
21:14:15.009 [AsyncHttpClient-1-3] DEBUG org.asynchttpclient.netty.handler.HttpHandler - 

Request DefaultHttpRequest(decodeResult: success, version: HTTP/1.1)
POST /wd/hub/session/eda2ebede5b4f1c4a3da0ae80d76cf0c2ffae504/element/5ce5c30f-39b5-4f95-bd5e-a9a4c80335f2/click HTTP/1.1
User-Agent: selenium/4.5.0 (java windows)
Content-Length: 50
Content-Type: application/json; charset=utf-8
host: hub-cloud.browserstack.com
authorization: Basic c2FnYXJ2YXJ1bGVfTnYyazhsOnhUemoyZU54Wnl0bkpicngxZTZD
accept: */*

Response DefaultHttpResponse(decodeResult: success, version: HTTP/1.1)
HTTP/1.1 200 OK
Server: nginx
Date: Thu, 01 Dec 2022 15:44:15 GMT
Content-Type: application/json; charset=utf-8
Connection: keep-alive
Source-From: 02
x-powered-by: Express
vary: X-HTTP-Method-Override
etag: W/&quot;e-9/1BuKMgFObM1mWJm+YjxtXJnUM&quot;
content-length: 14

21:14:15.010 [AsyncHttpClient-1-3] DEBUG org.asynchttpclient.netty.channel.ChannelManager - Adding key: http://hub-cloud.browserstack.com:80 for channel [id: 0xca0f3c40, L:/192.168.0.148:65103 - R:hub-cloud.browserstack.com/103.126.7.240:80]
21:14:15.024 [Forwarding findElement on session eda2ebede5b4f1c4a3da0ae80d76cf0c2ffae504 to remote] DEBUG org.asynchttpclient.netty.request.NettyRequestSender - Using pooled Channel &apos;[id: 0xca0f3c40, L:/192.168.0.148:65103 - R:hub-cloud.browserstack.com/103.126.7.240:80]&apos; for &apos;POST&apos; to &apos;http://sagarvarule_Nv2k8l:xTzj2eNxZytnJbrx1e6C@hub-cloud.browserstack.com/wd/hub/session/eda2ebede5b4f1c4a3da0ae80d76cf0c2ffae504/element&apos;
21:14:15.024 [Forwarding findElement on session eda2ebede5b4f1c4a3da0ae80d76cf0c2ffae504 to remote] DEBUG org.asynchttpclient.netty.request.NettyRequestSender - Using open Channel [id: 0xca0f3c40, L:/192.168.0.148:65103 - R:hub-cloud.browserstack.com/103.126.7.240:80] for POST &apos;/wd/hub/session/eda2ebede5b4f1c4a3da0ae80d76cf0c2ffae504/element&apos;
21:14:15.813 [AsyncHttpClient-1-3] DEBUG org.asynchttpclient.netty.handler.HttpHandler - 

Request DefaultHttpRequest(decodeResult: success, version: HTTP/1.1)
POST /wd/hub/session/eda2ebede5b4f1c4a3da0ae80d76cf0c2ffae504/element HTTP/1.1
User-Agent: selenium/4.5.0 (java windows)
Content-Length: 95
Content-Type: application/json; charset=utf-8
host: hub-cloud.browserstack.com
authorization: Basic c2FnYXJ2YXJ1bGVfTnYyazhsOnhUemoyZU54Wnl0bkpicngxZTZD
accept: */*

Response DefaultHttpResponse(decodeResult: success, version: HTTP/1.1)
HTTP/1.1 200 OK
Server: nginx
Date: Thu, 01 Dec 2022 15:44:15 GMT
Content-Type: application/json; charset=utf-8
Connection: keep-alive
Source-From: 02
x-powered-by: Express
vary: X-HTTP-Method-Override
etag: W/&quot;89-gz3eaqfwsXFy5wxzxHo8tzZtqjk&quot;
content-length: 137

21:14:15.813 [AsyncHttpClient-1-3] DEBUG org.asynchttpclient.netty.channel.ChannelManager - Adding key: http://hub-cloud.browserstack.com:80 for channel [id: 0xca0f3c40, L:/192.168.0.148:65103 - R:hub-cloud.browserstack.com/103.126.7.240:80]
21:14:15.814 [Forwarding isElementDisplayed on session eda2ebede5b4f1c4a3da0ae80d76cf0c2ffae504 to remote] DEBUG org.asynchttpclient.netty.request.NettyRequestSender - Using pooled Channel &apos;[id: 0xca0f3c40, L:/192.168.0.148:65103 - R:hub-cloud.browserstack.com/103.126.7.240:80]&apos; for &apos;GET&apos; to &apos;http://sagarvarule_Nv2k8l:xTzj2eNxZytnJbrx1e6C@hub-cloud.browserstack.com/wd/hub/session/eda2ebede5b4f1c4a3da0ae80d76cf0c2ffae504/element/9c4610b4-6ba2-4211-9e5e-b6f626aba086/displayed&apos;
21:14:15.814 [Forwarding isElementDisplayed on session eda2ebede5b4f1c4a3da0ae80d76cf0c2ffae504 to remote] DEBUG org.asynchttpclient.netty.request.NettyRequestSender - Using open Channel [id: 0xca0f3c40, L:/192.168.0.148:65103 - R:hub-cloud.browserstack.com/103.126.7.240:80] for GET &apos;/wd/hub/session/eda2ebede5b4f1c4a3da0ae80d76cf0c2ffae504/element/9c4610b4-6ba2-4211-9e5e-b6f626aba086/displayed&apos;
21:14:15.897 [AsyncHttpClient-1-3] DEBUG org.asynchttpclient.netty.handler.HttpHandler - 

Request DefaultFullHttpRequest(decodeResult: success, version: HTTP/1.1, content: EmptyByteBufBE)
GET /wd/hub/session/eda2ebede5b4f1c4a3da0ae80d76cf0c2ffae504/element/9c4610b4-6ba2-4211-9e5e-b6f626aba086/displayed HTTP/1.1
User-Agent: selenium/4.5.0 (java windows)
Cache-Control: no-cache
Content-Type: application/json; charset=utf-8
host: hub-cloud.browserstack.com
authorization: Basic c2FnYXJ2YXJ1bGVfTnYyazhsOnhUemoyZU54Wnl0bkpicngxZTZD
accept: */*

Response DefaultHttpResponse(decodeResult: success, version: HTTP/1.1)
HTTP/1.1 200 OK
Server: nginx
Date: Thu, 01 Dec 2022 15:44:15 GMT
Content-Type: application/json; charset=utf-8
Connection: keep-alive
Source-From: 02
x-powered-by: Express
etag: W/&quot;e-2ZHvAWebNQpyjGZTg6uyV8/spTo&quot;
content-length: 14

21:14:15.897 [AsyncHttpClient-1-3] DEBUG org.asynchttpclient.netty.channel.ChannelManager - Adding key: http://hub-cloud.browserstack.com:80 for channel [id: 0xca0f3c40, L:/192.168.0.148:65103 - R:hub-cloud.browserstack.com/103.126.7.240:80]
21:14:15.899 [Forwarding findElement on session eda2ebede5b4f1c4a3da0ae80d76cf0c2ffae504 to remote] DEBUG org.asynchttpclient.netty.request.NettyRequestSender - Using pooled Channel &apos;[id: 0xca0f3c40, L:/192.168.0.148:65103 - R:hub-cloud.browserstack.com/103.126.7.240:80]&apos; for &apos;POST&apos; to &apos;http://sagarvarule_Nv2k8l:xTzj2eNxZytnJbrx1e6C@hub-cloud.browserstack.com/wd/hub/session/eda2ebede5b4f1c4a3da0ae80d76cf0c2ffae504/element&apos;
21:14:15.900 [Forwarding findElement on session eda2ebede5b4f1c4a3da0ae80d76cf0c2ffae504 to remote] DEBUG org.asynchttpclient.netty.request.NettyRequestSender - Using open Channel [id: 0xca0f3c40, L:/192.168.0.148:65103 - R:hub-cloud.browserstack.com/103.126.7.240:80] for POST &apos;/wd/hub/session/eda2ebede5b4f1c4a3da0ae80d76cf0c2ffae504/element&apos;
21:14:15.988 [AsyncHttpClient-1-3] DEBUG org.asynchttpclient.netty.handler.HttpHandler - 

Request DefaultHttpRequest(decodeResult: success, version: HTTP/1.1)
POST /wd/hub/session/eda2ebede5b4f1c4a3da0ae80d76cf0c2ffae504/element HTTP/1.1
User-Agent: selenium/4.5.0 (java windows)
Content-Length: 95
Content-Type: application/json; charset=utf-8
host: hub-cloud.browserstack.com
authorization: Basic c2FnYXJ2YXJ1bGVfTnYyazhsOnhUemoyZU54Wnl0bkpicngxZTZD
accept: */*

Response DefaultHttpResponse(decodeResult: success, version: HTTP/1.1)
HTTP/1.1 200 OK
Server: nginx
Date: Thu, 01 Dec 2022 15:44:15 GMT
Content-Type: application/json; charset=utf-8
Connection: keep-alive
Source-From: 02
x-powered-by: Express
vary: X-HTTP-Method-Override
etag: W/&quot;89-kscwXcw1mf2bGkgRDVg+Jhqqruo&quot;
content-length: 137

21:14:15.988 [AsyncHttpClient-1-3] DEBUG org.asynchttpclient.netty.channel.ChannelManager - Adding key: http://hub-cloud.browserstack.com:80 for channel [id: 0xca0f3c40, L:/192.168.0.148:65103 - R:hub-cloud.browserstack.com/103.126.7.240:80]
21:14:15.991 [Forwarding sendKeysToElement on session eda2ebede5b4f1c4a3da0ae80d76cf0c2ffae504 to remote] DEBUG org.asynchttpclient.netty.request.NettyRequestSender - Using pooled Channel &apos;[id: 0xca0f3c40, L:/192.168.0.148:65103 - R:hub-cloud.browserstack.com/103.126.7.240:80]&apos; for &apos;POST&apos; to &apos;http://sagarvarule_Nv2k8l:xTzj2eNxZytnJbrx1e6C@hub-cloud.browserstack.com/wd/hub/session/eda2ebede5b4f1c4a3da0ae80d76cf0c2ffae504/element/2185334d-7f19-4750-8917-2399dde95b2a/value&apos;
21:14:15.992 [Forwarding sendKeysToElement on session eda2ebede5b4f1c4a3da0ae80d76cf0c2ffae504 to remote] DEBUG org.asynchttpclient.netty.request.NettyRequestSender - Using open Channel [id: 0xca0f3c40, L:/192.168.0.148:65103 - R:hub-cloud.browserstack.com/103.126.7.240:80] for POST &apos;/wd/hub/session/eda2ebede5b4f1c4a3da0ae80d76cf0c2ffae504/element/2185334d-7f19-4750-8917-2399dde95b2a/value&apos;
21:14:16.700 [AsyncHttpClient-1-3] DEBUG org.asynchttpclient.netty.handler.HttpHandler - 

Request DefaultHttpRequest(decodeResult: success, version: HTTP/1.1)
POST /wd/hub/session/eda2ebede5b4f1c4a3da0ae80d76cf0c2ffae504/element/2185334d-7f19-4750-8917-2399dde95b2a/value HTTP/1.1
User-Agent: selenium/4.5.0 (java windows)
Content-Length: 82
Content-Type: application/json; charset=utf-8
host: hub-cloud.browserstack.com
authorization: Basic c2FnYXJ2YXJ1bGVfTnYyazhsOnhUemoyZU54Wnl0bkpicngxZTZD
accept: */*

Response DefaultHttpResponse(decodeResult: success, version: HTTP/1.1)
HTTP/1.1 200 OK
Server: nginx
Date: Thu, 01 Dec 2022 15:44:16 GMT
Content-Type: application/json; charset=utf-8
Connection: keep-alive
Source-From: 02
x-powered-by: Express
vary: X-HTTP-Method-Override
etag: W/&quot;e-9/1BuKMgFObM1mWJm+YjxtXJnUM&quot;
content-length: 14

21:14:16.700 [AsyncHttpClient-1-3] DEBUG org.asynchttpclient.netty.channel.ChannelManager - Adding key: http://hub-cloud.browserstack.com:80 for channel [id: 0xca0f3c40, L:/192.168.0.148:65103 - R:hub-cloud.browserstack.com/103.126.7.240:80]
21:14:16.702 [Forwarding findElement on session eda2ebede5b4f1c4a3da0ae80d76cf0c2ffae504 to remote] DEBUG org.asynchttpclient.netty.request.NettyRequestSender - Using pooled Channel &apos;[id: 0xca0f3c40, L:/192.168.0.148:65103 - R:hub-cloud.browserstack.com/103.126.7.240:80]&apos; for &apos;POST&apos; to &apos;http://sagarvarule_Nv2k8l:xTzj2eNxZytnJbrx1e6C@hub-cloud.browserstack.com/wd/hub/session/eda2ebede5b4f1c4a3da0ae80d76cf0c2ffae504/element&apos;
21:14:16.702 [Forwarding findElement on session eda2ebede5b4f1c4a3da0ae80d76cf0c2ffae504 to remote] DEBUG org.asynchttpclient.netty.request.NettyRequestSender - Using open Channel [id: 0xca0f3c40, L:/192.168.0.148:65103 - R:hub-cloud.browserstack.com/103.126.7.240:80] for POST &apos;/wd/hub/session/eda2ebede5b4f1c4a3da0ae80d76cf0c2ffae504/element&apos;
21:14:17.308 [AsyncHttpClient-1-3] DEBUG org.asynchttpclient.netty.handler.HttpHandler - 

Request DefaultHttpRequest(decodeResult: success, version: HTTP/1.1)
POST /wd/hub/session/eda2ebede5b4f1c4a3da0ae80d76cf0c2ffae504/element HTTP/1.1
User-Agent: selenium/4.5.0 (java windows)
Content-Length: 95
Content-Type: application/json; charset=utf-8
host: hub-cloud.browserstack.com
authorization: Basic c2FnYXJ2YXJ1bGVfTnYyazhsOnhUemoyZU54Wnl0bkpicngxZTZD
accept: */*

Response DefaultHttpResponse(decodeResult: success, version: HTTP/1.1)
HTTP/1.1 200 OK
Server: nginx
Date: Thu, 01 Dec 2022 15:44:17 GMT
Content-Type: application/json; charset=utf-8
Connection: keep-alive
Source-From: 02
x-powered-by: Express
vary: X-HTTP-Method-Override
etag: W/&quot;89-D+nVDe2XUHrGWefDw5SobRKuI5M&quot;
content-length: 137

21:14:17.308 [AsyncHttpClient-1-3] DEBUG org.asynchttpclient.netty.channel.ChannelManager - Adding key: http://hub-cloud.browserstack.com:80 for channel [id: 0xca0f3c40, L:/192.168.0.148:65103 - R:hub-cloud.browserstack.com/103.126.7.240:80]
21:14:17.310 [Forwarding sendKeysToElement on session eda2ebede5b4f1c4a3da0ae80d76cf0c2ffae504 to remote] DEBUG org.asynchttpclient.netty.request.NettyRequestSender - Using pooled Channel &apos;[id: 0xca0f3c40, L:/192.168.0.148:65103 - R:hub-cloud.browserstack.com/103.126.7.240:80]&apos; for &apos;POST&apos; to &apos;http://sagarvarule_Nv2k8l:xTzj2eNxZytnJbrx1e6C@hub-cloud.browserstack.com/wd/hub/session/eda2ebede5b4f1c4a3da0ae80d76cf0c2ffae504/element/5fcb88f1-c49f-4ee3-b748-d7973f0891cc/value&apos;
21:14:17.310 [Forwarding sendKeysToElement on session eda2ebede5b4f1c4a3da0ae80d76cf0c2ffae504 to remote] DEBUG org.asynchttpclient.netty.request.NettyRequestSender - Using open Channel [id: 0xca0f3c40, L:/192.168.0.148:65103 - R:hub-cloud.browserstack.com/103.126.7.240:80] for POST &apos;/wd/hub/session/eda2ebede5b4f1c4a3da0ae80d76cf0c2ffae504/element/5fcb88f1-c49f-4ee3-b748-d7973f0891cc/value&apos;
21:14:18.069 [AsyncHttpClient-1-3] DEBUG org.asynchttpclient.netty.handler.HttpHandler - 

Request DefaultHttpRequest(decodeResult: success, version: HTTP/1.1)
POST /wd/hub/session/eda2ebede5b4f1c4a3da0ae80d76cf0c2ffae504/element/5fcb88f1-c49f-4ee3-b748-d7973f0891cc/value HTTP/1.1
User-Agent: selenium/4.5.0 (java windows)
Content-Length: 181
Content-Type: application/json; charset=utf-8
host: hub-cloud.browserstack.com
authorization: Basic c2FnYXJ2YXJ1bGVfTnYyazhsOnhUemoyZU54Wnl0bkpicngxZTZD
accept: */*

Response DefaultHttpResponse(decodeResult: success, version: HTTP/1.1)
HTTP/1.1 200 OK
Server: nginx
Date: Thu, 01 Dec 2022 15:44:18 GMT
Content-Type: application/json; charset=utf-8
Connection: keep-alive
Source-From: 02
x-powered-by: Express
vary: X-HTTP-Method-Override
etag: W/&quot;e-9/1BuKMgFObM1mWJm+YjxtXJnUM&quot;
content-length: 14

21:14:18.069 [AsyncHttpClient-1-3] DEBUG org.asynchttpclient.netty.channel.ChannelManager - Adding key: http://hub-cloud.browserstack.com:80 for channel [id: 0xca0f3c40, L:/192.168.0.148:65103 - R:hub-cloud.browserstack.com/103.126.7.240:80]
21:14:18.072 [Forwarding findElement on session eda2ebede5b4f1c4a3da0ae80d76cf0c2ffae504 to remote] DEBUG org.asynchttpclient.netty.request.NettyRequestSender - Using pooled Channel &apos;[id: 0xca0f3c40, L:/192.168.0.148:65103 - R:hub-cloud.browserstack.com/103.126.7.240:80]&apos; for &apos;POST&apos; to &apos;http://sagarvarule_Nv2k8l:xTzj2eNxZytnJbrx1e6C@hub-cloud.browserstack.com/wd/hub/session/eda2ebede5b4f1c4a3da0ae80d76cf0c2ffae504/element&apos;
21:14:18.072 [Forwarding findElement on session eda2ebede5b4f1c4a3da0ae80d76cf0c2ffae504 to remote] DEBUG org.asynchttpclient.netty.request.NettyRequestSender - Using open Channel [id: 0xca0f3c40, L:/192.168.0.148:65103 - R:hub-cloud.browserstack.com/103.126.7.240:80] for POST &apos;/wd/hub/session/eda2ebede5b4f1c4a3da0ae80d76cf0c2ffae504/element&apos;
21:14:18.680 [AsyncHttpClient-1-3] DEBUG org.asynchttpclient.netty.handler.HttpHandler - 

Request DefaultHttpRequest(decodeResult: success, version: HTTP/1.1)
POST /wd/hub/session/eda2ebede5b4f1c4a3da0ae80d76cf0c2ffae504/element HTTP/1.1
User-Agent: selenium/4.5.0 (java windows)
Content-Length: 101
Content-Type: application/json; charset=utf-8
host: hub-cloud.browserstack.com
authorization: Basic c2FnYXJ2YXJ1bGVfTnYyazhsOnhUemoyZU54Wnl0bkpicngxZTZD
accept: */*

Response DefaultHttpResponse(decodeResult: success, version: HTTP/1.1)
HTTP/1.1 200 OK
Server: nginx
Date: Thu, 01 Dec 2022 15:44:18 GMT
Content-Type: application/json; charset=utf-8
Connection: keep-alive
Source-From: 02
x-powered-by: Express
vary: X-HTTP-Method-Override
etag: W/&quot;89-87VKoZoZTbCgKwsdm0dSgMGLi0U&quot;
content-length: 137

21:14:18.680 [AsyncHttpClient-1-3] DEBUG org.asynchttpclient.netty.channel.ChannelManager - Adding key: http://hub-cloud.browserstack.com:80 for channel [id: 0xca0f3c40, L:/192.168.0.148:65103 - R:hub-cloud.browserstack.com/103.126.7.240:80]
21:14:18.681 [Forwarding isElementDisplayed on session eda2ebede5b4f1c4a3da0ae80d76cf0c2ffae504 to remote] DEBUG org.asynchttpclient.netty.request.NettyRequestSender - Using pooled Channel &apos;[id: 0xca0f3c40, L:/192.168.0.148:65103 - R:hub-cloud.browserstack.com/103.126.7.240:80]&apos; for &apos;GET&apos; to &apos;http://sagarvarule_Nv2k8l:xTzj2eNxZytnJbrx1e6C@hub-cloud.browserstack.com/wd/hub/session/eda2ebede5b4f1c4a3da0ae80d76cf0c2ffae504/element/36c6f85e-9588-4227-a69e-32c2c9c11a56/displayed&apos;
21:14:18.682 [Forwarding isElementDisplayed on session eda2ebede5b4f1c4a3da0ae80d76cf0c2ffae504 to remote] DEBUG org.asynchttpclient.netty.request.NettyRequestSender - Using open Channel [id: 0xca0f3c40, L:/192.168.0.148:65103 - R:hub-cloud.browserstack.com/103.126.7.240:80] for GET &apos;/wd/hub/session/eda2ebede5b4f1c4a3da0ae80d76cf0c2ffae504/element/36c6f85e-9588-4227-a69e-32c2c9c11a56/displayed&apos;
21:14:18.760 [AsyncHttpClient-1-3] DEBUG org.asynchttpclient.netty.handler.HttpHandler - 

Request DefaultFullHttpRequest(decodeResult: success, version: HTTP/1.1, content: EmptyByteBufBE)
GET /wd/hub/session/eda2ebede5b4f1c4a3da0ae80d76cf0c2ffae504/element/36c6f85e-9588-4227-a69e-32c2c9c11a56/displayed HTTP/1.1
User-Agent: selenium/4.5.0 (java windows)
Cache-Control: no-cache
Content-Type: application/json; charset=utf-8
host: hub-cloud.browserstack.com
authorization: Basic c2FnYXJ2YXJ1bGVfTnYyazhsOnhUemoyZU54Wnl0bkpicngxZTZD
accept: */*

Response DefaultHttpResponse(decodeResult: success, version: HTTP/1.1)
HTTP/1.1 200 OK
Server: nginx
Date: Thu, 01 Dec 2022 15:44:18 GMT
Content-Type: application/json; charset=utf-8
Connection: keep-alive
Source-From: 02
x-powered-by: Express
etag: W/&quot;e-2ZHvAWebNQpyjGZTg6uyV8/spTo&quot;
content-length: 14

21:14:18.760 [AsyncHttpClient-1-3] DEBUG org.asynchttpclient.netty.channel.ChannelManager - Adding key: http://hub-cloud.browserstack.com:80 for channel [id: 0xca0f3c40, L:/192.168.0.148:65103 - R:hub-cloud.browserstack.com/103.126.7.240:80]
21:14:18.762 [Forwarding findElement on session eda2ebede5b4f1c4a3da0ae80d76cf0c2ffae504 to remote] DEBUG org.asynchttpclient.netty.request.NettyRequestSender - Using pooled Channel &apos;[id: 0xca0f3c40, L:/192.168.0.148:65103 - R:hub-cloud.browserstack.com/103.126.7.240:80]&apos; for &apos;POST&apos; to &apos;http://sagarvarule_Nv2k8l:xTzj2eNxZytnJbrx1e6C@hub-cloud.browserstack.com/wd/hub/session/eda2ebede5b4f1c4a3da0ae80d76cf0c2ffae504/element&apos;
21:14:18.762 [Forwarding findElement on session eda2ebede5b4f1c4a3da0ae80d76cf0c2ffae504 to remote] DEBUG org.asynchttpclient.netty.request.NettyRequestSender - Using open Channel [id: 0xca0f3c40, L:/192.168.0.148:65103 - R:hub-cloud.browserstack.com/103.126.7.240:80] for POST &apos;/wd/hub/session/eda2ebede5b4f1c4a3da0ae80d76cf0c2ffae504/element&apos;
21:14:18.847 [AsyncHttpClient-1-3] DEBUG org.asynchttpclient.netty.handler.HttpHandler - 

Request DefaultHttpRequest(decodeResult: success, version: HTTP/1.1)
POST /wd/hub/session/eda2ebede5b4f1c4a3da0ae80d76cf0c2ffae504/element HTTP/1.1
User-Agent: selenium/4.5.0 (java windows)
Content-Length: 101
Content-Type: application/json; charset=utf-8
host: hub-cloud.browserstack.com
authorization: Basic c2FnYXJ2YXJ1bGVfTnYyazhsOnhUemoyZU54Wnl0bkpicngxZTZD
accept: */*

Response DefaultHttpResponse(decodeResult: success, version: HTTP/1.1)
HTTP/1.1 200 OK
Server: nginx
Date: Thu, 01 Dec 2022 15:44:18 GMT
Content-Type: application/json; charset=utf-8
Connection: keep-alive
Source-From: 02
x-powered-by: Express
vary: X-HTTP-Method-Override
etag: W/&quot;89-3/K8++RyQO6ELk6VrWAXkJZd7mc&quot;
content-length: 137

21:14:18.847 [AsyncHttpClient-1-3] DEBUG org.asynchttpclient.netty.channel.ChannelManager - Adding key: http://hub-cloud.browserstack.com:80 for channel [id: 0xca0f3c40, L:/192.168.0.148:65103 - R:hub-cloud.browserstack.com/103.126.7.240:80]
21:14:18.849 [Forwarding sendKeysToElement on session eda2ebede5b4f1c4a3da0ae80d76cf0c2ffae504 to remote] DEBUG org.asynchttpclient.netty.request.NettyRequestSender - Using pooled Channel &apos;[id: 0xca0f3c40, L:/192.168.0.148:65103 - R:hub-cloud.browserstack.com/103.126.7.240:80]&apos; for &apos;POST&apos; to &apos;http://sagarvarule_Nv2k8l:xTzj2eNxZytnJbrx1e6C@hub-cloud.browserstack.com/wd/hub/session/eda2ebede5b4f1c4a3da0ae80d76cf0c2ffae504/element/ac1b6920-3fa8-467f-a279-091e9b1534af/value&apos;
21:14:18.849 [Forwarding sendKeysToElement on session eda2ebede5b4f1c4a3da0ae80d76cf0c2ffae504 to remote] DEBUG org.asynchttpclient.netty.request.NettyRequestSender - Using open Channel [id: 0xca0f3c40, L:/192.168.0.148:65103 - R:hub-cloud.browserstack.com/103.126.7.240:80] for POST &apos;/wd/hub/session/eda2ebede5b4f1c4a3da0ae80d76cf0c2ffae504/element/ac1b6920-3fa8-467f-a279-091e9b1534af/value&apos;
21:14:19.472 [AsyncHttpClient-1-3] DEBUG org.asynchttpclient.netty.handler.HttpHandler - 

Request DefaultHttpRequest(decodeResult: success, version: HTTP/1.1)
POST /wd/hub/session/eda2ebede5b4f1c4a3da0ae80d76cf0c2ffae504/element/ac1b6920-3fa8-467f-a279-091e9b1534af/value HTTP/1.1
User-Agent: selenium/4.5.0 (java windows)
Content-Length: 82
Content-Type: application/json; charset=utf-8
host: hub-cloud.browserstack.com
authorization: Basic c2FnYXJ2YXJ1bGVfTnYyazhsOnhUemoyZU54Wnl0bkpicngxZTZD
accept: */*

Response DefaultHttpResponse(decodeResult: success, version: HTTP/1.1)
HTTP/1.1 200 OK
Server: nginx
Date: Thu, 01 Dec 2022 15:44:19 GMT
Content-Type: application/json; charset=utf-8
Connection: keep-alive
Source-From: 02
x-powered-by: Express
vary: X-HTTP-Method-Override
etag: W/&quot;e-9/1BuKMgFObM1mWJm+YjxtXJnUM&quot;
content-length: 14

21:14:19.472 [AsyncHttpClient-1-3] DEBUG org.asynchttpclient.netty.channel.ChannelManager - Adding key: http://hub-cloud.browserstack.com:80 for channel [id: 0xca0f3c40, L:/192.168.0.148:65103 - R:hub-cloud.browserstack.com/103.126.7.240:80]
21:14:19.474 [Forwarding findElement on session eda2ebede5b4f1c4a3da0ae80d76cf0c2ffae504 to remote] DEBUG org.asynchttpclient.netty.request.NettyRequestSender - Using pooled Channel &apos;[id: 0xca0f3c40, L:/192.168.0.148:65103 - R:hub-cloud.browserstack.com/103.126.7.240:80]&apos; for &apos;POST&apos; to &apos;http://sagarvarule_Nv2k8l:xTzj2eNxZytnJbrx1e6C@hub-cloud.browserstack.com/wd/hub/session/eda2ebede5b4f1c4a3da0ae80d76cf0c2ffae504/element&apos;
21:14:19.474 [Forwarding findElement on session eda2ebede5b4f1c4a3da0ae80d76cf0c2ffae504 to remote] DEBUG org.asynchttpclient.netty.request.NettyRequestSender - Using open Channel [id: 0xca0f3c40, L:/192.168.0.148:65103 - R:hub-cloud.browserstack.com/103.126.7.240:80] for POST &apos;/wd/hub/session/eda2ebede5b4f1c4a3da0ae80d76cf0c2ffae504/element&apos;
21:14:19.968 [AsyncHttpClient-1-3] DEBUG org.asynchttpclient.netty.handler.HttpHandler - 

Request DefaultHttpRequest(decodeResult: success, version: HTTP/1.1)
POST /wd/hub/session/eda2ebede5b4f1c4a3da0ae80d76cf0c2ffae504/element HTTP/1.1
User-Agent: selenium/4.5.0 (java windows)
Content-Length: 101
Content-Type: application/json; charset=utf-8
host: hub-cloud.browserstack.com
authorization: Basic c2FnYXJ2YXJ1bGVfTnYyazhsOnhUemoyZU54Wnl0bkpicngxZTZD
accept: */*

Response DefaultHttpResponse(decodeResult: success, version: HTTP/1.1)
HTTP/1.1 200 OK
Server: nginx
Date: Thu, 01 Dec 2022 15:44:19 GMT
Content-Type: application/json; charset=utf-8
Connection: keep-alive
Source-From: 02
x-powered-by: Express
vary: X-HTTP-Method-Override
etag: W/&quot;89-h7snBvHbxaBTAZ9LfdbvkKg13TI&quot;
content-length: 137

21:14:19.969 [AsyncHttpClient-1-3] DEBUG org.asynchttpclient.netty.channel.ChannelManager - Adding key: http://hub-cloud.browserstack.com:80 for channel [id: 0xca0f3c40, L:/192.168.0.148:65103 - R:hub-cloud.browserstack.com/103.126.7.240:80]
21:14:19.972 [Forwarding sendKeysToElement on session eda2ebede5b4f1c4a3da0ae80d76cf0c2ffae504 to remote] DEBUG org.asynchttpclient.netty.request.NettyRequestSender - Using pooled Channel &apos;[id: 0xca0f3c40, L:/192.168.0.148:65103 - R:hub-cloud.browserstack.com/103.126.7.240:80]&apos; for &apos;POST&apos; to &apos;http://sagarvarule_Nv2k8l:xTzj2eNxZytnJbrx1e6C@hub-cloud.browserstack.com/wd/hub/session/eda2ebede5b4f1c4a3da0ae80d76cf0c2ffae504/element/37f5f8cd-291f-4d38-9cab-1d6cc8ab4ee9/value&apos;
21:14:19.972 [Forwarding sendKeysToElement on session eda2ebede5b4f1c4a3da0ae80d76cf0c2ffae504 to remote] DEBUG org.asynchttpclient.netty.request.NettyRequestSender - Using open Channel [id: 0xca0f3c40, L:/192.168.0.148:65103 - R:hub-cloud.browserstack.com/103.126.7.240:80] for POST &apos;/wd/hub/session/eda2ebede5b4f1c4a3da0ae80d76cf0c2ffae504/element/37f5f8cd-291f-4d38-9cab-1d6cc8ab4ee9/value&apos;
21:14:20.558 [AsyncHttpClient-1-3] DEBUG org.asynchttpclient.netty.handler.HttpHandler - 

Request DefaultHttpRequest(decodeResult: success, version: HTTP/1.1)
POST /wd/hub/session/eda2ebede5b4f1c4a3da0ae80d76cf0c2ffae504/element/37f5f8cd-291f-4d38-9cab-1d6cc8ab4ee9/value HTTP/1.1
User-Agent: selenium/4.5.0 (java windows)
Content-Length: 82
Content-Type: application/json; charset=utf-8
host: hub-cloud.browserstack.com
authorization: Basic c2FnYXJ2YXJ1bGVfTnYyazhsOnhUemoyZU54Wnl0bkpicngxZTZD
accept: */*

Response DefaultHttpResponse(decodeResult: success, version: HTTP/1.1)
HTTP/1.1 200 OK
Server: nginx
Date: Thu, 01 Dec 2022 15:44:20 GMT
Content-Type: application/json; charset=utf-8
Connection: keep-alive
Source-From: 02
x-powered-by: Express
vary: X-HTTP-Method-Override
etag: W/&quot;e-9/1BuKMgFObM1mWJm+YjxtXJnUM&quot;
content-length: 14

21:14:20.558 [AsyncHttpClient-1-3] DEBUG org.asynchttpclient.netty.channel.ChannelManager - Adding key: http://hub-cloud.browserstack.com:80 for channel [id: 0xca0f3c40, L:/192.168.0.148:65103 - R:hub-cloud.browserstack.com/103.126.7.240:80]
21:14:20.560 [Forwarding findElement on session eda2ebede5b4f1c4a3da0ae80d76cf0c2ffae504 to remote] DEBUG org.asynchttpclient.netty.request.NettyRequestSender - Using pooled Channel &apos;[id: 0xca0f3c40, L:/192.168.0.148:65103 - R:hub-cloud.browserstack.com/103.126.7.240:80]&apos; for &apos;POST&apos; to &apos;http://sagarvarule_Nv2k8l:xTzj2eNxZytnJbrx1e6C@hub-cloud.browserstack.com/wd/hub/session/eda2ebede5b4f1c4a3da0ae80d76cf0c2ffae504/element&apos;
21:14:20.561 [Forwarding findElement on session eda2ebede5b4f1c4a3da0ae80d76cf0c2ffae504 to remote] DEBUG org.asynchttpclient.netty.request.NettyRequestSender - Using open Channel [id: 0xca0f3c40, L:/192.168.0.148:65103 - R:hub-cloud.browserstack.com/103.126.7.240:80] for POST &apos;/wd/hub/session/eda2ebede5b4f1c4a3da0ae80d76cf0c2ffae504/element&apos;
21:14:21.088 [AsyncHttpClient-1-3] DEBUG org.asynchttpclient.netty.handler.HttpHandler - 

Request DefaultHttpRequest(decodeResult: success, version: HTTP/1.1)
POST /wd/hub/session/eda2ebede5b4f1c4a3da0ae80d76cf0c2ffae504/element HTTP/1.1
User-Agent: selenium/4.5.0 (java windows)
Content-Length: 94
Content-Type: application/json; charset=utf-8
host: hub-cloud.browserstack.com
authorization: Basic c2FnYXJ2YXJ1bGVfTnYyazhsOnhUemoyZU54Wnl0bkpicngxZTZD
accept: */*

Response DefaultHttpResponse(decodeResult: success, version: HTTP/1.1)
HTTP/1.1 200 OK
Server: nginx
Date: Thu, 01 Dec 2022 15:44:21 GMT
Content-Type: application/json; charset=utf-8
Connection: keep-alive
Source-From: 02
x-powered-by: Express
vary: X-HTTP-Method-Override
etag: W/&quot;89-8+7U9qPPSLkbvB8DsZsfgINgPyc&quot;
content-length: 137

21:14:21.088 [AsyncHttpClient-1-3] DEBUG org.asynchttpclient.netty.channel.ChannelManager - Adding key: http://hub-cloud.browserstack.com:80 for channel [id: 0xca0f3c40, L:/192.168.0.148:65103 - R:hub-cloud.browserstack.com/103.126.7.240:80]
21:14:21.090 [Forwarding isElementDisplayed on session eda2ebede5b4f1c4a3da0ae80d76cf0c2ffae504 to remote] DEBUG org.asynchttpclient.netty.request.NettyRequestSender - Using pooled Channel &apos;[id: 0xca0f3c40, L:/192.168.0.148:65103 - R:hub-cloud.browserstack.com/103.126.7.240:80]&apos; for &apos;GET&apos; to &apos;http://sagarvarule_Nv2k8l:xTzj2eNxZytnJbrx1e6C@hub-cloud.browserstack.com/wd/hub/session/eda2ebede5b4f1c4a3da0ae80d76cf0c2ffae504/element/a0cd72d4-3aaa-48ee-8d37-9d055a672792/displayed&apos;
21:14:21.090 [Forwarding isElementDisplayed on session eda2ebede5b4f1c4a3da0ae80d76cf0c2ffae504 to remote] DEBUG org.asynchttpclient.netty.request.NettyRequestSender - Using open Channel [id: 0xca0f3c40, L:/192.168.0.148:65103 - R:hub-cloud.browserstack.com/103.126.7.240:80] for GET &apos;/wd/hub/session/eda2ebede5b4f1c4a3da0ae80d76cf0c2ffae504/element/a0cd72d4-3aaa-48ee-8d37-9d055a672792/displayed&apos;
21:14:21.204 [AsyncHttpClient-1-3] DEBUG org.asynchttpclient.netty.handler.HttpHandler - 

Request DefaultFullHttpRequest(decodeResult: success, version: HTTP/1.1, content: EmptyByteBufBE)
GET /wd/hub/session/eda2ebede5b4f1c4a3da0ae80d76cf0c2ffae504/element/a0cd72d4-3aaa-48ee-8d37-9d055a672792/displayed HTTP/1.1
User-Agent: selenium/4.5.0 (java windows)
Cache-Control: no-cache
Content-Type: application/json; charset=utf-8
host: hub-cloud.browserstack.com
authorization: Basic c2FnYXJ2YXJ1bGVfTnYyazhsOnhUemoyZU54Wnl0bkpicngxZTZD
accept: */*

Response DefaultHttpResponse(decodeResult: success, version: HTTP/1.1)
HTTP/1.1 200 OK
Server: nginx
Date: Thu, 01 Dec 2022 15:44:21 GMT
Content-Type: application/json; charset=utf-8
Connection: keep-alive
Source-From: 02
x-powered-by: Express
etag: W/&quot;e-2ZHvAWebNQpyjGZTg6uyV8/spTo&quot;
content-length: 14

21:14:21.204 [AsyncHttpClient-1-3] DEBUG org.asynchttpclient.netty.channel.ChannelManager - Adding key: http://hub-cloud.browserstack.com:80 for channel [id: 0xca0f3c40, L:/192.168.0.148:65103 - R:hub-cloud.browserstack.com/103.126.7.240:80]
21:14:21.206 [Forwarding findElement on session eda2ebede5b4f1c4a3da0ae80d76cf0c2ffae504 to remote] DEBUG org.asynchttpclient.netty.request.NettyRequestSender - Using pooled Channel &apos;[id: 0xca0f3c40, L:/192.168.0.148:65103 - R:hub-cloud.browserstack.com/103.126.7.240:80]&apos; for &apos;POST&apos; to &apos;http://sagarvarule_Nv2k8l:xTzj2eNxZytnJbrx1e6C@hub-cloud.browserstack.com/wd/hub/session/eda2ebede5b4f1c4a3da0ae80d76cf0c2ffae504/element&apos;
21:14:21.206 [Forwarding findElement on session eda2ebede5b4f1c4a3da0ae80d76cf0c2ffae504 to remote] DEBUG org.asynchttpclient.netty.request.NettyRequestSender - Using open Channel [id: 0xca0f3c40, L:/192.168.0.148:65103 - R:hub-cloud.browserstack.com/103.126.7.240:80] for POST &apos;/wd/hub/session/eda2ebede5b4f1c4a3da0ae80d76cf0c2ffae504/element&apos;
21:14:21.327 [AsyncHttpClient-1-3] DEBUG org.asynchttpclient.netty.handler.HttpHandler - 

Request DefaultHttpRequest(decodeResult: success, version: HTTP/1.1)
POST /wd/hub/session/eda2ebede5b4f1c4a3da0ae80d76cf0c2ffae504/element HTTP/1.1
User-Agent: selenium/4.5.0 (java windows)
Content-Length: 94
Content-Type: application/json; charset=utf-8
host: hub-cloud.browserstack.com
authorization: Basic c2FnYXJ2YXJ1bGVfTnYyazhsOnhUemoyZU54Wnl0bkpicngxZTZD
accept: */*

Response DefaultHttpResponse(decodeResult: success, version: HTTP/1.1)
HTTP/1.1 200 OK
Server: nginx
Date: Thu, 01 Dec 2022 15:44:21 GMT
Content-Type: application/json; charset=utf-8
Connection: keep-alive
Source-From: 02
x-powered-by: Express
vary: X-HTTP-Method-Override
etag: W/&quot;89-Q6ZnkS8Bl2xhLnRiRaTFsU+6QEg&quot;
content-length: 137

21:14:21.327 [AsyncHttpClient-1-3] DEBUG org.asynchttpclient.netty.channel.ChannelManager - Adding key: http://hub-cloud.browserstack.com:80 for channel [id: 0xca0f3c40, L:/192.168.0.148:65103 - R:hub-cloud.browserstack.com/103.126.7.240:80]
21:14:21.329 [Forwarding isElementEnabled on session eda2ebede5b4f1c4a3da0ae80d76cf0c2ffae504 to remote] DEBUG org.asynchttpclient.netty.request.NettyRequestSender - Using pooled Channel &apos;[id: 0xca0f3c40, L:/192.168.0.148:65103 - R:hub-cloud.browserstack.com/103.126.7.240:80]&apos; for &apos;GET&apos; to &apos;http://sagarvarule_Nv2k8l:xTzj2eNxZytnJbrx1e6C@hub-cloud.browserstack.com/wd/hub/session/eda2ebede5b4f1c4a3da0ae80d76cf0c2ffae504/element/1a4024f6-25b3-4f64-96c5-76c5a6b2f830/enabled&apos;
21:14:21.329 [Forwarding isElementEnabled on session eda2ebede5b4f1c4a3da0ae80d76cf0c2ffae504 to remote] DEBUG org.asynchttpclient.netty.request.NettyRequestSender - Using open Channel [id: 0xca0f3c40, L:/192.168.0.148:65103 - R:hub-cloud.browserstack.com/103.126.7.240:80] for GET &apos;/wd/hub/session/eda2ebede5b4f1c4a3da0ae80d76cf0c2ffae504/element/1a4024f6-25b3-4f64-96c5-76c5a6b2f830/enabled&apos;
21:14:21.465 [AsyncHttpClient-1-3] DEBUG org.asynchttpclient.netty.handler.HttpHandler - 

Request DefaultFullHttpRequest(decodeResult: success, version: HTTP/1.1, content: EmptyByteBufBE)
GET /wd/hub/session/eda2ebede5b4f1c4a3da0ae80d76cf0c2ffae504/element/1a4024f6-25b3-4f64-96c5-76c5a6b2f830/enabled HTTP/1.1
User-Agent: selenium/4.5.0 (java windows)
Cache-Control: no-cache
Content-Type: application/json; charset=utf-8
host: hub-cloud.browserstack.com
authorization: Basic c2FnYXJ2YXJ1bGVfTnYyazhsOnhUemoyZU54Wnl0bkpicngxZTZD
accept: */*

Response DefaultHttpResponse(decodeResult: success, version: HTTP/1.1)
HTTP/1.1 200 OK
Server: nginx
Date: Thu, 01 Dec 2022 15:44:21 GMT
Content-Type: application/json; charset=utf-8
Connection: keep-alive
Source-From: 02
x-powered-by: Express
etag: W/&quot;e-2ZHvAWebNQpyjGZTg6uyV8/spTo&quot;
content-length: 14

21:14:21.466 [AsyncHttpClient-1-3] DEBUG org.asynchttpclient.netty.channel.ChannelManager - Adding key: http://hub-cloud.browserstack.com:80 for channel [id: 0xca0f3c40, L:/192.168.0.148:65103 - R:hub-cloud.browserstack.com/103.126.7.240:80]
21:14:21.467 [Forwarding findElement on session eda2ebede5b4f1c4a3da0ae80d76cf0c2ffae504 to remote] DEBUG org.asynchttpclient.netty.request.NettyRequestSender - Using pooled Channel &apos;[id: 0xca0f3c40, L:/192.168.0.148:65103 - R:hub-cloud.browserstack.com/103.126.7.240:80]&apos; for &apos;POST&apos; to &apos;http://sagarvarule_Nv2k8l:xTzj2eNxZytnJbrx1e6C@hub-cloud.browserstack.com/wd/hub/session/eda2ebede5b4f1c4a3da0ae80d76cf0c2ffae504/element&apos;
21:14:21.467 [Forwarding findElement on session eda2ebede5b4f1c4a3da0ae80d76cf0c2ffae504 to remote] DEBUG org.asynchttpclient.netty.request.NettyRequestSender - Using open Channel [id: 0xca0f3c40, L:/192.168.0.148:65103 - R:hub-cloud.browserstack.com/103.126.7.240:80] for POST &apos;/wd/hub/session/eda2ebede5b4f1c4a3da0ae80d76cf0c2ffae504/element&apos;
21:14:21.548 [AsyncHttpClient-1-3] DEBUG org.asynchttpclient.netty.handler.HttpHandler - 

Request DefaultHttpRequest(decodeResult: success, version: HTTP/1.1)
POST /wd/hub/session/eda2ebede5b4f1c4a3da0ae80d76cf0c2ffae504/element HTTP/1.1
User-Agent: selenium/4.5.0 (java windows)
Content-Length: 94
Content-Type: application/json; charset=utf-8
host: hub-cloud.browserstack.com
authorization: Basic c2FnYXJ2YXJ1bGVfTnYyazhsOnhUemoyZU54Wnl0bkpicngxZTZD
accept: */*

Response DefaultHttpResponse(decodeResult: success, version: HTTP/1.1)
HTTP/1.1 200 OK
Server: nginx
Date: Thu, 01 Dec 2022 15:44:21 GMT
Content-Type: application/json; charset=utf-8
Connection: keep-alive
Source-From: 02
x-powered-by: Express
vary: X-HTTP-Method-Override
etag: W/&quot;89-+n3YZYl0CvZdeVj62zqF7ZDjhZY&quot;
content-length: 137

21:14:21.548 [AsyncHttpClient-1-3] DEBUG org.asynchttpclient.netty.channel.ChannelManager - Adding key: http://hub-cloud.browserstack.com:80 for channel [id: 0xca0f3c40, L:/192.168.0.148:65103 - R:hub-cloud.browserstack.com/103.126.7.240:80]
21:14:21.550 [Forwarding clickElement on session eda2ebede5b4f1c4a3da0ae80d76cf0c2ffae504 to remote] DEBUG org.asynchttpclient.netty.request.NettyRequestSender - Using pooled Channel &apos;[id: 0xca0f3c40, L:/192.168.0.148:65103 - R:hub-cloud.browserstack.com/103.126.7.240:80]&apos; for &apos;POST&apos; to &apos;http://sagarvarule_Nv2k8l:xTzj2eNxZytnJbrx1e6C@hub-cloud.browserstack.com/wd/hub/session/eda2ebede5b4f1c4a3da0ae80d76cf0c2ffae504/element/dbfc3b3d-8c37-40c9-aae7-fff0b2a12cb0/click&apos;
21:14:21.550 [Forwarding clickElement on session eda2ebede5b4f1c4a3da0ae80d76cf0c2ffae504 to remote] DEBUG org.asynchttpclient.netty.request.NettyRequestSender - Using open Channel [id: 0xca0f3c40, L:/192.168.0.148:65103 - R:hub-cloud.browserstack.com/103.126.7.240:80] for POST &apos;/wd/hub/session/eda2ebede5b4f1c4a3da0ae80d76cf0c2ffae504/element/dbfc3b3d-8c37-40c9-aae7-fff0b2a12cb0/click&apos;
21:14:21.645 [AsyncHttpClient-1-3] DEBUG org.asynchttpclient.netty.handler.HttpHandler - 

Request DefaultHttpRequest(decodeResult: success, version: HTTP/1.1)
POST /wd/hub/session/eda2ebede5b4f1c4a3da0ae80d76cf0c2ffae504/element/dbfc3b3d-8c37-40c9-aae7-fff0b2a12cb0/click HTTP/1.1
User-Agent: selenium/4.5.0 (java windows)
Content-Length: 50
Content-Type: application/json; charset=utf-8
host: hub-cloud.browserstack.com
authorization: Basic c2FnYXJ2YXJ1bGVfTnYyazhsOnhUemoyZU54Wnl0bkpicngxZTZD
accept: */*

Response DefaultHttpResponse(decodeResult: success, version: HTTP/1.1)
HTTP/1.1 200 OK
Server: nginx
Date: Thu, 01 Dec 2022 15:44:21 GMT
Content-Type: application/json; charset=utf-8
Connection: keep-alive
Source-From: 02
x-powered-by: Express
vary: X-HTTP-Method-Override
etag: W/&quot;e-9/1BuKMgFObM1mWJm+YjxtXJnUM&quot;
content-length: 14

21:14:21.645 [AsyncHttpClient-1-3] DEBUG org.asynchttpclient.netty.channel.ChannelManager - Adding key: http://hub-cloud.browserstack.com:80 for channel [id: 0xca0f3c40, L:/192.168.0.148:65103 - R:hub-cloud.browserstack.com/103.126.7.240:80]
  &amp;#27;[32mWhen &amp;#27;[0m&amp;#27;[32mI add Note with &amp;#27;[0m&amp;#27;[32m&amp;#27;[1m&quot;testTitle3&quot;&amp;#27;[0m&amp;#27;[32m and &amp;#27;[0m&amp;#27;[32m&amp;#27;[1m&quot;file:largetextFile.txt&quot;&amp;#27;[0m    &amp;#27;[90m# com.example.cocusmobiletest.stepdefinitions.NewNoteStepdefs.I_add_Note_with_and(java.lang.String,java.lang.String)&amp;#27;[0m
21:14:21.648 [Forwarding findElement on session eda2ebede5b4f1c4a3da0ae80d76cf0c2ffae504 to remote] DEBUG org.asynchttpclient.netty.request.NettyRequestSender - Using pooled Channel &apos;[id: 0xca0f3c40, L:/192.168.0.148:65103 - R:hub-cloud.browserstack.com/103.126.7.240:80]&apos; for &apos;POST&apos; to &apos;http://sagarvarule_Nv2k8l:xTzj2eNxZytnJbrx1e6C@hub-cloud.browserstack.com/wd/hub/session/eda2ebede5b4f1c4a3da0ae80d76cf0c2ffae504/element&apos;
21:14:21.648 [Forwarding findElement on session eda2ebede5b4f1c4a3da0ae80d76cf0c2ffae504 to remote] DEBUG org.asynchttpclient.netty.request.NettyRequestSender - Using open Channel [id: 0xca0f3c40, L:/192.168.0.148:65103 - R:hub-cloud.browserstack.com/103.126.7.240:80] for POST &apos;/wd/hub/session/eda2ebede5b4f1c4a3da0ae80d76cf0c2ffae504/element&apos;
21:14:23.797 [AsyncHttpClient-1-3] DEBUG org.asynchttpclient.netty.handler.HttpHandler - 

Request DefaultHttpRequest(decodeResult: success, version: HTTP/1.1)
POST /wd/hub/session/eda2ebede5b4f1c4a3da0ae80d76cf0c2ffae504/element HTTP/1.1
User-Agent: selenium/4.5.0 (java windows)
Content-Length: 94
Content-Type: application/json; charset=utf-8
host: hub-cloud.browserstack.com
authorization: Basic c2FnYXJ2YXJ1bGVfTnYyazhsOnhUemoyZU54Wnl0bkpicngxZTZD
accept: */*

Response DefaultHttpResponse(decodeResult: success, version: HTTP/1.1)
HTTP/1.1 200 OK
Server: nginx
Date: Thu, 01 Dec 2022 15:44:23 GMT
Content-Type: application/json; charset=utf-8
Connection: keep-alive
Source-From: 02
x-powered-by: Express
vary: X-HTTP-Method-Override
etag: W/&quot;89-vqA95NrMA90HKGorUNRQ25h6+pk&quot;
content-length: 137

21:14:23.797 [AsyncHttpClient-1-3] DEBUG org.asynchttpclient.netty.channel.ChannelManager - Adding key: http://hub-cloud.browserstack.com:80 for channel [id: 0xca0f3c40, L:/192.168.0.148:65103 - R:hub-cloud.browserstack.com/103.126.7.240:80]
21:14:23.799 [Forwarding isElementDisplayed on session eda2ebede5b4f1c4a3da0ae80d76cf0c2ffae504 to remote] DEBUG org.asynchttpclient.netty.request.NettyRequestSender - Using pooled Channel &apos;[id: 0xca0f3c40, L:/192.168.0.148:65103 - R:hub-cloud.browserstack.com/103.126.7.240:80]&apos; for &apos;GET&apos; to &apos;http://sagarvarule_Nv2k8l:xTzj2eNxZytnJbrx1e6C@hub-cloud.browserstack.com/wd/hub/session/eda2ebede5b4f1c4a3da0ae80d76cf0c2ffae504/element/78a59241-a908-415d-b49a-d2d389327840/displayed&apos;
21:14:23.799 [Forwarding isElementDisplayed on session eda2ebede5b4f1c4a3da0ae80d76cf0c2ffae504 to remote] DEBUG org.asynchttpclient.netty.request.NettyRequestSender - Using open Channel [id: 0xca0f3c40, L:/192.168.0.148:65103 - R:hub-cloud.browserstack.com/103.126.7.240:80] for GET &apos;/wd/hub/session/eda2ebede5b4f1c4a3da0ae80d76cf0c2ffae504/element/78a59241-a908-415d-b49a-d2d389327840/displayed&apos;
21:14:23.886 [AsyncHttpClient-1-3] DEBUG org.asynchttpclient.netty.handler.HttpHandler - 

Request DefaultFullHttpRequest(decodeResult: success, version: HTTP/1.1, content: EmptyByteBufBE)
GET /wd/hub/session/eda2ebede5b4f1c4a3da0ae80d76cf0c2ffae504/element/78a59241-a908-415d-b49a-d2d389327840/displayed HTTP/1.1
User-Agent: selenium/4.5.0 (java windows)
Cache-Control: no-cache
Content-Type: application/json; charset=utf-8
host: hub-cloud.browserstack.com
authorization: Basic c2FnYXJ2YXJ1bGVfTnYyazhsOnhUemoyZU54Wnl0bkpicngxZTZD
accept: */*

Response DefaultHttpResponse(decodeResult: success, version: HTTP/1.1)
HTTP/1.1 200 OK
Server: nginx
Date: Thu, 01 Dec 2022 15:44:23 GMT
Content-Type: application/json; charset=utf-8
Connection: keep-alive
Source-From: 02
x-powered-by: Express
etag: W/&quot;e-2ZHvAWebNQpyjGZTg6uyV8/spTo&quot;
content-length: 14

21:14:23.886 [AsyncHttpClient-1-3] DEBUG org.asynchttpclient.netty.channel.ChannelManager - Adding key: http://hub-cloud.browserstack.com:80 for channel [id: 0xca0f3c40, L:/192.168.0.148:65103 - R:hub-cloud.browserstack.com/103.126.7.240:80]
21:14:23.887 [Forwarding findElement on session eda2ebede5b4f1c4a3da0ae80d76cf0c2ffae504 to remote] DEBUG org.asynchttpclient.netty.request.NettyRequestSender - Using pooled Channel &apos;[id: 0xca0f3c40, L:/192.168.0.148:65103 - R:hub-cloud.browserstack.com/103.126.7.240:80]&apos; for &apos;POST&apos; to &apos;http://sagarvarule_Nv2k8l:xTzj2eNxZytnJbrx1e6C@hub-cloud.browserstack.com/wd/hub/session/eda2ebede5b4f1c4a3da0ae80d76cf0c2ffae504/element&apos;
21:14:23.888 [Forwarding findElement on session eda2ebede5b4f1c4a3da0ae80d76cf0c2ffae504 to remote] DEBUG org.asynchttpclient.netty.request.NettyRequestSender - Using open Channel [id: 0xca0f3c40, L:/192.168.0.148:65103 - R:hub-cloud.browserstack.com/103.126.7.240:80] for POST &apos;/wd/hub/session/eda2ebede5b4f1c4a3da0ae80d76cf0c2ffae504/element&apos;
21:14:23.969 [AsyncHttpClient-1-3] DEBUG org.asynchttpclient.netty.handler.HttpHandler - 

Request DefaultHttpRequest(decodeResult: success, version: HTTP/1.1)
POST /wd/hub/session/eda2ebede5b4f1c4a3da0ae80d76cf0c2ffae504/element HTTP/1.1
User-Agent: selenium/4.5.0 (java windows)
Content-Length: 94
Content-Type: application/json; charset=utf-8
host: hub-cloud.browserstack.com
authorization: Basic c2FnYXJ2YXJ1bGVfTnYyazhsOnhUemoyZU54Wnl0bkpicngxZTZD
accept: */*

Response DefaultHttpResponse(decodeResult: success, version: HTTP/1.1)
HTTP/1.1 200 OK
Server: nginx
Date: Thu, 01 Dec 2022 15:44:23 GMT
Content-Type: application/json; charset=utf-8
Connection: keep-alive
Source-From: 02
x-powered-by: Express
vary: X-HTTP-Method-Override
etag: W/&quot;89-FlQam9P16BO8LYkIXvTv9E0598A&quot;
content-length: 137

21:14:23.969 [AsyncHttpClient-1-3] DEBUG org.asynchttpclient.netty.channel.ChannelManager - Adding key: http://hub-cloud.browserstack.com:80 for channel [id: 0xca0f3c40, L:/192.168.0.148:65103 - R:hub-cloud.browserstack.com/103.126.7.240:80]
21:14:23.970 [Forwarding isElementEnabled on session eda2ebede5b4f1c4a3da0ae80d76cf0c2ffae504 to remote] DEBUG org.asynchttpclient.netty.request.NettyRequestSender - Using pooled Channel &apos;[id: 0xca0f3c40, L:/192.168.0.148:65103 - R:hub-cloud.browserstack.com/103.126.7.240:80]&apos; for &apos;GET&apos; to &apos;http://sagarvarule_Nv2k8l:xTzj2eNxZytnJbrx1e6C@hub-cloud.browserstack.com/wd/hub/session/eda2ebede5b4f1c4a3da0ae80d76cf0c2ffae504/element/81dab4aa-7c05-4782-8295-86cd023de098/enabled&apos;
21:14:23.971 [Forwarding isElementEnabled on session eda2ebede5b4f1c4a3da0ae80d76cf0c2ffae504 to remote] DEBUG org.asynchttpclient.netty.request.NettyRequestSender - Using open Channel [id: 0xca0f3c40, L:/192.168.0.148:65103 - R:hub-cloud.browserstack.com/103.126.7.240:80] for GET &apos;/wd/hub/session/eda2ebede5b4f1c4a3da0ae80d76cf0c2ffae504/element/81dab4aa-7c05-4782-8295-86cd023de098/enabled&apos;
21:14:24.049 [AsyncHttpClient-1-3] DEBUG org.asynchttpclient.netty.handler.HttpHandler - 

Request DefaultFullHttpRequest(decodeResult: success, version: HTTP/1.1, content: EmptyByteBufBE)
GET /wd/hub/session/eda2ebede5b4f1c4a3da0ae80d76cf0c2ffae504/element/81dab4aa-7c05-4782-8295-86cd023de098/enabled HTTP/1.1
User-Agent: selenium/4.5.0 (java windows)
Cache-Control: no-cache
Content-Type: application/json; charset=utf-8
host: hub-cloud.browserstack.com
authorization: Basic c2FnYXJ2YXJ1bGVfTnYyazhsOnhUemoyZU54Wnl0bkpicngxZTZD
accept: */*

Response DefaultHttpResponse(decodeResult: success, version: HTTP/1.1)
HTTP/1.1 200 OK
Server: nginx
Date: Thu, 01 Dec 2022 15:44:24 GMT
Content-Type: application/json; charset=utf-8
Connection: keep-alive
Source-From: 02
x-powered-by: Express
etag: W/&quot;e-2ZHvAWebNQpyjGZTg6uyV8/spTo&quot;
content-length: 14

21:14:24.049 [AsyncHttpClient-1-3] DEBUG org.asynchttpclient.netty.channel.ChannelManager - Adding key: http://hub-cloud.browserstack.com:80 for channel [id: 0xca0f3c40, L:/192.168.0.148:65103 - R:hub-cloud.browserstack.com/103.126.7.240:80]
21:14:24.051 [Forwarding findElement on session eda2ebede5b4f1c4a3da0ae80d76cf0c2ffae504 to remote] DEBUG org.asynchttpclient.netty.request.NettyRequestSender - Using pooled Channel &apos;[id: 0xca0f3c40, L:/192.168.0.148:65103 - R:hub-cloud.browserstack.com/103.126.7.240:80]&apos; for &apos;POST&apos; to &apos;http://sagarvarule_Nv2k8l:xTzj2eNxZytnJbrx1e6C@hub-cloud.browserstack.com/wd/hub/session/eda2ebede5b4f1c4a3da0ae80d76cf0c2ffae504/element&apos;
21:14:24.051 [Forwarding findElement on session eda2ebede5b4f1c4a3da0ae80d76cf0c2ffae504 to remote] DEBUG org.asynchttpclient.netty.request.NettyRequestSender - Using open Channel [id: 0xca0f3c40, L:/192.168.0.148:65103 - R:hub-cloud.browserstack.com/103.126.7.240:80] for POST &apos;/wd/hub/session/eda2ebede5b4f1c4a3da0ae80d76cf0c2ffae504/element&apos;
21:14:24.141 [AsyncHttpClient-1-3] DEBUG org.asynchttpclient.netty.handler.HttpHandler - 

Request DefaultHttpRequest(decodeResult: success, version: HTTP/1.1)
POST /wd/hub/session/eda2ebede5b4f1c4a3da0ae80d76cf0c2ffae504/element HTTP/1.1
User-Agent: selenium/4.5.0 (java windows)
Content-Length: 94
Content-Type: application/json; charset=utf-8
host: hub-cloud.browserstack.com
authorization: Basic c2FnYXJ2YXJ1bGVfTnYyazhsOnhUemoyZU54Wnl0bkpicngxZTZD
accept: */*

Response DefaultHttpResponse(decodeResult: success, version: HTTP/1.1)
HTTP/1.1 200 OK
Server: nginx
Date: Thu, 01 Dec 2022 15:44:24 GMT
Content-Type: application/json; charset=utf-8
Connection: keep-alive
Source-From: 02
x-powered-by: Express
vary: X-HTTP-Method-Override
etag: W/&quot;89-1RkPGE3+0oPh3eaFOdRGI7Mu/tk&quot;
content-length: 137

21:14:24.141 [AsyncHttpClient-1-3] DEBUG org.asynchttpclient.netty.channel.ChannelManager - Adding key: http://hub-cloud.browserstack.com:80 for channel [id: 0xca0f3c40, L:/192.168.0.148:65103 - R:hub-cloud.browserstack.com/103.126.7.240:80]
21:14:24.143 [Forwarding isElementDisplayed on session eda2ebede5b4f1c4a3da0ae80d76cf0c2ffae504 to remote] DEBUG org.asynchttpclient.netty.request.NettyRequestSender - Using pooled Channel &apos;[id: 0xca0f3c40, L:/192.168.0.148:65103 - R:hub-cloud.browserstack.com/103.126.7.240:80]&apos; for &apos;GET&apos; to &apos;http://sagarvarule_Nv2k8l:xTzj2eNxZytnJbrx1e6C@hub-cloud.browserstack.com/wd/hub/session/eda2ebede5b4f1c4a3da0ae80d76cf0c2ffae504/element/ff74d239-1043-416b-87f5-14aefb4ced44/displayed&apos;
21:14:24.144 [Forwarding isElementDisplayed on session eda2ebede5b4f1c4a3da0ae80d76cf0c2ffae504 to remote] DEBUG org.asynchttpclient.netty.request.NettyRequestSender - Using open Channel [id: 0xca0f3c40, L:/192.168.0.148:65103 - R:hub-cloud.browserstack.com/103.126.7.240:80] for GET &apos;/wd/hub/session/eda2ebede5b4f1c4a3da0ae80d76cf0c2ffae504/element/ff74d239-1043-416b-87f5-14aefb4ced44/displayed&apos;
21:14:24.228 [AsyncHttpClient-1-3] DEBUG org.asynchttpclient.netty.handler.HttpHandler - 

Request DefaultFullHttpRequest(decodeResult: success, version: HTTP/1.1, content: EmptyByteBufBE)
GET /wd/hub/session/eda2ebede5b4f1c4a3da0ae80d76cf0c2ffae504/element/ff74d239-1043-416b-87f5-14aefb4ced44/displayed HTTP/1.1
User-Agent: selenium/4.5.0 (java windows)
Cache-Control: no-cache
Content-Type: application/json; charset=utf-8
host: hub-cloud.browserstack.com
authorization: Basic c2FnYXJ2YXJ1bGVfTnYyazhsOnhUemoyZU54Wnl0bkpicngxZTZD
accept: */*

Response DefaultHttpResponse(decodeResult: success, version: HTTP/1.1)
HTTP/1.1 200 OK
Server: nginx
Date: Thu, 01 Dec 2022 15:44:24 GMT
Content-Type: application/json; charset=utf-8
Connection: keep-alive
Source-From: 02
x-powered-by: Express
etag: W/&quot;e-2ZHvAWebNQpyjGZTg6uyV8/spTo&quot;
content-length: 14

21:14:24.228 [AsyncHttpClient-1-3] DEBUG org.asynchttpclient.netty.channel.ChannelManager - Adding key: http://hub-cloud.browserstack.com:80 for channel [id: 0xca0f3c40, L:/192.168.0.148:65103 - R:hub-cloud.browserstack.com/103.126.7.240:80]
21:14:24.230 [Forwarding findElement on session eda2ebede5b4f1c4a3da0ae80d76cf0c2ffae504 to remote] DEBUG org.asynchttpclient.netty.request.NettyRequestSender - Using pooled Channel &apos;[id: 0xca0f3c40, L:/192.168.0.148:65103 - R:hub-cloud.browserstack.com/103.126.7.240:80]&apos; for &apos;POST&apos; to &apos;http://sagarvarule_Nv2k8l:xTzj2eNxZytnJbrx1e6C@hub-cloud.browserstack.com/wd/hub/session/eda2ebede5b4f1c4a3da0ae80d76cf0c2ffae504/element&apos;
21:14:24.230 [Forwarding findElement on session eda2ebede5b4f1c4a3da0ae80d76cf0c2ffae504 to remote] DEBUG org.asynchttpclient.netty.request.NettyRequestSender - Using open Channel [id: 0xca0f3c40, L:/192.168.0.148:65103 - R:hub-cloud.browserstack.com/103.126.7.240:80] for POST &apos;/wd/hub/session/eda2ebede5b4f1c4a3da0ae80d76cf0c2ffae504/element&apos;
21:14:24.308 [AsyncHttpClient-1-3] DEBUG org.asynchttpclient.netty.handler.HttpHandler - 

Request DefaultHttpRequest(decodeResult: success, version: HTTP/1.1)
POST /wd/hub/session/eda2ebede5b4f1c4a3da0ae80d76cf0c2ffae504/element HTTP/1.1
User-Agent: selenium/4.5.0 (java windows)
Content-Length: 94
Content-Type: application/json; charset=utf-8
host: hub-cloud.browserstack.com
authorization: Basic c2FnYXJ2YXJ1bGVfTnYyazhsOnhUemoyZU54Wnl0bkpicngxZTZD
accept: */*

Response DefaultHttpResponse(decodeResult: success, version: HTTP/1.1)
HTTP/1.1 200 OK
Server: nginx
Date: Thu, 01 Dec 2022 15:44:24 GMT
Content-Type: application/json; charset=utf-8
Connection: keep-alive
Source-From: 02
x-powered-by: Express
vary: X-HTTP-Method-Override
etag: W/&quot;89-AZt2HgFaIs0gewb4piKJ2wV4+V4&quot;
content-length: 137

21:14:24.308 [AsyncHttpClient-1-3] DEBUG org.asynchttpclient.netty.channel.ChannelManager - Adding key: http://hub-cloud.browserstack.com:80 for channel [id: 0xca0f3c40, L:/192.168.0.148:65103 - R:hub-cloud.browserstack.com/103.126.7.240:80]
21:14:24.309 [Forwarding isElementEnabled on session eda2ebede5b4f1c4a3da0ae80d76cf0c2ffae504 to remote] DEBUG org.asynchttpclient.netty.request.NettyRequestSender - Using pooled Channel &apos;[id: 0xca0f3c40, L:/192.168.0.148:65103 - R:hub-cloud.browserstack.com/103.126.7.240:80]&apos; for &apos;GET&apos; to &apos;http://sagarvarule_Nv2k8l:xTzj2eNxZytnJbrx1e6C@hub-cloud.browserstack.com/wd/hub/session/eda2ebede5b4f1c4a3da0ae80d76cf0c2ffae504/element/16bfa874-a175-49f8-9cf3-e70bc97515ff/enabled&apos;
21:14:24.310 [Forwarding isElementEnabled on session eda2ebede5b4f1c4a3da0ae80d76cf0c2ffae504 to remote] DEBUG org.asynchttpclient.netty.request.NettyRequestSender - Using open Channel [id: 0xca0f3c40, L:/192.168.0.148:65103 - R:hub-cloud.browserstack.com/103.126.7.240:80] for GET &apos;/wd/hub/session/eda2ebede5b4f1c4a3da0ae80d76cf0c2ffae504/element/16bfa874-a175-49f8-9cf3-e70bc97515ff/enabled&apos;
21:14:24.402 [AsyncHttpClient-1-3] DEBUG org.asynchttpclient.netty.handler.HttpHandler - 

Request DefaultFullHttpRequest(decodeResult: success, version: HTTP/1.1, content: EmptyByteBufBE)
GET /wd/hub/session/eda2ebede5b4f1c4a3da0ae80d76cf0c2ffae504/element/16bfa874-a175-49f8-9cf3-e70bc97515ff/enabled HTTP/1.1
User-Agent: selenium/4.5.0 (java windows)
Cache-Control: no-cache
Content-Type: application/json; charset=utf-8
host: hub-cloud.browserstack.com
authorization: Basic c2FnYXJ2YXJ1bGVfTnYyazhsOnhUemoyZU54Wnl0bkpicngxZTZD
accept: */*

Response DefaultHttpResponse(decodeResult: success, version: HTTP/1.1)
HTTP/1.1 200 OK
Server: nginx
Date: Thu, 01 Dec 2022 15:44:24 GMT
Content-Type: application/json; charset=utf-8
Connection: keep-alive
Source-From: 02
x-powered-by: Express
etag: W/&quot;e-2ZHvAWebNQpyjGZTg6uyV8/spTo&quot;
content-length: 14

21:14:24.403 [AsyncHttpClient-1-3] DEBUG org.asynchttpclient.netty.channel.ChannelManager - Adding key: http://hub-cloud.browserstack.com:80 for channel [id: 0xca0f3c40, L:/192.168.0.148:65103 - R:hub-cloud.browserstack.com/103.126.7.240:80]
21:14:24.405 [Forwarding findElements on session eda2ebede5b4f1c4a3da0ae80d76cf0c2ffae504 to remote] DEBUG org.asynchttpclient.netty.request.NettyRequestSender - Using pooled Channel &apos;[id: 0xca0f3c40, L:/192.168.0.148:65103 - R:hub-cloud.browserstack.com/103.126.7.240:80]&apos; for &apos;POST&apos; to &apos;http://sagarvarule_Nv2k8l:xTzj2eNxZytnJbrx1e6C@hub-cloud.browserstack.com/wd/hub/session/eda2ebede5b4f1c4a3da0ae80d76cf0c2ffae504/elements&apos;
21:14:24.405 [Forwarding findElements on session eda2ebede5b4f1c4a3da0ae80d76cf0c2ffae504 to remote] DEBUG org.asynchttpclient.netty.request.NettyRequestSender - Using open Channel [id: 0xca0f3c40, L:/192.168.0.148:65103 - R:hub-cloud.browserstack.com/103.126.7.240:80] for POST &apos;/wd/hub/session/eda2ebede5b4f1c4a3da0ae80d76cf0c2ffae504/elements&apos;
21:14:24.511 [AsyncHttpClient-1-3] DEBUG org.asynchttpclient.netty.handler.HttpHandler - 

Request DefaultHttpRequest(decodeResult: success, version: HTTP/1.1)
POST /wd/hub/session/eda2ebede5b4f1c4a3da0ae80d76cf0c2ffae504/elements HTTP/1.1
User-Agent: selenium/4.5.0 (java windows)
Content-Length: 98
Content-Type: application/json; charset=utf-8
host: hub-cloud.browserstack.com
authorization: Basic c2FnYXJ2YXJ1bGVfTnYyazhsOnhUemoyZU54Wnl0bkpicngxZTZD
accept: */*

Response DefaultHttpResponse(decodeResult: success, version: HTTP/1.1)
HTTP/1.1 200 OK
Server: nginx
Date: Thu, 01 Dec 2022 15:44:24 GMT
Content-Type: application/json; charset=utf-8
Connection: keep-alive
Source-From: 02
x-powered-by: Express
vary: X-HTTP-Method-Override
etag: W/&quot;20b-myg6TYqh5dYmQmfE20UNnMP7qT0&quot;
content-length: 523

21:14:24.511 [AsyncHttpClient-1-3] DEBUG org.asynchttpclient.netty.channel.ChannelManager - Adding key: http://hub-cloud.browserstack.com:80 for channel [id: 0xca0f3c40, L:/192.168.0.148:65103 - R:hub-cloud.browserstack.com/103.126.7.240:80]
21:14:24.513 [Forwarding getElementText on session eda2ebede5b4f1c4a3da0ae80d76cf0c2ffae504 to remote] DEBUG org.asynchttpclient.netty.request.NettyRequestSender - Using pooled Channel &apos;[id: 0xca0f3c40, L:/192.168.0.148:65103 - R:hub-cloud.browserstack.com/103.126.7.240:80]&apos; for &apos;GET&apos; to &apos;http://sagarvarule_Nv2k8l:xTzj2eNxZytnJbrx1e6C@hub-cloud.browserstack.com/wd/hub/session/eda2ebede5b4f1c4a3da0ae80d76cf0c2ffae504/element/095603b6-7fd0-4081-9397-51bc5b28deb1/text&apos;
21:14:24.513 [Forwarding getElementText on session eda2ebede5b4f1c4a3da0ae80d76cf0c2ffae504 to remote] DEBUG org.asynchttpclient.netty.request.NettyRequestSender - Using open Channel [id: 0xca0f3c40, L:/192.168.0.148:65103 - R:hub-cloud.browserstack.com/103.126.7.240:80] for GET &apos;/wd/hub/session/eda2ebede5b4f1c4a3da0ae80d76cf0c2ffae504/element/095603b6-7fd0-4081-9397-51bc5b28deb1/text&apos;
21:14:24.603 [AsyncHttpClient-1-3] DEBUG org.asynchttpclient.netty.handler.HttpHandler - 

Request DefaultFullHttpRequest(decodeResult: success, version: HTTP/1.1, content: EmptyByteBufBE)
GET /wd/hub/session/eda2ebede5b4f1c4a3da0ae80d76cf0c2ffae504/element/095603b6-7fd0-4081-9397-51bc5b28deb1/text HTTP/1.1
User-Agent: selenium/4.5.0 (java windows)
Cache-Control: no-cache
Content-Type: application/json; charset=utf-8
host: hub-cloud.browserstack.com
authorization: Basic c2FnYXJ2YXJ1bGVfTnYyazhsOnhUemoyZU54Wnl0bkpicngxZTZD
accept: */*

Response DefaultHttpResponse(decodeResult: success, version: HTTP/1.1)
HTTP/1.1 200 OK
Server: nginx
Date: Thu, 01 Dec 2022 15:44:24 GMT
Content-Type: application/json; charset=utf-8
Connection: keep-alive
Source-From: 02
x-powered-by: Express
etag: W/&quot;54-oj7fHWbA3018KhedvYxdGgP+awA&quot;
content-length: 88

21:14:24.603 [AsyncHttpClient-1-3] DEBUG org.asynchttpclient.netty.channel.ChannelManager - Adding key: http://hub-cloud.browserstack.com:80 for channel [id: 0xca0f3c40, L:/192.168.0.148:65103 - R:hub-cloud.browserstack.com/103.126.7.240:80]
21:14:24.605 [Forwarding getElementText on session eda2ebede5b4f1c4a3da0ae80d76cf0c2ffae504 to remote] DEBUG org.asynchttpclient.netty.request.NettyRequestSender - Using pooled Channel &apos;[id: 0xca0f3c40, L:/192.168.0.148:65103 - R:hub-cloud.browserstack.com/103.126.7.240:80]&apos; for &apos;GET&apos; to &apos;http://sagarvarule_Nv2k8l:xTzj2eNxZytnJbrx1e6C@hub-cloud.browserstack.com/wd/hub/session/eda2ebede5b4f1c4a3da0ae80d76cf0c2ffae504/element/42d29974-1b48-41f5-a062-8d78d9568860/text&apos;
21:14:24.605 [Forwarding getElementText on session eda2ebede5b4f1c4a3da0ae80d76cf0c2ffae504 to remote] DEBUG org.asynchttpclient.netty.request.NettyRequestSender - Using open Channel [id: 0xca0f3c40, L:/192.168.0.148:65103 - R:hub-cloud.browserstack.com/103.126.7.240:80] for GET &apos;/wd/hub/session/eda2ebede5b4f1c4a3da0ae80d76cf0c2ffae504/element/42d29974-1b48-41f5-a062-8d78d9568860/text&apos;
21:14:24.691 [AsyncHttpClient-1-3] DEBUG org.asynchttpclient.netty.handler.HttpHandler - 

Request DefaultFullHttpRequest(decodeResult: success, version: HTTP/1.1, content: EmptyByteBufBE)
GET /wd/hub/session/eda2ebede5b4f1c4a3da0ae80d76cf0c2ffae504/element/42d29974-1b48-41f5-a062-8d78d9568860/text HTTP/1.1
User-Agent: selenium/4.5.0 (java windows)
Cache-Control: no-cache
Content-Type: application/json; charset=utf-8
host: hub-cloud.browserstack.com
authorization: Basic c2FnYXJ2YXJ1bGVfTnYyazhsOnhUemoyZU54Wnl0bkpicngxZTZD
accept: */*

Response DefaultHttpResponse(decodeResult: success, version: HTTP/1.1)
HTTP/1.1 200 OK
Server: nginx
Date: Thu, 01 Dec 2022 15:44:24 GMT
Content-Type: application/json; charset=utf-8
Connection: keep-alive
Source-From: 02
x-powered-by: Express
etag: W/&quot;54-aOLcWQ8fyE1l4YsWD26+CgqVgSU&quot;
content-length: 88

21:14:24.691 [AsyncHttpClient-1-3] DEBUG org.asynchttpclient.netty.channel.ChannelManager - Adding key: http://hub-cloud.browserstack.com:80 for channel [id: 0xca0f3c40, L:/192.168.0.148:65103 - R:hub-cloud.browserstack.com/103.126.7.240:80]
21:14:24.696 [Forwarding findElement on session eda2ebede5b4f1c4a3da0ae80d76cf0c2ffae504 to remote] DEBUG org.asynchttpclient.netty.request.NettyRequestSender - Using pooled Channel &apos;[id: 0xca0f3c40, L:/192.168.0.148:65103 - R:hub-cloud.browserstack.com/103.126.7.240:80]&apos; for &apos;POST&apos; to &apos;http://sagarvarule_Nv2k8l:xTzj2eNxZytnJbrx1e6C@hub-cloud.browserstack.com/wd/hub/session/eda2ebede5b4f1c4a3da0ae80d76cf0c2ffae504/element&apos;
21:14:24.697 [Forwarding findElement on session eda2ebede5b4f1c4a3da0ae80d76cf0c2ffae504 to remote] DEBUG org.asynchttpclient.netty.request.NettyRequestSender - Using open Channel [id: 0xca0f3c40, L:/192.168.0.148:65103 - R:hub-cloud.browserstack.com/103.126.7.240:80] for POST &apos;/wd/hub/session/eda2ebede5b4f1c4a3da0ae80d76cf0c2ffae504/element&apos;
21:14:24.818 [AsyncHttpClient-1-3] DEBUG org.asynchttpclient.netty.handler.HttpHandler - 

Request DefaultHttpRequest(decodeResult: success, version: HTTP/1.1)
POST /wd/hub/session/eda2ebede5b4f1c4a3da0ae80d76cf0c2ffae504/element HTTP/1.1
User-Agent: selenium/4.5.0 (java windows)
Content-Length: 94
Content-Type: application/json; charset=utf-8
host: hub-cloud.browserstack.com
authorization: Basic c2FnYXJ2YXJ1bGVfTnYyazhsOnhUemoyZU54Wnl0bkpicngxZTZD
accept: */*

Response DefaultHttpResponse(decodeResult: success, version: HTTP/1.1)
HTTP/1.1 200 OK
Server: nginx
Date: Thu, 01 Dec 2022 15:44:24 GMT
Content-Type: application/json; charset=utf-8
Connection: keep-alive
Source-From: 02
x-powered-by: Express
vary: X-HTTP-Method-Override
etag: W/&quot;89-gO/iMpiz8sNapEiJd1T0Ifk4eQE&quot;
content-length: 137

21:14:24.819 [AsyncHttpClient-1-3] DEBUG org.asynchttpclient.netty.channel.ChannelManager - Adding key: http://hub-cloud.browserstack.com:80 for channel [id: 0xca0f3c40, L:/192.168.0.148:65103 - R:hub-cloud.browserstack.com/103.126.7.240:80]
21:14:24.820 [Forwarding isElementDisplayed on session eda2ebede5b4f1c4a3da0ae80d76cf0c2ffae504 to remote] DEBUG org.asynchttpclient.netty.request.NettyRequestSender - Using pooled Channel &apos;[id: 0xca0f3c40, L:/192.168.0.148:65103 - R:hub-cloud.browserstack.com/103.126.7.240:80]&apos; for &apos;GET&apos; to &apos;http://sagarvarule_Nv2k8l:xTzj2eNxZytnJbrx1e6C@hub-cloud.browserstack.com/wd/hub/session/eda2ebede5b4f1c4a3da0ae80d76cf0c2ffae504/element/e9764242-5b75-4624-9f32-80d6c6b46755/displayed&apos;
21:14:24.821 [Forwarding isElementDisplayed on session eda2ebede5b4f1c4a3da0ae80d76cf0c2ffae504 to remote] DEBUG org.asynchttpclient.netty.request.NettyRequestSender - Using open Channel [id: 0xca0f3c40, L:/192.168.0.148:65103 - R:hub-cloud.browserstack.com/103.126.7.240:80] for GET &apos;/wd/hub/session/eda2ebede5b4f1c4a3da0ae80d76cf0c2ffae504/element/e9764242-5b75-4624-9f32-80d6c6b46755/displayed&apos;
21:14:24.908 [AsyncHttpClient-1-3] DEBUG org.asynchttpclient.netty.handler.HttpHandler - 

Request DefaultFullHttpRequest(decodeResult: success, version: HTTP/1.1, content: EmptyByteBufBE)
GET /wd/hub/session/eda2ebede5b4f1c4a3da0ae80d76cf0c2ffae504/element/e9764242-5b75-4624-9f32-80d6c6b46755/displayed HTTP/1.1
User-Agent: selenium/4.5.0 (java windows)
Cache-Control: no-cache
Content-Type: application/json; charset=utf-8
host: hub-cloud.browserstack.com
authorization: Basic c2FnYXJ2YXJ1bGVfTnYyazhsOnhUemoyZU54Wnl0bkpicngxZTZD
accept: */*

Response DefaultHttpResponse(decodeResult: success, version: HTTP/1.1)
HTTP/1.1 200 OK
Server: nginx
Date: Thu, 01 Dec 2022 15:44:24 GMT
Content-Type: application/json; charset=utf-8
Connection: keep-alive
Source-From: 02
x-powered-by: Express
etag: W/&quot;e-2ZHvAWebNQpyjGZTg6uyV8/spTo&quot;
content-length: 14

21:14:24.908 [AsyncHttpClient-1-3] DEBUG org.asynchttpclient.netty.channel.ChannelManager - Adding key: http://hub-cloud.browserstack.com:80 for channel [id: 0xca0f3c40, L:/192.168.0.148:65103 - R:hub-cloud.browserstack.com/103.126.7.240:80]
21:14:24.911 [Forwarding findElement on session eda2ebede5b4f1c4a3da0ae80d76cf0c2ffae504 to remote] DEBUG org.asynchttpclient.netty.request.NettyRequestSender - Using pooled Channel &apos;[id: 0xca0f3c40, L:/192.168.0.148:65103 - R:hub-cloud.browserstack.com/103.126.7.240:80]&apos; for &apos;POST&apos; to &apos;http://sagarvarule_Nv2k8l:xTzj2eNxZytnJbrx1e6C@hub-cloud.browserstack.com/wd/hub/session/eda2ebede5b4f1c4a3da0ae80d76cf0c2ffae504/element&apos;
21:14:24.912 [Forwarding findElement on session eda2ebede5b4f1c4a3da0ae80d76cf0c2ffae504 to remote] DEBUG org.asynchttpclient.netty.request.NettyRequestSender - Using open Channel [id: 0xca0f3c40, L:/192.168.0.148:65103 - R:hub-cloud.browserstack.com/103.126.7.240:80] for POST &apos;/wd/hub/session/eda2ebede5b4f1c4a3da0ae80d76cf0c2ffae504/element&apos;
21:14:25.005 [AsyncHttpClient-1-3] DEBUG org.asynchttpclient.netty.handler.HttpHandler - 

Request DefaultHttpRequest(decodeResult: success, version: HTTP/1.1)
POST /wd/hub/session/eda2ebede5b4f1c4a3da0ae80d76cf0c2ffae504/element HTTP/1.1
User-Agent: selenium/4.5.0 (java windows)
Content-Length: 94
Content-Type: application/json; charset=utf-8
host: hub-cloud.browserstack.com
authorization: Basic c2FnYXJ2YXJ1bGVfTnYyazhsOnhUemoyZU54Wnl0bkpicngxZTZD
accept: */*

Response DefaultHttpResponse(decodeResult: success, version: HTTP/1.1)
HTTP/1.1 200 OK
Server: nginx
Date: Thu, 01 Dec 2022 15:44:25 GMT
Content-Type: application/json; charset=utf-8
Connection: close
Source-From: 02
x-powered-by: Express
vary: X-HTTP-Method-Override
etag: W/&quot;89-eleLV5nsRhu9kfY65ZefkAfIKSc&quot;
content-length: 137

21:14:25.005 [AsyncHttpClient-1-3] DEBUG org.asynchttpclient.netty.channel.ChannelManager - Closing Channel [id: 0xca0f3c40, L:/192.168.0.148:65103 - R:hub-cloud.browserstack.com/103.126.7.240:80] 
21:14:25.006 [AsyncHttpClient-1-3] DEBUG org.asynchttpclient.netty.handler.HttpHandler - Channel Closed: [id: 0xca0f3c40, L:/192.168.0.148:65103 ! R:hub-cloud.browserstack.com/103.126.7.240:80] with attribute DISCARD
21:14:25.066 [AsyncHttpClient-1-4] DEBUG org.asynchttpclient.netty.channel.NettyConnectListener - Using new Channel &apos;[id: 0x9686cea6, L:/192.168.0.148:65120 - R:hub-cloud.browserstack.com/103.126.7.240:80]&apos; for &apos;GET&apos; to &apos;/wd/hub/session/eda2ebede5b4f1c4a3da0ae80d76cf0c2ffae504/element/8cfb0b1d-06c6-4425-9523-c2432aaeef66/enabled&apos;
21:14:25.149 [AsyncHttpClient-1-4] DEBUG org.asynchttpclient.netty.handler.HttpHandler - 

Request DefaultFullHttpRequest(decodeResult: success, version: HTTP/1.1, content: EmptyByteBufBE)
GET /wd/hub/session/eda2ebede5b4f1c4a3da0ae80d76cf0c2ffae504/element/8cfb0b1d-06c6-4425-9523-c2432aaeef66/enabled HTTP/1.1
User-Agent: selenium/4.5.0 (java windows)
Cache-Control: no-cache
Content-Type: application/json; charset=utf-8
host: hub-cloud.browserstack.com
authorization: Basic c2FnYXJ2YXJ1bGVfTnYyazhsOnhUemoyZU54Wnl0bkpicngxZTZD
accept: */*

Response DefaultHttpResponse(decodeResult: success, version: HTTP/1.1)
HTTP/1.1 200 OK
Server: nginx
Date: Thu, 01 Dec 2022 15:44:25 GMT
Content-Type: application/json; charset=utf-8
Connection: keep-alive
Source-From: 02
x-powered-by: Express
etag: W/&quot;e-2ZHvAWebNQpyjGZTg6uyV8/spTo&quot;
content-length: 14

21:14:25.149 [AsyncHttpClient-1-4] DEBUG org.asynchttpclient.netty.channel.ChannelManager - Adding key: http://hub-cloud.browserstack.com:80 for channel [id: 0x9686cea6, L:/192.168.0.148:65120 - R:hub-cloud.browserstack.com/103.126.7.240:80]
21:14:25.151 [Forwarding findElements on session eda2ebede5b4f1c4a3da0ae80d76cf0c2ffae504 to remote] DEBUG org.asynchttpclient.netty.request.NettyRequestSender - Using pooled Channel &apos;[id: 0x9686cea6, L:/192.168.0.148:65120 - R:hub-cloud.browserstack.com/103.126.7.240:80]&apos; for &apos;POST&apos; to &apos;http://sagarvarule_Nv2k8l:xTzj2eNxZytnJbrx1e6C@hub-cloud.browserstack.com/wd/hub/session/eda2ebede5b4f1c4a3da0ae80d76cf0c2ffae504/elements&apos;
21:14:25.151 [Forwarding findElements on session eda2ebede5b4f1c4a3da0ae80d76cf0c2ffae504 to remote] DEBUG org.asynchttpclient.netty.request.NettyRequestSender - Using open Channel [id: 0x9686cea6, L:/192.168.0.148:65120 - R:hub-cloud.browserstack.com/103.126.7.240:80] for POST &apos;/wd/hub/session/eda2ebede5b4f1c4a3da0ae80d76cf0c2ffae504/elements&apos;
21:14:25.242 [AsyncHttpClient-1-4] DEBUG org.asynchttpclient.netty.handler.HttpHandler - 

Request DefaultHttpRequest(decodeResult: success, version: HTTP/1.1)
POST /wd/hub/session/eda2ebede5b4f1c4a3da0ae80d76cf0c2ffae504/elements HTTP/1.1
User-Agent: selenium/4.5.0 (java windows)
Content-Length: 104
Content-Type: application/json; charset=utf-8
host: hub-cloud.browserstack.com
authorization: Basic c2FnYXJ2YXJ1bGVfTnYyazhsOnhUemoyZU54Wnl0bkpicngxZTZD
accept: */*

Response DefaultHttpResponse(decodeResult: success, version: HTTP/1.1)
HTTP/1.1 200 OK
Server: nginx
Date: Thu, 01 Dec 2022 15:44:25 GMT
Content-Type: application/json; charset=utf-8
Connection: keep-alive
Source-From: 02
x-powered-by: Express
vary: X-HTTP-Method-Override
etag: W/&quot;18b-NyKKMfGdTorEcmDXgi7mMl0OmYg&quot;
content-length: 395

21:14:25.242 [AsyncHttpClient-1-4] DEBUG org.asynchttpclient.netty.channel.ChannelManager - Adding key: http://hub-cloud.browserstack.com:80 for channel [id: 0x9686cea6, L:/192.168.0.148:65120 - R:hub-cloud.browserstack.com/103.126.7.240:80]
21:14:25.243 [Forwarding getElementText on session eda2ebede5b4f1c4a3da0ae80d76cf0c2ffae504 to remote] DEBUG org.asynchttpclient.netty.request.NettyRequestSender - Using pooled Channel &apos;[id: 0x9686cea6, L:/192.168.0.148:65120 - R:hub-cloud.browserstack.com/103.126.7.240:80]&apos; for &apos;GET&apos; to &apos;http://sagarvarule_Nv2k8l:xTzj2eNxZytnJbrx1e6C@hub-cloud.browserstack.com/wd/hub/session/eda2ebede5b4f1c4a3da0ae80d76cf0c2ffae504/element/93339c38-de85-4d99-8db1-36a14247b0ce/text&apos;
21:14:25.243 [Forwarding getElementText on session eda2ebede5b4f1c4a3da0ae80d76cf0c2ffae504 to remote] DEBUG org.asynchttpclient.netty.request.NettyRequestSender - Using open Channel [id: 0x9686cea6, L:/192.168.0.148:65120 - R:hub-cloud.browserstack.com/103.126.7.240:80] for GET &apos;/wd/hub/session/eda2ebede5b4f1c4a3da0ae80d76cf0c2ffae504/element/93339c38-de85-4d99-8db1-36a14247b0ce/text&apos;
21:14:25.316 [AsyncHttpClient-1-4] DEBUG org.asynchttpclient.netty.handler.HttpHandler - 

Request DefaultFullHttpRequest(decodeResult: success, version: HTTP/1.1, content: EmptyByteBufBE)
GET /wd/hub/session/eda2ebede5b4f1c4a3da0ae80d76cf0c2ffae504/element/93339c38-de85-4d99-8db1-36a14247b0ce/text HTTP/1.1
User-Agent: selenium/4.5.0 (java windows)
Cache-Control: no-cache
Content-Type: application/json; charset=utf-8
host: hub-cloud.browserstack.com
authorization: Basic c2FnYXJ2YXJ1bGVfTnYyazhsOnhUemoyZU54Wnl0bkpicngxZTZD
accept: */*

Response DefaultHttpResponse(decodeResult: success, version: HTTP/1.1)
HTTP/1.1 200 OK
Server: nginx
Date: Thu, 01 Dec 2022 15:44:25 GMT
Content-Type: application/json; charset=utf-8
Connection: keep-alive
Source-From: 02
x-powered-by: Express
etag: W/&quot;5a-GvXeh18F1eJpkTXJHTybzQgzRXY&quot;
content-length: 94

21:14:25.317 [AsyncHttpClient-1-4] DEBUG org.asynchttpclient.netty.channel.ChannelManager - Adding key: http://hub-cloud.browserstack.com:80 for channel [id: 0x9686cea6, L:/192.168.0.148:65120 - R:hub-cloud.browserstack.com/103.126.7.240:80]
21:14:25.318 [Forwarding getElementText on session eda2ebede5b4f1c4a3da0ae80d76cf0c2ffae504 to remote] DEBUG org.asynchttpclient.netty.request.NettyRequestSender - Using pooled Channel &apos;[id: 0x9686cea6, L:/192.168.0.148:65120 - R:hub-cloud.browserstack.com/103.126.7.240:80]&apos; for &apos;GET&apos; to &apos;http://sagarvarule_Nv2k8l:xTzj2eNxZytnJbrx1e6C@hub-cloud.browserstack.com/wd/hub/session/eda2ebede5b4f1c4a3da0ae80d76cf0c2ffae504/element/da8efaa2-7e74-44d2-aebf-4d2639fcd4cd/text&apos;
21:14:25.318 [Forwarding getElementText on session eda2ebede5b4f1c4a3da0ae80d76cf0c2ffae504 to remote] DEBUG org.asynchttpclient.netty.request.NettyRequestSender - Using open Channel [id: 0x9686cea6, L:/192.168.0.148:65120 - R:hub-cloud.browserstack.com/103.126.7.240:80] for GET &apos;/wd/hub/session/eda2ebede5b4f1c4a3da0ae80d76cf0c2ffae504/element/da8efaa2-7e74-44d2-aebf-4d2639fcd4cd/text&apos;
21:14:25.395 [AsyncHttpClient-1-4] DEBUG org.asynchttpclient.netty.handler.HttpHandler - 

Request DefaultFullHttpRequest(decodeResult: success, version: HTTP/1.1, content: EmptyByteBufBE)
GET /wd/hub/session/eda2ebede5b4f1c4a3da0ae80d76cf0c2ffae504/element/da8efaa2-7e74-44d2-aebf-4d2639fcd4cd/text HTTP/1.1
User-Agent: selenium/4.5.0 (java windows)
Cache-Control: no-cache
Content-Type: application/json; charset=utf-8
host: hub-cloud.browserstack.com
authorization: Basic c2FnYXJ2YXJ1bGVfTnYyazhsOnhUemoyZU54Wnl0bkpicngxZTZD
accept: */*

Response DefaultHttpResponse(decodeResult: success, version: HTTP/1.1)
HTTP/1.1 200 OK
Server: nginx
Date: Thu, 01 Dec 2022 15:44:25 GMT
Content-Type: application/json; charset=utf-8
Connection: keep-alive
Source-From: 02
x-powered-by: Express
etag: W/&quot;60-Vl3RzAGrd+PIHAA3BJAcjkRpkKU&quot;
content-length: 100

21:14:25.395 [AsyncHttpClient-1-4] DEBUG org.asynchttpclient.netty.channel.ChannelManager - Adding key: http://hub-cloud.browserstack.com:80 for channel [id: 0x9686cea6, L:/192.168.0.148:65120 - R:hub-cloud.browserstack.com/103.126.7.240:80]
21:14:25.396 [Forwarding getElementText on session eda2ebede5b4f1c4a3da0ae80d76cf0c2ffae504 to remote] DEBUG org.asynchttpclient.netty.request.NettyRequestSender - Using pooled Channel &apos;[id: 0x9686cea6, L:/192.168.0.148:65120 - R:hub-cloud.browserstack.com/103.126.7.240:80]&apos; for &apos;GET&apos; to &apos;http://sagarvarule_Nv2k8l:xTzj2eNxZytnJbrx1e6C@hub-cloud.browserstack.com/wd/hub/session/eda2ebede5b4f1c4a3da0ae80d76cf0c2ffae504/element/7930ee7e-2431-43ee-ade6-594f608ad0b4/text&apos;
21:14:25.396 [Forwarding getElementText on session eda2ebede5b4f1c4a3da0ae80d76cf0c2ffae504 to remote] DEBUG org.asynchttpclient.netty.request.NettyRequestSender - Using open Channel [id: 0x9686cea6, L:/192.168.0.148:65120 - R:hub-cloud.browserstack.com/103.126.7.240:80] for GET &apos;/wd/hub/session/eda2ebede5b4f1c4a3da0ae80d76cf0c2ffae504/element/7930ee7e-2431-43ee-ade6-594f608ad0b4/text&apos;
21:14:25.482 [AsyncHttpClient-1-4] DEBUG org.asynchttpclient.netty.handler.HttpHandler - 

Request DefaultFullHttpRequest(decodeResult: success, version: HTTP/1.1, content: EmptyByteBufBE)
GET /wd/hub/session/eda2ebede5b4f1c4a3da0ae80d76cf0c2ffae504/element/7930ee7e-2431-43ee-ade6-594f608ad0b4/text HTTP/1.1
User-Agent: selenium/4.5.0 (java windows)
Cache-Control: no-cache
Content-Type: application/json; charset=utf-8
host: hub-cloud.browserstack.com
authorization: Basic c2FnYXJ2YXJ1bGVfTnYyazhsOnhUemoyZU54Wnl0bkpicngxZTZD
accept: */*

Response DefaultHttpResponse(decodeResult: success, version: HTTP/1.1)
HTTP/1.1 200 OK
Server: nginx
Date: Thu, 01 Dec 2022 15:44:25 GMT
Content-Type: application/json; charset=utf-8
Connection: keep-alive
Source-From: 02
x-powered-by: Express
etag: W/&quot;60-fNzuiEcnofcR+EVa5Zu25GyRoAA&quot;
content-length: 100

21:14:25.482 [AsyncHttpClient-1-4] DEBUG org.asynchttpclient.netty.channel.ChannelManager - Adding key: http://hub-cloud.browserstack.com:80 for channel [id: 0x9686cea6, L:/192.168.0.148:65120 - R:hub-cloud.browserstack.com/103.126.7.240:80]
  &amp;#27;[31mThen &amp;#27;[0m&amp;#27;[31mVerify note is added successfully with title and description&amp;#27;[0m &amp;#27;[90m# com.example.cocusmobiletest.stepdefinitions.NewNoteStepdefs.Verify_note_is_added_successfully_with_title_and_description()&amp;#27;[0m
      &amp;#27;[31mjava.lang.AssertionError: Expected Note with title and description not present
	at org.junit.Assert.fail(Assert.java:88)
	at org.junit.Assert.assertTrue(Assert.java:41)
	at com.example.cocusmobiletest.stepdefinitions.NewNoteStepdefs.Verify_note_is_added_successfully_with_title_and_description(NewNoteStepdefs.java:69)
	at Ã¢Å“Â½.Verify note is added successfully with title and description(file:///C:/SagarV/Projects/COCUS-Challenge/cocus-mobiletest-challenge/cocus-mobile-test/src/test/resources/features/AddNotes.feature:28)
&amp;#27;[0m
21:14:25.492 [Forwarding screenshot on session eda2ebede5b4f1c4a3da0ae80d76cf0c2ffae504 to remote] DEBUG org.asynchttpclient.netty.request.NettyRequestSender - Using pooled Channel &apos;[id: 0x9686cea6, L:/192.168.0.148:65120 - R:hub-cloud.browserstack.com/103.126.7.240:80]&apos; for &apos;GET&apos; to &apos;http://sagarvarule_Nv2k8l:xTzj2eNxZytnJbrx1e6C@hub-cloud.browserstack.com/wd/hub/session/eda2ebede5b4f1c4a3da0ae80d76cf0c2ffae504/screenshot&apos;
21:14:25.492 [Forwarding screenshot on session eda2ebede5b4f1c4a3da0ae80d76cf0c2ffae504 to remote] DEBUG org.asynchttpclient.netty.request.NettyRequestSender - Using open Channel [id: 0x9686cea6, L:/192.168.0.148:65120 - R:hub-cloud.browserstack.com/103.126.7.240:80] for GET &apos;/wd/hub/session/eda2ebede5b4f1c4a3da0ae80d76cf0c2ffae504/screenshot&apos;
21:14:25.986 [AsyncHttpClient-1-4] DEBUG org.asynchttpclient.netty.handler.HttpHandler - 

Request DefaultFullHttpRequest(decodeResult: success, version: HTTP/1.1, content: EmptyByteBufBE)
GET /wd/hub/session/eda2ebede5b4f1c4a3da0ae80d76cf0c2ffae504/screenshot HTTP/1.1
User-Agent: selenium/4.5.0 (java windows)
Cache-Control: no-cache
Content-Type: application/json; charset=utf-8
host: hub-cloud.browserstack.com
authorization: Basic c2FnYXJ2YXJ1bGVfTnYyazhsOnhUemoyZU54Wnl0bkpicngxZTZD
accept: */*

Response DefaultHttpResponse(decodeResult: success, version: HTTP/1.1)
HTTP/1.1 200 OK
Server: nginx
Date: Thu, 01 Dec 2022 15:44:25 GMT
Content-Type: application/json; charset=utf-8
Connection: keep-alive
Source-From: 02
x-powered-by: Express
etag: W/&quot;1b0f2-3nv4x46hLQAs3NJhRL/o9Dl8Op0&quot;
content-length: 110834

21:14:26.315 [AsyncHttpClient-1-4] DEBUG org.asynchttpclient.netty.channel.ChannelManager - Adding key: http://hub-cloud.browserstack.com:80 for channel [id: 0x9686cea6, L:/192.168.0.148:65120 - R:hub-cloud.browserstack.com/103.126.7.240:80]

    Embedding Large text file as Note [image/png 80985 bytes]

</system-out>
    <system-err>java.nio.file.AccessDeniedException: src\test\resources\testdata
	at java.base/sun.nio.fs.WindowsException.translateToIOException(WindowsException.java:89)
	at java.base/sun.nio.fs.WindowsException.rethrowAsIOException(WindowsException.java:103)
	at java.base/sun.nio.fs.WindowsException.rethrowAsIOException(WindowsException.java:108)
	at java.base/sun.nio.fs.WindowsFileSystemProvider.newByteChannel(WindowsFileSystemProvider.java:236)
	at java.base/java.nio.file.Files.newByteChannel(Files.java:380)
	at java.base/java.nio.file.Files.newByteChannel(Files.java:432)
	at java.base/java.nio.file.Files.readAllBytes(Files.java:3288)
	at java.base/java.nio.file.Files.readString(Files.java:3366)
	at java.base/java.nio.file.Files.readString(Files.java:3325)
	at com.example.cocusmobiletest.utils.TestUtils.readFile(TestUtils.java:71)
	at com.example.cocusmobiletest.stepdefinitions.NewNoteStepdefs.I_add_Note_with_and(NewNoteStepdefs.java:174)
	at java.base/jdk.internal.reflect.NativeMethodAccessorImpl.invoke0(Native Method)
	at java.base/jdk.internal.reflect.NativeMethodAccessorImpl.invoke(NativeMethodAccessorImpl.java:77)
	at java.base/jdk.internal.reflect.DelegatingMethodAccessorImpl.invoke(DelegatingMethodAccessorImpl.java:43)
	at java.base/java.lang.reflect.Method.invoke(Method.java:568)
	at io.cucumber.java.Invoker.doInvoke(Invoker.java:66)
	at io.cucumber.java.Invoker.invoke(Invoker.java:24)
	at io.cucumber.java.AbstractGlueDefinition.invokeMethod(AbstractGlueDefinition.java:47)
	at io.cucumber.java.JavaStepDefinition.execute(JavaStepDefinition.java:29)
	at io.cucumber.core.runner.CoreStepDefinition.execute(CoreStepDefinition.java:66)
	at io.cucumber.core.runner.PickleStepDefinitionMatch.runStep(PickleStepDefinitionMatch.java:63)
	at io.cucumber.core.runner.ExecutionMode$1.execute(ExecutionMode.java:10)
	at io.cucumber.core.runner.TestStep.executeStep(TestStep.java:85)
	at io.cucumber.core.runner.TestStep.run(TestStep.java:57)
	at io.cucumber.core.runner.PickleStepTestStep.run(PickleStepTestStep.java:51)
	at io.cucumber.core.runner.TestCase.run(TestCase.java:84)
	at io.cucumber.core.runner.Runner.runPickle(Runner.java:75)
	at io.cucumber.junit.PickleRunners$NoStepDescriptions.lambda$run$0(PickleRunners.java:151)
	at io.cucumber.core.runtime.CucumberExecutionContext.lambda$runTestCase$5(CucumberExecutionContext.java:129)
	at io.cucumber.core.runtime.RethrowingThrowableCollector.executeAndThrow(RethrowingThrowableCollector.java:23)
	at io.cucumber.core.runtime.CucumberExecutionContext.runTestCase(CucumberExecutionContext.java:129)
	at io.cucumber.junit.PickleRunners$NoStepDescriptions.run(PickleRunners.java:148)
	at io.cucumber.junit.FeatureRunner.runChild(FeatureRunner.java:144)
	at io.cucumber.junit.FeatureRunner.runChild(FeatureRunner.java:28)
	at org.junit.runners.ParentRunner$3.run(ParentRunner.java:238)
	at org.junit.runners.ParentRunner$1.schedule(ParentRunner.java:63)
	at org.junit.runners.ParentRunner.runChildren(ParentRunner.java:236)
	at org.junit.runners.ParentRunner.access$000(ParentRunner.java:53)
	at org.junit.runners.ParentRunner$2.evaluate(ParentRunner.java:229)
	at org.junit.runners.ParentRunner.run(ParentRunner.java:309)
	at io.cucumber.junit.FeatureRunner.run(FeatureRunner.java:137)
	at io.cucumber.junit.Cucumber.runChild(Cucumber.java:196)
	at io.cucumber.junit.Cucumber.runChild(Cucumber.java:89)
	at org.junit.runners.ParentRunner$3.run(ParentRunner.java:238)
	at org.junit.runners.ParentRunner$1.schedule(ParentRunner.java:63)
	at org.junit.runners.ParentRunner.runChildren(ParentRunner.java:236)
	at org.junit.runners.ParentRunner.access$000(ParentRunner.java:53)
	at org.junit.runners.ParentRunner$2.evaluate(ParentRunner.java:229)
	at io.cucumber.junit.Cucumber$RunBeforeAllHooks.evaluate(Cucumber.java:266)
	at io.cucumber.junit.Cucumber$RunAfterAllHooks.evaluate(Cucumber.java:281)
	at io.cucumber.junit.Cucumber$StartTestRun.evaluate(Cucumber.java:233)
	at io.cucumber.junit.Cucumber$FinishTestRun.evaluate(Cucumber.java:248)
	at org.junit.runners.ParentRunner.run(ParentRunner.java:309)
	at org.apache.maven.surefire.junit4.JUnit4Provider.execute(JUnit4Provider.java:252)
	at org.apache.maven.surefire.junit4.JUnit4Provider.executeTestSet(JUnit4Provider.java:141)
	at org.apache.maven.surefire.junit4.JUnit4Provider.invoke(JUnit4Provider.java:112)
	at java.base/jdk.internal.reflect.NativeMethodAccessorImpl.invoke0(Native Method)
	at java.base/jdk.internal.reflect.NativeMethodAccessorImpl.invoke(NativeMethodAccessorImpl.java:77)
	at java.base/jdk.internal.reflect.DelegatingMethodAccessorImpl.invoke(DelegatingMethodAccessorImpl.java:43)
	at java.base/java.lang.reflect.Method.invoke(Method.java:568)
	at org.apache.maven.surefire.util.ReflectionUtils.invokeMethodWithArray(ReflectionUtils.java:189)
	at org.apache.maven.surefire.booter.ProviderFactory$ProviderProxy.invoke(ProviderFactory.java:165)
	at org.apache.maven.surefire.booter.ProviderFactory.invokeProvider(ProviderFactory.java:85)
	at org.apache.maven.surefire.booter.ForkedBooter.runSuitesInProcess(ForkedBooter.java:115)
	at org.apache.maven.surefire.booter.ForkedBooter.main(ForkedBooter.java:75)
</system-err>
  </testcase>
  <testcase classname="Add Notes" name="Add Note from API" time="13.091"/>
  <testcase classname="Add Notes" name="Note are Persisted after Add Image" time="16.693">
    <failure message="Expected Note with title and description not present" type="java.lang.AssertionError">java.lang.AssertionError: Expected Note with title and description not present
	at org.junit.Assert.fail(Assert.java:88)
	at org.junit.Assert.assertTrue(Assert.java:41)
	at com.example.cocusmobiletest.stepdefinitions.NewNoteStepdefs.Verify_note_is_added_successfully_with_title_and_description(NewNoteStepdefs.java:69)
	at âœ½.Verify note is added successfully with title and description(file:///C:/SagarV/Projects/COCUS-Challenge/cocus-mobiletest-challenge/cocus-mobile-test/src/test/resources/features/AddNotes.feature:42)
</failure>
    <system-out>
Scenario: Note are Persisted after Add Image                            &amp;#27;[90m# src/test/resources/features/AddNotes.feature:39&amp;#27;[0m
21:14:39.461 [Forwarding findElement on session eda2ebede5b4f1c4a3da0ae80d76cf0c2ffae504 to remote] DEBUG org.asynchttpclient.netty.request.NettyRequestSender - Using pooled Channel &apos;[id: 0x9686cea6, L:/192.168.0.148:65120 - R:hub-cloud.browserstack.com/103.126.7.240:80]&apos; for &apos;POST&apos; to &apos;http://sagarvarule_Nv2k8l:xTzj2eNxZytnJbrx1e6C@hub-cloud.browserstack.com/wd/hub/session/eda2ebede5b4f1c4a3da0ae80d76cf0c2ffae504/element&apos;
21:14:39.461 [Forwarding findElement on session eda2ebede5b4f1c4a3da0ae80d76cf0c2ffae504 to remote] DEBUG org.asynchttpclient.netty.request.NettyRequestSender - Using open Channel [id: 0x9686cea6, L:/192.168.0.148:65120 - R:hub-cloud.browserstack.com/103.126.7.240:80] for POST &apos;/wd/hub/session/eda2ebede5b4f1c4a3da0ae80d76cf0c2ffae504/element&apos;
21:14:39.541 [AsyncHttpClient-1-4] DEBUG org.asynchttpclient.netty.handler.HttpHandler - 

Request DefaultHttpRequest(decodeResult: success, version: HTTP/1.1)
POST /wd/hub/session/eda2ebede5b4f1c4a3da0ae80d76cf0c2ffae504/element HTTP/1.1
User-Agent: selenium/4.5.0 (java windows)
Content-Length: 94
Content-Type: application/json; charset=utf-8
host: hub-cloud.browserstack.com
authorization: Basic c2FnYXJ2YXJ1bGVfTnYyazhsOnhUemoyZU54Wnl0bkpicngxZTZD
accept: */*

Response DefaultHttpResponse(decodeResult: success, version: HTTP/1.1)
HTTP/1.1 200 OK
Server: nginx
Date: Thu, 01 Dec 2022 15:44:39 GMT
Content-Type: application/json; charset=utf-8
Connection: keep-alive
Source-From: 02
x-powered-by: Express
vary: X-HTTP-Method-Override
etag: W/&quot;89-HDhfujhAfRuYlAf5T4taKHhMWfk&quot;
content-length: 137

21:14:39.542 [AsyncHttpClient-1-4] DEBUG org.asynchttpclient.netty.channel.ChannelManager - Adding key: http://hub-cloud.browserstack.com:80 for channel [id: 0x9686cea6, L:/192.168.0.148:65120 - R:hub-cloud.browserstack.com/103.126.7.240:80]
21:14:39.544 [Forwarding isElementDisplayed on session eda2ebede5b4f1c4a3da0ae80d76cf0c2ffae504 to remote] DEBUG org.asynchttpclient.netty.request.NettyRequestSender - Using pooled Channel &apos;[id: 0x9686cea6, L:/192.168.0.148:65120 - R:hub-cloud.browserstack.com/103.126.7.240:80]&apos; for &apos;GET&apos; to &apos;http://sagarvarule_Nv2k8l:xTzj2eNxZytnJbrx1e6C@hub-cloud.browserstack.com/wd/hub/session/eda2ebede5b4f1c4a3da0ae80d76cf0c2ffae504/element/c0c0cd72-a0c8-4973-b5a5-473fe575f5c7/displayed&apos;
21:14:39.545 [Forwarding isElementDisplayed on session eda2ebede5b4f1c4a3da0ae80d76cf0c2ffae504 to remote] DEBUG org.asynchttpclient.netty.request.NettyRequestSender - Using open Channel [id: 0x9686cea6, L:/192.168.0.148:65120 - R:hub-cloud.browserstack.com/103.126.7.240:80] for GET &apos;/wd/hub/session/eda2ebede5b4f1c4a3da0ae80d76cf0c2ffae504/element/c0c0cd72-a0c8-4973-b5a5-473fe575f5c7/displayed&apos;
21:14:39.619 [AsyncHttpClient-1-4] DEBUG org.asynchttpclient.netty.handler.HttpHandler - 

Request DefaultFullHttpRequest(decodeResult: success, version: HTTP/1.1, content: EmptyByteBufBE)
GET /wd/hub/session/eda2ebede5b4f1c4a3da0ae80d76cf0c2ffae504/element/c0c0cd72-a0c8-4973-b5a5-473fe575f5c7/displayed HTTP/1.1
User-Agent: selenium/4.5.0 (java windows)
Cache-Control: no-cache
Content-Type: application/json; charset=utf-8
host: hub-cloud.browserstack.com
authorization: Basic c2FnYXJ2YXJ1bGVfTnYyazhsOnhUemoyZU54Wnl0bkpicngxZTZD
accept: */*

Response DefaultHttpResponse(decodeResult: success, version: HTTP/1.1)
HTTP/1.1 200 OK
Server: nginx
Date: Thu, 01 Dec 2022 15:44:39 GMT
Content-Type: application/json; charset=utf-8
Connection: keep-alive
Source-From: 02
x-powered-by: Express
etag: W/&quot;e-2ZHvAWebNQpyjGZTg6uyV8/spTo&quot;
content-length: 14

21:14:39.620 [AsyncHttpClient-1-4] DEBUG org.asynchttpclient.netty.channel.ChannelManager - Adding key: http://hub-cloud.browserstack.com:80 for channel [id: 0x9686cea6, L:/192.168.0.148:65120 - R:hub-cloud.browserstack.com/103.126.7.240:80]
21:14:39.621 [Forwarding findElement on session eda2ebede5b4f1c4a3da0ae80d76cf0c2ffae504 to remote] DEBUG org.asynchttpclient.netty.request.NettyRequestSender - Using pooled Channel &apos;[id: 0x9686cea6, L:/192.168.0.148:65120 - R:hub-cloud.browserstack.com/103.126.7.240:80]&apos; for &apos;POST&apos; to &apos;http://sagarvarule_Nv2k8l:xTzj2eNxZytnJbrx1e6C@hub-cloud.browserstack.com/wd/hub/session/eda2ebede5b4f1c4a3da0ae80d76cf0c2ffae504/element&apos;
21:14:39.622 [Forwarding findElement on session eda2ebede5b4f1c4a3da0ae80d76cf0c2ffae504 to remote] DEBUG org.asynchttpclient.netty.request.NettyRequestSender - Using open Channel [id: 0x9686cea6, L:/192.168.0.148:65120 - R:hub-cloud.browserstack.com/103.126.7.240:80] for POST &apos;/wd/hub/session/eda2ebede5b4f1c4a3da0ae80d76cf0c2ffae504/element&apos;
21:14:39.708 [AsyncHttpClient-1-4] DEBUG org.asynchttpclient.netty.handler.HttpHandler - 

Request DefaultHttpRequest(decodeResult: success, version: HTTP/1.1)
POST /wd/hub/session/eda2ebede5b4f1c4a3da0ae80d76cf0c2ffae504/element HTTP/1.1
User-Agent: selenium/4.5.0 (java windows)
Content-Length: 94
Content-Type: application/json; charset=utf-8
host: hub-cloud.browserstack.com
authorization: Basic c2FnYXJ2YXJ1bGVfTnYyazhsOnhUemoyZU54Wnl0bkpicngxZTZD
accept: */*

Response DefaultHttpResponse(decodeResult: success, version: HTTP/1.1)
HTTP/1.1 200 OK
Server: nginx
Date: Thu, 01 Dec 2022 15:44:39 GMT
Content-Type: application/json; charset=utf-8
Connection: keep-alive
Source-From: 02
x-powered-by: Express
vary: X-HTTP-Method-Override
etag: W/&quot;89-II1HkiqmKXA6fMGwYoIVbAvNyQM&quot;
content-length: 137

21:14:39.709 [AsyncHttpClient-1-4] DEBUG org.asynchttpclient.netty.channel.ChannelManager - Adding key: http://hub-cloud.browserstack.com:80 for channel [id: 0x9686cea6, L:/192.168.0.148:65120 - R:hub-cloud.browserstack.com/103.126.7.240:80]
21:14:39.710 [Forwarding isElementEnabled on session eda2ebede5b4f1c4a3da0ae80d76cf0c2ffae504 to remote] DEBUG org.asynchttpclient.netty.request.NettyRequestSender - Using pooled Channel &apos;[id: 0x9686cea6, L:/192.168.0.148:65120 - R:hub-cloud.browserstack.com/103.126.7.240:80]&apos; for &apos;GET&apos; to &apos;http://sagarvarule_Nv2k8l:xTzj2eNxZytnJbrx1e6C@hub-cloud.browserstack.com/wd/hub/session/eda2ebede5b4f1c4a3da0ae80d76cf0c2ffae504/element/d630f82f-a367-4848-b513-37cd6a3b7b1a/enabled&apos;
21:14:39.710 [Forwarding isElementEnabled on session eda2ebede5b4f1c4a3da0ae80d76cf0c2ffae504 to remote] DEBUG org.asynchttpclient.netty.request.NettyRequestSender - Using open Channel [id: 0x9686cea6, L:/192.168.0.148:65120 - R:hub-cloud.browserstack.com/103.126.7.240:80] for GET &apos;/wd/hub/session/eda2ebede5b4f1c4a3da0ae80d76cf0c2ffae504/element/d630f82f-a367-4848-b513-37cd6a3b7b1a/enabled&apos;
21:14:39.804 [AsyncHttpClient-1-4] DEBUG org.asynchttpclient.netty.handler.HttpHandler - 

Request DefaultFullHttpRequest(decodeResult: success, version: HTTP/1.1, content: EmptyByteBufBE)
GET /wd/hub/session/eda2ebede5b4f1c4a3da0ae80d76cf0c2ffae504/element/d630f82f-a367-4848-b513-37cd6a3b7b1a/enabled HTTP/1.1
User-Agent: selenium/4.5.0 (java windows)
Cache-Control: no-cache
Content-Type: application/json; charset=utf-8
host: hub-cloud.browserstack.com
authorization: Basic c2FnYXJ2YXJ1bGVfTnYyazhsOnhUemoyZU54Wnl0bkpicngxZTZD
accept: */*

Response DefaultHttpResponse(decodeResult: success, version: HTTP/1.1)
HTTP/1.1 200 OK
Server: nginx
Date: Thu, 01 Dec 2022 15:44:39 GMT
Content-Type: application/json; charset=utf-8
Connection: keep-alive
Source-From: 02
x-powered-by: Express
etag: W/&quot;e-2ZHvAWebNQpyjGZTg6uyV8/spTo&quot;
content-length: 14

21:14:39.804 [AsyncHttpClient-1-4] DEBUG org.asynchttpclient.netty.channel.ChannelManager - Adding key: http://hub-cloud.browserstack.com:80 for channel [id: 0x9686cea6, L:/192.168.0.148:65120 - R:hub-cloud.browserstack.com/103.126.7.240:80]
21:14:39.806 [Forwarding findElement on session eda2ebede5b4f1c4a3da0ae80d76cf0c2ffae504 to remote] DEBUG org.asynchttpclient.netty.request.NettyRequestSender - Using pooled Channel &apos;[id: 0x9686cea6, L:/192.168.0.148:65120 - R:hub-cloud.browserstack.com/103.126.7.240:80]&apos; for &apos;POST&apos; to &apos;http://sagarvarule_Nv2k8l:xTzj2eNxZytnJbrx1e6C@hub-cloud.browserstack.com/wd/hub/session/eda2ebede5b4f1c4a3da0ae80d76cf0c2ffae504/element&apos;
21:14:39.806 [Forwarding findElement on session eda2ebede5b4f1c4a3da0ae80d76cf0c2ffae504 to remote] DEBUG org.asynchttpclient.netty.request.NettyRequestSender - Using open Channel [id: 0x9686cea6, L:/192.168.0.148:65120 - R:hub-cloud.browserstack.com/103.126.7.240:80] for POST &apos;/wd/hub/session/eda2ebede5b4f1c4a3da0ae80d76cf0c2ffae504/element&apos;
21:14:39.896 [AsyncHttpClient-1-4] DEBUG org.asynchttpclient.netty.handler.HttpHandler - 

Request DefaultHttpRequest(decodeResult: success, version: HTTP/1.1)
POST /wd/hub/session/eda2ebede5b4f1c4a3da0ae80d76cf0c2ffae504/element HTTP/1.1
User-Agent: selenium/4.5.0 (java windows)
Content-Length: 94
Content-Type: application/json; charset=utf-8
host: hub-cloud.browserstack.com
authorization: Basic c2FnYXJ2YXJ1bGVfTnYyazhsOnhUemoyZU54Wnl0bkpicngxZTZD
accept: */*

Response DefaultHttpResponse(decodeResult: success, version: HTTP/1.1)
HTTP/1.1 200 OK
Server: nginx
Date: Thu, 01 Dec 2022 15:44:39 GMT
Content-Type: application/json; charset=utf-8
Connection: keep-alive
Source-From: 02
x-powered-by: Express
vary: X-HTTP-Method-Override
etag: W/&quot;89-JwSVG4gHSrzXyTFBAj6027yUCGg&quot;
content-length: 137

21:14:39.897 [AsyncHttpClient-1-4] DEBUG org.asynchttpclient.netty.channel.ChannelManager - Adding key: http://hub-cloud.browserstack.com:80 for channel [id: 0x9686cea6, L:/192.168.0.148:65120 - R:hub-cloud.browserstack.com/103.126.7.240:80]
21:14:39.902 [Forwarding clickElement on session eda2ebede5b4f1c4a3da0ae80d76cf0c2ffae504 to remote] DEBUG org.asynchttpclient.netty.request.NettyRequestSender - Using pooled Channel &apos;[id: 0x9686cea6, L:/192.168.0.148:65120 - R:hub-cloud.browserstack.com/103.126.7.240:80]&apos; for &apos;POST&apos; to &apos;http://sagarvarule_Nv2k8l:xTzj2eNxZytnJbrx1e6C@hub-cloud.browserstack.com/wd/hub/session/eda2ebede5b4f1c4a3da0ae80d76cf0c2ffae504/element/c7595669-ae4a-4ff8-832b-dac872b6a2c5/click&apos;
21:14:39.903 [Forwarding clickElement on session eda2ebede5b4f1c4a3da0ae80d76cf0c2ffae504 to remote] DEBUG org.asynchttpclient.netty.request.NettyRequestSender - Using open Channel [id: 0x9686cea6, L:/192.168.0.148:65120 - R:hub-cloud.browserstack.com/103.126.7.240:80] for POST &apos;/wd/hub/session/eda2ebede5b4f1c4a3da0ae80d76cf0c2ffae504/element/c7595669-ae4a-4ff8-832b-dac872b6a2c5/click&apos;
21:14:39.987 [AsyncHttpClient-1-4] DEBUG org.asynchttpclient.netty.handler.HttpHandler - 

Request DefaultHttpRequest(decodeResult: success, version: HTTP/1.1)
POST /wd/hub/session/eda2ebede5b4f1c4a3da0ae80d76cf0c2ffae504/element/c7595669-ae4a-4ff8-832b-dac872b6a2c5/click HTTP/1.1
User-Agent: selenium/4.5.0 (java windows)
Content-Length: 50
Content-Type: application/json; charset=utf-8
host: hub-cloud.browserstack.com
authorization: Basic c2FnYXJ2YXJ1bGVfTnYyazhsOnhUemoyZU54Wnl0bkpicngxZTZD
accept: */*

Response DefaultHttpResponse(decodeResult: success, version: HTTP/1.1)
HTTP/1.1 200 OK
Server: nginx
Date: Thu, 01 Dec 2022 15:44:39 GMT
Content-Type: application/json; charset=utf-8
Connection: keep-alive
Source-From: 02
x-powered-by: Express
vary: X-HTTP-Method-Override
etag: W/&quot;e-9/1BuKMgFObM1mWJm+YjxtXJnUM&quot;
content-length: 14

21:14:39.987 [AsyncHttpClient-1-4] DEBUG org.asynchttpclient.netty.channel.ChannelManager - Adding key: http://hub-cloud.browserstack.com:80 for channel [id: 0x9686cea6, L:/192.168.0.148:65120 - R:hub-cloud.browserstack.com/103.126.7.240:80]
21:14:39.990 [Forwarding findElement on session eda2ebede5b4f1c4a3da0ae80d76cf0c2ffae504 to remote] DEBUG org.asynchttpclient.netty.request.NettyRequestSender - Using pooled Channel &apos;[id: 0x9686cea6, L:/192.168.0.148:65120 - R:hub-cloud.browserstack.com/103.126.7.240:80]&apos; for &apos;POST&apos; to &apos;http://sagarvarule_Nv2k8l:xTzj2eNxZytnJbrx1e6C@hub-cloud.browserstack.com/wd/hub/session/eda2ebede5b4f1c4a3da0ae80d76cf0c2ffae504/element&apos;
21:14:39.990 [Forwarding findElement on session eda2ebede5b4f1c4a3da0ae80d76cf0c2ffae504 to remote] DEBUG org.asynchttpclient.netty.request.NettyRequestSender - Using open Channel [id: 0x9686cea6, L:/192.168.0.148:65120 - R:hub-cloud.browserstack.com/103.126.7.240:80] for POST &apos;/wd/hub/session/eda2ebede5b4f1c4a3da0ae80d76cf0c2ffae504/element&apos;
21:14:40.848 [AsyncHttpClient-1-4] DEBUG org.asynchttpclient.netty.handler.HttpHandler - 

Request DefaultHttpRequest(decodeResult: success, version: HTTP/1.1)
POST /wd/hub/session/eda2ebede5b4f1c4a3da0ae80d76cf0c2ffae504/element HTTP/1.1
User-Agent: selenium/4.5.0 (java windows)
Content-Length: 95
Content-Type: application/json; charset=utf-8
host: hub-cloud.browserstack.com
authorization: Basic c2FnYXJ2YXJ1bGVfTnYyazhsOnhUemoyZU54Wnl0bkpicngxZTZD
accept: */*

Response DefaultHttpResponse(decodeResult: success, version: HTTP/1.1)
HTTP/1.1 200 OK
Server: nginx
Date: Thu, 01 Dec 2022 15:44:40 GMT
Content-Type: application/json; charset=utf-8
Connection: keep-alive
Source-From: 02
x-powered-by: Express
vary: X-HTTP-Method-Override
etag: W/&quot;89-rwo93y10A7koTp8vsYYJfcvTxgA&quot;
content-length: 137

21:14:40.848 [AsyncHttpClient-1-4] DEBUG org.asynchttpclient.netty.channel.ChannelManager - Adding key: http://hub-cloud.browserstack.com:80 for channel [id: 0x9686cea6, L:/192.168.0.148:65120 - R:hub-cloud.browserstack.com/103.126.7.240:80]
21:14:40.850 [Forwarding isElementDisplayed on session eda2ebede5b4f1c4a3da0ae80d76cf0c2ffae504 to remote] DEBUG org.asynchttpclient.netty.request.NettyRequestSender - Using pooled Channel &apos;[id: 0x9686cea6, L:/192.168.0.148:65120 - R:hub-cloud.browserstack.com/103.126.7.240:80]&apos; for &apos;GET&apos; to &apos;http://sagarvarule_Nv2k8l:xTzj2eNxZytnJbrx1e6C@hub-cloud.browserstack.com/wd/hub/session/eda2ebede5b4f1c4a3da0ae80d76cf0c2ffae504/element/221d4f17-e523-4182-949f-5c31df97d50f/displayed&apos;
21:14:40.850 [Forwarding isElementDisplayed on session eda2ebede5b4f1c4a3da0ae80d76cf0c2ffae504 to remote] DEBUG org.asynchttpclient.netty.request.NettyRequestSender - Using open Channel [id: 0x9686cea6, L:/192.168.0.148:65120 - R:hub-cloud.browserstack.com/103.126.7.240:80] for GET &apos;/wd/hub/session/eda2ebede5b4f1c4a3da0ae80d76cf0c2ffae504/element/221d4f17-e523-4182-949f-5c31df97d50f/displayed&apos;
21:14:40.927 [AsyncHttpClient-1-4] DEBUG org.asynchttpclient.netty.handler.HttpHandler - 

Request DefaultFullHttpRequest(decodeResult: success, version: HTTP/1.1, content: EmptyByteBufBE)
GET /wd/hub/session/eda2ebede5b4f1c4a3da0ae80d76cf0c2ffae504/element/221d4f17-e523-4182-949f-5c31df97d50f/displayed HTTP/1.1
User-Agent: selenium/4.5.0 (java windows)
Cache-Control: no-cache
Content-Type: application/json; charset=utf-8
host: hub-cloud.browserstack.com
authorization: Basic c2FnYXJ2YXJ1bGVfTnYyazhsOnhUemoyZU54Wnl0bkpicngxZTZD
accept: */*

Response DefaultHttpResponse(decodeResult: success, version: HTTP/1.1)
HTTP/1.1 200 OK
Server: nginx
Date: Thu, 01 Dec 2022 15:44:40 GMT
Content-Type: application/json; charset=utf-8
Connection: keep-alive
Source-From: 02
x-powered-by: Express
etag: W/&quot;e-2ZHvAWebNQpyjGZTg6uyV8/spTo&quot;
content-length: 14

21:14:40.927 [AsyncHttpClient-1-4] DEBUG org.asynchttpclient.netty.channel.ChannelManager - Adding key: http://hub-cloud.browserstack.com:80 for channel [id: 0x9686cea6, L:/192.168.0.148:65120 - R:hub-cloud.browserstack.com/103.126.7.240:80]
21:14:40.930 [Forwarding findElement on session eda2ebede5b4f1c4a3da0ae80d76cf0c2ffae504 to remote] DEBUG org.asynchttpclient.netty.request.NettyRequestSender - Using pooled Channel &apos;[id: 0x9686cea6, L:/192.168.0.148:65120 - R:hub-cloud.browserstack.com/103.126.7.240:80]&apos; for &apos;POST&apos; to &apos;http://sagarvarule_Nv2k8l:xTzj2eNxZytnJbrx1e6C@hub-cloud.browserstack.com/wd/hub/session/eda2ebede5b4f1c4a3da0ae80d76cf0c2ffae504/element&apos;
21:14:40.931 [Forwarding findElement on session eda2ebede5b4f1c4a3da0ae80d76cf0c2ffae504 to remote] DEBUG org.asynchttpclient.netty.request.NettyRequestSender - Using open Channel [id: 0x9686cea6, L:/192.168.0.148:65120 - R:hub-cloud.browserstack.com/103.126.7.240:80] for POST &apos;/wd/hub/session/eda2ebede5b4f1c4a3da0ae80d76cf0c2ffae504/element&apos;
21:14:41.015 [AsyncHttpClient-1-4] DEBUG org.asynchttpclient.netty.handler.HttpHandler - 

Request DefaultHttpRequest(decodeResult: success, version: HTTP/1.1)
POST /wd/hub/session/eda2ebede5b4f1c4a3da0ae80d76cf0c2ffae504/element HTTP/1.1
User-Agent: selenium/4.5.0 (java windows)
Content-Length: 95
Content-Type: application/json; charset=utf-8
host: hub-cloud.browserstack.com
authorization: Basic c2FnYXJ2YXJ1bGVfTnYyazhsOnhUemoyZU54Wnl0bkpicngxZTZD
accept: */*

Response DefaultHttpResponse(decodeResult: success, version: HTTP/1.1)
HTTP/1.1 200 OK
Server: nginx
Date: Thu, 01 Dec 2022 15:44:41 GMT
Content-Type: application/json; charset=utf-8
Connection: keep-alive
Source-From: 02
x-powered-by: Express
vary: X-HTTP-Method-Override
etag: W/&quot;89-7AGbFZiiWqJyZEmnbmA3Qc/04Jk&quot;
content-length: 137

21:14:41.016 [AsyncHttpClient-1-4] DEBUG org.asynchttpclient.netty.channel.ChannelManager - Adding key: http://hub-cloud.browserstack.com:80 for channel [id: 0x9686cea6, L:/192.168.0.148:65120 - R:hub-cloud.browserstack.com/103.126.7.240:80]
21:14:41.019 [Forwarding sendKeysToElement on session eda2ebede5b4f1c4a3da0ae80d76cf0c2ffae504 to remote] DEBUG org.asynchttpclient.netty.request.NettyRequestSender - Using pooled Channel &apos;[id: 0x9686cea6, L:/192.168.0.148:65120 - R:hub-cloud.browserstack.com/103.126.7.240:80]&apos; for &apos;POST&apos; to &apos;http://sagarvarule_Nv2k8l:xTzj2eNxZytnJbrx1e6C@hub-cloud.browserstack.com/wd/hub/session/eda2ebede5b4f1c4a3da0ae80d76cf0c2ffae504/element/9cd12579-11d9-4ac8-9cfa-4257b71fa1bb/value&apos;
21:14:41.019 [Forwarding sendKeysToElement on session eda2ebede5b4f1c4a3da0ae80d76cf0c2ffae504 to remote] DEBUG org.asynchttpclient.netty.request.NettyRequestSender - Using open Channel [id: 0x9686cea6, L:/192.168.0.148:65120 - R:hub-cloud.browserstack.com/103.126.7.240:80] for POST &apos;/wd/hub/session/eda2ebede5b4f1c4a3da0ae80d76cf0c2ffae504/element/9cd12579-11d9-4ac8-9cfa-4257b71fa1bb/value&apos;
21:14:41.116 [AsyncHttpClient-1-4] DEBUG org.asynchttpclient.netty.handler.HttpHandler - 

Request DefaultHttpRequest(decodeResult: success, version: HTTP/1.1)
POST /wd/hub/session/eda2ebede5b4f1c4a3da0ae80d76cf0c2ffae504/element/9cd12579-11d9-4ac8-9cfa-4257b71fa1bb/value HTTP/1.1
User-Agent: selenium/4.5.0 (java windows)
Content-Length: 82
Content-Type: application/json; charset=utf-8
host: hub-cloud.browserstack.com
authorization: Basic c2FnYXJ2YXJ1bGVfTnYyazhsOnhUemoyZU54Wnl0bkpicngxZTZD
accept: */*

Response DefaultHttpResponse(decodeResult: success, version: HTTP/1.1)
HTTP/1.1 200 OK
Server: nginx
Date: Thu, 01 Dec 2022 15:44:41 GMT
Content-Type: application/json; charset=utf-8
Connection: keep-alive
Source-From: 02
x-powered-by: Express
vary: X-HTTP-Method-Override
etag: W/&quot;e-9/1BuKMgFObM1mWJm+YjxtXJnUM&quot;
content-length: 14

21:14:41.116 [AsyncHttpClient-1-4] DEBUG org.asynchttpclient.netty.channel.ChannelManager - Adding key: http://hub-cloud.browserstack.com:80 for channel [id: 0x9686cea6, L:/192.168.0.148:65120 - R:hub-cloud.browserstack.com/103.126.7.240:80]
21:14:41.119 [Forwarding findElement on session eda2ebede5b4f1c4a3da0ae80d76cf0c2ffae504 to remote] DEBUG org.asynchttpclient.netty.request.NettyRequestSender - Using pooled Channel &apos;[id: 0x9686cea6, L:/192.168.0.148:65120 - R:hub-cloud.browserstack.com/103.126.7.240:80]&apos; for &apos;POST&apos; to &apos;http://sagarvarule_Nv2k8l:xTzj2eNxZytnJbrx1e6C@hub-cloud.browserstack.com/wd/hub/session/eda2ebede5b4f1c4a3da0ae80d76cf0c2ffae504/element&apos;
21:14:41.119 [Forwarding findElement on session eda2ebede5b4f1c4a3da0ae80d76cf0c2ffae504 to remote] DEBUG org.asynchttpclient.netty.request.NettyRequestSender - Using open Channel [id: 0x9686cea6, L:/192.168.0.148:65120 - R:hub-cloud.browserstack.com/103.126.7.240:80] for POST &apos;/wd/hub/session/eda2ebede5b4f1c4a3da0ae80d76cf0c2ffae504/element&apos;
21:14:41.722 [AsyncHttpClient-1-4] DEBUG org.asynchttpclient.netty.handler.HttpHandler - 

Request DefaultHttpRequest(decodeResult: success, version: HTTP/1.1)
POST /wd/hub/session/eda2ebede5b4f1c4a3da0ae80d76cf0c2ffae504/element HTTP/1.1
User-Agent: selenium/4.5.0 (java windows)
Content-Length: 95
Content-Type: application/json; charset=utf-8
host: hub-cloud.browserstack.com
authorization: Basic c2FnYXJ2YXJ1bGVfTnYyazhsOnhUemoyZU54Wnl0bkpicngxZTZD
accept: */*

Response DefaultHttpResponse(decodeResult: success, version: HTTP/1.1)
HTTP/1.1 200 OK
Server: nginx
Date: Thu, 01 Dec 2022 15:44:41 GMT
Content-Type: application/json; charset=utf-8
Connection: keep-alive
Source-From: 02
x-powered-by: Express
vary: X-HTTP-Method-Override
etag: W/&quot;89-9WbhOoXuivnQ+Sn8+rokw3lLM9Y&quot;
content-length: 137

21:14:41.722 [AsyncHttpClient-1-4] DEBUG org.asynchttpclient.netty.channel.ChannelManager - Adding key: http://hub-cloud.browserstack.com:80 for channel [id: 0x9686cea6, L:/192.168.0.148:65120 - R:hub-cloud.browserstack.com/103.126.7.240:80]
21:14:41.725 [Forwarding sendKeysToElement on session eda2ebede5b4f1c4a3da0ae80d76cf0c2ffae504 to remote] DEBUG org.asynchttpclient.netty.request.NettyRequestSender - Using pooled Channel &apos;[id: 0x9686cea6, L:/192.168.0.148:65120 - R:hub-cloud.browserstack.com/103.126.7.240:80]&apos; for &apos;POST&apos; to &apos;http://sagarvarule_Nv2k8l:xTzj2eNxZytnJbrx1e6C@hub-cloud.browserstack.com/wd/hub/session/eda2ebede5b4f1c4a3da0ae80d76cf0c2ffae504/element/66a50632-8ffb-45e2-8544-38aea6f44939/value&apos;
21:14:41.726 [Forwarding sendKeysToElement on session eda2ebede5b4f1c4a3da0ae80d76cf0c2ffae504 to remote] DEBUG org.asynchttpclient.netty.request.NettyRequestSender - Using open Channel [id: 0x9686cea6, L:/192.168.0.148:65120 - R:hub-cloud.browserstack.com/103.126.7.240:80] for POST &apos;/wd/hub/session/eda2ebede5b4f1c4a3da0ae80d76cf0c2ffae504/element/66a50632-8ffb-45e2-8544-38aea6f44939/value&apos;
21:14:41.986 [AsyncHttpClient-1-4] DEBUG org.asynchttpclient.netty.handler.HttpHandler - 

Request DefaultHttpRequest(decodeResult: success, version: HTTP/1.1)
POST /wd/hub/session/eda2ebede5b4f1c4a3da0ae80d76cf0c2ffae504/element/66a50632-8ffb-45e2-8544-38aea6f44939/value HTTP/1.1
User-Agent: selenium/4.5.0 (java windows)
Content-Length: 191
Content-Type: application/json; charset=utf-8
host: hub-cloud.browserstack.com
authorization: Basic c2FnYXJ2YXJ1bGVfTnYyazhsOnhUemoyZU54Wnl0bkpicngxZTZD
accept: */*

Response DefaultHttpResponse(decodeResult: success, version: HTTP/1.1)
HTTP/1.1 200 OK
Server: nginx
Date: Thu, 01 Dec 2022 15:44:41 GMT
Content-Type: application/json; charset=utf-8
Connection: keep-alive
Source-From: 02
x-powered-by: Express
vary: X-HTTP-Method-Override
etag: W/&quot;e-9/1BuKMgFObM1mWJm+YjxtXJnUM&quot;
content-length: 14

21:14:41.987 [AsyncHttpClient-1-4] DEBUG org.asynchttpclient.netty.channel.ChannelManager - Adding key: http://hub-cloud.browserstack.com:80 for channel [id: 0x9686cea6, L:/192.168.0.148:65120 - R:hub-cloud.browserstack.com/103.126.7.240:80]
21:14:41.990 [Forwarding findElement on session eda2ebede5b4f1c4a3da0ae80d76cf0c2ffae504 to remote] DEBUG org.asynchttpclient.netty.request.NettyRequestSender - Using pooled Channel &apos;[id: 0x9686cea6, L:/192.168.0.148:65120 - R:hub-cloud.browserstack.com/103.126.7.240:80]&apos; for &apos;POST&apos; to &apos;http://sagarvarule_Nv2k8l:xTzj2eNxZytnJbrx1e6C@hub-cloud.browserstack.com/wd/hub/session/eda2ebede5b4f1c4a3da0ae80d76cf0c2ffae504/element&apos;
21:14:41.990 [Forwarding findElement on session eda2ebede5b4f1c4a3da0ae80d76cf0c2ffae504 to remote] DEBUG org.asynchttpclient.netty.request.NettyRequestSender - Using open Channel [id: 0x9686cea6, L:/192.168.0.148:65120 - R:hub-cloud.browserstack.com/103.126.7.240:80] for POST &apos;/wd/hub/session/eda2ebede5b4f1c4a3da0ae80d76cf0c2ffae504/element&apos;
21:14:42.653 [AsyncHttpClient-1-4] DEBUG org.asynchttpclient.netty.handler.HttpHandler - 

Request DefaultHttpRequest(decodeResult: success, version: HTTP/1.1)
POST /wd/hub/session/eda2ebede5b4f1c4a3da0ae80d76cf0c2ffae504/element HTTP/1.1
User-Agent: selenium/4.5.0 (java windows)
Content-Length: 101
Content-Type: application/json; charset=utf-8
host: hub-cloud.browserstack.com
authorization: Basic c2FnYXJ2YXJ1bGVfTnYyazhsOnhUemoyZU54Wnl0bkpicngxZTZD
accept: */*

Response DefaultHttpResponse(decodeResult: success, version: HTTP/1.1)
HTTP/1.1 200 OK
Server: nginx
Date: Thu, 01 Dec 2022 15:44:42 GMT
Content-Type: application/json; charset=utf-8
Connection: keep-alive
Source-From: 02
x-powered-by: Express
vary: X-HTTP-Method-Override
etag: W/&quot;89-xpJa8+frMgXazEgcfA48QpW/68Y&quot;
content-length: 137

21:14:42.653 [AsyncHttpClient-1-4] DEBUG org.asynchttpclient.netty.channel.ChannelManager - Adding key: http://hub-cloud.browserstack.com:80 for channel [id: 0x9686cea6, L:/192.168.0.148:65120 - R:hub-cloud.browserstack.com/103.126.7.240:80]
21:14:42.654 [Forwarding isElementDisplayed on session eda2ebede5b4f1c4a3da0ae80d76cf0c2ffae504 to remote] DEBUG org.asynchttpclient.netty.request.NettyRequestSender - Using pooled Channel &apos;[id: 0x9686cea6, L:/192.168.0.148:65120 - R:hub-cloud.browserstack.com/103.126.7.240:80]&apos; for &apos;GET&apos; to &apos;http://sagarvarule_Nv2k8l:xTzj2eNxZytnJbrx1e6C@hub-cloud.browserstack.com/wd/hub/session/eda2ebede5b4f1c4a3da0ae80d76cf0c2ffae504/element/1ea65f5d-5eb6-4023-ae3b-b67a02536a46/displayed&apos;
21:14:42.654 [Forwarding isElementDisplayed on session eda2ebede5b4f1c4a3da0ae80d76cf0c2ffae504 to remote] DEBUG org.asynchttpclient.netty.request.NettyRequestSender - Using open Channel [id: 0x9686cea6, L:/192.168.0.148:65120 - R:hub-cloud.browserstack.com/103.126.7.240:80] for GET &apos;/wd/hub/session/eda2ebede5b4f1c4a3da0ae80d76cf0c2ffae504/element/1ea65f5d-5eb6-4023-ae3b-b67a02536a46/displayed&apos;
21:14:42.742 [AsyncHttpClient-1-4] DEBUG org.asynchttpclient.netty.handler.HttpHandler - 

Request DefaultFullHttpRequest(decodeResult: success, version: HTTP/1.1, content: EmptyByteBufBE)
GET /wd/hub/session/eda2ebede5b4f1c4a3da0ae80d76cf0c2ffae504/element/1ea65f5d-5eb6-4023-ae3b-b67a02536a46/displayed HTTP/1.1
User-Agent: selenium/4.5.0 (java windows)
Cache-Control: no-cache
Content-Type: application/json; charset=utf-8
host: hub-cloud.browserstack.com
authorization: Basic c2FnYXJ2YXJ1bGVfTnYyazhsOnhUemoyZU54Wnl0bkpicngxZTZD
accept: */*

Response DefaultHttpResponse(decodeResult: success, version: HTTP/1.1)
HTTP/1.1 200 OK
Server: nginx
Date: Thu, 01 Dec 2022 15:44:42 GMT
Content-Type: application/json; charset=utf-8
Connection: keep-alive
Source-From: 02
x-powered-by: Express
etag: W/&quot;e-2ZHvAWebNQpyjGZTg6uyV8/spTo&quot;
content-length: 14

21:14:42.742 [AsyncHttpClient-1-4] DEBUG org.asynchttpclient.netty.channel.ChannelManager - Adding key: http://hub-cloud.browserstack.com:80 for channel [id: 0x9686cea6, L:/192.168.0.148:65120 - R:hub-cloud.browserstack.com/103.126.7.240:80]
21:14:42.745 [Forwarding findElement on session eda2ebede5b4f1c4a3da0ae80d76cf0c2ffae504 to remote] DEBUG org.asynchttpclient.netty.request.NettyRequestSender - Using pooled Channel &apos;[id: 0x9686cea6, L:/192.168.0.148:65120 - R:hub-cloud.browserstack.com/103.126.7.240:80]&apos; for &apos;POST&apos; to &apos;http://sagarvarule_Nv2k8l:xTzj2eNxZytnJbrx1e6C@hub-cloud.browserstack.com/wd/hub/session/eda2ebede5b4f1c4a3da0ae80d76cf0c2ffae504/element&apos;
21:14:42.745 [Forwarding findElement on session eda2ebede5b4f1c4a3da0ae80d76cf0c2ffae504 to remote] DEBUG org.asynchttpclient.netty.request.NettyRequestSender - Using open Channel [id: 0x9686cea6, L:/192.168.0.148:65120 - R:hub-cloud.browserstack.com/103.126.7.240:80] for POST &apos;/wd/hub/session/eda2ebede5b4f1c4a3da0ae80d76cf0c2ffae504/element&apos;
21:14:42.827 [AsyncHttpClient-1-4] DEBUG org.asynchttpclient.netty.handler.HttpHandler - 

Request DefaultHttpRequest(decodeResult: success, version: HTTP/1.1)
POST /wd/hub/session/eda2ebede5b4f1c4a3da0ae80d76cf0c2ffae504/element HTTP/1.1
User-Agent: selenium/4.5.0 (java windows)
Content-Length: 101
Content-Type: application/json; charset=utf-8
host: hub-cloud.browserstack.com
authorization: Basic c2FnYXJ2YXJ1bGVfTnYyazhsOnhUemoyZU54Wnl0bkpicngxZTZD
accept: */*

Response DefaultHttpResponse(decodeResult: success, version: HTTP/1.1)
HTTP/1.1 200 OK
Server: nginx
Date: Thu, 01 Dec 2022 15:44:42 GMT
Content-Type: application/json; charset=utf-8
Connection: keep-alive
Source-From: 02
x-powered-by: Express
vary: X-HTTP-Method-Override
etag: W/&quot;89-O1dMZHuUoQg8XhRz45cg0f8lXsQ&quot;
content-length: 137

21:14:42.827 [AsyncHttpClient-1-4] DEBUG org.asynchttpclient.netty.channel.ChannelManager - Adding key: http://hub-cloud.browserstack.com:80 for channel [id: 0x9686cea6, L:/192.168.0.148:65120 - R:hub-cloud.browserstack.com/103.126.7.240:80]
21:14:42.829 [Forwarding sendKeysToElement on session eda2ebede5b4f1c4a3da0ae80d76cf0c2ffae504 to remote] DEBUG org.asynchttpclient.netty.request.NettyRequestSender - Using pooled Channel &apos;[id: 0x9686cea6, L:/192.168.0.148:65120 - R:hub-cloud.browserstack.com/103.126.7.240:80]&apos; for &apos;POST&apos; to &apos;http://sagarvarule_Nv2k8l:xTzj2eNxZytnJbrx1e6C@hub-cloud.browserstack.com/wd/hub/session/eda2ebede5b4f1c4a3da0ae80d76cf0c2ffae504/element/db3782c3-363b-45d9-8b1f-e2d2b6d67a86/value&apos;
21:14:42.829 [Forwarding sendKeysToElement on session eda2ebede5b4f1c4a3da0ae80d76cf0c2ffae504 to remote] DEBUG org.asynchttpclient.netty.request.NettyRequestSender - Using open Channel [id: 0x9686cea6, L:/192.168.0.148:65120 - R:hub-cloud.browserstack.com/103.126.7.240:80] for POST &apos;/wd/hub/session/eda2ebede5b4f1c4a3da0ae80d76cf0c2ffae504/element/db3782c3-363b-45d9-8b1f-e2d2b6d67a86/value&apos;
21:14:43.423 [AsyncHttpClient-1-4] DEBUG org.asynchttpclient.netty.handler.HttpHandler - 

Request DefaultHttpRequest(decodeResult: success, version: HTTP/1.1)
POST /wd/hub/session/eda2ebede5b4f1c4a3da0ae80d76cf0c2ffae504/element/db3782c3-363b-45d9-8b1f-e2d2b6d67a86/value HTTP/1.1
User-Agent: selenium/4.5.0 (java windows)
Content-Length: 82
Content-Type: application/json; charset=utf-8
host: hub-cloud.browserstack.com
authorization: Basic c2FnYXJ2YXJ1bGVfTnYyazhsOnhUemoyZU54Wnl0bkpicngxZTZD
accept: */*

Response DefaultHttpResponse(decodeResult: success, version: HTTP/1.1)
HTTP/1.1 200 OK
Server: nginx
Date: Thu, 01 Dec 2022 15:44:43 GMT
Content-Type: application/json; charset=utf-8
Connection: keep-alive
Source-From: 02
x-powered-by: Express
vary: X-HTTP-Method-Override
etag: W/&quot;e-9/1BuKMgFObM1mWJm+YjxtXJnUM&quot;
content-length: 14

21:14:43.423 [AsyncHttpClient-1-4] DEBUG org.asynchttpclient.netty.channel.ChannelManager - Adding key: http://hub-cloud.browserstack.com:80 for channel [id: 0x9686cea6, L:/192.168.0.148:65120 - R:hub-cloud.browserstack.com/103.126.7.240:80]
21:14:43.424 [Forwarding findElement on session eda2ebede5b4f1c4a3da0ae80d76cf0c2ffae504 to remote] DEBUG org.asynchttpclient.netty.request.NettyRequestSender - Using pooled Channel &apos;[id: 0x9686cea6, L:/192.168.0.148:65120 - R:hub-cloud.browserstack.com/103.126.7.240:80]&apos; for &apos;POST&apos; to &apos;http://sagarvarule_Nv2k8l:xTzj2eNxZytnJbrx1e6C@hub-cloud.browserstack.com/wd/hub/session/eda2ebede5b4f1c4a3da0ae80d76cf0c2ffae504/element&apos;
21:14:43.425 [Forwarding findElement on session eda2ebede5b4f1c4a3da0ae80d76cf0c2ffae504 to remote] DEBUG org.asynchttpclient.netty.request.NettyRequestSender - Using open Channel [id: 0x9686cea6, L:/192.168.0.148:65120 - R:hub-cloud.browserstack.com/103.126.7.240:80] for POST &apos;/wd/hub/session/eda2ebede5b4f1c4a3da0ae80d76cf0c2ffae504/element&apos;
21:14:43.928 [AsyncHttpClient-1-4] DEBUG org.asynchttpclient.netty.handler.HttpHandler - 

Request DefaultHttpRequest(decodeResult: success, version: HTTP/1.1)
POST /wd/hub/session/eda2ebede5b4f1c4a3da0ae80d76cf0c2ffae504/element HTTP/1.1
User-Agent: selenium/4.5.0 (java windows)
Content-Length: 101
Content-Type: application/json; charset=utf-8
host: hub-cloud.browserstack.com
authorization: Basic c2FnYXJ2YXJ1bGVfTnYyazhsOnhUemoyZU54Wnl0bkpicngxZTZD
accept: */*

Response DefaultHttpResponse(decodeResult: success, version: HTTP/1.1)
HTTP/1.1 200 OK
Server: nginx
Date: Thu, 01 Dec 2022 15:44:43 GMT
Content-Type: application/json; charset=utf-8
Connection: keep-alive
Source-From: 02
x-powered-by: Express
vary: X-HTTP-Method-Override
etag: W/&quot;89-c+CcjqJ/r5OIUm/EEz9IrWPqXt8&quot;
content-length: 137

21:14:43.928 [AsyncHttpClient-1-4] DEBUG org.asynchttpclient.netty.channel.ChannelManager - Adding key: http://hub-cloud.browserstack.com:80 for channel [id: 0x9686cea6, L:/192.168.0.148:65120 - R:hub-cloud.browserstack.com/103.126.7.240:80]
21:14:43.931 [Forwarding sendKeysToElement on session eda2ebede5b4f1c4a3da0ae80d76cf0c2ffae504 to remote] DEBUG org.asynchttpclient.netty.request.NettyRequestSender - Using pooled Channel &apos;[id: 0x9686cea6, L:/192.168.0.148:65120 - R:hub-cloud.browserstack.com/103.126.7.240:80]&apos; for &apos;POST&apos; to &apos;http://sagarvarule_Nv2k8l:xTzj2eNxZytnJbrx1e6C@hub-cloud.browserstack.com/wd/hub/session/eda2ebede5b4f1c4a3da0ae80d76cf0c2ffae504/element/723d54ea-0e25-409e-bd17-06ca9975178b/value&apos;
21:14:43.931 [Forwarding sendKeysToElement on session eda2ebede5b4f1c4a3da0ae80d76cf0c2ffae504 to remote] DEBUG org.asynchttpclient.netty.request.NettyRequestSender - Using open Channel [id: 0x9686cea6, L:/192.168.0.148:65120 - R:hub-cloud.browserstack.com/103.126.7.240:80] for POST &apos;/wd/hub/session/eda2ebede5b4f1c4a3da0ae80d76cf0c2ffae504/element/723d54ea-0e25-409e-bd17-06ca9975178b/value&apos;
21:14:44.522 [AsyncHttpClient-1-4] DEBUG org.asynchttpclient.netty.handler.HttpHandler - 

Request DefaultHttpRequest(decodeResult: success, version: HTTP/1.1)
POST /wd/hub/session/eda2ebede5b4f1c4a3da0ae80d76cf0c2ffae504/element/723d54ea-0e25-409e-bd17-06ca9975178b/value HTTP/1.1
User-Agent: selenium/4.5.0 (java windows)
Content-Length: 301
Content-Type: application/json; charset=utf-8
host: hub-cloud.browserstack.com
authorization: Basic c2FnYXJ2YXJ1bGVfTnYyazhsOnhUemoyZU54Wnl0bkpicngxZTZD
accept: */*

Response DefaultHttpResponse(decodeResult: success, version: HTTP/1.1)
HTTP/1.1 200 OK
Server: nginx
Date: Thu, 01 Dec 2022 15:44:44 GMT
Content-Type: application/json; charset=utf-8
Connection: keep-alive
Source-From: 02
x-powered-by: Express
vary: X-HTTP-Method-Override
etag: W/&quot;e-9/1BuKMgFObM1mWJm+YjxtXJnUM&quot;
content-length: 14

21:14:44.523 [AsyncHttpClient-1-4] DEBUG org.asynchttpclient.netty.channel.ChannelManager - Adding key: http://hub-cloud.browserstack.com:80 for channel [id: 0x9686cea6, L:/192.168.0.148:65120 - R:hub-cloud.browserstack.com/103.126.7.240:80]
21:14:44.525 [Forwarding findElement on session eda2ebede5b4f1c4a3da0ae80d76cf0c2ffae504 to remote] DEBUG org.asynchttpclient.netty.request.NettyRequestSender - Using pooled Channel &apos;[id: 0x9686cea6, L:/192.168.0.148:65120 - R:hub-cloud.browserstack.com/103.126.7.240:80]&apos; for &apos;POST&apos; to &apos;http://sagarvarule_Nv2k8l:xTzj2eNxZytnJbrx1e6C@hub-cloud.browserstack.com/wd/hub/session/eda2ebede5b4f1c4a3da0ae80d76cf0c2ffae504/element&apos;
21:14:44.525 [Forwarding findElement on session eda2ebede5b4f1c4a3da0ae80d76cf0c2ffae504 to remote] DEBUG org.asynchttpclient.netty.request.NettyRequestSender - Using open Channel [id: 0x9686cea6, L:/192.168.0.148:65120 - R:hub-cloud.browserstack.com/103.126.7.240:80] for POST &apos;/wd/hub/session/eda2ebede5b4f1c4a3da0ae80d76cf0c2ffae504/element&apos;
21:14:45.025 [AsyncHttpClient-1-4] DEBUG org.asynchttpclient.netty.handler.HttpHandler - 

Request DefaultHttpRequest(decodeResult: success, version: HTTP/1.1)
POST /wd/hub/session/eda2ebede5b4f1c4a3da0ae80d76cf0c2ffae504/element HTTP/1.1
User-Agent: selenium/4.5.0 (java windows)
Content-Length: 94
Content-Type: application/json; charset=utf-8
host: hub-cloud.browserstack.com
authorization: Basic c2FnYXJ2YXJ1bGVfTnYyazhsOnhUemoyZU54Wnl0bkpicngxZTZD
accept: */*

Response DefaultHttpResponse(decodeResult: success, version: HTTP/1.1)
HTTP/1.1 200 OK
Server: nginx
Date: Thu, 01 Dec 2022 15:44:45 GMT
Content-Type: application/json; charset=utf-8
Connection: keep-alive
Source-From: 02
x-powered-by: Express
vary: X-HTTP-Method-Override
etag: W/&quot;89-rezrEWoA2N95VyGy8xczsthFLuM&quot;
content-length: 137

21:14:45.026 [AsyncHttpClient-1-4] DEBUG org.asynchttpclient.netty.channel.ChannelManager - Adding key: http://hub-cloud.browserstack.com:80 for channel [id: 0x9686cea6, L:/192.168.0.148:65120 - R:hub-cloud.browserstack.com/103.126.7.240:80]
21:14:45.028 [Forwarding isElementDisplayed on session eda2ebede5b4f1c4a3da0ae80d76cf0c2ffae504 to remote] DEBUG org.asynchttpclient.netty.request.NettyRequestSender - Using pooled Channel &apos;[id: 0x9686cea6, L:/192.168.0.148:65120 - R:hub-cloud.browserstack.com/103.126.7.240:80]&apos; for &apos;GET&apos; to &apos;http://sagarvarule_Nv2k8l:xTzj2eNxZytnJbrx1e6C@hub-cloud.browserstack.com/wd/hub/session/eda2ebede5b4f1c4a3da0ae80d76cf0c2ffae504/element/08236090-f090-4cdd-9260-c865b7d28246/displayed&apos;
21:14:45.028 [Forwarding isElementDisplayed on session eda2ebede5b4f1c4a3da0ae80d76cf0c2ffae504 to remote] DEBUG org.asynchttpclient.netty.request.NettyRequestSender - Using open Channel [id: 0x9686cea6, L:/192.168.0.148:65120 - R:hub-cloud.browserstack.com/103.126.7.240:80] for GET &apos;/wd/hub/session/eda2ebede5b4f1c4a3da0ae80d76cf0c2ffae504/element/08236090-f090-4cdd-9260-c865b7d28246/displayed&apos;
21:14:45.113 [AsyncHttpClient-1-4] DEBUG org.asynchttpclient.netty.handler.HttpHandler - 

Request DefaultFullHttpRequest(decodeResult: success, version: HTTP/1.1, content: EmptyByteBufBE)
GET /wd/hub/session/eda2ebede5b4f1c4a3da0ae80d76cf0c2ffae504/element/08236090-f090-4cdd-9260-c865b7d28246/displayed HTTP/1.1
User-Agent: selenium/4.5.0 (java windows)
Cache-Control: no-cache
Content-Type: application/json; charset=utf-8
host: hub-cloud.browserstack.com
authorization: Basic c2FnYXJ2YXJ1bGVfTnYyazhsOnhUemoyZU54Wnl0bkpicngxZTZD
accept: */*

Response DefaultHttpResponse(decodeResult: success, version: HTTP/1.1)
HTTP/1.1 200 OK
Server: nginx
Date: Thu, 01 Dec 2022 15:44:45 GMT
Content-Type: application/json; charset=utf-8
Connection: keep-alive
Source-From: 02
x-powered-by: Express
etag: W/&quot;e-2ZHvAWebNQpyjGZTg6uyV8/spTo&quot;
content-length: 14

21:14:45.114 [AsyncHttpClient-1-4] DEBUG org.asynchttpclient.netty.channel.ChannelManager - Adding key: http://hub-cloud.browserstack.com:80 for channel [id: 0x9686cea6, L:/192.168.0.148:65120 - R:hub-cloud.browserstack.com/103.126.7.240:80]
21:14:45.115 [Forwarding findElement on session eda2ebede5b4f1c4a3da0ae80d76cf0c2ffae504 to remote] DEBUG org.asynchttpclient.netty.request.NettyRequestSender - Using pooled Channel &apos;[id: 0x9686cea6, L:/192.168.0.148:65120 - R:hub-cloud.browserstack.com/103.126.7.240:80]&apos; for &apos;POST&apos; to &apos;http://sagarvarule_Nv2k8l:xTzj2eNxZytnJbrx1e6C@hub-cloud.browserstack.com/wd/hub/session/eda2ebede5b4f1c4a3da0ae80d76cf0c2ffae504/element&apos;
21:14:45.116 [Forwarding findElement on session eda2ebede5b4f1c4a3da0ae80d76cf0c2ffae504 to remote] DEBUG org.asynchttpclient.netty.request.NettyRequestSender - Using open Channel [id: 0x9686cea6, L:/192.168.0.148:65120 - R:hub-cloud.browserstack.com/103.126.7.240:80] for POST &apos;/wd/hub/session/eda2ebede5b4f1c4a3da0ae80d76cf0c2ffae504/element&apos;
21:14:45.193 [AsyncHttpClient-1-4] DEBUG org.asynchttpclient.netty.handler.HttpHandler - 

Request DefaultHttpRequest(decodeResult: success, version: HTTP/1.1)
POST /wd/hub/session/eda2ebede5b4f1c4a3da0ae80d76cf0c2ffae504/element HTTP/1.1
User-Agent: selenium/4.5.0 (java windows)
Content-Length: 94
Content-Type: application/json; charset=utf-8
host: hub-cloud.browserstack.com
authorization: Basic c2FnYXJ2YXJ1bGVfTnYyazhsOnhUemoyZU54Wnl0bkpicngxZTZD
accept: */*

Response DefaultHttpResponse(decodeResult: success, version: HTTP/1.1)
HTTP/1.1 200 OK
Server: nginx
Date: Thu, 01 Dec 2022 15:44:45 GMT
Content-Type: application/json; charset=utf-8
Connection: keep-alive
Source-From: 02
x-powered-by: Express
vary: X-HTTP-Method-Override
etag: W/&quot;89-FYV8Se2ykN6LrZKd5AgmK/jZO6g&quot;
content-length: 137

21:14:45.194 [AsyncHttpClient-1-4] DEBUG org.asynchttpclient.netty.channel.ChannelManager - Adding key: http://hub-cloud.browserstack.com:80 for channel [id: 0x9686cea6, L:/192.168.0.148:65120 - R:hub-cloud.browserstack.com/103.126.7.240:80]
21:14:45.194 [Forwarding isElementEnabled on session eda2ebede5b4f1c4a3da0ae80d76cf0c2ffae504 to remote] DEBUG org.asynchttpclient.netty.request.NettyRequestSender - Using pooled Channel &apos;[id: 0x9686cea6, L:/192.168.0.148:65120 - R:hub-cloud.browserstack.com/103.126.7.240:80]&apos; for &apos;GET&apos; to &apos;http://sagarvarule_Nv2k8l:xTzj2eNxZytnJbrx1e6C@hub-cloud.browserstack.com/wd/hub/session/eda2ebede5b4f1c4a3da0ae80d76cf0c2ffae504/element/083e2a2d-ebbb-443c-9035-456b048b1158/enabled&apos;
21:14:45.195 [Forwarding isElementEnabled on session eda2ebede5b4f1c4a3da0ae80d76cf0c2ffae504 to remote] DEBUG org.asynchttpclient.netty.request.NettyRequestSender - Using open Channel [id: 0x9686cea6, L:/192.168.0.148:65120 - R:hub-cloud.browserstack.com/103.126.7.240:80] for GET &apos;/wd/hub/session/eda2ebede5b4f1c4a3da0ae80d76cf0c2ffae504/element/083e2a2d-ebbb-443c-9035-456b048b1158/enabled&apos;
21:14:45.269 [AsyncHttpClient-1-4] DEBUG org.asynchttpclient.netty.handler.HttpHandler - 

Request DefaultFullHttpRequest(decodeResult: success, version: HTTP/1.1, content: EmptyByteBufBE)
GET /wd/hub/session/eda2ebede5b4f1c4a3da0ae80d76cf0c2ffae504/element/083e2a2d-ebbb-443c-9035-456b048b1158/enabled HTTP/1.1
User-Agent: selenium/4.5.0 (java windows)
Cache-Control: no-cache
Content-Type: application/json; charset=utf-8
host: hub-cloud.browserstack.com
authorization: Basic c2FnYXJ2YXJ1bGVfTnYyazhsOnhUemoyZU54Wnl0bkpicngxZTZD
accept: */*

Response DefaultHttpResponse(decodeResult: success, version: HTTP/1.1)
HTTP/1.1 200 OK
Server: nginx
Date: Thu, 01 Dec 2022 15:44:45 GMT
Content-Type: application/json; charset=utf-8
Connection: keep-alive
Source-From: 02
x-powered-by: Express
etag: W/&quot;e-2ZHvAWebNQpyjGZTg6uyV8/spTo&quot;
content-length: 14

21:14:45.269 [AsyncHttpClient-1-4] DEBUG org.asynchttpclient.netty.channel.ChannelManager - Adding key: http://hub-cloud.browserstack.com:80 for channel [id: 0x9686cea6, L:/192.168.0.148:65120 - R:hub-cloud.browserstack.com/103.126.7.240:80]
21:14:45.270 [Forwarding findElement on session eda2ebede5b4f1c4a3da0ae80d76cf0c2ffae504 to remote] DEBUG org.asynchttpclient.netty.request.NettyRequestSender - Using pooled Channel &apos;[id: 0x9686cea6, L:/192.168.0.148:65120 - R:hub-cloud.browserstack.com/103.126.7.240:80]&apos; for &apos;POST&apos; to &apos;http://sagarvarule_Nv2k8l:xTzj2eNxZytnJbrx1e6C@hub-cloud.browserstack.com/wd/hub/session/eda2ebede5b4f1c4a3da0ae80d76cf0c2ffae504/element&apos;
21:14:45.271 [Forwarding findElement on session eda2ebede5b4f1c4a3da0ae80d76cf0c2ffae504 to remote] DEBUG org.asynchttpclient.netty.request.NettyRequestSender - Using open Channel [id: 0x9686cea6, L:/192.168.0.148:65120 - R:hub-cloud.browserstack.com/103.126.7.240:80] for POST &apos;/wd/hub/session/eda2ebede5b4f1c4a3da0ae80d76cf0c2ffae504/element&apos;
21:14:45.349 [AsyncHttpClient-1-4] DEBUG org.asynchttpclient.netty.handler.HttpHandler - 

Request DefaultHttpRequest(decodeResult: success, version: HTTP/1.1)
POST /wd/hub/session/eda2ebede5b4f1c4a3da0ae80d76cf0c2ffae504/element HTTP/1.1
User-Agent: selenium/4.5.0 (java windows)
Content-Length: 94
Content-Type: application/json; charset=utf-8
host: hub-cloud.browserstack.com
authorization: Basic c2FnYXJ2YXJ1bGVfTnYyazhsOnhUemoyZU54Wnl0bkpicngxZTZD
accept: */*

Response DefaultHttpResponse(decodeResult: success, version: HTTP/1.1)
HTTP/1.1 200 OK
Server: nginx
Date: Thu, 01 Dec 2022 15:44:45 GMT
Content-Type: application/json; charset=utf-8
Connection: keep-alive
Source-From: 02
x-powered-by: Express
vary: X-HTTP-Method-Override
etag: W/&quot;89-c+2D6zLnHafwUEM4WLWZ/JU+2q8&quot;
content-length: 137

21:14:45.349 [AsyncHttpClient-1-4] DEBUG org.asynchttpclient.netty.channel.ChannelManager - Adding key: http://hub-cloud.browserstack.com:80 for channel [id: 0x9686cea6, L:/192.168.0.148:65120 - R:hub-cloud.browserstack.com/103.126.7.240:80]
21:14:45.351 [Forwarding clickElement on session eda2ebede5b4f1c4a3da0ae80d76cf0c2ffae504 to remote] DEBUG org.asynchttpclient.netty.request.NettyRequestSender - Using pooled Channel &apos;[id: 0x9686cea6, L:/192.168.0.148:65120 - R:hub-cloud.browserstack.com/103.126.7.240:80]&apos; for &apos;POST&apos; to &apos;http://sagarvarule_Nv2k8l:xTzj2eNxZytnJbrx1e6C@hub-cloud.browserstack.com/wd/hub/session/eda2ebede5b4f1c4a3da0ae80d76cf0c2ffae504/element/839eaf0d-78ed-4fec-b484-578fe365534d/click&apos;
21:14:45.351 [Forwarding clickElement on session eda2ebede5b4f1c4a3da0ae80d76cf0c2ffae504 to remote] DEBUG org.asynchttpclient.netty.request.NettyRequestSender - Using open Channel [id: 0x9686cea6, L:/192.168.0.148:65120 - R:hub-cloud.browserstack.com/103.126.7.240:80] for POST &apos;/wd/hub/session/eda2ebede5b4f1c4a3da0ae80d76cf0c2ffae504/element/839eaf0d-78ed-4fec-b484-578fe365534d/click&apos;
21:14:45.448 [AsyncHttpClient-1-4] DEBUG org.asynchttpclient.netty.handler.HttpHandler - 

Request DefaultHttpRequest(decodeResult: success, version: HTTP/1.1)
POST /wd/hub/session/eda2ebede5b4f1c4a3da0ae80d76cf0c2ffae504/element/839eaf0d-78ed-4fec-b484-578fe365534d/click HTTP/1.1
User-Agent: selenium/4.5.0 (java windows)
Content-Length: 50
Content-Type: application/json; charset=utf-8
host: hub-cloud.browserstack.com
authorization: Basic c2FnYXJ2YXJ1bGVfTnYyazhsOnhUemoyZU54Wnl0bkpicngxZTZD
accept: */*

Response DefaultHttpResponse(decodeResult: success, version: HTTP/1.1)
HTTP/1.1 200 OK
Server: nginx
Date: Thu, 01 Dec 2022 15:44:45 GMT
Content-Type: application/json; charset=utf-8
Connection: keep-alive
Source-From: 02
x-powered-by: Express
vary: X-HTTP-Method-Override
etag: W/&quot;e-9/1BuKMgFObM1mWJm+YjxtXJnUM&quot;
content-length: 14

21:14:45.448 [AsyncHttpClient-1-4] DEBUG org.asynchttpclient.netty.channel.ChannelManager - Adding key: http://hub-cloud.browserstack.com:80 for channel [id: 0x9686cea6, L:/192.168.0.148:65120 - R:hub-cloud.browserstack.com/103.126.7.240:80]
  &amp;#27;[32mWhen &amp;#27;[0m&amp;#27;[32mI add Note with &amp;#27;[0m&amp;#27;[32m&amp;#27;[1m&quot;Title_Marco&quot;&amp;#27;[0m&amp;#27;[32m and &amp;#27;[0m&amp;#27;[32m&amp;#27;[1m&quot;text: Some text Description2&quot;&amp;#27;[0m &amp;#27;[90m# com.example.cocusmobiletest.stepdefinitions.NewNoteStepdefs.I_add_Note_with_and(java.lang.String,java.lang.String)&amp;#27;[0m
21:14:45.450 [Forwarding findElement on session eda2ebede5b4f1c4a3da0ae80d76cf0c2ffae504 to remote] DEBUG org.asynchttpclient.netty.request.NettyRequestSender - Using pooled Channel &apos;[id: 0x9686cea6, L:/192.168.0.148:65120 - R:hub-cloud.browserstack.com/103.126.7.240:80]&apos; for &apos;POST&apos; to &apos;http://sagarvarule_Nv2k8l:xTzj2eNxZytnJbrx1e6C@hub-cloud.browserstack.com/wd/hub/session/eda2ebede5b4f1c4a3da0ae80d76cf0c2ffae504/element&apos;
21:14:45.451 [Forwarding findElement on session eda2ebede5b4f1c4a3da0ae80d76cf0c2ffae504 to remote] DEBUG org.asynchttpclient.netty.request.NettyRequestSender - Using open Channel [id: 0x9686cea6, L:/192.168.0.148:65120 - R:hub-cloud.browserstack.com/103.126.7.240:80] for POST &apos;/wd/hub/session/eda2ebede5b4f1c4a3da0ae80d76cf0c2ffae504/element&apos;
21:14:47.604 [AsyncHttpClient-1-4] DEBUG org.asynchttpclient.netty.handler.HttpHandler - 

Request DefaultHttpRequest(decodeResult: success, version: HTTP/1.1)
POST /wd/hub/session/eda2ebede5b4f1c4a3da0ae80d76cf0c2ffae504/element HTTP/1.1
User-Agent: selenium/4.5.0 (java windows)
Content-Length: 94
Content-Type: application/json; charset=utf-8
host: hub-cloud.browserstack.com
authorization: Basic c2FnYXJ2YXJ1bGVfTnYyazhsOnhUemoyZU54Wnl0bkpicngxZTZD
accept: */*

Response DefaultHttpResponse(decodeResult: success, version: HTTP/1.1)
HTTP/1.1 200 OK
Server: nginx
Date: Thu, 01 Dec 2022 15:44:47 GMT
Content-Type: application/json; charset=utf-8
Connection: keep-alive
Source-From: 02
x-powered-by: Express
vary: X-HTTP-Method-Override
etag: W/&quot;89-DJ6dd7get4EyTHZyQUKSH0aaqYo&quot;
content-length: 137

21:14:47.604 [AsyncHttpClient-1-4] DEBUG org.asynchttpclient.netty.channel.ChannelManager - Adding key: http://hub-cloud.browserstack.com:80 for channel [id: 0x9686cea6, L:/192.168.0.148:65120 - R:hub-cloud.browserstack.com/103.126.7.240:80]
21:14:47.605 [Forwarding isElementDisplayed on session eda2ebede5b4f1c4a3da0ae80d76cf0c2ffae504 to remote] DEBUG org.asynchttpclient.netty.request.NettyRequestSender - Using pooled Channel &apos;[id: 0x9686cea6, L:/192.168.0.148:65120 - R:hub-cloud.browserstack.com/103.126.7.240:80]&apos; for &apos;GET&apos; to &apos;http://sagarvarule_Nv2k8l:xTzj2eNxZytnJbrx1e6C@hub-cloud.browserstack.com/wd/hub/session/eda2ebede5b4f1c4a3da0ae80d76cf0c2ffae504/element/0ef61cc3-d4e0-480a-80e6-933678092362/displayed&apos;
21:14:47.606 [Forwarding isElementDisplayed on session eda2ebede5b4f1c4a3da0ae80d76cf0c2ffae504 to remote] DEBUG org.asynchttpclient.netty.request.NettyRequestSender - Using open Channel [id: 0x9686cea6, L:/192.168.0.148:65120 - R:hub-cloud.browserstack.com/103.126.7.240:80] for GET &apos;/wd/hub/session/eda2ebede5b4f1c4a3da0ae80d76cf0c2ffae504/element/0ef61cc3-d4e0-480a-80e6-933678092362/displayed&apos;
21:14:47.680 [AsyncHttpClient-1-4] DEBUG org.asynchttpclient.netty.handler.HttpHandler - 

Request DefaultFullHttpRequest(decodeResult: success, version: HTTP/1.1, content: EmptyByteBufBE)
GET /wd/hub/session/eda2ebede5b4f1c4a3da0ae80d76cf0c2ffae504/element/0ef61cc3-d4e0-480a-80e6-933678092362/displayed HTTP/1.1
User-Agent: selenium/4.5.0 (java windows)
Cache-Control: no-cache
Content-Type: application/json; charset=utf-8
host: hub-cloud.browserstack.com
authorization: Basic c2FnYXJ2YXJ1bGVfTnYyazhsOnhUemoyZU54Wnl0bkpicngxZTZD
accept: */*

Response DefaultHttpResponse(decodeResult: success, version: HTTP/1.1)
HTTP/1.1 200 OK
Server: nginx
Date: Thu, 01 Dec 2022 15:44:47 GMT
Content-Type: application/json; charset=utf-8
Connection: keep-alive
Source-From: 02
x-powered-by: Express
etag: W/&quot;e-2ZHvAWebNQpyjGZTg6uyV8/spTo&quot;
content-length: 14

21:14:47.681 [AsyncHttpClient-1-4] DEBUG org.asynchttpclient.netty.channel.ChannelManager - Adding key: http://hub-cloud.browserstack.com:80 for channel [id: 0x9686cea6, L:/192.168.0.148:65120 - R:hub-cloud.browserstack.com/103.126.7.240:80]
21:14:47.682 [Forwarding findElement on session eda2ebede5b4f1c4a3da0ae80d76cf0c2ffae504 to remote] DEBUG org.asynchttpclient.netty.request.NettyRequestSender - Using pooled Channel &apos;[id: 0x9686cea6, L:/192.168.0.148:65120 - R:hub-cloud.browserstack.com/103.126.7.240:80]&apos; for &apos;POST&apos; to &apos;http://sagarvarule_Nv2k8l:xTzj2eNxZytnJbrx1e6C@hub-cloud.browserstack.com/wd/hub/session/eda2ebede5b4f1c4a3da0ae80d76cf0c2ffae504/element&apos;
21:14:47.682 [Forwarding findElement on session eda2ebede5b4f1c4a3da0ae80d76cf0c2ffae504 to remote] DEBUG org.asynchttpclient.netty.request.NettyRequestSender - Using open Channel [id: 0x9686cea6, L:/192.168.0.148:65120 - R:hub-cloud.browserstack.com/103.126.7.240:80] for POST &apos;/wd/hub/session/eda2ebede5b4f1c4a3da0ae80d76cf0c2ffae504/element&apos;
21:14:47.775 [AsyncHttpClient-1-4] DEBUG org.asynchttpclient.netty.handler.HttpHandler - 

Request DefaultHttpRequest(decodeResult: success, version: HTTP/1.1)
POST /wd/hub/session/eda2ebede5b4f1c4a3da0ae80d76cf0c2ffae504/element HTTP/1.1
User-Agent: selenium/4.5.0 (java windows)
Content-Length: 94
Content-Type: application/json; charset=utf-8
host: hub-cloud.browserstack.com
authorization: Basic c2FnYXJ2YXJ1bGVfTnYyazhsOnhUemoyZU54Wnl0bkpicngxZTZD
accept: */*

Response DefaultHttpResponse(decodeResult: success, version: HTTP/1.1)
HTTP/1.1 200 OK
Server: nginx
Date: Thu, 01 Dec 2022 15:44:47 GMT
Content-Type: application/json; charset=utf-8
Connection: keep-alive
Source-From: 02
x-powered-by: Express
vary: X-HTTP-Method-Override
etag: W/&quot;89-yZ7j7XRLCuXQ69LWdghXF1ER914&quot;
content-length: 137

21:14:47.775 [AsyncHttpClient-1-4] DEBUG org.asynchttpclient.netty.channel.ChannelManager - Adding key: http://hub-cloud.browserstack.com:80 for channel [id: 0x9686cea6, L:/192.168.0.148:65120 - R:hub-cloud.browserstack.com/103.126.7.240:80]
21:14:47.778 [Forwarding isElementEnabled on session eda2ebede5b4f1c4a3da0ae80d76cf0c2ffae504 to remote] DEBUG org.asynchttpclient.netty.request.NettyRequestSender - Using pooled Channel &apos;[id: 0x9686cea6, L:/192.168.0.148:65120 - R:hub-cloud.browserstack.com/103.126.7.240:80]&apos; for &apos;GET&apos; to &apos;http://sagarvarule_Nv2k8l:xTzj2eNxZytnJbrx1e6C@hub-cloud.browserstack.com/wd/hub/session/eda2ebede5b4f1c4a3da0ae80d76cf0c2ffae504/element/e4740ac8-d872-466e-a016-a1bb5cf9107f/enabled&apos;
21:14:47.778 [Forwarding isElementEnabled on session eda2ebede5b4f1c4a3da0ae80d76cf0c2ffae504 to remote] DEBUG org.asynchttpclient.netty.request.NettyRequestSender - Using open Channel [id: 0x9686cea6, L:/192.168.0.148:65120 - R:hub-cloud.browserstack.com/103.126.7.240:80] for GET &apos;/wd/hub/session/eda2ebede5b4f1c4a3da0ae80d76cf0c2ffae504/element/e4740ac8-d872-466e-a016-a1bb5cf9107f/enabled&apos;
21:14:47.853 [AsyncHttpClient-1-4] DEBUG org.asynchttpclient.netty.handler.HttpHandler - 

Request DefaultFullHttpRequest(decodeResult: success, version: HTTP/1.1, content: EmptyByteBufBE)
GET /wd/hub/session/eda2ebede5b4f1c4a3da0ae80d76cf0c2ffae504/element/e4740ac8-d872-466e-a016-a1bb5cf9107f/enabled HTTP/1.1
User-Agent: selenium/4.5.0 (java windows)
Cache-Control: no-cache
Content-Type: application/json; charset=utf-8
host: hub-cloud.browserstack.com
authorization: Basic c2FnYXJ2YXJ1bGVfTnYyazhsOnhUemoyZU54Wnl0bkpicngxZTZD
accept: */*

Response DefaultHttpResponse(decodeResult: success, version: HTTP/1.1)
HTTP/1.1 200 OK
Server: nginx
Date: Thu, 01 Dec 2022 15:44:47 GMT
Content-Type: application/json; charset=utf-8
Connection: keep-alive
Source-From: 02
x-powered-by: Express
etag: W/&quot;e-2ZHvAWebNQpyjGZTg6uyV8/spTo&quot;
content-length: 14

21:14:47.853 [AsyncHttpClient-1-4] DEBUG org.asynchttpclient.netty.channel.ChannelManager - Adding key: http://hub-cloud.browserstack.com:80 for channel [id: 0x9686cea6, L:/192.168.0.148:65120 - R:hub-cloud.browserstack.com/103.126.7.240:80]
21:14:47.855 [Forwarding findElement on session eda2ebede5b4f1c4a3da0ae80d76cf0c2ffae504 to remote] DEBUG org.asynchttpclient.netty.request.NettyRequestSender - Using pooled Channel &apos;[id: 0x9686cea6, L:/192.168.0.148:65120 - R:hub-cloud.browserstack.com/103.126.7.240:80]&apos; for &apos;POST&apos; to &apos;http://sagarvarule_Nv2k8l:xTzj2eNxZytnJbrx1e6C@hub-cloud.browserstack.com/wd/hub/session/eda2ebede5b4f1c4a3da0ae80d76cf0c2ffae504/element&apos;
21:14:47.855 [Forwarding findElement on session eda2ebede5b4f1c4a3da0ae80d76cf0c2ffae504 to remote] DEBUG org.asynchttpclient.netty.request.NettyRequestSender - Using open Channel [id: 0x9686cea6, L:/192.168.0.148:65120 - R:hub-cloud.browserstack.com/103.126.7.240:80] for POST &apos;/wd/hub/session/eda2ebede5b4f1c4a3da0ae80d76cf0c2ffae504/element&apos;
21:14:47.951 [AsyncHttpClient-1-4] DEBUG org.asynchttpclient.netty.handler.HttpHandler - 

Request DefaultHttpRequest(decodeResult: success, version: HTTP/1.1)
POST /wd/hub/session/eda2ebede5b4f1c4a3da0ae80d76cf0c2ffae504/element HTTP/1.1
User-Agent: selenium/4.5.0 (java windows)
Content-Length: 94
Content-Type: application/json; charset=utf-8
host: hub-cloud.browserstack.com
authorization: Basic c2FnYXJ2YXJ1bGVfTnYyazhsOnhUemoyZU54Wnl0bkpicngxZTZD
accept: */*

Response DefaultHttpResponse(decodeResult: success, version: HTTP/1.1)
HTTP/1.1 200 OK
Server: nginx
Date: Thu, 01 Dec 2022 15:44:47 GMT
Content-Type: application/json; charset=utf-8
Connection: keep-alive
Source-From: 02
x-powered-by: Express
vary: X-HTTP-Method-Override
etag: W/&quot;89-kSwdLy6gJn/BkMMSf+noE6O13uo&quot;
content-length: 137

21:14:47.951 [AsyncHttpClient-1-4] DEBUG org.asynchttpclient.netty.channel.ChannelManager - Adding key: http://hub-cloud.browserstack.com:80 for channel [id: 0x9686cea6, L:/192.168.0.148:65120 - R:hub-cloud.browserstack.com/103.126.7.240:80]
21:14:47.953 [Forwarding isElementDisplayed on session eda2ebede5b4f1c4a3da0ae80d76cf0c2ffae504 to remote] DEBUG org.asynchttpclient.netty.request.NettyRequestSender - Using pooled Channel &apos;[id: 0x9686cea6, L:/192.168.0.148:65120 - R:hub-cloud.browserstack.com/103.126.7.240:80]&apos; for &apos;GET&apos; to &apos;http://sagarvarule_Nv2k8l:xTzj2eNxZytnJbrx1e6C@hub-cloud.browserstack.com/wd/hub/session/eda2ebede5b4f1c4a3da0ae80d76cf0c2ffae504/element/1103a448-57ac-4692-99fb-79605e14230c/displayed&apos;
21:14:47.953 [Forwarding isElementDisplayed on session eda2ebede5b4f1c4a3da0ae80d76cf0c2ffae504 to remote] DEBUG org.asynchttpclient.netty.request.NettyRequestSender - Using open Channel [id: 0x9686cea6, L:/192.168.0.148:65120 - R:hub-cloud.browserstack.com/103.126.7.240:80] for GET &apos;/wd/hub/session/eda2ebede5b4f1c4a3da0ae80d76cf0c2ffae504/element/1103a448-57ac-4692-99fb-79605e14230c/displayed&apos;
21:14:48.027 [AsyncHttpClient-1-4] DEBUG org.asynchttpclient.netty.handler.HttpHandler - 

Request DefaultFullHttpRequest(decodeResult: success, version: HTTP/1.1, content: EmptyByteBufBE)
GET /wd/hub/session/eda2ebede5b4f1c4a3da0ae80d76cf0c2ffae504/element/1103a448-57ac-4692-99fb-79605e14230c/displayed HTTP/1.1
User-Agent: selenium/4.5.0 (java windows)
Cache-Control: no-cache
Content-Type: application/json; charset=utf-8
host: hub-cloud.browserstack.com
authorization: Basic c2FnYXJ2YXJ1bGVfTnYyazhsOnhUemoyZU54Wnl0bkpicngxZTZD
accept: */*

Response DefaultHttpResponse(decodeResult: success, version: HTTP/1.1)
HTTP/1.1 200 OK
Server: nginx
Date: Thu, 01 Dec 2022 15:44:48 GMT
Content-Type: application/json; charset=utf-8
Connection: keep-alive
Source-From: 02
x-powered-by: Express
etag: W/&quot;e-2ZHvAWebNQpyjGZTg6uyV8/spTo&quot;
content-length: 14

21:14:48.027 [AsyncHttpClient-1-4] DEBUG org.asynchttpclient.netty.channel.ChannelManager - Adding key: http://hub-cloud.browserstack.com:80 for channel [id: 0x9686cea6, L:/192.168.0.148:65120 - R:hub-cloud.browserstack.com/103.126.7.240:80]
21:14:48.031 [Forwarding findElement on session eda2ebede5b4f1c4a3da0ae80d76cf0c2ffae504 to remote] DEBUG org.asynchttpclient.netty.request.NettyRequestSender - Using pooled Channel &apos;[id: 0x9686cea6, L:/192.168.0.148:65120 - R:hub-cloud.browserstack.com/103.126.7.240:80]&apos; for &apos;POST&apos; to &apos;http://sagarvarule_Nv2k8l:xTzj2eNxZytnJbrx1e6C@hub-cloud.browserstack.com/wd/hub/session/eda2ebede5b4f1c4a3da0ae80d76cf0c2ffae504/element&apos;
21:14:48.031 [Forwarding findElement on session eda2ebede5b4f1c4a3da0ae80d76cf0c2ffae504 to remote] DEBUG org.asynchttpclient.netty.request.NettyRequestSender - Using open Channel [id: 0x9686cea6, L:/192.168.0.148:65120 - R:hub-cloud.browserstack.com/103.126.7.240:80] for POST &apos;/wd/hub/session/eda2ebede5b4f1c4a3da0ae80d76cf0c2ffae504/element&apos;
21:14:48.119 [AsyncHttpClient-1-4] DEBUG org.asynchttpclient.netty.handler.HttpHandler - 

Request DefaultHttpRequest(decodeResult: success, version: HTTP/1.1)
POST /wd/hub/session/eda2ebede5b4f1c4a3da0ae80d76cf0c2ffae504/element HTTP/1.1
User-Agent: selenium/4.5.0 (java windows)
Content-Length: 94
Content-Type: application/json; charset=utf-8
host: hub-cloud.browserstack.com
authorization: Basic c2FnYXJ2YXJ1bGVfTnYyazhsOnhUemoyZU54Wnl0bkpicngxZTZD
accept: */*

Response DefaultHttpResponse(decodeResult: success, version: HTTP/1.1)
HTTP/1.1 200 OK
Server: nginx
Date: Thu, 01 Dec 2022 15:44:48 GMT
Content-Type: application/json; charset=utf-8
Connection: keep-alive
Source-From: 02
x-powered-by: Express
vary: X-HTTP-Method-Override
etag: W/&quot;89-EmMyugRs0YYxqvsgbXifK3kGe+4&quot;
content-length: 137

21:14:48.119 [AsyncHttpClient-1-4] DEBUG org.asynchttpclient.netty.channel.ChannelManager - Adding key: http://hub-cloud.browserstack.com:80 for channel [id: 0x9686cea6, L:/192.168.0.148:65120 - R:hub-cloud.browserstack.com/103.126.7.240:80]
21:14:48.121 [Forwarding isElementEnabled on session eda2ebede5b4f1c4a3da0ae80d76cf0c2ffae504 to remote] DEBUG org.asynchttpclient.netty.request.NettyRequestSender - Using pooled Channel &apos;[id: 0x9686cea6, L:/192.168.0.148:65120 - R:hub-cloud.browserstack.com/103.126.7.240:80]&apos; for &apos;GET&apos; to &apos;http://sagarvarule_Nv2k8l:xTzj2eNxZytnJbrx1e6C@hub-cloud.browserstack.com/wd/hub/session/eda2ebede5b4f1c4a3da0ae80d76cf0c2ffae504/element/9f39dcc8-6ea8-4aca-b537-733897550f4e/enabled&apos;
21:14:48.121 [Forwarding isElementEnabled on session eda2ebede5b4f1c4a3da0ae80d76cf0c2ffae504 to remote] DEBUG org.asynchttpclient.netty.request.NettyRequestSender - Using open Channel [id: 0x9686cea6, L:/192.168.0.148:65120 - R:hub-cloud.browserstack.com/103.126.7.240:80] for GET &apos;/wd/hub/session/eda2ebede5b4f1c4a3da0ae80d76cf0c2ffae504/element/9f39dcc8-6ea8-4aca-b537-733897550f4e/enabled&apos;
21:14:48.194 [AsyncHttpClient-1-4] DEBUG org.asynchttpclient.netty.handler.HttpHandler - 

Request DefaultFullHttpRequest(decodeResult: success, version: HTTP/1.1, content: EmptyByteBufBE)
GET /wd/hub/session/eda2ebede5b4f1c4a3da0ae80d76cf0c2ffae504/element/9f39dcc8-6ea8-4aca-b537-733897550f4e/enabled HTTP/1.1
User-Agent: selenium/4.5.0 (java windows)
Cache-Control: no-cache
Content-Type: application/json; charset=utf-8
host: hub-cloud.browserstack.com
authorization: Basic c2FnYXJ2YXJ1bGVfTnYyazhsOnhUemoyZU54Wnl0bkpicngxZTZD
accept: */*

Response DefaultHttpResponse(decodeResult: success, version: HTTP/1.1)
HTTP/1.1 200 OK
Server: nginx
Date: Thu, 01 Dec 2022 15:44:48 GMT
Content-Type: application/json; charset=utf-8
Connection: keep-alive
Source-From: 02
x-powered-by: Express
etag: W/&quot;e-2ZHvAWebNQpyjGZTg6uyV8/spTo&quot;
content-length: 14

21:14:48.195 [AsyncHttpClient-1-4] DEBUG org.asynchttpclient.netty.channel.ChannelManager - Adding key: http://hub-cloud.browserstack.com:80 for channel [id: 0x9686cea6, L:/192.168.0.148:65120 - R:hub-cloud.browserstack.com/103.126.7.240:80]
21:14:48.197 [Forwarding findElement on session eda2ebede5b4f1c4a3da0ae80d76cf0c2ffae504 to remote] DEBUG org.asynchttpclient.netty.request.NettyRequestSender - Using pooled Channel &apos;[id: 0x9686cea6, L:/192.168.0.148:65120 - R:hub-cloud.browserstack.com/103.126.7.240:80]&apos; for &apos;POST&apos; to &apos;http://sagarvarule_Nv2k8l:xTzj2eNxZytnJbrx1e6C@hub-cloud.browserstack.com/wd/hub/session/eda2ebede5b4f1c4a3da0ae80d76cf0c2ffae504/element&apos;
21:14:48.197 [Forwarding findElement on session eda2ebede5b4f1c4a3da0ae80d76cf0c2ffae504 to remote] DEBUG org.asynchttpclient.netty.request.NettyRequestSender - Using open Channel [id: 0x9686cea6, L:/192.168.0.148:65120 - R:hub-cloud.browserstack.com/103.126.7.240:80] for POST &apos;/wd/hub/session/eda2ebede5b4f1c4a3da0ae80d76cf0c2ffae504/element&apos;
21:14:48.283 [AsyncHttpClient-1-4] DEBUG org.asynchttpclient.netty.handler.HttpHandler - 

Request DefaultHttpRequest(decodeResult: success, version: HTTP/1.1)
POST /wd/hub/session/eda2ebede5b4f1c4a3da0ae80d76cf0c2ffae504/element HTTP/1.1
User-Agent: selenium/4.5.0 (java windows)
Content-Length: 94
Content-Type: application/json; charset=utf-8
host: hub-cloud.browserstack.com
authorization: Basic c2FnYXJ2YXJ1bGVfTnYyazhsOnhUemoyZU54Wnl0bkpicngxZTZD
accept: */*

Response DefaultHttpResponse(decodeResult: success, version: HTTP/1.1)
HTTP/1.1 200 OK
Server: nginx
Date: Thu, 01 Dec 2022 15:44:48 GMT
Content-Type: application/json; charset=utf-8
Connection: keep-alive
Source-From: 02
x-powered-by: Express
vary: X-HTTP-Method-Override
etag: W/&quot;89-AAioUelA5fpyeV8I9+bkyD5DCn8&quot;
content-length: 137

21:14:48.284 [AsyncHttpClient-1-4] DEBUG org.asynchttpclient.netty.channel.ChannelManager - Adding key: http://hub-cloud.browserstack.com:80 for channel [id: 0x9686cea6, L:/192.168.0.148:65120 - R:hub-cloud.browserstack.com/103.126.7.240:80]
21:14:48.286 [Forwarding clickElement on session eda2ebede5b4f1c4a3da0ae80d76cf0c2ffae504 to remote] DEBUG org.asynchttpclient.netty.request.NettyRequestSender - Using pooled Channel &apos;[id: 0x9686cea6, L:/192.168.0.148:65120 - R:hub-cloud.browserstack.com/103.126.7.240:80]&apos; for &apos;POST&apos; to &apos;http://sagarvarule_Nv2k8l:xTzj2eNxZytnJbrx1e6C@hub-cloud.browserstack.com/wd/hub/session/eda2ebede5b4f1c4a3da0ae80d76cf0c2ffae504/element/19006467-02d3-4bba-b229-2a879e4d1332/click&apos;
21:14:48.287 [Forwarding clickElement on session eda2ebede5b4f1c4a3da0ae80d76cf0c2ffae504 to remote] DEBUG org.asynchttpclient.netty.request.NettyRequestSender - Using open Channel [id: 0x9686cea6, L:/192.168.0.148:65120 - R:hub-cloud.browserstack.com/103.126.7.240:80] for POST &apos;/wd/hub/session/eda2ebede5b4f1c4a3da0ae80d76cf0c2ffae504/element/19006467-02d3-4bba-b229-2a879e4d1332/click&apos;
21:14:48.375 [AsyncHttpClient-1-4] DEBUG org.asynchttpclient.netty.handler.HttpHandler - 

Request DefaultHttpRequest(decodeResult: success, version: HTTP/1.1)
POST /wd/hub/session/eda2ebede5b4f1c4a3da0ae80d76cf0c2ffae504/element/19006467-02d3-4bba-b229-2a879e4d1332/click HTTP/1.1
User-Agent: selenium/4.5.0 (java windows)
Content-Length: 50
Content-Type: application/json; charset=utf-8
host: hub-cloud.browserstack.com
authorization: Basic c2FnYXJ2YXJ1bGVfTnYyazhsOnhUemoyZU54Wnl0bkpicngxZTZD
accept: */*

Response DefaultHttpResponse(decodeResult: success, version: HTTP/1.1)
HTTP/1.1 200 OK
Server: nginx
Date: Thu, 01 Dec 2022 15:44:48 GMT
Content-Type: application/json; charset=utf-8
Connection: keep-alive
Source-From: 02
x-powered-by: Express
vary: X-HTTP-Method-Override
etag: W/&quot;e-9/1BuKMgFObM1mWJm+YjxtXJnUM&quot;
content-length: 14

21:14:48.375 [AsyncHttpClient-1-4] DEBUG org.asynchttpclient.netty.channel.ChannelManager - Adding key: http://hub-cloud.browserstack.com:80 for channel [id: 0x9686cea6, L:/192.168.0.148:65120 - R:hub-cloud.browserstack.com/103.126.7.240:80]
21:14:48.377 [Forwarding findElement on session eda2ebede5b4f1c4a3da0ae80d76cf0c2ffae504 to remote] DEBUG org.asynchttpclient.netty.request.NettyRequestSender - Using pooled Channel &apos;[id: 0x9686cea6, L:/192.168.0.148:65120 - R:hub-cloud.browserstack.com/103.126.7.240:80]&apos; for &apos;POST&apos; to &apos;http://sagarvarule_Nv2k8l:xTzj2eNxZytnJbrx1e6C@hub-cloud.browserstack.com/wd/hub/session/eda2ebede5b4f1c4a3da0ae80d76cf0c2ffae504/element&apos;
21:14:48.377 [Forwarding findElement on session eda2ebede5b4f1c4a3da0ae80d76cf0c2ffae504 to remote] DEBUG org.asynchttpclient.netty.request.NettyRequestSender - Using open Channel [id: 0x9686cea6, L:/192.168.0.148:65120 - R:hub-cloud.browserstack.com/103.126.7.240:80] for POST &apos;/wd/hub/session/eda2ebede5b4f1c4a3da0ae80d76cf0c2ffae504/element&apos;
21:14:49.315 [AsyncHttpClient-1-4] DEBUG org.asynchttpclient.netty.handler.HttpHandler - 

Request DefaultHttpRequest(decodeResult: success, version: HTTP/1.1)
POST /wd/hub/session/eda2ebede5b4f1c4a3da0ae80d76cf0c2ffae504/element HTTP/1.1
User-Agent: selenium/4.5.0 (java windows)
Content-Length: 103
Content-Type: application/json; charset=utf-8
host: hub-cloud.browserstack.com
authorization: Basic c2FnYXJ2YXJ1bGVfTnYyazhsOnhUemoyZU54Wnl0bkpicngxZTZD
accept: */*

Response DefaultHttpResponse(decodeResult: success, version: HTTP/1.1)
HTTP/1.1 200 OK
Server: nginx
Date: Thu, 01 Dec 2022 15:44:49 GMT
Content-Type: application/json; charset=utf-8
Connection: keep-alive
Source-From: 02
x-powered-by: Express
vary: X-HTTP-Method-Override
etag: W/&quot;89-B/fuQvUXVulygSUJ7FX22gIL+v0&quot;
content-length: 137

21:14:49.315 [AsyncHttpClient-1-4] DEBUG org.asynchttpclient.netty.channel.ChannelManager - Adding key: http://hub-cloud.browserstack.com:80 for channel [id: 0x9686cea6, L:/192.168.0.148:65120 - R:hub-cloud.browserstack.com/103.126.7.240:80]
21:14:49.316 [Forwarding isElementDisplayed on session eda2ebede5b4f1c4a3da0ae80d76cf0c2ffae504 to remote] DEBUG org.asynchttpclient.netty.request.NettyRequestSender - Using pooled Channel &apos;[id: 0x9686cea6, L:/192.168.0.148:65120 - R:hub-cloud.browserstack.com/103.126.7.240:80]&apos; for &apos;GET&apos; to &apos;http://sagarvarule_Nv2k8l:xTzj2eNxZytnJbrx1e6C@hub-cloud.browserstack.com/wd/hub/session/eda2ebede5b4f1c4a3da0ae80d76cf0c2ffae504/element/e4f5ad11-bf46-43c4-9d6c-93455b6bda34/displayed&apos;
21:14:49.317 [Forwarding isElementDisplayed on session eda2ebede5b4f1c4a3da0ae80d76cf0c2ffae504 to remote] DEBUG org.asynchttpclient.netty.request.NettyRequestSender - Using open Channel [id: 0x9686cea6, L:/192.168.0.148:65120 - R:hub-cloud.browserstack.com/103.126.7.240:80] for GET &apos;/wd/hub/session/eda2ebede5b4f1c4a3da0ae80d76cf0c2ffae504/element/e4f5ad11-bf46-43c4-9d6c-93455b6bda34/displayed&apos;
21:14:49.400 [AsyncHttpClient-1-4] DEBUG org.asynchttpclient.netty.handler.HttpHandler - 

Request DefaultFullHttpRequest(decodeResult: success, version: HTTP/1.1, content: EmptyByteBufBE)
GET /wd/hub/session/eda2ebede5b4f1c4a3da0ae80d76cf0c2ffae504/element/e4f5ad11-bf46-43c4-9d6c-93455b6bda34/displayed HTTP/1.1
User-Agent: selenium/4.5.0 (java windows)
Cache-Control: no-cache
Content-Type: application/json; charset=utf-8
host: hub-cloud.browserstack.com
authorization: Basic c2FnYXJ2YXJ1bGVfTnYyazhsOnhUemoyZU54Wnl0bkpicngxZTZD
accept: */*

Response DefaultHttpResponse(decodeResult: success, version: HTTP/1.1)
HTTP/1.1 200 OK
Server: nginx
Date: Thu, 01 Dec 2022 15:44:49 GMT
Content-Type: application/json; charset=utf-8
Connection: keep-alive
Source-From: 02
x-powered-by: Express
etag: W/&quot;e-2ZHvAWebNQpyjGZTg6uyV8/spTo&quot;
content-length: 14

21:14:49.400 [AsyncHttpClient-1-4] DEBUG org.asynchttpclient.netty.channel.ChannelManager - Adding key: http://hub-cloud.browserstack.com:80 for channel [id: 0x9686cea6, L:/192.168.0.148:65120 - R:hub-cloud.browserstack.com/103.126.7.240:80]
21:14:49.401 [Forwarding findElement on session eda2ebede5b4f1c4a3da0ae80d76cf0c2ffae504 to remote] DEBUG org.asynchttpclient.netty.request.NettyRequestSender - Using pooled Channel &apos;[id: 0x9686cea6, L:/192.168.0.148:65120 - R:hub-cloud.browserstack.com/103.126.7.240:80]&apos; for &apos;POST&apos; to &apos;http://sagarvarule_Nv2k8l:xTzj2eNxZytnJbrx1e6C@hub-cloud.browserstack.com/wd/hub/session/eda2ebede5b4f1c4a3da0ae80d76cf0c2ffae504/element&apos;
21:14:49.401 [Forwarding findElement on session eda2ebede5b4f1c4a3da0ae80d76cf0c2ffae504 to remote] DEBUG org.asynchttpclient.netty.request.NettyRequestSender - Using open Channel [id: 0x9686cea6, L:/192.168.0.148:65120 - R:hub-cloud.browserstack.com/103.126.7.240:80] for POST &apos;/wd/hub/session/eda2ebede5b4f1c4a3da0ae80d76cf0c2ffae504/element&apos;
21:14:49.568 [AsyncHttpClient-1-4] DEBUG org.asynchttpclient.netty.handler.HttpHandler - 

Request DefaultHttpRequest(decodeResult: success, version: HTTP/1.1)
POST /wd/hub/session/eda2ebede5b4f1c4a3da0ae80d76cf0c2ffae504/element HTTP/1.1
User-Agent: selenium/4.5.0 (java windows)
Content-Length: 103
Content-Type: application/json; charset=utf-8
host: hub-cloud.browserstack.com
authorization: Basic c2FnYXJ2YXJ1bGVfTnYyazhsOnhUemoyZU54Wnl0bkpicngxZTZD
accept: */*

Response DefaultHttpResponse(decodeResult: success, version: HTTP/1.1)
HTTP/1.1 200 OK
Server: nginx
Date: Thu, 01 Dec 2022 15:44:49 GMT
Content-Type: application/json; charset=utf-8
Connection: keep-alive
Source-From: 02
x-powered-by: Express
vary: X-HTTP-Method-Override
etag: W/&quot;89-6evnns/LSFmwMWHmOFaBTrOCwSI&quot;
content-length: 137

21:14:49.568 [AsyncHttpClient-1-4] DEBUG org.asynchttpclient.netty.channel.ChannelManager - Adding key: http://hub-cloud.browserstack.com:80 for channel [id: 0x9686cea6, L:/192.168.0.148:65120 - R:hub-cloud.browserstack.com/103.126.7.240:80]
21:14:49.570 [Forwarding isElementEnabled on session eda2ebede5b4f1c4a3da0ae80d76cf0c2ffae504 to remote] DEBUG org.asynchttpclient.netty.request.NettyRequestSender - Using pooled Channel &apos;[id: 0x9686cea6, L:/192.168.0.148:65120 - R:hub-cloud.browserstack.com/103.126.7.240:80]&apos; for &apos;GET&apos; to &apos;http://sagarvarule_Nv2k8l:xTzj2eNxZytnJbrx1e6C@hub-cloud.browserstack.com/wd/hub/session/eda2ebede5b4f1c4a3da0ae80d76cf0c2ffae504/element/f97405ea-aed1-47d7-a7f0-bf70e34902c7/enabled&apos;
21:14:49.570 [Forwarding isElementEnabled on session eda2ebede5b4f1c4a3da0ae80d76cf0c2ffae504 to remote] DEBUG org.asynchttpclient.netty.request.NettyRequestSender - Using open Channel [id: 0x9686cea6, L:/192.168.0.148:65120 - R:hub-cloud.browserstack.com/103.126.7.240:80] for GET &apos;/wd/hub/session/eda2ebede5b4f1c4a3da0ae80d76cf0c2ffae504/element/f97405ea-aed1-47d7-a7f0-bf70e34902c7/enabled&apos;
21:14:49.646 [AsyncHttpClient-1-4] DEBUG org.asynchttpclient.netty.handler.HttpHandler - 

Request DefaultFullHttpRequest(decodeResult: success, version: HTTP/1.1, content: EmptyByteBufBE)
GET /wd/hub/session/eda2ebede5b4f1c4a3da0ae80d76cf0c2ffae504/element/f97405ea-aed1-47d7-a7f0-bf70e34902c7/enabled HTTP/1.1
User-Agent: selenium/4.5.0 (java windows)
Cache-Control: no-cache
Content-Type: application/json; charset=utf-8
host: hub-cloud.browserstack.com
authorization: Basic c2FnYXJ2YXJ1bGVfTnYyazhsOnhUemoyZU54Wnl0bkpicngxZTZD
accept: */*

Response DefaultHttpResponse(decodeResult: success, version: HTTP/1.1)
HTTP/1.1 200 OK
Server: nginx
Date: Thu, 01 Dec 2022 15:44:49 GMT
Content-Type: application/json; charset=utf-8
Connection: keep-alive
Source-From: 02
x-powered-by: Express
etag: W/&quot;e-2ZHvAWebNQpyjGZTg6uyV8/spTo&quot;
content-length: 14

21:14:49.646 [AsyncHttpClient-1-4] DEBUG org.asynchttpclient.netty.channel.ChannelManager - Adding key: http://hub-cloud.browserstack.com:80 for channel [id: 0x9686cea6, L:/192.168.0.148:65120 - R:hub-cloud.browserstack.com/103.126.7.240:80]
21:14:49.648 [Forwarding findElement on session eda2ebede5b4f1c4a3da0ae80d76cf0c2ffae504 to remote] DEBUG org.asynchttpclient.netty.request.NettyRequestSender - Using pooled Channel &apos;[id: 0x9686cea6, L:/192.168.0.148:65120 - R:hub-cloud.browserstack.com/103.126.7.240:80]&apos; for &apos;POST&apos; to &apos;http://sagarvarule_Nv2k8l:xTzj2eNxZytnJbrx1e6C@hub-cloud.browserstack.com/wd/hub/session/eda2ebede5b4f1c4a3da0ae80d76cf0c2ffae504/element&apos;
21:14:49.648 [Forwarding findElement on session eda2ebede5b4f1c4a3da0ae80d76cf0c2ffae504 to remote] DEBUG org.asynchttpclient.netty.request.NettyRequestSender - Using open Channel [id: 0x9686cea6, L:/192.168.0.148:65120 - R:hub-cloud.browserstack.com/103.126.7.240:80] for POST &apos;/wd/hub/session/eda2ebede5b4f1c4a3da0ae80d76cf0c2ffae504/element&apos;
21:14:49.730 [AsyncHttpClient-1-4] DEBUG org.asynchttpclient.netty.handler.HttpHandler - 

Request DefaultHttpRequest(decodeResult: success, version: HTTP/1.1)
POST /wd/hub/session/eda2ebede5b4f1c4a3da0ae80d76cf0c2ffae504/element HTTP/1.1
User-Agent: selenium/4.5.0 (java windows)
Content-Length: 101
Content-Type: application/json; charset=utf-8
host: hub-cloud.browserstack.com
authorization: Basic c2FnYXJ2YXJ1bGVfTnYyazhsOnhUemoyZU54Wnl0bkpicngxZTZD
accept: */*

Response DefaultHttpResponse(decodeResult: success, version: HTTP/1.1)
HTTP/1.1 200 OK
Server: nginx
Date: Thu, 01 Dec 2022 15:44:49 GMT
Content-Type: application/json; charset=utf-8
Connection: keep-alive
Source-From: 02
x-powered-by: Express
vary: X-HTTP-Method-Override
etag: W/&quot;89-PTV7XpY1fAJvmfl5+4+sUBGyaNc&quot;
content-length: 137

21:14:49.730 [AsyncHttpClient-1-4] DEBUG org.asynchttpclient.netty.channel.ChannelManager - Adding key: http://hub-cloud.browserstack.com:80 for channel [id: 0x9686cea6, L:/192.168.0.148:65120 - R:hub-cloud.browserstack.com/103.126.7.240:80]
21:14:49.733 [Forwarding isElementDisplayed on session eda2ebede5b4f1c4a3da0ae80d76cf0c2ffae504 to remote] DEBUG org.asynchttpclient.netty.request.NettyRequestSender - Using pooled Channel &apos;[id: 0x9686cea6, L:/192.168.0.148:65120 - R:hub-cloud.browserstack.com/103.126.7.240:80]&apos; for &apos;GET&apos; to &apos;http://sagarvarule_Nv2k8l:xTzj2eNxZytnJbrx1e6C@hub-cloud.browserstack.com/wd/hub/session/eda2ebede5b4f1c4a3da0ae80d76cf0c2ffae504/element/ff193527-1492-42b7-b7a1-1f263457fb14/displayed&apos;
21:14:49.733 [Forwarding isElementDisplayed on session eda2ebede5b4f1c4a3da0ae80d76cf0c2ffae504 to remote] DEBUG org.asynchttpclient.netty.request.NettyRequestSender - Using open Channel [id: 0x9686cea6, L:/192.168.0.148:65120 - R:hub-cloud.browserstack.com/103.126.7.240:80] for GET &apos;/wd/hub/session/eda2ebede5b4f1c4a3da0ae80d76cf0c2ffae504/element/ff193527-1492-42b7-b7a1-1f263457fb14/displayed&apos;
21:14:49.809 [AsyncHttpClient-1-4] DEBUG org.asynchttpclient.netty.handler.HttpHandler - 

Request DefaultFullHttpRequest(decodeResult: success, version: HTTP/1.1, content: EmptyByteBufBE)
GET /wd/hub/session/eda2ebede5b4f1c4a3da0ae80d76cf0c2ffae504/element/ff193527-1492-42b7-b7a1-1f263457fb14/displayed HTTP/1.1
User-Agent: selenium/4.5.0 (java windows)
Cache-Control: no-cache
Content-Type: application/json; charset=utf-8
host: hub-cloud.browserstack.com
authorization: Basic c2FnYXJ2YXJ1bGVfTnYyazhsOnhUemoyZU54Wnl0bkpicngxZTZD
accept: */*

Response DefaultHttpResponse(decodeResult: success, version: HTTP/1.1)
HTTP/1.1 200 OK
Server: nginx
Date: Thu, 01 Dec 2022 15:44:49 GMT
Content-Type: application/json; charset=utf-8
Connection: keep-alive
Source-From: 02
x-powered-by: Express
etag: W/&quot;e-2ZHvAWebNQpyjGZTg6uyV8/spTo&quot;
content-length: 14

21:14:49.810 [AsyncHttpClient-1-4] DEBUG org.asynchttpclient.netty.channel.ChannelManager - Adding key: http://hub-cloud.browserstack.com:80 for channel [id: 0x9686cea6, L:/192.168.0.148:65120 - R:hub-cloud.browserstack.com/103.126.7.240:80]
21:14:49.812 [Forwarding findElement on session eda2ebede5b4f1c4a3da0ae80d76cf0c2ffae504 to remote] DEBUG org.asynchttpclient.netty.request.NettyRequestSender - Using pooled Channel &apos;[id: 0x9686cea6, L:/192.168.0.148:65120 - R:hub-cloud.browserstack.com/103.126.7.240:80]&apos; for &apos;POST&apos; to &apos;http://sagarvarule_Nv2k8l:xTzj2eNxZytnJbrx1e6C@hub-cloud.browserstack.com/wd/hub/session/eda2ebede5b4f1c4a3da0ae80d76cf0c2ffae504/element&apos;
21:14:49.812 [Forwarding findElement on session eda2ebede5b4f1c4a3da0ae80d76cf0c2ffae504 to remote] DEBUG org.asynchttpclient.netty.request.NettyRequestSender - Using open Channel [id: 0x9686cea6, L:/192.168.0.148:65120 - R:hub-cloud.browserstack.com/103.126.7.240:80] for POST &apos;/wd/hub/session/eda2ebede5b4f1c4a3da0ae80d76cf0c2ffae504/element&apos;
21:14:49.889 [AsyncHttpClient-1-4] DEBUG org.asynchttpclient.netty.handler.HttpHandler - 

Request DefaultHttpRequest(decodeResult: success, version: HTTP/1.1)
POST /wd/hub/session/eda2ebede5b4f1c4a3da0ae80d76cf0c2ffae504/element HTTP/1.1
User-Agent: selenium/4.5.0 (java windows)
Content-Length: 101
Content-Type: application/json; charset=utf-8
host: hub-cloud.browserstack.com
authorization: Basic c2FnYXJ2YXJ1bGVfTnYyazhsOnhUemoyZU54Wnl0bkpicngxZTZD
accept: */*

Response DefaultHttpResponse(decodeResult: success, version: HTTP/1.1)
HTTP/1.1 200 OK
Server: nginx
Date: Thu, 01 Dec 2022 15:44:49 GMT
Content-Type: application/json; charset=utf-8
Connection: keep-alive
Source-From: 02
x-powered-by: Express
vary: X-HTTP-Method-Override
etag: W/&quot;89-2/CZBgLXDmsCH9uucuyV6RY8vdY&quot;
content-length: 137

21:14:49.890 [AsyncHttpClient-1-4] DEBUG org.asynchttpclient.netty.channel.ChannelManager - Adding key: http://hub-cloud.browserstack.com:80 for channel [id: 0x9686cea6, L:/192.168.0.148:65120 - R:hub-cloud.browserstack.com/103.126.7.240:80]
21:14:49.891 [Forwarding isElementEnabled on session eda2ebede5b4f1c4a3da0ae80d76cf0c2ffae504 to remote] DEBUG org.asynchttpclient.netty.request.NettyRequestSender - Using pooled Channel &apos;[id: 0x9686cea6, L:/192.168.0.148:65120 - R:hub-cloud.browserstack.com/103.126.7.240:80]&apos; for &apos;GET&apos; to &apos;http://sagarvarule_Nv2k8l:xTzj2eNxZytnJbrx1e6C@hub-cloud.browserstack.com/wd/hub/session/eda2ebede5b4f1c4a3da0ae80d76cf0c2ffae504/element/81a14491-fb98-413d-859d-230fb2f7fb56/enabled&apos;
21:14:49.891 [Forwarding isElementEnabled on session eda2ebede5b4f1c4a3da0ae80d76cf0c2ffae504 to remote] DEBUG org.asynchttpclient.netty.request.NettyRequestSender - Using open Channel [id: 0x9686cea6, L:/192.168.0.148:65120 - R:hub-cloud.browserstack.com/103.126.7.240:80] for GET &apos;/wd/hub/session/eda2ebede5b4f1c4a3da0ae80d76cf0c2ffae504/element/81a14491-fb98-413d-859d-230fb2f7fb56/enabled&apos;
21:14:49.961 [AsyncHttpClient-1-4] DEBUG org.asynchttpclient.netty.handler.HttpHandler - 

Request DefaultFullHttpRequest(decodeResult: success, version: HTTP/1.1, content: EmptyByteBufBE)
GET /wd/hub/session/eda2ebede5b4f1c4a3da0ae80d76cf0c2ffae504/element/81a14491-fb98-413d-859d-230fb2f7fb56/enabled HTTP/1.1
User-Agent: selenium/4.5.0 (java windows)
Cache-Control: no-cache
Content-Type: application/json; charset=utf-8
host: hub-cloud.browserstack.com
authorization: Basic c2FnYXJ2YXJ1bGVfTnYyazhsOnhUemoyZU54Wnl0bkpicngxZTZD
accept: */*

Response DefaultHttpResponse(decodeResult: success, version: HTTP/1.1)
HTTP/1.1 200 OK
Server: nginx
Date: Thu, 01 Dec 2022 15:44:49 GMT
Content-Type: application/json; charset=utf-8
Connection: keep-alive
Source-From: 02
x-powered-by: Express
etag: W/&quot;e-2ZHvAWebNQpyjGZTg6uyV8/spTo&quot;
content-length: 14

21:14:49.961 [AsyncHttpClient-1-4] DEBUG org.asynchttpclient.netty.channel.ChannelManager - Adding key: http://hub-cloud.browserstack.com:80 for channel [id: 0x9686cea6, L:/192.168.0.148:65120 - R:hub-cloud.browserstack.com/103.126.7.240:80]
21:14:49.963 [Forwarding findElement on session eda2ebede5b4f1c4a3da0ae80d76cf0c2ffae504 to remote] DEBUG org.asynchttpclient.netty.request.NettyRequestSender - Using pooled Channel &apos;[id: 0x9686cea6, L:/192.168.0.148:65120 - R:hub-cloud.browserstack.com/103.126.7.240:80]&apos; for &apos;POST&apos; to &apos;http://sagarvarule_Nv2k8l:xTzj2eNxZytnJbrx1e6C@hub-cloud.browserstack.com/wd/hub/session/eda2ebede5b4f1c4a3da0ae80d76cf0c2ffae504/element&apos;
21:14:49.963 [Forwarding findElement on session eda2ebede5b4f1c4a3da0ae80d76cf0c2ffae504 to remote] DEBUG org.asynchttpclient.netty.request.NettyRequestSender - Using open Channel [id: 0x9686cea6, L:/192.168.0.148:65120 - R:hub-cloud.browserstack.com/103.126.7.240:80] for POST &apos;/wd/hub/session/eda2ebede5b4f1c4a3da0ae80d76cf0c2ffae504/element&apos;
21:14:50.035 [AsyncHttpClient-1-4] DEBUG org.asynchttpclient.netty.handler.HttpHandler - 

Request DefaultHttpRequest(decodeResult: success, version: HTTP/1.1)
POST /wd/hub/session/eda2ebede5b4f1c4a3da0ae80d76cf0c2ffae504/element HTTP/1.1
User-Agent: selenium/4.5.0 (java windows)
Content-Length: 101
Content-Type: application/json; charset=utf-8
host: hub-cloud.browserstack.com
authorization: Basic c2FnYXJ2YXJ1bGVfTnYyazhsOnhUemoyZU54Wnl0bkpicngxZTZD
accept: */*

Response DefaultHttpResponse(decodeResult: success, version: HTTP/1.1)
HTTP/1.1 200 OK
Server: nginx
Date: Thu, 01 Dec 2022 15:44:50 GMT
Content-Type: application/json; charset=utf-8
Connection: keep-alive
Source-From: 02
x-powered-by: Express
vary: X-HTTP-Method-Override
etag: W/&quot;89-45BwaYrjl5JJt22KM0fg9ENHGHI&quot;
content-length: 137

21:14:50.035 [AsyncHttpClient-1-4] DEBUG org.asynchttpclient.netty.channel.ChannelManager - Adding key: http://hub-cloud.browserstack.com:80 for channel [id: 0x9686cea6, L:/192.168.0.148:65120 - R:hub-cloud.browserstack.com/103.126.7.240:80]
21:14:50.040 [Forwarding clickElement on session eda2ebede5b4f1c4a3da0ae80d76cf0c2ffae504 to remote] DEBUG org.asynchttpclient.netty.request.NettyRequestSender - Using pooled Channel &apos;[id: 0x9686cea6, L:/192.168.0.148:65120 - R:hub-cloud.browserstack.com/103.126.7.240:80]&apos; for &apos;POST&apos; to &apos;http://sagarvarule_Nv2k8l:xTzj2eNxZytnJbrx1e6C@hub-cloud.browserstack.com/wd/hub/session/eda2ebede5b4f1c4a3da0ae80d76cf0c2ffae504/element/7be8b40e-98fc-454e-9d99-8aa22739bfec/click&apos;
21:14:50.040 [Forwarding clickElement on session eda2ebede5b4f1c4a3da0ae80d76cf0c2ffae504 to remote] DEBUG org.asynchttpclient.netty.request.NettyRequestSender - Using open Channel [id: 0x9686cea6, L:/192.168.0.148:65120 - R:hub-cloud.browserstack.com/103.126.7.240:80] for POST &apos;/wd/hub/session/eda2ebede5b4f1c4a3da0ae80d76cf0c2ffae504/element/7be8b40e-98fc-454e-9d99-8aa22739bfec/click&apos;
21:14:50.169 [AsyncHttpClient-1-4] DEBUG org.asynchttpclient.netty.handler.HttpHandler - 

Request DefaultHttpRequest(decodeResult: success, version: HTTP/1.1)
POST /wd/hub/session/eda2ebede5b4f1c4a3da0ae80d76cf0c2ffae504/element/7be8b40e-98fc-454e-9d99-8aa22739bfec/click HTTP/1.1
User-Agent: selenium/4.5.0 (java windows)
Content-Length: 50
Content-Type: application/json; charset=utf-8
host: hub-cloud.browserstack.com
authorization: Basic c2FnYXJ2YXJ1bGVfTnYyazhsOnhUemoyZU54Wnl0bkpicngxZTZD
accept: */*

Response DefaultHttpResponse(decodeResult: success, version: HTTP/1.1)
HTTP/1.1 200 OK
Server: nginx
Date: Thu, 01 Dec 2022 15:44:50 GMT
Content-Type: application/json; charset=utf-8
Connection: keep-alive
Source-From: 02
x-powered-by: Express
vary: X-HTTP-Method-Override
etag: W/&quot;e-9/1BuKMgFObM1mWJm+YjxtXJnUM&quot;
content-length: 14

21:14:50.170 [AsyncHttpClient-1-4] DEBUG org.asynchttpclient.netty.channel.ChannelManager - Adding key: http://hub-cloud.browserstack.com:80 for channel [id: 0x9686cea6, L:/192.168.0.148:65120 - R:hub-cloud.browserstack.com/103.126.7.240:80]
21:14:50.172 [Forwarding findElement on session eda2ebede5b4f1c4a3da0ae80d76cf0c2ffae504 to remote] DEBUG org.asynchttpclient.netty.request.NettyRequestSender - Using pooled Channel &apos;[id: 0x9686cea6, L:/192.168.0.148:65120 - R:hub-cloud.browserstack.com/103.126.7.240:80]&apos; for &apos;POST&apos; to &apos;http://sagarvarule_Nv2k8l:xTzj2eNxZytnJbrx1e6C@hub-cloud.browserstack.com/wd/hub/session/eda2ebede5b4f1c4a3da0ae80d76cf0c2ffae504/element&apos;
21:14:50.172 [Forwarding findElement on session eda2ebede5b4f1c4a3da0ae80d76cf0c2ffae504 to remote] DEBUG org.asynchttpclient.netty.request.NettyRequestSender - Using open Channel [id: 0x9686cea6, L:/192.168.0.148:65120 - R:hub-cloud.browserstack.com/103.126.7.240:80] for POST &apos;/wd/hub/session/eda2ebede5b4f1c4a3da0ae80d76cf0c2ffae504/element&apos;
21:14:50.787 [AsyncHttpClient-1-4] DEBUG org.asynchttpclient.netty.handler.HttpHandler - 

Request DefaultHttpRequest(decodeResult: success, version: HTTP/1.1)
POST /wd/hub/session/eda2ebede5b4f1c4a3da0ae80d76cf0c2ffae504/element HTTP/1.1
User-Agent: selenium/4.5.0 (java windows)
Content-Length: 60
Content-Type: application/json; charset=utf-8
host: hub-cloud.browserstack.com
authorization: Basic c2FnYXJ2YXJ1bGVfTnYyazhsOnhUemoyZU54Wnl0bkpicngxZTZD
accept: */*

Response DefaultHttpResponse(decodeResult: success, version: HTTP/1.1)
HTTP/1.1 200 OK
Server: nginx
Date: Thu, 01 Dec 2022 15:44:50 GMT
Content-Type: application/json; charset=utf-8
Connection: keep-alive
Source-From: 02
x-powered-by: Express
vary: X-HTTP-Method-Override
etag: W/&quot;89-nykIE0RKnQ57V//OzfvJ0J3L55w&quot;
content-length: 137

21:14:50.787 [AsyncHttpClient-1-4] DEBUG org.asynchttpclient.netty.channel.ChannelManager - Adding key: http://hub-cloud.browserstack.com:80 for channel [id: 0x9686cea6, L:/192.168.0.148:65120 - R:hub-cloud.browserstack.com/103.126.7.240:80]
21:14:50.787 [Forwarding isElementDisplayed on session eda2ebede5b4f1c4a3da0ae80d76cf0c2ffae504 to remote] DEBUG org.asynchttpclient.netty.request.NettyRequestSender - Using pooled Channel &apos;[id: 0x9686cea6, L:/192.168.0.148:65120 - R:hub-cloud.browserstack.com/103.126.7.240:80]&apos; for &apos;GET&apos; to &apos;http://sagarvarule_Nv2k8l:xTzj2eNxZytnJbrx1e6C@hub-cloud.browserstack.com/wd/hub/session/eda2ebede5b4f1c4a3da0ae80d76cf0c2ffae504/element/ac9be0c5-de47-4bc4-92ca-863f825923ec/displayed&apos;
21:14:50.787 [Forwarding isElementDisplayed on session eda2ebede5b4f1c4a3da0ae80d76cf0c2ffae504 to remote] DEBUG org.asynchttpclient.netty.request.NettyRequestSender - Using open Channel [id: 0x9686cea6, L:/192.168.0.148:65120 - R:hub-cloud.browserstack.com/103.126.7.240:80] for GET &apos;/wd/hub/session/eda2ebede5b4f1c4a3da0ae80d76cf0c2ffae504/element/ac9be0c5-de47-4bc4-92ca-863f825923ec/displayed&apos;
21:14:50.866 [AsyncHttpClient-1-4] DEBUG org.asynchttpclient.netty.handler.HttpHandler - 

Request DefaultFullHttpRequest(decodeResult: success, version: HTTP/1.1, content: EmptyByteBufBE)
GET /wd/hub/session/eda2ebede5b4f1c4a3da0ae80d76cf0c2ffae504/element/ac9be0c5-de47-4bc4-92ca-863f825923ec/displayed HTTP/1.1
User-Agent: selenium/4.5.0 (java windows)
Cache-Control: no-cache
Content-Type: application/json; charset=utf-8
host: hub-cloud.browserstack.com
authorization: Basic c2FnYXJ2YXJ1bGVfTnYyazhsOnhUemoyZU54Wnl0bkpicngxZTZD
accept: */*

Response DefaultHttpResponse(decodeResult: success, version: HTTP/1.1)
HTTP/1.1 200 OK
Server: nginx
Date: Thu, 01 Dec 2022 15:44:50 GMT
Content-Type: application/json; charset=utf-8
Connection: keep-alive
Source-From: 02
x-powered-by: Express
etag: W/&quot;e-2ZHvAWebNQpyjGZTg6uyV8/spTo&quot;
content-length: 14

21:14:50.866 [AsyncHttpClient-1-4] DEBUG org.asynchttpclient.netty.channel.ChannelManager - Adding key: http://hub-cloud.browserstack.com:80 for channel [id: 0x9686cea6, L:/192.168.0.148:65120 - R:hub-cloud.browserstack.com/103.126.7.240:80]
21:14:50.867 [Forwarding isElementEnabled on session eda2ebede5b4f1c4a3da0ae80d76cf0c2ffae504 to remote] DEBUG org.asynchttpclient.netty.request.NettyRequestSender - Using pooled Channel &apos;[id: 0x9686cea6, L:/192.168.0.148:65120 - R:hub-cloud.browserstack.com/103.126.7.240:80]&apos; for &apos;GET&apos; to &apos;http://sagarvarule_Nv2k8l:xTzj2eNxZytnJbrx1e6C@hub-cloud.browserstack.com/wd/hub/session/eda2ebede5b4f1c4a3da0ae80d76cf0c2ffae504/element/ac9be0c5-de47-4bc4-92ca-863f825923ec/enabled&apos;
21:14:50.867 [Forwarding isElementEnabled on session eda2ebede5b4f1c4a3da0ae80d76cf0c2ffae504 to remote] DEBUG org.asynchttpclient.netty.request.NettyRequestSender - Using open Channel [id: 0x9686cea6, L:/192.168.0.148:65120 - R:hub-cloud.browserstack.com/103.126.7.240:80] for GET &apos;/wd/hub/session/eda2ebede5b4f1c4a3da0ae80d76cf0c2ffae504/element/ac9be0c5-de47-4bc4-92ca-863f825923ec/enabled&apos;
21:14:50.959 [AsyncHttpClient-1-4] DEBUG org.asynchttpclient.netty.handler.HttpHandler - 

Request DefaultFullHttpRequest(decodeResult: success, version: HTTP/1.1, content: EmptyByteBufBE)
GET /wd/hub/session/eda2ebede5b4f1c4a3da0ae80d76cf0c2ffae504/element/ac9be0c5-de47-4bc4-92ca-863f825923ec/enabled HTTP/1.1
User-Agent: selenium/4.5.0 (java windows)
Cache-Control: no-cache
Content-Type: application/json; charset=utf-8
host: hub-cloud.browserstack.com
authorization: Basic c2FnYXJ2YXJ1bGVfTnYyazhsOnhUemoyZU54Wnl0bkpicngxZTZD
accept: */*

Response DefaultHttpResponse(decodeResult: success, version: HTTP/1.1)
HTTP/1.1 200 OK
Server: nginx
Date: Thu, 01 Dec 2022 15:44:50 GMT
Content-Type: application/json; charset=utf-8
Connection: keep-alive
Source-From: 02
x-powered-by: Express
etag: W/&quot;e-2ZHvAWebNQpyjGZTg6uyV8/spTo&quot;
content-length: 14

21:14:50.959 [AsyncHttpClient-1-4] DEBUG org.asynchttpclient.netty.channel.ChannelManager - Adding key: http://hub-cloud.browserstack.com:80 for channel [id: 0x9686cea6, L:/192.168.0.148:65120 - R:hub-cloud.browserstack.com/103.126.7.240:80]
21:14:50.961 [Forwarding clickElement on session eda2ebede5b4f1c4a3da0ae80d76cf0c2ffae504 to remote] DEBUG org.asynchttpclient.netty.request.NettyRequestSender - Using pooled Channel &apos;[id: 0x9686cea6, L:/192.168.0.148:65120 - R:hub-cloud.browserstack.com/103.126.7.240:80]&apos; for &apos;POST&apos; to &apos;http://sagarvarule_Nv2k8l:xTzj2eNxZytnJbrx1e6C@hub-cloud.browserstack.com/wd/hub/session/eda2ebede5b4f1c4a3da0ae80d76cf0c2ffae504/element/ac9be0c5-de47-4bc4-92ca-863f825923ec/click&apos;
21:14:50.961 [Forwarding clickElement on session eda2ebede5b4f1c4a3da0ae80d76cf0c2ffae504 to remote] DEBUG org.asynchttpclient.netty.request.NettyRequestSender - Using open Channel [id: 0x9686cea6, L:/192.168.0.148:65120 - R:hub-cloud.browserstack.com/103.126.7.240:80] for POST &apos;/wd/hub/session/eda2ebede5b4f1c4a3da0ae80d76cf0c2ffae504/element/ac9be0c5-de47-4bc4-92ca-863f825923ec/click&apos;
21:14:51.045 [AsyncHttpClient-1-4] DEBUG org.asynchttpclient.netty.handler.HttpHandler - 

Request DefaultHttpRequest(decodeResult: success, version: HTTP/1.1)
POST /wd/hub/session/eda2ebede5b4f1c4a3da0ae80d76cf0c2ffae504/element/ac9be0c5-de47-4bc4-92ca-863f825923ec/click HTTP/1.1
User-Agent: selenium/4.5.0 (java windows)
Content-Length: 50
Content-Type: application/json; charset=utf-8
host: hub-cloud.browserstack.com
authorization: Basic c2FnYXJ2YXJ1bGVfTnYyazhsOnhUemoyZU54Wnl0bkpicngxZTZD
accept: */*

Response DefaultHttpResponse(decodeResult: success, version: HTTP/1.1)
HTTP/1.1 200 OK
Server: nginx
Date: Thu, 01 Dec 2022 15:44:51 GMT
Content-Type: application/json; charset=utf-8
Connection: keep-alive
Source-From: 02
x-powered-by: Express
vary: X-HTTP-Method-Override
etag: W/&quot;e-9/1BuKMgFObM1mWJm+YjxtXJnUM&quot;
content-length: 14

21:14:51.045 [AsyncHttpClient-1-4] DEBUG org.asynchttpclient.netty.channel.ChannelManager - Adding key: http://hub-cloud.browserstack.com:80 for channel [id: 0x9686cea6, L:/192.168.0.148:65120 - R:hub-cloud.browserstack.com/103.126.7.240:80]
21:14:51.048 [Forwarding findElement on session eda2ebede5b4f1c4a3da0ae80d76cf0c2ffae504 to remote] DEBUG org.asynchttpclient.netty.request.NettyRequestSender - Using pooled Channel &apos;[id: 0x9686cea6, L:/192.168.0.148:65120 - R:hub-cloud.browserstack.com/103.126.7.240:80]&apos; for &apos;POST&apos; to &apos;http://sagarvarule_Nv2k8l:xTzj2eNxZytnJbrx1e6C@hub-cloud.browserstack.com/wd/hub/session/eda2ebede5b4f1c4a3da0ae80d76cf0c2ffae504/element&apos;
21:14:51.048 [Forwarding findElement on session eda2ebede5b4f1c4a3da0ae80d76cf0c2ffae504 to remote] DEBUG org.asynchttpclient.netty.request.NettyRequestSender - Using open Channel [id: 0x9686cea6, L:/192.168.0.148:65120 - R:hub-cloud.browserstack.com/103.126.7.240:80] for POST &apos;/wd/hub/session/eda2ebede5b4f1c4a3da0ae80d76cf0c2ffae504/element&apos;
21:14:52.347 [AsyncHttpClient-1-4] DEBUG org.asynchttpclient.netty.handler.HttpHandler - 

Request DefaultHttpRequest(decodeResult: success, version: HTTP/1.1)
POST /wd/hub/session/eda2ebede5b4f1c4a3da0ae80d76cf0c2ffae504/element HTTP/1.1
User-Agent: selenium/4.5.0 (java windows)
Content-Length: 86
Content-Type: application/json; charset=utf-8
host: hub-cloud.browserstack.com
authorization: Basic c2FnYXJ2YXJ1bGVfTnYyazhsOnhUemoyZU54Wnl0bkpicngxZTZD
accept: */*

Response DefaultHttpResponse(decodeResult: success, version: HTTP/1.1)
HTTP/1.1 200 OK
Server: nginx
Date: Thu, 01 Dec 2022 15:44:52 GMT
Content-Type: application/json; charset=utf-8
Connection: keep-alive
Source-From: 02
x-powered-by: Express
vary: X-HTTP-Method-Override
etag: W/&quot;89-8Sgzj3wstnr93AIqZuEaVq/knmk&quot;
content-length: 137

21:14:52.347 [AsyncHttpClient-1-4] DEBUG org.asynchttpclient.netty.channel.ChannelManager - Adding key: http://hub-cloud.browserstack.com:80 for channel [id: 0x9686cea6, L:/192.168.0.148:65120 - R:hub-cloud.browserstack.com/103.126.7.240:80]
21:14:52.348 [Forwarding isElementDisplayed on session eda2ebede5b4f1c4a3da0ae80d76cf0c2ffae504 to remote] DEBUG org.asynchttpclient.netty.request.NettyRequestSender - Using pooled Channel &apos;[id: 0x9686cea6, L:/192.168.0.148:65120 - R:hub-cloud.browserstack.com/103.126.7.240:80]&apos; for &apos;GET&apos; to &apos;http://sagarvarule_Nv2k8l:xTzj2eNxZytnJbrx1e6C@hub-cloud.browserstack.com/wd/hub/session/eda2ebede5b4f1c4a3da0ae80d76cf0c2ffae504/element/d27336b9-4997-491b-bf6f-f3b4fe63a579/displayed&apos;
21:14:52.348 [Forwarding isElementDisplayed on session eda2ebede5b4f1c4a3da0ae80d76cf0c2ffae504 to remote] DEBUG org.asynchttpclient.netty.request.NettyRequestSender - Using open Channel [id: 0x9686cea6, L:/192.168.0.148:65120 - R:hub-cloud.browserstack.com/103.126.7.240:80] for GET &apos;/wd/hub/session/eda2ebede5b4f1c4a3da0ae80d76cf0c2ffae504/element/d27336b9-4997-491b-bf6f-f3b4fe63a579/displayed&apos;
21:14:52.431 [AsyncHttpClient-1-4] DEBUG org.asynchttpclient.netty.handler.HttpHandler - 

Request DefaultFullHttpRequest(decodeResult: success, version: HTTP/1.1, content: EmptyByteBufBE)
GET /wd/hub/session/eda2ebede5b4f1c4a3da0ae80d76cf0c2ffae504/element/d27336b9-4997-491b-bf6f-f3b4fe63a579/displayed HTTP/1.1
User-Agent: selenium/4.5.0 (java windows)
Cache-Control: no-cache
Content-Type: application/json; charset=utf-8
host: hub-cloud.browserstack.com
authorization: Basic c2FnYXJ2YXJ1bGVfTnYyazhsOnhUemoyZU54Wnl0bkpicngxZTZD
accept: */*

Response DefaultHttpResponse(decodeResult: success, version: HTTP/1.1)
HTTP/1.1 200 OK
Server: nginx
Date: Thu, 01 Dec 2022 15:44:52 GMT
Content-Type: application/json; charset=utf-8
Connection: keep-alive
Source-From: 02
x-powered-by: Express
etag: W/&quot;e-2ZHvAWebNQpyjGZTg6uyV8/spTo&quot;
content-length: 14

21:14:52.432 [AsyncHttpClient-1-4] DEBUG org.asynchttpclient.netty.channel.ChannelManager - Adding key: http://hub-cloud.browserstack.com:80 for channel [id: 0x9686cea6, L:/192.168.0.148:65120 - R:hub-cloud.browserstack.com/103.126.7.240:80]
21:14:52.433 [Forwarding findElement on session eda2ebede5b4f1c4a3da0ae80d76cf0c2ffae504 to remote] DEBUG org.asynchttpclient.netty.request.NettyRequestSender - Using pooled Channel &apos;[id: 0x9686cea6, L:/192.168.0.148:65120 - R:hub-cloud.browserstack.com/103.126.7.240:80]&apos; for &apos;POST&apos; to &apos;http://sagarvarule_Nv2k8l:xTzj2eNxZytnJbrx1e6C@hub-cloud.browserstack.com/wd/hub/session/eda2ebede5b4f1c4a3da0ae80d76cf0c2ffae504/element&apos;
21:14:52.433 [Forwarding findElement on session eda2ebede5b4f1c4a3da0ae80d76cf0c2ffae504 to remote] DEBUG org.asynchttpclient.netty.request.NettyRequestSender - Using open Channel [id: 0x9686cea6, L:/192.168.0.148:65120 - R:hub-cloud.browserstack.com/103.126.7.240:80] for POST &apos;/wd/hub/session/eda2ebede5b4f1c4a3da0ae80d76cf0c2ffae504/element&apos;
21:14:52.529 [AsyncHttpClient-1-4] DEBUG org.asynchttpclient.netty.handler.HttpHandler - 

Request DefaultHttpRequest(decodeResult: success, version: HTTP/1.1)
POST /wd/hub/session/eda2ebede5b4f1c4a3da0ae80d76cf0c2ffae504/element HTTP/1.1
User-Agent: selenium/4.5.0 (java windows)
Content-Length: 86
Content-Type: application/json; charset=utf-8
host: hub-cloud.browserstack.com
authorization: Basic c2FnYXJ2YXJ1bGVfTnYyazhsOnhUemoyZU54Wnl0bkpicngxZTZD
accept: */*

Response DefaultHttpResponse(decodeResult: success, version: HTTP/1.1)
HTTP/1.1 200 OK
Server: nginx
Date: Thu, 01 Dec 2022 15:44:52 GMT
Content-Type: application/json; charset=utf-8
Connection: keep-alive
Source-From: 02
x-powered-by: Express
vary: X-HTTP-Method-Override
etag: W/&quot;89-5S7ogBlkaUjPhHK1AbCYA+PtTwc&quot;
content-length: 137

21:14:52.530 [AsyncHttpClient-1-4] DEBUG org.asynchttpclient.netty.channel.ChannelManager - Adding key: http://hub-cloud.browserstack.com:80 for channel [id: 0x9686cea6, L:/192.168.0.148:65120 - R:hub-cloud.browserstack.com/103.126.7.240:80]
21:14:52.531 [Forwarding isElementEnabled on session eda2ebede5b4f1c4a3da0ae80d76cf0c2ffae504 to remote] DEBUG org.asynchttpclient.netty.request.NettyRequestSender - Using pooled Channel &apos;[id: 0x9686cea6, L:/192.168.0.148:65120 - R:hub-cloud.browserstack.com/103.126.7.240:80]&apos; for &apos;GET&apos; to &apos;http://sagarvarule_Nv2k8l:xTzj2eNxZytnJbrx1e6C@hub-cloud.browserstack.com/wd/hub/session/eda2ebede5b4f1c4a3da0ae80d76cf0c2ffae504/element/d89137bb-20be-466a-98e6-09dee1a85d30/enabled&apos;
21:14:52.531 [Forwarding isElementEnabled on session eda2ebede5b4f1c4a3da0ae80d76cf0c2ffae504 to remote] DEBUG org.asynchttpclient.netty.request.NettyRequestSender - Using open Channel [id: 0x9686cea6, L:/192.168.0.148:65120 - R:hub-cloud.browserstack.com/103.126.7.240:80] for GET &apos;/wd/hub/session/eda2ebede5b4f1c4a3da0ae80d76cf0c2ffae504/element/d89137bb-20be-466a-98e6-09dee1a85d30/enabled&apos;
21:14:52.619 [AsyncHttpClient-1-4] DEBUG org.asynchttpclient.netty.handler.HttpHandler - 

Request DefaultFullHttpRequest(decodeResult: success, version: HTTP/1.1, content: EmptyByteBufBE)
GET /wd/hub/session/eda2ebede5b4f1c4a3da0ae80d76cf0c2ffae504/element/d89137bb-20be-466a-98e6-09dee1a85d30/enabled HTTP/1.1
User-Agent: selenium/4.5.0 (java windows)
Cache-Control: no-cache
Content-Type: application/json; charset=utf-8
host: hub-cloud.browserstack.com
authorization: Basic c2FnYXJ2YXJ1bGVfTnYyazhsOnhUemoyZU54Wnl0bkpicngxZTZD
accept: */*

Response DefaultHttpResponse(decodeResult: success, version: HTTP/1.1)
HTTP/1.1 200 OK
Server: nginx
Date: Thu, 01 Dec 2022 15:44:52 GMT
Content-Type: application/json; charset=utf-8
Connection: keep-alive
Source-From: 02
x-powered-by: Express
etag: W/&quot;e-2ZHvAWebNQpyjGZTg6uyV8/spTo&quot;
content-length: 14

21:14:52.619 [AsyncHttpClient-1-4] DEBUG org.asynchttpclient.netty.channel.ChannelManager - Adding key: http://hub-cloud.browserstack.com:80 for channel [id: 0x9686cea6, L:/192.168.0.148:65120 - R:hub-cloud.browserstack.com/103.126.7.240:80]
21:14:52.620 [Forwarding findElement on session eda2ebede5b4f1c4a3da0ae80d76cf0c2ffae504 to remote] DEBUG org.asynchttpclient.netty.request.NettyRequestSender - Using pooled Channel &apos;[id: 0x9686cea6, L:/192.168.0.148:65120 - R:hub-cloud.browserstack.com/103.126.7.240:80]&apos; for &apos;POST&apos; to &apos;http://sagarvarule_Nv2k8l:xTzj2eNxZytnJbrx1e6C@hub-cloud.browserstack.com/wd/hub/session/eda2ebede5b4f1c4a3da0ae80d76cf0c2ffae504/element&apos;
21:14:52.620 [Forwarding findElement on session eda2ebede5b4f1c4a3da0ae80d76cf0c2ffae504 to remote] DEBUG org.asynchttpclient.netty.request.NettyRequestSender - Using open Channel [id: 0x9686cea6, L:/192.168.0.148:65120 - R:hub-cloud.browserstack.com/103.126.7.240:80] for POST &apos;/wd/hub/session/eda2ebede5b4f1c4a3da0ae80d76cf0c2ffae504/element&apos;
21:14:52.753 [AsyncHttpClient-1-4] DEBUG org.asynchttpclient.netty.handler.HttpHandler - 

Request DefaultHttpRequest(decodeResult: success, version: HTTP/1.1)
POST /wd/hub/session/eda2ebede5b4f1c4a3da0ae80d76cf0c2ffae504/element HTTP/1.1
User-Agent: selenium/4.5.0 (java windows)
Content-Length: 86
Content-Type: application/json; charset=utf-8
host: hub-cloud.browserstack.com
authorization: Basic c2FnYXJ2YXJ1bGVfTnYyazhsOnhUemoyZU54Wnl0bkpicngxZTZD
accept: */*

Response DefaultHttpResponse(decodeResult: success, version: HTTP/1.1)
HTTP/1.1 200 OK
Server: nginx
Date: Thu, 01 Dec 2022 15:44:52 GMT
Content-Type: application/json; charset=utf-8
Connection: close
Source-From: 02
x-powered-by: Express
vary: X-HTTP-Method-Override
etag: W/&quot;89-uyEw+FmzpSFgHPWurvn26l+6rac&quot;
content-length: 137

21:14:52.753 [AsyncHttpClient-1-4] DEBUG org.asynchttpclient.netty.channel.ChannelManager - Closing Channel [id: 0x9686cea6, L:/192.168.0.148:65120 - R:hub-cloud.browserstack.com/103.126.7.240:80] 
21:14:52.754 [AsyncHttpClient-1-4] DEBUG org.asynchttpclient.netty.handler.HttpHandler - Channel Closed: [id: 0x9686cea6, L:/192.168.0.148:65120 ! R:hub-cloud.browserstack.com/103.126.7.240:80] with attribute DISCARD
21:14:52.804 [AsyncHttpClient-1-5] DEBUG org.asynchttpclient.netty.channel.NettyConnectListener - Using new Channel &apos;[id: 0xaa56138d, L:/192.168.0.148:58343 - R:hub-cloud.browserstack.com/103.126.7.240:80]&apos; for &apos;POST&apos; to &apos;/wd/hub/session/eda2ebede5b4f1c4a3da0ae80d76cf0c2ffae504/element/00d34472-ea0b-4efa-8077-159b6583f87d/click&apos;
21:14:53.578 [AsyncHttpClient-1-5] DEBUG org.asynchttpclient.netty.handler.HttpHandler - 

Request DefaultHttpRequest(decodeResult: success, version: HTTP/1.1)
POST /wd/hub/session/eda2ebede5b4f1c4a3da0ae80d76cf0c2ffae504/element/00d34472-ea0b-4efa-8077-159b6583f87d/click HTTP/1.1
User-Agent: selenium/4.5.0 (java windows)
Content-Length: 50
Content-Type: application/json; charset=utf-8
host: hub-cloud.browserstack.com
authorization: Basic c2FnYXJ2YXJ1bGVfTnYyazhsOnhUemoyZU54Wnl0bkpicngxZTZD
accept: */*

Response DefaultHttpResponse(decodeResult: success, version: HTTP/1.1)
HTTP/1.1 200 OK
Server: nginx
Date: Thu, 01 Dec 2022 15:44:53 GMT
Content-Type: application/json; charset=utf-8
Connection: keep-alive
Source-From: 02
x-powered-by: Express
vary: X-HTTP-Method-Override
etag: W/&quot;e-9/1BuKMgFObM1mWJm+YjxtXJnUM&quot;
content-length: 14

21:14:53.578 [AsyncHttpClient-1-5] DEBUG org.asynchttpclient.netty.channel.ChannelManager - Adding key: http://hub-cloud.browserstack.com:80 for channel [id: 0xaa56138d, L:/192.168.0.148:58343 - R:hub-cloud.browserstack.com/103.126.7.240:80]
  &amp;#27;[32mWhen &amp;#27;[0m&amp;#27;[32mI click on Add Image for new note&amp;#27;[0m                                &amp;#27;[90m# com.example.cocusmobiletest.stepdefinitions.NewNoteStepdefs.I_click_on_Add_Image_for_new_note()&amp;#27;[0m
21:14:53.581 [Forwarding findElement on session eda2ebede5b4f1c4a3da0ae80d76cf0c2ffae504 to remote] DEBUG org.asynchttpclient.netty.request.NettyRequestSender - Using pooled Channel &apos;[id: 0xaa56138d, L:/192.168.0.148:58343 - R:hub-cloud.browserstack.com/103.126.7.240:80]&apos; for &apos;POST&apos; to &apos;http://sagarvarule_Nv2k8l:xTzj2eNxZytnJbrx1e6C@hub-cloud.browserstack.com/wd/hub/session/eda2ebede5b4f1c4a3da0ae80d76cf0c2ffae504/element&apos;
21:14:53.581 [Forwarding findElement on session eda2ebede5b4f1c4a3da0ae80d76cf0c2ffae504 to remote] DEBUG org.asynchttpclient.netty.request.NettyRequestSender - Using open Channel [id: 0xaa56138d, L:/192.168.0.148:58343 - R:hub-cloud.browserstack.com/103.126.7.240:80] for POST &apos;/wd/hub/session/eda2ebede5b4f1c4a3da0ae80d76cf0c2ffae504/element&apos;
21:14:53.949 [AsyncHttpClient-1-5] DEBUG org.asynchttpclient.netty.handler.HttpHandler - 

Request DefaultHttpRequest(decodeResult: success, version: HTTP/1.1)
POST /wd/hub/session/eda2ebede5b4f1c4a3da0ae80d76cf0c2ffae504/element HTTP/1.1
User-Agent: selenium/4.5.0 (java windows)
Content-Length: 94
Content-Type: application/json; charset=utf-8
host: hub-cloud.browserstack.com
authorization: Basic c2FnYXJ2YXJ1bGVfTnYyazhsOnhUemoyZU54Wnl0bkpicngxZTZD
accept: */*

Response DefaultHttpResponse(decodeResult: success, version: HTTP/1.1)
HTTP/1.1 200 OK
Server: nginx
Date: Thu, 01 Dec 2022 15:44:53 GMT
Content-Type: application/json; charset=utf-8
Connection: keep-alive
Source-From: 02
x-powered-by: Express
vary: X-HTTP-Method-Override
etag: W/&quot;89-AMPcndXUAEgj2x7I++w7eHWTqc8&quot;
content-length: 137

21:14:53.949 [AsyncHttpClient-1-5] DEBUG org.asynchttpclient.netty.channel.ChannelManager - Adding key: http://hub-cloud.browserstack.com:80 for channel [id: 0xaa56138d, L:/192.168.0.148:58343 - R:hub-cloud.browserstack.com/103.126.7.240:80]
21:14:53.951 [Forwarding isElementDisplayed on session eda2ebede5b4f1c4a3da0ae80d76cf0c2ffae504 to remote] DEBUG org.asynchttpclient.netty.request.NettyRequestSender - Using pooled Channel &apos;[id: 0xaa56138d, L:/192.168.0.148:58343 - R:hub-cloud.browserstack.com/103.126.7.240:80]&apos; for &apos;GET&apos; to &apos;http://sagarvarule_Nv2k8l:xTzj2eNxZytnJbrx1e6C@hub-cloud.browserstack.com/wd/hub/session/eda2ebede5b4f1c4a3da0ae80d76cf0c2ffae504/element/e40602d4-6e8f-4485-829c-06fe5ab9bf91/displayed&apos;
21:14:53.951 [Forwarding isElementDisplayed on session eda2ebede5b4f1c4a3da0ae80d76cf0c2ffae504 to remote] DEBUG org.asynchttpclient.netty.request.NettyRequestSender - Using open Channel [id: 0xaa56138d, L:/192.168.0.148:58343 - R:hub-cloud.browserstack.com/103.126.7.240:80] for GET &apos;/wd/hub/session/eda2ebede5b4f1c4a3da0ae80d76cf0c2ffae504/element/e40602d4-6e8f-4485-829c-06fe5ab9bf91/displayed&apos;
21:14:54.484 [AsyncHttpClient-1-5] DEBUG org.asynchttpclient.netty.handler.HttpHandler - 

Request DefaultFullHttpRequest(decodeResult: success, version: HTTP/1.1, content: EmptyByteBufBE)
GET /wd/hub/session/eda2ebede5b4f1c4a3da0ae80d76cf0c2ffae504/element/e40602d4-6e8f-4485-829c-06fe5ab9bf91/displayed HTTP/1.1
User-Agent: selenium/4.5.0 (java windows)
Cache-Control: no-cache
Content-Type: application/json; charset=utf-8
host: hub-cloud.browserstack.com
authorization: Basic c2FnYXJ2YXJ1bGVfTnYyazhsOnhUemoyZU54Wnl0bkpicngxZTZD
accept: */*

Response DefaultHttpResponse(decodeResult: success, version: HTTP/1.1)
HTTP/1.1 200 OK
Server: nginx
Date: Thu, 01 Dec 2022 15:44:54 GMT
Content-Type: application/json; charset=utf-8
Connection: keep-alive
Source-From: 02
x-powered-by: Express
etag: W/&quot;e-2ZHvAWebNQpyjGZTg6uyV8/spTo&quot;
content-length: 14

21:14:54.484 [AsyncHttpClient-1-5] DEBUG org.asynchttpclient.netty.channel.ChannelManager - Adding key: http://hub-cloud.browserstack.com:80 for channel [id: 0xaa56138d, L:/192.168.0.148:58343 - R:hub-cloud.browserstack.com/103.126.7.240:80]
21:14:54.485 [Forwarding findElement on session eda2ebede5b4f1c4a3da0ae80d76cf0c2ffae504 to remote] DEBUG org.asynchttpclient.netty.request.NettyRequestSender - Using pooled Channel &apos;[id: 0xaa56138d, L:/192.168.0.148:58343 - R:hub-cloud.browserstack.com/103.126.7.240:80]&apos; for &apos;POST&apos; to &apos;http://sagarvarule_Nv2k8l:xTzj2eNxZytnJbrx1e6C@hub-cloud.browserstack.com/wd/hub/session/eda2ebede5b4f1c4a3da0ae80d76cf0c2ffae504/element&apos;
21:14:54.485 [Forwarding findElement on session eda2ebede5b4f1c4a3da0ae80d76cf0c2ffae504 to remote] DEBUG org.asynchttpclient.netty.request.NettyRequestSender - Using open Channel [id: 0xaa56138d, L:/192.168.0.148:58343 - R:hub-cloud.browserstack.com/103.126.7.240:80] for POST &apos;/wd/hub/session/eda2ebede5b4f1c4a3da0ae80d76cf0c2ffae504/element&apos;
21:14:54.578 [AsyncHttpClient-1-5] DEBUG org.asynchttpclient.netty.handler.HttpHandler - 

Request DefaultHttpRequest(decodeResult: success, version: HTTP/1.1)
POST /wd/hub/session/eda2ebede5b4f1c4a3da0ae80d76cf0c2ffae504/element HTTP/1.1
User-Agent: selenium/4.5.0 (java windows)
Content-Length: 94
Content-Type: application/json; charset=utf-8
host: hub-cloud.browserstack.com
authorization: Basic c2FnYXJ2YXJ1bGVfTnYyazhsOnhUemoyZU54Wnl0bkpicngxZTZD
accept: */*

Response DefaultHttpResponse(decodeResult: success, version: HTTP/1.1)
HTTP/1.1 200 OK
Server: nginx
Date: Thu, 01 Dec 2022 15:44:54 GMT
Content-Type: application/json; charset=utf-8
Connection: keep-alive
Source-From: 02
x-powered-by: Express
vary: X-HTTP-Method-Override
etag: W/&quot;89-/Z4jz0h/gRdEpGatg+CWq4MjGqA&quot;
content-length: 137

21:14:54.578 [AsyncHttpClient-1-5] DEBUG org.asynchttpclient.netty.channel.ChannelManager - Adding key: http://hub-cloud.browserstack.com:80 for channel [id: 0xaa56138d, L:/192.168.0.148:58343 - R:hub-cloud.browserstack.com/103.126.7.240:80]
21:14:54.579 [Forwarding isElementEnabled on session eda2ebede5b4f1c4a3da0ae80d76cf0c2ffae504 to remote] DEBUG org.asynchttpclient.netty.request.NettyRequestSender - Using pooled Channel &apos;[id: 0xaa56138d, L:/192.168.0.148:58343 - R:hub-cloud.browserstack.com/103.126.7.240:80]&apos; for &apos;GET&apos; to &apos;http://sagarvarule_Nv2k8l:xTzj2eNxZytnJbrx1e6C@hub-cloud.browserstack.com/wd/hub/session/eda2ebede5b4f1c4a3da0ae80d76cf0c2ffae504/element/e95be0e3-fcaf-498b-aa74-d32791cd28f5/enabled&apos;
21:14:54.579 [Forwarding isElementEnabled on session eda2ebede5b4f1c4a3da0ae80d76cf0c2ffae504 to remote] DEBUG org.asynchttpclient.netty.request.NettyRequestSender - Using open Channel [id: 0xaa56138d, L:/192.168.0.148:58343 - R:hub-cloud.browserstack.com/103.126.7.240:80] for GET &apos;/wd/hub/session/eda2ebede5b4f1c4a3da0ae80d76cf0c2ffae504/element/e95be0e3-fcaf-498b-aa74-d32791cd28f5/enabled&apos;
21:14:54.663 [AsyncHttpClient-1-5] DEBUG org.asynchttpclient.netty.handler.HttpHandler - 

Request DefaultFullHttpRequest(decodeResult: success, version: HTTP/1.1, content: EmptyByteBufBE)
GET /wd/hub/session/eda2ebede5b4f1c4a3da0ae80d76cf0c2ffae504/element/e95be0e3-fcaf-498b-aa74-d32791cd28f5/enabled HTTP/1.1
User-Agent: selenium/4.5.0 (java windows)
Cache-Control: no-cache
Content-Type: application/json; charset=utf-8
host: hub-cloud.browserstack.com
authorization: Basic c2FnYXJ2YXJ1bGVfTnYyazhsOnhUemoyZU54Wnl0bkpicngxZTZD
accept: */*

Response DefaultHttpResponse(decodeResult: success, version: HTTP/1.1)
HTTP/1.1 200 OK
Server: nginx
Date: Thu, 01 Dec 2022 15:44:54 GMT
Content-Type: application/json; charset=utf-8
Connection: keep-alive
Source-From: 02
x-powered-by: Express
etag: W/&quot;e-2ZHvAWebNQpyjGZTg6uyV8/spTo&quot;
content-length: 14

21:14:54.663 [AsyncHttpClient-1-5] DEBUG org.asynchttpclient.netty.channel.ChannelManager - Adding key: http://hub-cloud.browserstack.com:80 for channel [id: 0xaa56138d, L:/192.168.0.148:58343 - R:hub-cloud.browserstack.com/103.126.7.240:80]
21:14:54.665 [Forwarding findElement on session eda2ebede5b4f1c4a3da0ae80d76cf0c2ffae504 to remote] DEBUG org.asynchttpclient.netty.request.NettyRequestSender - Using pooled Channel &apos;[id: 0xaa56138d, L:/192.168.0.148:58343 - R:hub-cloud.browserstack.com/103.126.7.240:80]&apos; for &apos;POST&apos; to &apos;http://sagarvarule_Nv2k8l:xTzj2eNxZytnJbrx1e6C@hub-cloud.browserstack.com/wd/hub/session/eda2ebede5b4f1c4a3da0ae80d76cf0c2ffae504/element&apos;
21:14:54.665 [Forwarding findElement on session eda2ebede5b4f1c4a3da0ae80d76cf0c2ffae504 to remote] DEBUG org.asynchttpclient.netty.request.NettyRequestSender - Using open Channel [id: 0xaa56138d, L:/192.168.0.148:58343 - R:hub-cloud.browserstack.com/103.126.7.240:80] for POST &apos;/wd/hub/session/eda2ebede5b4f1c4a3da0ae80d76cf0c2ffae504/element&apos;
21:14:54.763 [AsyncHttpClient-1-5] DEBUG org.asynchttpclient.netty.handler.HttpHandler - 

Request DefaultHttpRequest(decodeResult: success, version: HTTP/1.1)
POST /wd/hub/session/eda2ebede5b4f1c4a3da0ae80d76cf0c2ffae504/element HTTP/1.1
User-Agent: selenium/4.5.0 (java windows)
Content-Length: 94
Content-Type: application/json; charset=utf-8
host: hub-cloud.browserstack.com
authorization: Basic c2FnYXJ2YXJ1bGVfTnYyazhsOnhUemoyZU54Wnl0bkpicngxZTZD
accept: */*

Response DefaultHttpResponse(decodeResult: success, version: HTTP/1.1)
HTTP/1.1 200 OK
Server: nginx
Date: Thu, 01 Dec 2022 15:44:54 GMT
Content-Type: application/json; charset=utf-8
Connection: keep-alive
Source-From: 02
x-powered-by: Express
vary: X-HTTP-Method-Override
etag: W/&quot;89-rcz21o3chyr2tIU8P97rl2qPELg&quot;
content-length: 137

21:14:54.763 [AsyncHttpClient-1-5] DEBUG org.asynchttpclient.netty.channel.ChannelManager - Adding key: http://hub-cloud.browserstack.com:80 for channel [id: 0xaa56138d, L:/192.168.0.148:58343 - R:hub-cloud.browserstack.com/103.126.7.240:80]
21:14:54.765 [Forwarding isElementDisplayed on session eda2ebede5b4f1c4a3da0ae80d76cf0c2ffae504 to remote] DEBUG org.asynchttpclient.netty.request.NettyRequestSender - Using pooled Channel &apos;[id: 0xaa56138d, L:/192.168.0.148:58343 - R:hub-cloud.browserstack.com/103.126.7.240:80]&apos; for &apos;GET&apos; to &apos;http://sagarvarule_Nv2k8l:xTzj2eNxZytnJbrx1e6C@hub-cloud.browserstack.com/wd/hub/session/eda2ebede5b4f1c4a3da0ae80d76cf0c2ffae504/element/028cd073-54a2-4c76-b09c-9d1fefc753e9/displayed&apos;
21:14:54.765 [Forwarding isElementDisplayed on session eda2ebede5b4f1c4a3da0ae80d76cf0c2ffae504 to remote] DEBUG org.asynchttpclient.netty.request.NettyRequestSender - Using open Channel [id: 0xaa56138d, L:/192.168.0.148:58343 - R:hub-cloud.browserstack.com/103.126.7.240:80] for GET &apos;/wd/hub/session/eda2ebede5b4f1c4a3da0ae80d76cf0c2ffae504/element/028cd073-54a2-4c76-b09c-9d1fefc753e9/displayed&apos;
21:14:54.843 [AsyncHttpClient-1-5] DEBUG org.asynchttpclient.netty.handler.HttpHandler - 

Request DefaultFullHttpRequest(decodeResult: success, version: HTTP/1.1, content: EmptyByteBufBE)
GET /wd/hub/session/eda2ebede5b4f1c4a3da0ae80d76cf0c2ffae504/element/028cd073-54a2-4c76-b09c-9d1fefc753e9/displayed HTTP/1.1
User-Agent: selenium/4.5.0 (java windows)
Cache-Control: no-cache
Content-Type: application/json; charset=utf-8
host: hub-cloud.browserstack.com
authorization: Basic c2FnYXJ2YXJ1bGVfTnYyazhsOnhUemoyZU54Wnl0bkpicngxZTZD
accept: */*

Response DefaultHttpResponse(decodeResult: success, version: HTTP/1.1)
HTTP/1.1 200 OK
Server: nginx
Date: Thu, 01 Dec 2022 15:44:54 GMT
Content-Type: application/json; charset=utf-8
Connection: keep-alive
Source-From: 02
x-powered-by: Express
etag: W/&quot;e-2ZHvAWebNQpyjGZTg6uyV8/spTo&quot;
content-length: 14

21:14:54.843 [AsyncHttpClient-1-5] DEBUG org.asynchttpclient.netty.channel.ChannelManager - Adding key: http://hub-cloud.browserstack.com:80 for channel [id: 0xaa56138d, L:/192.168.0.148:58343 - R:hub-cloud.browserstack.com/103.126.7.240:80]
21:14:54.845 [Forwarding findElement on session eda2ebede5b4f1c4a3da0ae80d76cf0c2ffae504 to remote] DEBUG org.asynchttpclient.netty.request.NettyRequestSender - Using pooled Channel &apos;[id: 0xaa56138d, L:/192.168.0.148:58343 - R:hub-cloud.browserstack.com/103.126.7.240:80]&apos; for &apos;POST&apos; to &apos;http://sagarvarule_Nv2k8l:xTzj2eNxZytnJbrx1e6C@hub-cloud.browserstack.com/wd/hub/session/eda2ebede5b4f1c4a3da0ae80d76cf0c2ffae504/element&apos;
21:14:54.845 [Forwarding findElement on session eda2ebede5b4f1c4a3da0ae80d76cf0c2ffae504 to remote] DEBUG org.asynchttpclient.netty.request.NettyRequestSender - Using open Channel [id: 0xaa56138d, L:/192.168.0.148:58343 - R:hub-cloud.browserstack.com/103.126.7.240:80] for POST &apos;/wd/hub/session/eda2ebede5b4f1c4a3da0ae80d76cf0c2ffae504/element&apos;
21:14:55.220 [AsyncHttpClient-1-5] DEBUG org.asynchttpclient.netty.handler.HttpHandler - 

Request DefaultHttpRequest(decodeResult: success, version: HTTP/1.1)
POST /wd/hub/session/eda2ebede5b4f1c4a3da0ae80d76cf0c2ffae504/element HTTP/1.1
User-Agent: selenium/4.5.0 (java windows)
Content-Length: 94
Content-Type: application/json; charset=utf-8
host: hub-cloud.browserstack.com
authorization: Basic c2FnYXJ2YXJ1bGVfTnYyazhsOnhUemoyZU54Wnl0bkpicngxZTZD
accept: */*

Response DefaultHttpResponse(decodeResult: success, version: HTTP/1.1)
HTTP/1.1 200 OK
Server: nginx
Date: Thu, 01 Dec 2022 15:44:55 GMT
Content-Type: application/json; charset=utf-8
Connection: keep-alive
Source-From: 02
x-powered-by: Express
vary: X-HTTP-Method-Override
etag: W/&quot;89-QLdRfJXpArmBB9jowgsMEseNMWo&quot;
content-length: 137

21:14:55.220 [AsyncHttpClient-1-5] DEBUG org.asynchttpclient.netty.channel.ChannelManager - Adding key: http://hub-cloud.browserstack.com:80 for channel [id: 0xaa56138d, L:/192.168.0.148:58343 - R:hub-cloud.browserstack.com/103.126.7.240:80]
21:14:55.222 [Forwarding isElementEnabled on session eda2ebede5b4f1c4a3da0ae80d76cf0c2ffae504 to remote] DEBUG org.asynchttpclient.netty.request.NettyRequestSender - Using pooled Channel &apos;[id: 0xaa56138d, L:/192.168.0.148:58343 - R:hub-cloud.browserstack.com/103.126.7.240:80]&apos; for &apos;GET&apos; to &apos;http://sagarvarule_Nv2k8l:xTzj2eNxZytnJbrx1e6C@hub-cloud.browserstack.com/wd/hub/session/eda2ebede5b4f1c4a3da0ae80d76cf0c2ffae504/element/60cc27a8-944f-439c-ba6b-9e72d9325f25/enabled&apos;
21:14:55.222 [Forwarding isElementEnabled on session eda2ebede5b4f1c4a3da0ae80d76cf0c2ffae504 to remote] DEBUG org.asynchttpclient.netty.request.NettyRequestSender - Using open Channel [id: 0xaa56138d, L:/192.168.0.148:58343 - R:hub-cloud.browserstack.com/103.126.7.240:80] for GET &apos;/wd/hub/session/eda2ebede5b4f1c4a3da0ae80d76cf0c2ffae504/element/60cc27a8-944f-439c-ba6b-9e72d9325f25/enabled&apos;
21:14:55.303 [AsyncHttpClient-1-5] DEBUG org.asynchttpclient.netty.handler.HttpHandler - 

Request DefaultFullHttpRequest(decodeResult: success, version: HTTP/1.1, content: EmptyByteBufBE)
GET /wd/hub/session/eda2ebede5b4f1c4a3da0ae80d76cf0c2ffae504/element/60cc27a8-944f-439c-ba6b-9e72d9325f25/enabled HTTP/1.1
User-Agent: selenium/4.5.0 (java windows)
Cache-Control: no-cache
Content-Type: application/json; charset=utf-8
host: hub-cloud.browserstack.com
authorization: Basic c2FnYXJ2YXJ1bGVfTnYyazhsOnhUemoyZU54Wnl0bkpicngxZTZD
accept: */*

Response DefaultHttpResponse(decodeResult: success, version: HTTP/1.1)
HTTP/1.1 200 OK
Server: nginx
Date: Thu, 01 Dec 2022 15:44:55 GMT
Content-Type: application/json; charset=utf-8
Connection: keep-alive
Source-From: 02
x-powered-by: Express
etag: W/&quot;e-2ZHvAWebNQpyjGZTg6uyV8/spTo&quot;
content-length: 14

21:14:55.303 [AsyncHttpClient-1-5] DEBUG org.asynchttpclient.netty.channel.ChannelManager - Adding key: http://hub-cloud.browserstack.com:80 for channel [id: 0xaa56138d, L:/192.168.0.148:58343 - R:hub-cloud.browserstack.com/103.126.7.240:80]
21:14:55.305 [Forwarding findElements on session eda2ebede5b4f1c4a3da0ae80d76cf0c2ffae504 to remote] DEBUG org.asynchttpclient.netty.request.NettyRequestSender - Using pooled Channel &apos;[id: 0xaa56138d, L:/192.168.0.148:58343 - R:hub-cloud.browserstack.com/103.126.7.240:80]&apos; for &apos;POST&apos; to &apos;http://sagarvarule_Nv2k8l:xTzj2eNxZytnJbrx1e6C@hub-cloud.browserstack.com/wd/hub/session/eda2ebede5b4f1c4a3da0ae80d76cf0c2ffae504/elements&apos;
21:14:55.305 [Forwarding findElements on session eda2ebede5b4f1c4a3da0ae80d76cf0c2ffae504 to remote] DEBUG org.asynchttpclient.netty.request.NettyRequestSender - Using open Channel [id: 0xaa56138d, L:/192.168.0.148:58343 - R:hub-cloud.browserstack.com/103.126.7.240:80] for POST &apos;/wd/hub/session/eda2ebede5b4f1c4a3da0ae80d76cf0c2ffae504/elements&apos;
21:14:55.399 [AsyncHttpClient-1-5] DEBUG org.asynchttpclient.netty.handler.HttpHandler - 

Request DefaultHttpRequest(decodeResult: success, version: HTTP/1.1)
POST /wd/hub/session/eda2ebede5b4f1c4a3da0ae80d76cf0c2ffae504/elements HTTP/1.1
User-Agent: selenium/4.5.0 (java windows)
Content-Length: 98
Content-Type: application/json; charset=utf-8
host: hub-cloud.browserstack.com
authorization: Basic c2FnYXJ2YXJ1bGVfTnYyazhsOnhUemoyZU54Wnl0bkpicngxZTZD
accept: */*

Response DefaultHttpResponse(decodeResult: success, version: HTTP/1.1)
HTTP/1.1 200 OK
Server: nginx
Date: Thu, 01 Dec 2022 15:44:55 GMT
Content-Type: application/json; charset=utf-8
Connection: keep-alive
Source-From: 02
x-powered-by: Express
vary: X-HTTP-Method-Override
etag: W/&quot;c-ct3goOI+b+kRZv2R9j2fTtMXwkk&quot;
content-length: 12

21:14:55.399 [AsyncHttpClient-1-5] DEBUG org.asynchttpclient.netty.channel.ChannelManager - Adding key: http://hub-cloud.browserstack.com:80 for channel [id: 0xaa56138d, L:/192.168.0.148:58343 - R:hub-cloud.browserstack.com/103.126.7.240:80]
  &amp;#27;[31mThen &amp;#27;[0m&amp;#27;[31mVerify note is added successfully with title and description&amp;#27;[0m     &amp;#27;[90m# com.example.cocusmobiletest.stepdefinitions.NewNoteStepdefs.Verify_note_is_added_successfully_with_title_and_description()&amp;#27;[0m
      &amp;#27;[31mjava.lang.AssertionError: Expected Note with title and description not present
	at org.junit.Assert.fail(Assert.java:88)
	at org.junit.Assert.assertTrue(Assert.java:41)
	at com.example.cocusmobiletest.stepdefinitions.NewNoteStepdefs.Verify_note_is_added_successfully_with_title_and_description(NewNoteStepdefs.java:69)
	at Ã¢Å“Â½.Verify note is added successfully with title and description(file:///C:/SagarV/Projects/COCUS-Challenge/cocus-mobiletest-challenge/cocus-mobile-test/src/test/resources/features/AddNotes.feature:42)
&amp;#27;[0m
21:14:55.402 [Forwarding screenshot on session eda2ebede5b4f1c4a3da0ae80d76cf0c2ffae504 to remote] DEBUG org.asynchttpclient.netty.request.NettyRequestSender - Using pooled Channel &apos;[id: 0xaa56138d, L:/192.168.0.148:58343 - R:hub-cloud.browserstack.com/103.126.7.240:80]&apos; for &apos;GET&apos; to &apos;http://sagarvarule_Nv2k8l:xTzj2eNxZytnJbrx1e6C@hub-cloud.browserstack.com/wd/hub/session/eda2ebede5b4f1c4a3da0ae80d76cf0c2ffae504/screenshot&apos;
21:14:55.403 [Forwarding screenshot on session eda2ebede5b4f1c4a3da0ae80d76cf0c2ffae504 to remote] DEBUG org.asynchttpclient.netty.request.NettyRequestSender - Using open Channel [id: 0xaa56138d, L:/192.168.0.148:58343 - R:hub-cloud.browserstack.com/103.126.7.240:80] for GET &apos;/wd/hub/session/eda2ebede5b4f1c4a3da0ae80d76cf0c2ffae504/screenshot&apos;
21:14:55.886 [AsyncHttpClient-1-5] DEBUG org.asynchttpclient.netty.handler.HttpHandler - 

Request DefaultFullHttpRequest(decodeResult: success, version: HTTP/1.1, content: EmptyByteBufBE)
GET /wd/hub/session/eda2ebede5b4f1c4a3da0ae80d76cf0c2ffae504/screenshot HTTP/1.1
User-Agent: selenium/4.5.0 (java windows)
Cache-Control: no-cache
Content-Type: application/json; charset=utf-8
host: hub-cloud.browserstack.com
authorization: Basic c2FnYXJ2YXJ1bGVfTnYyazhsOnhUemoyZU54Wnl0bkpicngxZTZD
accept: */*

Response DefaultHttpResponse(decodeResult: success, version: HTTP/1.1)
HTTP/1.1 200 OK
Server: nginx
Date: Thu, 01 Dec 2022 15:44:55 GMT
Content-Type: application/json; charset=utf-8
Connection: keep-alive
Source-From: 02
x-powered-by: Express
etag: W/&quot;d7ca-1EEDgpx6Y1Ma6rKCh5T5H8iIPaY&quot;
content-length: 55242

21:14:56.119 [AsyncHttpClient-1-5] DEBUG org.asynchttpclient.netty.channel.ChannelManager - Adding key: http://hub-cloud.browserstack.com:80 for channel [id: 0xaa56138d, L:/192.168.0.148:58343 - R:hub-cloud.browserstack.com/103.126.7.240:80]

    Embedding Note are Persisted after Add Image [image/png 40359 bytes]

</system-out>
  </testcase>
  <testcase classname="Add Notes" name="Verify Number of Notes Count" time="34.899"/>
  <testcase classname="Add Notes" name="Notes are saved after Restarting App" time="30.429">
    <failure message="Note count is not as expected expected:&lt;3&gt; but was:&lt;0&gt;" type="java.lang.AssertionError">java.lang.AssertionError: Note count is not as expected expected:&lt;3&gt; but was:&lt;0&gt;
	at org.junit.Assert.fail(Assert.java:88)
	at org.junit.Assert.failNotEquals(Assert.java:743)
	at org.junit.Assert.assertEquals(Assert.java:118)
	at com.example.cocusmobiletest.stepdefinitions.NewNoteStepdefs.Verify_Note_count_is(NewNoteStepdefs.java:111)
	at âœ½.Verify Note count is &quot;3&quot;(file:///C:/SagarV/Projects/COCUS-Challenge/cocus-mobiletest-challenge/cocus-mobile-test/src/test/resources/features/AddNotes.feature:58)
</failure>
    <system-out>
Scenario: Notes are saved after Restarting App &amp;#27;[90m# src/test/resources/features/AddNotes.feature:51&amp;#27;[0m
21:15:31.049 [Forwarding findElement on session eda2ebede5b4f1c4a3da0ae80d76cf0c2ffae504 to remote] DEBUG org.asynchttpclient.netty.request.NettyRequestSender - Using pooled Channel &apos;[id: 0x827a47f6, L:/192.168.0.148:54523 - R:hub-cloud.browserstack.com/103.126.7.240:80]&apos; for &apos;POST&apos; to &apos;http://sagarvarule_Nv2k8l:xTzj2eNxZytnJbrx1e6C@hub-cloud.browserstack.com/wd/hub/session/eda2ebede5b4f1c4a3da0ae80d76cf0c2ffae504/element&apos;
21:15:31.049 [Forwarding findElement on session eda2ebede5b4f1c4a3da0ae80d76cf0c2ffae504 to remote] DEBUG org.asynchttpclient.netty.request.NettyRequestSender - Using open Channel [id: 0x827a47f6, L:/192.168.0.148:54523 - R:hub-cloud.browserstack.com/103.126.7.240:80] for POST &apos;/wd/hub/session/eda2ebede5b4f1c4a3da0ae80d76cf0c2ffae504/element&apos;
21:15:31.355 [AsyncHttpClient-1-6] DEBUG org.asynchttpclient.netty.handler.HttpHandler - 

Request DefaultHttpRequest(decodeResult: success, version: HTTP/1.1)
POST /wd/hub/session/eda2ebede5b4f1c4a3da0ae80d76cf0c2ffae504/element HTTP/1.1
User-Agent: selenium/4.5.0 (java windows)
Content-Length: 94
Content-Type: application/json; charset=utf-8
host: hub-cloud.browserstack.com
authorization: Basic c2FnYXJ2YXJ1bGVfTnYyazhsOnhUemoyZU54Wnl0bkpicngxZTZD
accept: */*

Response DefaultHttpResponse(decodeResult: success, version: HTTP/1.1)
HTTP/1.1 200 OK
Server: nginx
Date: Thu, 01 Dec 2022 15:45:31 GMT
Content-Type: application/json; charset=utf-8
Connection: keep-alive
Source-From: 02
x-powered-by: Express
vary: X-HTTP-Method-Override
etag: W/&quot;89-wJNRvgPpQhS1NaYeIlVdjhhbdpA&quot;
content-length: 137

21:15:31.355 [AsyncHttpClient-1-6] DEBUG org.asynchttpclient.netty.channel.ChannelManager - Adding key: http://hub-cloud.browserstack.com:80 for channel [id: 0x827a47f6, L:/192.168.0.148:54523 - R:hub-cloud.browserstack.com/103.126.7.240:80]
21:15:31.356 [Forwarding isElementDisplayed on session eda2ebede5b4f1c4a3da0ae80d76cf0c2ffae504 to remote] DEBUG org.asynchttpclient.netty.request.NettyRequestSender - Using pooled Channel &apos;[id: 0x827a47f6, L:/192.168.0.148:54523 - R:hub-cloud.browserstack.com/103.126.7.240:80]&apos; for &apos;GET&apos; to &apos;http://sagarvarule_Nv2k8l:xTzj2eNxZytnJbrx1e6C@hub-cloud.browserstack.com/wd/hub/session/eda2ebede5b4f1c4a3da0ae80d76cf0c2ffae504/element/096865c7-c8a2-4bda-9e9d-fdc04832fa83/displayed&apos;
21:15:31.356 [Forwarding isElementDisplayed on session eda2ebede5b4f1c4a3da0ae80d76cf0c2ffae504 to remote] DEBUG org.asynchttpclient.netty.request.NettyRequestSender - Using open Channel [id: 0x827a47f6, L:/192.168.0.148:54523 - R:hub-cloud.browserstack.com/103.126.7.240:80] for GET &apos;/wd/hub/session/eda2ebede5b4f1c4a3da0ae80d76cf0c2ffae504/element/096865c7-c8a2-4bda-9e9d-fdc04832fa83/displayed&apos;
21:15:31.424 [AsyncHttpClient-1-6] DEBUG org.asynchttpclient.netty.handler.HttpHandler - 

Request DefaultFullHttpRequest(decodeResult: success, version: HTTP/1.1, content: EmptyByteBufBE)
GET /wd/hub/session/eda2ebede5b4f1c4a3da0ae80d76cf0c2ffae504/element/096865c7-c8a2-4bda-9e9d-fdc04832fa83/displayed HTTP/1.1
User-Agent: selenium/4.5.0 (java windows)
Cache-Control: no-cache
Content-Type: application/json; charset=utf-8
host: hub-cloud.browserstack.com
authorization: Basic c2FnYXJ2YXJ1bGVfTnYyazhsOnhUemoyZU54Wnl0bkpicngxZTZD
accept: */*

Response DefaultHttpResponse(decodeResult: success, version: HTTP/1.1)
HTTP/1.1 200 OK
Server: nginx
Date: Thu, 01 Dec 2022 15:45:31 GMT
Content-Type: application/json; charset=utf-8
Connection: keep-alive
Source-From: 02
x-powered-by: Express
etag: W/&quot;e-2ZHvAWebNQpyjGZTg6uyV8/spTo&quot;
content-length: 14

21:15:31.425 [AsyncHttpClient-1-6] DEBUG org.asynchttpclient.netty.channel.ChannelManager - Adding key: http://hub-cloud.browserstack.com:80 for channel [id: 0x827a47f6, L:/192.168.0.148:54523 - R:hub-cloud.browserstack.com/103.126.7.240:80]
21:15:31.429 [Forwarding findElement on session eda2ebede5b4f1c4a3da0ae80d76cf0c2ffae504 to remote] DEBUG org.asynchttpclient.netty.request.NettyRequestSender - Using pooled Channel &apos;[id: 0x827a47f6, L:/192.168.0.148:54523 - R:hub-cloud.browserstack.com/103.126.7.240:80]&apos; for &apos;POST&apos; to &apos;http://sagarvarule_Nv2k8l:xTzj2eNxZytnJbrx1e6C@hub-cloud.browserstack.com/wd/hub/session/eda2ebede5b4f1c4a3da0ae80d76cf0c2ffae504/element&apos;
21:15:31.429 [Forwarding findElement on session eda2ebede5b4f1c4a3da0ae80d76cf0c2ffae504 to remote] DEBUG org.asynchttpclient.netty.request.NettyRequestSender - Using open Channel [id: 0x827a47f6, L:/192.168.0.148:54523 - R:hub-cloud.browserstack.com/103.126.7.240:80] for POST &apos;/wd/hub/session/eda2ebede5b4f1c4a3da0ae80d76cf0c2ffae504/element&apos;
21:15:31.503 [AsyncHttpClient-1-6] DEBUG org.asynchttpclient.netty.handler.HttpHandler - 

Request DefaultHttpRequest(decodeResult: success, version: HTTP/1.1)
POST /wd/hub/session/eda2ebede5b4f1c4a3da0ae80d76cf0c2ffae504/element HTTP/1.1
User-Agent: selenium/4.5.0 (java windows)
Content-Length: 94
Content-Type: application/json; charset=utf-8
host: hub-cloud.browserstack.com
authorization: Basic c2FnYXJ2YXJ1bGVfTnYyazhsOnhUemoyZU54Wnl0bkpicngxZTZD
accept: */*

Response DefaultHttpResponse(decodeResult: success, version: HTTP/1.1)
HTTP/1.1 200 OK
Server: nginx
Date: Thu, 01 Dec 2022 15:45:31 GMT
Content-Type: application/json; charset=utf-8
Connection: keep-alive
Source-From: 02
x-powered-by: Express
vary: X-HTTP-Method-Override
etag: W/&quot;89-0AB6z50aBqYpEjbYj8kB7DDKz5Y&quot;
content-length: 137

21:15:31.503 [AsyncHttpClient-1-6] DEBUG org.asynchttpclient.netty.channel.ChannelManager - Adding key: http://hub-cloud.browserstack.com:80 for channel [id: 0x827a47f6, L:/192.168.0.148:54523 - R:hub-cloud.browserstack.com/103.126.7.240:80]
21:15:31.505 [Forwarding isElementEnabled on session eda2ebede5b4f1c4a3da0ae80d76cf0c2ffae504 to remote] DEBUG org.asynchttpclient.netty.request.NettyRequestSender - Using pooled Channel &apos;[id: 0x827a47f6, L:/192.168.0.148:54523 - R:hub-cloud.browserstack.com/103.126.7.240:80]&apos; for &apos;GET&apos; to &apos;http://sagarvarule_Nv2k8l:xTzj2eNxZytnJbrx1e6C@hub-cloud.browserstack.com/wd/hub/session/eda2ebede5b4f1c4a3da0ae80d76cf0c2ffae504/element/91618f7d-b17e-495e-aade-66e178aeb4a9/enabled&apos;
21:15:31.505 [Forwarding isElementEnabled on session eda2ebede5b4f1c4a3da0ae80d76cf0c2ffae504 to remote] DEBUG org.asynchttpclient.netty.request.NettyRequestSender - Using open Channel [id: 0x827a47f6, L:/192.168.0.148:54523 - R:hub-cloud.browserstack.com/103.126.7.240:80] for GET &apos;/wd/hub/session/eda2ebede5b4f1c4a3da0ae80d76cf0c2ffae504/element/91618f7d-b17e-495e-aade-66e178aeb4a9/enabled&apos;
21:15:31.570 [AsyncHttpClient-1-6] DEBUG org.asynchttpclient.netty.handler.HttpHandler - 

Request DefaultFullHttpRequest(decodeResult: success, version: HTTP/1.1, content: EmptyByteBufBE)
GET /wd/hub/session/eda2ebede5b4f1c4a3da0ae80d76cf0c2ffae504/element/91618f7d-b17e-495e-aade-66e178aeb4a9/enabled HTTP/1.1
User-Agent: selenium/4.5.0 (java windows)
Cache-Control: no-cache
Content-Type: application/json; charset=utf-8
host: hub-cloud.browserstack.com
authorization: Basic c2FnYXJ2YXJ1bGVfTnYyazhsOnhUemoyZU54Wnl0bkpicngxZTZD
accept: */*

Response DefaultHttpResponse(decodeResult: success, version: HTTP/1.1)
HTTP/1.1 200 OK
Server: nginx
Date: Thu, 01 Dec 2022 15:45:31 GMT
Content-Type: application/json; charset=utf-8
Connection: keep-alive
Source-From: 02
x-powered-by: Express
etag: W/&quot;e-2ZHvAWebNQpyjGZTg6uyV8/spTo&quot;
content-length: 14

21:15:31.570 [AsyncHttpClient-1-6] DEBUG org.asynchttpclient.netty.channel.ChannelManager - Adding key: http://hub-cloud.browserstack.com:80 for channel [id: 0x827a47f6, L:/192.168.0.148:54523 - R:hub-cloud.browserstack.com/103.126.7.240:80]
  &amp;#27;[32mGiven &amp;#27;[0m&amp;#27;[32mI am at dashboard&amp;#27;[0m                      &amp;#27;[90m# com.example.cocusmobiletest.stepdefinitions.NewNoteStepdefs.I_am_at_dashboard()&amp;#27;[0m
21:15:31.573 [Forwarding findElement on session eda2ebede5b4f1c4a3da0ae80d76cf0c2ffae504 to remote] DEBUG org.asynchttpclient.netty.request.NettyRequestSender - Using pooled Channel &apos;[id: 0x827a47f6, L:/192.168.0.148:54523 - R:hub-cloud.browserstack.com/103.126.7.240:80]&apos; for &apos;POST&apos; to &apos;http://sagarvarule_Nv2k8l:xTzj2eNxZytnJbrx1e6C@hub-cloud.browserstack.com/wd/hub/session/eda2ebede5b4f1c4a3da0ae80d76cf0c2ffae504/element&apos;
21:15:31.573 [Forwarding findElement on session eda2ebede5b4f1c4a3da0ae80d76cf0c2ffae504 to remote] DEBUG org.asynchttpclient.netty.request.NettyRequestSender - Using open Channel [id: 0x827a47f6, L:/192.168.0.148:54523 - R:hub-cloud.browserstack.com/103.126.7.240:80] for POST &apos;/wd/hub/session/eda2ebede5b4f1c4a3da0ae80d76cf0c2ffae504/element&apos;
21:15:31.662 [AsyncHttpClient-1-6] DEBUG org.asynchttpclient.netty.handler.HttpHandler - 

Request DefaultHttpRequest(decodeResult: success, version: HTTP/1.1)
POST /wd/hub/session/eda2ebede5b4f1c4a3da0ae80d76cf0c2ffae504/element HTTP/1.1
User-Agent: selenium/4.5.0 (java windows)
Content-Length: 94
Content-Type: application/json; charset=utf-8
host: hub-cloud.browserstack.com
authorization: Basic c2FnYXJ2YXJ1bGVfTnYyazhsOnhUemoyZU54Wnl0bkpicngxZTZD
accept: */*

Response DefaultHttpResponse(decodeResult: success, version: HTTP/1.1)
HTTP/1.1 200 OK
Server: nginx
Date: Thu, 01 Dec 2022 15:45:31 GMT
Content-Type: application/json; charset=utf-8
Connection: keep-alive
Source-From: 02
x-powered-by: Express
vary: X-HTTP-Method-Override
etag: W/&quot;89-FvAFEUfNqeTkd+1v5aCUyxBvotE&quot;
content-length: 137

21:15:31.662 [AsyncHttpClient-1-6] DEBUG org.asynchttpclient.netty.channel.ChannelManager - Adding key: http://hub-cloud.browserstack.com:80 for channel [id: 0x827a47f6, L:/192.168.0.148:54523 - R:hub-cloud.browserstack.com/103.126.7.240:80]
21:15:31.663 [Forwarding isElementDisplayed on session eda2ebede5b4f1c4a3da0ae80d76cf0c2ffae504 to remote] DEBUG org.asynchttpclient.netty.request.NettyRequestSender - Using pooled Channel &apos;[id: 0x827a47f6, L:/192.168.0.148:54523 - R:hub-cloud.browserstack.com/103.126.7.240:80]&apos; for &apos;GET&apos; to &apos;http://sagarvarule_Nv2k8l:xTzj2eNxZytnJbrx1e6C@hub-cloud.browserstack.com/wd/hub/session/eda2ebede5b4f1c4a3da0ae80d76cf0c2ffae504/element/21354bf8-eeb4-48f7-b76b-afc27f163ed2/displayed&apos;
21:15:31.663 [Forwarding isElementDisplayed on session eda2ebede5b4f1c4a3da0ae80d76cf0c2ffae504 to remote] DEBUG org.asynchttpclient.netty.request.NettyRequestSender - Using open Channel [id: 0x827a47f6, L:/192.168.0.148:54523 - R:hub-cloud.browserstack.com/103.126.7.240:80] for GET &apos;/wd/hub/session/eda2ebede5b4f1c4a3da0ae80d76cf0c2ffae504/element/21354bf8-eeb4-48f7-b76b-afc27f163ed2/displayed&apos;
21:15:31.732 [AsyncHttpClient-1-6] DEBUG org.asynchttpclient.netty.handler.HttpHandler - 

Request DefaultFullHttpRequest(decodeResult: success, version: HTTP/1.1, content: EmptyByteBufBE)
GET /wd/hub/session/eda2ebede5b4f1c4a3da0ae80d76cf0c2ffae504/element/21354bf8-eeb4-48f7-b76b-afc27f163ed2/displayed HTTP/1.1
User-Agent: selenium/4.5.0 (java windows)
Cache-Control: no-cache
Content-Type: application/json; charset=utf-8
host: hub-cloud.browserstack.com
authorization: Basic c2FnYXJ2YXJ1bGVfTnYyazhsOnhUemoyZU54Wnl0bkpicngxZTZD
accept: */*

Response DefaultHttpResponse(decodeResult: success, version: HTTP/1.1)
HTTP/1.1 200 OK
Server: nginx
Date: Thu, 01 Dec 2022 15:45:31 GMT
Content-Type: application/json; charset=utf-8
Connection: keep-alive
Source-From: 02
x-powered-by: Express
etag: W/&quot;e-2ZHvAWebNQpyjGZTg6uyV8/spTo&quot;
content-length: 14

21:15:31.732 [AsyncHttpClient-1-6] DEBUG org.asynchttpclient.netty.channel.ChannelManager - Adding key: http://hub-cloud.browserstack.com:80 for channel [id: 0x827a47f6, L:/192.168.0.148:54523 - R:hub-cloud.browserstack.com/103.126.7.240:80]
21:15:31.733 [Forwarding findElement on session eda2ebede5b4f1c4a3da0ae80d76cf0c2ffae504 to remote] DEBUG org.asynchttpclient.netty.request.NettyRequestSender - Using pooled Channel &apos;[id: 0x827a47f6, L:/192.168.0.148:54523 - R:hub-cloud.browserstack.com/103.126.7.240:80]&apos; for &apos;POST&apos; to &apos;http://sagarvarule_Nv2k8l:xTzj2eNxZytnJbrx1e6C@hub-cloud.browserstack.com/wd/hub/session/eda2ebede5b4f1c4a3da0ae80d76cf0c2ffae504/element&apos;
21:15:31.734 [Forwarding findElement on session eda2ebede5b4f1c4a3da0ae80d76cf0c2ffae504 to remote] DEBUG org.asynchttpclient.netty.request.NettyRequestSender - Using open Channel [id: 0x827a47f6, L:/192.168.0.148:54523 - R:hub-cloud.browserstack.com/103.126.7.240:80] for POST &apos;/wd/hub/session/eda2ebede5b4f1c4a3da0ae80d76cf0c2ffae504/element&apos;
21:15:31.806 [AsyncHttpClient-1-6] DEBUG org.asynchttpclient.netty.handler.HttpHandler - 

Request DefaultHttpRequest(decodeResult: success, version: HTTP/1.1)
POST /wd/hub/session/eda2ebede5b4f1c4a3da0ae80d76cf0c2ffae504/element HTTP/1.1
User-Agent: selenium/4.5.0 (java windows)
Content-Length: 94
Content-Type: application/json; charset=utf-8
host: hub-cloud.browserstack.com
authorization: Basic c2FnYXJ2YXJ1bGVfTnYyazhsOnhUemoyZU54Wnl0bkpicngxZTZD
accept: */*

Response DefaultHttpResponse(decodeResult: success, version: HTTP/1.1)
HTTP/1.1 200 OK
Server: nginx
Date: Thu, 01 Dec 2022 15:45:31 GMT
Content-Type: application/json; charset=utf-8
Connection: keep-alive
Source-From: 02
x-powered-by: Express
vary: X-HTTP-Method-Override
etag: W/&quot;89-KdLTGyDAF/FKt65UezFmicB6j6k&quot;
content-length: 137

21:15:31.807 [AsyncHttpClient-1-6] DEBUG org.asynchttpclient.netty.channel.ChannelManager - Adding key: http://hub-cloud.browserstack.com:80 for channel [id: 0x827a47f6, L:/192.168.0.148:54523 - R:hub-cloud.browserstack.com/103.126.7.240:80]
21:15:31.808 [Forwarding isElementEnabled on session eda2ebede5b4f1c4a3da0ae80d76cf0c2ffae504 to remote] DEBUG org.asynchttpclient.netty.request.NettyRequestSender - Using pooled Channel &apos;[id: 0x827a47f6, L:/192.168.0.148:54523 - R:hub-cloud.browserstack.com/103.126.7.240:80]&apos; for &apos;GET&apos; to &apos;http://sagarvarule_Nv2k8l:xTzj2eNxZytnJbrx1e6C@hub-cloud.browserstack.com/wd/hub/session/eda2ebede5b4f1c4a3da0ae80d76cf0c2ffae504/element/28890c7e-db95-4cfe-a2cb-423610b4f6ea/enabled&apos;
21:15:31.808 [Forwarding isElementEnabled on session eda2ebede5b4f1c4a3da0ae80d76cf0c2ffae504 to remote] DEBUG org.asynchttpclient.netty.request.NettyRequestSender - Using open Channel [id: 0x827a47f6, L:/192.168.0.148:54523 - R:hub-cloud.browserstack.com/103.126.7.240:80] for GET &apos;/wd/hub/session/eda2ebede5b4f1c4a3da0ae80d76cf0c2ffae504/element/28890c7e-db95-4cfe-a2cb-423610b4f6ea/enabled&apos;
21:15:31.872 [AsyncHttpClient-1-6] DEBUG org.asynchttpclient.netty.handler.HttpHandler - 

Request DefaultFullHttpRequest(decodeResult: success, version: HTTP/1.1, content: EmptyByteBufBE)
GET /wd/hub/session/eda2ebede5b4f1c4a3da0ae80d76cf0c2ffae504/element/28890c7e-db95-4cfe-a2cb-423610b4f6ea/enabled HTTP/1.1
User-Agent: selenium/4.5.0 (java windows)
Cache-Control: no-cache
Content-Type: application/json; charset=utf-8
host: hub-cloud.browserstack.com
authorization: Basic c2FnYXJ2YXJ1bGVfTnYyazhsOnhUemoyZU54Wnl0bkpicngxZTZD
accept: */*

Response DefaultHttpResponse(decodeResult: success, version: HTTP/1.1)
HTTP/1.1 200 OK
Server: nginx
Date: Thu, 01 Dec 2022 15:45:31 GMT
Content-Type: application/json; charset=utf-8
Connection: keep-alive
Source-From: 02
x-powered-by: Express
etag: W/&quot;e-2ZHvAWebNQpyjGZTg6uyV8/spTo&quot;
content-length: 14

21:15:31.872 [AsyncHttpClient-1-6] DEBUG org.asynchttpclient.netty.channel.ChannelManager - Adding key: http://hub-cloud.browserstack.com:80 for channel [id: 0x827a47f6, L:/192.168.0.148:54523 - R:hub-cloud.browserstack.com/103.126.7.240:80]
21:15:31.874 [Forwarding findElement on session eda2ebede5b4f1c4a3da0ae80d76cf0c2ffae504 to remote] DEBUG org.asynchttpclient.netty.request.NettyRequestSender - Using pooled Channel &apos;[id: 0x827a47f6, L:/192.168.0.148:54523 - R:hub-cloud.browserstack.com/103.126.7.240:80]&apos; for &apos;POST&apos; to &apos;http://sagarvarule_Nv2k8l:xTzj2eNxZytnJbrx1e6C@hub-cloud.browserstack.com/wd/hub/session/eda2ebede5b4f1c4a3da0ae80d76cf0c2ffae504/element&apos;
21:15:31.874 [Forwarding findElement on session eda2ebede5b4f1c4a3da0ae80d76cf0c2ffae504 to remote] DEBUG org.asynchttpclient.netty.request.NettyRequestSender - Using open Channel [id: 0x827a47f6, L:/192.168.0.148:54523 - R:hub-cloud.browserstack.com/103.126.7.240:80] for POST &apos;/wd/hub/session/eda2ebede5b4f1c4a3da0ae80d76cf0c2ffae504/element&apos;
21:15:31.955 [AsyncHttpClient-1-6] DEBUG org.asynchttpclient.netty.handler.HttpHandler - 

Request DefaultHttpRequest(decodeResult: success, version: HTTP/1.1)
POST /wd/hub/session/eda2ebede5b4f1c4a3da0ae80d76cf0c2ffae504/element HTTP/1.1
User-Agent: selenium/4.5.0 (java windows)
Content-Length: 94
Content-Type: application/json; charset=utf-8
host: hub-cloud.browserstack.com
authorization: Basic c2FnYXJ2YXJ1bGVfTnYyazhsOnhUemoyZU54Wnl0bkpicngxZTZD
accept: */*

Response DefaultHttpResponse(decodeResult: success, version: HTTP/1.1)
HTTP/1.1 200 OK
Server: nginx
Date: Thu, 01 Dec 2022 15:45:31 GMT
Content-Type: application/json; charset=utf-8
Connection: keep-alive
Source-From: 02
x-powered-by: Express
vary: X-HTTP-Method-Override
etag: W/&quot;89-gdS5Xhrzr323eK0WVNkFQn2pRd4&quot;
content-length: 137

21:15:31.955 [AsyncHttpClient-1-6] DEBUG org.asynchttpclient.netty.channel.ChannelManager - Adding key: http://hub-cloud.browserstack.com:80 for channel [id: 0x827a47f6, L:/192.168.0.148:54523 - R:hub-cloud.browserstack.com/103.126.7.240:80]
21:15:31.957 [Forwarding isElementDisplayed on session eda2ebede5b4f1c4a3da0ae80d76cf0c2ffae504 to remote] DEBUG org.asynchttpclient.netty.request.NettyRequestSender - Using pooled Channel &apos;[id: 0x827a47f6, L:/192.168.0.148:54523 - R:hub-cloud.browserstack.com/103.126.7.240:80]&apos; for &apos;GET&apos; to &apos;http://sagarvarule_Nv2k8l:xTzj2eNxZytnJbrx1e6C@hub-cloud.browserstack.com/wd/hub/session/eda2ebede5b4f1c4a3da0ae80d76cf0c2ffae504/element/f724321e-ca7d-4742-8cb2-e2161cadbf34/displayed&apos;
21:15:31.957 [Forwarding isElementDisplayed on session eda2ebede5b4f1c4a3da0ae80d76cf0c2ffae504 to remote] DEBUG org.asynchttpclient.netty.request.NettyRequestSender - Using open Channel [id: 0x827a47f6, L:/192.168.0.148:54523 - R:hub-cloud.browserstack.com/103.126.7.240:80] for GET &apos;/wd/hub/session/eda2ebede5b4f1c4a3da0ae80d76cf0c2ffae504/element/f724321e-ca7d-4742-8cb2-e2161cadbf34/displayed&apos;
21:15:32.028 [AsyncHttpClient-1-6] DEBUG org.asynchttpclient.netty.handler.HttpHandler - 

Request DefaultFullHttpRequest(decodeResult: success, version: HTTP/1.1, content: EmptyByteBufBE)
GET /wd/hub/session/eda2ebede5b4f1c4a3da0ae80d76cf0c2ffae504/element/f724321e-ca7d-4742-8cb2-e2161cadbf34/displayed HTTP/1.1
User-Agent: selenium/4.5.0 (java windows)
Cache-Control: no-cache
Content-Type: application/json; charset=utf-8
host: hub-cloud.browserstack.com
authorization: Basic c2FnYXJ2YXJ1bGVfTnYyazhsOnhUemoyZU54Wnl0bkpicngxZTZD
accept: */*

Response DefaultHttpResponse(decodeResult: success, version: HTTP/1.1)
HTTP/1.1 200 OK
Server: nginx
Date: Thu, 01 Dec 2022 15:45:32 GMT
Content-Type: application/json; charset=utf-8
Connection: keep-alive
Source-From: 02
x-powered-by: Express
etag: W/&quot;e-2ZHvAWebNQpyjGZTg6uyV8/spTo&quot;
content-length: 14

21:15:32.028 [AsyncHttpClient-1-6] DEBUG org.asynchttpclient.netty.channel.ChannelManager - Adding key: http://hub-cloud.browserstack.com:80 for channel [id: 0x827a47f6, L:/192.168.0.148:54523 - R:hub-cloud.browserstack.com/103.126.7.240:80]
21:15:32.030 [Forwarding findElement on session eda2ebede5b4f1c4a3da0ae80d76cf0c2ffae504 to remote] DEBUG org.asynchttpclient.netty.request.NettyRequestSender - Using pooled Channel &apos;[id: 0x827a47f6, L:/192.168.0.148:54523 - R:hub-cloud.browserstack.com/103.126.7.240:80]&apos; for &apos;POST&apos; to &apos;http://sagarvarule_Nv2k8l:xTzj2eNxZytnJbrx1e6C@hub-cloud.browserstack.com/wd/hub/session/eda2ebede5b4f1c4a3da0ae80d76cf0c2ffae504/element&apos;
21:15:32.030 [Forwarding findElement on session eda2ebede5b4f1c4a3da0ae80d76cf0c2ffae504 to remote] DEBUG org.asynchttpclient.netty.request.NettyRequestSender - Using open Channel [id: 0x827a47f6, L:/192.168.0.148:54523 - R:hub-cloud.browserstack.com/103.126.7.240:80] for POST &apos;/wd/hub/session/eda2ebede5b4f1c4a3da0ae80d76cf0c2ffae504/element&apos;
21:15:32.111 [AsyncHttpClient-1-6] DEBUG org.asynchttpclient.netty.handler.HttpHandler - 

Request DefaultHttpRequest(decodeResult: success, version: HTTP/1.1)
POST /wd/hub/session/eda2ebede5b4f1c4a3da0ae80d76cf0c2ffae504/element HTTP/1.1
User-Agent: selenium/4.5.0 (java windows)
Content-Length: 94
Content-Type: application/json; charset=utf-8
host: hub-cloud.browserstack.com
authorization: Basic c2FnYXJ2YXJ1bGVfTnYyazhsOnhUemoyZU54Wnl0bkpicngxZTZD
accept: */*

Response DefaultHttpResponse(decodeResult: success, version: HTTP/1.1)
HTTP/1.1 200 OK
Server: nginx
Date: Thu, 01 Dec 2022 15:45:32 GMT
Content-Type: application/json; charset=utf-8
Connection: keep-alive
Source-From: 02
x-powered-by: Express
vary: X-HTTP-Method-Override
etag: W/&quot;89-oSmSL7zA3435jUWqdRRlU2RqXTI&quot;
content-length: 137

21:15:32.112 [AsyncHttpClient-1-6] DEBUG org.asynchttpclient.netty.channel.ChannelManager - Adding key: http://hub-cloud.browserstack.com:80 for channel [id: 0x827a47f6, L:/192.168.0.148:54523 - R:hub-cloud.browserstack.com/103.126.7.240:80]
21:15:32.113 [Forwarding isElementEnabled on session eda2ebede5b4f1c4a3da0ae80d76cf0c2ffae504 to remote] DEBUG org.asynchttpclient.netty.request.NettyRequestSender - Using pooled Channel &apos;[id: 0x827a47f6, L:/192.168.0.148:54523 - R:hub-cloud.browserstack.com/103.126.7.240:80]&apos; for &apos;GET&apos; to &apos;http://sagarvarule_Nv2k8l:xTzj2eNxZytnJbrx1e6C@hub-cloud.browserstack.com/wd/hub/session/eda2ebede5b4f1c4a3da0ae80d76cf0c2ffae504/element/35a33c9e-0d72-4dcb-8aa8-acd0635b2cdd/enabled&apos;
21:15:32.113 [Forwarding isElementEnabled on session eda2ebede5b4f1c4a3da0ae80d76cf0c2ffae504 to remote] DEBUG org.asynchttpclient.netty.request.NettyRequestSender - Using open Channel [id: 0x827a47f6, L:/192.168.0.148:54523 - R:hub-cloud.browserstack.com/103.126.7.240:80] for GET &apos;/wd/hub/session/eda2ebede5b4f1c4a3da0ae80d76cf0c2ffae504/element/35a33c9e-0d72-4dcb-8aa8-acd0635b2cdd/enabled&apos;
21:15:32.175 [AsyncHttpClient-1-6] DEBUG org.asynchttpclient.netty.handler.HttpHandler - 

Request DefaultFullHttpRequest(decodeResult: success, version: HTTP/1.1, content: EmptyByteBufBE)
GET /wd/hub/session/eda2ebede5b4f1c4a3da0ae80d76cf0c2ffae504/element/35a33c9e-0d72-4dcb-8aa8-acd0635b2cdd/enabled HTTP/1.1
User-Agent: selenium/4.5.0 (java windows)
Cache-Control: no-cache
Content-Type: application/json; charset=utf-8
host: hub-cloud.browserstack.com
authorization: Basic c2FnYXJ2YXJ1bGVfTnYyazhsOnhUemoyZU54Wnl0bkpicngxZTZD
accept: */*

Response DefaultHttpResponse(decodeResult: success, version: HTTP/1.1)
HTTP/1.1 200 OK
Server: nginx
Date: Thu, 01 Dec 2022 15:45:32 GMT
Content-Type: application/json; charset=utf-8
Connection: keep-alive
Source-From: 02
x-powered-by: Express
etag: W/&quot;e-2ZHvAWebNQpyjGZTg6uyV8/spTo&quot;
content-length: 14

21:15:32.175 [AsyncHttpClient-1-6] DEBUG org.asynchttpclient.netty.channel.ChannelManager - Adding key: http://hub-cloud.browserstack.com:80 for channel [id: 0x827a47f6, L:/192.168.0.148:54523 - R:hub-cloud.browserstack.com/103.126.7.240:80]
21:15:32.179 [Forwarding findElement on session eda2ebede5b4f1c4a3da0ae80d76cf0c2ffae504 to remote] DEBUG org.asynchttpclient.netty.request.NettyRequestSender - Using pooled Channel &apos;[id: 0x827a47f6, L:/192.168.0.148:54523 - R:hub-cloud.browserstack.com/103.126.7.240:80]&apos; for &apos;POST&apos; to &apos;http://sagarvarule_Nv2k8l:xTzj2eNxZytnJbrx1e6C@hub-cloud.browserstack.com/wd/hub/session/eda2ebede5b4f1c4a3da0ae80d76cf0c2ffae504/element&apos;
21:15:32.180 [Forwarding findElement on session eda2ebede5b4f1c4a3da0ae80d76cf0c2ffae504 to remote] DEBUG org.asynchttpclient.netty.request.NettyRequestSender - Using open Channel [id: 0x827a47f6, L:/192.168.0.148:54523 - R:hub-cloud.browserstack.com/103.126.7.240:80] for POST &apos;/wd/hub/session/eda2ebede5b4f1c4a3da0ae80d76cf0c2ffae504/element&apos;
21:15:32.249 [AsyncHttpClient-1-6] DEBUG org.asynchttpclient.netty.handler.HttpHandler - 

Request DefaultHttpRequest(decodeResult: success, version: HTTP/1.1)
POST /wd/hub/session/eda2ebede5b4f1c4a3da0ae80d76cf0c2ffae504/element HTTP/1.1
User-Agent: selenium/4.5.0 (java windows)
Content-Length: 94
Content-Type: application/json; charset=utf-8
host: hub-cloud.browserstack.com
authorization: Basic c2FnYXJ2YXJ1bGVfTnYyazhsOnhUemoyZU54Wnl0bkpicngxZTZD
accept: */*

Response DefaultHttpResponse(decodeResult: success, version: HTTP/1.1)
HTTP/1.1 200 OK
Server: nginx
Date: Thu, 01 Dec 2022 15:45:32 GMT
Content-Type: application/json; charset=utf-8
Connection: keep-alive
Source-From: 02
x-powered-by: Express
vary: X-HTTP-Method-Override
etag: W/&quot;89-CZ+9QzgEubOt4hfeyjlpLBsVyeM&quot;
content-length: 137

21:15:32.250 [AsyncHttpClient-1-6] DEBUG org.asynchttpclient.netty.channel.ChannelManager - Adding key: http://hub-cloud.browserstack.com:80 for channel [id: 0x827a47f6, L:/192.168.0.148:54523 - R:hub-cloud.browserstack.com/103.126.7.240:80]
21:15:32.251 [Forwarding clickElement on session eda2ebede5b4f1c4a3da0ae80d76cf0c2ffae504 to remote] DEBUG org.asynchttpclient.netty.request.NettyRequestSender - Using pooled Channel &apos;[id: 0x827a47f6, L:/192.168.0.148:54523 - R:hub-cloud.browserstack.com/103.126.7.240:80]&apos; for &apos;POST&apos; to &apos;http://sagarvarule_Nv2k8l:xTzj2eNxZytnJbrx1e6C@hub-cloud.browserstack.com/wd/hub/session/eda2ebede5b4f1c4a3da0ae80d76cf0c2ffae504/element/f6281bf2-b22f-4149-833f-996ad9a7f2df/click&apos;
21:15:32.252 [Forwarding clickElement on session eda2ebede5b4f1c4a3da0ae80d76cf0c2ffae504 to remote] DEBUG org.asynchttpclient.netty.request.NettyRequestSender - Using open Channel [id: 0x827a47f6, L:/192.168.0.148:54523 - R:hub-cloud.browserstack.com/103.126.7.240:80] for POST &apos;/wd/hub/session/eda2ebede5b4f1c4a3da0ae80d76cf0c2ffae504/element/f6281bf2-b22f-4149-833f-996ad9a7f2df/click&apos;
21:15:32.332 [AsyncHttpClient-1-6] DEBUG org.asynchttpclient.netty.handler.HttpHandler - 

Request DefaultHttpRequest(decodeResult: success, version: HTTP/1.1)
POST /wd/hub/session/eda2ebede5b4f1c4a3da0ae80d76cf0c2ffae504/element/f6281bf2-b22f-4149-833f-996ad9a7f2df/click HTTP/1.1
User-Agent: selenium/4.5.0 (java windows)
Content-Length: 50
Content-Type: application/json; charset=utf-8
host: hub-cloud.browserstack.com
authorization: Basic c2FnYXJ2YXJ1bGVfTnYyazhsOnhUemoyZU54Wnl0bkpicngxZTZD
accept: */*

Response DefaultHttpResponse(decodeResult: success, version: HTTP/1.1)
HTTP/1.1 200 OK
Server: nginx
Date: Thu, 01 Dec 2022 15:45:32 GMT
Content-Type: application/json; charset=utf-8
Connection: keep-alive
Source-From: 02
x-powered-by: Express
vary: X-HTTP-Method-Override
etag: W/&quot;e-9/1BuKMgFObM1mWJm+YjxtXJnUM&quot;
content-length: 14

21:15:32.332 [AsyncHttpClient-1-6] DEBUG org.asynchttpclient.netty.channel.ChannelManager - Adding key: http://hub-cloud.browserstack.com:80 for channel [id: 0x827a47f6, L:/192.168.0.148:54523 - R:hub-cloud.browserstack.com/103.126.7.240:80]
21:15:32.333 [Forwarding findElement on session eda2ebede5b4f1c4a3da0ae80d76cf0c2ffae504 to remote] DEBUG org.asynchttpclient.netty.request.NettyRequestSender - Using pooled Channel &apos;[id: 0x827a47f6, L:/192.168.0.148:54523 - R:hub-cloud.browserstack.com/103.126.7.240:80]&apos; for &apos;POST&apos; to &apos;http://sagarvarule_Nv2k8l:xTzj2eNxZytnJbrx1e6C@hub-cloud.browserstack.com/wd/hub/session/eda2ebede5b4f1c4a3da0ae80d76cf0c2ffae504/element&apos;
21:15:32.333 [Forwarding findElement on session eda2ebede5b4f1c4a3da0ae80d76cf0c2ffae504 to remote] DEBUG org.asynchttpclient.netty.request.NettyRequestSender - Using open Channel [id: 0x827a47f6, L:/192.168.0.148:54523 - R:hub-cloud.browserstack.com/103.126.7.240:80] for POST &apos;/wd/hub/session/eda2ebede5b4f1c4a3da0ae80d76cf0c2ffae504/element&apos;
21:15:33.387 [AsyncHttpClient-1-6] DEBUG org.asynchttpclient.netty.handler.HttpHandler - 

Request DefaultHttpRequest(decodeResult: success, version: HTTP/1.1)
POST /wd/hub/session/eda2ebede5b4f1c4a3da0ae80d76cf0c2ffae504/element HTTP/1.1
User-Agent: selenium/4.5.0 (java windows)
Content-Length: 95
Content-Type: application/json; charset=utf-8
host: hub-cloud.browserstack.com
authorization: Basic c2FnYXJ2YXJ1bGVfTnYyazhsOnhUemoyZU54Wnl0bkpicngxZTZD
accept: */*

Response DefaultHttpResponse(decodeResult: success, version: HTTP/1.1)
HTTP/1.1 200 OK
Server: nginx
Date: Thu, 01 Dec 2022 15:45:33 GMT
Content-Type: application/json; charset=utf-8
Connection: keep-alive
Source-From: 02
x-powered-by: Express
vary: X-HTTP-Method-Override
etag: W/&quot;89-oBqob0IVny0WBZjvyz6zVdlTblE&quot;
content-length: 137

21:15:33.387 [AsyncHttpClient-1-6] DEBUG org.asynchttpclient.netty.channel.ChannelManager - Adding key: http://hub-cloud.browserstack.com:80 for channel [id: 0x827a47f6, L:/192.168.0.148:54523 - R:hub-cloud.browserstack.com/103.126.7.240:80]
21:15:33.388 [Forwarding isElementDisplayed on session eda2ebede5b4f1c4a3da0ae80d76cf0c2ffae504 to remote] DEBUG org.asynchttpclient.netty.request.NettyRequestSender - Using pooled Channel &apos;[id: 0x827a47f6, L:/192.168.0.148:54523 - R:hub-cloud.browserstack.com/103.126.7.240:80]&apos; for &apos;GET&apos; to &apos;http://sagarvarule_Nv2k8l:xTzj2eNxZytnJbrx1e6C@hub-cloud.browserstack.com/wd/hub/session/eda2ebede5b4f1c4a3da0ae80d76cf0c2ffae504/element/2defbb94-ac31-4358-a5ef-12fa64968a84/displayed&apos;
21:15:33.388 [Forwarding isElementDisplayed on session eda2ebede5b4f1c4a3da0ae80d76cf0c2ffae504 to remote] DEBUG org.asynchttpclient.netty.request.NettyRequestSender - Using open Channel [id: 0x827a47f6, L:/192.168.0.148:54523 - R:hub-cloud.browserstack.com/103.126.7.240:80] for GET &apos;/wd/hub/session/eda2ebede5b4f1c4a3da0ae80d76cf0c2ffae504/element/2defbb94-ac31-4358-a5ef-12fa64968a84/displayed&apos;
21:15:33.458 [AsyncHttpClient-1-6] DEBUG org.asynchttpclient.netty.handler.HttpHandler - 

Request DefaultFullHttpRequest(decodeResult: success, version: HTTP/1.1, content: EmptyByteBufBE)
GET /wd/hub/session/eda2ebede5b4f1c4a3da0ae80d76cf0c2ffae504/element/2defbb94-ac31-4358-a5ef-12fa64968a84/displayed HTTP/1.1
User-Agent: selenium/4.5.0 (java windows)
Cache-Control: no-cache
Content-Type: application/json; charset=utf-8
host: hub-cloud.browserstack.com
authorization: Basic c2FnYXJ2YXJ1bGVfTnYyazhsOnhUemoyZU54Wnl0bkpicngxZTZD
accept: */*

Response DefaultHttpResponse(decodeResult: success, version: HTTP/1.1)
HTTP/1.1 200 OK
Server: nginx
Date: Thu, 01 Dec 2022 15:45:33 GMT
Content-Type: application/json; charset=utf-8
Connection: keep-alive
Source-From: 02
x-powered-by: Express
etag: W/&quot;e-2ZHvAWebNQpyjGZTg6uyV8/spTo&quot;
content-length: 14

21:15:33.458 [AsyncHttpClient-1-6] DEBUG org.asynchttpclient.netty.channel.ChannelManager - Adding key: http://hub-cloud.browserstack.com:80 for channel [id: 0x827a47f6, L:/192.168.0.148:54523 - R:hub-cloud.browserstack.com/103.126.7.240:80]
21:15:33.460 [Forwarding findElement on session eda2ebede5b4f1c4a3da0ae80d76cf0c2ffae504 to remote] DEBUG org.asynchttpclient.netty.request.NettyRequestSender - Using pooled Channel &apos;[id: 0x827a47f6, L:/192.168.0.148:54523 - R:hub-cloud.browserstack.com/103.126.7.240:80]&apos; for &apos;POST&apos; to &apos;http://sagarvarule_Nv2k8l:xTzj2eNxZytnJbrx1e6C@hub-cloud.browserstack.com/wd/hub/session/eda2ebede5b4f1c4a3da0ae80d76cf0c2ffae504/element&apos;
21:15:33.460 [Forwarding findElement on session eda2ebede5b4f1c4a3da0ae80d76cf0c2ffae504 to remote] DEBUG org.asynchttpclient.netty.request.NettyRequestSender - Using open Channel [id: 0x827a47f6, L:/192.168.0.148:54523 - R:hub-cloud.browserstack.com/103.126.7.240:80] for POST &apos;/wd/hub/session/eda2ebede5b4f1c4a3da0ae80d76cf0c2ffae504/element&apos;
21:15:33.532 [AsyncHttpClient-1-6] DEBUG org.asynchttpclient.netty.handler.HttpHandler - 

Request DefaultHttpRequest(decodeResult: success, version: HTTP/1.1)
POST /wd/hub/session/eda2ebede5b4f1c4a3da0ae80d76cf0c2ffae504/element HTTP/1.1
User-Agent: selenium/4.5.0 (java windows)
Content-Length: 95
Content-Type: application/json; charset=utf-8
host: hub-cloud.browserstack.com
authorization: Basic c2FnYXJ2YXJ1bGVfTnYyazhsOnhUemoyZU54Wnl0bkpicngxZTZD
accept: */*

Response DefaultHttpResponse(decodeResult: success, version: HTTP/1.1)
HTTP/1.1 200 OK
Server: nginx
Date: Thu, 01 Dec 2022 15:45:33 GMT
Content-Type: application/json; charset=utf-8
Connection: keep-alive
Source-From: 02
x-powered-by: Express
vary: X-HTTP-Method-Override
etag: W/&quot;89-8yGMlxTudDCpRN9oqSeVF4PgCRk&quot;
content-length: 137

21:15:33.532 [AsyncHttpClient-1-6] DEBUG org.asynchttpclient.netty.channel.ChannelManager - Adding key: http://hub-cloud.browserstack.com:80 for channel [id: 0x827a47f6, L:/192.168.0.148:54523 - R:hub-cloud.browserstack.com/103.126.7.240:80]
21:15:33.533 [Forwarding sendKeysToElement on session eda2ebede5b4f1c4a3da0ae80d76cf0c2ffae504 to remote] DEBUG org.asynchttpclient.netty.request.NettyRequestSender - Using pooled Channel &apos;[id: 0x827a47f6, L:/192.168.0.148:54523 - R:hub-cloud.browserstack.com/103.126.7.240:80]&apos; for &apos;POST&apos; to &apos;http://sagarvarule_Nv2k8l:xTzj2eNxZytnJbrx1e6C@hub-cloud.browserstack.com/wd/hub/session/eda2ebede5b4f1c4a3da0ae80d76cf0c2ffae504/element/b0f26e15-2869-4ad4-aefa-70863e803c4f/value&apos;
21:15:33.534 [Forwarding sendKeysToElement on session eda2ebede5b4f1c4a3da0ae80d76cf0c2ffae504 to remote] DEBUG org.asynchttpclient.netty.request.NettyRequestSender - Using open Channel [id: 0x827a47f6, L:/192.168.0.148:54523 - R:hub-cloud.browserstack.com/103.126.7.240:80] for POST &apos;/wd/hub/session/eda2ebede5b4f1c4a3da0ae80d76cf0c2ffae504/element/b0f26e15-2869-4ad4-aefa-70863e803c4f/value&apos;
21:15:34.475 [AsyncHttpClient-1-6] DEBUG org.asynchttpclient.netty.handler.HttpHandler - 

Request DefaultHttpRequest(decodeResult: success, version: HTTP/1.1)
POST /wd/hub/session/eda2ebede5b4f1c4a3da0ae80d76cf0c2ffae504/element/b0f26e15-2869-4ad4-aefa-70863e803c4f/value HTTP/1.1
User-Agent: selenium/4.5.0 (java windows)
Content-Length: 82
Content-Type: application/json; charset=utf-8
host: hub-cloud.browserstack.com
authorization: Basic c2FnYXJ2YXJ1bGVfTnYyazhsOnhUemoyZU54Wnl0bkpicngxZTZD
accept: */*

Response DefaultHttpResponse(decodeResult: success, version: HTTP/1.1)
HTTP/1.1 200 OK
Server: nginx
Date: Thu, 01 Dec 2022 15:45:34 GMT
Content-Type: application/json; charset=utf-8
Connection: keep-alive
Source-From: 02
x-powered-by: Express
vary: X-HTTP-Method-Override
etag: W/&quot;e-9/1BuKMgFObM1mWJm+YjxtXJnUM&quot;
content-length: 14

21:15:34.475 [AsyncHttpClient-1-6] DEBUG org.asynchttpclient.netty.channel.ChannelManager - Adding key: http://hub-cloud.browserstack.com:80 for channel [id: 0x827a47f6, L:/192.168.0.148:54523 - R:hub-cloud.browserstack.com/103.126.7.240:80]
21:15:34.476 [Forwarding findElement on session eda2ebede5b4f1c4a3da0ae80d76cf0c2ffae504 to remote] DEBUG org.asynchttpclient.netty.request.NettyRequestSender - Using pooled Channel &apos;[id: 0x827a47f6, L:/192.168.0.148:54523 - R:hub-cloud.browserstack.com/103.126.7.240:80]&apos; for &apos;POST&apos; to &apos;http://sagarvarule_Nv2k8l:xTzj2eNxZytnJbrx1e6C@hub-cloud.browserstack.com/wd/hub/session/eda2ebede5b4f1c4a3da0ae80d76cf0c2ffae504/element&apos;
21:15:34.477 [Forwarding findElement on session eda2ebede5b4f1c4a3da0ae80d76cf0c2ffae504 to remote] DEBUG org.asynchttpclient.netty.request.NettyRequestSender - Using open Channel [id: 0x827a47f6, L:/192.168.0.148:54523 - R:hub-cloud.browserstack.com/103.126.7.240:80] for POST &apos;/wd/hub/session/eda2ebede5b4f1c4a3da0ae80d76cf0c2ffae504/element&apos;
21:15:34.894 [AsyncHttpClient-1-6] DEBUG org.asynchttpclient.netty.handler.HttpHandler - 

Request DefaultHttpRequest(decodeResult: success, version: HTTP/1.1)
POST /wd/hub/session/eda2ebede5b4f1c4a3da0ae80d76cf0c2ffae504/element HTTP/1.1
User-Agent: selenium/4.5.0 (java windows)
Content-Length: 95
Content-Type: application/json; charset=utf-8
host: hub-cloud.browserstack.com
authorization: Basic c2FnYXJ2YXJ1bGVfTnYyazhsOnhUemoyZU54Wnl0bkpicngxZTZD
accept: */*

Response DefaultHttpResponse(decodeResult: success, version: HTTP/1.1)
HTTP/1.1 200 OK
Server: nginx
Date: Thu, 01 Dec 2022 15:45:34 GMT
Content-Type: application/json; charset=utf-8
Connection: keep-alive
Source-From: 02
x-powered-by: Express
vary: X-HTTP-Method-Override
etag: W/&quot;89-QAuRam/BR8H43JzVXrMAEWmxEBA&quot;
content-length: 137

21:15:34.894 [AsyncHttpClient-1-6] DEBUG org.asynchttpclient.netty.channel.ChannelManager - Adding key: http://hub-cloud.browserstack.com:80 for channel [id: 0x827a47f6, L:/192.168.0.148:54523 - R:hub-cloud.browserstack.com/103.126.7.240:80]
21:15:34.895 [Forwarding sendKeysToElement on session eda2ebede5b4f1c4a3da0ae80d76cf0c2ffae504 to remote] DEBUG org.asynchttpclient.netty.request.NettyRequestSender - Using pooled Channel &apos;[id: 0x827a47f6, L:/192.168.0.148:54523 - R:hub-cloud.browserstack.com/103.126.7.240:80]&apos; for &apos;POST&apos; to &apos;http://sagarvarule_Nv2k8l:xTzj2eNxZytnJbrx1e6C@hub-cloud.browserstack.com/wd/hub/session/eda2ebede5b4f1c4a3da0ae80d76cf0c2ffae504/element/bf071cbd-f189-4f23-9138-b184a8837f6b/value&apos;
21:15:34.896 [Forwarding sendKeysToElement on session eda2ebede5b4f1c4a3da0ae80d76cf0c2ffae504 to remote] DEBUG org.asynchttpclient.netty.request.NettyRequestSender - Using open Channel [id: 0x827a47f6, L:/192.168.0.148:54523 - R:hub-cloud.browserstack.com/103.126.7.240:80] for POST &apos;/wd/hub/session/eda2ebede5b4f1c4a3da0ae80d76cf0c2ffae504/element/bf071cbd-f189-4f23-9138-b184a8837f6b/value&apos;
21:15:35.611 [AsyncHttpClient-1-6] DEBUG org.asynchttpclient.netty.handler.HttpHandler - 

Request DefaultHttpRequest(decodeResult: success, version: HTTP/1.1)
POST /wd/hub/session/eda2ebede5b4f1c4a3da0ae80d76cf0c2ffae504/element/bf071cbd-f189-4f23-9138-b184a8837f6b/value HTTP/1.1
User-Agent: selenium/4.5.0 (java windows)
Content-Length: 121
Content-Type: application/json; charset=utf-8
host: hub-cloud.browserstack.com
authorization: Basic c2FnYXJ2YXJ1bGVfTnYyazhsOnhUemoyZU54Wnl0bkpicngxZTZD
accept: */*

Response DefaultHttpResponse(decodeResult: success, version: HTTP/1.1)
HTTP/1.1 200 OK
Server: nginx
Date: Thu, 01 Dec 2022 15:45:35 GMT
Content-Type: application/json; charset=utf-8
Connection: keep-alive
Source-From: 02
x-powered-by: Express
vary: X-HTTP-Method-Override
etag: W/&quot;e-9/1BuKMgFObM1mWJm+YjxtXJnUM&quot;
content-length: 14

21:15:35.612 [AsyncHttpClient-1-6] DEBUG org.asynchttpclient.netty.channel.ChannelManager - Adding key: http://hub-cloud.browserstack.com:80 for channel [id: 0x827a47f6, L:/192.168.0.148:54523 - R:hub-cloud.browserstack.com/103.126.7.240:80]
21:15:35.613 [Forwarding findElement on session eda2ebede5b4f1c4a3da0ae80d76cf0c2ffae504 to remote] DEBUG org.asynchttpclient.netty.request.NettyRequestSender - Using pooled Channel &apos;[id: 0x827a47f6, L:/192.168.0.148:54523 - R:hub-cloud.browserstack.com/103.126.7.240:80]&apos; for &apos;POST&apos; to &apos;http://sagarvarule_Nv2k8l:xTzj2eNxZytnJbrx1e6C@hub-cloud.browserstack.com/wd/hub/session/eda2ebede5b4f1c4a3da0ae80d76cf0c2ffae504/element&apos;
21:15:35.613 [Forwarding findElement on session eda2ebede5b4f1c4a3da0ae80d76cf0c2ffae504 to remote] DEBUG org.asynchttpclient.netty.request.NettyRequestSender - Using open Channel [id: 0x827a47f6, L:/192.168.0.148:54523 - R:hub-cloud.browserstack.com/103.126.7.240:80] for POST &apos;/wd/hub/session/eda2ebede5b4f1c4a3da0ae80d76cf0c2ffae504/element&apos;
21:15:36.210 [AsyncHttpClient-1-6] DEBUG org.asynchttpclient.netty.handler.HttpHandler - 

Request DefaultHttpRequest(decodeResult: success, version: HTTP/1.1)
POST /wd/hub/session/eda2ebede5b4f1c4a3da0ae80d76cf0c2ffae504/element HTTP/1.1
User-Agent: selenium/4.5.0 (java windows)
Content-Length: 101
Content-Type: application/json; charset=utf-8
host: hub-cloud.browserstack.com
authorization: Basic c2FnYXJ2YXJ1bGVfTnYyazhsOnhUemoyZU54Wnl0bkpicngxZTZD
accept: */*

Response DefaultHttpResponse(decodeResult: success, version: HTTP/1.1)
HTTP/1.1 200 OK
Server: nginx
Date: Thu, 01 Dec 2022 15:45:36 GMT
Content-Type: application/json; charset=utf-8
Connection: keep-alive
Source-From: 02
x-powered-by: Express
vary: X-HTTP-Method-Override
etag: W/&quot;89-UbipthskOEMe7ymHrsKhwsgTdio&quot;
content-length: 137

21:15:36.210 [AsyncHttpClient-1-6] DEBUG org.asynchttpclient.netty.channel.ChannelManager - Adding key: http://hub-cloud.browserstack.com:80 for channel [id: 0x827a47f6, L:/192.168.0.148:54523 - R:hub-cloud.browserstack.com/103.126.7.240:80]
21:15:36.211 [Forwarding isElementDisplayed on session eda2ebede5b4f1c4a3da0ae80d76cf0c2ffae504 to remote] DEBUG org.asynchttpclient.netty.request.NettyRequestSender - Using pooled Channel &apos;[id: 0x827a47f6, L:/192.168.0.148:54523 - R:hub-cloud.browserstack.com/103.126.7.240:80]&apos; for &apos;GET&apos; to &apos;http://sagarvarule_Nv2k8l:xTzj2eNxZytnJbrx1e6C@hub-cloud.browserstack.com/wd/hub/session/eda2ebede5b4f1c4a3da0ae80d76cf0c2ffae504/element/06d364d3-6ed9-46e5-8f6d-3bf718f61c3b/displayed&apos;
21:15:36.211 [Forwarding isElementDisplayed on session eda2ebede5b4f1c4a3da0ae80d76cf0c2ffae504 to remote] DEBUG org.asynchttpclient.netty.request.NettyRequestSender - Using open Channel [id: 0x827a47f6, L:/192.168.0.148:54523 - R:hub-cloud.browserstack.com/103.126.7.240:80] for GET &apos;/wd/hub/session/eda2ebede5b4f1c4a3da0ae80d76cf0c2ffae504/element/06d364d3-6ed9-46e5-8f6d-3bf718f61c3b/displayed&apos;
21:15:36.271 [AsyncHttpClient-1-6] DEBUG org.asynchttpclient.netty.handler.HttpHandler - 

Request DefaultFullHttpRequest(decodeResult: success, version: HTTP/1.1, content: EmptyByteBufBE)
GET /wd/hub/session/eda2ebede5b4f1c4a3da0ae80d76cf0c2ffae504/element/06d364d3-6ed9-46e5-8f6d-3bf718f61c3b/displayed HTTP/1.1
User-Agent: selenium/4.5.0 (java windows)
Cache-Control: no-cache
Content-Type: application/json; charset=utf-8
host: hub-cloud.browserstack.com
authorization: Basic c2FnYXJ2YXJ1bGVfTnYyazhsOnhUemoyZU54Wnl0bkpicngxZTZD
accept: */*

Response DefaultHttpResponse(decodeResult: success, version: HTTP/1.1)
HTTP/1.1 200 OK
Server: nginx
Date: Thu, 01 Dec 2022 15:45:36 GMT
Content-Type: application/json; charset=utf-8
Connection: keep-alive
Source-From: 02
x-powered-by: Express
etag: W/&quot;e-2ZHvAWebNQpyjGZTg6uyV8/spTo&quot;
content-length: 14

21:15:36.271 [AsyncHttpClient-1-6] DEBUG org.asynchttpclient.netty.channel.ChannelManager - Adding key: http://hub-cloud.browserstack.com:80 for channel [id: 0x827a47f6, L:/192.168.0.148:54523 - R:hub-cloud.browserstack.com/103.126.7.240:80]
21:15:36.272 [Forwarding findElement on session eda2ebede5b4f1c4a3da0ae80d76cf0c2ffae504 to remote] DEBUG org.asynchttpclient.netty.request.NettyRequestSender - Using pooled Channel &apos;[id: 0x827a47f6, L:/192.168.0.148:54523 - R:hub-cloud.browserstack.com/103.126.7.240:80]&apos; for &apos;POST&apos; to &apos;http://sagarvarule_Nv2k8l:xTzj2eNxZytnJbrx1e6C@hub-cloud.browserstack.com/wd/hub/session/eda2ebede5b4f1c4a3da0ae80d76cf0c2ffae504/element&apos;
21:15:36.272 [Forwarding findElement on session eda2ebede5b4f1c4a3da0ae80d76cf0c2ffae504 to remote] DEBUG org.asynchttpclient.netty.request.NettyRequestSender - Using open Channel [id: 0x827a47f6, L:/192.168.0.148:54523 - R:hub-cloud.browserstack.com/103.126.7.240:80] for POST &apos;/wd/hub/session/eda2ebede5b4f1c4a3da0ae80d76cf0c2ffae504/element&apos;
21:15:36.347 [AsyncHttpClient-1-6] DEBUG org.asynchttpclient.netty.handler.HttpHandler - 

Request DefaultHttpRequest(decodeResult: success, version: HTTP/1.1)
POST /wd/hub/session/eda2ebede5b4f1c4a3da0ae80d76cf0c2ffae504/element HTTP/1.1
User-Agent: selenium/4.5.0 (java windows)
Content-Length: 101
Content-Type: application/json; charset=utf-8
host: hub-cloud.browserstack.com
authorization: Basic c2FnYXJ2YXJ1bGVfTnYyazhsOnhUemoyZU54Wnl0bkpicngxZTZD
accept: */*

Response DefaultHttpResponse(decodeResult: success, version: HTTP/1.1)
HTTP/1.1 200 OK
Server: nginx
Date: Thu, 01 Dec 2022 15:45:36 GMT
Content-Type: application/json; charset=utf-8
Connection: keep-alive
Source-From: 02
x-powered-by: Express
vary: X-HTTP-Method-Override
etag: W/&quot;89-ze2Xp1zRTjPbOxxar4WRnR7zkBg&quot;
content-length: 137

21:15:36.347 [AsyncHttpClient-1-6] DEBUG org.asynchttpclient.netty.channel.ChannelManager - Adding key: http://hub-cloud.browserstack.com:80 for channel [id: 0x827a47f6, L:/192.168.0.148:54523 - R:hub-cloud.browserstack.com/103.126.7.240:80]
21:15:36.349 [Forwarding sendKeysToElement on session eda2ebede5b4f1c4a3da0ae80d76cf0c2ffae504 to remote] DEBUG org.asynchttpclient.netty.request.NettyRequestSender - Using pooled Channel &apos;[id: 0x827a47f6, L:/192.168.0.148:54523 - R:hub-cloud.browserstack.com/103.126.7.240:80]&apos; for &apos;POST&apos; to &apos;http://sagarvarule_Nv2k8l:xTzj2eNxZytnJbrx1e6C@hub-cloud.browserstack.com/wd/hub/session/eda2ebede5b4f1c4a3da0ae80d76cf0c2ffae504/element/0bdf263a-13d3-4377-bc48-300510fb2af6/value&apos;
21:15:36.349 [Forwarding sendKeysToElement on session eda2ebede5b4f1c4a3da0ae80d76cf0c2ffae504 to remote] DEBUG org.asynchttpclient.netty.request.NettyRequestSender - Using open Channel [id: 0x827a47f6, L:/192.168.0.148:54523 - R:hub-cloud.browserstack.com/103.126.7.240:80] for POST &apos;/wd/hub/session/eda2ebede5b4f1c4a3da0ae80d76cf0c2ffae504/element/0bdf263a-13d3-4377-bc48-300510fb2af6/value&apos;
21:15:36.939 [AsyncHttpClient-1-6] DEBUG org.asynchttpclient.netty.handler.HttpHandler - 

Request DefaultHttpRequest(decodeResult: success, version: HTTP/1.1)
POST /wd/hub/session/eda2ebede5b4f1c4a3da0ae80d76cf0c2ffae504/element/0bdf263a-13d3-4377-bc48-300510fb2af6/value HTTP/1.1
User-Agent: selenium/4.5.0 (java windows)
Content-Length: 82
Content-Type: application/json; charset=utf-8
host: hub-cloud.browserstack.com
authorization: Basic c2FnYXJ2YXJ1bGVfTnYyazhsOnhUemoyZU54Wnl0bkpicngxZTZD
accept: */*

Response DefaultHttpResponse(decodeResult: success, version: HTTP/1.1)
HTTP/1.1 200 OK
Server: nginx
Date: Thu, 01 Dec 2022 15:45:36 GMT
Content-Type: application/json; charset=utf-8
Connection: keep-alive
Source-From: 02
x-powered-by: Express
vary: X-HTTP-Method-Override
etag: W/&quot;e-9/1BuKMgFObM1mWJm+YjxtXJnUM&quot;
content-length: 14

21:15:36.939 [AsyncHttpClient-1-6] DEBUG org.asynchttpclient.netty.channel.ChannelManager - Adding key: http://hub-cloud.browserstack.com:80 for channel [id: 0x827a47f6, L:/192.168.0.148:54523 - R:hub-cloud.browserstack.com/103.126.7.240:80]
21:15:36.940 [Forwarding findElement on session eda2ebede5b4f1c4a3da0ae80d76cf0c2ffae504 to remote] DEBUG org.asynchttpclient.netty.request.NettyRequestSender - Using pooled Channel &apos;[id: 0x827a47f6, L:/192.168.0.148:54523 - R:hub-cloud.browserstack.com/103.126.7.240:80]&apos; for &apos;POST&apos; to &apos;http://sagarvarule_Nv2k8l:xTzj2eNxZytnJbrx1e6C@hub-cloud.browserstack.com/wd/hub/session/eda2ebede5b4f1c4a3da0ae80d76cf0c2ffae504/element&apos;
21:15:36.940 [Forwarding findElement on session eda2ebede5b4f1c4a3da0ae80d76cf0c2ffae504 to remote] DEBUG org.asynchttpclient.netty.request.NettyRequestSender - Using open Channel [id: 0x827a47f6, L:/192.168.0.148:54523 - R:hub-cloud.browserstack.com/103.126.7.240:80] for POST &apos;/wd/hub/session/eda2ebede5b4f1c4a3da0ae80d76cf0c2ffae504/element&apos;
21:15:37.444 [AsyncHttpClient-1-6] DEBUG org.asynchttpclient.netty.handler.HttpHandler - 

Request DefaultHttpRequest(decodeResult: success, version: HTTP/1.1)
POST /wd/hub/session/eda2ebede5b4f1c4a3da0ae80d76cf0c2ffae504/element HTTP/1.1
User-Agent: selenium/4.5.0 (java windows)
Content-Length: 101
Content-Type: application/json; charset=utf-8
host: hub-cloud.browserstack.com
authorization: Basic c2FnYXJ2YXJ1bGVfTnYyazhsOnhUemoyZU54Wnl0bkpicngxZTZD
accept: */*

Response DefaultHttpResponse(decodeResult: success, version: HTTP/1.1)
HTTP/1.1 200 OK
Server: nginx
Date: Thu, 01 Dec 2022 15:45:37 GMT
Content-Type: application/json; charset=utf-8
Connection: keep-alive
Source-From: 02
x-powered-by: Express
vary: X-HTTP-Method-Override
etag: W/&quot;89-aKjmpJW8MjwatTu1j9GkeiQybtY&quot;
content-length: 137

21:15:37.444 [AsyncHttpClient-1-6] DEBUG org.asynchttpclient.netty.channel.ChannelManager - Adding key: http://hub-cloud.browserstack.com:80 for channel [id: 0x827a47f6, L:/192.168.0.148:54523 - R:hub-cloud.browserstack.com/103.126.7.240:80]
21:15:37.446 [Forwarding sendKeysToElement on session eda2ebede5b4f1c4a3da0ae80d76cf0c2ffae504 to remote] DEBUG org.asynchttpclient.netty.request.NettyRequestSender - Using pooled Channel &apos;[id: 0x827a47f6, L:/192.168.0.148:54523 - R:hub-cloud.browserstack.com/103.126.7.240:80]&apos; for &apos;POST&apos; to &apos;http://sagarvarule_Nv2k8l:xTzj2eNxZytnJbrx1e6C@hub-cloud.browserstack.com/wd/hub/session/eda2ebede5b4f1c4a3da0ae80d76cf0c2ffae504/element/dc612e5e-bb4b-4433-9fab-4976dd9ed674/value&apos;
21:15:37.446 [Forwarding sendKeysToElement on session eda2ebede5b4f1c4a3da0ae80d76cf0c2ffae504 to remote] DEBUG org.asynchttpclient.netty.request.NettyRequestSender - Using open Channel [id: 0x827a47f6, L:/192.168.0.148:54523 - R:hub-cloud.browserstack.com/103.126.7.240:80] for POST &apos;/wd/hub/session/eda2ebede5b4f1c4a3da0ae80d76cf0c2ffae504/element/dc612e5e-bb4b-4433-9fab-4976dd9ed674/value&apos;
21:15:37.547 [AsyncHttpClient-1-6] DEBUG org.asynchttpclient.netty.handler.HttpHandler - 

Request DefaultHttpRequest(decodeResult: success, version: HTTP/1.1)
POST /wd/hub/session/eda2ebede5b4f1c4a3da0ae80d76cf0c2ffae504/element/dc612e5e-bb4b-4433-9fab-4976dd9ed674/value HTTP/1.1
User-Agent: selenium/4.5.0 (java windows)
Content-Length: 301
Content-Type: application/json; charset=utf-8
host: hub-cloud.browserstack.com
authorization: Basic c2FnYXJ2YXJ1bGVfTnYyazhsOnhUemoyZU54Wnl0bkpicngxZTZD
accept: */*

Response DefaultHttpResponse(decodeResult: success, version: HTTP/1.1)
HTTP/1.1 200 OK
Server: nginx
Date: Thu, 01 Dec 2022 15:45:37 GMT
Content-Type: application/json; charset=utf-8
Connection: keep-alive
Source-From: 02
x-powered-by: Express
vary: X-HTTP-Method-Override
etag: W/&quot;e-9/1BuKMgFObM1mWJm+YjxtXJnUM&quot;
content-length: 14

21:15:37.547 [AsyncHttpClient-1-6] DEBUG org.asynchttpclient.netty.channel.ChannelManager - Adding key: http://hub-cloud.browserstack.com:80 for channel [id: 0x827a47f6, L:/192.168.0.148:54523 - R:hub-cloud.browserstack.com/103.126.7.240:80]
21:15:37.548 [Forwarding findElement on session eda2ebede5b4f1c4a3da0ae80d76cf0c2ffae504 to remote] DEBUG org.asynchttpclient.netty.request.NettyRequestSender - Using pooled Channel &apos;[id: 0x827a47f6, L:/192.168.0.148:54523 - R:hub-cloud.browserstack.com/103.126.7.240:80]&apos; for &apos;POST&apos; to &apos;http://sagarvarule_Nv2k8l:xTzj2eNxZytnJbrx1e6C@hub-cloud.browserstack.com/wd/hub/session/eda2ebede5b4f1c4a3da0ae80d76cf0c2ffae504/element&apos;
21:15:37.548 [Forwarding findElement on session eda2ebede5b4f1c4a3da0ae80d76cf0c2ffae504 to remote] DEBUG org.asynchttpclient.netty.request.NettyRequestSender - Using open Channel [id: 0x827a47f6, L:/192.168.0.148:54523 - R:hub-cloud.browserstack.com/103.126.7.240:80] for POST &apos;/wd/hub/session/eda2ebede5b4f1c4a3da0ae80d76cf0c2ffae504/element&apos;
21:15:38.053 [AsyncHttpClient-1-6] DEBUG org.asynchttpclient.netty.handler.HttpHandler - 

Request DefaultHttpRequest(decodeResult: success, version: HTTP/1.1)
POST /wd/hub/session/eda2ebede5b4f1c4a3da0ae80d76cf0c2ffae504/element HTTP/1.1
User-Agent: selenium/4.5.0 (java windows)
Content-Length: 94
Content-Type: application/json; charset=utf-8
host: hub-cloud.browserstack.com
authorization: Basic c2FnYXJ2YXJ1bGVfTnYyazhsOnhUemoyZU54Wnl0bkpicngxZTZD
accept: */*

Response DefaultHttpResponse(decodeResult: success, version: HTTP/1.1)
HTTP/1.1 200 OK
Server: nginx
Date: Thu, 01 Dec 2022 15:45:38 GMT
Content-Type: application/json; charset=utf-8
Connection: keep-alive
Source-From: 02
x-powered-by: Express
vary: X-HTTP-Method-Override
etag: W/&quot;89-7cFhfj4F5QJpD4Lvc+DuiGdCP/E&quot;
content-length: 137

21:15:38.053 [AsyncHttpClient-1-6] DEBUG org.asynchttpclient.netty.channel.ChannelManager - Adding key: http://hub-cloud.browserstack.com:80 for channel [id: 0x827a47f6, L:/192.168.0.148:54523 - R:hub-cloud.browserstack.com/103.126.7.240:80]
21:15:38.055 [Forwarding isElementDisplayed on session eda2ebede5b4f1c4a3da0ae80d76cf0c2ffae504 to remote] DEBUG org.asynchttpclient.netty.request.NettyRequestSender - Using pooled Channel &apos;[id: 0x827a47f6, L:/192.168.0.148:54523 - R:hub-cloud.browserstack.com/103.126.7.240:80]&apos; for &apos;GET&apos; to &apos;http://sagarvarule_Nv2k8l:xTzj2eNxZytnJbrx1e6C@hub-cloud.browserstack.com/wd/hub/session/eda2ebede5b4f1c4a3da0ae80d76cf0c2ffae504/element/542cd18a-ae12-4b23-96d5-64df2ffd491a/displayed&apos;
21:15:38.056 [Forwarding isElementDisplayed on session eda2ebede5b4f1c4a3da0ae80d76cf0c2ffae504 to remote] DEBUG org.asynchttpclient.netty.request.NettyRequestSender - Using open Channel [id: 0x827a47f6, L:/192.168.0.148:54523 - R:hub-cloud.browserstack.com/103.126.7.240:80] for GET &apos;/wd/hub/session/eda2ebede5b4f1c4a3da0ae80d76cf0c2ffae504/element/542cd18a-ae12-4b23-96d5-64df2ffd491a/displayed&apos;
21:15:38.116 [AsyncHttpClient-1-6] DEBUG org.asynchttpclient.netty.handler.HttpHandler - 

Request DefaultFullHttpRequest(decodeResult: success, version: HTTP/1.1, content: EmptyByteBufBE)
GET /wd/hub/session/eda2ebede5b4f1c4a3da0ae80d76cf0c2ffae504/element/542cd18a-ae12-4b23-96d5-64df2ffd491a/displayed HTTP/1.1
User-Agent: selenium/4.5.0 (java windows)
Cache-Control: no-cache
Content-Type: application/json; charset=utf-8
host: hub-cloud.browserstack.com
authorization: Basic c2FnYXJ2YXJ1bGVfTnYyazhsOnhUemoyZU54Wnl0bkpicngxZTZD
accept: */*

Response DefaultHttpResponse(decodeResult: success, version: HTTP/1.1)
HTTP/1.1 200 OK
Server: nginx
Date: Thu, 01 Dec 2022 15:45:38 GMT
Content-Type: application/json; charset=utf-8
Connection: keep-alive
Source-From: 02
x-powered-by: Express
etag: W/&quot;e-2ZHvAWebNQpyjGZTg6uyV8/spTo&quot;
content-length: 14

21:15:38.117 [AsyncHttpClient-1-6] DEBUG org.asynchttpclient.netty.channel.ChannelManager - Adding key: http://hub-cloud.browserstack.com:80 for channel [id: 0x827a47f6, L:/192.168.0.148:54523 - R:hub-cloud.browserstack.com/103.126.7.240:80]
21:15:38.118 [Forwarding findElement on session eda2ebede5b4f1c4a3da0ae80d76cf0c2ffae504 to remote] DEBUG org.asynchttpclient.netty.request.NettyRequestSender - Using pooled Channel &apos;[id: 0x827a47f6, L:/192.168.0.148:54523 - R:hub-cloud.browserstack.com/103.126.7.240:80]&apos; for &apos;POST&apos; to &apos;http://sagarvarule_Nv2k8l:xTzj2eNxZytnJbrx1e6C@hub-cloud.browserstack.com/wd/hub/session/eda2ebede5b4f1c4a3da0ae80d76cf0c2ffae504/element&apos;
21:15:38.118 [Forwarding findElement on session eda2ebede5b4f1c4a3da0ae80d76cf0c2ffae504 to remote] DEBUG org.asynchttpclient.netty.request.NettyRequestSender - Using open Channel [id: 0x827a47f6, L:/192.168.0.148:54523 - R:hub-cloud.browserstack.com/103.126.7.240:80] for POST &apos;/wd/hub/session/eda2ebede5b4f1c4a3da0ae80d76cf0c2ffae504/element&apos;
21:15:38.186 [AsyncHttpClient-1-6] DEBUG org.asynchttpclient.netty.handler.HttpHandler - 

Request DefaultHttpRequest(decodeResult: success, version: HTTP/1.1)
POST /wd/hub/session/eda2ebede5b4f1c4a3da0ae80d76cf0c2ffae504/element HTTP/1.1
User-Agent: selenium/4.5.0 (java windows)
Content-Length: 94
Content-Type: application/json; charset=utf-8
host: hub-cloud.browserstack.com
authorization: Basic c2FnYXJ2YXJ1bGVfTnYyazhsOnhUemoyZU54Wnl0bkpicngxZTZD
accept: */*

Response DefaultHttpResponse(decodeResult: success, version: HTTP/1.1)
HTTP/1.1 200 OK
Server: nginx
Date: Thu, 01 Dec 2022 15:45:38 GMT
Content-Type: application/json; charset=utf-8
Connection: keep-alive
Source-From: 02
x-powered-by: Express
vary: X-HTTP-Method-Override
etag: W/&quot;89-171OSiSoDMqKg6TrYQ0p/24TfU8&quot;
content-length: 137

21:15:38.186 [AsyncHttpClient-1-6] DEBUG org.asynchttpclient.netty.channel.ChannelManager - Adding key: http://hub-cloud.browserstack.com:80 for channel [id: 0x827a47f6, L:/192.168.0.148:54523 - R:hub-cloud.browserstack.com/103.126.7.240:80]
21:15:38.202 [Forwarding isElementEnabled on session eda2ebede5b4f1c4a3da0ae80d76cf0c2ffae504 to remote] DEBUG org.asynchttpclient.netty.request.NettyRequestSender - Using pooled Channel &apos;[id: 0x827a47f6, L:/192.168.0.148:54523 - R:hub-cloud.browserstack.com/103.126.7.240:80]&apos; for &apos;GET&apos; to &apos;http://sagarvarule_Nv2k8l:xTzj2eNxZytnJbrx1e6C@hub-cloud.browserstack.com/wd/hub/session/eda2ebede5b4f1c4a3da0ae80d76cf0c2ffae504/element/d2fad6fa-925a-4b13-882d-b0d493a97403/enabled&apos;
21:15:38.202 [Forwarding isElementEnabled on session eda2ebede5b4f1c4a3da0ae80d76cf0c2ffae504 to remote] DEBUG org.asynchttpclient.netty.request.NettyRequestSender - Using open Channel [id: 0x827a47f6, L:/192.168.0.148:54523 - R:hub-cloud.browserstack.com/103.126.7.240:80] for GET &apos;/wd/hub/session/eda2ebede5b4f1c4a3da0ae80d76cf0c2ffae504/element/d2fad6fa-925a-4b13-882d-b0d493a97403/enabled&apos;
21:15:38.263 [AsyncHttpClient-1-6] DEBUG org.asynchttpclient.netty.handler.HttpHandler - 

Request DefaultFullHttpRequest(decodeResult: success, version: HTTP/1.1, content: EmptyByteBufBE)
GET /wd/hub/session/eda2ebede5b4f1c4a3da0ae80d76cf0c2ffae504/element/d2fad6fa-925a-4b13-882d-b0d493a97403/enabled HTTP/1.1
User-Agent: selenium/4.5.0 (java windows)
Cache-Control: no-cache
Content-Type: application/json; charset=utf-8
host: hub-cloud.browserstack.com
authorization: Basic c2FnYXJ2YXJ1bGVfTnYyazhsOnhUemoyZU54Wnl0bkpicngxZTZD
accept: */*

Response DefaultHttpResponse(decodeResult: success, version: HTTP/1.1)
HTTP/1.1 200 OK
Server: nginx
Date: Thu, 01 Dec 2022 15:45:38 GMT
Content-Type: application/json; charset=utf-8
Connection: keep-alive
Source-From: 02
x-powered-by: Express
etag: W/&quot;e-2ZHvAWebNQpyjGZTg6uyV8/spTo&quot;
content-length: 14

21:15:38.263 [AsyncHttpClient-1-6] DEBUG org.asynchttpclient.netty.channel.ChannelManager - Adding key: http://hub-cloud.browserstack.com:80 for channel [id: 0x827a47f6, L:/192.168.0.148:54523 - R:hub-cloud.browserstack.com/103.126.7.240:80]
21:15:38.264 [Forwarding findElement on session eda2ebede5b4f1c4a3da0ae80d76cf0c2ffae504 to remote] DEBUG org.asynchttpclient.netty.request.NettyRequestSender - Using pooled Channel &apos;[id: 0x827a47f6, L:/192.168.0.148:54523 - R:hub-cloud.browserstack.com/103.126.7.240:80]&apos; for &apos;POST&apos; to &apos;http://sagarvarule_Nv2k8l:xTzj2eNxZytnJbrx1e6C@hub-cloud.browserstack.com/wd/hub/session/eda2ebede5b4f1c4a3da0ae80d76cf0c2ffae504/element&apos;
21:15:38.264 [Forwarding findElement on session eda2ebede5b4f1c4a3da0ae80d76cf0c2ffae504 to remote] DEBUG org.asynchttpclient.netty.request.NettyRequestSender - Using open Channel [id: 0x827a47f6, L:/192.168.0.148:54523 - R:hub-cloud.browserstack.com/103.126.7.240:80] for POST &apos;/wd/hub/session/eda2ebede5b4f1c4a3da0ae80d76cf0c2ffae504/element&apos;
21:15:38.333 [AsyncHttpClient-1-6] DEBUG org.asynchttpclient.netty.handler.HttpHandler - 

Request DefaultHttpRequest(decodeResult: success, version: HTTP/1.1)
POST /wd/hub/session/eda2ebede5b4f1c4a3da0ae80d76cf0c2ffae504/element HTTP/1.1
User-Agent: selenium/4.5.0 (java windows)
Content-Length: 94
Content-Type: application/json; charset=utf-8
host: hub-cloud.browserstack.com
authorization: Basic c2FnYXJ2YXJ1bGVfTnYyazhsOnhUemoyZU54Wnl0bkpicngxZTZD
accept: */*

Response DefaultHttpResponse(decodeResult: success, version: HTTP/1.1)
HTTP/1.1 200 OK
Server: nginx
Date: Thu, 01 Dec 2022 15:45:38 GMT
Content-Type: application/json; charset=utf-8
Connection: keep-alive
Source-From: 02
x-powered-by: Express
vary: X-HTTP-Method-Override
etag: W/&quot;89-ZJKYGoPUEwpHIBcf8bv10L8bnYw&quot;
content-length: 137

21:15:38.335 [AsyncHttpClient-1-6] DEBUG org.asynchttpclient.netty.channel.ChannelManager - Adding key: http://hub-cloud.browserstack.com:80 for channel [id: 0x827a47f6, L:/192.168.0.148:54523 - R:hub-cloud.browserstack.com/103.126.7.240:80]
21:15:38.336 [Forwarding clickElement on session eda2ebede5b4f1c4a3da0ae80d76cf0c2ffae504 to remote] DEBUG org.asynchttpclient.netty.request.NettyRequestSender - Using pooled Channel &apos;[id: 0x827a47f6, L:/192.168.0.148:54523 - R:hub-cloud.browserstack.com/103.126.7.240:80]&apos; for &apos;POST&apos; to &apos;http://sagarvarule_Nv2k8l:xTzj2eNxZytnJbrx1e6C@hub-cloud.browserstack.com/wd/hub/session/eda2ebede5b4f1c4a3da0ae80d76cf0c2ffae504/element/eee2624e-1af0-4b3e-9427-7b648f221ab2/click&apos;
21:15:38.336 [Forwarding clickElement on session eda2ebede5b4f1c4a3da0ae80d76cf0c2ffae504 to remote] DEBUG org.asynchttpclient.netty.request.NettyRequestSender - Using open Channel [id: 0x827a47f6, L:/192.168.0.148:54523 - R:hub-cloud.browserstack.com/103.126.7.240:80] for POST &apos;/wd/hub/session/eda2ebede5b4f1c4a3da0ae80d76cf0c2ffae504/element/eee2624e-1af0-4b3e-9427-7b648f221ab2/click&apos;
21:15:38.413 [AsyncHttpClient-1-6] DEBUG org.asynchttpclient.netty.handler.HttpHandler - 

Request DefaultHttpRequest(decodeResult: success, version: HTTP/1.1)
POST /wd/hub/session/eda2ebede5b4f1c4a3da0ae80d76cf0c2ffae504/element/eee2624e-1af0-4b3e-9427-7b648f221ab2/click HTTP/1.1
User-Agent: selenium/4.5.0 (java windows)
Content-Length: 50
Content-Type: application/json; charset=utf-8
host: hub-cloud.browserstack.com
authorization: Basic c2FnYXJ2YXJ1bGVfTnYyazhsOnhUemoyZU54Wnl0bkpicngxZTZD
accept: */*

Response DefaultHttpResponse(decodeResult: success, version: HTTP/1.1)
HTTP/1.1 200 OK
Server: nginx
Date: Thu, 01 Dec 2022 15:45:38 GMT
Content-Type: application/json; charset=utf-8
Connection: keep-alive
Source-From: 02
x-powered-by: Express
vary: X-HTTP-Method-Override
etag: W/&quot;e-9/1BuKMgFObM1mWJm+YjxtXJnUM&quot;
content-length: 14

21:15:38.413 [AsyncHttpClient-1-6] DEBUG org.asynchttpclient.netty.channel.ChannelManager - Adding key: http://hub-cloud.browserstack.com:80 for channel [id: 0x827a47f6, L:/192.168.0.148:54523 - R:hub-cloud.browserstack.com/103.126.7.240:80]
21:15:38.416 [Forwarding findElement on session eda2ebede5b4f1c4a3da0ae80d76cf0c2ffae504 to remote] DEBUG org.asynchttpclient.netty.request.NettyRequestSender - Using pooled Channel &apos;[id: 0x827a47f6, L:/192.168.0.148:54523 - R:hub-cloud.browserstack.com/103.126.7.240:80]&apos; for &apos;POST&apos; to &apos;http://sagarvarule_Nv2k8l:xTzj2eNxZytnJbrx1e6C@hub-cloud.browserstack.com/wd/hub/session/eda2ebede5b4f1c4a3da0ae80d76cf0c2ffae504/element&apos;
21:15:38.416 [Forwarding findElement on session eda2ebede5b4f1c4a3da0ae80d76cf0c2ffae504 to remote] DEBUG org.asynchttpclient.netty.request.NettyRequestSender - Using open Channel [id: 0x827a47f6, L:/192.168.0.148:54523 - R:hub-cloud.browserstack.com/103.126.7.240:80] for POST &apos;/wd/hub/session/eda2ebede5b4f1c4a3da0ae80d76cf0c2ffae504/element&apos;
21:15:40.616 [AsyncHttpClient-1-6] DEBUG org.asynchttpclient.netty.handler.HttpHandler - 

Request DefaultHttpRequest(decodeResult: success, version: HTTP/1.1)
POST /wd/hub/session/eda2ebede5b4f1c4a3da0ae80d76cf0c2ffae504/element HTTP/1.1
User-Agent: selenium/4.5.0 (java windows)
Content-Length: 94
Content-Type: application/json; charset=utf-8
host: hub-cloud.browserstack.com
authorization: Basic c2FnYXJ2YXJ1bGVfTnYyazhsOnhUemoyZU54Wnl0bkpicngxZTZD
accept: */*

Response DefaultHttpResponse(decodeResult: success, version: HTTP/1.1)
HTTP/1.1 200 OK
Server: nginx
Date: Thu, 01 Dec 2022 15:45:40 GMT
Content-Type: application/json; charset=utf-8
Connection: keep-alive
Source-From: 02
x-powered-by: Express
vary: X-HTTP-Method-Override
etag: W/&quot;89-CoyY2R7a46aUOcokKJ5PJpUUQII&quot;
content-length: 137

21:15:40.616 [AsyncHttpClient-1-6] DEBUG org.asynchttpclient.netty.channel.ChannelManager - Adding key: http://hub-cloud.browserstack.com:80 for channel [id: 0x827a47f6, L:/192.168.0.148:54523 - R:hub-cloud.browserstack.com/103.126.7.240:80]
21:15:40.618 [Forwarding isElementDisplayed on session eda2ebede5b4f1c4a3da0ae80d76cf0c2ffae504 to remote] DEBUG org.asynchttpclient.netty.request.NettyRequestSender - Using pooled Channel &apos;[id: 0x827a47f6, L:/192.168.0.148:54523 - R:hub-cloud.browserstack.com/103.126.7.240:80]&apos; for &apos;GET&apos; to &apos;http://sagarvarule_Nv2k8l:xTzj2eNxZytnJbrx1e6C@hub-cloud.browserstack.com/wd/hub/session/eda2ebede5b4f1c4a3da0ae80d76cf0c2ffae504/element/a58a5f27-8a02-437f-8fc7-f882c466eb91/displayed&apos;
21:15:40.619 [Forwarding isElementDisplayed on session eda2ebede5b4f1c4a3da0ae80d76cf0c2ffae504 to remote] DEBUG org.asynchttpclient.netty.request.NettyRequestSender - Using open Channel [id: 0x827a47f6, L:/192.168.0.148:54523 - R:hub-cloud.browserstack.com/103.126.7.240:80] for GET &apos;/wd/hub/session/eda2ebede5b4f1c4a3da0ae80d76cf0c2ffae504/element/a58a5f27-8a02-437f-8fc7-f882c466eb91/displayed&apos;
21:15:40.677 [AsyncHttpClient-1-6] DEBUG org.asynchttpclient.netty.handler.HttpHandler - 

Request DefaultFullHttpRequest(decodeResult: success, version: HTTP/1.1, content: EmptyByteBufBE)
GET /wd/hub/session/eda2ebede5b4f1c4a3da0ae80d76cf0c2ffae504/element/a58a5f27-8a02-437f-8fc7-f882c466eb91/displayed HTTP/1.1
User-Agent: selenium/4.5.0 (java windows)
Cache-Control: no-cache
Content-Type: application/json; charset=utf-8
host: hub-cloud.browserstack.com
authorization: Basic c2FnYXJ2YXJ1bGVfTnYyazhsOnhUemoyZU54Wnl0bkpicngxZTZD
accept: */*

Response DefaultHttpResponse(decodeResult: success, version: HTTP/1.1)
HTTP/1.1 200 OK
Server: nginx
Date: Thu, 01 Dec 2022 15:45:40 GMT
Content-Type: application/json; charset=utf-8
Connection: keep-alive
Source-From: 02
x-powered-by: Express
etag: W/&quot;e-2ZHvAWebNQpyjGZTg6uyV8/spTo&quot;
content-length: 14

21:15:40.677 [AsyncHttpClient-1-6] DEBUG org.asynchttpclient.netty.channel.ChannelManager - Adding key: http://hub-cloud.browserstack.com:80 for channel [id: 0x827a47f6, L:/192.168.0.148:54523 - R:hub-cloud.browserstack.com/103.126.7.240:80]
21:15:40.678 [Forwarding findElement on session eda2ebede5b4f1c4a3da0ae80d76cf0c2ffae504 to remote] DEBUG org.asynchttpclient.netty.request.NettyRequestSender - Using pooled Channel &apos;[id: 0x827a47f6, L:/192.168.0.148:54523 - R:hub-cloud.browserstack.com/103.126.7.240:80]&apos; for &apos;POST&apos; to &apos;http://sagarvarule_Nv2k8l:xTzj2eNxZytnJbrx1e6C@hub-cloud.browserstack.com/wd/hub/session/eda2ebede5b4f1c4a3da0ae80d76cf0c2ffae504/element&apos;
21:15:40.678 [Forwarding findElement on session eda2ebede5b4f1c4a3da0ae80d76cf0c2ffae504 to remote] DEBUG org.asynchttpclient.netty.request.NettyRequestSender - Using open Channel [id: 0x827a47f6, L:/192.168.0.148:54523 - R:hub-cloud.browserstack.com/103.126.7.240:80] for POST &apos;/wd/hub/session/eda2ebede5b4f1c4a3da0ae80d76cf0c2ffae504/element&apos;
21:15:40.743 [AsyncHttpClient-1-6] DEBUG org.asynchttpclient.netty.handler.HttpHandler - 

Request DefaultHttpRequest(decodeResult: success, version: HTTP/1.1)
POST /wd/hub/session/eda2ebede5b4f1c4a3da0ae80d76cf0c2ffae504/element HTTP/1.1
User-Agent: selenium/4.5.0 (java windows)
Content-Length: 94
Content-Type: application/json; charset=utf-8
host: hub-cloud.browserstack.com
authorization: Basic c2FnYXJ2YXJ1bGVfTnYyazhsOnhUemoyZU54Wnl0bkpicngxZTZD
accept: */*

Response DefaultHttpResponse(decodeResult: success, version: HTTP/1.1)
HTTP/1.1 200 OK
Server: nginx
Date: Thu, 01 Dec 2022 15:45:40 GMT
Content-Type: application/json; charset=utf-8
Connection: keep-alive
Source-From: 02
x-powered-by: Express
vary: X-HTTP-Method-Override
etag: W/&quot;89-Nu8kpJWX2rdF47lT8EL6DT0JJbc&quot;
content-length: 137

21:15:40.743 [AsyncHttpClient-1-6] DEBUG org.asynchttpclient.netty.channel.ChannelManager - Adding key: http://hub-cloud.browserstack.com:80 for channel [id: 0x827a47f6, L:/192.168.0.148:54523 - R:hub-cloud.browserstack.com/103.126.7.240:80]
21:15:40.744 [Forwarding isElementEnabled on session eda2ebede5b4f1c4a3da0ae80d76cf0c2ffae504 to remote] DEBUG org.asynchttpclient.netty.request.NettyRequestSender - Using pooled Channel &apos;[id: 0x827a47f6, L:/192.168.0.148:54523 - R:hub-cloud.browserstack.com/103.126.7.240:80]&apos; for &apos;GET&apos; to &apos;http://sagarvarule_Nv2k8l:xTzj2eNxZytnJbrx1e6C@hub-cloud.browserstack.com/wd/hub/session/eda2ebede5b4f1c4a3da0ae80d76cf0c2ffae504/element/eb24e76f-a496-4cec-9d9a-4aec94b74b9b/enabled&apos;
21:15:40.744 [Forwarding isElementEnabled on session eda2ebede5b4f1c4a3da0ae80d76cf0c2ffae504 to remote] DEBUG org.asynchttpclient.netty.request.NettyRequestSender - Using open Channel [id: 0x827a47f6, L:/192.168.0.148:54523 - R:hub-cloud.browserstack.com/103.126.7.240:80] for GET &apos;/wd/hub/session/eda2ebede5b4f1c4a3da0ae80d76cf0c2ffae504/element/eb24e76f-a496-4cec-9d9a-4aec94b74b9b/enabled&apos;
21:15:40.808 [AsyncHttpClient-1-6] DEBUG org.asynchttpclient.netty.handler.HttpHandler - 

Request DefaultFullHttpRequest(decodeResult: success, version: HTTP/1.1, content: EmptyByteBufBE)
GET /wd/hub/session/eda2ebede5b4f1c4a3da0ae80d76cf0c2ffae504/element/eb24e76f-a496-4cec-9d9a-4aec94b74b9b/enabled HTTP/1.1
User-Agent: selenium/4.5.0 (java windows)
Cache-Control: no-cache
Content-Type: application/json; charset=utf-8
host: hub-cloud.browserstack.com
authorization: Basic c2FnYXJ2YXJ1bGVfTnYyazhsOnhUemoyZU54Wnl0bkpicngxZTZD
accept: */*

Response DefaultHttpResponse(decodeResult: success, version: HTTP/1.1)
HTTP/1.1 200 OK
Server: nginx
Date: Thu, 01 Dec 2022 15:45:40 GMT
Content-Type: application/json; charset=utf-8
Connection: keep-alive
Source-From: 02
x-powered-by: Express
etag: W/&quot;e-2ZHvAWebNQpyjGZTg6uyV8/spTo&quot;
content-length: 14

21:15:40.808 [AsyncHttpClient-1-6] DEBUG org.asynchttpclient.netty.channel.ChannelManager - Adding key: http://hub-cloud.browserstack.com:80 for channel [id: 0x827a47f6, L:/192.168.0.148:54523 - R:hub-cloud.browserstack.com/103.126.7.240:80]
21:15:40.810 [Forwarding findElement on session eda2ebede5b4f1c4a3da0ae80d76cf0c2ffae504 to remote] DEBUG org.asynchttpclient.netty.request.NettyRequestSender - Using pooled Channel &apos;[id: 0x827a47f6, L:/192.168.0.148:54523 - R:hub-cloud.browserstack.com/103.126.7.240:80]&apos; for &apos;POST&apos; to &apos;http://sagarvarule_Nv2k8l:xTzj2eNxZytnJbrx1e6C@hub-cloud.browserstack.com/wd/hub/session/eda2ebede5b4f1c4a3da0ae80d76cf0c2ffae504/element&apos;
21:15:40.810 [Forwarding findElement on session eda2ebede5b4f1c4a3da0ae80d76cf0c2ffae504 to remote] DEBUG org.asynchttpclient.netty.request.NettyRequestSender - Using open Channel [id: 0x827a47f6, L:/192.168.0.148:54523 - R:hub-cloud.browserstack.com/103.126.7.240:80] for POST &apos;/wd/hub/session/eda2ebede5b4f1c4a3da0ae80d76cf0c2ffae504/element&apos;
21:15:40.887 [AsyncHttpClient-1-6] DEBUG org.asynchttpclient.netty.handler.HttpHandler - 

Request DefaultHttpRequest(decodeResult: success, version: HTTP/1.1)
POST /wd/hub/session/eda2ebede5b4f1c4a3da0ae80d76cf0c2ffae504/element HTTP/1.1
User-Agent: selenium/4.5.0 (java windows)
Content-Length: 94
Content-Type: application/json; charset=utf-8
host: hub-cloud.browserstack.com
authorization: Basic c2FnYXJ2YXJ1bGVfTnYyazhsOnhUemoyZU54Wnl0bkpicngxZTZD
accept: */*

Response DefaultHttpResponse(decodeResult: success, version: HTTP/1.1)
HTTP/1.1 200 OK
Server: nginx
Date: Thu, 01 Dec 2022 15:45:40 GMT
Content-Type: application/json; charset=utf-8
Connection: keep-alive
Source-From: 02
x-powered-by: Express
vary: X-HTTP-Method-Override
etag: W/&quot;89-sPcgHe12I4FwAPbbOYipRF1Fi7o&quot;
content-length: 137

21:15:40.887 [AsyncHttpClient-1-6] DEBUG org.asynchttpclient.netty.channel.ChannelManager - Adding key: http://hub-cloud.browserstack.com:80 for channel [id: 0x827a47f6, L:/192.168.0.148:54523 - R:hub-cloud.browserstack.com/103.126.7.240:80]
21:15:40.889 [Forwarding isElementDisplayed on session eda2ebede5b4f1c4a3da0ae80d76cf0c2ffae504 to remote] DEBUG org.asynchttpclient.netty.request.NettyRequestSender - Using pooled Channel &apos;[id: 0x827a47f6, L:/192.168.0.148:54523 - R:hub-cloud.browserstack.com/103.126.7.240:80]&apos; for &apos;GET&apos; to &apos;http://sagarvarule_Nv2k8l:xTzj2eNxZytnJbrx1e6C@hub-cloud.browserstack.com/wd/hub/session/eda2ebede5b4f1c4a3da0ae80d76cf0c2ffae504/element/4efd9e83-a30d-40b9-8f5a-85a759e130f6/displayed&apos;
21:15:40.889 [Forwarding isElementDisplayed on session eda2ebede5b4f1c4a3da0ae80d76cf0c2ffae504 to remote] DEBUG org.asynchttpclient.netty.request.NettyRequestSender - Using open Channel [id: 0x827a47f6, L:/192.168.0.148:54523 - R:hub-cloud.browserstack.com/103.126.7.240:80] for GET &apos;/wd/hub/session/eda2ebede5b4f1c4a3da0ae80d76cf0c2ffae504/element/4efd9e83-a30d-40b9-8f5a-85a759e130f6/displayed&apos;
21:15:40.976 [AsyncHttpClient-1-6] DEBUG org.asynchttpclient.netty.handler.HttpHandler - 

Request DefaultFullHttpRequest(decodeResult: success, version: HTTP/1.1, content: EmptyByteBufBE)
GET /wd/hub/session/eda2ebede5b4f1c4a3da0ae80d76cf0c2ffae504/element/4efd9e83-a30d-40b9-8f5a-85a759e130f6/displayed HTTP/1.1
User-Agent: selenium/4.5.0 (java windows)
Cache-Control: no-cache
Content-Type: application/json; charset=utf-8
host: hub-cloud.browserstack.com
authorization: Basic c2FnYXJ2YXJ1bGVfTnYyazhsOnhUemoyZU54Wnl0bkpicngxZTZD
accept: */*

Response DefaultHttpResponse(decodeResult: success, version: HTTP/1.1)
HTTP/1.1 200 OK
Server: nginx
Date: Thu, 01 Dec 2022 15:45:40 GMT
Content-Type: application/json; charset=utf-8
Connection: keep-alive
Source-From: 02
x-powered-by: Express
etag: W/&quot;e-2ZHvAWebNQpyjGZTg6uyV8/spTo&quot;
content-length: 14

21:15:40.976 [AsyncHttpClient-1-6] DEBUG org.asynchttpclient.netty.channel.ChannelManager - Adding key: http://hub-cloud.browserstack.com:80 for channel [id: 0x827a47f6, L:/192.168.0.148:54523 - R:hub-cloud.browserstack.com/103.126.7.240:80]
21:15:40.978 [Forwarding findElement on session eda2ebede5b4f1c4a3da0ae80d76cf0c2ffae504 to remote] DEBUG org.asynchttpclient.netty.request.NettyRequestSender - Using pooled Channel &apos;[id: 0x827a47f6, L:/192.168.0.148:54523 - R:hub-cloud.browserstack.com/103.126.7.240:80]&apos; for &apos;POST&apos; to &apos;http://sagarvarule_Nv2k8l:xTzj2eNxZytnJbrx1e6C@hub-cloud.browserstack.com/wd/hub/session/eda2ebede5b4f1c4a3da0ae80d76cf0c2ffae504/element&apos;
21:15:40.979 [Forwarding findElement on session eda2ebede5b4f1c4a3da0ae80d76cf0c2ffae504 to remote] DEBUG org.asynchttpclient.netty.request.NettyRequestSender - Using open Channel [id: 0x827a47f6, L:/192.168.0.148:54523 - R:hub-cloud.browserstack.com/103.126.7.240:80] for POST &apos;/wd/hub/session/eda2ebede5b4f1c4a3da0ae80d76cf0c2ffae504/element&apos;
21:15:41.056 [AsyncHttpClient-1-6] DEBUG org.asynchttpclient.netty.handler.HttpHandler - 

Request DefaultHttpRequest(decodeResult: success, version: HTTP/1.1)
POST /wd/hub/session/eda2ebede5b4f1c4a3da0ae80d76cf0c2ffae504/element HTTP/1.1
User-Agent: selenium/4.5.0 (java windows)
Content-Length: 94
Content-Type: application/json; charset=utf-8
host: hub-cloud.browserstack.com
authorization: Basic c2FnYXJ2YXJ1bGVfTnYyazhsOnhUemoyZU54Wnl0bkpicngxZTZD
accept: */*

Response DefaultHttpResponse(decodeResult: success, version: HTTP/1.1)
HTTP/1.1 200 OK
Server: nginx
Date: Thu, 01 Dec 2022 15:45:41 GMT
Content-Type: application/json; charset=utf-8
Connection: keep-alive
Source-From: 02
x-powered-by: Express
vary: X-HTTP-Method-Override
etag: W/&quot;89-d0LqbBfPZcX3DAFGGZAAwmfcpxo&quot;
content-length: 137

21:15:41.057 [AsyncHttpClient-1-6] DEBUG org.asynchttpclient.netty.channel.ChannelManager - Adding key: http://hub-cloud.browserstack.com:80 for channel [id: 0x827a47f6, L:/192.168.0.148:54523 - R:hub-cloud.browserstack.com/103.126.7.240:80]
21:15:41.057 [Forwarding isElementEnabled on session eda2ebede5b4f1c4a3da0ae80d76cf0c2ffae504 to remote] DEBUG org.asynchttpclient.netty.request.NettyRequestSender - Using pooled Channel &apos;[id: 0x827a47f6, L:/192.168.0.148:54523 - R:hub-cloud.browserstack.com/103.126.7.240:80]&apos; for &apos;GET&apos; to &apos;http://sagarvarule_Nv2k8l:xTzj2eNxZytnJbrx1e6C@hub-cloud.browserstack.com/wd/hub/session/eda2ebede5b4f1c4a3da0ae80d76cf0c2ffae504/element/0d68a706-0377-4ab4-993d-d3b7ff78eb9e/enabled&apos;
21:15:41.057 [Forwarding isElementEnabled on session eda2ebede5b4f1c4a3da0ae80d76cf0c2ffae504 to remote] DEBUG org.asynchttpclient.netty.request.NettyRequestSender - Using open Channel [id: 0x827a47f6, L:/192.168.0.148:54523 - R:hub-cloud.browserstack.com/103.126.7.240:80] for GET &apos;/wd/hub/session/eda2ebede5b4f1c4a3da0ae80d76cf0c2ffae504/element/0d68a706-0377-4ab4-993d-d3b7ff78eb9e/enabled&apos;
21:15:41.134 [AsyncHttpClient-1-6] DEBUG org.asynchttpclient.netty.handler.HttpHandler - 

Request DefaultFullHttpRequest(decodeResult: success, version: HTTP/1.1, content: EmptyByteBufBE)
GET /wd/hub/session/eda2ebede5b4f1c4a3da0ae80d76cf0c2ffae504/element/0d68a706-0377-4ab4-993d-d3b7ff78eb9e/enabled HTTP/1.1
User-Agent: selenium/4.5.0 (java windows)
Cache-Control: no-cache
Content-Type: application/json; charset=utf-8
host: hub-cloud.browserstack.com
authorization: Basic c2FnYXJ2YXJ1bGVfTnYyazhsOnhUemoyZU54Wnl0bkpicngxZTZD
accept: */*

Response DefaultHttpResponse(decodeResult: success, version: HTTP/1.1)
HTTP/1.1 200 OK
Server: nginx
Date: Thu, 01 Dec 2022 15:45:41 GMT
Content-Type: application/json; charset=utf-8
Connection: keep-alive
Source-From: 02
x-powered-by: Express
etag: W/&quot;e-2ZHvAWebNQpyjGZTg6uyV8/spTo&quot;
content-length: 14

21:15:41.134 [AsyncHttpClient-1-6] DEBUG org.asynchttpclient.netty.channel.ChannelManager - Adding key: http://hub-cloud.browserstack.com:80 for channel [id: 0x827a47f6, L:/192.168.0.148:54523 - R:hub-cloud.browserstack.com/103.126.7.240:80]
21:15:41.135 [Forwarding findElement on session eda2ebede5b4f1c4a3da0ae80d76cf0c2ffae504 to remote] DEBUG org.asynchttpclient.netty.request.NettyRequestSender - Using pooled Channel &apos;[id: 0x827a47f6, L:/192.168.0.148:54523 - R:hub-cloud.browserstack.com/103.126.7.240:80]&apos; for &apos;POST&apos; to &apos;http://sagarvarule_Nv2k8l:xTzj2eNxZytnJbrx1e6C@hub-cloud.browserstack.com/wd/hub/session/eda2ebede5b4f1c4a3da0ae80d76cf0c2ffae504/element&apos;
21:15:41.135 [Forwarding findElement on session eda2ebede5b4f1c4a3da0ae80d76cf0c2ffae504 to remote] DEBUG org.asynchttpclient.netty.request.NettyRequestSender - Using open Channel [id: 0x827a47f6, L:/192.168.0.148:54523 - R:hub-cloud.browserstack.com/103.126.7.240:80] for POST &apos;/wd/hub/session/eda2ebede5b4f1c4a3da0ae80d76cf0c2ffae504/element&apos;
21:15:41.220 [AsyncHttpClient-1-6] DEBUG org.asynchttpclient.netty.handler.HttpHandler - 

Request DefaultHttpRequest(decodeResult: success, version: HTTP/1.1)
POST /wd/hub/session/eda2ebede5b4f1c4a3da0ae80d76cf0c2ffae504/element HTTP/1.1
User-Agent: selenium/4.5.0 (java windows)
Content-Length: 94
Content-Type: application/json; charset=utf-8
host: hub-cloud.browserstack.com
authorization: Basic c2FnYXJ2YXJ1bGVfTnYyazhsOnhUemoyZU54Wnl0bkpicngxZTZD
accept: */*

Response DefaultHttpResponse(decodeResult: success, version: HTTP/1.1)
HTTP/1.1 200 OK
Server: nginx
Date: Thu, 01 Dec 2022 15:45:41 GMT
Content-Type: application/json; charset=utf-8
Connection: keep-alive
Source-From: 02
x-powered-by: Express
vary: X-HTTP-Method-Override
etag: W/&quot;89-Nirvub/os1tvICxYQWhvKUueQnY&quot;
content-length: 137

21:15:41.220 [AsyncHttpClient-1-6] DEBUG org.asynchttpclient.netty.channel.ChannelManager - Adding key: http://hub-cloud.browserstack.com:80 for channel [id: 0x827a47f6, L:/192.168.0.148:54523 - R:hub-cloud.browserstack.com/103.126.7.240:80]
21:15:41.221 [Forwarding clickElement on session eda2ebede5b4f1c4a3da0ae80d76cf0c2ffae504 to remote] DEBUG org.asynchttpclient.netty.request.NettyRequestSender - Using pooled Channel &apos;[id: 0x827a47f6, L:/192.168.0.148:54523 - R:hub-cloud.browserstack.com/103.126.7.240:80]&apos; for &apos;POST&apos; to &apos;http://sagarvarule_Nv2k8l:xTzj2eNxZytnJbrx1e6C@hub-cloud.browserstack.com/wd/hub/session/eda2ebede5b4f1c4a3da0ae80d76cf0c2ffae504/element/2d537bd4-9b90-4939-9840-0484eee0df3b/click&apos;
21:15:41.222 [Forwarding clickElement on session eda2ebede5b4f1c4a3da0ae80d76cf0c2ffae504 to remote] DEBUG org.asynchttpclient.netty.request.NettyRequestSender - Using open Channel [id: 0x827a47f6, L:/192.168.0.148:54523 - R:hub-cloud.browserstack.com/103.126.7.240:80] for POST &apos;/wd/hub/session/eda2ebede5b4f1c4a3da0ae80d76cf0c2ffae504/element/2d537bd4-9b90-4939-9840-0484eee0df3b/click&apos;
21:15:41.312 [AsyncHttpClient-1-6] DEBUG org.asynchttpclient.netty.handler.HttpHandler - 

Request DefaultHttpRequest(decodeResult: success, version: HTTP/1.1)
POST /wd/hub/session/eda2ebede5b4f1c4a3da0ae80d76cf0c2ffae504/element/2d537bd4-9b90-4939-9840-0484eee0df3b/click HTTP/1.1
User-Agent: selenium/4.5.0 (java windows)
Content-Length: 50
Content-Type: application/json; charset=utf-8
host: hub-cloud.browserstack.com
authorization: Basic c2FnYXJ2YXJ1bGVfTnYyazhsOnhUemoyZU54Wnl0bkpicngxZTZD
accept: */*

Response DefaultHttpResponse(decodeResult: success, version: HTTP/1.1)
HTTP/1.1 200 OK
Server: nginx
Date: Thu, 01 Dec 2022 15:45:41 GMT
Content-Type: application/json; charset=utf-8
Connection: keep-alive
Source-From: 02
x-powered-by: Express
vary: X-HTTP-Method-Override
etag: W/&quot;e-9/1BuKMgFObM1mWJm+YjxtXJnUM&quot;
content-length: 14

21:15:41.313 [AsyncHttpClient-1-6] DEBUG org.asynchttpclient.netty.channel.ChannelManager - Adding key: http://hub-cloud.browserstack.com:80 for channel [id: 0x827a47f6, L:/192.168.0.148:54523 - R:hub-cloud.browserstack.com/103.126.7.240:80]
21:15:41.316 [Forwarding findElement on session eda2ebede5b4f1c4a3da0ae80d76cf0c2ffae504 to remote] DEBUG org.asynchttpclient.netty.request.NettyRequestSender - Using pooled Channel &apos;[id: 0x827a47f6, L:/192.168.0.148:54523 - R:hub-cloud.browserstack.com/103.126.7.240:80]&apos; for &apos;POST&apos; to &apos;http://sagarvarule_Nv2k8l:xTzj2eNxZytnJbrx1e6C@hub-cloud.browserstack.com/wd/hub/session/eda2ebede5b4f1c4a3da0ae80d76cf0c2ffae504/element&apos;
21:15:41.316 [Forwarding findElement on session eda2ebede5b4f1c4a3da0ae80d76cf0c2ffae504 to remote] DEBUG org.asynchttpclient.netty.request.NettyRequestSender - Using open Channel [id: 0x827a47f6, L:/192.168.0.148:54523 - R:hub-cloud.browserstack.com/103.126.7.240:80] for POST &apos;/wd/hub/session/eda2ebede5b4f1c4a3da0ae80d76cf0c2ffae504/element&apos;
21:15:42.221 [AsyncHttpClient-1-6] DEBUG org.asynchttpclient.netty.handler.HttpHandler - 

Request DefaultHttpRequest(decodeResult: success, version: HTTP/1.1)
POST /wd/hub/session/eda2ebede5b4f1c4a3da0ae80d76cf0c2ffae504/element HTTP/1.1
User-Agent: selenium/4.5.0 (java windows)
Content-Length: 95
Content-Type: application/json; charset=utf-8
host: hub-cloud.browserstack.com
authorization: Basic c2FnYXJ2YXJ1bGVfTnYyazhsOnhUemoyZU54Wnl0bkpicngxZTZD
accept: */*

Response DefaultHttpResponse(decodeResult: success, version: HTTP/1.1)
HTTP/1.1 200 OK
Server: nginx
Date: Thu, 01 Dec 2022 15:45:42 GMT
Content-Type: application/json; charset=utf-8
Connection: keep-alive
Source-From: 02
x-powered-by: Express
vary: X-HTTP-Method-Override
etag: W/&quot;89-z8b/nfIBVOytrDIGaXdcla/nSnk&quot;
content-length: 137

21:15:42.221 [AsyncHttpClient-1-6] DEBUG org.asynchttpclient.netty.channel.ChannelManager - Adding key: http://hub-cloud.browserstack.com:80 for channel [id: 0x827a47f6, L:/192.168.0.148:54523 - R:hub-cloud.browserstack.com/103.126.7.240:80]
21:15:42.223 [Forwarding isElementDisplayed on session eda2ebede5b4f1c4a3da0ae80d76cf0c2ffae504 to remote] DEBUG org.asynchttpclient.netty.request.NettyRequestSender - Using pooled Channel &apos;[id: 0x827a47f6, L:/192.168.0.148:54523 - R:hub-cloud.browserstack.com/103.126.7.240:80]&apos; for &apos;GET&apos; to &apos;http://sagarvarule_Nv2k8l:xTzj2eNxZytnJbrx1e6C@hub-cloud.browserstack.com/wd/hub/session/eda2ebede5b4f1c4a3da0ae80d76cf0c2ffae504/element/91cd3264-728e-4133-8bb6-cb1413cff63f/displayed&apos;
21:15:42.223 [Forwarding isElementDisplayed on session eda2ebede5b4f1c4a3da0ae80d76cf0c2ffae504 to remote] DEBUG org.asynchttpclient.netty.request.NettyRequestSender - Using open Channel [id: 0x827a47f6, L:/192.168.0.148:54523 - R:hub-cloud.browserstack.com/103.126.7.240:80] for GET &apos;/wd/hub/session/eda2ebede5b4f1c4a3da0ae80d76cf0c2ffae504/element/91cd3264-728e-4133-8bb6-cb1413cff63f/displayed&apos;
21:15:42.306 [AsyncHttpClient-1-6] DEBUG org.asynchttpclient.netty.handler.HttpHandler - 

Request DefaultFullHttpRequest(decodeResult: success, version: HTTP/1.1, content: EmptyByteBufBE)
GET /wd/hub/session/eda2ebede5b4f1c4a3da0ae80d76cf0c2ffae504/element/91cd3264-728e-4133-8bb6-cb1413cff63f/displayed HTTP/1.1
User-Agent: selenium/4.5.0 (java windows)
Cache-Control: no-cache
Content-Type: application/json; charset=utf-8
host: hub-cloud.browserstack.com
authorization: Basic c2FnYXJ2YXJ1bGVfTnYyazhsOnhUemoyZU54Wnl0bkpicngxZTZD
accept: */*

Response DefaultHttpResponse(decodeResult: success, version: HTTP/1.1)
HTTP/1.1 200 OK
Server: nginx
Date: Thu, 01 Dec 2022 15:45:42 GMT
Content-Type: application/json; charset=utf-8
Connection: keep-alive
Source-From: 02
x-powered-by: Express
etag: W/&quot;e-2ZHvAWebNQpyjGZTg6uyV8/spTo&quot;
content-length: 14

21:15:42.307 [AsyncHttpClient-1-6] DEBUG org.asynchttpclient.netty.channel.ChannelManager - Adding key: http://hub-cloud.browserstack.com:80 for channel [id: 0x827a47f6, L:/192.168.0.148:54523 - R:hub-cloud.browserstack.com/103.126.7.240:80]
21:15:42.308 [Forwarding findElement on session eda2ebede5b4f1c4a3da0ae80d76cf0c2ffae504 to remote] DEBUG org.asynchttpclient.netty.request.NettyRequestSender - Using pooled Channel &apos;[id: 0x827a47f6, L:/192.168.0.148:54523 - R:hub-cloud.browserstack.com/103.126.7.240:80]&apos; for &apos;POST&apos; to &apos;http://sagarvarule_Nv2k8l:xTzj2eNxZytnJbrx1e6C@hub-cloud.browserstack.com/wd/hub/session/eda2ebede5b4f1c4a3da0ae80d76cf0c2ffae504/element&apos;
21:15:42.308 [Forwarding findElement on session eda2ebede5b4f1c4a3da0ae80d76cf0c2ffae504 to remote] DEBUG org.asynchttpclient.netty.request.NettyRequestSender - Using open Channel [id: 0x827a47f6, L:/192.168.0.148:54523 - R:hub-cloud.browserstack.com/103.126.7.240:80] for POST &apos;/wd/hub/session/eda2ebede5b4f1c4a3da0ae80d76cf0c2ffae504/element&apos;
21:15:42.395 [AsyncHttpClient-1-6] DEBUG org.asynchttpclient.netty.handler.HttpHandler - 

Request DefaultHttpRequest(decodeResult: success, version: HTTP/1.1)
POST /wd/hub/session/eda2ebede5b4f1c4a3da0ae80d76cf0c2ffae504/element HTTP/1.1
User-Agent: selenium/4.5.0 (java windows)
Content-Length: 95
Content-Type: application/json; charset=utf-8
host: hub-cloud.browserstack.com
authorization: Basic c2FnYXJ2YXJ1bGVfTnYyazhsOnhUemoyZU54Wnl0bkpicngxZTZD
accept: */*

Response DefaultHttpResponse(decodeResult: success, version: HTTP/1.1)
HTTP/1.1 200 OK
Server: nginx
Date: Thu, 01 Dec 2022 15:45:42 GMT
Content-Type: application/json; charset=utf-8
Connection: keep-alive
Source-From: 02
x-powered-by: Express
vary: X-HTTP-Method-Override
etag: W/&quot;89-WAS5UTIJtyPNMprAmDzvxKFUPJ4&quot;
content-length: 137

21:15:42.396 [AsyncHttpClient-1-6] DEBUG org.asynchttpclient.netty.channel.ChannelManager - Adding key: http://hub-cloud.browserstack.com:80 for channel [id: 0x827a47f6, L:/192.168.0.148:54523 - R:hub-cloud.browserstack.com/103.126.7.240:80]
21:15:42.398 [Forwarding sendKeysToElement on session eda2ebede5b4f1c4a3da0ae80d76cf0c2ffae504 to remote] DEBUG org.asynchttpclient.netty.request.NettyRequestSender - Using pooled Channel &apos;[id: 0x827a47f6, L:/192.168.0.148:54523 - R:hub-cloud.browserstack.com/103.126.7.240:80]&apos; for &apos;POST&apos; to &apos;http://sagarvarule_Nv2k8l:xTzj2eNxZytnJbrx1e6C@hub-cloud.browserstack.com/wd/hub/session/eda2ebede5b4f1c4a3da0ae80d76cf0c2ffae504/element/2a05915d-c5a6-48d6-a7c4-c411ccb31af5/value&apos;
21:15:42.399 [Forwarding sendKeysToElement on session eda2ebede5b4f1c4a3da0ae80d76cf0c2ffae504 to remote] DEBUG org.asynchttpclient.netty.request.NettyRequestSender - Using open Channel [id: 0x827a47f6, L:/192.168.0.148:54523 - R:hub-cloud.browserstack.com/103.126.7.240:80] for POST &apos;/wd/hub/session/eda2ebede5b4f1c4a3da0ae80d76cf0c2ffae504/element/2a05915d-c5a6-48d6-a7c4-c411ccb31af5/value&apos;
21:15:43.156 [AsyncHttpClient-1-6] DEBUG org.asynchttpclient.netty.handler.HttpHandler - 

Request DefaultHttpRequest(decodeResult: success, version: HTTP/1.1)
POST /wd/hub/session/eda2ebede5b4f1c4a3da0ae80d76cf0c2ffae504/element/2a05915d-c5a6-48d6-a7c4-c411ccb31af5/value HTTP/1.1
User-Agent: selenium/4.5.0 (java windows)
Content-Length: 82
Content-Type: application/json; charset=utf-8
host: hub-cloud.browserstack.com
authorization: Basic c2FnYXJ2YXJ1bGVfTnYyazhsOnhUemoyZU54Wnl0bkpicngxZTZD
accept: */*

Response DefaultHttpResponse(decodeResult: success, version: HTTP/1.1)
HTTP/1.1 200 OK
Server: nginx
Date: Thu, 01 Dec 2022 15:45:43 GMT
Content-Type: application/json; charset=utf-8
Connection: keep-alive
Source-From: 02
x-powered-by: Express
vary: X-HTTP-Method-Override
etag: W/&quot;e-9/1BuKMgFObM1mWJm+YjxtXJnUM&quot;
content-length: 14

21:15:43.156 [AsyncHttpClient-1-6] DEBUG org.asynchttpclient.netty.channel.ChannelManager - Adding key: http://hub-cloud.browserstack.com:80 for channel [id: 0x827a47f6, L:/192.168.0.148:54523 - R:hub-cloud.browserstack.com/103.126.7.240:80]
21:15:43.159 [Forwarding findElement on session eda2ebede5b4f1c4a3da0ae80d76cf0c2ffae504 to remote] DEBUG org.asynchttpclient.netty.request.NettyRequestSender - Using pooled Channel &apos;[id: 0x827a47f6, L:/192.168.0.148:54523 - R:hub-cloud.browserstack.com/103.126.7.240:80]&apos; for &apos;POST&apos; to &apos;http://sagarvarule_Nv2k8l:xTzj2eNxZytnJbrx1e6C@hub-cloud.browserstack.com/wd/hub/session/eda2ebede5b4f1c4a3da0ae80d76cf0c2ffae504/element&apos;
21:15:43.159 [Forwarding findElement on session eda2ebede5b4f1c4a3da0ae80d76cf0c2ffae504 to remote] DEBUG org.asynchttpclient.netty.request.NettyRequestSender - Using open Channel [id: 0x827a47f6, L:/192.168.0.148:54523 - R:hub-cloud.browserstack.com/103.126.7.240:80] for POST &apos;/wd/hub/session/eda2ebede5b4f1c4a3da0ae80d76cf0c2ffae504/element&apos;
21:15:43.757 [AsyncHttpClient-1-6] DEBUG org.asynchttpclient.netty.handler.HttpHandler - 

Request DefaultHttpRequest(decodeResult: success, version: HTTP/1.1)
POST /wd/hub/session/eda2ebede5b4f1c4a3da0ae80d76cf0c2ffae504/element HTTP/1.1
User-Agent: selenium/4.5.0 (java windows)
Content-Length: 95
Content-Type: application/json; charset=utf-8
host: hub-cloud.browserstack.com
authorization: Basic c2FnYXJ2YXJ1bGVfTnYyazhsOnhUemoyZU54Wnl0bkpicngxZTZD
accept: */*

Response DefaultHttpResponse(decodeResult: success, version: HTTP/1.1)
HTTP/1.1 200 OK
Server: nginx
Date: Thu, 01 Dec 2022 15:45:43 GMT
Content-Type: application/json; charset=utf-8
Connection: keep-alive
Source-From: 02
x-powered-by: Express
vary: X-HTTP-Method-Override
etag: W/&quot;89-mIL4Xyl3KOAuUlGRC0FLE15O1zE&quot;
content-length: 137

21:15:43.757 [AsyncHttpClient-1-6] DEBUG org.asynchttpclient.netty.channel.ChannelManager - Adding key: http://hub-cloud.browserstack.com:80 for channel [id: 0x827a47f6, L:/192.168.0.148:54523 - R:hub-cloud.browserstack.com/103.126.7.240:80]
21:15:43.760 [Forwarding sendKeysToElement on session eda2ebede5b4f1c4a3da0ae80d76cf0c2ffae504 to remote] DEBUG org.asynchttpclient.netty.request.NettyRequestSender - Using pooled Channel &apos;[id: 0x827a47f6, L:/192.168.0.148:54523 - R:hub-cloud.browserstack.com/103.126.7.240:80]&apos; for &apos;POST&apos; to &apos;http://sagarvarule_Nv2k8l:xTzj2eNxZytnJbrx1e6C@hub-cloud.browserstack.com/wd/hub/session/eda2ebede5b4f1c4a3da0ae80d76cf0c2ffae504/element/bf8fef22-8b87-44dc-a6d8-39802481be9d/value&apos;
21:15:43.760 [Forwarding sendKeysToElement on session eda2ebede5b4f1c4a3da0ae80d76cf0c2ffae504 to remote] DEBUG org.asynchttpclient.netty.request.NettyRequestSender - Using open Channel [id: 0x827a47f6, L:/192.168.0.148:54523 - R:hub-cloud.browserstack.com/103.126.7.240:80] for POST &apos;/wd/hub/session/eda2ebede5b4f1c4a3da0ae80d76cf0c2ffae504/element/bf8fef22-8b87-44dc-a6d8-39802481be9d/value&apos;
21:15:44.451 [AsyncHttpClient-1-6] DEBUG org.asynchttpclient.netty.handler.HttpHandler - 

Request DefaultHttpRequest(decodeResult: success, version: HTTP/1.1)
POST /wd/hub/session/eda2ebede5b4f1c4a3da0ae80d76cf0c2ffae504/element/bf8fef22-8b87-44dc-a6d8-39802481be9d/value HTTP/1.1
User-Agent: selenium/4.5.0 (java windows)
Content-Length: 171
Content-Type: application/json; charset=utf-8
host: hub-cloud.browserstack.com
authorization: Basic c2FnYXJ2YXJ1bGVfTnYyazhsOnhUemoyZU54Wnl0bkpicngxZTZD
accept: */*

Response DefaultHttpResponse(decodeResult: success, version: HTTP/1.1)
HTTP/1.1 200 OK
Server: nginx
Date: Thu, 01 Dec 2022 15:45:44 GMT
Content-Type: application/json; charset=utf-8
Connection: keep-alive
Source-From: 02
x-powered-by: Express
vary: X-HTTP-Method-Override
etag: W/&quot;e-9/1BuKMgFObM1mWJm+YjxtXJnUM&quot;
content-length: 14

21:15:44.451 [AsyncHttpClient-1-6] DEBUG org.asynchttpclient.netty.channel.ChannelManager - Adding key: http://hub-cloud.browserstack.com:80 for channel [id: 0x827a47f6, L:/192.168.0.148:54523 - R:hub-cloud.browserstack.com/103.126.7.240:80]
21:15:44.453 [Forwarding findElement on session eda2ebede5b4f1c4a3da0ae80d76cf0c2ffae504 to remote] DEBUG org.asynchttpclient.netty.request.NettyRequestSender - Using pooled Channel &apos;[id: 0x827a47f6, L:/192.168.0.148:54523 - R:hub-cloud.browserstack.com/103.126.7.240:80]&apos; for &apos;POST&apos; to &apos;http://sagarvarule_Nv2k8l:xTzj2eNxZytnJbrx1e6C@hub-cloud.browserstack.com/wd/hub/session/eda2ebede5b4f1c4a3da0ae80d76cf0c2ffae504/element&apos;
21:15:44.453 [Forwarding findElement on session eda2ebede5b4f1c4a3da0ae80d76cf0c2ffae504 to remote] DEBUG org.asynchttpclient.netty.request.NettyRequestSender - Using open Channel [id: 0x827a47f6, L:/192.168.0.148:54523 - R:hub-cloud.browserstack.com/103.126.7.240:80] for POST &apos;/wd/hub/session/eda2ebede5b4f1c4a3da0ae80d76cf0c2ffae504/element&apos;
21:15:45.054 [AsyncHttpClient-1-6] DEBUG org.asynchttpclient.netty.handler.HttpHandler - 

Request DefaultHttpRequest(decodeResult: success, version: HTTP/1.1)
POST /wd/hub/session/eda2ebede5b4f1c4a3da0ae80d76cf0c2ffae504/element HTTP/1.1
User-Agent: selenium/4.5.0 (java windows)
Content-Length: 101
Content-Type: application/json; charset=utf-8
host: hub-cloud.browserstack.com
authorization: Basic c2FnYXJ2YXJ1bGVfTnYyazhsOnhUemoyZU54Wnl0bkpicngxZTZD
accept: */*

Response DefaultHttpResponse(decodeResult: success, version: HTTP/1.1)
HTTP/1.1 200 OK
Server: nginx
Date: Thu, 01 Dec 2022 15:45:45 GMT
Content-Type: application/json; charset=utf-8
Connection: keep-alive
Source-From: 02
x-powered-by: Express
vary: X-HTTP-Method-Override
etag: W/&quot;89-TqX2UIr52A7+8EcFLAjwVW5B/jI&quot;
content-length: 137

21:15:45.054 [AsyncHttpClient-1-6] DEBUG org.asynchttpclient.netty.channel.ChannelManager - Adding key: http://hub-cloud.browserstack.com:80 for channel [id: 0x827a47f6, L:/192.168.0.148:54523 - R:hub-cloud.browserstack.com/103.126.7.240:80]
21:15:45.055 [Forwarding isElementDisplayed on session eda2ebede5b4f1c4a3da0ae80d76cf0c2ffae504 to remote] DEBUG org.asynchttpclient.netty.request.NettyRequestSender - Using pooled Channel &apos;[id: 0x827a47f6, L:/192.168.0.148:54523 - R:hub-cloud.browserstack.com/103.126.7.240:80]&apos; for &apos;GET&apos; to &apos;http://sagarvarule_Nv2k8l:xTzj2eNxZytnJbrx1e6C@hub-cloud.browserstack.com/wd/hub/session/eda2ebede5b4f1c4a3da0ae80d76cf0c2ffae504/element/b36a6d8d-4009-494c-9d9c-36197b3a5c84/displayed&apos;
21:15:45.055 [Forwarding isElementDisplayed on session eda2ebede5b4f1c4a3da0ae80d76cf0c2ffae504 to remote] DEBUG org.asynchttpclient.netty.request.NettyRequestSender - Using open Channel [id: 0x827a47f6, L:/192.168.0.148:54523 - R:hub-cloud.browserstack.com/103.126.7.240:80] for GET &apos;/wd/hub/session/eda2ebede5b4f1c4a3da0ae80d76cf0c2ffae504/element/b36a6d8d-4009-494c-9d9c-36197b3a5c84/displayed&apos;
21:15:45.119 [AsyncHttpClient-1-6] DEBUG org.asynchttpclient.netty.handler.HttpHandler - 

Request DefaultFullHttpRequest(decodeResult: success, version: HTTP/1.1, content: EmptyByteBufBE)
GET /wd/hub/session/eda2ebede5b4f1c4a3da0ae80d76cf0c2ffae504/element/b36a6d8d-4009-494c-9d9c-36197b3a5c84/displayed HTTP/1.1
User-Agent: selenium/4.5.0 (java windows)
Cache-Control: no-cache
Content-Type: application/json; charset=utf-8
host: hub-cloud.browserstack.com
authorization: Basic c2FnYXJ2YXJ1bGVfTnYyazhsOnhUemoyZU54Wnl0bkpicngxZTZD
accept: */*

Response DefaultHttpResponse(decodeResult: success, version: HTTP/1.1)
HTTP/1.1 200 OK
Server: nginx
Date: Thu, 01 Dec 2022 15:45:45 GMT
Content-Type: application/json; charset=utf-8
Connection: keep-alive
Source-From: 02
x-powered-by: Express
etag: W/&quot;e-2ZHvAWebNQpyjGZTg6uyV8/spTo&quot;
content-length: 14

21:15:45.120 [AsyncHttpClient-1-6] DEBUG org.asynchttpclient.netty.channel.ChannelManager - Adding key: http://hub-cloud.browserstack.com:80 for channel [id: 0x827a47f6, L:/192.168.0.148:54523 - R:hub-cloud.browserstack.com/103.126.7.240:80]
21:15:45.122 [Forwarding findElement on session eda2ebede5b4f1c4a3da0ae80d76cf0c2ffae504 to remote] DEBUG org.asynchttpclient.netty.request.NettyRequestSender - Using pooled Channel &apos;[id: 0x827a47f6, L:/192.168.0.148:54523 - R:hub-cloud.browserstack.com/103.126.7.240:80]&apos; for &apos;POST&apos; to &apos;http://sagarvarule_Nv2k8l:xTzj2eNxZytnJbrx1e6C@hub-cloud.browserstack.com/wd/hub/session/eda2ebede5b4f1c4a3da0ae80d76cf0c2ffae504/element&apos;
21:15:45.122 [Forwarding findElement on session eda2ebede5b4f1c4a3da0ae80d76cf0c2ffae504 to remote] DEBUG org.asynchttpclient.netty.request.NettyRequestSender - Using open Channel [id: 0x827a47f6, L:/192.168.0.148:54523 - R:hub-cloud.browserstack.com/103.126.7.240:80] for POST &apos;/wd/hub/session/eda2ebede5b4f1c4a3da0ae80d76cf0c2ffae504/element&apos;
21:15:45.194 [AsyncHttpClient-1-6] DEBUG org.asynchttpclient.netty.handler.HttpHandler - 

Request DefaultHttpRequest(decodeResult: success, version: HTTP/1.1)
POST /wd/hub/session/eda2ebede5b4f1c4a3da0ae80d76cf0c2ffae504/element HTTP/1.1
User-Agent: selenium/4.5.0 (java windows)
Content-Length: 101
Content-Type: application/json; charset=utf-8
host: hub-cloud.browserstack.com
authorization: Basic c2FnYXJ2YXJ1bGVfTnYyazhsOnhUemoyZU54Wnl0bkpicngxZTZD
accept: */*

Response DefaultHttpResponse(decodeResult: success, version: HTTP/1.1)
HTTP/1.1 200 OK
Server: nginx
Date: Thu, 01 Dec 2022 15:45:45 GMT
Content-Type: application/json; charset=utf-8
Connection: keep-alive
Source-From: 02
x-powered-by: Express
vary: X-HTTP-Method-Override
etag: W/&quot;89-K0LhdcQ4VmheD/urHlXZ68ifaX4&quot;
content-length: 137

21:15:45.194 [AsyncHttpClient-1-6] DEBUG org.asynchttpclient.netty.channel.ChannelManager - Adding key: http://hub-cloud.browserstack.com:80 for channel [id: 0x827a47f6, L:/192.168.0.148:54523 - R:hub-cloud.browserstack.com/103.126.7.240:80]
21:15:45.196 [Forwarding sendKeysToElement on session eda2ebede5b4f1c4a3da0ae80d76cf0c2ffae504 to remote] DEBUG org.asynchttpclient.netty.request.NettyRequestSender - Using pooled Channel &apos;[id: 0x827a47f6, L:/192.168.0.148:54523 - R:hub-cloud.browserstack.com/103.126.7.240:80]&apos; for &apos;POST&apos; to &apos;http://sagarvarule_Nv2k8l:xTzj2eNxZytnJbrx1e6C@hub-cloud.browserstack.com/wd/hub/session/eda2ebede5b4f1c4a3da0ae80d76cf0c2ffae504/element/11969438-f952-47c3-8c2e-0908ce76af2f/value&apos;
21:15:45.197 [Forwarding sendKeysToElement on session eda2ebede5b4f1c4a3da0ae80d76cf0c2ffae504 to remote] DEBUG org.asynchttpclient.netty.request.NettyRequestSender - Using open Channel [id: 0x827a47f6, L:/192.168.0.148:54523 - R:hub-cloud.browserstack.com/103.126.7.240:80] for POST &apos;/wd/hub/session/eda2ebede5b4f1c4a3da0ae80d76cf0c2ffae504/element/11969438-f952-47c3-8c2e-0908ce76af2f/value&apos;
21:15:45.321 [AsyncHttpClient-1-6] DEBUG org.asynchttpclient.netty.handler.HttpHandler - 

Request DefaultHttpRequest(decodeResult: success, version: HTTP/1.1)
POST /wd/hub/session/eda2ebede5b4f1c4a3da0ae80d76cf0c2ffae504/element/11969438-f952-47c3-8c2e-0908ce76af2f/value HTTP/1.1
User-Agent: selenium/4.5.0 (java windows)
Content-Length: 82
Content-Type: application/json; charset=utf-8
host: hub-cloud.browserstack.com
authorization: Basic c2FnYXJ2YXJ1bGVfTnYyazhsOnhUemoyZU54Wnl0bkpicngxZTZD
accept: */*

Response DefaultHttpResponse(decodeResult: success, version: HTTP/1.1)
HTTP/1.1 200 OK
Server: nginx
Date: Thu, 01 Dec 2022 15:45:45 GMT
Content-Type: application/json; charset=utf-8
Connection: keep-alive
Source-From: 02
x-powered-by: Express
vary: X-HTTP-Method-Override
etag: W/&quot;e-9/1BuKMgFObM1mWJm+YjxtXJnUM&quot;
content-length: 14

21:15:45.321 [AsyncHttpClient-1-6] DEBUG org.asynchttpclient.netty.channel.ChannelManager - Adding key: http://hub-cloud.browserstack.com:80 for channel [id: 0x827a47f6, L:/192.168.0.148:54523 - R:hub-cloud.browserstack.com/103.126.7.240:80]
21:15:45.323 [Forwarding findElement on session eda2ebede5b4f1c4a3da0ae80d76cf0c2ffae504 to remote] DEBUG org.asynchttpclient.netty.request.NettyRequestSender - Using pooled Channel &apos;[id: 0x827a47f6, L:/192.168.0.148:54523 - R:hub-cloud.browserstack.com/103.126.7.240:80]&apos; for &apos;POST&apos; to &apos;http://sagarvarule_Nv2k8l:xTzj2eNxZytnJbrx1e6C@hub-cloud.browserstack.com/wd/hub/session/eda2ebede5b4f1c4a3da0ae80d76cf0c2ffae504/element&apos;
21:15:45.323 [Forwarding findElement on session eda2ebede5b4f1c4a3da0ae80d76cf0c2ffae504 to remote] DEBUG org.asynchttpclient.netty.request.NettyRequestSender - Using open Channel [id: 0x827a47f6, L:/192.168.0.148:54523 - R:hub-cloud.browserstack.com/103.126.7.240:80] for POST &apos;/wd/hub/session/eda2ebede5b4f1c4a3da0ae80d76cf0c2ffae504/element&apos;
21:15:45.880 [AsyncHttpClient-1-6] DEBUG org.asynchttpclient.netty.handler.HttpHandler - 

Request DefaultHttpRequest(decodeResult: success, version: HTTP/1.1)
POST /wd/hub/session/eda2ebede5b4f1c4a3da0ae80d76cf0c2ffae504/element HTTP/1.1
User-Agent: selenium/4.5.0 (java windows)
Content-Length: 101
Content-Type: application/json; charset=utf-8
host: hub-cloud.browserstack.com
authorization: Basic c2FnYXJ2YXJ1bGVfTnYyazhsOnhUemoyZU54Wnl0bkpicngxZTZD
accept: */*

Response DefaultHttpResponse(decodeResult: success, version: HTTP/1.1)
HTTP/1.1 200 OK
Server: nginx
Date: Thu, 01 Dec 2022 15:45:45 GMT
Content-Type: application/json; charset=utf-8
Connection: keep-alive
Source-From: 02
x-powered-by: Express
vary: X-HTTP-Method-Override
etag: W/&quot;89-H3STju3XX7Z/skz5J0xaDFOsuU0&quot;
content-length: 137

21:15:45.881 [AsyncHttpClient-1-6] DEBUG org.asynchttpclient.netty.channel.ChannelManager - Adding key: http://hub-cloud.browserstack.com:80 for channel [id: 0x827a47f6, L:/192.168.0.148:54523 - R:hub-cloud.browserstack.com/103.126.7.240:80]
21:15:45.883 [Forwarding sendKeysToElement on session eda2ebede5b4f1c4a3da0ae80d76cf0c2ffae504 to remote] DEBUG org.asynchttpclient.netty.request.NettyRequestSender - Using pooled Channel &apos;[id: 0x827a47f6, L:/192.168.0.148:54523 - R:hub-cloud.browserstack.com/103.126.7.240:80]&apos; for &apos;POST&apos; to &apos;http://sagarvarule_Nv2k8l:xTzj2eNxZytnJbrx1e6C@hub-cloud.browserstack.com/wd/hub/session/eda2ebede5b4f1c4a3da0ae80d76cf0c2ffae504/element/93add923-630a-46f4-a3c9-7b2dca5d917c/value&apos;
21:15:45.884 [Forwarding sendKeysToElement on session eda2ebede5b4f1c4a3da0ae80d76cf0c2ffae504 to remote] DEBUG org.asynchttpclient.netty.request.NettyRequestSender - Using open Channel [id: 0x827a47f6, L:/192.168.0.148:54523 - R:hub-cloud.browserstack.com/103.126.7.240:80] for POST &apos;/wd/hub/session/eda2ebede5b4f1c4a3da0ae80d76cf0c2ffae504/element/93add923-630a-46f4-a3c9-7b2dca5d917c/value&apos;
21:15:46.492 [AsyncHttpClient-1-6] DEBUG org.asynchttpclient.netty.handler.HttpHandler - 

Request DefaultHttpRequest(decodeResult: success, version: HTTP/1.1)
POST /wd/hub/session/eda2ebede5b4f1c4a3da0ae80d76cf0c2ffae504/element/93add923-630a-46f4-a3c9-7b2dca5d917c/value HTTP/1.1
User-Agent: selenium/4.5.0 (java windows)
Content-Length: 291
Content-Type: application/json; charset=utf-8
host: hub-cloud.browserstack.com
authorization: Basic c2FnYXJ2YXJ1bGVfTnYyazhsOnhUemoyZU54Wnl0bkpicngxZTZD
accept: */*

Response DefaultHttpResponse(decodeResult: success, version: HTTP/1.1)
HTTP/1.1 200 OK
Server: nginx
Date: Thu, 01 Dec 2022 15:45:46 GMT
Content-Type: application/json; charset=utf-8
Connection: keep-alive
Source-From: 02
x-powered-by: Express
vary: X-HTTP-Method-Override
etag: W/&quot;e-9/1BuKMgFObM1mWJm+YjxtXJnUM&quot;
content-length: 14

21:15:46.492 [AsyncHttpClient-1-6] DEBUG org.asynchttpclient.netty.channel.ChannelManager - Adding key: http://hub-cloud.browserstack.com:80 for channel [id: 0x827a47f6, L:/192.168.0.148:54523 - R:hub-cloud.browserstack.com/103.126.7.240:80]
21:15:46.494 [Forwarding findElement on session eda2ebede5b4f1c4a3da0ae80d76cf0c2ffae504 to remote] DEBUG org.asynchttpclient.netty.request.NettyRequestSender - Using pooled Channel &apos;[id: 0x827a47f6, L:/192.168.0.148:54523 - R:hub-cloud.browserstack.com/103.126.7.240:80]&apos; for &apos;POST&apos; to &apos;http://sagarvarule_Nv2k8l:xTzj2eNxZytnJbrx1e6C@hub-cloud.browserstack.com/wd/hub/session/eda2ebede5b4f1c4a3da0ae80d76cf0c2ffae504/element&apos;
21:15:46.494 [Forwarding findElement on session eda2ebede5b4f1c4a3da0ae80d76cf0c2ffae504 to remote] DEBUG org.asynchttpclient.netty.request.NettyRequestSender - Using open Channel [id: 0x827a47f6, L:/192.168.0.148:54523 - R:hub-cloud.browserstack.com/103.126.7.240:80] for POST &apos;/wd/hub/session/eda2ebede5b4f1c4a3da0ae80d76cf0c2ffae504/element&apos;
21:15:46.997 [AsyncHttpClient-1-6] DEBUG org.asynchttpclient.netty.handler.HttpHandler - 

Request DefaultHttpRequest(decodeResult: success, version: HTTP/1.1)
POST /wd/hub/session/eda2ebede5b4f1c4a3da0ae80d76cf0c2ffae504/element HTTP/1.1
User-Agent: selenium/4.5.0 (java windows)
Content-Length: 94
Content-Type: application/json; charset=utf-8
host: hub-cloud.browserstack.com
authorization: Basic c2FnYXJ2YXJ1bGVfTnYyazhsOnhUemoyZU54Wnl0bkpicngxZTZD
accept: */*

Response DefaultHttpResponse(decodeResult: success, version: HTTP/1.1)
HTTP/1.1 200 OK
Server: nginx
Date: Thu, 01 Dec 2022 15:45:47 GMT
Content-Type: application/json; charset=utf-8
Connection: keep-alive
Source-From: 02
x-powered-by: Express
vary: X-HTTP-Method-Override
etag: W/&quot;89-9zhxrp7CM9coUcAp63cPoWVUti0&quot;
content-length: 137

21:15:46.997 [AsyncHttpClient-1-6] DEBUG org.asynchttpclient.netty.channel.ChannelManager - Adding key: http://hub-cloud.browserstack.com:80 for channel [id: 0x827a47f6, L:/192.168.0.148:54523 - R:hub-cloud.browserstack.com/103.126.7.240:80]
21:15:46.998 [Forwarding isElementDisplayed on session eda2ebede5b4f1c4a3da0ae80d76cf0c2ffae504 to remote] DEBUG org.asynchttpclient.netty.request.NettyRequestSender - Using pooled Channel &apos;[id: 0x827a47f6, L:/192.168.0.148:54523 - R:hub-cloud.browserstack.com/103.126.7.240:80]&apos; for &apos;GET&apos; to &apos;http://sagarvarule_Nv2k8l:xTzj2eNxZytnJbrx1e6C@hub-cloud.browserstack.com/wd/hub/session/eda2ebede5b4f1c4a3da0ae80d76cf0c2ffae504/element/f00c0ba4-abbe-4e70-b417-dde00da5086c/displayed&apos;
21:15:46.999 [Forwarding isElementDisplayed on session eda2ebede5b4f1c4a3da0ae80d76cf0c2ffae504 to remote] DEBUG org.asynchttpclient.netty.request.NettyRequestSender - Using open Channel [id: 0x827a47f6, L:/192.168.0.148:54523 - R:hub-cloud.browserstack.com/103.126.7.240:80] for GET &apos;/wd/hub/session/eda2ebede5b4f1c4a3da0ae80d76cf0c2ffae504/element/f00c0ba4-abbe-4e70-b417-dde00da5086c/displayed&apos;
21:15:47.065 [AsyncHttpClient-1-6] DEBUG org.asynchttpclient.netty.handler.HttpHandler - 

Request DefaultFullHttpRequest(decodeResult: success, version: HTTP/1.1, content: EmptyByteBufBE)
GET /wd/hub/session/eda2ebede5b4f1c4a3da0ae80d76cf0c2ffae504/element/f00c0ba4-abbe-4e70-b417-dde00da5086c/displayed HTTP/1.1
User-Agent: selenium/4.5.0 (java windows)
Cache-Control: no-cache
Content-Type: application/json; charset=utf-8
host: hub-cloud.browserstack.com
authorization: Basic c2FnYXJ2YXJ1bGVfTnYyazhsOnhUemoyZU54Wnl0bkpicngxZTZD
accept: */*

Response DefaultHttpResponse(decodeResult: success, version: HTTP/1.1)
HTTP/1.1 200 OK
Server: nginx
Date: Thu, 01 Dec 2022 15:45:47 GMT
Content-Type: application/json; charset=utf-8
Connection: keep-alive
Source-From: 02
x-powered-by: Express
etag: W/&quot;e-2ZHvAWebNQpyjGZTg6uyV8/spTo&quot;
content-length: 14

21:15:47.065 [AsyncHttpClient-1-6] DEBUG org.asynchttpclient.netty.channel.ChannelManager - Adding key: http://hub-cloud.browserstack.com:80 for channel [id: 0x827a47f6, L:/192.168.0.148:54523 - R:hub-cloud.browserstack.com/103.126.7.240:80]
21:15:47.067 [Forwarding findElement on session eda2ebede5b4f1c4a3da0ae80d76cf0c2ffae504 to remote] DEBUG org.asynchttpclient.netty.request.NettyRequestSender - Using pooled Channel &apos;[id: 0x827a47f6, L:/192.168.0.148:54523 - R:hub-cloud.browserstack.com/103.126.7.240:80]&apos; for &apos;POST&apos; to &apos;http://sagarvarule_Nv2k8l:xTzj2eNxZytnJbrx1e6C@hub-cloud.browserstack.com/wd/hub/session/eda2ebede5b4f1c4a3da0ae80d76cf0c2ffae504/element&apos;
21:15:47.067 [Forwarding findElement on session eda2ebede5b4f1c4a3da0ae80d76cf0c2ffae504 to remote] DEBUG org.asynchttpclient.netty.request.NettyRequestSender - Using open Channel [id: 0x827a47f6, L:/192.168.0.148:54523 - R:hub-cloud.browserstack.com/103.126.7.240:80] for POST &apos;/wd/hub/session/eda2ebede5b4f1c4a3da0ae80d76cf0c2ffae504/element&apos;
21:15:47.139 [AsyncHttpClient-1-6] DEBUG org.asynchttpclient.netty.handler.HttpHandler - 

Request DefaultHttpRequest(decodeResult: success, version: HTTP/1.1)
POST /wd/hub/session/eda2ebede5b4f1c4a3da0ae80d76cf0c2ffae504/element HTTP/1.1
User-Agent: selenium/4.5.0 (java windows)
Content-Length: 94
Content-Type: application/json; charset=utf-8
host: hub-cloud.browserstack.com
authorization: Basic c2FnYXJ2YXJ1bGVfTnYyazhsOnhUemoyZU54Wnl0bkpicngxZTZD
accept: */*

Response DefaultHttpResponse(decodeResult: success, version: HTTP/1.1)
HTTP/1.1 200 OK
Server: nginx
Date: Thu, 01 Dec 2022 15:45:47 GMT
Content-Type: application/json; charset=utf-8
Connection: keep-alive
Source-From: 02
x-powered-by: Express
vary: X-HTTP-Method-Override
etag: W/&quot;89-LeuwIJoaXkAxAUuhsFkmeQRUd2c&quot;
content-length: 137

21:15:47.139 [AsyncHttpClient-1-6] DEBUG org.asynchttpclient.netty.channel.ChannelManager - Adding key: http://hub-cloud.browserstack.com:80 for channel [id: 0x827a47f6, L:/192.168.0.148:54523 - R:hub-cloud.browserstack.com/103.126.7.240:80]
21:15:47.140 [Forwarding isElementEnabled on session eda2ebede5b4f1c4a3da0ae80d76cf0c2ffae504 to remote] DEBUG org.asynchttpclient.netty.request.NettyRequestSender - Using pooled Channel &apos;[id: 0x827a47f6, L:/192.168.0.148:54523 - R:hub-cloud.browserstack.com/103.126.7.240:80]&apos; for &apos;GET&apos; to &apos;http://sagarvarule_Nv2k8l:xTzj2eNxZytnJbrx1e6C@hub-cloud.browserstack.com/wd/hub/session/eda2ebede5b4f1c4a3da0ae80d76cf0c2ffae504/element/9d0110f5-d14c-4747-ad4f-cd41c607bbd2/enabled&apos;
21:15:47.141 [Forwarding isElementEnabled on session eda2ebede5b4f1c4a3da0ae80d76cf0c2ffae504 to remote] DEBUG org.asynchttpclient.netty.request.NettyRequestSender - Using open Channel [id: 0x827a47f6, L:/192.168.0.148:54523 - R:hub-cloud.browserstack.com/103.126.7.240:80] for GET &apos;/wd/hub/session/eda2ebede5b4f1c4a3da0ae80d76cf0c2ffae504/element/9d0110f5-d14c-4747-ad4f-cd41c607bbd2/enabled&apos;
21:15:47.209 [AsyncHttpClient-1-6] DEBUG org.asynchttpclient.netty.handler.HttpHandler - 

Request DefaultFullHttpRequest(decodeResult: success, version: HTTP/1.1, content: EmptyByteBufBE)
GET /wd/hub/session/eda2ebede5b4f1c4a3da0ae80d76cf0c2ffae504/element/9d0110f5-d14c-4747-ad4f-cd41c607bbd2/enabled HTTP/1.1
User-Agent: selenium/4.5.0 (java windows)
Cache-Control: no-cache
Content-Type: application/json; charset=utf-8
host: hub-cloud.browserstack.com
authorization: Basic c2FnYXJ2YXJ1bGVfTnYyazhsOnhUemoyZU54Wnl0bkpicngxZTZD
accept: */*

Response DefaultHttpResponse(decodeResult: success, version: HTTP/1.1)
HTTP/1.1 200 OK
Server: nginx
Date: Thu, 01 Dec 2022 15:45:47 GMT
Content-Type: application/json; charset=utf-8
Connection: keep-alive
Source-From: 02
x-powered-by: Express
etag: W/&quot;e-2ZHvAWebNQpyjGZTg6uyV8/spTo&quot;
content-length: 14

21:15:47.209 [AsyncHttpClient-1-6] DEBUG org.asynchttpclient.netty.channel.ChannelManager - Adding key: http://hub-cloud.browserstack.com:80 for channel [id: 0x827a47f6, L:/192.168.0.148:54523 - R:hub-cloud.browserstack.com/103.126.7.240:80]
21:15:47.211 [Forwarding findElement on session eda2ebede5b4f1c4a3da0ae80d76cf0c2ffae504 to remote] DEBUG org.asynchttpclient.netty.request.NettyRequestSender - Using pooled Channel &apos;[id: 0x827a47f6, L:/192.168.0.148:54523 - R:hub-cloud.browserstack.com/103.126.7.240:80]&apos; for &apos;POST&apos; to &apos;http://sagarvarule_Nv2k8l:xTzj2eNxZytnJbrx1e6C@hub-cloud.browserstack.com/wd/hub/session/eda2ebede5b4f1c4a3da0ae80d76cf0c2ffae504/element&apos;
21:15:47.211 [Forwarding findElement on session eda2ebede5b4f1c4a3da0ae80d76cf0c2ffae504 to remote] DEBUG org.asynchttpclient.netty.request.NettyRequestSender - Using open Channel [id: 0x827a47f6, L:/192.168.0.148:54523 - R:hub-cloud.browserstack.com/103.126.7.240:80] for POST &apos;/wd/hub/session/eda2ebede5b4f1c4a3da0ae80d76cf0c2ffae504/element&apos;
21:15:47.280 [AsyncHttpClient-1-6] DEBUG org.asynchttpclient.netty.handler.HttpHandler - 

Request DefaultHttpRequest(decodeResult: success, version: HTTP/1.1)
POST /wd/hub/session/eda2ebede5b4f1c4a3da0ae80d76cf0c2ffae504/element HTTP/1.1
User-Agent: selenium/4.5.0 (java windows)
Content-Length: 94
Content-Type: application/json; charset=utf-8
host: hub-cloud.browserstack.com
authorization: Basic c2FnYXJ2YXJ1bGVfTnYyazhsOnhUemoyZU54Wnl0bkpicngxZTZD
accept: */*

Response DefaultHttpResponse(decodeResult: success, version: HTTP/1.1)
HTTP/1.1 200 OK
Server: nginx
Date: Thu, 01 Dec 2022 15:45:47 GMT
Content-Type: application/json; charset=utf-8
Connection: keep-alive
Source-From: 02
x-powered-by: Express
vary: X-HTTP-Method-Override
etag: W/&quot;89-eArLU377nhx2Ocl2/pvkovHOZB0&quot;
content-length: 137

21:15:47.280 [AsyncHttpClient-1-6] DEBUG org.asynchttpclient.netty.channel.ChannelManager - Adding key: http://hub-cloud.browserstack.com:80 for channel [id: 0x827a47f6, L:/192.168.0.148:54523 - R:hub-cloud.browserstack.com/103.126.7.240:80]
21:15:47.282 [Forwarding clickElement on session eda2ebede5b4f1c4a3da0ae80d76cf0c2ffae504 to remote] DEBUG org.asynchttpclient.netty.request.NettyRequestSender - Using pooled Channel &apos;[id: 0x827a47f6, L:/192.168.0.148:54523 - R:hub-cloud.browserstack.com/103.126.7.240:80]&apos; for &apos;POST&apos; to &apos;http://sagarvarule_Nv2k8l:xTzj2eNxZytnJbrx1e6C@hub-cloud.browserstack.com/wd/hub/session/eda2ebede5b4f1c4a3da0ae80d76cf0c2ffae504/element/c7ae6910-530e-4414-8abb-e9a1027329c5/click&apos;
21:15:47.282 [Forwarding clickElement on session eda2ebede5b4f1c4a3da0ae80d76cf0c2ffae504 to remote] DEBUG org.asynchttpclient.netty.request.NettyRequestSender - Using open Channel [id: 0x827a47f6, L:/192.168.0.148:54523 - R:hub-cloud.browserstack.com/103.126.7.240:80] for POST &apos;/wd/hub/session/eda2ebede5b4f1c4a3da0ae80d76cf0c2ffae504/element/c7ae6910-530e-4414-8abb-e9a1027329c5/click&apos;
21:15:47.369 [AsyncHttpClient-1-6] DEBUG org.asynchttpclient.netty.handler.HttpHandler - 

Request DefaultHttpRequest(decodeResult: success, version: HTTP/1.1)
POST /wd/hub/session/eda2ebede5b4f1c4a3da0ae80d76cf0c2ffae504/element/c7ae6910-530e-4414-8abb-e9a1027329c5/click HTTP/1.1
User-Agent: selenium/4.5.0 (java windows)
Content-Length: 50
Content-Type: application/json; charset=utf-8
host: hub-cloud.browserstack.com
authorization: Basic c2FnYXJ2YXJ1bGVfTnYyazhsOnhUemoyZU54Wnl0bkpicngxZTZD
accept: */*

Response DefaultHttpResponse(decodeResult: success, version: HTTP/1.1)
HTTP/1.1 200 OK
Server: nginx
Date: Thu, 01 Dec 2022 15:45:47 GMT
Content-Type: application/json; charset=utf-8
Connection: keep-alive
Source-From: 02
x-powered-by: Express
vary: X-HTTP-Method-Override
etag: W/&quot;e-9/1BuKMgFObM1mWJm+YjxtXJnUM&quot;
content-length: 14

21:15:47.369 [AsyncHttpClient-1-6] DEBUG org.asynchttpclient.netty.channel.ChannelManager - Adding key: http://hub-cloud.browserstack.com:80 for channel [id: 0x827a47f6, L:/192.168.0.148:54523 - R:hub-cloud.browserstack.com/103.126.7.240:80]
21:15:47.370 [Forwarding findElement on session eda2ebede5b4f1c4a3da0ae80d76cf0c2ffae504 to remote] DEBUG org.asynchttpclient.netty.request.NettyRequestSender - Using pooled Channel &apos;[id: 0x827a47f6, L:/192.168.0.148:54523 - R:hub-cloud.browserstack.com/103.126.7.240:80]&apos; for &apos;POST&apos; to &apos;http://sagarvarule_Nv2k8l:xTzj2eNxZytnJbrx1e6C@hub-cloud.browserstack.com/wd/hub/session/eda2ebede5b4f1c4a3da0ae80d76cf0c2ffae504/element&apos;
21:15:47.371 [Forwarding findElement on session eda2ebede5b4f1c4a3da0ae80d76cf0c2ffae504 to remote] DEBUG org.asynchttpclient.netty.request.NettyRequestSender - Using open Channel [id: 0x827a47f6, L:/192.168.0.148:54523 - R:hub-cloud.browserstack.com/103.126.7.240:80] for POST &apos;/wd/hub/session/eda2ebede5b4f1c4a3da0ae80d76cf0c2ffae504/element&apos;
21:15:49.547 [AsyncHttpClient-1-6] DEBUG org.asynchttpclient.netty.handler.HttpHandler - 

Request DefaultHttpRequest(decodeResult: success, version: HTTP/1.1)
POST /wd/hub/session/eda2ebede5b4f1c4a3da0ae80d76cf0c2ffae504/element HTTP/1.1
User-Agent: selenium/4.5.0 (java windows)
Content-Length: 94
Content-Type: application/json; charset=utf-8
host: hub-cloud.browserstack.com
authorization: Basic c2FnYXJ2YXJ1bGVfTnYyazhsOnhUemoyZU54Wnl0bkpicngxZTZD
accept: */*

Response DefaultHttpResponse(decodeResult: success, version: HTTP/1.1)
HTTP/1.1 200 OK
Server: nginx
Date: Thu, 01 Dec 2022 15:45:49 GMT
Content-Type: application/json; charset=utf-8
Connection: keep-alive
Source-From: 02
x-powered-by: Express
vary: X-HTTP-Method-Override
etag: W/&quot;89-/Y9SSNZLn1iOFZS2KyS4Z89wJ8M&quot;
content-length: 137

21:15:49.548 [AsyncHttpClient-1-6] DEBUG org.asynchttpclient.netty.channel.ChannelManager - Adding key: http://hub-cloud.browserstack.com:80 for channel [id: 0x827a47f6, L:/192.168.0.148:54523 - R:hub-cloud.browserstack.com/103.126.7.240:80]
21:15:49.549 [Forwarding isElementDisplayed on session eda2ebede5b4f1c4a3da0ae80d76cf0c2ffae504 to remote] DEBUG org.asynchttpclient.netty.request.NettyRequestSender - Using pooled Channel &apos;[id: 0x827a47f6, L:/192.168.0.148:54523 - R:hub-cloud.browserstack.com/103.126.7.240:80]&apos; for &apos;GET&apos; to &apos;http://sagarvarule_Nv2k8l:xTzj2eNxZytnJbrx1e6C@hub-cloud.browserstack.com/wd/hub/session/eda2ebede5b4f1c4a3da0ae80d76cf0c2ffae504/element/bf524125-e188-410f-9f77-f0af996a5e7f/displayed&apos;
21:15:49.549 [Forwarding isElementDisplayed on session eda2ebede5b4f1c4a3da0ae80d76cf0c2ffae504 to remote] DEBUG org.asynchttpclient.netty.request.NettyRequestSender - Using open Channel [id: 0x827a47f6, L:/192.168.0.148:54523 - R:hub-cloud.browserstack.com/103.126.7.240:80] for GET &apos;/wd/hub/session/eda2ebede5b4f1c4a3da0ae80d76cf0c2ffae504/element/bf524125-e188-410f-9f77-f0af996a5e7f/displayed&apos;
21:15:49.606 [AsyncHttpClient-1-6] DEBUG org.asynchttpclient.netty.handler.HttpHandler - 

Request DefaultFullHttpRequest(decodeResult: success, version: HTTP/1.1, content: EmptyByteBufBE)
GET /wd/hub/session/eda2ebede5b4f1c4a3da0ae80d76cf0c2ffae504/element/bf524125-e188-410f-9f77-f0af996a5e7f/displayed HTTP/1.1
User-Agent: selenium/4.5.0 (java windows)
Cache-Control: no-cache
Content-Type: application/json; charset=utf-8
host: hub-cloud.browserstack.com
authorization: Basic c2FnYXJ2YXJ1bGVfTnYyazhsOnhUemoyZU54Wnl0bkpicngxZTZD
accept: */*

Response DefaultHttpResponse(decodeResult: success, version: HTTP/1.1)
HTTP/1.1 200 OK
Server: nginx
Date: Thu, 01 Dec 2022 15:45:49 GMT
Content-Type: application/json; charset=utf-8
Connection: keep-alive
Source-From: 02
x-powered-by: Express
etag: W/&quot;e-2ZHvAWebNQpyjGZTg6uyV8/spTo&quot;
content-length: 14

21:15:49.607 [AsyncHttpClient-1-6] DEBUG org.asynchttpclient.netty.channel.ChannelManager - Adding key: http://hub-cloud.browserstack.com:80 for channel [id: 0x827a47f6, L:/192.168.0.148:54523 - R:hub-cloud.browserstack.com/103.126.7.240:80]
21:15:49.609 [Forwarding findElement on session eda2ebede5b4f1c4a3da0ae80d76cf0c2ffae504 to remote] DEBUG org.asynchttpclient.netty.request.NettyRequestSender - Using pooled Channel &apos;[id: 0x827a47f6, L:/192.168.0.148:54523 - R:hub-cloud.browserstack.com/103.126.7.240:80]&apos; for &apos;POST&apos; to &apos;http://sagarvarule_Nv2k8l:xTzj2eNxZytnJbrx1e6C@hub-cloud.browserstack.com/wd/hub/session/eda2ebede5b4f1c4a3da0ae80d76cf0c2ffae504/element&apos;
21:15:49.609 [Forwarding findElement on session eda2ebede5b4f1c4a3da0ae80d76cf0c2ffae504 to remote] DEBUG org.asynchttpclient.netty.request.NettyRequestSender - Using open Channel [id: 0x827a47f6, L:/192.168.0.148:54523 - R:hub-cloud.browserstack.com/103.126.7.240:80] for POST &apos;/wd/hub/session/eda2ebede5b4f1c4a3da0ae80d76cf0c2ffae504/element&apos;
21:15:49.672 [AsyncHttpClient-1-6] DEBUG org.asynchttpclient.netty.handler.HttpHandler - 

Request DefaultHttpRequest(decodeResult: success, version: HTTP/1.1)
POST /wd/hub/session/eda2ebede5b4f1c4a3da0ae80d76cf0c2ffae504/element HTTP/1.1
User-Agent: selenium/4.5.0 (java windows)
Content-Length: 94
Content-Type: application/json; charset=utf-8
host: hub-cloud.browserstack.com
authorization: Basic c2FnYXJ2YXJ1bGVfTnYyazhsOnhUemoyZU54Wnl0bkpicngxZTZD
accept: */*

Response DefaultHttpResponse(decodeResult: success, version: HTTP/1.1)
HTTP/1.1 200 OK
Server: nginx
Date: Thu, 01 Dec 2022 15:45:49 GMT
Content-Type: application/json; charset=utf-8
Connection: keep-alive
Source-From: 02
x-powered-by: Express
vary: X-HTTP-Method-Override
etag: W/&quot;89-TMRevlB9PBTVHzXnmFYWjWURO9E&quot;
content-length: 137

21:15:49.672 [AsyncHttpClient-1-6] DEBUG org.asynchttpclient.netty.channel.ChannelManager - Adding key: http://hub-cloud.browserstack.com:80 for channel [id: 0x827a47f6, L:/192.168.0.148:54523 - R:hub-cloud.browserstack.com/103.126.7.240:80]
21:15:49.673 [Forwarding isElementEnabled on session eda2ebede5b4f1c4a3da0ae80d76cf0c2ffae504 to remote] DEBUG org.asynchttpclient.netty.request.NettyRequestSender - Using pooled Channel &apos;[id: 0x827a47f6, L:/192.168.0.148:54523 - R:hub-cloud.browserstack.com/103.126.7.240:80]&apos; for &apos;GET&apos; to &apos;http://sagarvarule_Nv2k8l:xTzj2eNxZytnJbrx1e6C@hub-cloud.browserstack.com/wd/hub/session/eda2ebede5b4f1c4a3da0ae80d76cf0c2ffae504/element/16e979ff-f70c-4037-aa47-a2b2090e8f96/enabled&apos;
21:15:49.673 [Forwarding isElementEnabled on session eda2ebede5b4f1c4a3da0ae80d76cf0c2ffae504 to remote] DEBUG org.asynchttpclient.netty.request.NettyRequestSender - Using open Channel [id: 0x827a47f6, L:/192.168.0.148:54523 - R:hub-cloud.browserstack.com/103.126.7.240:80] for GET &apos;/wd/hub/session/eda2ebede5b4f1c4a3da0ae80d76cf0c2ffae504/element/16e979ff-f70c-4037-aa47-a2b2090e8f96/enabled&apos;
21:15:49.733 [AsyncHttpClient-1-6] DEBUG org.asynchttpclient.netty.handler.HttpHandler - 

Request DefaultFullHttpRequest(decodeResult: success, version: HTTP/1.1, content: EmptyByteBufBE)
GET /wd/hub/session/eda2ebede5b4f1c4a3da0ae80d76cf0c2ffae504/element/16e979ff-f70c-4037-aa47-a2b2090e8f96/enabled HTTP/1.1
User-Agent: selenium/4.5.0 (java windows)
Cache-Control: no-cache
Content-Type: application/json; charset=utf-8
host: hub-cloud.browserstack.com
authorization: Basic c2FnYXJ2YXJ1bGVfTnYyazhsOnhUemoyZU54Wnl0bkpicngxZTZD
accept: */*

Response DefaultHttpResponse(decodeResult: success, version: HTTP/1.1)
HTTP/1.1 200 OK
Server: nginx
Date: Thu, 01 Dec 2022 15:45:49 GMT
Content-Type: application/json; charset=utf-8
Connection: keep-alive
Source-From: 02
x-powered-by: Express
etag: W/&quot;e-2ZHvAWebNQpyjGZTg6uyV8/spTo&quot;
content-length: 14

21:15:49.733 [AsyncHttpClient-1-6] DEBUG org.asynchttpclient.netty.channel.ChannelManager - Adding key: http://hub-cloud.browserstack.com:80 for channel [id: 0x827a47f6, L:/192.168.0.148:54523 - R:hub-cloud.browserstack.com/103.126.7.240:80]
21:15:49.736 [Forwarding findElement on session eda2ebede5b4f1c4a3da0ae80d76cf0c2ffae504 to remote] DEBUG org.asynchttpclient.netty.request.NettyRequestSender - Using pooled Channel &apos;[id: 0x827a47f6, L:/192.168.0.148:54523 - R:hub-cloud.browserstack.com/103.126.7.240:80]&apos; for &apos;POST&apos; to &apos;http://sagarvarule_Nv2k8l:xTzj2eNxZytnJbrx1e6C@hub-cloud.browserstack.com/wd/hub/session/eda2ebede5b4f1c4a3da0ae80d76cf0c2ffae504/element&apos;
21:15:49.736 [Forwarding findElement on session eda2ebede5b4f1c4a3da0ae80d76cf0c2ffae504 to remote] DEBUG org.asynchttpclient.netty.request.NettyRequestSender - Using open Channel [id: 0x827a47f6, L:/192.168.0.148:54523 - R:hub-cloud.browserstack.com/103.126.7.240:80] for POST &apos;/wd/hub/session/eda2ebede5b4f1c4a3da0ae80d76cf0c2ffae504/element&apos;
21:15:49.803 [AsyncHttpClient-1-6] DEBUG org.asynchttpclient.netty.handler.HttpHandler - 

Request DefaultHttpRequest(decodeResult: success, version: HTTP/1.1)
POST /wd/hub/session/eda2ebede5b4f1c4a3da0ae80d76cf0c2ffae504/element HTTP/1.1
User-Agent: selenium/4.5.0 (java windows)
Content-Length: 94
Content-Type: application/json; charset=utf-8
host: hub-cloud.browserstack.com
authorization: Basic c2FnYXJ2YXJ1bGVfTnYyazhsOnhUemoyZU54Wnl0bkpicngxZTZD
accept: */*

Response DefaultHttpResponse(decodeResult: success, version: HTTP/1.1)
HTTP/1.1 200 OK
Server: nginx
Date: Thu, 01 Dec 2022 15:45:49 GMT
Content-Type: application/json; charset=utf-8
Connection: keep-alive
Source-From: 02
x-powered-by: Express
vary: X-HTTP-Method-Override
etag: W/&quot;89-DctEh4tQAE9Z5wdm0LzEQhngBkM&quot;
content-length: 137

21:15:49.803 [AsyncHttpClient-1-6] DEBUG org.asynchttpclient.netty.channel.ChannelManager - Adding key: http://hub-cloud.browserstack.com:80 for channel [id: 0x827a47f6, L:/192.168.0.148:54523 - R:hub-cloud.browserstack.com/103.126.7.240:80]
21:15:49.804 [Forwarding isElementDisplayed on session eda2ebede5b4f1c4a3da0ae80d76cf0c2ffae504 to remote] DEBUG org.asynchttpclient.netty.request.NettyRequestSender - Using pooled Channel &apos;[id: 0x827a47f6, L:/192.168.0.148:54523 - R:hub-cloud.browserstack.com/103.126.7.240:80]&apos; for &apos;GET&apos; to &apos;http://sagarvarule_Nv2k8l:xTzj2eNxZytnJbrx1e6C@hub-cloud.browserstack.com/wd/hub/session/eda2ebede5b4f1c4a3da0ae80d76cf0c2ffae504/element/739408a5-d09a-42b9-a239-f0f0bf563611/displayed&apos;
21:15:49.804 [Forwarding isElementDisplayed on session eda2ebede5b4f1c4a3da0ae80d76cf0c2ffae504 to remote] DEBUG org.asynchttpclient.netty.request.NettyRequestSender - Using open Channel [id: 0x827a47f6, L:/192.168.0.148:54523 - R:hub-cloud.browserstack.com/103.126.7.240:80] for GET &apos;/wd/hub/session/eda2ebede5b4f1c4a3da0ae80d76cf0c2ffae504/element/739408a5-d09a-42b9-a239-f0f0bf563611/displayed&apos;
21:15:49.868 [AsyncHttpClient-1-6] DEBUG org.asynchttpclient.netty.handler.HttpHandler - 

Request DefaultFullHttpRequest(decodeResult: success, version: HTTP/1.1, content: EmptyByteBufBE)
GET /wd/hub/session/eda2ebede5b4f1c4a3da0ae80d76cf0c2ffae504/element/739408a5-d09a-42b9-a239-f0f0bf563611/displayed HTTP/1.1
User-Agent: selenium/4.5.0 (java windows)
Cache-Control: no-cache
Content-Type: application/json; charset=utf-8
host: hub-cloud.browserstack.com
authorization: Basic c2FnYXJ2YXJ1bGVfTnYyazhsOnhUemoyZU54Wnl0bkpicngxZTZD
accept: */*

Response DefaultHttpResponse(decodeResult: success, version: HTTP/1.1)
HTTP/1.1 200 OK
Server: nginx
Date: Thu, 01 Dec 2022 15:45:49 GMT
Content-Type: application/json; charset=utf-8
Connection: keep-alive
Source-From: 02
x-powered-by: Express
etag: W/&quot;e-2ZHvAWebNQpyjGZTg6uyV8/spTo&quot;
content-length: 14

21:15:49.868 [AsyncHttpClient-1-6] DEBUG org.asynchttpclient.netty.channel.ChannelManager - Adding key: http://hub-cloud.browserstack.com:80 for channel [id: 0x827a47f6, L:/192.168.0.148:54523 - R:hub-cloud.browserstack.com/103.126.7.240:80]
21:15:49.870 [Forwarding findElement on session eda2ebede5b4f1c4a3da0ae80d76cf0c2ffae504 to remote] DEBUG org.asynchttpclient.netty.request.NettyRequestSender - Using pooled Channel &apos;[id: 0x827a47f6, L:/192.168.0.148:54523 - R:hub-cloud.browserstack.com/103.126.7.240:80]&apos; for &apos;POST&apos; to &apos;http://sagarvarule_Nv2k8l:xTzj2eNxZytnJbrx1e6C@hub-cloud.browserstack.com/wd/hub/session/eda2ebede5b4f1c4a3da0ae80d76cf0c2ffae504/element&apos;
21:15:49.870 [Forwarding findElement on session eda2ebede5b4f1c4a3da0ae80d76cf0c2ffae504 to remote] DEBUG org.asynchttpclient.netty.request.NettyRequestSender - Using open Channel [id: 0x827a47f6, L:/192.168.0.148:54523 - R:hub-cloud.browserstack.com/103.126.7.240:80] for POST &apos;/wd/hub/session/eda2ebede5b4f1c4a3da0ae80d76cf0c2ffae504/element&apos;
21:15:49.946 [AsyncHttpClient-1-6] DEBUG org.asynchttpclient.netty.handler.HttpHandler - 

Request DefaultHttpRequest(decodeResult: success, version: HTTP/1.1)
POST /wd/hub/session/eda2ebede5b4f1c4a3da0ae80d76cf0c2ffae504/element HTTP/1.1
User-Agent: selenium/4.5.0 (java windows)
Content-Length: 94
Content-Type: application/json; charset=utf-8
host: hub-cloud.browserstack.com
authorization: Basic c2FnYXJ2YXJ1bGVfTnYyazhsOnhUemoyZU54Wnl0bkpicngxZTZD
accept: */*

Response DefaultHttpResponse(decodeResult: success, version: HTTP/1.1)
HTTP/1.1 200 OK
Server: nginx
Date: Thu, 01 Dec 2022 15:45:49 GMT
Content-Type: application/json; charset=utf-8
Connection: keep-alive
Source-From: 02
x-powered-by: Express
vary: X-HTTP-Method-Override
etag: W/&quot;89-xtdQlnNKqT4rqYlWHzdE9qCJlo4&quot;
content-length: 137

21:15:49.946 [AsyncHttpClient-1-6] DEBUG org.asynchttpclient.netty.channel.ChannelManager - Adding key: http://hub-cloud.browserstack.com:80 for channel [id: 0x827a47f6, L:/192.168.0.148:54523 - R:hub-cloud.browserstack.com/103.126.7.240:80]
21:15:49.948 [Forwarding isElementEnabled on session eda2ebede5b4f1c4a3da0ae80d76cf0c2ffae504 to remote] DEBUG org.asynchttpclient.netty.request.NettyRequestSender - Using pooled Channel &apos;[id: 0x827a47f6, L:/192.168.0.148:54523 - R:hub-cloud.browserstack.com/103.126.7.240:80]&apos; for &apos;GET&apos; to &apos;http://sagarvarule_Nv2k8l:xTzj2eNxZytnJbrx1e6C@hub-cloud.browserstack.com/wd/hub/session/eda2ebede5b4f1c4a3da0ae80d76cf0c2ffae504/element/1c7c2f19-2acd-4f81-a1a9-427dbc2a5b30/enabled&apos;
21:15:49.948 [Forwarding isElementEnabled on session eda2ebede5b4f1c4a3da0ae80d76cf0c2ffae504 to remote] DEBUG org.asynchttpclient.netty.request.NettyRequestSender - Using open Channel [id: 0x827a47f6, L:/192.168.0.148:54523 - R:hub-cloud.browserstack.com/103.126.7.240:80] for GET &apos;/wd/hub/session/eda2ebede5b4f1c4a3da0ae80d76cf0c2ffae504/element/1c7c2f19-2acd-4f81-a1a9-427dbc2a5b30/enabled&apos;
21:15:50.011 [AsyncHttpClient-1-6] DEBUG org.asynchttpclient.netty.handler.HttpHandler - 

Request DefaultFullHttpRequest(decodeResult: success, version: HTTP/1.1, content: EmptyByteBufBE)
GET /wd/hub/session/eda2ebede5b4f1c4a3da0ae80d76cf0c2ffae504/element/1c7c2f19-2acd-4f81-a1a9-427dbc2a5b30/enabled HTTP/1.1
User-Agent: selenium/4.5.0 (java windows)
Cache-Control: no-cache
Content-Type: application/json; charset=utf-8
host: hub-cloud.browserstack.com
authorization: Basic c2FnYXJ2YXJ1bGVfTnYyazhsOnhUemoyZU54Wnl0bkpicngxZTZD
accept: */*

Response DefaultHttpResponse(decodeResult: success, version: HTTP/1.1)
HTTP/1.1 200 OK
Server: nginx
Date: Thu, 01 Dec 2022 15:45:50 GMT
Content-Type: application/json; charset=utf-8
Connection: keep-alive
Source-From: 02
x-powered-by: Express
etag: W/&quot;e-2ZHvAWebNQpyjGZTg6uyV8/spTo&quot;
content-length: 14

21:15:50.011 [AsyncHttpClient-1-6] DEBUG org.asynchttpclient.netty.channel.ChannelManager - Adding key: http://hub-cloud.browserstack.com:80 for channel [id: 0x827a47f6, L:/192.168.0.148:54523 - R:hub-cloud.browserstack.com/103.126.7.240:80]
21:15:50.013 [Forwarding findElement on session eda2ebede5b4f1c4a3da0ae80d76cf0c2ffae504 to remote] DEBUG org.asynchttpclient.netty.request.NettyRequestSender - Using pooled Channel &apos;[id: 0x827a47f6, L:/192.168.0.148:54523 - R:hub-cloud.browserstack.com/103.126.7.240:80]&apos; for &apos;POST&apos; to &apos;http://sagarvarule_Nv2k8l:xTzj2eNxZytnJbrx1e6C@hub-cloud.browserstack.com/wd/hub/session/eda2ebede5b4f1c4a3da0ae80d76cf0c2ffae504/element&apos;
21:15:50.013 [Forwarding findElement on session eda2ebede5b4f1c4a3da0ae80d76cf0c2ffae504 to remote] DEBUG org.asynchttpclient.netty.request.NettyRequestSender - Using open Channel [id: 0x827a47f6, L:/192.168.0.148:54523 - R:hub-cloud.browserstack.com/103.126.7.240:80] for POST &apos;/wd/hub/session/eda2ebede5b4f1c4a3da0ae80d76cf0c2ffae504/element&apos;
21:15:50.080 [AsyncHttpClient-1-6] DEBUG org.asynchttpclient.netty.handler.HttpHandler - 

Request DefaultHttpRequest(decodeResult: success, version: HTTP/1.1)
POST /wd/hub/session/eda2ebede5b4f1c4a3da0ae80d76cf0c2ffae504/element HTTP/1.1
User-Agent: selenium/4.5.0 (java windows)
Content-Length: 94
Content-Type: application/json; charset=utf-8
host: hub-cloud.browserstack.com
authorization: Basic c2FnYXJ2YXJ1bGVfTnYyazhsOnhUemoyZU54Wnl0bkpicngxZTZD
accept: */*

Response DefaultHttpResponse(decodeResult: success, version: HTTP/1.1)
HTTP/1.1 200 OK
Server: nginx
Date: Thu, 01 Dec 2022 15:45:50 GMT
Content-Type: application/json; charset=utf-8
Connection: keep-alive
Source-From: 02
x-powered-by: Express
vary: X-HTTP-Method-Override
etag: W/&quot;89-A8/pcTt7QUs8nlFIlEmcuUcNBlw&quot;
content-length: 137

21:15:50.080 [AsyncHttpClient-1-6] DEBUG org.asynchttpclient.netty.channel.ChannelManager - Adding key: http://hub-cloud.browserstack.com:80 for channel [id: 0x827a47f6, L:/192.168.0.148:54523 - R:hub-cloud.browserstack.com/103.126.7.240:80]
21:15:50.081 [Forwarding clickElement on session eda2ebede5b4f1c4a3da0ae80d76cf0c2ffae504 to remote] DEBUG org.asynchttpclient.netty.request.NettyRequestSender - Using pooled Channel &apos;[id: 0x827a47f6, L:/192.168.0.148:54523 - R:hub-cloud.browserstack.com/103.126.7.240:80]&apos; for &apos;POST&apos; to &apos;http://sagarvarule_Nv2k8l:xTzj2eNxZytnJbrx1e6C@hub-cloud.browserstack.com/wd/hub/session/eda2ebede5b4f1c4a3da0ae80d76cf0c2ffae504/element/cfd9ef1c-118f-4455-bc39-ef9d34950223/click&apos;
21:15:50.082 [Forwarding clickElement on session eda2ebede5b4f1c4a3da0ae80d76cf0c2ffae504 to remote] DEBUG org.asynchttpclient.netty.request.NettyRequestSender - Using open Channel [id: 0x827a47f6, L:/192.168.0.148:54523 - R:hub-cloud.browserstack.com/103.126.7.240:80] for POST &apos;/wd/hub/session/eda2ebede5b4f1c4a3da0ae80d76cf0c2ffae504/element/cfd9ef1c-118f-4455-bc39-ef9d34950223/click&apos;
21:15:50.176 [AsyncHttpClient-1-6] DEBUG org.asynchttpclient.netty.handler.HttpHandler - 

Request DefaultHttpRequest(decodeResult: success, version: HTTP/1.1)
POST /wd/hub/session/eda2ebede5b4f1c4a3da0ae80d76cf0c2ffae504/element/cfd9ef1c-118f-4455-bc39-ef9d34950223/click HTTP/1.1
User-Agent: selenium/4.5.0 (java windows)
Content-Length: 50
Content-Type: application/json; charset=utf-8
host: hub-cloud.browserstack.com
authorization: Basic c2FnYXJ2YXJ1bGVfTnYyazhsOnhUemoyZU54Wnl0bkpicngxZTZD
accept: */*

Response DefaultHttpResponse(decodeResult: success, version: HTTP/1.1)
HTTP/1.1 200 OK
Server: nginx
Date: Thu, 01 Dec 2022 15:45:50 GMT
Content-Type: application/json; charset=utf-8
Connection: keep-alive
Source-From: 02
x-powered-by: Express
vary: X-HTTP-Method-Override
etag: W/&quot;e-9/1BuKMgFObM1mWJm+YjxtXJnUM&quot;
content-length: 14

21:15:50.176 [AsyncHttpClient-1-6] DEBUG org.asynchttpclient.netty.channel.ChannelManager - Adding key: http://hub-cloud.browserstack.com:80 for channel [id: 0x827a47f6, L:/192.168.0.148:54523 - R:hub-cloud.browserstack.com/103.126.7.240:80]
21:15:50.179 [Forwarding findElement on session eda2ebede5b4f1c4a3da0ae80d76cf0c2ffae504 to remote] DEBUG org.asynchttpclient.netty.request.NettyRequestSender - Using pooled Channel &apos;[id: 0x827a47f6, L:/192.168.0.148:54523 - R:hub-cloud.browserstack.com/103.126.7.240:80]&apos; for &apos;POST&apos; to &apos;http://sagarvarule_Nv2k8l:xTzj2eNxZytnJbrx1e6C@hub-cloud.browserstack.com/wd/hub/session/eda2ebede5b4f1c4a3da0ae80d76cf0c2ffae504/element&apos;
21:15:50.179 [Forwarding findElement on session eda2ebede5b4f1c4a3da0ae80d76cf0c2ffae504 to remote] DEBUG org.asynchttpclient.netty.request.NettyRequestSender - Using open Channel [id: 0x827a47f6, L:/192.168.0.148:54523 - R:hub-cloud.browserstack.com/103.126.7.240:80] for POST &apos;/wd/hub/session/eda2ebede5b4f1c4a3da0ae80d76cf0c2ffae504/element&apos;
21:15:51.019 [AsyncHttpClient-1-6] DEBUG org.asynchttpclient.netty.handler.HttpHandler - 

Request DefaultHttpRequest(decodeResult: success, version: HTTP/1.1)
POST /wd/hub/session/eda2ebede5b4f1c4a3da0ae80d76cf0c2ffae504/element HTTP/1.1
User-Agent: selenium/4.5.0 (java windows)
Content-Length: 95
Content-Type: application/json; charset=utf-8
host: hub-cloud.browserstack.com
authorization: Basic c2FnYXJ2YXJ1bGVfTnYyazhsOnhUemoyZU54Wnl0bkpicngxZTZD
accept: */*

Response DefaultHttpResponse(decodeResult: success, version: HTTP/1.1)
HTTP/1.1 200 OK
Server: nginx
Date: Thu, 01 Dec 2022 15:45:51 GMT
Content-Type: application/json; charset=utf-8
Connection: keep-alive
Source-From: 02
x-powered-by: Express
vary: X-HTTP-Method-Override
etag: W/&quot;89-RFJBk7H5mt+3pOlYkdfdqVK+JnU&quot;
content-length: 137

21:15:51.020 [AsyncHttpClient-1-6] DEBUG org.asynchttpclient.netty.channel.ChannelManager - Adding key: http://hub-cloud.browserstack.com:80 for channel [id: 0x827a47f6, L:/192.168.0.148:54523 - R:hub-cloud.browserstack.com/103.126.7.240:80]
21:15:51.022 [Forwarding isElementDisplayed on session eda2ebede5b4f1c4a3da0ae80d76cf0c2ffae504 to remote] DEBUG org.asynchttpclient.netty.request.NettyRequestSender - Using pooled Channel &apos;[id: 0x827a47f6, L:/192.168.0.148:54523 - R:hub-cloud.browserstack.com/103.126.7.240:80]&apos; for &apos;GET&apos; to &apos;http://sagarvarule_Nv2k8l:xTzj2eNxZytnJbrx1e6C@hub-cloud.browserstack.com/wd/hub/session/eda2ebede5b4f1c4a3da0ae80d76cf0c2ffae504/element/b681ab26-b167-44af-849c-be231572e8d8/displayed&apos;
21:15:51.023 [Forwarding isElementDisplayed on session eda2ebede5b4f1c4a3da0ae80d76cf0c2ffae504 to remote] DEBUG org.asynchttpclient.netty.request.NettyRequestSender - Using open Channel [id: 0x827a47f6, L:/192.168.0.148:54523 - R:hub-cloud.browserstack.com/103.126.7.240:80] for GET &apos;/wd/hub/session/eda2ebede5b4f1c4a3da0ae80d76cf0c2ffae504/element/b681ab26-b167-44af-849c-be231572e8d8/displayed&apos;
21:15:51.096 [AsyncHttpClient-1-6] DEBUG org.asynchttpclient.netty.handler.HttpHandler - 

Request DefaultFullHttpRequest(decodeResult: success, version: HTTP/1.1, content: EmptyByteBufBE)
GET /wd/hub/session/eda2ebede5b4f1c4a3da0ae80d76cf0c2ffae504/element/b681ab26-b167-44af-849c-be231572e8d8/displayed HTTP/1.1
User-Agent: selenium/4.5.0 (java windows)
Cache-Control: no-cache
Content-Type: application/json; charset=utf-8
host: hub-cloud.browserstack.com
authorization: Basic c2FnYXJ2YXJ1bGVfTnYyazhsOnhUemoyZU54Wnl0bkpicngxZTZD
accept: */*

Response DefaultHttpResponse(decodeResult: success, version: HTTP/1.1)
HTTP/1.1 200 OK
Server: nginx
Date: Thu, 01 Dec 2022 15:45:51 GMT
Content-Type: application/json; charset=utf-8
Connection: keep-alive
Source-From: 02
x-powered-by: Express
etag: W/&quot;e-2ZHvAWebNQpyjGZTg6uyV8/spTo&quot;
content-length: 14

21:15:51.096 [AsyncHttpClient-1-6] DEBUG org.asynchttpclient.netty.channel.ChannelManager - Adding key: http://hub-cloud.browserstack.com:80 for channel [id: 0x827a47f6, L:/192.168.0.148:54523 - R:hub-cloud.browserstack.com/103.126.7.240:80]
21:15:51.099 [Forwarding findElement on session eda2ebede5b4f1c4a3da0ae80d76cf0c2ffae504 to remote] DEBUG org.asynchttpclient.netty.request.NettyRequestSender - Using pooled Channel &apos;[id: 0x827a47f6, L:/192.168.0.148:54523 - R:hub-cloud.browserstack.com/103.126.7.240:80]&apos; for &apos;POST&apos; to &apos;http://sagarvarule_Nv2k8l:xTzj2eNxZytnJbrx1e6C@hub-cloud.browserstack.com/wd/hub/session/eda2ebede5b4f1c4a3da0ae80d76cf0c2ffae504/element&apos;
21:15:51.099 [Forwarding findElement on session eda2ebede5b4f1c4a3da0ae80d76cf0c2ffae504 to remote] DEBUG org.asynchttpclient.netty.request.NettyRequestSender - Using open Channel [id: 0x827a47f6, L:/192.168.0.148:54523 - R:hub-cloud.browserstack.com/103.126.7.240:80] for POST &apos;/wd/hub/session/eda2ebede5b4f1c4a3da0ae80d76cf0c2ffae504/element&apos;
21:15:51.172 [AsyncHttpClient-1-6] DEBUG org.asynchttpclient.netty.handler.HttpHandler - 

Request DefaultHttpRequest(decodeResult: success, version: HTTP/1.1)
POST /wd/hub/session/eda2ebede5b4f1c4a3da0ae80d76cf0c2ffae504/element HTTP/1.1
User-Agent: selenium/4.5.0 (java windows)
Content-Length: 95
Content-Type: application/json; charset=utf-8
host: hub-cloud.browserstack.com
authorization: Basic c2FnYXJ2YXJ1bGVfTnYyazhsOnhUemoyZU54Wnl0bkpicngxZTZD
accept: */*

Response DefaultHttpResponse(decodeResult: success, version: HTTP/1.1)
HTTP/1.1 200 OK
Server: nginx
Date: Thu, 01 Dec 2022 15:45:51 GMT
Content-Type: application/json; charset=utf-8
Connection: keep-alive
Source-From: 02
x-powered-by: Express
vary: X-HTTP-Method-Override
etag: W/&quot;89-8RE8xDm4YVBkiXrg2LxtHeI4kzI&quot;
content-length: 137

21:15:51.172 [AsyncHttpClient-1-6] DEBUG org.asynchttpclient.netty.channel.ChannelManager - Adding key: http://hub-cloud.browserstack.com:80 for channel [id: 0x827a47f6, L:/192.168.0.148:54523 - R:hub-cloud.browserstack.com/103.126.7.240:80]
21:15:51.174 [Forwarding sendKeysToElement on session eda2ebede5b4f1c4a3da0ae80d76cf0c2ffae504 to remote] DEBUG org.asynchttpclient.netty.request.NettyRequestSender - Using pooled Channel &apos;[id: 0x827a47f6, L:/192.168.0.148:54523 - R:hub-cloud.browserstack.com/103.126.7.240:80]&apos; for &apos;POST&apos; to &apos;http://sagarvarule_Nv2k8l:xTzj2eNxZytnJbrx1e6C@hub-cloud.browserstack.com/wd/hub/session/eda2ebede5b4f1c4a3da0ae80d76cf0c2ffae504/element/141ec230-cfa1-465f-be6a-0de4ccf5198c/value&apos;
21:15:51.174 [Forwarding sendKeysToElement on session eda2ebede5b4f1c4a3da0ae80d76cf0c2ffae504 to remote] DEBUG org.asynchttpclient.netty.request.NettyRequestSender - Using open Channel [id: 0x827a47f6, L:/192.168.0.148:54523 - R:hub-cloud.browserstack.com/103.126.7.240:80] for POST &apos;/wd/hub/session/eda2ebede5b4f1c4a3da0ae80d76cf0c2ffae504/element/141ec230-cfa1-465f-be6a-0de4ccf5198c/value&apos;
21:15:51.924 [AsyncHttpClient-1-6] DEBUG org.asynchttpclient.netty.handler.HttpHandler - 

Request DefaultHttpRequest(decodeResult: success, version: HTTP/1.1)
POST /wd/hub/session/eda2ebede5b4f1c4a3da0ae80d76cf0c2ffae504/element/141ec230-cfa1-465f-be6a-0de4ccf5198c/value HTTP/1.1
User-Agent: selenium/4.5.0 (java windows)
Content-Length: 82
Content-Type: application/json; charset=utf-8
host: hub-cloud.browserstack.com
authorization: Basic c2FnYXJ2YXJ1bGVfTnYyazhsOnhUemoyZU54Wnl0bkpicngxZTZD
accept: */*

Response DefaultHttpResponse(decodeResult: success, version: HTTP/1.1)
HTTP/1.1 200 OK
Server: nginx
Date: Thu, 01 Dec 2022 15:45:51 GMT
Content-Type: application/json; charset=utf-8
Connection: keep-alive
Source-From: 02
x-powered-by: Express
vary: X-HTTP-Method-Override
etag: W/&quot;e-9/1BuKMgFObM1mWJm+YjxtXJnUM&quot;
content-length: 14

21:15:51.924 [AsyncHttpClient-1-6] DEBUG org.asynchttpclient.netty.channel.ChannelManager - Adding key: http://hub-cloud.browserstack.com:80 for channel [id: 0x827a47f6, L:/192.168.0.148:54523 - R:hub-cloud.browserstack.com/103.126.7.240:80]
21:15:51.929 [Forwarding findElement on session eda2ebede5b4f1c4a3da0ae80d76cf0c2ffae504 to remote] DEBUG org.asynchttpclient.netty.request.NettyRequestSender - Using pooled Channel &apos;[id: 0x827a47f6, L:/192.168.0.148:54523 - R:hub-cloud.browserstack.com/103.126.7.240:80]&apos; for &apos;POST&apos; to &apos;http://sagarvarule_Nv2k8l:xTzj2eNxZytnJbrx1e6C@hub-cloud.browserstack.com/wd/hub/session/eda2ebede5b4f1c4a3da0ae80d76cf0c2ffae504/element&apos;
21:15:51.929 [Forwarding findElement on session eda2ebede5b4f1c4a3da0ae80d76cf0c2ffae504 to remote] DEBUG org.asynchttpclient.netty.request.NettyRequestSender - Using open Channel [id: 0x827a47f6, L:/192.168.0.148:54523 - R:hub-cloud.browserstack.com/103.126.7.240:80] for POST &apos;/wd/hub/session/eda2ebede5b4f1c4a3da0ae80d76cf0c2ffae504/element&apos;
21:15:52.529 [AsyncHttpClient-1-6] DEBUG org.asynchttpclient.netty.handler.HttpHandler - 

Request DefaultHttpRequest(decodeResult: success, version: HTTP/1.1)
POST /wd/hub/session/eda2ebede5b4f1c4a3da0ae80d76cf0c2ffae504/element HTTP/1.1
User-Agent: selenium/4.5.0 (java windows)
Content-Length: 95
Content-Type: application/json; charset=utf-8
host: hub-cloud.browserstack.com
authorization: Basic c2FnYXJ2YXJ1bGVfTnYyazhsOnhUemoyZU54Wnl0bkpicngxZTZD
accept: */*

Response DefaultHttpResponse(decodeResult: success, version: HTTP/1.1)
HTTP/1.1 200 OK
Server: nginx
Date: Thu, 01 Dec 2022 15:45:52 GMT
Content-Type: application/json; charset=utf-8
Connection: keep-alive
Source-From: 02
x-powered-by: Express
vary: X-HTTP-Method-Override
etag: W/&quot;89-xYnAZq/zIuRsNYFrxW6gF/8DhzI&quot;
content-length: 137

21:15:52.529 [AsyncHttpClient-1-6] DEBUG org.asynchttpclient.netty.channel.ChannelManager - Adding key: http://hub-cloud.browserstack.com:80 for channel [id: 0x827a47f6, L:/192.168.0.148:54523 - R:hub-cloud.browserstack.com/103.126.7.240:80]
21:15:52.532 [Forwarding sendKeysToElement on session eda2ebede5b4f1c4a3da0ae80d76cf0c2ffae504 to remote] DEBUG org.asynchttpclient.netty.request.NettyRequestSender - Using pooled Channel &apos;[id: 0x827a47f6, L:/192.168.0.148:54523 - R:hub-cloud.browserstack.com/103.126.7.240:80]&apos; for &apos;POST&apos; to &apos;http://sagarvarule_Nv2k8l:xTzj2eNxZytnJbrx1e6C@hub-cloud.browserstack.com/wd/hub/session/eda2ebede5b4f1c4a3da0ae80d76cf0c2ffae504/element/28e50e40-cfbc-4065-9db8-6095e0378b7a/value&apos;
21:15:52.532 [Forwarding sendKeysToElement on session eda2ebede5b4f1c4a3da0ae80d76cf0c2ffae504 to remote] DEBUG org.asynchttpclient.netty.request.NettyRequestSender - Using open Channel [id: 0x827a47f6, L:/192.168.0.148:54523 - R:hub-cloud.browserstack.com/103.126.7.240:80] for POST &apos;/wd/hub/session/eda2ebede5b4f1c4a3da0ae80d76cf0c2ffae504/element/28e50e40-cfbc-4065-9db8-6095e0378b7a/value&apos;
21:15:53.220 [AsyncHttpClient-1-6] DEBUG org.asynchttpclient.netty.handler.HttpHandler - 

Request DefaultHttpRequest(decodeResult: success, version: HTTP/1.1)
POST /wd/hub/session/eda2ebede5b4f1c4a3da0ae80d76cf0c2ffae504/element/28e50e40-cfbc-4065-9db8-6095e0378b7a/value HTTP/1.1
User-Agent: selenium/4.5.0 (java windows)
Content-Length: 151
Content-Type: application/json; charset=utf-8
host: hub-cloud.browserstack.com
authorization: Basic c2FnYXJ2YXJ1bGVfTnYyazhsOnhUemoyZU54Wnl0bkpicngxZTZD
accept: */*

Response DefaultHttpResponse(decodeResult: success, version: HTTP/1.1)
HTTP/1.1 200 OK
Server: nginx
Date: Thu, 01 Dec 2022 15:45:53 GMT
Content-Type: application/json; charset=utf-8
Connection: keep-alive
Source-From: 02
x-powered-by: Express
vary: X-HTTP-Method-Override
etag: W/&quot;e-9/1BuKMgFObM1mWJm+YjxtXJnUM&quot;
content-length: 14

21:15:53.220 [AsyncHttpClient-1-6] DEBUG org.asynchttpclient.netty.channel.ChannelManager - Adding key: http://hub-cloud.browserstack.com:80 for channel [id: 0x827a47f6, L:/192.168.0.148:54523 - R:hub-cloud.browserstack.com/103.126.7.240:80]
21:15:53.223 [Forwarding findElement on session eda2ebede5b4f1c4a3da0ae80d76cf0c2ffae504 to remote] DEBUG org.asynchttpclient.netty.request.NettyRequestSender - Using pooled Channel &apos;[id: 0x827a47f6, L:/192.168.0.148:54523 - R:hub-cloud.browserstack.com/103.126.7.240:80]&apos; for &apos;POST&apos; to &apos;http://sagarvarule_Nv2k8l:xTzj2eNxZytnJbrx1e6C@hub-cloud.browserstack.com/wd/hub/session/eda2ebede5b4f1c4a3da0ae80d76cf0c2ffae504/element&apos;
21:15:53.223 [Forwarding findElement on session eda2ebede5b4f1c4a3da0ae80d76cf0c2ffae504 to remote] DEBUG org.asynchttpclient.netty.request.NettyRequestSender - Using open Channel [id: 0x827a47f6, L:/192.168.0.148:54523 - R:hub-cloud.browserstack.com/103.126.7.240:80] for POST &apos;/wd/hub/session/eda2ebede5b4f1c4a3da0ae80d76cf0c2ffae504/element&apos;
21:15:53.843 [AsyncHttpClient-1-6] DEBUG org.asynchttpclient.netty.handler.HttpHandler - 

Request DefaultHttpRequest(decodeResult: success, version: HTTP/1.1)
POST /wd/hub/session/eda2ebede5b4f1c4a3da0ae80d76cf0c2ffae504/element HTTP/1.1
User-Agent: selenium/4.5.0 (java windows)
Content-Length: 101
Content-Type: application/json; charset=utf-8
host: hub-cloud.browserstack.com
authorization: Basic c2FnYXJ2YXJ1bGVfTnYyazhsOnhUemoyZU54Wnl0bkpicngxZTZD
accept: */*

Response DefaultHttpResponse(decodeResult: success, version: HTTP/1.1)
HTTP/1.1 200 OK
Server: nginx
Date: Thu, 01 Dec 2022 15:45:53 GMT
Content-Type: application/json; charset=utf-8
Connection: keep-alive
Source-From: 02
x-powered-by: Express
vary: X-HTTP-Method-Override
etag: W/&quot;89-9vSktmU7+HwQFLfX1OivWsTYjBo&quot;
content-length: 137

21:15:53.844 [AsyncHttpClient-1-6] DEBUG org.asynchttpclient.netty.channel.ChannelManager - Adding key: http://hub-cloud.browserstack.com:80 for channel [id: 0x827a47f6, L:/192.168.0.148:54523 - R:hub-cloud.browserstack.com/103.126.7.240:80]
21:15:53.845 [Forwarding isElementDisplayed on session eda2ebede5b4f1c4a3da0ae80d76cf0c2ffae504 to remote] DEBUG org.asynchttpclient.netty.request.NettyRequestSender - Using pooled Channel &apos;[id: 0x827a47f6, L:/192.168.0.148:54523 - R:hub-cloud.browserstack.com/103.126.7.240:80]&apos; for &apos;GET&apos; to &apos;http://sagarvarule_Nv2k8l:xTzj2eNxZytnJbrx1e6C@hub-cloud.browserstack.com/wd/hub/session/eda2ebede5b4f1c4a3da0ae80d76cf0c2ffae504/element/a1709dc2-68ee-4660-9892-6bf7d3d03ac2/displayed&apos;
21:15:53.846 [Forwarding isElementDisplayed on session eda2ebede5b4f1c4a3da0ae80d76cf0c2ffae504 to remote] DEBUG org.asynchttpclient.netty.request.NettyRequestSender - Using open Channel [id: 0x827a47f6, L:/192.168.0.148:54523 - R:hub-cloud.browserstack.com/103.126.7.240:80] for GET &apos;/wd/hub/session/eda2ebede5b4f1c4a3da0ae80d76cf0c2ffae504/element/a1709dc2-68ee-4660-9892-6bf7d3d03ac2/displayed&apos;
21:15:53.906 [AsyncHttpClient-1-6] DEBUG org.asynchttpclient.netty.handler.HttpHandler - 

Request DefaultFullHttpRequest(decodeResult: success, version: HTTP/1.1, content: EmptyByteBufBE)
GET /wd/hub/session/eda2ebede5b4f1c4a3da0ae80d76cf0c2ffae504/element/a1709dc2-68ee-4660-9892-6bf7d3d03ac2/displayed HTTP/1.1
User-Agent: selenium/4.5.0 (java windows)
Cache-Control: no-cache
Content-Type: application/json; charset=utf-8
host: hub-cloud.browserstack.com
authorization: Basic c2FnYXJ2YXJ1bGVfTnYyazhsOnhUemoyZU54Wnl0bkpicngxZTZD
accept: */*

Response DefaultHttpResponse(decodeResult: success, version: HTTP/1.1)
HTTP/1.1 200 OK
Server: nginx
Date: Thu, 01 Dec 2022 15:45:53 GMT
Content-Type: application/json; charset=utf-8
Connection: keep-alive
Source-From: 02
x-powered-by: Express
etag: W/&quot;e-2ZHvAWebNQpyjGZTg6uyV8/spTo&quot;
content-length: 14

21:15:53.906 [AsyncHttpClient-1-6] DEBUG org.asynchttpclient.netty.channel.ChannelManager - Adding key: http://hub-cloud.browserstack.com:80 for channel [id: 0x827a47f6, L:/192.168.0.148:54523 - R:hub-cloud.browserstack.com/103.126.7.240:80]
21:15:53.908 [Forwarding findElement on session eda2ebede5b4f1c4a3da0ae80d76cf0c2ffae504 to remote] DEBUG org.asynchttpclient.netty.request.NettyRequestSender - Using pooled Channel &apos;[id: 0x827a47f6, L:/192.168.0.148:54523 - R:hub-cloud.browserstack.com/103.126.7.240:80]&apos; for &apos;POST&apos; to &apos;http://sagarvarule_Nv2k8l:xTzj2eNxZytnJbrx1e6C@hub-cloud.browserstack.com/wd/hub/session/eda2ebede5b4f1c4a3da0ae80d76cf0c2ffae504/element&apos;
21:15:53.908 [Forwarding findElement on session eda2ebede5b4f1c4a3da0ae80d76cf0c2ffae504 to remote] DEBUG org.asynchttpclient.netty.request.NettyRequestSender - Using open Channel [id: 0x827a47f6, L:/192.168.0.148:54523 - R:hub-cloud.browserstack.com/103.126.7.240:80] for POST &apos;/wd/hub/session/eda2ebede5b4f1c4a3da0ae80d76cf0c2ffae504/element&apos;
21:15:54.022 [AsyncHttpClient-1-6] DEBUG org.asynchttpclient.netty.handler.HttpHandler - 

Request DefaultHttpRequest(decodeResult: success, version: HTTP/1.1)
POST /wd/hub/session/eda2ebede5b4f1c4a3da0ae80d76cf0c2ffae504/element HTTP/1.1
User-Agent: selenium/4.5.0 (java windows)
Content-Length: 101
Content-Type: application/json; charset=utf-8
host: hub-cloud.browserstack.com
authorization: Basic c2FnYXJ2YXJ1bGVfTnYyazhsOnhUemoyZU54Wnl0bkpicngxZTZD
accept: */*

Response DefaultHttpResponse(decodeResult: success, version: HTTP/1.1)
HTTP/1.1 200 OK
Server: nginx
Date: Thu, 01 Dec 2022 15:45:54 GMT
Content-Type: application/json; charset=utf-8
Connection: keep-alive
Source-From: 02
x-powered-by: Express
vary: X-HTTP-Method-Override
etag: W/&quot;89-G0z4cpq9x9ZTG2bR6VgoFsHS/5I&quot;
content-length: 137

21:15:54.023 [AsyncHttpClient-1-6] DEBUG org.asynchttpclient.netty.channel.ChannelManager - Adding key: http://hub-cloud.browserstack.com:80 for channel [id: 0x827a47f6, L:/192.168.0.148:54523 - R:hub-cloud.browserstack.com/103.126.7.240:80]
21:15:54.025 [Forwarding sendKeysToElement on session eda2ebede5b4f1c4a3da0ae80d76cf0c2ffae504 to remote] DEBUG org.asynchttpclient.netty.request.NettyRequestSender - Using pooled Channel &apos;[id: 0x827a47f6, L:/192.168.0.148:54523 - R:hub-cloud.browserstack.com/103.126.7.240:80]&apos; for &apos;POST&apos; to &apos;http://sagarvarule_Nv2k8l:xTzj2eNxZytnJbrx1e6C@hub-cloud.browserstack.com/wd/hub/session/eda2ebede5b4f1c4a3da0ae80d76cf0c2ffae504/element/f9c7ef50-9b55-4eb3-950a-3ebf3695d460/value&apos;
21:15:54.025 [Forwarding sendKeysToElement on session eda2ebede5b4f1c4a3da0ae80d76cf0c2ffae504 to remote] DEBUG org.asynchttpclient.netty.request.NettyRequestSender - Using open Channel [id: 0x827a47f6, L:/192.168.0.148:54523 - R:hub-cloud.browserstack.com/103.126.7.240:80] for POST &apos;/wd/hub/session/eda2ebede5b4f1c4a3da0ae80d76cf0c2ffae504/element/f9c7ef50-9b55-4eb3-950a-3ebf3695d460/value&apos;
21:15:54.607 [AsyncHttpClient-1-6] DEBUG org.asynchttpclient.netty.handler.HttpHandler - 

Request DefaultHttpRequest(decodeResult: success, version: HTTP/1.1)
POST /wd/hub/session/eda2ebede5b4f1c4a3da0ae80d76cf0c2ffae504/element/f9c7ef50-9b55-4eb3-950a-3ebf3695d460/value HTTP/1.1
User-Agent: selenium/4.5.0 (java windows)
Content-Length: 82
Content-Type: application/json; charset=utf-8
host: hub-cloud.browserstack.com
authorization: Basic c2FnYXJ2YXJ1bGVfTnYyazhsOnhUemoyZU54Wnl0bkpicngxZTZD
accept: */*

Response DefaultHttpResponse(decodeResult: success, version: HTTP/1.1)
HTTP/1.1 200 OK
Server: nginx
Date: Thu, 01 Dec 2022 15:45:54 GMT
Content-Type: application/json; charset=utf-8
Connection: keep-alive
Source-From: 02
x-powered-by: Express
vary: X-HTTP-Method-Override
etag: W/&quot;e-9/1BuKMgFObM1mWJm+YjxtXJnUM&quot;
content-length: 14

21:15:54.608 [AsyncHttpClient-1-6] DEBUG org.asynchttpclient.netty.channel.ChannelManager - Adding key: http://hub-cloud.browserstack.com:80 for channel [id: 0x827a47f6, L:/192.168.0.148:54523 - R:hub-cloud.browserstack.com/103.126.7.240:80]
21:15:54.610 [Forwarding findElement on session eda2ebede5b4f1c4a3da0ae80d76cf0c2ffae504 to remote] DEBUG org.asynchttpclient.netty.request.NettyRequestSender - Using pooled Channel &apos;[id: 0x827a47f6, L:/192.168.0.148:54523 - R:hub-cloud.browserstack.com/103.126.7.240:80]&apos; for &apos;POST&apos; to &apos;http://sagarvarule_Nv2k8l:xTzj2eNxZytnJbrx1e6C@hub-cloud.browserstack.com/wd/hub/session/eda2ebede5b4f1c4a3da0ae80d76cf0c2ffae504/element&apos;
21:15:54.610 [Forwarding findElement on session eda2ebede5b4f1c4a3da0ae80d76cf0c2ffae504 to remote] DEBUG org.asynchttpclient.netty.request.NettyRequestSender - Using open Channel [id: 0x827a47f6, L:/192.168.0.148:54523 - R:hub-cloud.browserstack.com/103.126.7.240:80] for POST &apos;/wd/hub/session/eda2ebede5b4f1c4a3da0ae80d76cf0c2ffae504/element&apos;
21:15:55.132 [AsyncHttpClient-1-6] DEBUG org.asynchttpclient.netty.handler.HttpHandler - 

Request DefaultHttpRequest(decodeResult: success, version: HTTP/1.1)
POST /wd/hub/session/eda2ebede5b4f1c4a3da0ae80d76cf0c2ffae504/element HTTP/1.1
User-Agent: selenium/4.5.0 (java windows)
Content-Length: 101
Content-Type: application/json; charset=utf-8
host: hub-cloud.browserstack.com
authorization: Basic c2FnYXJ2YXJ1bGVfTnYyazhsOnhUemoyZU54Wnl0bkpicngxZTZD
accept: */*

Response DefaultHttpResponse(decodeResult: success, version: HTTP/1.1)
HTTP/1.1 200 OK
Server: nginx
Date: Thu, 01 Dec 2022 15:45:55 GMT
Content-Type: application/json; charset=utf-8
Connection: keep-alive
Source-From: 02
x-powered-by: Express
vary: X-HTTP-Method-Override
etag: W/&quot;89-xxEeXU4M4mYR0OQSmHUxSDrez90&quot;
content-length: 137

21:15:55.132 [AsyncHttpClient-1-6] DEBUG org.asynchttpclient.netty.channel.ChannelManager - Adding key: http://hub-cloud.browserstack.com:80 for channel [id: 0x827a47f6, L:/192.168.0.148:54523 - R:hub-cloud.browserstack.com/103.126.7.240:80]
21:15:55.135 [Forwarding sendKeysToElement on session eda2ebede5b4f1c4a3da0ae80d76cf0c2ffae504 to remote] DEBUG org.asynchttpclient.netty.request.NettyRequestSender - Using pooled Channel &apos;[id: 0x827a47f6, L:/192.168.0.148:54523 - R:hub-cloud.browserstack.com/103.126.7.240:80]&apos; for &apos;POST&apos; to &apos;http://sagarvarule_Nv2k8l:xTzj2eNxZytnJbrx1e6C@hub-cloud.browserstack.com/wd/hub/session/eda2ebede5b4f1c4a3da0ae80d76cf0c2ffae504/element/dca9bc4b-51f4-4852-9a6c-c000eee53023/value&apos;
21:15:55.135 [Forwarding sendKeysToElement on session eda2ebede5b4f1c4a3da0ae80d76cf0c2ffae504 to remote] DEBUG org.asynchttpclient.netty.request.NettyRequestSender - Using open Channel [id: 0x827a47f6, L:/192.168.0.148:54523 - R:hub-cloud.browserstack.com/103.126.7.240:80] for POST &apos;/wd/hub/session/eda2ebede5b4f1c4a3da0ae80d76cf0c2ffae504/element/dca9bc4b-51f4-4852-9a6c-c000eee53023/value&apos;
21:15:55.714 [AsyncHttpClient-1-6] DEBUG org.asynchttpclient.netty.handler.HttpHandler - 

Request DefaultHttpRequest(decodeResult: success, version: HTTP/1.1)
POST /wd/hub/session/eda2ebede5b4f1c4a3da0ae80d76cf0c2ffae504/element/dca9bc4b-51f4-4852-9a6c-c000eee53023/value HTTP/1.1
User-Agent: selenium/4.5.0 (java windows)
Content-Length: 281
Content-Type: application/json; charset=utf-8
host: hub-cloud.browserstack.com
authorization: Basic c2FnYXJ2YXJ1bGVfTnYyazhsOnhUemoyZU54Wnl0bkpicngxZTZD
accept: */*

Response DefaultHttpResponse(decodeResult: success, version: HTTP/1.1)
HTTP/1.1 200 OK
Server: nginx
Date: Thu, 01 Dec 2022 15:45:55 GMT
Content-Type: application/json; charset=utf-8
Connection: keep-alive
Source-From: 02
x-powered-by: Express
vary: X-HTTP-Method-Override
etag: W/&quot;e-9/1BuKMgFObM1mWJm+YjxtXJnUM&quot;
content-length: 14

21:15:55.714 [AsyncHttpClient-1-6] DEBUG org.asynchttpclient.netty.channel.ChannelManager - Adding key: http://hub-cloud.browserstack.com:80 for channel [id: 0x827a47f6, L:/192.168.0.148:54523 - R:hub-cloud.browserstack.com/103.126.7.240:80]
21:15:55.714 [Forwarding findElement on session eda2ebede5b4f1c4a3da0ae80d76cf0c2ffae504 to remote] DEBUG org.asynchttpclient.netty.request.NettyRequestSender - Using pooled Channel &apos;[id: 0x827a47f6, L:/192.168.0.148:54523 - R:hub-cloud.browserstack.com/103.126.7.240:80]&apos; for &apos;POST&apos; to &apos;http://sagarvarule_Nv2k8l:xTzj2eNxZytnJbrx1e6C@hub-cloud.browserstack.com/wd/hub/session/eda2ebede5b4f1c4a3da0ae80d76cf0c2ffae504/element&apos;
21:15:55.715 [Forwarding findElement on session eda2ebede5b4f1c4a3da0ae80d76cf0c2ffae504 to remote] DEBUG org.asynchttpclient.netty.request.NettyRequestSender - Using open Channel [id: 0x827a47f6, L:/192.168.0.148:54523 - R:hub-cloud.browserstack.com/103.126.7.240:80] for POST &apos;/wd/hub/session/eda2ebede5b4f1c4a3da0ae80d76cf0c2ffae504/element&apos;
21:15:56.236 [AsyncHttpClient-1-6] DEBUG org.asynchttpclient.netty.handler.HttpHandler - 

Request DefaultHttpRequest(decodeResult: success, version: HTTP/1.1)
POST /wd/hub/session/eda2ebede5b4f1c4a3da0ae80d76cf0c2ffae504/element HTTP/1.1
User-Agent: selenium/4.5.0 (java windows)
Content-Length: 94
Content-Type: application/json; charset=utf-8
host: hub-cloud.browserstack.com
authorization: Basic c2FnYXJ2YXJ1bGVfTnYyazhsOnhUemoyZU54Wnl0bkpicngxZTZD
accept: */*

Response DefaultHttpResponse(decodeResult: success, version: HTTP/1.1)
HTTP/1.1 200 OK
Server: nginx
Date: Thu, 01 Dec 2022 15:45:56 GMT
Content-Type: application/json; charset=utf-8
Connection: keep-alive
Source-From: 02
x-powered-by: Express
vary: X-HTTP-Method-Override
etag: W/&quot;89-IK0I3aPAV5nECbtwM0kJ1Z31MIg&quot;
content-length: 137

21:15:56.236 [AsyncHttpClient-1-6] DEBUG org.asynchttpclient.netty.channel.ChannelManager - Adding key: http://hub-cloud.browserstack.com:80 for channel [id: 0x827a47f6, L:/192.168.0.148:54523 - R:hub-cloud.browserstack.com/103.126.7.240:80]
21:15:56.237 [Forwarding isElementDisplayed on session eda2ebede5b4f1c4a3da0ae80d76cf0c2ffae504 to remote] DEBUG org.asynchttpclient.netty.request.NettyRequestSender - Using pooled Channel &apos;[id: 0x827a47f6, L:/192.168.0.148:54523 - R:hub-cloud.browserstack.com/103.126.7.240:80]&apos; for &apos;GET&apos; to &apos;http://sagarvarule_Nv2k8l:xTzj2eNxZytnJbrx1e6C@hub-cloud.browserstack.com/wd/hub/session/eda2ebede5b4f1c4a3da0ae80d76cf0c2ffae504/element/42bbec85-bdf0-4fec-962e-c0cb7f1bac70/displayed&apos;
21:15:56.237 [Forwarding isElementDisplayed on session eda2ebede5b4f1c4a3da0ae80d76cf0c2ffae504 to remote] DEBUG org.asynchttpclient.netty.request.NettyRequestSender - Using open Channel [id: 0x827a47f6, L:/192.168.0.148:54523 - R:hub-cloud.browserstack.com/103.126.7.240:80] for GET &apos;/wd/hub/session/eda2ebede5b4f1c4a3da0ae80d76cf0c2ffae504/element/42bbec85-bdf0-4fec-962e-c0cb7f1bac70/displayed&apos;
21:15:56.313 [AsyncHttpClient-1-6] DEBUG org.asynchttpclient.netty.handler.HttpHandler - 

Request DefaultFullHttpRequest(decodeResult: success, version: HTTP/1.1, content: EmptyByteBufBE)
GET /wd/hub/session/eda2ebede5b4f1c4a3da0ae80d76cf0c2ffae504/element/42bbec85-bdf0-4fec-962e-c0cb7f1bac70/displayed HTTP/1.1
User-Agent: selenium/4.5.0 (java windows)
Cache-Control: no-cache
Content-Type: application/json; charset=utf-8
host: hub-cloud.browserstack.com
authorization: Basic c2FnYXJ2YXJ1bGVfTnYyazhsOnhUemoyZU54Wnl0bkpicngxZTZD
accept: */*

Response DefaultHttpResponse(decodeResult: success, version: HTTP/1.1)
HTTP/1.1 200 OK
Server: nginx
Date: Thu, 01 Dec 2022 15:45:56 GMT
Content-Type: application/json; charset=utf-8
Connection: keep-alive
Source-From: 02
x-powered-by: Express
etag: W/&quot;e-2ZHvAWebNQpyjGZTg6uyV8/spTo&quot;
content-length: 14

21:15:56.314 [AsyncHttpClient-1-6] DEBUG org.asynchttpclient.netty.channel.ChannelManager - Adding key: http://hub-cloud.browserstack.com:80 for channel [id: 0x827a47f6, L:/192.168.0.148:54523 - R:hub-cloud.browserstack.com/103.126.7.240:80]
21:15:56.315 [Forwarding findElement on session eda2ebede5b4f1c4a3da0ae80d76cf0c2ffae504 to remote] DEBUG org.asynchttpclient.netty.request.NettyRequestSender - Using pooled Channel &apos;[id: 0x827a47f6, L:/192.168.0.148:54523 - R:hub-cloud.browserstack.com/103.126.7.240:80]&apos; for &apos;POST&apos; to &apos;http://sagarvarule_Nv2k8l:xTzj2eNxZytnJbrx1e6C@hub-cloud.browserstack.com/wd/hub/session/eda2ebede5b4f1c4a3da0ae80d76cf0c2ffae504/element&apos;
21:15:56.315 [Forwarding findElement on session eda2ebede5b4f1c4a3da0ae80d76cf0c2ffae504 to remote] DEBUG org.asynchttpclient.netty.request.NettyRequestSender - Using open Channel [id: 0x827a47f6, L:/192.168.0.148:54523 - R:hub-cloud.browserstack.com/103.126.7.240:80] for POST &apos;/wd/hub/session/eda2ebede5b4f1c4a3da0ae80d76cf0c2ffae504/element&apos;
21:15:56.389 [AsyncHttpClient-1-6] DEBUG org.asynchttpclient.netty.handler.HttpHandler - 

Request DefaultHttpRequest(decodeResult: success, version: HTTP/1.1)
POST /wd/hub/session/eda2ebede5b4f1c4a3da0ae80d76cf0c2ffae504/element HTTP/1.1
User-Agent: selenium/4.5.0 (java windows)
Content-Length: 94
Content-Type: application/json; charset=utf-8
host: hub-cloud.browserstack.com
authorization: Basic c2FnYXJ2YXJ1bGVfTnYyazhsOnhUemoyZU54Wnl0bkpicngxZTZD
accept: */*

Response DefaultHttpResponse(decodeResult: success, version: HTTP/1.1)
HTTP/1.1 200 OK
Server: nginx
Date: Thu, 01 Dec 2022 15:45:56 GMT
Content-Type: application/json; charset=utf-8
Connection: keep-alive
Source-From: 02
x-powered-by: Express
vary: X-HTTP-Method-Override
etag: W/&quot;89-VtBl5EMbtXP2L8GtrKO0Yv0NSdQ&quot;
content-length: 137

21:15:56.389 [AsyncHttpClient-1-6] DEBUG org.asynchttpclient.netty.channel.ChannelManager - Adding key: http://hub-cloud.browserstack.com:80 for channel [id: 0x827a47f6, L:/192.168.0.148:54523 - R:hub-cloud.browserstack.com/103.126.7.240:80]
21:15:56.391 [Forwarding isElementEnabled on session eda2ebede5b4f1c4a3da0ae80d76cf0c2ffae504 to remote] DEBUG org.asynchttpclient.netty.request.NettyRequestSender - Using pooled Channel &apos;[id: 0x827a47f6, L:/192.168.0.148:54523 - R:hub-cloud.browserstack.com/103.126.7.240:80]&apos; for &apos;GET&apos; to &apos;http://sagarvarule_Nv2k8l:xTzj2eNxZytnJbrx1e6C@hub-cloud.browserstack.com/wd/hub/session/eda2ebede5b4f1c4a3da0ae80d76cf0c2ffae504/element/94b9f364-eb0f-4c75-a551-1de850abdecd/enabled&apos;
21:15:56.391 [Forwarding isElementEnabled on session eda2ebede5b4f1c4a3da0ae80d76cf0c2ffae504 to remote] DEBUG org.asynchttpclient.netty.request.NettyRequestSender - Using open Channel [id: 0x827a47f6, L:/192.168.0.148:54523 - R:hub-cloud.browserstack.com/103.126.7.240:80] for GET &apos;/wd/hub/session/eda2ebede5b4f1c4a3da0ae80d76cf0c2ffae504/element/94b9f364-eb0f-4c75-a551-1de850abdecd/enabled&apos;
21:15:56.453 [AsyncHttpClient-1-6] DEBUG org.asynchttpclient.netty.handler.HttpHandler - 

Request DefaultFullHttpRequest(decodeResult: success, version: HTTP/1.1, content: EmptyByteBufBE)
GET /wd/hub/session/eda2ebede5b4f1c4a3da0ae80d76cf0c2ffae504/element/94b9f364-eb0f-4c75-a551-1de850abdecd/enabled HTTP/1.1
User-Agent: selenium/4.5.0 (java windows)
Cache-Control: no-cache
Content-Type: application/json; charset=utf-8
host: hub-cloud.browserstack.com
authorization: Basic c2FnYXJ2YXJ1bGVfTnYyazhsOnhUemoyZU54Wnl0bkpicngxZTZD
accept: */*

Response DefaultHttpResponse(decodeResult: success, version: HTTP/1.1)
HTTP/1.1 200 OK
Server: nginx
Date: Thu, 01 Dec 2022 15:45:56 GMT
Content-Type: application/json; charset=utf-8
Connection: keep-alive
Source-From: 02
x-powered-by: Express
etag: W/&quot;e-2ZHvAWebNQpyjGZTg6uyV8/spTo&quot;
content-length: 14

21:15:56.454 [AsyncHttpClient-1-6] DEBUG org.asynchttpclient.netty.channel.ChannelManager - Adding key: http://hub-cloud.browserstack.com:80 for channel [id: 0x827a47f6, L:/192.168.0.148:54523 - R:hub-cloud.browserstack.com/103.126.7.240:80]
21:15:56.454 [Forwarding findElement on session eda2ebede5b4f1c4a3da0ae80d76cf0c2ffae504 to remote] DEBUG org.asynchttpclient.netty.request.NettyRequestSender - Using pooled Channel &apos;[id: 0x827a47f6, L:/192.168.0.148:54523 - R:hub-cloud.browserstack.com/103.126.7.240:80]&apos; for &apos;POST&apos; to &apos;http://sagarvarule_Nv2k8l:xTzj2eNxZytnJbrx1e6C@hub-cloud.browserstack.com/wd/hub/session/eda2ebede5b4f1c4a3da0ae80d76cf0c2ffae504/element&apos;
21:15:56.456 [Forwarding findElement on session eda2ebede5b4f1c4a3da0ae80d76cf0c2ffae504 to remote] DEBUG org.asynchttpclient.netty.request.NettyRequestSender - Using open Channel [id: 0x827a47f6, L:/192.168.0.148:54523 - R:hub-cloud.browserstack.com/103.126.7.240:80] for POST &apos;/wd/hub/session/eda2ebede5b4f1c4a3da0ae80d76cf0c2ffae504/element&apos;
21:15:56.525 [AsyncHttpClient-1-6] DEBUG org.asynchttpclient.netty.handler.HttpHandler - 

Request DefaultHttpRequest(decodeResult: success, version: HTTP/1.1)
POST /wd/hub/session/eda2ebede5b4f1c4a3da0ae80d76cf0c2ffae504/element HTTP/1.1
User-Agent: selenium/4.5.0 (java windows)
Content-Length: 94
Content-Type: application/json; charset=utf-8
host: hub-cloud.browserstack.com
authorization: Basic c2FnYXJ2YXJ1bGVfTnYyazhsOnhUemoyZU54Wnl0bkpicngxZTZD
accept: */*

Response DefaultHttpResponse(decodeResult: success, version: HTTP/1.1)
HTTP/1.1 200 OK
Server: nginx
Date: Thu, 01 Dec 2022 15:45:56 GMT
Content-Type: application/json; charset=utf-8
Connection: keep-alive
Source-From: 02
x-powered-by: Express
vary: X-HTTP-Method-Override
etag: W/&quot;89-JUVKydYFPoGs0+ufNO9ouJ0BLsA&quot;
content-length: 137

21:15:56.525 [AsyncHttpClient-1-6] DEBUG org.asynchttpclient.netty.channel.ChannelManager - Adding key: http://hub-cloud.browserstack.com:80 for channel [id: 0x827a47f6, L:/192.168.0.148:54523 - R:hub-cloud.browserstack.com/103.126.7.240:80]
21:15:56.528 [Forwarding clickElement on session eda2ebede5b4f1c4a3da0ae80d76cf0c2ffae504 to remote] DEBUG org.asynchttpclient.netty.request.NettyRequestSender - Using pooled Channel &apos;[id: 0x827a47f6, L:/192.168.0.148:54523 - R:hub-cloud.browserstack.com/103.126.7.240:80]&apos; for &apos;POST&apos; to &apos;http://sagarvarule_Nv2k8l:xTzj2eNxZytnJbrx1e6C@hub-cloud.browserstack.com/wd/hub/session/eda2ebede5b4f1c4a3da0ae80d76cf0c2ffae504/element/8cfbe3fd-c905-4b44-a975-67eebec2f904/click&apos;
21:15:56.528 [Forwarding clickElement on session eda2ebede5b4f1c4a3da0ae80d76cf0c2ffae504 to remote] DEBUG org.asynchttpclient.netty.request.NettyRequestSender - Using open Channel [id: 0x827a47f6, L:/192.168.0.148:54523 - R:hub-cloud.browserstack.com/103.126.7.240:80] for POST &apos;/wd/hub/session/eda2ebede5b4f1c4a3da0ae80d76cf0c2ffae504/element/8cfbe3fd-c905-4b44-a975-67eebec2f904/click&apos;
21:15:56.600 [AsyncHttpClient-1-6] DEBUG org.asynchttpclient.netty.handler.HttpHandler - 

Request DefaultHttpRequest(decodeResult: success, version: HTTP/1.1)
POST /wd/hub/session/eda2ebede5b4f1c4a3da0ae80d76cf0c2ffae504/element/8cfbe3fd-c905-4b44-a975-67eebec2f904/click HTTP/1.1
User-Agent: selenium/4.5.0 (java windows)
Content-Length: 50
Content-Type: application/json; charset=utf-8
host: hub-cloud.browserstack.com
authorization: Basic c2FnYXJ2YXJ1bGVfTnYyazhsOnhUemoyZU54Wnl0bkpicngxZTZD
accept: */*

Response DefaultHttpResponse(decodeResult: success, version: HTTP/1.1)
HTTP/1.1 200 OK
Server: nginx
Date: Thu, 01 Dec 2022 15:45:56 GMT
Content-Type: application/json; charset=utf-8
Connection: keep-alive
Source-From: 02
x-powered-by: Express
vary: X-HTTP-Method-Override
etag: W/&quot;e-9/1BuKMgFObM1mWJm+YjxtXJnUM&quot;
content-length: 14

21:15:56.600 [AsyncHttpClient-1-6] DEBUG org.asynchttpclient.netty.channel.ChannelManager - Adding key: http://hub-cloud.browserstack.com:80 for channel [id: 0x827a47f6, L:/192.168.0.148:54523 - R:hub-cloud.browserstack.com/103.126.7.240:80]
  &amp;#27;[32mWhen &amp;#27;[0m&amp;#27;[32mI add Note following notes&amp;#27;[0m              &amp;#27;[90m# com.example.cocusmobiletest.stepdefinitions.NewNoteStepdefs.I_add_Note_following_notes(io.cucumber.datatable.DataTable)&amp;#27;[0m
    | City      | Mumbai,NewYork, London |
    | Countries | India,Australia,Kenya  |
    | Planets   | Earth,Jupiter,Saturn   |
21:15:56.603 [Forwarding getCurrentPackage on session eda2ebede5b4f1c4a3da0ae80d76cf0c2ffae504 to remote] DEBUG org.asynchttpclient.netty.request.NettyRequestSender - Using pooled Channel &apos;[id: 0x827a47f6, L:/192.168.0.148:54523 - R:hub-cloud.browserstack.com/103.126.7.240:80]&apos; for &apos;GET&apos; to &apos;http://sagarvarule_Nv2k8l:xTzj2eNxZytnJbrx1e6C@hub-cloud.browserstack.com/wd/hub/session/eda2ebede5b4f1c4a3da0ae80d76cf0c2ffae504/appium/device/current_package&apos;
21:15:56.603 [Forwarding getCurrentPackage on session eda2ebede5b4f1c4a3da0ae80d76cf0c2ffae504 to remote] DEBUG org.asynchttpclient.netty.request.NettyRequestSender - Using open Channel [id: 0x827a47f6, L:/192.168.0.148:54523 - R:hub-cloud.browserstack.com/103.126.7.240:80] for GET &apos;/wd/hub/session/eda2ebede5b4f1c4a3da0ae80d76cf0c2ffae504/appium/device/current_package&apos;
21:15:56.751 [AsyncHttpClient-1-6] DEBUG org.asynchttpclient.netty.handler.HttpHandler - 

Request DefaultFullHttpRequest(decodeResult: success, version: HTTP/1.1, content: EmptyByteBufBE)
GET /wd/hub/session/eda2ebede5b4f1c4a3da0ae80d76cf0c2ffae504/appium/device/current_package HTTP/1.1
User-Agent: selenium/4.5.0 (java windows)
Cache-Control: no-cache
Content-Type: application/json; charset=utf-8
host: hub-cloud.browserstack.com
authorization: Basic c2FnYXJ2YXJ1bGVfTnYyazhsOnhUemoyZU54Wnl0bkpicngxZTZD
accept: */*

Response DefaultHttpResponse(decodeResult: success, version: HTTP/1.1)
HTTP/1.1 200 OK
Server: nginx
Date: Thu, 01 Dec 2022 15:45:56 GMT
Content-Type: application/json; charset=utf-8
Connection: keep-alive
Source-From: 02
x-powered-by: Express
etag: W/&quot;32-eTt0cyG1lRZFwg41v5DvvJC6bfE&quot;
content-length: 50

21:15:56.752 [AsyncHttpClient-1-6] DEBUG org.asynchttpclient.netty.channel.ChannelManager - Adding key: http://hub-cloud.browserstack.com:80 for channel [id: 0x827a47f6, L:/192.168.0.148:54523 - R:hub-cloud.browserstack.com/103.126.7.240:80]
21:15:56.752 [Forwarding terminateApp on session eda2ebede5b4f1c4a3da0ae80d76cf0c2ffae504 to remote] DEBUG org.asynchttpclient.netty.request.NettyRequestSender - Using pooled Channel &apos;[id: 0x827a47f6, L:/192.168.0.148:54523 - R:hub-cloud.browserstack.com/103.126.7.240:80]&apos; for &apos;POST&apos; to &apos;http://sagarvarule_Nv2k8l:xTzj2eNxZytnJbrx1e6C@hub-cloud.browserstack.com/wd/hub/session/eda2ebede5b4f1c4a3da0ae80d76cf0c2ffae504/appium/device/terminate_app&apos;
21:15:56.752 [Forwarding terminateApp on session eda2ebede5b4f1c4a3da0ae80d76cf0c2ffae504 to remote] DEBUG org.asynchttpclient.netty.request.NettyRequestSender - Using open Channel [id: 0x827a47f6, L:/192.168.0.148:54523 - R:hub-cloud.browserstack.com/103.126.7.240:80] for POST &apos;/wd/hub/session/eda2ebede5b4f1c4a3da0ae80d76cf0c2ffae504/appium/device/terminate_app&apos;
21:15:57.175 [AsyncHttpClient-1-6] DEBUG org.asynchttpclient.netty.handler.HttpHandler - 

Request DefaultHttpRequest(decodeResult: success, version: HTTP/1.1)
POST /wd/hub/session/eda2ebede5b4f1c4a3da0ae80d76cf0c2ffae504/appium/device/terminate_app HTTP/1.1
User-Agent: selenium/4.5.0 (java windows)
Content-Length: 58
Content-Type: application/json; charset=utf-8
host: hub-cloud.browserstack.com
authorization: Basic c2FnYXJ2YXJ1bGVfTnYyazhsOnhUemoyZU54Wnl0bkpicngxZTZD
accept: */*

Response DefaultHttpResponse(decodeResult: success, version: HTTP/1.1)
HTTP/1.1 200 OK
Server: nginx
Date: Thu, 01 Dec 2022 15:45:57 GMT
Content-Type: application/json; charset=utf-8
Connection: keep-alive
Source-From: 02
x-powered-by: Express
vary: X-HTTP-Method-Override
etag: W/&quot;e-2ZHvAWebNQpyjGZTg6uyV8/spTo&quot;
content-length: 14

21:15:57.176 [AsyncHttpClient-1-6] DEBUG org.asynchttpclient.netty.channel.ChannelManager - Adding key: http://hub-cloud.browserstack.com:80 for channel [id: 0x827a47f6, L:/192.168.0.148:54523 - R:hub-cloud.browserstack.com/103.126.7.240:80]
21:15:57.177 [Forwarding activateApp on session eda2ebede5b4f1c4a3da0ae80d76cf0c2ffae504 to remote] DEBUG org.asynchttpclient.netty.request.NettyRequestSender - Using pooled Channel &apos;[id: 0x827a47f6, L:/192.168.0.148:54523 - R:hub-cloud.browserstack.com/103.126.7.240:80]&apos; for &apos;POST&apos; to &apos;http://sagarvarule_Nv2k8l:xTzj2eNxZytnJbrx1e6C@hub-cloud.browserstack.com/wd/hub/session/eda2ebede5b4f1c4a3da0ae80d76cf0c2ffae504/appium/device/activate_app&apos;
21:15:57.177 [Forwarding activateApp on session eda2ebede5b4f1c4a3da0ae80d76cf0c2ffae504 to remote] DEBUG org.asynchttpclient.netty.request.NettyRequestSender - Using open Channel [id: 0x827a47f6, L:/192.168.0.148:54523 - R:hub-cloud.browserstack.com/103.126.7.240:80] for POST &apos;/wd/hub/session/eda2ebede5b4f1c4a3da0ae80d76cf0c2ffae504/appium/device/activate_app&apos;
21:15:57.653 [AsyncHttpClient-1-6] DEBUG org.asynchttpclient.netty.handler.HttpHandler - 

Request DefaultHttpRequest(decodeResult: success, version: HTTP/1.1)
POST /wd/hub/session/eda2ebede5b4f1c4a3da0ae80d76cf0c2ffae504/appium/device/activate_app HTTP/1.1
User-Agent: selenium/4.5.0 (java windows)
Content-Length: 58
Content-Type: application/json; charset=utf-8
host: hub-cloud.browserstack.com
authorization: Basic c2FnYXJ2YXJ1bGVfTnYyazhsOnhUemoyZU54Wnl0bkpicngxZTZD
accept: */*

Response DefaultHttpResponse(decodeResult: success, version: HTTP/1.1)
HTTP/1.1 200 OK
Server: nginx
Date: Thu, 01 Dec 2022 15:45:57 GMT
Content-Type: application/json; charset=utf-8
Connection: keep-alive
Source-From: 02
x-powered-by: Express
vary: X-HTTP-Method-Override
etag: W/&quot;e-9/1BuKMgFObM1mWJm+YjxtXJnUM&quot;
content-length: 14

21:15:57.653 [AsyncHttpClient-1-6] DEBUG org.asynchttpclient.netty.channel.ChannelManager - Adding key: http://hub-cloud.browserstack.com:80 for channel [id: 0x827a47f6, L:/192.168.0.148:54523 - R:hub-cloud.browserstack.com/103.126.7.240:80]
21:15:57.654 [Forwarding setScreenOrientation on session eda2ebede5b4f1c4a3da0ae80d76cf0c2ffae504 to remote] DEBUG org.asynchttpclient.netty.request.NettyRequestSender - Using pooled Channel &apos;[id: 0x827a47f6, L:/192.168.0.148:54523 - R:hub-cloud.browserstack.com/103.126.7.240:80]&apos; for &apos;POST&apos; to &apos;http://sagarvarule_Nv2k8l:xTzj2eNxZytnJbrx1e6C@hub-cloud.browserstack.com/wd/hub/session/eda2ebede5b4f1c4a3da0ae80d76cf0c2ffae504/orientation&apos;
21:15:57.654 [Forwarding setScreenOrientation on session eda2ebede5b4f1c4a3da0ae80d76cf0c2ffae504 to remote] DEBUG org.asynchttpclient.netty.request.NettyRequestSender - Using open Channel [id: 0x827a47f6, L:/192.168.0.148:54523 - R:hub-cloud.browserstack.com/103.126.7.240:80] for POST &apos;/wd/hub/session/eda2ebede5b4f1c4a3da0ae80d76cf0c2ffae504/orientation&apos;
21:15:59.213 [AsyncHttpClient-1-6] DEBUG org.asynchttpclient.netty.handler.HttpHandler - 

Request DefaultHttpRequest(decodeResult: success, version: HTTP/1.1)
POST /wd/hub/session/eda2ebede5b4f1c4a3da0ae80d76cf0c2ffae504/orientation HTTP/1.1
User-Agent: selenium/4.5.0 (java windows)
Content-Length: 31
Content-Type: application/json; charset=utf-8
host: hub-cloud.browserstack.com
authorization: Basic c2FnYXJ2YXJ1bGVfTnYyazhsOnhUemoyZU54Wnl0bkpicngxZTZD
accept: */*

Response DefaultHttpResponse(decodeResult: success, version: HTTP/1.1)
HTTP/1.1 200 OK
Server: nginx
Date: Thu, 01 Dec 2022 15:45:59 GMT
Content-Type: application/json; charset=utf-8
Transfer-Encoding: chunked
Connection: keep-alive
Source-From: 02
cache-control: no-cache

21:15:59.213 [AsyncHttpClient-1-6] DEBUG org.asynchttpclient.netty.channel.ChannelManager - Adding key: http://hub-cloud.browserstack.com:80 for channel [id: 0x827a47f6, L:/192.168.0.148:54523 - R:hub-cloud.browserstack.com/103.126.7.240:80]
  &amp;#27;[32mAnd &amp;#27;[0m&amp;#27;[32mI restart app&amp;#27;[0m                            &amp;#27;[90m# com.example.cocusmobiletest.stepdefinitions.NewNoteStepdefs.restart_app()&amp;#27;[0m
21:15:59.219 [Forwarding findElement on session eda2ebede5b4f1c4a3da0ae80d76cf0c2ffae504 to remote] DEBUG org.asynchttpclient.netty.request.NettyRequestSender - Using pooled Channel &apos;[id: 0x827a47f6, L:/192.168.0.148:54523 - R:hub-cloud.browserstack.com/103.126.7.240:80]&apos; for &apos;POST&apos; to &apos;http://sagarvarule_Nv2k8l:xTzj2eNxZytnJbrx1e6C@hub-cloud.browserstack.com/wd/hub/session/eda2ebede5b4f1c4a3da0ae80d76cf0c2ffae504/element&apos;
21:15:59.219 [Forwarding findElement on session eda2ebede5b4f1c4a3da0ae80d76cf0c2ffae504 to remote] DEBUG org.asynchttpclient.netty.request.NettyRequestSender - Using open Channel [id: 0x827a47f6, L:/192.168.0.148:54523 - R:hub-cloud.browserstack.com/103.126.7.240:80] for POST &apos;/wd/hub/session/eda2ebede5b4f1c4a3da0ae80d76cf0c2ffae504/element&apos;
21:16:00.419 [AsyncHttpClient-1-6] DEBUG org.asynchttpclient.netty.handler.HttpHandler - 

Request DefaultHttpRequest(decodeResult: success, version: HTTP/1.1)
POST /wd/hub/session/eda2ebede5b4f1c4a3da0ae80d76cf0c2ffae504/element HTTP/1.1
User-Agent: selenium/4.5.0 (java windows)
Content-Length: 94
Content-Type: application/json; charset=utf-8
host: hub-cloud.browserstack.com
authorization: Basic c2FnYXJ2YXJ1bGVfTnYyazhsOnhUemoyZU54Wnl0bkpicngxZTZD
accept: */*

Response DefaultHttpResponse(decodeResult: success, version: HTTP/1.1)
HTTP/1.1 200 OK
Server: nginx
Date: Thu, 01 Dec 2022 15:46:00 GMT
Content-Type: application/json; charset=utf-8
Connection: keep-alive
Source-From: 02
x-powered-by: Express
vary: X-HTTP-Method-Override
etag: W/&quot;89-sMfYEfCa5JExmzPYmWd9pf6V0i4&quot;
content-length: 137

21:16:00.419 [AsyncHttpClient-1-6] DEBUG org.asynchttpclient.netty.channel.ChannelManager - Adding key: http://hub-cloud.browserstack.com:80 for channel [id: 0x827a47f6, L:/192.168.0.148:54523 - R:hub-cloud.browserstack.com/103.126.7.240:80]
21:16:00.420 [Forwarding isElementDisplayed on session eda2ebede5b4f1c4a3da0ae80d76cf0c2ffae504 to remote] DEBUG org.asynchttpclient.netty.request.NettyRequestSender - Using pooled Channel &apos;[id: 0x827a47f6, L:/192.168.0.148:54523 - R:hub-cloud.browserstack.com/103.126.7.240:80]&apos; for &apos;GET&apos; to &apos;http://sagarvarule_Nv2k8l:xTzj2eNxZytnJbrx1e6C@hub-cloud.browserstack.com/wd/hub/session/eda2ebede5b4f1c4a3da0ae80d76cf0c2ffae504/element/05847d74-bcf3-401f-ac33-2ba80641caef/displayed&apos;
21:16:00.420 [Forwarding isElementDisplayed on session eda2ebede5b4f1c4a3da0ae80d76cf0c2ffae504 to remote] DEBUG org.asynchttpclient.netty.request.NettyRequestSender - Using open Channel [id: 0x827a47f6, L:/192.168.0.148:54523 - R:hub-cloud.browserstack.com/103.126.7.240:80] for GET &apos;/wd/hub/session/eda2ebede5b4f1c4a3da0ae80d76cf0c2ffae504/element/05847d74-bcf3-401f-ac33-2ba80641caef/displayed&apos;
21:16:00.515 [AsyncHttpClient-1-6] DEBUG org.asynchttpclient.netty.handler.HttpHandler - 

Request DefaultFullHttpRequest(decodeResult: success, version: HTTP/1.1, content: EmptyByteBufBE)
GET /wd/hub/session/eda2ebede5b4f1c4a3da0ae80d76cf0c2ffae504/element/05847d74-bcf3-401f-ac33-2ba80641caef/displayed HTTP/1.1
User-Agent: selenium/4.5.0 (java windows)
Cache-Control: no-cache
Content-Type: application/json; charset=utf-8
host: hub-cloud.browserstack.com
authorization: Basic c2FnYXJ2YXJ1bGVfTnYyazhsOnhUemoyZU54Wnl0bkpicngxZTZD
accept: */*

Response DefaultHttpResponse(decodeResult: success, version: HTTP/1.1)
HTTP/1.1 200 OK
Server: nginx
Date: Thu, 01 Dec 2022 15:46:00 GMT
Content-Type: application/json; charset=utf-8
Connection: keep-alive
Source-From: 02
x-powered-by: Express
etag: W/&quot;e-2ZHvAWebNQpyjGZTg6uyV8/spTo&quot;
content-length: 14

21:16:00.515 [AsyncHttpClient-1-6] DEBUG org.asynchttpclient.netty.channel.ChannelManager - Adding key: http://hub-cloud.browserstack.com:80 for channel [id: 0x827a47f6, L:/192.168.0.148:54523 - R:hub-cloud.browserstack.com/103.126.7.240:80]
21:16:00.518 [Forwarding findElement on session eda2ebede5b4f1c4a3da0ae80d76cf0c2ffae504 to remote] DEBUG org.asynchttpclient.netty.request.NettyRequestSender - Using pooled Channel &apos;[id: 0x827a47f6, L:/192.168.0.148:54523 - R:hub-cloud.browserstack.com/103.126.7.240:80]&apos; for &apos;POST&apos; to &apos;http://sagarvarule_Nv2k8l:xTzj2eNxZytnJbrx1e6C@hub-cloud.browserstack.com/wd/hub/session/eda2ebede5b4f1c4a3da0ae80d76cf0c2ffae504/element&apos;
21:16:00.518 [Forwarding findElement on session eda2ebede5b4f1c4a3da0ae80d76cf0c2ffae504 to remote] DEBUG org.asynchttpclient.netty.request.NettyRequestSender - Using open Channel [id: 0x827a47f6, L:/192.168.0.148:54523 - R:hub-cloud.browserstack.com/103.126.7.240:80] for POST &apos;/wd/hub/session/eda2ebede5b4f1c4a3da0ae80d76cf0c2ffae504/element&apos;
21:16:00.588 [AsyncHttpClient-1-6] DEBUG org.asynchttpclient.netty.handler.HttpHandler - 

Request DefaultHttpRequest(decodeResult: success, version: HTTP/1.1)
POST /wd/hub/session/eda2ebede5b4f1c4a3da0ae80d76cf0c2ffae504/element HTTP/1.1
User-Agent: selenium/4.5.0 (java windows)
Content-Length: 94
Content-Type: application/json; charset=utf-8
host: hub-cloud.browserstack.com
authorization: Basic c2FnYXJ2YXJ1bGVfTnYyazhsOnhUemoyZU54Wnl0bkpicngxZTZD
accept: */*

Response DefaultHttpResponse(decodeResult: success, version: HTTP/1.1)
HTTP/1.1 200 OK
Server: nginx
Date: Thu, 01 Dec 2022 15:46:00 GMT
Content-Type: application/json; charset=utf-8
Connection: close
Source-From: 02
x-powered-by: Express
vary: X-HTTP-Method-Override
etag: W/&quot;89-Qxwtd/NwCb3n/zoLh+37ABLt1VM&quot;
content-length: 137

21:16:00.588 [AsyncHttpClient-1-6] DEBUG org.asynchttpclient.netty.channel.ChannelManager - Closing Channel [id: 0x827a47f6, L:/192.168.0.148:54523 - R:hub-cloud.browserstack.com/103.126.7.240:80] 
21:16:00.589 [AsyncHttpClient-1-6] DEBUG org.asynchttpclient.netty.handler.HttpHandler - Channel Closed: [id: 0x827a47f6, L:/192.168.0.148:54523 ! R:hub-cloud.browserstack.com/103.126.7.240:80] with attribute DISCARD
21:16:00.632 [AsyncHttpClient-1-7] DEBUG org.asynchttpclient.netty.channel.NettyConnectListener - Using new Channel &apos;[id: 0x870803f6, L:/192.168.0.148:54533 - R:hub-cloud.browserstack.com/103.126.7.240:80]&apos; for &apos;GET&apos; to &apos;/wd/hub/session/eda2ebede5b4f1c4a3da0ae80d76cf0c2ffae504/element/58b65592-d61e-452c-849c-8c9d37e87ef8/enabled&apos;
21:16:00.693 [AsyncHttpClient-1-7] DEBUG org.asynchttpclient.netty.handler.HttpHandler - 

Request DefaultFullHttpRequest(decodeResult: success, version: HTTP/1.1, content: EmptyByteBufBE)
GET /wd/hub/session/eda2ebede5b4f1c4a3da0ae80d76cf0c2ffae504/element/58b65592-d61e-452c-849c-8c9d37e87ef8/enabled HTTP/1.1
User-Agent: selenium/4.5.0 (java windows)
Cache-Control: no-cache
Content-Type: application/json; charset=utf-8
host: hub-cloud.browserstack.com
authorization: Basic c2FnYXJ2YXJ1bGVfTnYyazhsOnhUemoyZU54Wnl0bkpicngxZTZD
accept: */*

Response DefaultHttpResponse(decodeResult: success, version: HTTP/1.1)
HTTP/1.1 200 OK
Server: nginx
Date: Thu, 01 Dec 2022 15:46:00 GMT
Content-Type: application/json; charset=utf-8
Connection: keep-alive
Source-From: 02
x-powered-by: Express
etag: W/&quot;e-2ZHvAWebNQpyjGZTg6uyV8/spTo&quot;
content-length: 14

21:16:00.693 [AsyncHttpClient-1-7] DEBUG org.asynchttpclient.netty.channel.ChannelManager - Adding key: http://hub-cloud.browserstack.com:80 for channel [id: 0x870803f6, L:/192.168.0.148:54533 - R:hub-cloud.browserstack.com/103.126.7.240:80]
21:16:00.697 [Forwarding findElements on session eda2ebede5b4f1c4a3da0ae80d76cf0c2ffae504 to remote] DEBUG org.asynchttpclient.netty.request.NettyRequestSender - Using pooled Channel &apos;[id: 0x870803f6, L:/192.168.0.148:54533 - R:hub-cloud.browserstack.com/103.126.7.240:80]&apos; for &apos;POST&apos; to &apos;http://sagarvarule_Nv2k8l:xTzj2eNxZytnJbrx1e6C@hub-cloud.browserstack.com/wd/hub/session/eda2ebede5b4f1c4a3da0ae80d76cf0c2ffae504/elements&apos;
21:16:00.697 [Forwarding findElements on session eda2ebede5b4f1c4a3da0ae80d76cf0c2ffae504 to remote] DEBUG org.asynchttpclient.netty.request.NettyRequestSender - Using open Channel [id: 0x870803f6, L:/192.168.0.148:54533 - R:hub-cloud.browserstack.com/103.126.7.240:80] for POST &apos;/wd/hub/session/eda2ebede5b4f1c4a3da0ae80d76cf0c2ffae504/elements&apos;
21:16:00.775 [AsyncHttpClient-1-7] DEBUG org.asynchttpclient.netty.handler.HttpHandler - 

Request DefaultHttpRequest(decodeResult: success, version: HTTP/1.1)
POST /wd/hub/session/eda2ebede5b4f1c4a3da0ae80d76cf0c2ffae504/elements HTTP/1.1
User-Agent: selenium/4.5.0 (java windows)
Content-Length: 98
Content-Type: application/json; charset=utf-8
host: hub-cloud.browserstack.com
authorization: Basic c2FnYXJ2YXJ1bGVfTnYyazhsOnhUemoyZU54Wnl0bkpicngxZTZD
accept: */*

Response DefaultHttpResponse(decodeResult: success, version: HTTP/1.1)
HTTP/1.1 200 OK
Server: nginx
Date: Thu, 01 Dec 2022 15:46:00 GMT
Content-Type: application/json; charset=utf-8
Connection: keep-alive
Source-From: 02
x-powered-by: Express
vary: X-HTTP-Method-Override
etag: W/&quot;c-ct3goOI+b+kRZv2R9j2fTtMXwkk&quot;
content-length: 12

21:16:00.775 [AsyncHttpClient-1-7] DEBUG org.asynchttpclient.netty.channel.ChannelManager - Adding key: http://hub-cloud.browserstack.com:80 for channel [id: 0x870803f6, L:/192.168.0.148:54533 - R:hub-cloud.browserstack.com/103.126.7.240:80]
  &amp;#27;[31mThen &amp;#27;[0m&amp;#27;[31mVerify Note count is &amp;#27;[0m&amp;#27;[31m&amp;#27;[1m&quot;3&quot;&amp;#27;[0m                &amp;#27;[90m# com.example.cocusmobiletest.stepdefinitions.NewNoteStepdefs.Verify_Note_count_is(java.lang.String)&amp;#27;[0m
      &amp;#27;[31mjava.lang.AssertionError: Note count is not as expected expected:&lt;3&gt; but was:&lt;0&gt;
	at org.junit.Assert.fail(Assert.java:88)
	at org.junit.Assert.failNotEquals(Assert.java:743)
	at org.junit.Assert.assertEquals(Assert.java:118)
	at com.example.cocusmobiletest.stepdefinitions.NewNoteStepdefs.Verify_Note_count_is(NewNoteStepdefs.java:111)
	at Ã¢Å“Â½.Verify Note count is &quot;3&quot;(file:///C:/SagarV/Projects/COCUS-Challenge/cocus-mobiletest-challenge/cocus-mobile-test/src/test/resources/features/AddNotes.feature:58)
&amp;#27;[0m
21:16:00.782 [Forwarding screenshot on session eda2ebede5b4f1c4a3da0ae80d76cf0c2ffae504 to remote] DEBUG org.asynchttpclient.netty.request.NettyRequestSender - Using pooled Channel &apos;[id: 0x870803f6, L:/192.168.0.148:54533 - R:hub-cloud.browserstack.com/103.126.7.240:80]&apos; for &apos;GET&apos; to &apos;http://sagarvarule_Nv2k8l:xTzj2eNxZytnJbrx1e6C@hub-cloud.browserstack.com/wd/hub/session/eda2ebede5b4f1c4a3da0ae80d76cf0c2ffae504/screenshot&apos;
21:16:00.782 [Forwarding screenshot on session eda2ebede5b4f1c4a3da0ae80d76cf0c2ffae504 to remote] DEBUG org.asynchttpclient.netty.request.NettyRequestSender - Using open Channel [id: 0x870803f6, L:/192.168.0.148:54533 - R:hub-cloud.browserstack.com/103.126.7.240:80] for GET &apos;/wd/hub/session/eda2ebede5b4f1c4a3da0ae80d76cf0c2ffae504/screenshot&apos;
21:16:01.297 [AsyncHttpClient-1-7] DEBUG org.asynchttpclient.netty.handler.HttpHandler - 

Request DefaultFullHttpRequest(decodeResult: success, version: HTTP/1.1, content: EmptyByteBufBE)
GET /wd/hub/session/eda2ebede5b4f1c4a3da0ae80d76cf0c2ffae504/screenshot HTTP/1.1
User-Agent: selenium/4.5.0 (java windows)
Cache-Control: no-cache
Content-Type: application/json; charset=utf-8
host: hub-cloud.browserstack.com
authorization: Basic c2FnYXJ2YXJ1bGVfTnYyazhsOnhUemoyZU54Wnl0bkpicngxZTZD
accept: */*

Response DefaultHttpResponse(decodeResult: success, version: HTTP/1.1)
HTTP/1.1 200 OK
Server: nginx
Date: Thu, 01 Dec 2022 15:46:01 GMT
Content-Type: application/json; charset=utf-8
Connection: keep-alive
Source-From: 02
x-powered-by: Express
etag: W/&quot;db82-ar6/IOj1lAvHzzSVb2Vy7GVBZWQ&quot;
content-length: 56194

21:16:01.456 [AsyncHttpClient-1-7] DEBUG org.asynchttpclient.netty.channel.ChannelManager - Adding key: http://hub-cloud.browserstack.com:80 for channel [id: 0x870803f6, L:/192.168.0.148:54533 - R:hub-cloud.browserstack.com/103.126.7.240:80]

    Embedding Notes are saved after Restarting App [image/png 41053 bytes]

</system-out>
  </testcase>
  <testcase classname="Add Notes" name="Verify Blank Note Cannot be added" time="10.77"/>
  <testcase classname="Verify required UI elements of Note app" name="Verify Dashboard screen" time="6.382"/>
  <testcase classname="Verify required UI elements of Note app" name="Verify New Note screen" time="12.721"/>
  <testcase classname="Verify required UI elements of Note app" name="Verify Statistics screen" time="8.187">
    <failure message="expected:&lt;No statist[i]cs&gt; but was:&lt;No statist[]cs&gt;" type="org.junit.ComparisonFailure">org.junit.ComparisonFailure: expected:&lt;No statist[i]cs&gt; but was:&lt;No statist[]cs&gt;
	at org.junit.Assert.assertEquals(Assert.java:115)
	at org.junit.Assert.assertEquals(Assert.java:144)
	at com.example.cocusmobiletest.stepdefinitions.UIStepdefs.Verify_Statistics_screen_shows_message(UIStepdefs.java:91)
	at âœ½.Verify Statistics screen shows &quot;No statistics&quot; message(file:///C:/SagarV/Projects/COCUS-Challenge/cocus-mobiletest-challenge/cocus-mobile-test/src/test/resources/features/UI.feature:25)
</failure>
    <system-out>
@wip
Scenario: Verify Statistics screen                            &amp;#27;[90m# src/test/resources/features/UI.feature:22&amp;#27;[0m
21:16:31.363 [Forwarding getCurrentPackage on session eda2ebede5b4f1c4a3da0ae80d76cf0c2ffae504 to remote] DEBUG org.asynchttpclient.netty.request.NettyRequestSender - Using pooled Channel &apos;[id: 0x3f3c271a, L:/192.168.0.148:63298 - R:hub-cloud.browserstack.com/103.126.7.240:80]&apos; for &apos;GET&apos; to &apos;http://sagarvarule_Nv2k8l:xTzj2eNxZytnJbrx1e6C@hub-cloud.browserstack.com/wd/hub/session/eda2ebede5b4f1c4a3da0ae80d76cf0c2ffae504/appium/device/current_package&apos;
21:16:31.363 [Forwarding getCurrentPackage on session eda2ebede5b4f1c4a3da0ae80d76cf0c2ffae504 to remote] DEBUG org.asynchttpclient.netty.request.NettyRequestSender - Using open Channel [id: 0x3f3c271a, L:/192.168.0.148:63298 - R:hub-cloud.browserstack.com/103.126.7.240:80] for GET &apos;/wd/hub/session/eda2ebede5b4f1c4a3da0ae80d76cf0c2ffae504/appium/device/current_package&apos;
21:16:31.508 [AsyncHttpClient-1-8] DEBUG org.asynchttpclient.netty.handler.HttpHandler - 

Request DefaultFullHttpRequest(decodeResult: success, version: HTTP/1.1, content: EmptyByteBufBE)
GET /wd/hub/session/eda2ebede5b4f1c4a3da0ae80d76cf0c2ffae504/appium/device/current_package HTTP/1.1
User-Agent: selenium/4.5.0 (java windows)
Cache-Control: no-cache
Content-Type: application/json; charset=utf-8
host: hub-cloud.browserstack.com
authorization: Basic c2FnYXJ2YXJ1bGVfTnYyazhsOnhUemoyZU54Wnl0bkpicngxZTZD
accept: */*

Response DefaultHttpResponse(decodeResult: success, version: HTTP/1.1)
HTTP/1.1 200 OK
Server: nginx
Date: Thu, 01 Dec 2022 15:46:31 GMT
Content-Type: application/json; charset=utf-8
Connection: keep-alive
Source-From: 02
x-powered-by: Express
etag: W/&quot;32-eTt0cyG1lRZFwg41v5DvvJC6bfE&quot;
content-length: 50

21:16:31.508 [AsyncHttpClient-1-8] DEBUG org.asynchttpclient.netty.channel.ChannelManager - Adding key: http://hub-cloud.browserstack.com:80 for channel [id: 0x3f3c271a, L:/192.168.0.148:63298 - R:hub-cloud.browserstack.com/103.126.7.240:80]
21:16:31.509 [Forwarding terminateApp on session eda2ebede5b4f1c4a3da0ae80d76cf0c2ffae504 to remote] DEBUG org.asynchttpclient.netty.request.NettyRequestSender - Using pooled Channel &apos;[id: 0x3f3c271a, L:/192.168.0.148:63298 - R:hub-cloud.browserstack.com/103.126.7.240:80]&apos; for &apos;POST&apos; to &apos;http://sagarvarule_Nv2k8l:xTzj2eNxZytnJbrx1e6C@hub-cloud.browserstack.com/wd/hub/session/eda2ebede5b4f1c4a3da0ae80d76cf0c2ffae504/appium/device/terminate_app&apos;
21:16:31.509 [Forwarding terminateApp on session eda2ebede5b4f1c4a3da0ae80d76cf0c2ffae504 to remote] DEBUG org.asynchttpclient.netty.request.NettyRequestSender - Using open Channel [id: 0x3f3c271a, L:/192.168.0.148:63298 - R:hub-cloud.browserstack.com/103.126.7.240:80] for POST &apos;/wd/hub/session/eda2ebede5b4f1c4a3da0ae80d76cf0c2ffae504/appium/device/terminate_app&apos;
21:16:31.869 [AsyncHttpClient-1-8] DEBUG org.asynchttpclient.netty.handler.HttpHandler - 

Request DefaultHttpRequest(decodeResult: success, version: HTTP/1.1)
POST /wd/hub/session/eda2ebede5b4f1c4a3da0ae80d76cf0c2ffae504/appium/device/terminate_app HTTP/1.1
User-Agent: selenium/4.5.0 (java windows)
Content-Length: 58
Content-Type: application/json; charset=utf-8
host: hub-cloud.browserstack.com
authorization: Basic c2FnYXJ2YXJ1bGVfTnYyazhsOnhUemoyZU54Wnl0bkpicngxZTZD
accept: */*

Response DefaultHttpResponse(decodeResult: success, version: HTTP/1.1)
HTTP/1.1 200 OK
Server: nginx
Date: Thu, 01 Dec 2022 15:46:31 GMT
Content-Type: application/json; charset=utf-8
Connection: keep-alive
Source-From: 02
x-powered-by: Express
vary: X-HTTP-Method-Override
etag: W/&quot;e-2ZHvAWebNQpyjGZTg6uyV8/spTo&quot;
content-length: 14

21:16:31.870 [AsyncHttpClient-1-8] DEBUG org.asynchttpclient.netty.channel.ChannelManager - Adding key: http://hub-cloud.browserstack.com:80 for channel [id: 0x3f3c271a, L:/192.168.0.148:63298 - R:hub-cloud.browserstack.com/103.126.7.240:80]
21:16:31.871 [Forwarding activateApp on session eda2ebede5b4f1c4a3da0ae80d76cf0c2ffae504 to remote] DEBUG org.asynchttpclient.netty.request.NettyRequestSender - Using pooled Channel &apos;[id: 0x3f3c271a, L:/192.168.0.148:63298 - R:hub-cloud.browserstack.com/103.126.7.240:80]&apos; for &apos;POST&apos; to &apos;http://sagarvarule_Nv2k8l:xTzj2eNxZytnJbrx1e6C@hub-cloud.browserstack.com/wd/hub/session/eda2ebede5b4f1c4a3da0ae80d76cf0c2ffae504/appium/device/activate_app&apos;
21:16:31.871 [Forwarding activateApp on session eda2ebede5b4f1c4a3da0ae80d76cf0c2ffae504 to remote] DEBUG org.asynchttpclient.netty.request.NettyRequestSender - Using open Channel [id: 0x3f3c271a, L:/192.168.0.148:63298 - R:hub-cloud.browserstack.com/103.126.7.240:80] for POST &apos;/wd/hub/session/eda2ebede5b4f1c4a3da0ae80d76cf0c2ffae504/appium/device/activate_app&apos;
21:16:32.370 [AsyncHttpClient-1-8] DEBUG org.asynchttpclient.netty.handler.HttpHandler - 

Request DefaultHttpRequest(decodeResult: success, version: HTTP/1.1)
POST /wd/hub/session/eda2ebede5b4f1c4a3da0ae80d76cf0c2ffae504/appium/device/activate_app HTTP/1.1
User-Agent: selenium/4.5.0 (java windows)
Content-Length: 58
Content-Type: application/json; charset=utf-8
host: hub-cloud.browserstack.com
authorization: Basic c2FnYXJ2YXJ1bGVfTnYyazhsOnhUemoyZU54Wnl0bkpicngxZTZD
accept: */*

Response DefaultHttpResponse(decodeResult: success, version: HTTP/1.1)
HTTP/1.1 200 OK
Server: nginx
Date: Thu, 01 Dec 2022 15:46:32 GMT
Content-Type: application/json; charset=utf-8
Connection: keep-alive
Source-From: 02
x-powered-by: Express
vary: X-HTTP-Method-Override
etag: W/&quot;e-9/1BuKMgFObM1mWJm+YjxtXJnUM&quot;
content-length: 14

21:16:32.370 [AsyncHttpClient-1-8] DEBUG org.asynchttpclient.netty.channel.ChannelManager - Adding key: http://hub-cloud.browserstack.com:80 for channel [id: 0x3f3c271a, L:/192.168.0.148:63298 - R:hub-cloud.browserstack.com/103.126.7.240:80]
21:16:32.371 [Forwarding setScreenOrientation on session eda2ebede5b4f1c4a3da0ae80d76cf0c2ffae504 to remote] DEBUG org.asynchttpclient.netty.request.NettyRequestSender - Using pooled Channel &apos;[id: 0x3f3c271a, L:/192.168.0.148:63298 - R:hub-cloud.browserstack.com/103.126.7.240:80]&apos; for &apos;POST&apos; to &apos;http://sagarvarule_Nv2k8l:xTzj2eNxZytnJbrx1e6C@hub-cloud.browserstack.com/wd/hub/session/eda2ebede5b4f1c4a3da0ae80d76cf0c2ffae504/orientation&apos;
21:16:32.372 [Forwarding setScreenOrientation on session eda2ebede5b4f1c4a3da0ae80d76cf0c2ffae504 to remote] DEBUG org.asynchttpclient.netty.request.NettyRequestSender - Using open Channel [id: 0x3f3c271a, L:/192.168.0.148:63298 - R:hub-cloud.browserstack.com/103.126.7.240:80] for POST &apos;/wd/hub/session/eda2ebede5b4f1c4a3da0ae80d76cf0c2ffae504/orientation&apos;
21:16:33.926 [AsyncHttpClient-1-8] DEBUG org.asynchttpclient.netty.handler.HttpHandler - 

Request DefaultHttpRequest(decodeResult: success, version: HTTP/1.1)
POST /wd/hub/session/eda2ebede5b4f1c4a3da0ae80d76cf0c2ffae504/orientation HTTP/1.1
User-Agent: selenium/4.5.0 (java windows)
Content-Length: 31
Content-Type: application/json; charset=utf-8
host: hub-cloud.browserstack.com
authorization: Basic c2FnYXJ2YXJ1bGVfTnYyazhsOnhUemoyZU54Wnl0bkpicngxZTZD
accept: */*

Response DefaultHttpResponse(decodeResult: success, version: HTTP/1.1)
HTTP/1.1 200 OK
Server: nginx
Date: Thu, 01 Dec 2022 15:46:33 GMT
Content-Type: application/json; charset=utf-8
Transfer-Encoding: chunked
Connection: keep-alive
Source-From: 02
cache-control: no-cache

21:16:33.926 [AsyncHttpClient-1-8] DEBUG org.asynchttpclient.netty.channel.ChannelManager - Adding key: http://hub-cloud.browserstack.com:80 for channel [id: 0x3f3c271a, L:/192.168.0.148:63298 - R:hub-cloud.browserstack.com/103.126.7.240:80]
  &amp;#27;[32mGiven &amp;#27;[0m&amp;#27;[32mI open Note App&amp;#27;[0m                                       &amp;#27;[90m# com.example.cocusmobiletest.stepdefinitions.UIStepdefs.I_open_Note_App()&amp;#27;[0m
21:16:33.931 [Forwarding findElement on session eda2ebede5b4f1c4a3da0ae80d76cf0c2ffae504 to remote] DEBUG org.asynchttpclient.netty.request.NettyRequestSender - Using pooled Channel &apos;[id: 0x3f3c271a, L:/192.168.0.148:63298 - R:hub-cloud.browserstack.com/103.126.7.240:80]&apos; for &apos;POST&apos; to &apos;http://sagarvarule_Nv2k8l:xTzj2eNxZytnJbrx1e6C@hub-cloud.browserstack.com/wd/hub/session/eda2ebede5b4f1c4a3da0ae80d76cf0c2ffae504/element&apos;
21:16:33.931 [Forwarding findElement on session eda2ebede5b4f1c4a3da0ae80d76cf0c2ffae504 to remote] DEBUG org.asynchttpclient.netty.request.NettyRequestSender - Using open Channel [id: 0x3f3c271a, L:/192.168.0.148:63298 - R:hub-cloud.browserstack.com/103.126.7.240:80] for POST &apos;/wd/hub/session/eda2ebede5b4f1c4a3da0ae80d76cf0c2ffae504/element&apos;
21:16:34.955 [AsyncHttpClient-1-8] DEBUG org.asynchttpclient.netty.handler.HttpHandler - 

Request DefaultHttpRequest(decodeResult: success, version: HTTP/1.1)
POST /wd/hub/session/eda2ebede5b4f1c4a3da0ae80d76cf0c2ffae504/element HTTP/1.1
User-Agent: selenium/4.5.0 (java windows)
Content-Length: 59
Content-Type: application/json; charset=utf-8
host: hub-cloud.browserstack.com
authorization: Basic c2FnYXJ2YXJ1bGVfTnYyazhsOnhUemoyZU54Wnl0bkpicngxZTZD
accept: */*

Response DefaultHttpResponse(decodeResult: success, version: HTTP/1.1)
HTTP/1.1 200 OK
Server: nginx
Date: Thu, 01 Dec 2022 15:46:34 GMT
Content-Type: application/json; charset=utf-8
Connection: keep-alive
Source-From: 02
x-powered-by: Express
vary: X-HTTP-Method-Override
etag: W/&quot;89-OzqaGOt1PcpbysfPzv1NSuqlfRA&quot;
content-length: 137

21:16:34.955 [AsyncHttpClient-1-8] DEBUG org.asynchttpclient.netty.channel.ChannelManager - Adding key: http://hub-cloud.browserstack.com:80 for channel [id: 0x3f3c271a, L:/192.168.0.148:63298 - R:hub-cloud.browserstack.com/103.126.7.240:80]
21:16:34.956 [Forwarding isElementDisplayed on session eda2ebede5b4f1c4a3da0ae80d76cf0c2ffae504 to remote] DEBUG org.asynchttpclient.netty.request.NettyRequestSender - Using pooled Channel &apos;[id: 0x3f3c271a, L:/192.168.0.148:63298 - R:hub-cloud.browserstack.com/103.126.7.240:80]&apos; for &apos;GET&apos; to &apos;http://sagarvarule_Nv2k8l:xTzj2eNxZytnJbrx1e6C@hub-cloud.browserstack.com/wd/hub/session/eda2ebede5b4f1c4a3da0ae80d76cf0c2ffae504/element/206b3747-7bf5-4d1d-aa25-edb2168d92c1/displayed&apos;
21:16:34.956 [Forwarding isElementDisplayed on session eda2ebede5b4f1c4a3da0ae80d76cf0c2ffae504 to remote] DEBUG org.asynchttpclient.netty.request.NettyRequestSender - Using open Channel [id: 0x3f3c271a, L:/192.168.0.148:63298 - R:hub-cloud.browserstack.com/103.126.7.240:80] for GET &apos;/wd/hub/session/eda2ebede5b4f1c4a3da0ae80d76cf0c2ffae504/element/206b3747-7bf5-4d1d-aa25-edb2168d92c1/displayed&apos;
21:16:35.068 [AsyncHttpClient-1-8] DEBUG org.asynchttpclient.netty.handler.HttpHandler - 

Request DefaultFullHttpRequest(decodeResult: success, version: HTTP/1.1, content: EmptyByteBufBE)
GET /wd/hub/session/eda2ebede5b4f1c4a3da0ae80d76cf0c2ffae504/element/206b3747-7bf5-4d1d-aa25-edb2168d92c1/displayed HTTP/1.1
User-Agent: selenium/4.5.0 (java windows)
Cache-Control: no-cache
Content-Type: application/json; charset=utf-8
host: hub-cloud.browserstack.com
authorization: Basic c2FnYXJ2YXJ1bGVfTnYyazhsOnhUemoyZU54Wnl0bkpicngxZTZD
accept: */*

Response DefaultHttpResponse(decodeResult: success, version: HTTP/1.1)
HTTP/1.1 200 OK
Server: nginx
Date: Thu, 01 Dec 2022 15:46:35 GMT
Content-Type: application/json; charset=utf-8
Connection: keep-alive
Source-From: 02
x-powered-by: Express
etag: W/&quot;e-2ZHvAWebNQpyjGZTg6uyV8/spTo&quot;
content-length: 14

21:16:35.068 [AsyncHttpClient-1-8] DEBUG org.asynchttpclient.netty.channel.ChannelManager - Adding key: http://hub-cloud.browserstack.com:80 for channel [id: 0x3f3c271a, L:/192.168.0.148:63298 - R:hub-cloud.browserstack.com/103.126.7.240:80]
21:16:35.068 [Forwarding isElementEnabled on session eda2ebede5b4f1c4a3da0ae80d76cf0c2ffae504 to remote] DEBUG org.asynchttpclient.netty.request.NettyRequestSender - Using pooled Channel &apos;[id: 0x3f3c271a, L:/192.168.0.148:63298 - R:hub-cloud.browserstack.com/103.126.7.240:80]&apos; for &apos;GET&apos; to &apos;http://sagarvarule_Nv2k8l:xTzj2eNxZytnJbrx1e6C@hub-cloud.browserstack.com/wd/hub/session/eda2ebede5b4f1c4a3da0ae80d76cf0c2ffae504/element/206b3747-7bf5-4d1d-aa25-edb2168d92c1/enabled&apos;
21:16:35.068 [Forwarding isElementEnabled on session eda2ebede5b4f1c4a3da0ae80d76cf0c2ffae504 to remote] DEBUG org.asynchttpclient.netty.request.NettyRequestSender - Using open Channel [id: 0x3f3c271a, L:/192.168.0.148:63298 - R:hub-cloud.browserstack.com/103.126.7.240:80] for GET &apos;/wd/hub/session/eda2ebede5b4f1c4a3da0ae80d76cf0c2ffae504/element/206b3747-7bf5-4d1d-aa25-edb2168d92c1/enabled&apos;
21:16:35.161 [AsyncHttpClient-1-8] DEBUG org.asynchttpclient.netty.handler.HttpHandler - 

Request DefaultFullHttpRequest(decodeResult: success, version: HTTP/1.1, content: EmptyByteBufBE)
GET /wd/hub/session/eda2ebede5b4f1c4a3da0ae80d76cf0c2ffae504/element/206b3747-7bf5-4d1d-aa25-edb2168d92c1/enabled HTTP/1.1
User-Agent: selenium/4.5.0 (java windows)
Cache-Control: no-cache
Content-Type: application/json; charset=utf-8
host: hub-cloud.browserstack.com
authorization: Basic c2FnYXJ2YXJ1bGVfTnYyazhsOnhUemoyZU54Wnl0bkpicngxZTZD
accept: */*

Response DefaultHttpResponse(decodeResult: success, version: HTTP/1.1)
HTTP/1.1 200 OK
Server: nginx
Date: Thu, 01 Dec 2022 15:46:35 GMT
Content-Type: application/json; charset=utf-8
Connection: keep-alive
Source-From: 02
x-powered-by: Express
etag: W/&quot;e-2ZHvAWebNQpyjGZTg6uyV8/spTo&quot;
content-length: 14

21:16:35.162 [AsyncHttpClient-1-8] DEBUG org.asynchttpclient.netty.channel.ChannelManager - Adding key: http://hub-cloud.browserstack.com:80 for channel [id: 0x3f3c271a, L:/192.168.0.148:63298 - R:hub-cloud.browserstack.com/103.126.7.240:80]
21:16:35.165 [Forwarding clickElement on session eda2ebede5b4f1c4a3da0ae80d76cf0c2ffae504 to remote] DEBUG org.asynchttpclient.netty.request.NettyRequestSender - Using pooled Channel &apos;[id: 0x3f3c271a, L:/192.168.0.148:63298 - R:hub-cloud.browserstack.com/103.126.7.240:80]&apos; for &apos;POST&apos; to &apos;http://sagarvarule_Nv2k8l:xTzj2eNxZytnJbrx1e6C@hub-cloud.browserstack.com/wd/hub/session/eda2ebede5b4f1c4a3da0ae80d76cf0c2ffae504/element/206b3747-7bf5-4d1d-aa25-edb2168d92c1/click&apos;
21:16:35.165 [Forwarding clickElement on session eda2ebede5b4f1c4a3da0ae80d76cf0c2ffae504 to remote] DEBUG org.asynchttpclient.netty.request.NettyRequestSender - Using open Channel [id: 0x3f3c271a, L:/192.168.0.148:63298 - R:hub-cloud.browserstack.com/103.126.7.240:80] for POST &apos;/wd/hub/session/eda2ebede5b4f1c4a3da0ae80d76cf0c2ffae504/element/206b3747-7bf5-4d1d-aa25-edb2168d92c1/click&apos;
21:16:35.276 [AsyncHttpClient-1-8] DEBUG org.asynchttpclient.netty.handler.HttpHandler - 

Request DefaultHttpRequest(decodeResult: success, version: HTTP/1.1)
POST /wd/hub/session/eda2ebede5b4f1c4a3da0ae80d76cf0c2ffae504/element/206b3747-7bf5-4d1d-aa25-edb2168d92c1/click HTTP/1.1
User-Agent: selenium/4.5.0 (java windows)
Content-Length: 50
Content-Type: application/json; charset=utf-8
host: hub-cloud.browserstack.com
authorization: Basic c2FnYXJ2YXJ1bGVfTnYyazhsOnhUemoyZU54Wnl0bkpicngxZTZD
accept: */*

Response DefaultHttpResponse(decodeResult: success, version: HTTP/1.1)
HTTP/1.1 200 OK
Server: nginx
Date: Thu, 01 Dec 2022 15:46:35 GMT
Content-Type: application/json; charset=utf-8
Connection: keep-alive
Source-From: 02
x-powered-by: Express
vary: X-HTTP-Method-Override
etag: W/&quot;e-9/1BuKMgFObM1mWJm+YjxtXJnUM&quot;
content-length: 14

21:16:35.276 [AsyncHttpClient-1-8] DEBUG org.asynchttpclient.netty.channel.ChannelManager - Adding key: http://hub-cloud.browserstack.com:80 for channel [id: 0x3f3c271a, L:/192.168.0.148:63298 - R:hub-cloud.browserstack.com/103.126.7.240:80]
21:16:35.279 [Forwarding findElement on session eda2ebede5b4f1c4a3da0ae80d76cf0c2ffae504 to remote] DEBUG org.asynchttpclient.netty.request.NettyRequestSender - Using pooled Channel &apos;[id: 0x3f3c271a, L:/192.168.0.148:63298 - R:hub-cloud.browserstack.com/103.126.7.240:80]&apos; for &apos;POST&apos; to &apos;http://sagarvarule_Nv2k8l:xTzj2eNxZytnJbrx1e6C@hub-cloud.browserstack.com/wd/hub/session/eda2ebede5b4f1c4a3da0ae80d76cf0c2ffae504/element&apos;
21:16:35.279 [Forwarding findElement on session eda2ebede5b4f1c4a3da0ae80d76cf0c2ffae504 to remote] DEBUG org.asynchttpclient.netty.request.NettyRequestSender - Using open Channel [id: 0x3f3c271a, L:/192.168.0.148:63298 - R:hub-cloud.browserstack.com/103.126.7.240:80] for POST &apos;/wd/hub/session/eda2ebede5b4f1c4a3da0ae80d76cf0c2ffae504/element&apos;
21:16:36.233 [AsyncHttpClient-1-8] DEBUG org.asynchttpclient.netty.handler.HttpHandler - 

Request DefaultHttpRequest(decodeResult: success, version: HTTP/1.1)
POST /wd/hub/session/eda2ebede5b4f1c4a3da0ae80d76cf0c2ffae504/element HTTP/1.1
User-Agent: selenium/4.5.0 (java windows)
Content-Length: 102
Content-Type: application/json; charset=utf-8
host: hub-cloud.browserstack.com
authorization: Basic c2FnYXJ2YXJ1bGVfTnYyazhsOnhUemoyZU54Wnl0bkpicngxZTZD
accept: */*

Response DefaultHttpResponse(decodeResult: success, version: HTTP/1.1)
HTTP/1.1 200 OK
Server: nginx
Date: Thu, 01 Dec 2022 15:46:36 GMT
Content-Type: application/json; charset=utf-8
Connection: keep-alive
Source-From: 02
x-powered-by: Express
vary: X-HTTP-Method-Override
etag: W/&quot;89-4sZVkNhihHDv3pgWAkyF8PF3p24&quot;
content-length: 137

21:16:36.233 [AsyncHttpClient-1-8] DEBUG org.asynchttpclient.netty.channel.ChannelManager - Adding key: http://hub-cloud.browserstack.com:80 for channel [id: 0x3f3c271a, L:/192.168.0.148:63298 - R:hub-cloud.browserstack.com/103.126.7.240:80]
21:16:36.234 [Forwarding isElementDisplayed on session eda2ebede5b4f1c4a3da0ae80d76cf0c2ffae504 to remote] DEBUG org.asynchttpclient.netty.request.NettyRequestSender - Using pooled Channel &apos;[id: 0x3f3c271a, L:/192.168.0.148:63298 - R:hub-cloud.browserstack.com/103.126.7.240:80]&apos; for &apos;GET&apos; to &apos;http://sagarvarule_Nv2k8l:xTzj2eNxZytnJbrx1e6C@hub-cloud.browserstack.com/wd/hub/session/eda2ebede5b4f1c4a3da0ae80d76cf0c2ffae504/element/10f6b9a1-fc55-49e8-bc4c-1fc534c27fc1/displayed&apos;
21:16:36.234 [Forwarding isElementDisplayed on session eda2ebede5b4f1c4a3da0ae80d76cf0c2ffae504 to remote] DEBUG org.asynchttpclient.netty.request.NettyRequestSender - Using open Channel [id: 0x3f3c271a, L:/192.168.0.148:63298 - R:hub-cloud.browserstack.com/103.126.7.240:80] for GET &apos;/wd/hub/session/eda2ebede5b4f1c4a3da0ae80d76cf0c2ffae504/element/10f6b9a1-fc55-49e8-bc4c-1fc534c27fc1/displayed&apos;
21:16:36.348 [AsyncHttpClient-1-8] DEBUG org.asynchttpclient.netty.handler.HttpHandler - 

Request DefaultFullHttpRequest(decodeResult: success, version: HTTP/1.1, content: EmptyByteBufBE)
GET /wd/hub/session/eda2ebede5b4f1c4a3da0ae80d76cf0c2ffae504/element/10f6b9a1-fc55-49e8-bc4c-1fc534c27fc1/displayed HTTP/1.1
User-Agent: selenium/4.5.0 (java windows)
Cache-Control: no-cache
Content-Type: application/json; charset=utf-8
host: hub-cloud.browserstack.com
authorization: Basic c2FnYXJ2YXJ1bGVfTnYyazhsOnhUemoyZU54Wnl0bkpicngxZTZD
accept: */*

Response DefaultHttpResponse(decodeResult: success, version: HTTP/1.1)
HTTP/1.1 200 OK
Server: nginx
Date: Thu, 01 Dec 2022 15:46:36 GMT
Content-Type: application/json; charset=utf-8
Connection: keep-alive
Source-From: 02
x-powered-by: Express
etag: W/&quot;e-2ZHvAWebNQpyjGZTg6uyV8/spTo&quot;
content-length: 14

21:16:36.349 [AsyncHttpClient-1-8] DEBUG org.asynchttpclient.netty.channel.ChannelManager - Adding key: http://hub-cloud.browserstack.com:80 for channel [id: 0x3f3c271a, L:/192.168.0.148:63298 - R:hub-cloud.browserstack.com/103.126.7.240:80]
21:16:36.351 [Forwarding findElement on session eda2ebede5b4f1c4a3da0ae80d76cf0c2ffae504 to remote] DEBUG org.asynchttpclient.netty.request.NettyRequestSender - Using pooled Channel &apos;[id: 0x3f3c271a, L:/192.168.0.148:63298 - R:hub-cloud.browserstack.com/103.126.7.240:80]&apos; for &apos;POST&apos; to &apos;http://sagarvarule_Nv2k8l:xTzj2eNxZytnJbrx1e6C@hub-cloud.browserstack.com/wd/hub/session/eda2ebede5b4f1c4a3da0ae80d76cf0c2ffae504/element&apos;
21:16:36.352 [Forwarding findElement on session eda2ebede5b4f1c4a3da0ae80d76cf0c2ffae504 to remote] DEBUG org.asynchttpclient.netty.request.NettyRequestSender - Using open Channel [id: 0x3f3c271a, L:/192.168.0.148:63298 - R:hub-cloud.browserstack.com/103.126.7.240:80] for POST &apos;/wd/hub/session/eda2ebede5b4f1c4a3da0ae80d76cf0c2ffae504/element&apos;
21:16:36.716 [AsyncHttpClient-1-8] DEBUG org.asynchttpclient.netty.handler.HttpHandler - 

Request DefaultHttpRequest(decodeResult: success, version: HTTP/1.1)
POST /wd/hub/session/eda2ebede5b4f1c4a3da0ae80d76cf0c2ffae504/element HTTP/1.1
User-Agent: selenium/4.5.0 (java windows)
Content-Length: 102
Content-Type: application/json; charset=utf-8
host: hub-cloud.browserstack.com
authorization: Basic c2FnYXJ2YXJ1bGVfTnYyazhsOnhUemoyZU54Wnl0bkpicngxZTZD
accept: */*

Response DefaultHttpResponse(decodeResult: success, version: HTTP/1.1)
HTTP/1.1 200 OK
Server: nginx
Date: Thu, 01 Dec 2022 15:46:36 GMT
Content-Type: application/json; charset=utf-8
Connection: keep-alive
Source-From: 02
x-powered-by: Express
vary: X-HTTP-Method-Override
etag: W/&quot;89-GohsYGd9UDRuM6FmGAd1hqxJ/Iw&quot;
content-length: 137

21:16:36.716 [AsyncHttpClient-1-8] DEBUG org.asynchttpclient.netty.channel.ChannelManager - Adding key: http://hub-cloud.browserstack.com:80 for channel [id: 0x3f3c271a, L:/192.168.0.148:63298 - R:hub-cloud.browserstack.com/103.126.7.240:80]
21:16:36.717 [Forwarding isElementEnabled on session eda2ebede5b4f1c4a3da0ae80d76cf0c2ffae504 to remote] DEBUG org.asynchttpclient.netty.request.NettyRequestSender - Using pooled Channel &apos;[id: 0x3f3c271a, L:/192.168.0.148:63298 - R:hub-cloud.browserstack.com/103.126.7.240:80]&apos; for &apos;GET&apos; to &apos;http://sagarvarule_Nv2k8l:xTzj2eNxZytnJbrx1e6C@hub-cloud.browserstack.com/wd/hub/session/eda2ebede5b4f1c4a3da0ae80d76cf0c2ffae504/element/5b97da8b-e819-4a5d-b0ae-2f00c686f571/enabled&apos;
21:16:36.717 [Forwarding isElementEnabled on session eda2ebede5b4f1c4a3da0ae80d76cf0c2ffae504 to remote] DEBUG org.asynchttpclient.netty.request.NettyRequestSender - Using open Channel [id: 0x3f3c271a, L:/192.168.0.148:63298 - R:hub-cloud.browserstack.com/103.126.7.240:80] for GET &apos;/wd/hub/session/eda2ebede5b4f1c4a3da0ae80d76cf0c2ffae504/element/5b97da8b-e819-4a5d-b0ae-2f00c686f571/enabled&apos;
21:16:36.781 [AsyncHttpClient-1-8] DEBUG org.asynchttpclient.netty.handler.HttpHandler - 

Request DefaultFullHttpRequest(decodeResult: success, version: HTTP/1.1, content: EmptyByteBufBE)
GET /wd/hub/session/eda2ebede5b4f1c4a3da0ae80d76cf0c2ffae504/element/5b97da8b-e819-4a5d-b0ae-2f00c686f571/enabled HTTP/1.1
User-Agent: selenium/4.5.0 (java windows)
Cache-Control: no-cache
Content-Type: application/json; charset=utf-8
host: hub-cloud.browserstack.com
authorization: Basic c2FnYXJ2YXJ1bGVfTnYyazhsOnhUemoyZU54Wnl0bkpicngxZTZD
accept: */*

Response DefaultHttpResponse(decodeResult: success, version: HTTP/1.1)
HTTP/1.1 200 OK
Server: nginx
Date: Thu, 01 Dec 2022 15:46:36 GMT
Content-Type: application/json; charset=utf-8
Connection: keep-alive
Source-From: 02
x-powered-by: Express
etag: W/&quot;e-2ZHvAWebNQpyjGZTg6uyV8/spTo&quot;
content-length: 14

21:16:36.782 [AsyncHttpClient-1-8] DEBUG org.asynchttpclient.netty.channel.ChannelManager - Adding key: http://hub-cloud.browserstack.com:80 for channel [id: 0x3f3c271a, L:/192.168.0.148:63298 - R:hub-cloud.browserstack.com/103.126.7.240:80]
21:16:36.783 [Forwarding findElement on session eda2ebede5b4f1c4a3da0ae80d76cf0c2ffae504 to remote] DEBUG org.asynchttpclient.netty.request.NettyRequestSender - Using pooled Channel &apos;[id: 0x3f3c271a, L:/192.168.0.148:63298 - R:hub-cloud.browserstack.com/103.126.7.240:80]&apos; for &apos;POST&apos; to &apos;http://sagarvarule_Nv2k8l:xTzj2eNxZytnJbrx1e6C@hub-cloud.browserstack.com/wd/hub/session/eda2ebede5b4f1c4a3da0ae80d76cf0c2ffae504/element&apos;
21:16:36.783 [Forwarding findElement on session eda2ebede5b4f1c4a3da0ae80d76cf0c2ffae504 to remote] DEBUG org.asynchttpclient.netty.request.NettyRequestSender - Using open Channel [id: 0x3f3c271a, L:/192.168.0.148:63298 - R:hub-cloud.browserstack.com/103.126.7.240:80] for POST &apos;/wd/hub/session/eda2ebede5b4f1c4a3da0ae80d76cf0c2ffae504/element&apos;
21:16:36.865 [AsyncHttpClient-1-8] DEBUG org.asynchttpclient.netty.handler.HttpHandler - 

Request DefaultHttpRequest(decodeResult: success, version: HTTP/1.1)
POST /wd/hub/session/eda2ebede5b4f1c4a3da0ae80d76cf0c2ffae504/element HTTP/1.1
User-Agent: selenium/4.5.0 (java windows)
Content-Length: 102
Content-Type: application/json; charset=utf-8
host: hub-cloud.browserstack.com
authorization: Basic c2FnYXJ2YXJ1bGVfTnYyazhsOnhUemoyZU54Wnl0bkpicngxZTZD
accept: */*

Response DefaultHttpResponse(decodeResult: success, version: HTTP/1.1)
HTTP/1.1 200 OK
Server: nginx
Date: Thu, 01 Dec 2022 15:46:36 GMT
Content-Type: application/json; charset=utf-8
Connection: keep-alive
Source-From: 02
x-powered-by: Express
vary: X-HTTP-Method-Override
etag: W/&quot;89-kVJmRlOZo4zA/6ziMGkyS+Wl2Ps&quot;
content-length: 137

21:16:36.865 [AsyncHttpClient-1-8] DEBUG org.asynchttpclient.netty.channel.ChannelManager - Adding key: http://hub-cloud.browserstack.com:80 for channel [id: 0x3f3c271a, L:/192.168.0.148:63298 - R:hub-cloud.browserstack.com/103.126.7.240:80]
21:16:36.866 [Forwarding clickElement on session eda2ebede5b4f1c4a3da0ae80d76cf0c2ffae504 to remote] DEBUG org.asynchttpclient.netty.request.NettyRequestSender - Using pooled Channel &apos;[id: 0x3f3c271a, L:/192.168.0.148:63298 - R:hub-cloud.browserstack.com/103.126.7.240:80]&apos; for &apos;POST&apos; to &apos;http://sagarvarule_Nv2k8l:xTzj2eNxZytnJbrx1e6C@hub-cloud.browserstack.com/wd/hub/session/eda2ebede5b4f1c4a3da0ae80d76cf0c2ffae504/element/6203d30e-d50f-4228-8c01-75e41c40c7a8/click&apos;
21:16:36.866 [Forwarding clickElement on session eda2ebede5b4f1c4a3da0ae80d76cf0c2ffae504 to remote] DEBUG org.asynchttpclient.netty.request.NettyRequestSender - Using open Channel [id: 0x3f3c271a, L:/192.168.0.148:63298 - R:hub-cloud.browserstack.com/103.126.7.240:80] for POST &apos;/wd/hub/session/eda2ebede5b4f1c4a3da0ae80d76cf0c2ffae504/element/6203d30e-d50f-4228-8c01-75e41c40c7a8/click&apos;
21:16:36.981 [AsyncHttpClient-1-8] DEBUG org.asynchttpclient.netty.handler.HttpHandler - 

Request DefaultHttpRequest(decodeResult: success, version: HTTP/1.1)
POST /wd/hub/session/eda2ebede5b4f1c4a3da0ae80d76cf0c2ffae504/element/6203d30e-d50f-4228-8c01-75e41c40c7a8/click HTTP/1.1
User-Agent: selenium/4.5.0 (java windows)
Content-Length: 50
Content-Type: application/json; charset=utf-8
host: hub-cloud.browserstack.com
authorization: Basic c2FnYXJ2YXJ1bGVfTnYyazhsOnhUemoyZU54Wnl0bkpicngxZTZD
accept: */*

Response DefaultHttpResponse(decodeResult: success, version: HTTP/1.1)
HTTP/1.1 200 OK
Server: nginx
Date: Thu, 01 Dec 2022 15:46:37 GMT
Content-Type: application/json; charset=utf-8
Connection: keep-alive
Source-From: 02
x-powered-by: Express
vary: X-HTTP-Method-Override
etag: W/&quot;e-9/1BuKMgFObM1mWJm+YjxtXJnUM&quot;
content-length: 14

21:16:36.981 [AsyncHttpClient-1-8] DEBUG org.asynchttpclient.netty.channel.ChannelManager - Adding key: http://hub-cloud.browserstack.com:80 for channel [id: 0x3f3c271a, L:/192.168.0.148:63298 - R:hub-cloud.browserstack.com/103.126.7.240:80]
  &amp;#27;[32mGiven &amp;#27;[0m&amp;#27;[32mI am at Statistics screen&amp;#27;[0m                             &amp;#27;[90m# com.example.cocusmobiletest.stepdefinitions.UIStepdefs.I_am_at_Statistics_screen()&amp;#27;[0m
21:16:36.983 [Forwarding findElement on session eda2ebede5b4f1c4a3da0ae80d76cf0c2ffae504 to remote] DEBUG org.asynchttpclient.netty.request.NettyRequestSender - Using pooled Channel &apos;[id: 0x3f3c271a, L:/192.168.0.148:63298 - R:hub-cloud.browserstack.com/103.126.7.240:80]&apos; for &apos;POST&apos; to &apos;http://sagarvarule_Nv2k8l:xTzj2eNxZytnJbrx1e6C@hub-cloud.browserstack.com/wd/hub/session/eda2ebede5b4f1c4a3da0ae80d76cf0c2ffae504/element&apos;
21:16:36.983 [Forwarding findElement on session eda2ebede5b4f1c4a3da0ae80d76cf0c2ffae504 to remote] DEBUG org.asynchttpclient.netty.request.NettyRequestSender - Using open Channel [id: 0x3f3c271a, L:/192.168.0.148:63298 - R:hub-cloud.browserstack.com/103.126.7.240:80] for POST &apos;/wd/hub/session/eda2ebede5b4f1c4a3da0ae80d76cf0c2ffae504/element&apos;
21:16:37.762 [AsyncHttpClient-1-8] DEBUG org.asynchttpclient.netty.handler.HttpHandler - 

Request DefaultHttpRequest(decodeResult: success, version: HTTP/1.1)
POST /wd/hub/session/eda2ebede5b4f1c4a3da0ae80d76cf0c2ffae504/element HTTP/1.1
User-Agent: selenium/4.5.0 (java windows)
Content-Length: 92
Content-Type: application/json; charset=utf-8
host: hub-cloud.browserstack.com
authorization: Basic c2FnYXJ2YXJ1bGVfTnYyazhsOnhUemoyZU54Wnl0bkpicngxZTZD
accept: */*

Response DefaultHttpResponse(decodeResult: success, version: HTTP/1.1)
HTTP/1.1 200 OK
Server: nginx
Date: Thu, 01 Dec 2022 15:46:37 GMT
Content-Type: application/json; charset=utf-8
Connection: keep-alive
Source-From: 02
x-powered-by: Express
vary: X-HTTP-Method-Override
etag: W/&quot;89-3VYWkty4pj3Md8IU0iXbj/HKWAM&quot;
content-length: 137

21:16:37.762 [AsyncHttpClient-1-8] DEBUG org.asynchttpclient.netty.channel.ChannelManager - Adding key: http://hub-cloud.browserstack.com:80 for channel [id: 0x3f3c271a, L:/192.168.0.148:63298 - R:hub-cloud.browserstack.com/103.126.7.240:80]
21:16:37.763 [Forwarding isElementDisplayed on session eda2ebede5b4f1c4a3da0ae80d76cf0c2ffae504 to remote] DEBUG org.asynchttpclient.netty.request.NettyRequestSender - Using pooled Channel &apos;[id: 0x3f3c271a, L:/192.168.0.148:63298 - R:hub-cloud.browserstack.com/103.126.7.240:80]&apos; for &apos;GET&apos; to &apos;http://sagarvarule_Nv2k8l:xTzj2eNxZytnJbrx1e6C@hub-cloud.browserstack.com/wd/hub/session/eda2ebede5b4f1c4a3da0ae80d76cf0c2ffae504/element/1ce33689-bc67-4ef7-b803-7a0ec1cf98fe/displayed&apos;
21:16:37.763 [Forwarding isElementDisplayed on session eda2ebede5b4f1c4a3da0ae80d76cf0c2ffae504 to remote] DEBUG org.asynchttpclient.netty.request.NettyRequestSender - Using open Channel [id: 0x3f3c271a, L:/192.168.0.148:63298 - R:hub-cloud.browserstack.com/103.126.7.240:80] for GET &apos;/wd/hub/session/eda2ebede5b4f1c4a3da0ae80d76cf0c2ffae504/element/1ce33689-bc67-4ef7-b803-7a0ec1cf98fe/displayed&apos;
21:16:37.827 [AsyncHttpClient-1-8] DEBUG org.asynchttpclient.netty.handler.HttpHandler - 

Request DefaultFullHttpRequest(decodeResult: success, version: HTTP/1.1, content: EmptyByteBufBE)
GET /wd/hub/session/eda2ebede5b4f1c4a3da0ae80d76cf0c2ffae504/element/1ce33689-bc67-4ef7-b803-7a0ec1cf98fe/displayed HTTP/1.1
User-Agent: selenium/4.5.0 (java windows)
Cache-Control: no-cache
Content-Type: application/json; charset=utf-8
host: hub-cloud.browserstack.com
authorization: Basic c2FnYXJ2YXJ1bGVfTnYyazhsOnhUemoyZU54Wnl0bkpicngxZTZD
accept: */*

Response DefaultHttpResponse(decodeResult: success, version: HTTP/1.1)
HTTP/1.1 200 OK
Server: nginx
Date: Thu, 01 Dec 2022 15:46:37 GMT
Content-Type: application/json; charset=utf-8
Connection: keep-alive
Source-From: 02
x-powered-by: Express
etag: W/&quot;e-2ZHvAWebNQpyjGZTg6uyV8/spTo&quot;
content-length: 14

21:16:37.827 [AsyncHttpClient-1-8] DEBUG org.asynchttpclient.netty.channel.ChannelManager - Adding key: http://hub-cloud.browserstack.com:80 for channel [id: 0x3f3c271a, L:/192.168.0.148:63298 - R:hub-cloud.browserstack.com/103.126.7.240:80]
21:16:37.828 [Forwarding findElement on session eda2ebede5b4f1c4a3da0ae80d76cf0c2ffae504 to remote] DEBUG org.asynchttpclient.netty.request.NettyRequestSender - Using pooled Channel &apos;[id: 0x3f3c271a, L:/192.168.0.148:63298 - R:hub-cloud.browserstack.com/103.126.7.240:80]&apos; for &apos;POST&apos; to &apos;http://sagarvarule_Nv2k8l:xTzj2eNxZytnJbrx1e6C@hub-cloud.browserstack.com/wd/hub/session/eda2ebede5b4f1c4a3da0ae80d76cf0c2ffae504/element&apos;
21:16:37.828 [Forwarding findElement on session eda2ebede5b4f1c4a3da0ae80d76cf0c2ffae504 to remote] DEBUG org.asynchttpclient.netty.request.NettyRequestSender - Using open Channel [id: 0x3f3c271a, L:/192.168.0.148:63298 - R:hub-cloud.browserstack.com/103.126.7.240:80] for POST &apos;/wd/hub/session/eda2ebede5b4f1c4a3da0ae80d76cf0c2ffae504/element&apos;
21:16:37.927 [AsyncHttpClient-1-8] DEBUG org.asynchttpclient.netty.handler.HttpHandler - 

Request DefaultHttpRequest(decodeResult: success, version: HTTP/1.1)
POST /wd/hub/session/eda2ebede5b4f1c4a3da0ae80d76cf0c2ffae504/element HTTP/1.1
User-Agent: selenium/4.5.0 (java windows)
Content-Length: 92
Content-Type: application/json; charset=utf-8
host: hub-cloud.browserstack.com
authorization: Basic c2FnYXJ2YXJ1bGVfTnYyazhsOnhUemoyZU54Wnl0bkpicngxZTZD
accept: */*

Response DefaultHttpResponse(decodeResult: success, version: HTTP/1.1)
HTTP/1.1 200 OK
Server: nginx
Date: Thu, 01 Dec 2022 15:46:37 GMT
Content-Type: application/json; charset=utf-8
Connection: keep-alive
Source-From: 02
x-powered-by: Express
vary: X-HTTP-Method-Override
etag: W/&quot;89-yIfXJz6zVfYTJasBhzAgmhBys8I&quot;
content-length: 137

21:16:37.927 [AsyncHttpClient-1-8] DEBUG org.asynchttpclient.netty.channel.ChannelManager - Adding key: http://hub-cloud.browserstack.com:80 for channel [id: 0x3f3c271a, L:/192.168.0.148:63298 - R:hub-cloud.browserstack.com/103.126.7.240:80]
21:16:37.929 [Forwarding isElementDisplayed on session eda2ebede5b4f1c4a3da0ae80d76cf0c2ffae504 to remote] DEBUG org.asynchttpclient.netty.request.NettyRequestSender - Using pooled Channel &apos;[id: 0x3f3c271a, L:/192.168.0.148:63298 - R:hub-cloud.browserstack.com/103.126.7.240:80]&apos; for &apos;GET&apos; to &apos;http://sagarvarule_Nv2k8l:xTzj2eNxZytnJbrx1e6C@hub-cloud.browserstack.com/wd/hub/session/eda2ebede5b4f1c4a3da0ae80d76cf0c2ffae504/element/bcbe4560-267f-42bf-8ed8-3aef41f1c342/displayed&apos;
21:16:37.929 [Forwarding isElementDisplayed on session eda2ebede5b4f1c4a3da0ae80d76cf0c2ffae504 to remote] DEBUG org.asynchttpclient.netty.request.NettyRequestSender - Using open Channel [id: 0x3f3c271a, L:/192.168.0.148:63298 - R:hub-cloud.browserstack.com/103.126.7.240:80] for GET &apos;/wd/hub/session/eda2ebede5b4f1c4a3da0ae80d76cf0c2ffae504/element/bcbe4560-267f-42bf-8ed8-3aef41f1c342/displayed&apos;
21:16:38.001 [AsyncHttpClient-1-8] DEBUG org.asynchttpclient.netty.handler.HttpHandler - 

Request DefaultFullHttpRequest(decodeResult: success, version: HTTP/1.1, content: EmptyByteBufBE)
GET /wd/hub/session/eda2ebede5b4f1c4a3da0ae80d76cf0c2ffae504/element/bcbe4560-267f-42bf-8ed8-3aef41f1c342/displayed HTTP/1.1
User-Agent: selenium/4.5.0 (java windows)
Cache-Control: no-cache
Content-Type: application/json; charset=utf-8
host: hub-cloud.browserstack.com
authorization: Basic c2FnYXJ2YXJ1bGVfTnYyazhsOnhUemoyZU54Wnl0bkpicngxZTZD
accept: */*

Response DefaultHttpResponse(decodeResult: success, version: HTTP/1.1)
HTTP/1.1 200 OK
Server: nginx
Date: Thu, 01 Dec 2022 15:46:38 GMT
Content-Type: application/json; charset=utf-8
Connection: keep-alive
Source-From: 02
x-powered-by: Express
etag: W/&quot;e-2ZHvAWebNQpyjGZTg6uyV8/spTo&quot;
content-length: 14

21:16:38.002 [AsyncHttpClient-1-8] DEBUG org.asynchttpclient.netty.channel.ChannelManager - Adding key: http://hub-cloud.browserstack.com:80 for channel [id: 0x3f3c271a, L:/192.168.0.148:63298 - R:hub-cloud.browserstack.com/103.126.7.240:80]
21:16:38.003 [Forwarding findElement on session eda2ebede5b4f1c4a3da0ae80d76cf0c2ffae504 to remote] DEBUG org.asynchttpclient.netty.request.NettyRequestSender - Using pooled Channel &apos;[id: 0x3f3c271a, L:/192.168.0.148:63298 - R:hub-cloud.browserstack.com/103.126.7.240:80]&apos; for &apos;POST&apos; to &apos;http://sagarvarule_Nv2k8l:xTzj2eNxZytnJbrx1e6C@hub-cloud.browserstack.com/wd/hub/session/eda2ebede5b4f1c4a3da0ae80d76cf0c2ffae504/element&apos;
21:16:38.003 [Forwarding findElement on session eda2ebede5b4f1c4a3da0ae80d76cf0c2ffae504 to remote] DEBUG org.asynchttpclient.netty.request.NettyRequestSender - Using open Channel [id: 0x3f3c271a, L:/192.168.0.148:63298 - R:hub-cloud.browserstack.com/103.126.7.240:80] for POST &apos;/wd/hub/session/eda2ebede5b4f1c4a3da0ae80d76cf0c2ffae504/element&apos;
21:16:38.076 [AsyncHttpClient-1-8] DEBUG org.asynchttpclient.netty.handler.HttpHandler - 

Request DefaultHttpRequest(decodeResult: success, version: HTTP/1.1)
POST /wd/hub/session/eda2ebede5b4f1c4a3da0ae80d76cf0c2ffae504/element HTTP/1.1
User-Agent: selenium/4.5.0 (java windows)
Content-Length: 106
Content-Type: application/json; charset=utf-8
host: hub-cloud.browserstack.com
authorization: Basic c2FnYXJ2YXJ1bGVfTnYyazhsOnhUemoyZU54Wnl0bkpicngxZTZD
accept: */*

Response DefaultHttpResponse(decodeResult: success, version: HTTP/1.1)
HTTP/1.1 200 OK
Server: nginx
Date: Thu, 01 Dec 2022 15:46:38 GMT
Content-Type: application/json; charset=utf-8
Connection: keep-alive
Source-From: 02
x-powered-by: Express
vary: X-HTTP-Method-Override
etag: W/&quot;89-0sC32DVogMKudTUfw/gFbuxQDBs&quot;
content-length: 137

21:16:38.076 [AsyncHttpClient-1-8] DEBUG org.asynchttpclient.netty.channel.ChannelManager - Adding key: http://hub-cloud.browserstack.com:80 for channel [id: 0x3f3c271a, L:/192.168.0.148:63298 - R:hub-cloud.browserstack.com/103.126.7.240:80]
21:16:38.077 [Forwarding isElementDisplayed on session eda2ebede5b4f1c4a3da0ae80d76cf0c2ffae504 to remote] DEBUG org.asynchttpclient.netty.request.NettyRequestSender - Using pooled Channel &apos;[id: 0x3f3c271a, L:/192.168.0.148:63298 - R:hub-cloud.browserstack.com/103.126.7.240:80]&apos; for &apos;GET&apos; to &apos;http://sagarvarule_Nv2k8l:xTzj2eNxZytnJbrx1e6C@hub-cloud.browserstack.com/wd/hub/session/eda2ebede5b4f1c4a3da0ae80d76cf0c2ffae504/element/423161ec-138e-4689-9760-772aef44ffda/displayed&apos;
21:16:38.077 [Forwarding isElementDisplayed on session eda2ebede5b4f1c4a3da0ae80d76cf0c2ffae504 to remote] DEBUG org.asynchttpclient.netty.request.NettyRequestSender - Using open Channel [id: 0x3f3c271a, L:/192.168.0.148:63298 - R:hub-cloud.browserstack.com/103.126.7.240:80] for GET &apos;/wd/hub/session/eda2ebede5b4f1c4a3da0ae80d76cf0c2ffae504/element/423161ec-138e-4689-9760-772aef44ffda/displayed&apos;
21:16:38.145 [AsyncHttpClient-1-8] DEBUG org.asynchttpclient.netty.handler.HttpHandler - 

Request DefaultFullHttpRequest(decodeResult: success, version: HTTP/1.1, content: EmptyByteBufBE)
GET /wd/hub/session/eda2ebede5b4f1c4a3da0ae80d76cf0c2ffae504/element/423161ec-138e-4689-9760-772aef44ffda/displayed HTTP/1.1
User-Agent: selenium/4.5.0 (java windows)
Cache-Control: no-cache
Content-Type: application/json; charset=utf-8
host: hub-cloud.browserstack.com
authorization: Basic c2FnYXJ2YXJ1bGVfTnYyazhsOnhUemoyZU54Wnl0bkpicngxZTZD
accept: */*

Response DefaultHttpResponse(decodeResult: success, version: HTTP/1.1)
HTTP/1.1 200 OK
Server: nginx
Date: Thu, 01 Dec 2022 15:46:38 GMT
Content-Type: application/json; charset=utf-8
Connection: keep-alive
Source-From: 02
x-powered-by: Express
etag: W/&quot;e-2ZHvAWebNQpyjGZTg6uyV8/spTo&quot;
content-length: 14

21:16:38.145 [AsyncHttpClient-1-8] DEBUG org.asynchttpclient.netty.channel.ChannelManager - Adding key: http://hub-cloud.browserstack.com:80 for channel [id: 0x3f3c271a, L:/192.168.0.148:63298 - R:hub-cloud.browserstack.com/103.126.7.240:80]
21:16:38.148 [Forwarding findElement on session eda2ebede5b4f1c4a3da0ae80d76cf0c2ffae504 to remote] DEBUG org.asynchttpclient.netty.request.NettyRequestSender - Using pooled Channel &apos;[id: 0x3f3c271a, L:/192.168.0.148:63298 - R:hub-cloud.browserstack.com/103.126.7.240:80]&apos; for &apos;POST&apos; to &apos;http://sagarvarule_Nv2k8l:xTzj2eNxZytnJbrx1e6C@hub-cloud.browserstack.com/wd/hub/session/eda2ebede5b4f1c4a3da0ae80d76cf0c2ffae504/element&apos;
21:16:38.148 [Forwarding findElement on session eda2ebede5b4f1c4a3da0ae80d76cf0c2ffae504 to remote] DEBUG org.asynchttpclient.netty.request.NettyRequestSender - Using open Channel [id: 0x3f3c271a, L:/192.168.0.148:63298 - R:hub-cloud.browserstack.com/103.126.7.240:80] for POST &apos;/wd/hub/session/eda2ebede5b4f1c4a3da0ae80d76cf0c2ffae504/element&apos;
21:16:38.218 [AsyncHttpClient-1-8] DEBUG org.asynchttpclient.netty.handler.HttpHandler - 

Request DefaultHttpRequest(decodeResult: success, version: HTTP/1.1)
POST /wd/hub/session/eda2ebede5b4f1c4a3da0ae80d76cf0c2ffae504/element HTTP/1.1
User-Agent: selenium/4.5.0 (java windows)
Content-Length: 106
Content-Type: application/json; charset=utf-8
host: hub-cloud.browserstack.com
authorization: Basic c2FnYXJ2YXJ1bGVfTnYyazhsOnhUemoyZU54Wnl0bkpicngxZTZD
accept: */*

Response DefaultHttpResponse(decodeResult: success, version: HTTP/1.1)
HTTP/1.1 200 OK
Server: nginx
Date: Thu, 01 Dec 2022 15:46:38 GMT
Content-Type: application/json; charset=utf-8
Connection: keep-alive
Source-From: 02
x-powered-by: Express
vary: X-HTTP-Method-Override
etag: W/&quot;89-+hAmWEATjAdYhradKY9JKzRulLs&quot;
content-length: 137

21:16:38.219 [AsyncHttpClient-1-8] DEBUG org.asynchttpclient.netty.channel.ChannelManager - Adding key: http://hub-cloud.browserstack.com:80 for channel [id: 0x3f3c271a, L:/192.168.0.148:63298 - R:hub-cloud.browserstack.com/103.126.7.240:80]
21:16:38.220 [Forwarding isElementDisplayed on session eda2ebede5b4f1c4a3da0ae80d76cf0c2ffae504 to remote] DEBUG org.asynchttpclient.netty.request.NettyRequestSender - Using pooled Channel &apos;[id: 0x3f3c271a, L:/192.168.0.148:63298 - R:hub-cloud.browserstack.com/103.126.7.240:80]&apos; for &apos;GET&apos; to &apos;http://sagarvarule_Nv2k8l:xTzj2eNxZytnJbrx1e6C@hub-cloud.browserstack.com/wd/hub/session/eda2ebede5b4f1c4a3da0ae80d76cf0c2ffae504/element/0649a45a-fa45-40d8-9586-1e79ab4acc1a/displayed&apos;
21:16:38.220 [Forwarding isElementDisplayed on session eda2ebede5b4f1c4a3da0ae80d76cf0c2ffae504 to remote] DEBUG org.asynchttpclient.netty.request.NettyRequestSender - Using open Channel [id: 0x3f3c271a, L:/192.168.0.148:63298 - R:hub-cloud.browserstack.com/103.126.7.240:80] for GET &apos;/wd/hub/session/eda2ebede5b4f1c4a3da0ae80d76cf0c2ffae504/element/0649a45a-fa45-40d8-9586-1e79ab4acc1a/displayed&apos;
21:16:38.290 [AsyncHttpClient-1-8] DEBUG org.asynchttpclient.netty.handler.HttpHandler - 

Request DefaultFullHttpRequest(decodeResult: success, version: HTTP/1.1, content: EmptyByteBufBE)
GET /wd/hub/session/eda2ebede5b4f1c4a3da0ae80d76cf0c2ffae504/element/0649a45a-fa45-40d8-9586-1e79ab4acc1a/displayed HTTP/1.1
User-Agent: selenium/4.5.0 (java windows)
Cache-Control: no-cache
Content-Type: application/json; charset=utf-8
host: hub-cloud.browserstack.com
authorization: Basic c2FnYXJ2YXJ1bGVfTnYyazhsOnhUemoyZU54Wnl0bkpicngxZTZD
accept: */*

Response DefaultHttpResponse(decodeResult: success, version: HTTP/1.1)
HTTP/1.1 200 OK
Server: nginx
Date: Thu, 01 Dec 2022 15:46:38 GMT
Content-Type: application/json; charset=utf-8
Connection: keep-alive
Source-From: 02
x-powered-by: Express
etag: W/&quot;e-2ZHvAWebNQpyjGZTg6uyV8/spTo&quot;
content-length: 14

21:16:38.290 [AsyncHttpClient-1-8] DEBUG org.asynchttpclient.netty.channel.ChannelManager - Adding key: http://hub-cloud.browserstack.com:80 for channel [id: 0x3f3c271a, L:/192.168.0.148:63298 - R:hub-cloud.browserstack.com/103.126.7.240:80]
21:16:38.293 [Forwarding findElement on session eda2ebede5b4f1c4a3da0ae80d76cf0c2ffae504 to remote] DEBUG org.asynchttpclient.netty.request.NettyRequestSender - Using pooled Channel &apos;[id: 0x3f3c271a, L:/192.168.0.148:63298 - R:hub-cloud.browserstack.com/103.126.7.240:80]&apos; for &apos;POST&apos; to &apos;http://sagarvarule_Nv2k8l:xTzj2eNxZytnJbrx1e6C@hub-cloud.browserstack.com/wd/hub/session/eda2ebede5b4f1c4a3da0ae80d76cf0c2ffae504/element&apos;
21:16:38.293 [Forwarding findElement on session eda2ebede5b4f1c4a3da0ae80d76cf0c2ffae504 to remote] DEBUG org.asynchttpclient.netty.request.NettyRequestSender - Using open Channel [id: 0x3f3c271a, L:/192.168.0.148:63298 - R:hub-cloud.browserstack.com/103.126.7.240:80] for POST &apos;/wd/hub/session/eda2ebede5b4f1c4a3da0ae80d76cf0c2ffae504/element&apos;
21:16:38.360 [AsyncHttpClient-1-8] DEBUG org.asynchttpclient.netty.handler.HttpHandler - 

Request DefaultHttpRequest(decodeResult: success, version: HTTP/1.1)
POST /wd/hub/session/eda2ebede5b4f1c4a3da0ae80d76cf0c2ffae504/element HTTP/1.1
User-Agent: selenium/4.5.0 (java windows)
Content-Length: 94
Content-Type: application/json; charset=utf-8
host: hub-cloud.browserstack.com
authorization: Basic c2FnYXJ2YXJ1bGVfTnYyazhsOnhUemoyZU54Wnl0bkpicngxZTZD
accept: */*

Response DefaultHttpResponse(decodeResult: success, version: HTTP/1.1)
HTTP/1.1 200 OK
Server: nginx
Date: Thu, 01 Dec 2022 15:46:38 GMT
Content-Type: application/json; charset=utf-8
Connection: keep-alive
Source-From: 02
x-powered-by: Express
vary: X-HTTP-Method-Override
etag: W/&quot;89-2ZoTV1G02BmEkmwF+HJvpeEHpXY&quot;
content-length: 137

21:16:38.360 [AsyncHttpClient-1-8] DEBUG org.asynchttpclient.netty.channel.ChannelManager - Adding key: http://hub-cloud.browserstack.com:80 for channel [id: 0x3f3c271a, L:/192.168.0.148:63298 - R:hub-cloud.browserstack.com/103.126.7.240:80]
21:16:38.362 [Forwarding isElementDisplayed on session eda2ebede5b4f1c4a3da0ae80d76cf0c2ffae504 to remote] DEBUG org.asynchttpclient.netty.request.NettyRequestSender - Using pooled Channel &apos;[id: 0x3f3c271a, L:/192.168.0.148:63298 - R:hub-cloud.browserstack.com/103.126.7.240:80]&apos; for &apos;GET&apos; to &apos;http://sagarvarule_Nv2k8l:xTzj2eNxZytnJbrx1e6C@hub-cloud.browserstack.com/wd/hub/session/eda2ebede5b4f1c4a3da0ae80d76cf0c2ffae504/element/441281f6-7826-48e6-92de-8b4748501c38/displayed&apos;
21:16:38.362 [Forwarding isElementDisplayed on session eda2ebede5b4f1c4a3da0ae80d76cf0c2ffae504 to remote] DEBUG org.asynchttpclient.netty.request.NettyRequestSender - Using open Channel [id: 0x3f3c271a, L:/192.168.0.148:63298 - R:hub-cloud.browserstack.com/103.126.7.240:80] for GET &apos;/wd/hub/session/eda2ebede5b4f1c4a3da0ae80d76cf0c2ffae504/element/441281f6-7826-48e6-92de-8b4748501c38/displayed&apos;
21:16:38.427 [AsyncHttpClient-1-8] DEBUG org.asynchttpclient.netty.handler.HttpHandler - 

Request DefaultFullHttpRequest(decodeResult: success, version: HTTP/1.1, content: EmptyByteBufBE)
GET /wd/hub/session/eda2ebede5b4f1c4a3da0ae80d76cf0c2ffae504/element/441281f6-7826-48e6-92de-8b4748501c38/displayed HTTP/1.1
User-Agent: selenium/4.5.0 (java windows)
Cache-Control: no-cache
Content-Type: application/json; charset=utf-8
host: hub-cloud.browserstack.com
authorization: Basic c2FnYXJ2YXJ1bGVfTnYyazhsOnhUemoyZU54Wnl0bkpicngxZTZD
accept: */*

Response DefaultHttpResponse(decodeResult: success, version: HTTP/1.1)
HTTP/1.1 200 OK
Server: nginx
Date: Thu, 01 Dec 2022 15:46:38 GMT
Content-Type: application/json; charset=utf-8
Connection: keep-alive
Source-From: 02
x-powered-by: Express
etag: W/&quot;e-2ZHvAWebNQpyjGZTg6uyV8/spTo&quot;
content-length: 14

21:16:38.429 [AsyncHttpClient-1-8] DEBUG org.asynchttpclient.netty.channel.ChannelManager - Adding key: http://hub-cloud.browserstack.com:80 for channel [id: 0x3f3c271a, L:/192.168.0.148:63298 - R:hub-cloud.browserstack.com/103.126.7.240:80]
21:16:38.431 [Forwarding findElement on session eda2ebede5b4f1c4a3da0ae80d76cf0c2ffae504 to remote] DEBUG org.asynchttpclient.netty.request.NettyRequestSender - Using pooled Channel &apos;[id: 0x3f3c271a, L:/192.168.0.148:63298 - R:hub-cloud.browserstack.com/103.126.7.240:80]&apos; for &apos;POST&apos; to &apos;http://sagarvarule_Nv2k8l:xTzj2eNxZytnJbrx1e6C@hub-cloud.browserstack.com/wd/hub/session/eda2ebede5b4f1c4a3da0ae80d76cf0c2ffae504/element&apos;
21:16:38.431 [Forwarding findElement on session eda2ebede5b4f1c4a3da0ae80d76cf0c2ffae504 to remote] DEBUG org.asynchttpclient.netty.request.NettyRequestSender - Using open Channel [id: 0x3f3c271a, L:/192.168.0.148:63298 - R:hub-cloud.browserstack.com/103.126.7.240:80] for POST &apos;/wd/hub/session/eda2ebede5b4f1c4a3da0ae80d76cf0c2ffae504/element&apos;
21:16:38.498 [AsyncHttpClient-1-8] DEBUG org.asynchttpclient.netty.handler.HttpHandler - 

Request DefaultHttpRequest(decodeResult: success, version: HTTP/1.1)
POST /wd/hub/session/eda2ebede5b4f1c4a3da0ae80d76cf0c2ffae504/element HTTP/1.1
User-Agent: selenium/4.5.0 (java windows)
Content-Length: 94
Content-Type: application/json; charset=utf-8
host: hub-cloud.browserstack.com
authorization: Basic c2FnYXJ2YXJ1bGVfTnYyazhsOnhUemoyZU54Wnl0bkpicngxZTZD
accept: */*

Response DefaultHttpResponse(decodeResult: success, version: HTTP/1.1)
HTTP/1.1 200 OK
Server: nginx
Date: Thu, 01 Dec 2022 15:46:38 GMT
Content-Type: application/json; charset=utf-8
Connection: keep-alive
Source-From: 02
x-powered-by: Express
vary: X-HTTP-Method-Override
etag: W/&quot;89-O53xeIPV5a7dKXaHXBNloeaU0+k&quot;
content-length: 137

21:16:38.498 [AsyncHttpClient-1-8] DEBUG org.asynchttpclient.netty.channel.ChannelManager - Adding key: http://hub-cloud.browserstack.com:80 for channel [id: 0x3f3c271a, L:/192.168.0.148:63298 - R:hub-cloud.browserstack.com/103.126.7.240:80]
21:16:38.499 [Forwarding isElementDisplayed on session eda2ebede5b4f1c4a3da0ae80d76cf0c2ffae504 to remote] DEBUG org.asynchttpclient.netty.request.NettyRequestSender - Using pooled Channel &apos;[id: 0x3f3c271a, L:/192.168.0.148:63298 - R:hub-cloud.browserstack.com/103.126.7.240:80]&apos; for &apos;GET&apos; to &apos;http://sagarvarule_Nv2k8l:xTzj2eNxZytnJbrx1e6C@hub-cloud.browserstack.com/wd/hub/session/eda2ebede5b4f1c4a3da0ae80d76cf0c2ffae504/element/06669119-6bb7-467c-a84f-e01b12f8fa13/displayed&apos;
21:16:38.499 [Forwarding isElementDisplayed on session eda2ebede5b4f1c4a3da0ae80d76cf0c2ffae504 to remote] DEBUG org.asynchttpclient.netty.request.NettyRequestSender - Using open Channel [id: 0x3f3c271a, L:/192.168.0.148:63298 - R:hub-cloud.browserstack.com/103.126.7.240:80] for GET &apos;/wd/hub/session/eda2ebede5b4f1c4a3da0ae80d76cf0c2ffae504/element/06669119-6bb7-467c-a84f-e01b12f8fa13/displayed&apos;
21:16:38.564 [AsyncHttpClient-1-8] DEBUG org.asynchttpclient.netty.handler.HttpHandler - 

Request DefaultFullHttpRequest(decodeResult: success, version: HTTP/1.1, content: EmptyByteBufBE)
GET /wd/hub/session/eda2ebede5b4f1c4a3da0ae80d76cf0c2ffae504/element/06669119-6bb7-467c-a84f-e01b12f8fa13/displayed HTTP/1.1
User-Agent: selenium/4.5.0 (java windows)
Cache-Control: no-cache
Content-Type: application/json; charset=utf-8
host: hub-cloud.browserstack.com
authorization: Basic c2FnYXJ2YXJ1bGVfTnYyazhsOnhUemoyZU54Wnl0bkpicngxZTZD
accept: */*

Response DefaultHttpResponse(decodeResult: success, version: HTTP/1.1)
HTTP/1.1 200 OK
Server: nginx
Date: Thu, 01 Dec 2022 15:46:38 GMT
Content-Type: application/json; charset=utf-8
Connection: keep-alive
Source-From: 02
x-powered-by: Express
etag: W/&quot;e-2ZHvAWebNQpyjGZTg6uyV8/spTo&quot;
content-length: 14

21:16:38.564 [AsyncHttpClient-1-8] DEBUG org.asynchttpclient.netty.channel.ChannelManager - Adding key: http://hub-cloud.browserstack.com:80 for channel [id: 0x3f3c271a, L:/192.168.0.148:63298 - R:hub-cloud.browserstack.com/103.126.7.240:80]
  &amp;#27;[32mThen &amp;#27;[0m&amp;#27;[32mVerify Statistics screen fields are present&amp;#27;[0m            &amp;#27;[90m# com.example.cocusmobiletest.stepdefinitions.UIStepdefs.Verify_Statistics_screen_fields_are_present()&amp;#27;[0m
21:16:38.566 [Forwarding findElement on session eda2ebede5b4f1c4a3da0ae80d76cf0c2ffae504 to remote] DEBUG org.asynchttpclient.netty.request.NettyRequestSender - Using pooled Channel &apos;[id: 0x3f3c271a, L:/192.168.0.148:63298 - R:hub-cloud.browserstack.com/103.126.7.240:80]&apos; for &apos;POST&apos; to &apos;http://sagarvarule_Nv2k8l:xTzj2eNxZytnJbrx1e6C@hub-cloud.browserstack.com/wd/hub/session/eda2ebede5b4f1c4a3da0ae80d76cf0c2ffae504/element&apos;
21:16:38.566 [Forwarding findElement on session eda2ebede5b4f1c4a3da0ae80d76cf0c2ffae504 to remote] DEBUG org.asynchttpclient.netty.request.NettyRequestSender - Using open Channel [id: 0x3f3c271a, L:/192.168.0.148:63298 - R:hub-cloud.browserstack.com/103.126.7.240:80] for POST &apos;/wd/hub/session/eda2ebede5b4f1c4a3da0ae80d76cf0c2ffae504/element&apos;
21:16:38.637 [AsyncHttpClient-1-8] DEBUG org.asynchttpclient.netty.handler.HttpHandler - 

Request DefaultHttpRequest(decodeResult: success, version: HTTP/1.1)
POST /wd/hub/session/eda2ebede5b4f1c4a3da0ae80d76cf0c2ffae504/element HTTP/1.1
User-Agent: selenium/4.5.0 (java windows)
Content-Length: 94
Content-Type: application/json; charset=utf-8
host: hub-cloud.browserstack.com
authorization: Basic c2FnYXJ2YXJ1bGVfTnYyazhsOnhUemoyZU54Wnl0bkpicngxZTZD
accept: */*

Response DefaultHttpResponse(decodeResult: success, version: HTTP/1.1)
HTTP/1.1 200 OK
Server: nginx
Date: Thu, 01 Dec 2022 15:46:38 GMT
Content-Type: application/json; charset=utf-8
Connection: keep-alive
Source-From: 02
x-powered-by: Express
vary: X-HTTP-Method-Override
etag: W/&quot;89-JDWnWgx0XiXrCPlZjp8zupEx4SU&quot;
content-length: 137

21:16:38.637 [AsyncHttpClient-1-8] DEBUG org.asynchttpclient.netty.channel.ChannelManager - Adding key: http://hub-cloud.browserstack.com:80 for channel [id: 0x3f3c271a, L:/192.168.0.148:63298 - R:hub-cloud.browserstack.com/103.126.7.240:80]
21:16:38.638 [Forwarding isElementDisplayed on session eda2ebede5b4f1c4a3da0ae80d76cf0c2ffae504 to remote] DEBUG org.asynchttpclient.netty.request.NettyRequestSender - Using pooled Channel &apos;[id: 0x3f3c271a, L:/192.168.0.148:63298 - R:hub-cloud.browserstack.com/103.126.7.240:80]&apos; for &apos;GET&apos; to &apos;http://sagarvarule_Nv2k8l:xTzj2eNxZytnJbrx1e6C@hub-cloud.browserstack.com/wd/hub/session/eda2ebede5b4f1c4a3da0ae80d76cf0c2ffae504/element/a068d2d2-7977-4209-9c0b-055ca66acbed/displayed&apos;
21:16:38.638 [Forwarding isElementDisplayed on session eda2ebede5b4f1c4a3da0ae80d76cf0c2ffae504 to remote] DEBUG org.asynchttpclient.netty.request.NettyRequestSender - Using open Channel [id: 0x3f3c271a, L:/192.168.0.148:63298 - R:hub-cloud.browserstack.com/103.126.7.240:80] for GET &apos;/wd/hub/session/eda2ebede5b4f1c4a3da0ae80d76cf0c2ffae504/element/a068d2d2-7977-4209-9c0b-055ca66acbed/displayed&apos;
21:16:38.703 [AsyncHttpClient-1-8] DEBUG org.asynchttpclient.netty.handler.HttpHandler - 

Request DefaultFullHttpRequest(decodeResult: success, version: HTTP/1.1, content: EmptyByteBufBE)
GET /wd/hub/session/eda2ebede5b4f1c4a3da0ae80d76cf0c2ffae504/element/a068d2d2-7977-4209-9c0b-055ca66acbed/displayed HTTP/1.1
User-Agent: selenium/4.5.0 (java windows)
Cache-Control: no-cache
Content-Type: application/json; charset=utf-8
host: hub-cloud.browserstack.com
authorization: Basic c2FnYXJ2YXJ1bGVfTnYyazhsOnhUemoyZU54Wnl0bkpicngxZTZD
accept: */*

Response DefaultHttpResponse(decodeResult: success, version: HTTP/1.1)
HTTP/1.1 200 OK
Server: nginx
Date: Thu, 01 Dec 2022 15:46:38 GMT
Content-Type: application/json; charset=utf-8
Connection: keep-alive
Source-From: 02
x-powered-by: Express
etag: W/&quot;e-2ZHvAWebNQpyjGZTg6uyV8/spTo&quot;
content-length: 14

21:16:38.704 [AsyncHttpClient-1-8] DEBUG org.asynchttpclient.netty.channel.ChannelManager - Adding key: http://hub-cloud.browserstack.com:80 for channel [id: 0x3f3c271a, L:/192.168.0.148:63298 - R:hub-cloud.browserstack.com/103.126.7.240:80]
21:16:38.706 [Forwarding findElement on session eda2ebede5b4f1c4a3da0ae80d76cf0c2ffae504 to remote] DEBUG org.asynchttpclient.netty.request.NettyRequestSender - Using pooled Channel &apos;[id: 0x3f3c271a, L:/192.168.0.148:63298 - R:hub-cloud.browserstack.com/103.126.7.240:80]&apos; for &apos;POST&apos; to &apos;http://sagarvarule_Nv2k8l:xTzj2eNxZytnJbrx1e6C@hub-cloud.browserstack.com/wd/hub/session/eda2ebede5b4f1c4a3da0ae80d76cf0c2ffae504/element&apos;
21:16:38.710 [Forwarding findElement on session eda2ebede5b4f1c4a3da0ae80d76cf0c2ffae504 to remote] DEBUG org.asynchttpclient.netty.request.NettyRequestSender - Using open Channel [id: 0x3f3c271a, L:/192.168.0.148:63298 - R:hub-cloud.browserstack.com/103.126.7.240:80] for POST &apos;/wd/hub/session/eda2ebede5b4f1c4a3da0ae80d76cf0c2ffae504/element&apos;
21:16:38.778 [AsyncHttpClient-1-8] DEBUG org.asynchttpclient.netty.handler.HttpHandler - 

Request DefaultHttpRequest(decodeResult: success, version: HTTP/1.1)
POST /wd/hub/session/eda2ebede5b4f1c4a3da0ae80d76cf0c2ffae504/element HTTP/1.1
User-Agent: selenium/4.5.0 (java windows)
Content-Length: 94
Content-Type: application/json; charset=utf-8
host: hub-cloud.browserstack.com
authorization: Basic c2FnYXJ2YXJ1bGVfTnYyazhsOnhUemoyZU54Wnl0bkpicngxZTZD
accept: */*

Response DefaultHttpResponse(decodeResult: success, version: HTTP/1.1)
HTTP/1.1 200 OK
Server: nginx
Date: Thu, 01 Dec 2022 15:46:38 GMT
Content-Type: application/json; charset=utf-8
Connection: keep-alive
Source-From: 02
x-powered-by: Express
vary: X-HTTP-Method-Override
etag: W/&quot;89-gUOpnUNSuT7Hjmiys+ibIGeC3S8&quot;
content-length: 137

21:16:38.778 [AsyncHttpClient-1-8] DEBUG org.asynchttpclient.netty.channel.ChannelManager - Adding key: http://hub-cloud.browserstack.com:80 for channel [id: 0x3f3c271a, L:/192.168.0.148:63298 - R:hub-cloud.browserstack.com/103.126.7.240:80]
21:16:38.779 [Forwarding getElementText on session eda2ebede5b4f1c4a3da0ae80d76cf0c2ffae504 to remote] DEBUG org.asynchttpclient.netty.request.NettyRequestSender - Using pooled Channel &apos;[id: 0x3f3c271a, L:/192.168.0.148:63298 - R:hub-cloud.browserstack.com/103.126.7.240:80]&apos; for &apos;GET&apos; to &apos;http://sagarvarule_Nv2k8l:xTzj2eNxZytnJbrx1e6C@hub-cloud.browserstack.com/wd/hub/session/eda2ebede5b4f1c4a3da0ae80d76cf0c2ffae504/element/918addb7-fd40-460b-9166-987ab5aaa7a2/text&apos;
21:16:38.779 [Forwarding getElementText on session eda2ebede5b4f1c4a3da0ae80d76cf0c2ffae504 to remote] DEBUG org.asynchttpclient.netty.request.NettyRequestSender - Using open Channel [id: 0x3f3c271a, L:/192.168.0.148:63298 - R:hub-cloud.browserstack.com/103.126.7.240:80] for GET &apos;/wd/hub/session/eda2ebede5b4f1c4a3da0ae80d76cf0c2ffae504/element/918addb7-fd40-460b-9166-987ab5aaa7a2/text&apos;
21:16:38.847 [AsyncHttpClient-1-8] DEBUG org.asynchttpclient.netty.handler.HttpHandler - 

Request DefaultFullHttpRequest(decodeResult: success, version: HTTP/1.1, content: EmptyByteBufBE)
GET /wd/hub/session/eda2ebede5b4f1c4a3da0ae80d76cf0c2ffae504/element/918addb7-fd40-460b-9166-987ab5aaa7a2/text HTTP/1.1
User-Agent: selenium/4.5.0 (java windows)
Cache-Control: no-cache
Content-Type: application/json; charset=utf-8
host: hub-cloud.browserstack.com
authorization: Basic c2FnYXJ2YXJ1bGVfTnYyazhsOnhUemoyZU54Wnl0bkpicngxZTZD
accept: */*

Response DefaultHttpResponse(decodeResult: success, version: HTTP/1.1)
HTTP/1.1 200 OK
Server: nginx
Date: Thu, 01 Dec 2022 15:46:38 GMT
Content-Type: application/json; charset=utf-8
Connection: keep-alive
Source-From: 02
x-powered-by: Express
etag: W/&quot;56-fsZljHzrDIaVkANWKV7m0AlGMlc&quot;
content-length: 90

21:16:38.847 [AsyncHttpClient-1-8] DEBUG org.asynchttpclient.netty.channel.ChannelManager - Adding key: http://hub-cloud.browserstack.com:80 for channel [id: 0x3f3c271a, L:/192.168.0.148:63298 - R:hub-cloud.browserstack.com/103.126.7.240:80]
  &amp;#27;[31mThen &amp;#27;[0m&amp;#27;[31mVerify Statistics screen shows &amp;#27;[0m&amp;#27;[31m&amp;#27;[1m&quot;No statistics&quot;&amp;#27;[0m&amp;#27;[31m message&amp;#27;[0m &amp;#27;[90m# com.example.cocusmobiletest.stepdefinitions.UIStepdefs.Verify_Statistics_screen_shows_message(java.lang.String)&amp;#27;[0m
      &amp;#27;[31morg.junit.ComparisonFailure: expected:&lt;No statist[i]cs&gt; but was:&lt;No statist[]cs&gt;
	at org.junit.Assert.assertEquals(Assert.java:115)
	at org.junit.Assert.assertEquals(Assert.java:144)
	at com.example.cocusmobiletest.stepdefinitions.UIStepdefs.Verify_Statistics_screen_shows_message(UIStepdefs.java:91)
	at Ã¢Å“Â½.Verify Statistics screen shows &quot;No statistics&quot; message(file:///C:/SagarV/Projects/COCUS-Challenge/cocus-mobiletest-challenge/cocus-mobile-test/src/test/resources/features/UI.feature:25)
&amp;#27;[0m
21:16:38.851 [Forwarding screenshot on session eda2ebede5b4f1c4a3da0ae80d76cf0c2ffae504 to remote] DEBUG org.asynchttpclient.netty.request.NettyRequestSender - Using pooled Channel &apos;[id: 0x3f3c271a, L:/192.168.0.148:63298 - R:hub-cloud.browserstack.com/103.126.7.240:80]&apos; for &apos;GET&apos; to &apos;http://sagarvarule_Nv2k8l:xTzj2eNxZytnJbrx1e6C@hub-cloud.browserstack.com/wd/hub/session/eda2ebede5b4f1c4a3da0ae80d76cf0c2ffae504/screenshot&apos;
21:16:38.851 [Forwarding screenshot on session eda2ebede5b4f1c4a3da0ae80d76cf0c2ffae504 to remote] DEBUG org.asynchttpclient.netty.request.NettyRequestSender - Using open Channel [id: 0x3f3c271a, L:/192.168.0.148:63298 - R:hub-cloud.browserstack.com/103.126.7.240:80] for GET &apos;/wd/hub/session/eda2ebede5b4f1c4a3da0ae80d76cf0c2ffae504/screenshot&apos;
21:16:39.419 [AsyncHttpClient-1-8] DEBUG org.asynchttpclient.netty.handler.HttpHandler - 

Request DefaultFullHttpRequest(decodeResult: success, version: HTTP/1.1, content: EmptyByteBufBE)
GET /wd/hub/session/eda2ebede5b4f1c4a3da0ae80d76cf0c2ffae504/screenshot HTTP/1.1
User-Agent: selenium/4.5.0 (java windows)
Cache-Control: no-cache
Content-Type: application/json; charset=utf-8
host: hub-cloud.browserstack.com
authorization: Basic c2FnYXJ2YXJ1bGVfTnYyazhsOnhUemoyZU54Wnl0bkpicngxZTZD
accept: */*

Response DefaultHttpResponse(decodeResult: success, version: HTTP/1.1)
HTTP/1.1 200 OK
Server: nginx
Date: Thu, 01 Dec 2022 15:46:39 GMT
Content-Type: application/json; charset=utf-8
Connection: keep-alive
Source-From: 02
x-powered-by: Express
etag: W/&quot;d9b6-fDS+DDbBDXIXJrTsDkiC3kdmyGk&quot;
content-length: 55734

21:16:39.529 [AsyncHttpClient-1-8] DEBUG org.asynchttpclient.netty.channel.ChannelManager - Adding key: http://hub-cloud.browserstack.com:80 for channel [id: 0x3f3c271a, L:/192.168.0.148:63298 - R:hub-cloud.browserstack.com/103.126.7.240:80]

    Embedding Verify Statistics screen [image/png 40717 bytes]

</system-out>
  </testcase>
  <testcase classname="com.example.cocusmobiletest.RunCukesTest" name="com.example.cocusmobiletest.RunCukesTest" time="9.564">
    <error message="Cannot invoke &quot;io.appium.java_client.service.local.AppiumDriverLocalService.stop()&quot; because &quot;com.example.cocusmobiletest.config.DriverManager.service&quot; is null" type="java.lang.NullPointerException">java.lang.NullPointerException: Cannot invoke &quot;io.appium.java_client.service.local.AppiumDriverLocalService.stop()&quot; because &quot;com.example.cocusmobiletest.config.DriverManager.service&quot; is null
	at com.example.cocusmobiletest.config.DriverManager.stopAppiumService(DriverManager.java:87)
	at com.example.cocusmobiletest.stepdefinitions.Hooks.tearDownTests(Hooks.java:43)
</error>
    <system-out>21:16:39.534 [Forwarding quit on session eda2ebede5b4f1c4a3da0ae80d76cf0c2ffae504 to remote] DEBUG org.asynchttpclient.netty.request.NettyRequestSender - Using pooled Channel &apos;[id: 0x3f3c271a, L:/192.168.0.148:63298 - R:hub-cloud.browserstack.com/103.126.7.240:80]&apos; for &apos;DELETE&apos; to &apos;http://sagarvarule_Nv2k8l:xTzj2eNxZytnJbrx1e6C@hub-cloud.browserstack.com/wd/hub/session/eda2ebede5b4f1c4a3da0ae80d76cf0c2ffae504&apos;
21:16:39.534 [Forwarding quit on session eda2ebede5b4f1c4a3da0ae80d76cf0c2ffae504 to remote] DEBUG org.asynchttpclient.netty.request.NettyRequestSender - Using open Channel [id: 0x3f3c271a, L:/192.168.0.148:63298 - R:hub-cloud.browserstack.com/103.126.7.240:80] for DELETE &apos;/wd/hub/session/eda2ebede5b4f1c4a3da0ae80d76cf0c2ffae504&apos;
21:16:40.819 [AsyncHttpClient-1-8] DEBUG org.asynchttpclient.netty.handler.HttpHandler - 

Request DefaultFullHttpRequest(decodeResult: success, version: HTTP/1.1, content: EmptyByteBufBE)
DELETE /wd/hub/session/eda2ebede5b4f1c4a3da0ae80d76cf0c2ffae504 HTTP/1.1
User-Agent: selenium/4.5.0 (java windows)
Content-Type: application/json; charset=utf-8
host: hub-cloud.browserstack.com
authorization: Basic c2FnYXJ2YXJ1bGVfTnYyazhsOnhUemoyZU54Wnl0bkpicngxZTZD
accept: */*

Response DefaultHttpResponse(decodeResult: success, version: HTTP/1.1)
HTTP/1.1 200 OK
Server: nginx
Date: Thu, 01 Dec 2022 15:46:40 GMT
Content-Type: application/json; charset=utf-8
Transfer-Encoding: chunked
Connection: keep-alive
Source-From: 02
cache-control: no-cache

21:16:40.820 [AsyncHttpClient-1-8] DEBUG org.asynchttpclient.netty.channel.ChannelManager - Adding key: http://hub-cloud.browserstack.com:80 for channel [id: 0x3f3c271a, L:/192.168.0.148:63298 - R:hub-cloud.browserstack.com/103.126.7.240:80]
      &amp;#27;[31mjava.lang.NullPointerException: Cannot invoke &quot;io.appium.java_client.service.local.AppiumDriverLocalService.stop()&quot; because &quot;com.example.cocusmobiletest.config.DriverManager.service&quot; is null
	at com.example.cocusmobiletest.config.DriverManager.stopAppiumService(DriverManager.java:87)
	at com.example.cocusmobiletest.stepdefinitions.Hooks.tearDownTests(Hooks.java:43)
&amp;#27;[0m
</system-out>
    <system-err>&amp;#27;[32m&amp;#27;[1m?????????????????????????????????????????????????????????????????????????????????????&amp;#27;[0m
&amp;#27;[32m&amp;#27;[1m?&amp;#27;[0m Share your Cucumber Report with your team at &amp;#27;[36m&amp;#27;[1m&amp;#27;[4mhttps://reports.cucumber.io&amp;#27;[0m          &amp;#27;[32m&amp;#27;[1m?&amp;#27;[0m
&amp;#27;[32m&amp;#27;[1m?&amp;#27;[0m Activate publishing with one of the following:                                    &amp;#27;[32m&amp;#27;[1m?&amp;#27;[0m
&amp;#27;[32m&amp;#27;[1m?&amp;#27;[0m                                                                                   &amp;#27;[32m&amp;#27;[1m?&amp;#27;[0m
&amp;#27;[32m&amp;#27;[1m?&amp;#27;[0m src/test/resources/cucumber.properties:          &amp;#27;[36mcucumber.publish.enabled&amp;#27;[0m=&amp;#27;[36mtrue&amp;#27;[0m    &amp;#27;[32m&amp;#27;[1m?&amp;#27;[0m
&amp;#27;[32m&amp;#27;[1m?&amp;#27;[0m src/test/resources/junit-platform.properties:    &amp;#27;[36mcucumber.publish.enabled&amp;#27;[0m=&amp;#27;[36mtrue&amp;#27;[0m    &amp;#27;[32m&amp;#27;[1m?&amp;#27;[0m
&amp;#27;[32m&amp;#27;[1m?&amp;#27;[0m Environment variable:                            &amp;#27;[36mCUCUMBER_PUBLISH_ENABLED&amp;#27;[0m=&amp;#27;[36mtrue&amp;#27;[0m    &amp;#27;[32m&amp;#27;[1m?&amp;#27;[0m
&amp;#27;[32m&amp;#27;[1m?&amp;#27;[0m JUnit:                                           &amp;#27;[36m@CucumberOptions&amp;#27;[0m(publish = &amp;#27;[36mtrue&amp;#27;[0m) &amp;#27;[32m&amp;#27;[1m?&amp;#27;[0m
&amp;#27;[32m&amp;#27;[1m?&amp;#27;[0m                                                                                   &amp;#27;[32m&amp;#27;[1m?&amp;#27;[0m
&amp;#27;[32m&amp;#27;[1m?&amp;#27;[0m More information at &amp;#27;[36mhttps://cucumber.io/docs/cucumber/environment-variables/&amp;#27;[0m      &amp;#27;[32m&amp;#27;[1m?&amp;#27;[0m
&amp;#27;[32m&amp;#27;[1m?&amp;#27;[0m                                                                                   &amp;#27;[32m&amp;#27;[1m?&amp;#27;[0m
&amp;#27;[32m&amp;#27;[1m?&amp;#27;[0m Disable this message with one of the following:                                   &amp;#27;[32m&amp;#27;[1m?&amp;#27;[0m
&amp;#27;[32m&amp;#27;[1m?&amp;#27;[0m                                                                                   &amp;#27;[32m&amp;#27;[1m?&amp;#27;[0m
&amp;#27;[32m&amp;#27;[1m?&amp;#27;[0m src/test/resources/cucumber.properties:          &amp;#27;[36mcucumber.publish.quiet&amp;#27;[0m=&amp;#27;[36mtrue&amp;#27;[0m      &amp;#27;[32m&amp;#27;[1m?&amp;#27;[0m
&amp;#27;[32m&amp;#27;[1m?&amp;#27;[0m src/test/resources/junit-platform.properties:    &amp;#27;[36mcucumber.publish.quiet&amp;#27;[0m=&amp;#27;[36mtrue&amp;#27;[0m      &amp;#27;[32m&amp;#27;[1m?&amp;#27;[0m
&amp;#27;[32m&amp;#27;[1m?????????????????????????????????????????????????????????????????????????????????????&amp;#27;[0m
</system-err>
  </testcase>
</testsuite>