<?xml version="1.0" encoding="UTF-8" ?>
<testsuite tests="13" failures="5" name="com.example.cocusmobiletest.RunCukesTest" time="159.296" errors="0" skipped="0">
  <properties>
    <property name="java.runtime.name" value="OpenJDK Runtime Environment"/>
    <property name="java.vm.version" value="17.0.2+8-86"/>
    <property name="sun.boot.library.path" value="C:\SagarV\Software\openjdk-17.0.2_windows-x64_bin\jdk-17.0.2\bin"/>
    <property name="maven.multiModuleProjectDirectory" value="C:\SagarV\Projects\COCUS-Challenge\cocus-mobiletest-challenge\cocus-mobile-test"/>
    <property name="java.vm.vendor" value="Oracle Corporation"/>
    <property name="java.vendor.url" value="https://java.oracle.com/"/>
    <property name="guice.disable.misplaced.annotation.check" value="true"/>
    <property name="path.separator" value=";"/>
    <property name="java.vm.name" value="OpenJDK 64-Bit Server VM"/>
    <property name="sun.os.patch.level" value=""/>
    <property name="user.script" value=""/>
    <property name="user.country" value="IN"/>
    <property name="sun.java.launcher" value="SUN_STANDARD"/>
    <property name="java.vm.specification.name" value="Java Virtual Machine Specification"/>
    <property name="user.dir" value="C:\SagarV\Projects\COCUS-Challenge\cocus-mobiletest-challenge\cocus-mobile-test"/>
    <property name="java.vm.compressedOopsMode" value="32-bit"/>
    <property name="java.runtime.version" value="17.0.2+8-86"/>
    <property name="os.arch" value="amd64"/>
    <property name="java.io.tmpdir" value="C:\Users\manis\AppData\Local\Temp\"/>
    <property name="line.separator" value="
"/>
    <property name="java.vm.specification.vendor" value="Oracle Corporation"/>
    <property name="user.variant" value=""/>
    <property name="os.name" value="Windows 11"/>
    <property name="classworlds.conf" value="C:\SagarV\Software\apache-maven-3.8.6\bin\m2.conf"/>
    <property name="sun.jnu.encoding" value="Cp1252"/>
    <property name="java.library.path" value="C:\SagarV\Software\openjdk-17.0.2_windows-x64_bin\jdk-17.0.2\bin;C:\WINDOWS\Sun\Java\bin;C:\WINDOWS\system32;C:\WINDOWS;C:\Program Files (x86)\Common Files\Intel\Shared Files\cpp\bin\Intel64;C:\WINDOWS\system32;C:\WINDOWS;C:\WINDOWS\System32\Wbem;C:\WINDOWS\System32\WindowsPowerShell\v1.0\;C:\WINDOWS\System32\OpenSSH\;C:\Program Files\Git\cmd;C:\ProgramData\chocolatey\bin;C:\Program Files\Go\bin;C:\Program Files\Docker\Docker\resources\bin;C:\Program Files\nodejs\;C:\Users\manis\AppData\Local\Microsoft\WindowsApps;C:\Users\manis\AppData\Local\Programs\Microsoft VS Code\bin;C:\SagarV\Software\openjdk-17.0.2_windows-x64_bin\jdk-17.0.2\bin;C:\SagarV\Software\apache-maven-3.8.6\bin;C:\Users\manis\go\bin;C:\Users\manis\AppData\Roaming\npm;C:\Program Files\JetBrains\PyCharm Community Edition 2022.2.3\bin;;C:\SagarV\Software\chromedriver_win32;C:\Users\manis\AppData\Local\Android\Sdk\platform-tools;C:\tools\opencv\build\bin;C:\SagarV\Software\ffmpeg-master-latest-win64-gpl\ffmpeg-master-latest-win64-gpl\bin;;."/>
    <property name="maven.conf" value="C:\SagarV\Software\apache-maven-3.8.6/conf"/>
    <property name="jdk.debug" value="release"/>
    <property name="java.class.version" value="61.0"/>
    <property name="java.specification.name" value="Java Platform API Specification"/>
    <property name="sun.management.compiler" value="HotSpot 64-Bit Tiered Compilers"/>
    <property name="os.version" value="10.0"/>
    <property name="library.jansi.path" value="C:\SagarV\Software\apache-maven-3.8.6\lib\jansi-native"/>
    <property name="user.home" value="C:\Users\manis"/>
    <property name="user.timezone" value="Asia/Calcutta"/>
    <property name="file.encoding" value="Cp1252"/>
    <property name="java.specification.version" value="17"/>
    <property name="user.name" value="manis"/>
    <property name="java.class.path" value="C:\SagarV\Software\apache-maven-3.8.6\boot\plexus-classworlds-2.6.0.jar"/>
    <property name="java.vm.specification.version" value="17"/>
    <property name="sun.arch.data.model" value="64"/>
    <property name="sun.java.command" value="org.codehaus.plexus.classworlds.launcher.Launcher clean test"/>
    <property name="java.home" value="C:\SagarV\Software\openjdk-17.0.2_windows-x64_bin\jdk-17.0.2"/>
    <property name="user.language" value="en"/>
    <property name="java.specification.vendor" value="Oracle Corporation"/>
    <property name="java.vm.info" value="mixed mode, sharing"/>
    <property name="java.version" value="17.0.2"/>
    <property name="native.encoding" value="Cp1252"/>
    <property name="java.vendor" value="Oracle Corporation"/>
    <property name="sun.stderr.encoding" value="cp437"/>
    <property name="maven.home" value="C:\SagarV\Software\apache-maven-3.8.6"/>
    <property name="file.separator" value="\"/>
    <property name="java.version.date" value="2022-01-18"/>
    <property name="java.vendor.url.bug" value="https://bugreport.java.com/bugreport/"/>
    <property name="sun.io.unicode.encoding" value="UnicodeLittle"/>
    <property name="sun.cpu.endian" value="little"/>
    <property name="sun.stdout.encoding" value="cp437"/>
    <property name="sun.cpu.isalist" value="amd64"/>
  </properties>
  <testcase classname="Add Notes" name="Add Small Note #1" time="10.531"/>
  <testcase classname="Add Notes" name="Add Small Note #2" time="10.057"/>
  <testcase classname="Add Notes" name="Note with Title only" time="10.221"/>
  <testcase classname="Add Notes" name="Note with Description only" time="10.677"/>
  <testcase classname="Add Notes" name="Large text file as Note" time="9.908">
    <failure message="Expected Note with title and description not present" type="java.lang.AssertionError">java.lang.AssertionError: Expected Note with title and description not present
	at org.junit.Assert.fail(Assert.java:88)
	at org.junit.Assert.assertTrue(Assert.java:41)
	at com.example.cocusmobiletest.stepdefinitions.NewNoteStepdefs.Verify_note_is_added_successfully_with_title_and_description(NewNoteStepdefs.java:68)
	at âœ½.Verify note is added successfully with title and description(file:///C:/SagarV/Projects/COCUS-Challenge/cocus-mobiletest-challenge/cocus-mobile-test/src/test/resources/features/AddNotes.feature:28)
</failure>
    <system-out>&amp;#27;[35m[HTTP]&amp;#27;[39m &amp;#27;[37m&lt;-- GET /wd/hub/session/7ae98af1-f0c4-48bb-82e0-609d7d4c050b/screenshot &amp;#27;[39m&amp;#27;[32m200&amp;#27;[39m &amp;#27;[90m363 ms - 117706&amp;#27;[39m
&amp;#27;[35m[HTTP]&amp;#27;[39m &amp;#27;[90m&amp;#27;[39m

@sanity
Scenario Outline: Large text file as Note                           &amp;#27;[90m# src/test/resources/features/AddNotes.feature:32&amp;#27;[0m
09:54:43.960 [Forwarding findElement on session 7ae98af1-f0c4-48bb-82e0-609d7d4c050b to remote] DEBUG org.asynchttpclient.netty.request.NettyRequestSender - Using pooled Channel &apos;[id: 0x007e0974, L:/127.0.0.1:56617 - R:/127.0.0.1:4723]&apos; for &apos;POST&apos; to &apos;http://0.0.0.0:4723/wd/hub/session/7ae98af1-f0c4-48bb-82e0-609d7d4c050b/element&apos;
09:54:43.960 [Forwarding findElement on session 7ae98af1-f0c4-48bb-82e0-609d7d4c050b to remote] DEBUG org.asynchttpclient.netty.request.NettyRequestSender - Using open Channel [id: 0x007e0974, L:/127.0.0.1:56617 - R:/127.0.0.1:4723] for POST &apos;/wd/hub/session/7ae98af1-f0c4-48bb-82e0-609d7d4c050b/element&apos;
&amp;#27;[35m[HTTP]&amp;#27;[39m &amp;#27;[37m--&gt;&amp;#27;[39m &amp;#27;[37mPOST&amp;#27;[39m &amp;#27;[37m/wd/hub/session/7ae98af1-f0c4-48bb-82e0-609d7d4c050b/element&amp;#27;[39m
&amp;#27;[35m[HTTP]&amp;#27;[39m &amp;#27;[90m{&quot;using&quot;:&quot;id&quot;,&quot;value&quot;:&quot;com.example.android.testing.notes.mock:id/fab_add_notes&quot;}&amp;#27;[39m
[debug] &amp;#27;[35m[W3C (7ae98af1)]&amp;#27;[39m Calling AppiumDriver.findElement() with args: [&quot;id&quot;,&quot;com.example.android.testing.notes.mock:id/fab_add_notes&quot;,&quot;7ae98af1-f0c4-48bb-82e0-609d7d4c050b&quot;]
[debug] &amp;#27;[35m[BaseDriver]&amp;#27;[39m Valid locator strategies for this request: xpath, id, class name, accessibility id, css selector, -android uiautomator
[debug] &amp;#27;[35m[BaseDriver]&amp;#27;[39m Waiting up to 0 ms for condition
[debug] &amp;#27;[35m[WD Proxy]&amp;#27;[39m Matched &apos;/element&apos; to command name &apos;findElement&apos;
[debug] &amp;#27;[35m[WD Proxy]&amp;#27;[39m Proxying [POST /element] to [POST http://127.0.0.1:8200/wd/hub/session/015791bc-716d-4afa-9c1f-c27f676dbeb8/element] with body: {&quot;strategy&quot;:&quot;id&quot;,&quot;selector&quot;:&quot;com.example.android.testing.notes.mock:id/fab_add_notes&quot;,&quot;context&quot;:&quot;&quot;,&quot;multiple&quot;:false}
[debug] &amp;#27;[35m[WD Proxy]&amp;#27;[39m Got response with status 200: {&quot;sessionId&quot;:&quot;015791bc-716d-4afa-9c1f-c27f676dbeb8&quot;,&quot;value&quot;:{&quot;ELEMENT&quot;:&quot;00000000-0000-1be8-ffff-ffff00000010&quot;,&quot;element-6066-11e4-a52e-4f735466cecf&quot;:&quot;00000000-0000-1be8-ffff-ffff00000010&quot;}}
[debug] &amp;#27;[35m[W3C (7ae98af1)]&amp;#27;[39m Responding to client with driver.findElement() result: {&quot;element-6066-11e4-a52e-4f735466cecf&quot;:&quot;00000000-0000-1be8-ffff-ffff00000010&quot;09:54:44.029 [AsyncHttpClient-1-2] DEBUG org.asynchttpclient.netty.handler.HttpHandler - 

Request DefaultHttpRequest(decodeResult: success, version: HTTP/1.1)
POST /wd/hub/session/7ae98af1-f0c4-48bb-82e0-609d7d4c050b/element HTTP/1.1
User-Agent: selenium/4.5.0 (java windows)
Content-Length: 94
Content-Type: application/json; charset=utf-8
host: 0.0.0.0:4723
accept: */*

Response DefaultHttpResponse(decodeResult: success, version: HTTP/1.1)
HTTP/1.1 200 OK
X-Powered-By: Express
Vary: X-HTTP-Method-Override
Content-Type: application/json; charset=utf-8
ETag: W/&quot;89-oQm3nrL1RYeXqm5ocWoT1mIo5O0&quot;
Date: Fri, 02 Dec 2022 04:24:44 GMT
Connection: keep-alive
Keep-Alive: timeout=600
content-length: 137

,&quot;ELEMENT&quot;:&quot;00000000-0000-1be8-ffff-ffff00000010&quot;}
09:54:44.030 [AsyncHttpClient-1-2] DEBUG org.asynchttpclient.netty.channel.ChannelManager - Adding key: http://0.0.0.0:4723 for channel [id: 0x007e0974, L:/127.0.0.1:56617 - R:/127.0.0.1:4723]
&amp;#27;[35m[HTTP]&amp;#27;[39m &amp;#27;[37m&lt;-- POST /wd/hub/session/7ae98af1-f0c4-48bb-82e0-609d7d4c050b/element &amp;#27;[39m&amp;#27;[32m200&amp;#27;[39m &amp;#27;[90m67 ms - 137&amp;#27;[39m
&amp;#27;[35m[HTTP]&amp;#27;[39m &amp;#27;[90m&amp;#27;[39m
09:54:44.031 [Forwarding isElementDisplayed on session 7ae98af1-f0c4-48bb-82e0-609d7d4c050b to remote] DEBUG org.asynchttpclient.netty.request.NettyRequestSender - Using pooled Channel &apos;[id: 0x007e0974, L:/127.0.0.1:56617 - R:/127.0.0.1:4723]&apos; for &apos;GET&apos; to &apos;http://0.0.0.0:4723/wd/hub/session/7ae98af1-f0c4-48bb-82e0-609d7d4c050b/element/00000000-0000-1be8-ffff-ffff00000010/displayed&apos;
09:54:44.031 [Forwarding isElementDisplayed on session 7ae98af1-f0c4-48bb-82e0-609d7d4c050b to remote] DEBUG org.asynchttpclient.netty.request.NettyRequestSender - Using open Channel [id: 0x007e0974, L:/127.0.0.1:56617 - R:/127.0.0.1:4723] for GET &apos;/wd/hub/session/7ae98af1-f0c4-48bb-82e0-609d7d4c050b/element/00000000-0000-1be8-ffff-ffff00000010/displayed&apos;
&amp;#27;[35m[HTTP]&amp;#27;[39m &amp;#27;[37m--&gt;&amp;#27;[39m &amp;#27;[37mGET&amp;#27;[39m &amp;#27;[37m/wd/hub/session/7ae98af1-f0c4-48bb-82e0-609d7d4c050b/element/00000000-0000-1be8-ffff-ffff00000010/displayed&amp;#27;[39m
&amp;#27;[35m[HTTP]&amp;#27;[39m &amp;#27;[90m{}&amp;#27;[39m
[debug] &amp;#27;[35m[W3C (7ae98af1)]&amp;#27;[39m Calling AppiumDriver.elementDisplayed() with args: [&quot;00000000-0000-1be8-ffff-ffff00000010&quot;,&quot;7ae98af1-f0c4-48bb-82e0-609d7d4c050b&quot;]
[debug] &amp;#27;[35m[WD Proxy]&amp;#27;[39m Matched &apos;/element/00000000-0000-1be8-ffff-ffff00000010/attribute/displayed&apos; to command name &apos;getAttribute&apos;
[debug] &amp;#27;[35m[WD Proxy]&amp;#27;[39m Proxying [GET /element/00000000-0000-1be8-ffff-ffff00000010/attribute/displayed] to [GET http://127.0.0.1:8200/wd/hub/session/015791bc-716d-4afa-9c1f-c27f676dbeb8/element/00000000-0000-1be8-ffff-ffff00000010/attribute/displayed] with no body
[debug] &amp;#27;[35m[WD Proxy]&amp;#27;[39m Got response with status 200: {&quot;sessionId&quot;:&quot;015791bc-716d-4afa-9c1f-c27f676dbeb8&quot;,&quot;value&quot;:&quot;true&quot;}
[debug] &amp;#27;[35m[W3C (7ae98af1)]&amp;#27;[39m Responding to client with driver.elementDisplayed() result: true
09:54:44.054 [AsyncHttpClient-1-2] DEBUG org.asynchttpclient.netty.handler.HttpHandler - 

Request DefaultFullHttpRequest(decodeResult: success, version: HTTP/1.1, content: EmptyByteBufBE)
GET /wd/hub/session/7ae98af1-f0c4-48bb-82e0-609d7d4c050b/element/00000000-0000-1be8-ffff-ffff00000010/displayed HTTP/1.1
User-Agent: selenium/4.5.0 (java windows)
Cache-Control: no-cache
Content-Type: application/json; charset=utf-8
host: 0.0.0.0:4723
accept: */*

Response DefaultHttpResponse(decodeResult: success, version: HTTP/1.1)
HTTP/1.1 200 OK
X-Powered-By: Express
Content-Type: application/json; charset=utf-8
ETag: W/&quot;e-2ZHvAWebNQpyjGZTg6uyV8/spTo&quot;
Date: Fri, 02 Dec 2022 04:24:44 GMT
Connection: keep-alive
Keep-Alive: timeout=600
content-length: 14

&amp;#27;[35m[HTTP]&amp;#27;[39m &amp;#27;[37m&lt;-- GET /wd/hub/session/7ae98af1-f0c4-48bb-82e0-609d7d4c050b/element09:54:44.054 [AsyncHttpClient-1-2] DEBUG org.asynchttpclient.netty.channel.ChannelManager - Adding key: http://0.0.0.0:4723 for channel [id: 0x007e0974, L:/127.0.0.1:56617 - R:/127.0.0.1:4723]
/00000000-0000-1be8-ffff-ffff00000010/displayed &amp;#27;[39m&amp;#27;[32m200&amp;#27;[39m &amp;#27;[90m21 ms - 14&amp;#27;[39m
&amp;#27;[35m[HTTP]&amp;#27;[39m &amp;#27;[90m&amp;#27;[39m
09:54:44.056 [Forwarding findElement on session 7ae98af1-f0c4-48bb-82e0-609d7d4c050b to remote] DEBUG org.asynchttpclient.netty.request.NettyRequestSender - Using pooled Channel &apos;[id: 0x007e0974, L:/127.0.0.1:56617 - R:/127.0.0.1:4723]&apos; for &apos;POST&apos; to &apos;http://0.0.0.0:4723/wd/hub/session/7ae98af1-f0c4-48bb-82e0-609d7d4c050b/element&apos;
09:54:44.056 [Forwarding findElement on session 7ae98af1-f0c4-48bb-82e0-609d7d4c050b to remote] DEBUG org.asynchttpclient.netty.request.NettyRequestSender - Using open Channel [id: 0x007e0974, L:/127.0.0.1:56617 - R:/127.0.0.1:4723] for POST &apos;/wd/hub/session/7ae98af1-f0c4-48bb-82e0-609d7d4c050b/element&apos;
&amp;#27;[35m[HTTP]&amp;#27;[39m &amp;#27;[37m--&gt;&amp;#27;[39m &amp;#27;[37mPOST&amp;#27;[39m &amp;#27;[37m/wd/hub/session/7ae98af1-f0c4-48bb-82e0-609d7d4c050b/element&amp;#27;[39m
&amp;#27;[35m[HTTP]&amp;#27;[39m &amp;#27;[90m{&quot;using&quot;:&quot;id&quot;,&quot;value&quot;:&quot;com.example.android.testing.notes.mock:id/fab_add_notes&quot;}&amp;#27;[39m
[debug] &amp;#27;[35m[W3C (7ae98af1)]&amp;#27;[39m Calling AppiumDriver.findElement() with args: [&quot;id&quot;,&quot;com.example.android.testing.notes.mock:id/fab_add_notes&quot;,&quot;7ae98af1-f0c4-48bb-82e0-609d7d4c050b&quot;]
[debug] &amp;#27;[35m[BaseDriver]&amp;#27;[39m Valid locator strategies for this request: xpath, id, class name, accessibility id, css selector, -android uiautomator
[debug] &amp;#27;[35m[BaseDriver]&amp;#27;[39m Waiting up to 0 ms for condition
[debug] &amp;#27;[35m[WD Proxy]&amp;#27;[39m Matched &apos;/element&apos; to command name &apos;findElement&apos;
[debug] &amp;#27;[35m[WD Proxy]&amp;#27;[39m Proxying [POST /element] to [POST http://127.0.0.1:8200/wd/hub/session/015791bc-716d-4afa-9c1f-c27f676dbeb8/element] with body: {&quot;strategy&quot;:&quot;id&quot;,&quot;selector&quot;:&quot;com.example.android.testing.notes.mock:id/fab_add_notes&quot;,&quot;context&quot;:&quot;&quot;,&quot;multiple&quot;:false}
[debug] &amp;#27;[35m[WD Proxy]&amp;#27;[39m Got response with status 200: {&quot;sessionId&quot;:&quot;015791bc-716d-4afa-9c1f-c27f676dbeb8&quot;,&quot;value&quot;:{&quot;ELEMENT&quot;:&quot;00000000-0000-1be8-ffff-ffff00000010&quot;,&quot;element-6066-11e4-a52e-4f735466cecf&quot;:&quot;00000000-0000-1be8-ffff-ffff00000010&quot;}}
[debug] &amp;#27;[35m[W3C (7ae98af1)]&amp;#27;[39m Responding to client with driver.findElement() resu09:54:44.119 [AsyncHttpClient-1-2] DEBUG org.asynchttpclient.netty.handler.HttpHandler - 

Request DefaultHttpRequest(decodeResult: success, version: HTTP/1.1)
POST /wd/hub/session/7ae98af1-f0c4-48bb-82e0-609d7d4c050b/element HTTP/1.1
User-Agent: selenium/4.5.0 (java windows)
Content-Length: 94
Content-Type: application/json; charset=utf-8
host: 0.0.0.0:4723
accept: */*

Response DefaultHttpResponse(decodeResult: success, version: HTTP/1.1)
HTTP/1.1 200 OK
X-Powered-By: Express
Vary: X-HTTP-Method-Override
Content-Type: application/json; charset=utf-8
ETag: W/&quot;89-oQm3nrL1RYeXqm5ocWoT1mIo5O0&quot;
Date: Fri, 02 Dec 2022 04:24:44 GMT
Connection: keep-alive
Keep-Alive: timeout=600
content-length: 137

lt: {&quot;element-6066-11e4-a52e-4f735466cecf&quot;:&quot;00009:54:44.119 [AsyncHttpClient-1-2] DEBUG org.asynchttpclient.netty.channel.ChannelManager - Adding key: http://0.0.0.0:4723 for channel [id: 0x007e0974, L:/127.0.0.1:56617 - R:/127.0.0.1:4723]
00000-0000-1be8-ffff-ffff00000010&quot;,&quot;ELEMENT&quot;:&quot;00000000-0000-1be8-ffff-ffff00000010&quot;}
&amp;#27;[35m[HTTP]&amp;#27;[39m &amp;#27;[37m&lt;-- POST /wd/hub/session/7ae98af1-f0c4-48bb-82e0-609d7d4c050b/element &amp;#27;[39m&amp;#27;[32m200&amp;#27;[39m &amp;#27;[90m60 ms - 137&amp;#27;[39m
&amp;#27;[35m[HTTP]&amp;#27;[39m &amp;#27;[90m&amp;#27;[39m
09:54:44.119 [Forwarding isElementEnabled on session 7ae98af1-f0c4-48bb-82e0-609d7d4c050b to remote] DEBUG org.asynchttpclient.netty.request.NettyRequestSender - Using pooled Channel &apos;[id: 0x007e0974, L:/127.0.0.1:56617 - R:/127.0.0.1:4723]&apos; for &apos;GET&apos; to &apos;http://0.0.0.0:4723/wd/hub/session/7ae98af1-f0c4-48bb-82e0-609d7d4c050b/element/00000000-0000-1be8-ffff-ffff00000010/enabled&apos;
09:54:44.120 [Forwarding isElementEnabled on session 7ae98af1-f0c4-48bb-82e0-609d7d4c050b to remote] DEBUG org.asynchttpclient.netty.request.NettyRequestSender - Using open Channel [id: 0x007e0974, L:/127.0.0.1:56617 - R:/127.0.0.1:4723] for GET &apos;/wd/hub/session/7ae98af1-f0c4-48bb-82e0-609d7d4c050b/element/00000000-0000-1be8-ffff-ffff00000010/enabled&apos;
&amp;#27;[35m[HTTP]&amp;#27;[39m &amp;#27;[37m--&gt;&amp;#27;[39m &amp;#27;[37mGET&amp;#27;[39m &amp;#27;[37m/wd/hub/session/7ae98af1-f0c4-48bb-82e0-609d7d4c050b/element/00000000-0000-1be8-ffff-ffff00000010/enabled&amp;#27;[39m
&amp;#27;[35m[HTTP]&amp;#27;[39m &amp;#27;[90m{}&amp;#27;[39m
[debug] &amp;#27;[35m[W3C (7ae98af1)]&amp;#27;[39m Calling AppiumDriver.elementEnabled() with args: [&quot;00000000-0000-1be8-ffff-ffff00000010&quot;,&quot;7ae98af1-f0c4-48bb-82e0-609d7d4c050b&quot;]
[debug] &amp;#27;[35m[WD Proxy]&amp;#27;[39m Matched &apos;/element/00000000-0000-1be8-ffff-ffff00000010/attribute/enabled&apos; to command name &apos;getAttribute&apos;
[debug] &amp;#27;[35m[WD Proxy]&amp;#27;[39m Proxying [GET /element/00000000-0000-1be8-ffff-ffff00000010/attribute/enabled] to [GET http://127.0.0.1:8200/wd/hub/session/015791bc-716d-4afa-9c1f-c27f676dbeb8/element/00000000-0000-1be8-ffff-ffff00000010/attribute/enabled] with no body
[debug] &amp;#27;[35m[WD Proxy]&amp;#27;[39m Got response with status 200: {&quot;sessionId&quot;:&quot;015791bc-716d-4afa-9c1f-c27f676dbeb8&quot;,&quot;value&quot;:&quot;true&quot;}
[debug] &amp;#27;[35m[W3C (7ae98af1)]&amp;#27;[39m Responding to client with driver.elementEnabled() result: true
09:54:44.135 [AsyncHttpClient-1-2] DEBUG org.asynchttpclient.netty.handler.HttpHandler - 

Request DefaultFullHttpRequest(decodeResult: success, version: HTTP/1.1, content: EmptyByteBufBE)
GET /wd/hub/session/7ae98af1-f0c4-48bb-82e0-609d7d4c050b/element/00000000-0000-1be8-ffff-ffff00000010/enabled HTTP/1.1
User-Agent: selenium/4.5.0 (java windows)
Cache-Control: no-cache
Content-Type: application/json; charset=utf-8
host: 0.0.0.0:4723
accept: */*

Response DefaultHttpResponse(decodeResult: success, version: HTTP/1.1)
HTTP/1.1 200 OK
X-Powered-By: Express
Content-Type: application/json; charset=utf-8
ETag: W/&quot;e-2ZHvAWebNQpyjGZTg6uyV8/spTo&quot;
Date: Fri, 02 Dec 2022 04:24:44 GMT
Connection: keep-alive
Keep-Alive: timeout=600
content-length: 14

&amp;#27;[35m[HTTP]&amp;#27;[39m &amp;#27;[37m&lt;-- GET /wd/hub/session/7ae98af1-f0c4-48bb-82e0-609d7d409:54:44.136 [AsyncHttpClient-1-2] DEBUG org.asynchttpclient.netty.channel.ChannelManager - Adding key: http://0.0.0.0:4723 for channel [id: 0x007e0974, L:/127.0.0.1:56617 - R:/127.0.0.1:4723]
c050b/element/00000000-0000-1be8-ffff-ffff00000010/enabled &amp;#27;[39m&amp;#27;[32m200&amp;#27;[39m &amp;#27;[90m14 ms - 14&amp;#27;[39m
&amp;#27;[35m[HTTP]&amp;#27;[39m &amp;#27;[90m&amp;#27;[39m
09:54:44.139 [Forwarding findElement on session 7ae98af1-f0c4-48bb-82e0-609d7d4c050b to remote] DEBUG org.asynchttpclient.netty.request.NettyRequestSender - Using pooled Channel &apos;[id: 0x007e0974, L:/127.0.0.1:56617 - R:/127.0.0.1:4723]&apos; for &apos;POST&apos; to &apos;http://0.0.0.0:4723/wd/hub/session/7ae98af1-f0c4-48bb-82e0-609d7d4c050b/element&apos;
09:54:44.139 [Forwarding findElement on session 7ae98af1-f0c4-48bb-82e0-609d7d4c050b to remote] DEBUG org.asynchttpclient.netty.request.NettyRequestSender - Using open Channel [id: 0x007e0974, L:/127.0.0.1:56617 - R:/127.0.0.1:4723] for POST &apos;/wd/hub/session/7ae98af1-f0c4-48bb-82e0-609d7d4c050b/element&apos;
&amp;#27;[35m[HTTP]&amp;#27;[39m &amp;#27;[37m--&gt;&amp;#27;[39m &amp;#27;[37mPOST&amp;#27;[39m &amp;#27;[37m/wd/hub/session/7ae98af1-f0c4-48bb-82e0-609d7d4c050b/element&amp;#27;[39m
&amp;#27;[35m[HTTP]&amp;#27;[39m &amp;#27;[90m{&quot;using&quot;:&quot;id&quot;,&quot;value&quot;:&quot;com.example.android.testing.notes.mock:id/fab_add_notes&quot;}&amp;#27;[39m
[debug] &amp;#27;[35m[W3C (7ae98af1)]&amp;#27;[39m Calling AppiumDriver.findElement() with args: [&quot;id&quot;,&quot;com.example.android.testing.notes.mock:id/fab_add_notes&quot;,&quot;7ae98af1-f0c4-48bb-82e0-609d7d4c050b&quot;]
[debug] &amp;#27;[35m[BaseDriver]&amp;#27;[39m Valid locator strategies for this request: xpath, id, class name, accessibility id, css selector, -android uiautomator
[debug] &amp;#27;[35m[BaseDriver]&amp;#27;[39m Waiting up to 0 ms for condition
[debug] &amp;#27;[35m[WD Proxy]&amp;#27;[39m Matched &apos;/element&apos; to command name &apos;findElement&apos;
[debug] &amp;#27;[35m[WD Proxy]&amp;#27;[39m Proxying [POST /element] to [POST http://127.0.0.1:8200/wd/hub/session/015791bc-716d-4afa-9c1f-c27f676dbeb8/element] with body: {&quot;strategy&quot;:&quot;id&quot;,&quot;selector&quot;:&quot;com.example.android.testing.notes.mock:id/fab_add_notes&quot;,&quot;context&quot;:&quot;&quot;,&quot;multiple&quot;:false}
[debug] &amp;#27;[35m[WD Proxy]&amp;#27;[39m Got response with status 200: {&quot;sessionId&quot;:&quot;015791bc-716d-4afa-9c1f-c27f676dbeb8&quot;,&quot;value&quot;:{&quot;ELEMENT&quot;:&quot;00000000-0000-1be8-ffff-ffff00000010&quot;,&quot;element-6066-11e4-a52e-4f735466cecf&quot;:&quot;00000000-0000-1be8-ffff-ffff00000010&quot;}}
[debug] &amp;#27;[35m[W3C (7ae98af1)]&amp;#27;[39m Responding to client with driver.findElement() result: {&quot;element-6066-11e4-a52e-4f735466cecf&quot;:&quot;00000000-0000-1be8-ffff-ffff00000010&quot;,&quot;ELEMENT&quot;:&quot;00000000-0000-1be8-ffff-ffff00000010&quot;}
09:54:44.188 [AsyncHttpClient-1-2] DEBUG org.asynchttpclient.netty.handler.HttpHandler - 

Request DefaultHttpRequest(decodeResult: success, version: HTTP/1.1)
POST /wd/hub/session/7ae98af1-f0c4-48bb-82e0-609d7d4c050b/element HTTP/1.1
User-Agent: selenium/4.5.0 (java windows)
Content-Length: 94
Content-Type: application/json; charset=utf-8
host: 0.0.0.0:4723
accept: */*

Response DefaultHttpResponse(decodeResult: success, version: HTTP/1.1)
HTTP/1.1 200 OK
X-Powered-By: Express
Vary: X-HTTP-Method-Override
Content-Type: application/json; charset=utf-8
ETag: W/&quot;89-oQm3nrL1RYeXqm5ocWoT1mIo5O0&quot;
Date: Fri, 02 Dec 2022 04:24:44 GMT
Connection: keep-alive
Keep-Alive: timeout=600
content-length: 137

&amp;#27;[35m[HTTP]&amp;#27;[39m &amp;#27;[37m&lt;-- POST /wd/hub/session/7ae98af1-f0c4-48bb-82e0-609d7d4c050b/element &amp;#27;[39m&amp;#27;[32m09:54:44.188 [AsyncHttpClient-1-2] DEBUG org.asynchttpclient.netty.channel.ChannelManager - Adding key: http://0.0.0.0:4723 for channel [id: 0x007e0974, L:/127.0.0.1:56617 - R:/127.0.0.1:4723]
200&amp;#27;[39m &amp;#27;[90m47 ms - 137&amp;#27;[39m
&amp;#27;[35m[HTTP]&amp;#27;[39m &amp;#27;[90m&amp;#27;[39m
09:54:44.190 [Forwarding clickElement on session 7ae98af1-f0c4-48bb-82e0-609d7d4c050b to remote] DEBUG org.asynchttpclient.netty.request.NettyRequestSender - Using pooled Channel &apos;[id: 0x007e0974, L:/127.0.0.1:56617 - R:/127.0.0.1:4723]&apos; for &apos;POST&apos; to &apos;http://0.0.0.0:4723/wd/hub/session/7ae98af1-f0c4-48bb-82e0-609d7d4c050b/element/00000000-0000-1be8-ffff-ffff00000010/click&apos;
09:54:44.191 [Forwarding clickElement on session 7ae98af1-f0c4-48bb-82e0-609d7d4c050b to remote] DEBUG org.asynchttpclient.netty.request.NettyRequestSender - Using open Channel [id: 0x007e0974, L:/127.0.0.1:56617 - R:/127.0.0.1:4723] for POST &apos;/wd/hub/session/7ae98af1-f0c4-48bb-82e0-609d7d4c050b/element/00000000-0000-1be8-ffff-ffff00000010/click&apos;
&amp;#27;[35m[HTTP]&amp;#27;[39m &amp;#27;[37m--&gt;&amp;#27;[39m &amp;#27;[37mPOST&amp;#27;[39m &amp;#27;[37m/wd/hub/session/7ae98af1-f0c4-48bb-82e0-609d7d4c050b/element/00000000-0000-1be8-ffff-ffff00000010/click&amp;#27;[39m
&amp;#27;[35m[HTTP]&amp;#27;[39m &amp;#27;[90m{&quot;id&quot;:&quot;00000000-0000-1be8-ffff-ffff00000010&quot;}&amp;#27;[39m
[debug] &amp;#27;[35m[W3C (7ae98af1)]&amp;#27;[39m Calling AppiumDriver.click() with args: [&quot;00000000-0000-1be8-ffff-ffff00000010&quot;,&quot;7ae98af1-f0c4-48bb-82e0-609d7d4c050b&quot;]
[debug] &amp;#27;[35m[WD Proxy]&amp;#27;[39m Matched &apos;/element/00000000-0000-1be8-ffff-ffff00000010/click&apos; to command name &apos;click&apos;
[debug] &amp;#27;[35m[WD Proxy]&amp;#27;[39m Proxying [POST /element/00000000-0000-1be8-ffff-ffff00000010/click] to [POST http://127.0.0.1:8200/wd/hub/session/015791bc-716d-4afa-9c1f-c27f676dbeb8/element/00000000-0000-1be8-ffff-ffff00000010/click] with body: {&quot;element&quot;:&quot;00000000-0000-1be8-ffff-ffff00000010&quot;}
[debug] &amp;#27;[35m[WD Proxy]&amp;#27;[39m Got response with status 200: {&quot;sessionId&quot;:&quot;015791bc-716d-4afa-9c1f-c27f676dbeb8&quot;,&quot;value&quot;:null}
[debug] &amp;#27;[35m[W3C (7ae98af1)]&amp;#27;[39m Responding to client with driver.click() result: null
09:54:44.255 [AsyncHttpClient-1-2] DEBUG org.asynchttpclient.netty.handler.HttpHandler - 

Request DefaultHttpRequest(decodeResult: success, version: HTTP/1.1)
POST /wd/hub/session/7ae98af1-f0c4-48bb-82e0-609d7d4c050b/element/00000000-0000-1be8-ffff-ffff00000010/click HTTP/1.1
User-Agent: selenium/4.5.0 (java windows)
Content-Length: 50
Content-Type: application/json; charset=utf-8
host: 0.0.0.0:4723
accept: */*

Response DefaultHttpResponse(decodeResult: success, version: HTTP/1.1)
HTTP/1.1 200 OK
X-Powered-By: Express
Vary: X-HTTP-Method-Override
Content-Type: application/json; charset=utf-8
ETag: W/&quot;e-9/1BuKMgFObM1mWJm+YjxtXJnUM&quot;
Date: Fri, 02 Dec 2022 04:24:44 GMT
Connection: keep-alive
Keep-Alive: timeout=600
content-length: 14

&amp;#27;[35m[HTTP]09:54:44.255 [AsyncHttpClient-1-2] DEBUG org.asynchttpclient.netty.channel.ChannelManager - Adding key: http://0.0.0.0:4723 for channel [id: 0x007e0974, L:/127.0.0.1:56617 - R:/127.0.0.1:4723]
&amp;#27;[39m &amp;#27;[37m&lt;-- POST /wd/hub/session/7ae98af1-f0c4-48bb-82e0-609d7d4c050b/element/00000000-0000-1be8-ffff-ffff00000010/click &amp;#27;[39m&amp;#27;[32m200&amp;#27;[39m &amp;#27;[90m63 ms - 14&amp;#27;[39m
&amp;#27;[35m[HTTP]&amp;#27;[39m &amp;#27;[90m&amp;#27;[39m
09:54:44.264 [Forwarding findElement on session 7ae98af1-f0c4-48bb-82e0-609d7d4c050b to remote] DEBUG org.asynchttpclient.netty.request.NettyRequestSender - Using pooled Channel &apos;[id: 0x007e0974, L:/127.0.0.1:56617 - R:/127.0.0.1:4723]&apos; for &apos;POST&apos; to &apos;http://0.0.0.0:4723/wd/hub/session/7ae98af1-f0c4-48bb-82e0-609d7d4c050b/element&apos;
09:54:44.264 [Forwarding findElement on session 7ae98af1-f0c4-48bb-82e0-609d7d4c050b to remote] DEBUG org.asynchttpclient.netty.request.NettyRequestSender - Using open Channel [id: 0x007e0974, L:/127.0.0.1:56617 - R:/127.0.0.1:4723] for POST &apos;/wd/hub/session/7ae98af1-f0c4-48bb-82e0-609d7d4c050b/element&apos;
&amp;#27;[35m[HTTP]&amp;#27;[39m &amp;#27;[37m--&gt;&amp;#27;[39m &amp;#27;[37mPOST&amp;#27;[39m &amp;#27;[37m/wd/hub/session/7ae98af1-f0c4-48bb-82e0-609d7d4c050b/element&amp;#27;[39m
&amp;#27;[35m[HTTP]&amp;#27;[39m &amp;#27;[90m{&quot;using&quot;:&quot;id&quot;,&quot;value&quot;:&quot;com.example.android.testing.notes.mock:id/add_note_title&quot;}&amp;#27;[39m
[debug] &amp;#27;[35m[W3C (7ae98af1)]&amp;#27;[39m Calling AppiumDriver.findElement() with args: [&quot;id&quot;,&quot;com.example.android.testing.notes.mock:id/add_note_title&quot;,&quot;7ae98af1-f0c4-48bb-82e0-609d7d4c050b&quot;]
[debug] &amp;#27;[35m[BaseDriver]&amp;#27;[39m Valid locator strategies for this request: xpath, id, class name, accessibility id, css selector, -android uiautomator
[debug] &amp;#27;[35m[BaseDriver]&amp;#27;[39m Waiting up to 0 ms for condition
[debug] &amp;#27;[35m[WD Proxy]&amp;#27;[39m Matched &apos;/element&apos; to command name &apos;findElement&apos;
[debug] &amp;#27;[35m[WD Proxy]&amp;#27;[39m Proxying [POST /element] to [POST http://127.0.0.1:8200/wd/hub/session/015791bc-716d-4afa-9c1f-c27f676dbeb8/element] with body: {&quot;strategy&quot;:&quot;id&quot;,&quot;selector&quot;:&quot;com.example.android.testing.notes.mock:id/add_note_title&quot;,&quot;context&quot;:&quot;&quot;,&quot;multiple&quot;:false}
&amp;#27;[35m[WD Proxy]&amp;#27;[39m Got response with status 404: {&quot;sessionId&quot;:&quot;015791bc-716d-4afa-9c1f-c27f676dbeb8&quot;,&quot;value&quot;:{&quot;error&quot;:&quot;no such element&quot;,&quot;message&quot;:&quot;An element could not be located on the page using the given search parameters&quot;,&quot;stacktrace&quot;:&quot;io.appium.uiautomator2.common.exceptions.ElementNotFoundException: An element could not be located on the page using the given search parameters\n\tat io.appium.uiautomator2.handler.FindElement.safeHandle(FindElement.java:70)\n\tat io.appium.uiautomator2.handler.request.SafeRequestHandler.handle(SafeRequestHandler.java:59)\n\tat io.appium.uiautomator2.server.AppiumServlet.handleRequest(AppiumServlet.java:266)\n\tat io.appium.uiautomator2.server.AppiumServlet.handleHttpRequest(AppiumServlet.java:260)\n\tat io.appium.uiautomator2.http.ServerHandler.channelRead(ServerHandler.java:68)\n\tat io.netty.channel.AbstractChannelHandlerContext.invokeChannelRead(AbstractChannelHandlerContext.java:366)\n\tat io.netty.channel.AbstractChannelHandlerContext.invokeChannelRead(AbstractChan09:54:44.351 [AsyncHttpClient-1-2] DEBUG org.asynchttpclient.netty.handler.HttpHandler - 

Request DefaultHttpRequest(decodeResult: success, version: HTTP/1.1)
POST /wd/hub/session/7ae98af1-f0c4-48bb-82e0-609d7d4c050b/element HTTP/1.1
User-Agent: selenium/4.5.0 (java windows)
Content-Length: 95
Content-Type: application/json; charset=utf-8
host: 0.0.0.0:4723
accept: */*

Response DefaultHttpResponse(decodeResult: success, version: HTTP/1.1)
HTTP/1.1 404 Not Found
X-Powered-By: Express
Vary: X-HTTP-Method-Override
Content-Type: application/json; charset=utf-8
ETag: W/&quot;370-dTE2jiWDUpBVgBRiqETyupcduWo&quot;
Date: Fri, 02 Dec 2022 04:24:44 GMT
Connection: keep-alive
Keep-Alive: timeout=600
content-length: 880

nelHandlerContext.java:352)\n\tat io.netty.chann...
[debug] &amp;#27;[35m[W3C]&amp;#27;[39m Matched W3C error code &apos;no such e09:54:44.351 [AsyncHttpClient-1-2] DEBUG org.asynchttpclient.netty.channel.ChannelManager - Adding key: http://0.0.0.0:4723 for channel [id: 0x007e0974, L:/127.0.0.1:56617 - R:/127.0.0.1:4723]
lement&apos; to NoSuchElementError
[debug] &amp;#27;[35m[W3C (7ae98af1)]&amp;#27;[39m Encountered internal error running command: NoSuchElementError: An element could not be located on the page using the given search parameters.
[debug] &amp;#27;[35m[W3C (7ae98af1)]&amp;#27;[39m     at AndroidUiautomator2Driver.findElOrEls (C:\Users\manis\AppData\Roaming\npm\node_modules\appium\node_modules\appium-android-driver\lib\commands\find.js:75:11)
[debug] &amp;#27;[35m[W3C (7ae98af1)]&amp;#27;[39m     at processTicksAndRejections (node:internal/process/task_queues:95:5)
[debug] &amp;#27;[35m[W3C (7ae98af1)]&amp;#27;[39m     at AndroidUiautomator2Driver.findElOrElsWithProcessing (C:\Users\manis\AppData\Roaming\npm\node_modules\appium\node_modules\appium-base-driver\lib\basedriver\commands\find.js:33:12)
[debug] &amp;#27;[35m[W3C (7ae98af1)]&amp;#27;[39m     at AndroidUiautomator2Driver.findElement (C:\Users\manis\AppData\Roaming\npm\node_modules\appium\node_modules\appium-base-driver\lib\basedriver\commands\find.js:53:10)
&amp;#27;[35m[HTTP]&amp;#27;[39m &amp;#27;[37m&lt;-- POST /wd/hub/session/7ae98af1-f0c4-48bb-82e0-609d7d4c050b/element &amp;#27;[39m&amp;#27;[33m404&amp;#27;[39m &amp;#27;[90m84 ms - 880&amp;#27;[39m
&amp;#27;[35m[HTTP]&amp;#27;[39m &amp;#27;[90m&amp;#27;[39m
09:54:44.833 [AsyncHttpClient-1-1] DEBUG org.asynchttpclient.netty.channel.DefaultChannelPool - Entry count for : http://0.0.0.0:4723 : 1
09:54:44.864 [Forwarding findElement on session 7ae98af1-f0c4-48bb-82e0-609d7d4c050b to remote] DEBUG org.asynchttpclient.netty.request.NettyRequestSender - Using pooled Channel &apos;[id: 0x007e0974, L:/127.0.0.1:56617 - R:/127.0.0.1:4723]&apos; for &apos;POST&apos; to &apos;http://0.0.0.0:4723/wd/hub/session/7ae98af1-f0c4-48bb-82e0-609d7d4c050b/element&apos;
09:54:44.864 [Forwarding findElement on session 7ae98af1-f0c4-48bb-82e0-609d7d4c050b to remote] DEBUG org.asynchttpclient.netty.request.NettyRequestSender - Using open Channel [id: 0x007e0974, L:/127.0.0.1:56617 - R:/127.0.0.1:4723] for POST &apos;/wd/hub/session/7ae98af1-f0c4-48bb-82e0-609d7d4c050b/element&apos;
&amp;#27;[35m[HTTP]&amp;#27;[39m &amp;#27;[37m--&gt;&amp;#27;[39m &amp;#27;[37mPOST&amp;#27;[39m &amp;#27;[37m/wd/hub/session/7ae98af1-f0c4-48bb-82e0-609d7d4c050b/element&amp;#27;[39m
&amp;#27;[35m[HTTP]&amp;#27;[39m &amp;#27;[90m{&quot;using&quot;:&quot;id&quot;,&quot;value&quot;:&quot;com.example.android.testing.notes.mock:id/add_note_title&quot;}&amp;#27;[39m
[debug] &amp;#27;[35m[W3C (7ae98af1)]&amp;#27;[39m Calling AppiumDriver.findElement() with args: [&quot;id&quot;,&quot;com.example.android.testing.notes.mock:id/add_note_title&quot;,&quot;7ae98af1-f0c4-48bb-82e0-609d7d4c050b&quot;]
[debug] &amp;#27;[35m[BaseDriver]&amp;#27;[39m Valid locator strategies for this request: xpath, id, class name, accessibility id, css selector, -android uiautomator
[debug] &amp;#27;[35m[BaseDriver]&amp;#27;[39m Waiting up to 0 ms for condition
[debug] &amp;#27;[35m[WD Proxy]&amp;#27;[39m Matched &apos;/element&apos; to command name &apos;findElement&apos;
[debug] &amp;#27;[35m[WD Proxy]&amp;#27;[39m Proxying [POST /element] to [POST http://127.0.0.1:8200/wd/hub/session/015791bc-716d-4afa-9c1f-c27f676dbeb8/element] with body: {&quot;strategy&quot;:&quot;id&quot;,&quot;selector&quot;:&quot;com.example.android.testing.notes.mock:id/add_note_title&quot;,&quot;context&quot;:&quot;&quot;,&quot;multiple&quot;:false}
[debug] &amp;#27;[35m[WD Proxy]&amp;#27;[39m Got response with status 200: {&quot;sessionId&quot;:&quot;015791bc-716d-4afa-9c1f-c27f676dbeb8&quot;,&quot;value&quot;:{&quot;ELEMENT&quot;:&quot;00000000-0000-1bed-ffff-ffff000000a7&quot;,&quot;element-6066-11e4-a52e-4f735466cecf&quot;:&quot;00000000-0000-1bed-ffff-ffff000000a7&quot;}}
09:54:45.026 [AsyncHttpClient-1-2] DEBUG org.asynchttpclient.netty.handler.HttpHandler - 

Request DefaultHttpRequest(decodeResult: success, version: HTTP/1.1)
POST /wd/hub/session/7ae98af1-f0c4-48bb-82e0-609d7d4c050b/element HTTP/1.1
User-Agent: selenium/4.5.0 (java windows)
Content-Length: 95
Content-Type: application/json; charset=utf-8
host: 0.0.0.0:4723
accept: */*

Response DefaultHttpResponse(decodeResult: success, version: HTTP/1.1)
HTTP/1.1 200 OK
X-Powered-By: Express
Vary: X-HTTP-Method-Override
Content-Type: application/json; charset=utf-8
ETag: W/&quot;89-ZLl0p9YD3ycol4mQOIHJrzZW/sk&quot;
Date: Fri, 02 Dec 2022 04:24:45 GMT
Connection: keep-alive
Keep-Alive: timeout=600
content-length: 137

[debug] &amp;#27;[35m[W3C (7ae98af1)]&amp;#27;[39m Responding to client with driver.findElement() result: {&quot;element-6066-11e4-a52e-4f735466cecf&quot;:&quot;00000000-0000-1bed-ffff-ffff000000a7&quot;,&quot;ELE09:54:45.026 [AsyncHttpClient-1-2] DEBUG org.asynchttpclient.netty.channel.ChannelManager - Adding key: http://0.0.0.0:4723 for channel [id: 0x007e0974, L:/127.0.0.1:56617 - R:/127.0.0.1:4723]
MENT&quot;:&quot;00000000-0000-1bed-ffff-ffff000000a7&quot;}
&amp;#27;[35m[HTTP]&amp;#27;[39m &amp;#27;[37m&lt;-- POST /wd/hub/session/7ae98af1-f0c4-48bb-82e0-609d7d4c050b/element &amp;#27;[39m&amp;#27;[32m200&amp;#27;[39m &amp;#27;[90m158 ms - 137&amp;#27;[39m
&amp;#27;[35m[HTTP]&amp;#27;[39m &amp;#27;[90m&amp;#27;[39m
09:54:45.029 [Forwarding isElementDisplayed on session 7ae98af1-f0c4-48bb-82e0-609d7d4c050b to remote] DEBUG org.asynchttpclient.netty.request.NettyRequestSender - Using pooled Channel &apos;[id: 0x007e0974, L:/127.0.0.1:56617 - R:/127.0.0.1:4723]&apos; for &apos;GET&apos; to &apos;http://0.0.0.0:4723/wd/hub/session/7ae98af1-f0c4-48bb-82e0-609d7d4c050b/element/00000000-0000-1bed-ffff-ffff000000a7/displayed&apos;
09:54:45.029 [Forwarding isElementDisplayed on session 7ae98af1-f0c4-48bb-82e0-609d7d4c050b to remote] DEBUG org.asynchttpclient.netty.request.NettyRequestSender - Using open Channel [id: 0x007e0974, L:/127.0.0.1:56617 - R:/127.0.0.1:4723] for GET &apos;/wd/hub/session/7ae98af1-f0c4-48bb-82e0-609d7d4c050b/element/00000000-0000-1bed-ffff-ffff000000a7/displayed&apos;
&amp;#27;[35m[HTTP]&amp;#27;[39m &amp;#27;[37m--&gt;&amp;#27;[39m &amp;#27;[37mGET&amp;#27;[39m &amp;#27;[37m/wd/hub/session/7ae98af1-f0c4-48bb-82e0-609d7d4c050b/element/00000000-0000-1bed-ffff-ffff000000a7/displayed&amp;#27;[39m
&amp;#27;[35m[HTTP]&amp;#27;[39m &amp;#27;[90m{}&amp;#27;[39m
[debug] &amp;#27;[35m[W3C (7ae98af1)]&amp;#27;[39m Calling AppiumDriver.elementDisplayed() with args: [&quot;00000000-0000-1bed-ffff-ffff000000a7&quot;,&quot;7ae98af1-f0c4-48bb-82e0-609d7d4c050b&quot;]
[debug] &amp;#27;[35m[WD Proxy]&amp;#27;[39m Matched &apos;/element/00000000-0000-1bed-ffff-ffff000000a7/attribute/displayed&apos; to command name &apos;getAttribute&apos;
[debug] &amp;#27;[35m[WD Proxy]&amp;#27;[39m Proxying [GET /element/00000000-0000-1bed-ffff-ffff000000a7/attribute/displayed] to [GET http://127.0.0.1:8200/wd/hub/session/015791bc-716d-4afa-9c1f-c27f676dbeb8/element/00000000-0000-1bed-ffff-ffff000000a7/attribute/displayed] with no body
[debug] &amp;#27;[35m[WD Proxy]&amp;#27;[39m Got response with status 200: {&quot;sessionId&quot;:&quot;015791bc-716d-4afa-9c1f-c27f676dbeb8&quot;,&quot;value&quot;:&quot;true&quot;}
[debug] &amp;#27;[35m[W3C (7ae98af1)]&amp;#27;[39m Responding to client with driver.elementDisplayed() result: true
09:54:45.054 [AsyncHttpClient-1-2] DEBUG org.asynchttpclient.netty.handler.HttpHandler - 

Request DefaultFullHttpRequest(decodeResult: success, version: HTTP/1.1, content: EmptyByteBufBE)
GET /wd/hub/session/7ae98af1-f0c4-48bb-82e0-609d7d4c050b/element/00000000-0000-1bed-ffff-ffff000000a7/displayed HTTP/1.1
User-Agent: selenium/4.5.0 (java windows)
Cache-Control: no-cache
Content-Type: application/json; charset=utf-8
host: 0.0.0.0:4723
accept: */*

Response DefaultHttpResponse(decodeResult: success, version: HTTP/1.1)
HTTP/1.1 200 OK
X-Powered-By: Express
Content-Type: application/json; charset=utf-8
ETag: W/&quot;e-2ZHvAWebNQpyjGZTg6uyV8/spTo&quot;
Date: Fri, 02 Dec 2022 04:24:45 GMT
Connection: keep-alive
Keep-Alive: timeout=600
content-length: 14

&amp;#27;[35m[HTTP]&amp;#27;[39m &amp;#27;[37m&lt;-- GET /wd/h09:54:45.055 [AsyncHttpClient-1-2] DEBUG org.asynchttpclient.netty.channel.ChannelManager - Adding key: http://0.0.0.0:4723 for channel [id: 0x007e0974, L:/127.0.0.1:56617 - R:/127.0.0.1:4723]
ub/session/7ae98af1-f0c4-48bb-82e0-609d7d4c050b/element/00000000-0000-1bed-ffff-ffff000000a7/displayed &amp;#27;[39m&amp;#27;[32m200&amp;#27;[39m &amp;#27;[90m24 ms - 14&amp;#27;[39m
&amp;#27;[35m[HTTP]&amp;#27;[39m &amp;#27;[90m&amp;#27;[39m
09:54:45.057 [Forwarding findElement on session 7ae98af1-f0c4-48bb-82e0-609d7d4c050b to remote] DEBUG org.asynchttpclient.netty.request.NettyRequestSender - Using pooled Channel &apos;[id: 0x007e0974, L:/127.0.0.1:56617 - R:/127.0.0.1:4723]&apos; for &apos;POST&apos; to &apos;http://0.0.0.0:4723/wd/hub/session/7ae98af1-f0c4-48bb-82e0-609d7d4c050b/element&apos;
09:54:45.057 [Forwarding findElement on session 7ae98af1-f0c4-48bb-82e0-609d7d4c050b to remote] DEBUG org.asynchttpclient.netty.request.NettyRequestSender - Using open Channel [id: 0x007e0974, L:/127.0.0.1:56617 - R:/127.0.0.1:4723] for POST &apos;/wd/hub/session/7ae98af1-f0c4-48bb-82e0-609d7d4c050b/element&apos;
&amp;#27;[35m[HTTP]&amp;#27;[39m &amp;#27;[37m--&gt;&amp;#27;[39m &amp;#27;[37mPOST&amp;#27;[39m &amp;#27;[37m/wd/hub/session/7ae98af1-f0c4-48bb-82e0-609d7d4c050b/element&amp;#27;[39m
&amp;#27;[35m[HTTP]&amp;#27;[39m &amp;#27;[90m{&quot;using&quot;:&quot;id&quot;,&quot;value&quot;:&quot;com.example.android.testing.notes.mock:id/add_note_title&quot;}&amp;#27;[39m
[debug] &amp;#27;[35m[W3C (7ae98af1)]&amp;#27;[39m Calling AppiumDriver.findElement() with args: [&quot;id&quot;,&quot;com.example.android.testing.notes.mock:id/add_note_title&quot;,&quot;7ae98af1-f0c4-48bb-82e0-609d7d4c050b&quot;]
[debug] &amp;#27;[35m[BaseDriver]&amp;#27;[39m Valid locator strategies for this request: xpath, id, class name, accessibility id, css selector, -android uiautomator
[debug] &amp;#27;[35m[BaseDriver]&amp;#27;[39m Waiting up to 0 ms for condition
[debug] &amp;#27;[35m[WD Proxy]&amp;#27;[39m Matched &apos;/element&apos; to command name &apos;findElement&apos;
[debug] &amp;#27;[35m[WD Proxy]&amp;#27;[39m Proxying [POST /element] to [POST http://127.0.0.1:8200/wd/hub/session/015791bc-716d-4afa-9c1f-c27f676dbeb8/element] with body: {&quot;strategy&quot;:&quot;id&quot;,&quot;selector&quot;:&quot;com.example.android.testing.notes.mock:id/add_note_title&quot;,&quot;context&quot;:&quot;&quot;,&quot;multiple&quot;:false}
[debug] &amp;#27;[35m[WD Proxy]&amp;#27;[39m Got response with status 200: {&quot;sessionId&quot;:&quot;015791bc-716d-4afa-9c1f-c27f676dbeb8&quot;,&quot;value&quot;:{&quot;ELEMENT&quot;:&quot;00000000-0000-1bed-ffff-ffff000000a7&quot;,&quot;element-6066-11e4-a52e-4f735466cecf&quot;:&quot;00000000-0000-1bed-ffff-ffff000000a7&quot;}}
[debug] &amp;#27;[35m[W3C (7ae98af1)]&amp;#27;[39m Responding to client with driver.findElement() result: {&quot;element-6066-11e4-a52e-4f735466cecf&quot;:&quot;00000000-0000-1bed-ffff-ffff000000a7&quot;,&quot;ELEMENT&quot;:&quot;00000000-09:54:45.122 [AsyncHttpClient-1-2] DEBUG org.asynchttpclient.netty.handler.HttpHandler - 

Request DefaultHttpRequest(decodeResult: success, version: HTTP/1.1)
POST /wd/hub/session/7ae98af1-f0c4-48bb-82e0-609d7d4c050b/element HTTP/1.1
User-Agent: selenium/4.5.0 (java windows)
Content-Length: 95
Content-Type: application/json; charset=utf-8
host: 0.0.0.0:4723
accept: */*

Response DefaultHttpResponse(decodeResult: success, version: HTTP/1.1)
HTTP/1.1 200 OK
X-Powered-By: Express
Vary: X-HTTP-Method-Override
Content-Type: application/json; charset=utf-8
ETag: W/&quot;89-ZLl0p9YD3ycol4mQOIHJrzZW/sk&quot;
Date: Fri, 02 Dec 2022 04:24:45 GMT
Connection: keep-alive
Keep-Alive: timeout=600
content-length: 137

0000-1bed-ffff-ffff009:54:45.123 [AsyncHttpClient-1-2] DEBUG org.asynchttpclient.netty.channel.ChannelManager - Adding key: http://0.0.0.0:4723 for channel [id: 0x007e0974, L:/127.0.0.1:56617 - R:/127.0.0.1:4723]
00000a7&quot;}
&amp;#27;[35m[HTTP]&amp;#27;[39m &amp;#27;[37m&lt;-- POST /wd/hub/session/7ae98af1-f0c4-48bb-82e0-609d7d4c050b/element &amp;#27;[39m&amp;#27;[32m200&amp;#27;[39m &amp;#27;[90m63 ms - 137&amp;#27;[39m
&amp;#27;[35m[HTTP]&amp;#27;[39m &amp;#27;[90m&amp;#27;[39m
09:54:45.125 [Forwarding sendKeysToElement on session 7ae98af1-f0c4-48bb-82e0-609d7d4c050b to remote] DEBUG org.asynchttpclient.netty.request.NettyRequestSender - Using pooled Channel &apos;[id: 0x007e0974, L:/127.0.0.1:56617 - R:/127.0.0.1:4723]&apos; for &apos;POST&apos; to &apos;http://0.0.0.0:4723/wd/hub/session/7ae98af1-f0c4-48bb-82e0-609d7d4c050b/element/00000000-0000-1bed-ffff-ffff000000a7/value&apos;
09:54:45.125 [Forwarding sendKeysToElement on session 7ae98af1-f0c4-48bb-82e0-609d7d4c050b to remote] DEBUG org.asynchttpclient.netty.request.NettyRequestSender - Using open Channel [id: 0x007e0974, L:/127.0.0.1:56617 - R:/127.0.0.1:4723] for POST &apos;/wd/hub/session/7ae98af1-f0c4-48bb-82e0-609d7d4c050b/element/00000000-0000-1bed-ffff-ffff000000a7/value&apos;
&amp;#27;[35m[HTTP]&amp;#27;[39m &amp;#27;[37m--&gt;&amp;#27;[39m &amp;#27;[37mPOST&amp;#27;[39m &amp;#27;[37m/wd/hub/session/7ae98af1-f0c4-48bb-82e0-609d7d4c050b/element/00000000-0000-1bed-ffff-ffff000000a7/value&amp;#27;[39m
&amp;#27;[35m[HTTP]&amp;#27;[39m &amp;#27;[90m{&quot;id&quot;:&quot;00000000-0000-1bed-ffff-ffff000000a7&quot;,&quot;text&quot;:&quot;&quot;,&quot;value&quot;:[]}&amp;#27;[39m
[debug] &amp;#27;[35m[W3C (7ae98af1)]&amp;#27;[39m Calling AppiumDriver.setValue() with args: [[],&quot;00000000-0000-1bed-ffff-ffff000000a7&quot;,&quot;7ae98af1-f0c4-48bb-82e0-609d7d4c050b&quot;]
[debug] &amp;#27;[35m[WD Proxy]&amp;#27;[39m Matched &apos;/element/00000000-0000-1bed-ffff-ffff000000a7/value&apos; to command name &apos;setValue&apos;
[debug] &amp;#27;[35m[Protocol Converter]&amp;#27;[39m Added &apos;value&apos; property [] to &apos;setValue&apos; request body
[debug] &amp;#27;[35m[WD Proxy]&amp;#27;[39m Proxying [POST /element/00000000-0000-1bed-ffff-ffff000000a7/value] to [POST http://127.0.0.1:8200/wd/hub/session/015791bc-716d-4afa-9c1f-c27f676dbeb8/element/00000000-0000-1bed-ffff-ffff000000a7/value] with body: {&quot;elementId&quot;:&quot;00000000-0000-1bed-ffff-ffff000000a7&quot;,&quot;text&quot;:&quot;&quot;,&quot;replace&quot;:false,&quot;value&quot;:[]}
[debug] &amp;#27;[35m[WD Proxy]&amp;#27;[39m Got response with status 200: {&quot;sessionId&quot;:&quot;015791bc-716d-4afa-9c1f-c27f676dbeb8&quot;,&quot;value&quot;:null}
[debug] &amp;#27;[35m[W3C (7ae98af1)]&amp;#27;[39m Responding to client with driver.setValue() result: null
&amp;#27;[35m[HTTP]&amp;#27;[39m &amp;#27;[37m&lt;09:54:45.816 [AsyncHttpClient-1-2] DEBUG org.asynchttpclient.netty.handler.HttpHandler - 

Request DefaultHttpRequest(decodeResult: success, version: HTTP/1.1)
POST /wd/hub/session/7ae98af1-f0c4-48bb-82e0-609d7d4c050b/element/00000000-0000-1bed-ffff-ffff000000a7/value HTTP/1.1
User-Agent: selenium/4.5.0 (java windows)
Content-Length: 82
Content-Type: application/json; charset=utf-8
host: 0.0.0.0:4723
accept: */*

Response DefaultHttpResponse(decodeResult: success, version: HTTP/1.1)
HTTP/1.1 200 OK
X-Powered-By: Express
Vary: X-HTTP-Method-Override
Content-Type: application/json; charset=utf-8
ETag: W/&quot;e-9/1BuKMgFObM1mWJm+YjxtXJnUM&quot;
Date: Fri, 02 Dec 2022 04:24:45 GMT
Connection: keep-alive
Keep-Alive: timeout=600
content-length: 14

-- POST /wd/hub/session/7ae98af1-f0c4-48bb-82e0-609d7d4c050b/element/09:54:45.816 [AsyncHttpClient-1-2] DEBUG org.asynchttpclient.netty.channel.ChannelManager - Adding key: http://0.0.0.0:4723 for channel [id: 0x007e0974, L:/127.0.0.1:56617 - R:/127.0.0.1:4723]
00000000-0000-1bed-ffff-ffff000000a7/value &amp;#27;[39m&amp;#27;[32m200&amp;#27;[39m &amp;#27;[90m690 ms - 14&amp;#27;[39m
&amp;#27;[35m[HTTP]&amp;#27;[39m &amp;#27;[90m&amp;#27;[39m
09:54:45.817 [Forwarding findElement on session 7ae98af1-f0c4-48bb-82e0-609d7d4c050b to remote] DEBUG org.asynchttpclient.netty.request.NettyRequestSender - Using pooled Channel &apos;[id: 0x007e0974, L:/127.0.0.1:56617 - R:/127.0.0.1:4723]&apos; for &apos;POST&apos; to &apos;http://0.0.0.0:4723/wd/hub/session/7ae98af1-f0c4-48bb-82e0-609d7d4c050b/element&apos;
09:54:45.817 [Forwarding findElement on session 7ae98af1-f0c4-48bb-82e0-609d7d4c050b to remote] DEBUG org.asynchttpclient.netty.request.NettyRequestSender - Using open Channel [id: 0x007e0974, L:/127.0.0.1:56617 - R:/127.0.0.1:4723] for POST &apos;/wd/hub/session/7ae98af1-f0c4-48bb-82e0-609d7d4c050b/element&apos;
&amp;#27;[35m[HTTP]&amp;#27;[39m &amp;#27;[37m--&gt;&amp;#27;[39m &amp;#27;[37mPOST&amp;#27;[39m &amp;#27;[37m/wd/hub/session/7ae98af1-f0c4-48bb-82e0-609d7d4c050b/element&amp;#27;[39m
&amp;#27;[35m[HTTP]&amp;#27;[39m &amp;#27;[90m{&quot;using&quot;:&quot;id&quot;,&quot;value&quot;:&quot;com.example.android.testing.notes.mock:id/add_note_title&quot;}&amp;#27;[39m
[debug] &amp;#27;[35m[W3C (7ae98af1)]&amp;#27;[39m Calling AppiumDriver.findElement() with args: [&quot;id&quot;,&quot;com.example.android.testing.notes.mock:id/add_note_title&quot;,&quot;7ae98af1-f0c4-48bb-82e0-609d7d4c050b&quot;]
[debug] &amp;#27;[35m[BaseDriver]&amp;#27;[39m Valid locator strategies for this request: xpath, id, class name, accessibility id, css selector, -android uiautomator
[debug] &amp;#27;[35m[BaseDriver]&amp;#27;[39m Waiting up to 0 ms for condition
[debug] &amp;#27;[35m[WD Proxy]&amp;#27;[39m Matched &apos;/element&apos; to command name &apos;findElement&apos;
[debug] &amp;#27;[35m[WD Proxy]&amp;#27;[39m Proxying [POST /element] to [POST http://127.0.0.1:8200/wd/hub/session/015791bc-716d-4afa-9c1f-c27f676dbeb8/element] with body: {&quot;strategy&quot;:&quot;id&quot;,&quot;selector&quot;:&quot;com.example.android.testing.notes.mock:id/add_note_title&quot;,&quot;context&quot;:&quot;&quot;,&quot;multiple&quot;:false}
[debug] &amp;#27;[35m[WD Proxy]&amp;#27;[39m Got response with status 200: {&quot;sessionId&quot;:&quot;015791bc-716d-4afa-9c1f-c27f676dbeb8&quot;,&quot;value&quot;:{&quot;ELEMENT&quot;:&quot;00000000-0000-1bed-ffff-ffff000000a7&quot;,&quot;element-6066-11e4-a52e-4f735466cecf&quot;:&quot;00000000-0000-1bed09:54:46.465 [AsyncHttpClient-1-2] DEBUG org.asynchttpclient.netty.handler.HttpHandler - 

Request DefaultHttpRequest(decodeResult: success, version: HTTP/1.1)
POST /wd/hub/session/7ae98af1-f0c4-48bb-82e0-609d7d4c050b/element HTTP/1.1
User-Agent: selenium/4.5.0 (java windows)
Content-Length: 95
Content-Type: application/json; charset=utf-8
host: 0.0.0.0:4723
accept: */*

Response DefaultHttpResponse(decodeResult: success, version: HTTP/1.1)
HTTP/1.1 200 OK
X-Powered-By: Express
Vary: X-HTTP-Method-Override
Content-Type: application/json; charset=utf-8
ETag: W/&quot;89-ZLl0p9YD3ycol4mQOIHJrzZW/sk&quot;
Date: Fri, 02 Dec 2022 04:24:46 GMT
Connection: keep-alive
Keep-Alive: timeout=600
content-length: 137

-ffff-ffff000000a7&quot;}}
[09:54:46.466 [AsyncHttpClient-1-2] DEBUG org.asynchttpclient.netty.channel.ChannelManager - Adding key: http://0.0.0.0:4723 for channel [id: 0x007e0974, L:/127.0.0.1:56617 - R:/127.0.0.1:4723]
debug] &amp;#27;[35m[W3C (7ae98af1)]&amp;#27;[39m Responding to client with driver.findElement() result: {&quot;element-6066-11e4-a52e-4f735466cecf&quot;:&quot;00000000-0000-1bed-ffff-ffff000000a7&quot;,&quot;ELEMENT&quot;:&quot;00000000-0000-1bed-ffff-ffff000000a7&quot;}
&amp;#27;[35m[HTTP]&amp;#27;[39m &amp;#27;[37m&lt;-- POST /wd/hub/session/7ae98af1-f0c4-48bb-82e0-609d7d4c050b/element &amp;#27;[39m&amp;#27;[32m200&amp;#27;[39m &amp;#27;[90m646 ms - 137&amp;#27;[39m
&amp;#27;[35m[HTTP]&amp;#27;[39m &amp;#27;[90m&amp;#27;[39m
09:54:46.469 [Forwarding sendKeysToElement on session 7ae98af1-f0c4-48bb-82e0-609d7d4c050b to remote] DEBUG org.asynchttpclient.netty.request.NettyRequestSender - Using pooled Channel &apos;[id: 0x007e0974, L:/127.0.0.1:56617 - R:/127.0.0.1:4723]&apos; for &apos;POST&apos; to &apos;http://0.0.0.0:4723/wd/hub/session/7ae98af1-f0c4-48bb-82e0-609d7d4c050b/element/00000000-0000-1bed-ffff-ffff000000a7/value&apos;
09:54:46.469 [Forwarding sendKeysToElement on session 7ae98af1-f0c4-48bb-82e0-609d7d4c050b to remote] DEBUG org.asynchttpclient.netty.request.NettyRequestSender - Using open Channel [id: 0x007e0974, L:/127.0.0.1:56617 - R:/127.0.0.1:4723] for POST &apos;/wd/hub/session/7ae98af1-f0c4-48bb-82e0-609d7d4c050b/element/00000000-0000-1bed-ffff-ffff000000a7/value&apos;
&amp;#27;[35m[HTTP]&amp;#27;[39m &amp;#27;[37m--&gt;&amp;#27;[39m &amp;#27;[37mPOST&amp;#27;[39m &amp;#27;[37m/wd/hub/session/7ae98af1-f0c4-48bb-82e0-609d7d4c050b/element/00000000-0000-1bed-ffff-ffff000000a7/value&amp;#27;[39m
&amp;#27;[35m[HTTP]&amp;#27;[39m &amp;#27;[90m{&quot;id&quot;:&quot;00000000-0000-1bed-ffff-ffff000000a7&quot;,&quot;text&quot;:&quot;testTitle3&quot;,&quot;value&quot;:[&quot;t&quot;,&quot;e&quot;,&quot;s&quot;,&quot;t&quot;,&quot;T&quot;,&quot;i&quot;,&quot;t&quot;,&quot;l&quot;,&quot;e&quot;,&quot;3&quot;]}&amp;#27;[39m
[debug] &amp;#27;[35m[W3C (7ae98af1)]&amp;#27;[39m Calling AppiumDriver.setValue() with args: [[&quot;t&quot;,&quot;e&quot;,&quot;s&quot;,&quot;t&quot;,&quot;T&quot;,&quot;i&quot;,&quot;t&quot;,&quot;l&quot;,&quot;e&quot;,&quot;3&quot;],&quot;00000000-0000-1bed-ffff-ffff000000a7&quot;,&quot;7ae98af1-f0c4-48bb-82e0-609d7d4c050b&quot;]
[debug] &amp;#27;[35m[WD Proxy]&amp;#27;[39m Matched &apos;/element/00000000-0000-1bed-ffff-ffff000000a7/value&apos; to command name &apos;setValue&apos;
[debug] &amp;#27;[35m[Protocol Converter]&amp;#27;[39m Added &apos;value&apos; property [&quot;t&quot;,&quot;e&quot;,&quot;s&quot;,&quot;t&quot;,&quot;T&quot;,&quot;i&quot;,&quot;t&quot;,&quot;l&quot;,&quot;e&quot;,&quot;3&quot;] to &apos;setValue&apos; request body
[debug] &amp;#27;[35m[WD Proxy]&amp;#27;[39m Proxying [POST /element/00000000-0000-1bed-ffff-ffff000000a7/value] to [POST http://127.0.0.1:8200/wd/hub/session/015791bc-716d-4afa-9c1f-c27f676dbeb8/element/00000000-0000-1bed-ffff-ffff000000a7/value] with body: {&quot;elementId&quot;:&quot;00000000-0000-1bed-ffff-ffff000000a7&quot;,&quot;text&quot;:&quot;testTitle3&quot;,&quot;replace&quot;:false,&quot;value&quot;:[&quot;t&quot;,&quot;e&quot;,&quot;s&quot;,&quot;t&quot;,&quot;T&quot;,&quot;i&quot;,&quot;t&quot;,&quot;l&quot;,&quot;e&quot;,&quot;3&quot;]}
[debug] &amp;#27;[35m[WD Proxy]&amp;#27;[39m Got response with status 200: {&quot;sessionId&quot;:&quot;015791bc-716d-4afa-9c1f-c27f676dbeb8&quot;,&quot;value&quot;:null}
[debug] &amp;#27;[35m[W3C (7ae98af1)]&amp;#27;[39m Responding to client with driver.setValue(09:54:47.671 [AsyncHttpClient-1-2] DEBUG org.asynchttpclient.netty.handler.HttpHandler - 

Request DefaultHttpRequest(decodeResult: success, version: HTTP/1.1)
POST /wd/hub/session/7ae98af1-f0c4-48bb-82e0-609d7d4c050b/element/00000000-0000-1bed-ffff-ffff000000a7/value HTTP/1.1
User-Agent: selenium/4.5.0 (java windows)
Content-Length: 181
Content-Type: application/json; charset=utf-8
host: 0.0.0.0:4723
accept: */*

Response DefaultHttpResponse(decodeResult: success, version: HTTP/1.1)
HTTP/1.1 200 OK
X-Powered-By: Express
Vary: X-HTTP-Method-Override
Content-Type: application/json; charset=utf-8
ETag: W/&quot;e-9/1BuKMgFObM1mWJm+YjxtXJnUM&quot;
Date: Fri, 02 Dec 2022 04:24:47 GMT
Connection: keep-alive
Keep-Alive: timeout=600
content-length: 14

) result: null
&amp;#27;[35m[HTTP]&amp;#27;[39m &amp;#27;[37m&lt;-- POST /wd/hub/session/7ae98af109:54:47.671 [AsyncHttpClient-1-2] DEBUG org.asynchttpclient.netty.channel.ChannelManager - Adding key: http://0.0.0.0:4723 for channel [id: 0x007e0974, L:/127.0.0.1:56617 - R:/127.0.0.1:4723]
-f0c4-48bb-82e0-609d7d4c050b/element/00000000-0000-1bed-ffff-ffff000000a7/value &amp;#27;[39m&amp;#27;[32m200&amp;#27;[39m &amp;#27;[90m1200 ms - 14&amp;#27;[39m
&amp;#27;[35m[HTTP]&amp;#27;[39m &amp;#27;[90m&amp;#27;[39m
09:54:47.674 [Forwarding findElement on session 7ae98af1-f0c4-48bb-82e0-609d7d4c050b to remote] DEBUG org.asynchttpclient.netty.request.NettyRequestSender - Using pooled Channel &apos;[id: 0x007e0974, L:/127.0.0.1:56617 - R:/127.0.0.1:4723]&apos; for &apos;POST&apos; to &apos;http://0.0.0.0:4723/wd/hub/session/7ae98af1-f0c4-48bb-82e0-609d7d4c050b/element&apos;
09:54:47.674 [Forwarding findElement on session 7ae98af1-f0c4-48bb-82e0-609d7d4c050b to remote] DEBUG org.asynchttpclient.netty.request.NettyRequestSender - Using open Channel [id: 0x007e0974, L:/127.0.0.1:56617 - R:/127.0.0.1:4723] for POST &apos;/wd/hub/session/7ae98af1-f0c4-48bb-82e0-609d7d4c050b/element&apos;
&amp;#27;[35m[HTTP]&amp;#27;[39m &amp;#27;[37m--&gt;&amp;#27;[39m &amp;#27;[37mPOST&amp;#27;[39m &amp;#27;[37m/wd/hub/session/7ae98af1-f0c4-48bb-82e0-609d7d4c050b/element&amp;#27;[39m
&amp;#27;[35m[HTTP]&amp;#27;[39m &amp;#27;[90m{&quot;using&quot;:&quot;id&quot;,&quot;value&quot;:&quot;com.example.android.testing.notes.mock:id/add_note_description&quot;}&amp;#27;[39m
[debug] &amp;#27;[35m[W3C (7ae98af1)]&amp;#27;[39m Calling AppiumDriver.findElement() with args: [&quot;id&quot;,&quot;com.example.android.testing.notes.mock:id/add_note_description&quot;,&quot;7ae98af1-f0c4-48bb-82e0-609d7d4c050b&quot;]
[debug] &amp;#27;[35m[BaseDriver]&amp;#27;[39m Valid locator strategies for this request: xpath, id, class name, accessibility id, css selector, -android uiautomator
[debug] &amp;#27;[35m[BaseDriver]&amp;#27;[39m Waiting up to 0 ms for condition
[debug] &amp;#27;[35m[WD Proxy]&amp;#27;[39m Matched &apos;/element&apos; to command name &apos;findElement&apos;
[debug] &amp;#27;[35m[WD Proxy]&amp;#27;[39m Proxying [POST /element] to [POST http://127.0.0.1:8200/wd/hub/session/015791bc-716d-4afa-9c1f-c27f676dbeb8/element] with body: {&quot;strategy&quot;:&quot;id&quot;,&quot;selector&quot;:&quot;com.example.android.testing.notes.mock:id/add_note_description&quot;,&quot;context&quot;:&quot;&quot;,&quot;multiple&quot;:false}
[debug] &amp;#27;[35m[WD Proxy]&amp;#27;[39m Got response with status 200: {&quot;sessionId&quot;:&quot;015791bc-716d-4afa-9c1f-c27f676dbeb8&quot;,&quot;value&quot;:{&quot;ELEMENT&quot;:&quot;00000000-0000-1bed-ffff-ffff000000a8&quot;,&quot;element-6066-11e4-a52e-4f735466cecf&quot;:&quot;00000000-0000-1bed-ffff-ffff000000a8&quot;}}
[debug] &amp;#27;[35m[W3C (7ae98af1)]&amp;#27;[39m Responding to client with driver.findElement() result: {&quot;element-6066-11e4-a52e-4f735466cecf&quot;:&quot;00000000-0000-1bed-ffff-ffff000000a8&quot;,&quot;ELEMENT&quot;:&quot;00000000-0000-1bed-ffff-ffff000000a8&quot;}
09:54:48.569 [AsyncHttpClient-1-2] DEBUG org.asynchttpclient.netty.handler.HttpHandler - 

Request DefaultHttpRequest(decodeResult: success, version: HTTP/1.1)
POST /wd/hub/session/7ae98af1-f0c4-48bb-82e0-609d7d4c050b/element HTTP/1.1
User-Agent: selenium/4.5.0 (java windows)
Content-Length: 101
Content-Type: application/json; charset=utf-8
host: 0.0.0.0:4723
accept: */*

Response DefaultHttpResponse(decodeResult: success, version: HTTP/1.1)
HTTP/1.1 200 OK
X-Powered-By: Express
Vary: X-HTTP-Method-Override
Content-Type: application/json; charset=utf-8
ETag: W/&quot;89-c5mkwXGt+RJ97NPaTQc7P14m5ZY&quot;
Date: Fri, 02 Dec 2022 04:24:48 GMT
Connection: keep-alive
Keep-Alive: timeout=600
content-length: 137

&amp;#27;[35m[HTTP]&amp;#27;[39m &amp;#27;[37m&lt;-- POST /wd/hub/session/7ae98af1-f0c4-48bb-82e0-609d7d4c050b/element &amp;#27;[39m&amp;#27;[32m200&amp;#27;[39m &amp;#27;[90m893 ms - 137&amp;#27;[39m
&amp;#27;[35m[HTTP]&amp;#27;[39m &amp;#27;[90m&amp;#27;[39m09:54:48.570 [AsyncHttpClient-1-2] DEBUG org.asynchttpclient.netty.channel.ChannelManager - Adding key: http://0.0.0.0:4723 for channel [id: 0x007e0974, L:/127.0.0.1:56617 - R:/127.0.0.1:4723]

09:54:48.572 [Forwarding isElementDisplayed on session 7ae98af1-f0c4-48bb-82e0-609d7d4c050b to remote] DEBUG org.asynchttpclient.netty.request.NettyRequestSender - Using pooled Channel &apos;[id: 0x007e0974, L:/127.0.0.1:56617 - R:/127.0.0.1:4723]&apos; for &apos;GET&apos; to &apos;http://0.0.0.0:4723/wd/hub/session/7ae98af1-f0c4-48bb-82e0-609d7d4c050b/element/00000000-0000-1bed-ffff-ffff000000a8/displayed&apos;
09:54:48.572 [Forwarding isElementDisplayed on session 7ae98af1-f0c4-48bb-82e0-609d7d4c050b to remote] DEBUG org.asynchttpclient.netty.request.NettyRequestSender - Using open Channel [id: 0x007e0974, L:/127.0.0.1:56617 - R:/127.0.0.1:4723] for GET &apos;/wd/hub/session/7ae98af1-f0c4-48bb-82e0-609d7d4c050b/element/00000000-0000-1bed-ffff-ffff000000a8/displayed&apos;
&amp;#27;[35m[HTTP]&amp;#27;[39m &amp;#27;[37m--&gt;&amp;#27;[39m &amp;#27;[37mGET&amp;#27;[39m &amp;#27;[37m/wd/hub/session/7ae98af1-f0c4-48bb-82e0-609d7d4c050b/element/00000000-0000-1bed-ffff-ffff000000a8/displayed&amp;#27;[39m
&amp;#27;[35m[HTTP]&amp;#27;[39m &amp;#27;[90m{}&amp;#27;[39m
[debug] &amp;#27;[35m[W3C (7ae98af1)]&amp;#27;[39m Calling AppiumDriver.elementDisplayed() with args: [&quot;00000000-0000-1bed-ffff-ffff000000a8&quot;,&quot;7ae98af1-f0c4-48bb-82e0-609d7d4c050b&quot;]
[debug] &amp;#27;[35m[WD Proxy]&amp;#27;[39m Matched &apos;/element/00000000-0000-1bed-ffff-ffff000000a8/attribute/displayed&apos; to command name &apos;getAttribute&apos;
[debug] &amp;#27;[35m[WD Proxy]&amp;#27;[39m Proxying [GET /element/00000000-0000-1bed-ffff-ffff000000a8/attribute/displayed] to [GET http://127.0.0.1:8200/wd/hub/session/015791bc-716d-4afa-9c1f-c27f676dbeb8/element/00000000-0000-1bed-ffff-ffff000000a8/attribute/displayed] with no body
[debug] &amp;#27;[35m[WD Proxy]&amp;#27;[39m Got response with status 200: {&quot;sessionId&quot;:&quot;015791bc-716d-4afa-9c1f-c27f676dbeb8&quot;,&quot;value&quot;:&quot;true&quot;}
[debug] &amp;#27;[35m[W3C (7ae98af1)]&amp;#27;[39m Responding to client with driver.elementDisplayed() result: true
09:54:48.603 [AsyncHttpClient-1-2] DEBUG org.asynchttpclient.netty.handler.HttpHandler - 

Request DefaultFullHttpRequest(decodeResult: success, version: HTTP/1.1, content: EmptyByteBufBE)
GET /wd/hub/session/7ae98af1-f0c4-48bb-82e0-609d7d4c050b/element/00000000-0000-1bed-ffff-ffff000000a8/displayed HTTP/1.1
User-Agent: selenium/4.5.0 (java windows)
Cache-Control: no-cache
Content-Type: application/json; charset=utf-8
host: 0.0.0.0:4723
accept: */*

Response DefaultHttpResponse(decodeResult: success, version: HTTP/1.1)
HTTP/1.1 200 OK
X-Powered-By: Express
Content-Type: application/json; charset=utf-8
ETag: W/&quot;e-2ZHvAWebNQpyjGZTg6uyV8/spTo&quot;
Date: Fri, 02 Dec 2022 04:24:48 GMT
Connection: keep-alive
Keep-Alive: timeout=600
content-length: 14

&amp;#27;[35m[HTTP]&amp;#27;[39m &amp;#27;09:54:48.603 [AsyncHttpClient-1-2] DEBUG org.asynchttpclient.netty.channel.ChannelManager - Adding key: http://0.0.0.0:4723 for channel [id: 0x007e0974, L:/127.0.0.1:56617 - R:/127.0.0.1:4723]
[37m&lt;-- GET /wd/hub/session/7ae98af1-f0c4-48bb-82e0-609d7d4c050b/element/00000000-0000-1bed-ffff-ffff000000a8/displayed &amp;#27;[39m&amp;#27;[32m200&amp;#27;[39m &amp;#27;[90m29 ms - 14&amp;#27;[39m
&amp;#27;[35m[HTTP]&amp;#27;[39m &amp;#27;[90m&amp;#27;[39m
09:54:48.604 [Forwarding findElement on session 7ae98af1-f0c4-48bb-82e0-609d7d4c050b to remote] DEBUG org.asynchttpclient.netty.request.NettyRequestSender - Using pooled Channel &apos;[id: 0x007e0974, L:/127.0.0.1:56617 - R:/127.0.0.1:4723]&apos; for &apos;POST&apos; to &apos;http://0.0.0.0:4723/wd/hub/session/7ae98af1-f0c4-48bb-82e0-609d7d4c050b/element&apos;
09:54:48.604 [Forwarding findElement on session 7ae98af1-f0c4-48bb-82e0-609d7d4c050b to remote] DEBUG org.asynchttpclient.netty.request.NettyRequestSender - Using open Channel [id: 0x007e0974, L:/127.0.0.1:56617 - R:/127.0.0.1:4723] for POST &apos;/wd/hub/session/7ae98af1-f0c4-48bb-82e0-609d7d4c050b/element&apos;
&amp;#27;[35m[HTTP]&amp;#27;[39m &amp;#27;[37m--&gt;&amp;#27;[39m &amp;#27;[37mPOST&amp;#27;[39m &amp;#27;[37m/wd/hub/session/7ae98af1-f0c4-48bb-82e0-609d7d4c050b/element&amp;#27;[39m
&amp;#27;[35m[HTTP]&amp;#27;[39m &amp;#27;[90m{&quot;using&quot;:&quot;id&quot;,&quot;value&quot;:&quot;com.example.android.testing.notes.mock:id/add_note_description&quot;}&amp;#27;[39m
[debug] &amp;#27;[35m[W3C (7ae98af1)]&amp;#27;[39m Calling AppiumDriver.findElement() with args: [&quot;id&quot;,&quot;com.example.android.testing.notes.mock:id/add_note_description&quot;,&quot;7ae98af1-f0c4-48bb-82e0-609d7d4c050b&quot;]
[debug] &amp;#27;[35m[BaseDriver]&amp;#27;[39m Valid locator strategies for this request: xpath, id, class name, accessibility id, css selector, -android uiautomator
[debug] &amp;#27;[35m[BaseDriver]&amp;#27;[39m Waiting up to 0 ms for condition
[debug] &amp;#27;[35m[WD Proxy]&amp;#27;[39m Matched &apos;/element&apos; to command name &apos;findElement&apos;
[debug] &amp;#27;[35m[WD Proxy]&amp;#27;[39m Proxying [POST /element] to [POST http://127.0.0.1:8200/wd/hub/session/015791bc-716d-4afa-9c1f-c27f676dbeb8/element] with body: {&quot;strategy&quot;:&quot;id&quot;,&quot;selector&quot;:&quot;com.example.android.testing.notes.mock:id/add_note_description&quot;,&quot;context&quot;:&quot;&quot;,&quot;multiple&quot;:false}
[debug] &amp;#27;[35m[WD Proxy]&amp;#27;[39m Got response with status 200: {&quot;sessionId&quot;:&quot;015791bc-716d-4afa-9c1f-c27f676dbeb8&quot;,&quot;value&quot;:{&quot;ELEMENT&quot;:&quot;00000000-0000-1bed-ffff-ffff000000a8&quot;,&quot;element-6066-11e4-a52e-4f735466cecf&quot;:&quot;00000000-0000-1bed-ffff-ffff000000a8&quot;}}
[debu09:54:48.668 [AsyncHttpClient-1-2] DEBUG org.asynchttpclient.netty.handler.HttpHandler - 

Request DefaultHttpRequest(decodeResult: success, version: HTTP/1.1)
POST /wd/hub/session/7ae98af1-f0c4-48bb-82e0-609d7d4c050b/element HTTP/1.1
User-Agent: selenium/4.5.0 (java windows)
Content-Length: 101
Content-Type: application/json; charset=utf-8
host: 0.0.0.0:4723
accept: */*

Response DefaultHttpResponse(decodeResult: success, version: HTTP/1.1)
HTTP/1.1 200 OK
X-Powered-By: Express
Vary: X-HTTP-Method-Override
Content-Type: application/json; charset=utf-8
ETag: W/&quot;89-c5mkwXGt+RJ97NPaTQc7P14m5ZY&quot;
Date: Fri, 02 Dec 2022 04:24:48 GMT
Connection: keep-alive
Keep-Alive: timeout=600
content-length: 137

g] &amp;#27;[35m[W3C (7ae98af1)]&amp;#27;[39m Responding to client with driver.findElement() result: {&quot;element-6066-11e4-a52e-09:54:48.668 [AsyncHttpClient-1-2] DEBUG org.asynchttpclient.netty.channel.ChannelManager - Adding key: http://0.0.0.0:4723 for channel [id: 0x007e0974, L:/127.0.0.1:56617 - R:/127.0.0.1:4723]
4f735466cecf&quot;:&quot;00000000-0000-1bed-ffff-ffff000000a8&quot;,&quot;ELEMENT&quot;:&quot;00000000-0000-1bed-ffff-ffff000000a8&quot;}
&amp;#27;[35m[HTTP]&amp;#27;[39m &amp;#27;[37m&lt;-- POST /wd/hub/session/7ae98af1-f0c4-48bb-82e0-609d7d4c050b/element &amp;#27;[39m&amp;#27;[32m200&amp;#27;[39m &amp;#27;[90m62 ms - 137&amp;#27;[39m
&amp;#27;[35m[HTTP]&amp;#27;[39m &amp;#27;[90m&amp;#27;[39m
09:54:48.670 [Forwarding sendKeysToElement on session 7ae98af1-f0c4-48bb-82e0-609d7d4c050b to remote] DEBUG org.asynchttpclient.netty.request.NettyRequestSender - Using pooled Channel &apos;[id: 0x007e0974, L:/127.0.0.1:56617 - R:/127.0.0.1:4723]&apos; for &apos;POST&apos; to &apos;http://0.0.0.0:4723/wd/hub/session/7ae98af1-f0c4-48bb-82e0-609d7d4c050b/element/00000000-0000-1bed-ffff-ffff000000a8/value&apos;
09:54:48.670 [Forwarding sendKeysToElement on session 7ae98af1-f0c4-48bb-82e0-609d7d4c050b to remote] DEBUG org.asynchttpclient.netty.request.NettyRequestSender - Using open Channel [id: 0x007e0974, L:/127.0.0.1:56617 - R:/127.0.0.1:4723] for POST &apos;/wd/hub/session/7ae98af1-f0c4-48bb-82e0-609d7d4c050b/element/00000000-0000-1bed-ffff-ffff000000a8/value&apos;
&amp;#27;[35m[HTTP]&amp;#27;[39m &amp;#27;[37m--&gt;&amp;#27;[39m &amp;#27;[37mPOST&amp;#27;[39m &amp;#27;[37m/wd/hub/session/7ae98af1-f0c4-48bb-82e0-609d7d4c050b/element/00000000-0000-1bed-ffff-ffff000000a8/value&amp;#27;[39m
&amp;#27;[35m[HTTP]&amp;#27;[39m &amp;#27;[90m{&quot;id&quot;:&quot;00000000-0000-1bed-ffff-ffff000000a8&quot;,&quot;text&quot;:&quot;&quot;,&quot;value&quot;:[]}&amp;#27;[39m
[debug] &amp;#27;[35m[W3C (7ae98af1)]&amp;#27;[39m Calling AppiumDriver.setValue() with args: [[],&quot;00000000-0000-1bed-ffff-ffff000000a8&quot;,&quot;7ae98af1-f0c4-48bb-82e0-609d7d4c050b&quot;]
[debug] &amp;#27;[35m[WD Proxy]&amp;#27;[39m Matched &apos;/element/00000000-0000-1bed-ffff-ffff000000a8/value&apos; to command name &apos;setValue&apos;
[debug] &amp;#27;[35m[Protocol Converter]&amp;#27;[39m Added &apos;value&apos; property [] to &apos;setValue&apos; request body
[debug] &amp;#27;[35m[WD Proxy]&amp;#27;[39m Proxying [POST /element/00000000-0000-1bed-ffff-ffff000000a8/value] to [POST http://127.0.0.1:8200/wd/hub/session/015791bc-716d-4afa-9c1f-c27f676dbeb8/element/00000000-0000-1bed-ffff-ffff000000a8/value] with body: {&quot;elementId&quot;:&quot;00000000-0000-1bed-ffff-ffff000000a8&quot;,&quot;text&quot;:&quot;&quot;,&quot;replace&quot;:false,&quot;value&quot;:[]}
[debug] &amp;#27;[35m[WD Proxy]&amp;#27;[39m Got response with status 200: {&quot;sessionId&quot;:&quot;015791bc-716d-4afa-9c1f-c27f676dbeb8&quot;,&quot;value&quot;:null}
[debug] &amp;#27;[35m[W3C (7ae98af1)]&amp;#27;[39m Responding to client with driver.setValue() result: null
&amp;#27;[35m[HTTP]&amp;#27;[39m &amp;#27;[37m&lt;-- POST /wd/hub/session/7ae98af1-f0c4-48bb-82e0-09:54:49.236 [AsyncHttpClient-1-2] DEBUG org.asynchttpclient.netty.handler.HttpHandler - 

Request DefaultHttpRequest(decodeResult: success, version: HTTP/1.1)
POST /wd/hub/session/7ae98af1-f0c4-48bb-82e0-609d7d4c050b/element/00000000-0000-1bed-ffff-ffff000000a8/value HTTP/1.1
User-Agent: selenium/4.5.0 (java windows)
Content-Length: 82
Content-Type: application/json; charset=utf-8
host: 0.0.0.0:4723
accept: */*

Response DefaultHttpResponse(decodeResult: success, version: HTTP/1.1)
HTTP/1.1 200 OK
X-Powered-By: Express
Vary: X-HTTP-Method-Override
Content-Type: application/json; charset=utf-8
ETag: W/&quot;e-9/1BuKMgFObM1mWJm+YjxtXJnUM&quot;
Date: Fri, 02 Dec 2022 04:24:49 GMT
Connection: keep-alive
Keep-Alive: timeout=600
content-length: 14

609d7d4c050b/element/00000000-0000-1bed-ffff-ffff000000a8/value &amp;#27;[39m&amp;#27;[32m200&amp;#27;[39m &amp;#27;[90m563 ms - 14&amp;#27;[39m
09:54:49.236 [AsyncHttpClient-1-2] DEBUG org.asynchttpclient.netty.channel.ChannelManager - Adding key: http://0.0.0.0:4723 for channel [id: 0x007e0974, L:/127.0.0.1:56617 - R:/127.0.0.1:4723]
&amp;#27;[35m[HTTP]&amp;#27;[39m &amp;#27;[90m&amp;#27;[39m
09:54:49.237 [Forwarding findElement on session 7ae98af1-f0c4-48bb-82e0-609d7d4c050b to remote] DEBUG org.asynchttpclient.netty.request.NettyRequestSender - Using pooled Channel &apos;[id: 0x007e0974, L:/127.0.0.1:56617 - R:/127.0.0.1:4723]&apos; for &apos;POST&apos; to &apos;http://0.0.0.0:4723/wd/hub/session/7ae98af1-f0c4-48bb-82e0-609d7d4c050b/element&apos;
09:54:49.237 [Forwarding findElement on session 7ae98af1-f0c4-48bb-82e0-609d7d4c050b to remote] DEBUG org.asynchttpclient.netty.request.NettyRequestSender - Using open Channel [id: 0x007e0974, L:/127.0.0.1:56617 - R:/127.0.0.1:4723] for POST &apos;/wd/hub/session/7ae98af1-f0c4-48bb-82e0-609d7d4c050b/element&apos;
&amp;#27;[35m[HTTP]&amp;#27;[39m &amp;#27;[37m--&gt;&amp;#27;[39m &amp;#27;[37mPOST&amp;#27;[39m &amp;#27;[37m/wd/hub/session/7ae98af1-f0c4-48bb-82e0-609d7d4c050b/element&amp;#27;[39m
&amp;#27;[35m[HTTP]&amp;#27;[39m &amp;#27;[90m{&quot;using&quot;:&quot;id&quot;,&quot;value&quot;:&quot;com.example.android.testing.notes.mock:id/add_note_description&quot;}&amp;#27;[39m
[debug] &amp;#27;[35m[W3C (7ae98af1)]&amp;#27;[39m Calling AppiumDriver.findElement() with args: [&quot;id&quot;,&quot;com.example.android.testing.notes.mock:id/add_note_description&quot;,&quot;7ae98af1-f0c4-48bb-82e0-609d7d4c050b&quot;]
[debug] &amp;#27;[35m[BaseDriver]&amp;#27;[39m Valid locator strategies for this request: xpath, id, class name, accessibility id, css selector, -android uiautomator
[debug] &amp;#27;[35m[BaseDriver]&amp;#27;[39m Waiting up to 0 ms for condition
[debug] &amp;#27;[35m[WD Proxy]&amp;#27;[39m Matched &apos;/element&apos; to command name &apos;findElement&apos;
[debug] &amp;#27;[35m[WD Proxy]&amp;#27;[39m Proxying [POST /element] to [POST http://127.0.0.1:8200/wd/hub/session/015791bc-716d-4afa-9c1f-c27f676dbeb8/element] with body: {&quot;strategy&quot;:&quot;id&quot;,&quot;selector&quot;:&quot;com.example.android.testing.notes.mock:id/add_note_description&quot;,&quot;context&quot;:&quot;&quot;,&quot;multiple&quot;:false}
[debug] &amp;#27;[35m[WD Proxy]&amp;#27;[39m Got response with status 200: {&quot;sessionId&quot;:&quot;015791bc-716d-4afa-9c1f-c27f676dbeb8&quot;,&quot;value&quot;:{&quot;ELEMENT&quot;:&quot;00000000-0000-1bed-ffff-ffff000000a8&quot;,&quot;element-6066-11e4-a52e-4f735466cecf&quot;:&quot;00000000-0000-1bed-ffff-ffff000000a8&quot;}}
09:54:49.780 [AsyncHttpClient-1-2] DEBUG org.asynchttpclient.netty.handler.HttpHandler - 

Request DefaultHttpRequest(decodeResult: success, version: HTTP/1.1)
POST /wd/hub/session/7ae98af1-f0c4-48bb-82e0-609d7d4c050b/element HTTP/1.1
User-Agent: selenium/4.5.0 (java windows)
Content-Length: 101
Content-Type: application/json; charset=utf-8
host: 0.0.0.0:4723
accept: */*

Response DefaultHttpResponse(decodeResult: success, version: HTTP/1.1)
HTTP/1.1 200 OK
X-Powered-By: Express
Vary: X-HTTP-Method-Override
Content-Type: application/json; charset=utf-8
ETag: W/&quot;89-c5mkwXGt+RJ97NPaTQc7P14m5ZY&quot;
Date: Fri, 02 Dec 2022 04:24:49 GMT
Connection: keep-alive
Keep-Alive: timeout=600
content-length: 137

[debug] &amp;#27;[35m[W3C (7ae98af1)]&amp;#27;[39m Responding to client with driver.findElement() result: {&quot;element-6066-11e4-a52e09:54:49.781 [AsyncHttpClient-1-2] DEBUG org.asynchttpclient.netty.channel.ChannelManager - Adding key: http://0.0.0.0:4723 for channel [id: 0x007e0974, L:/127.0.0.1:56617 - R:/127.0.0.1:4723]
-4f735466cecf&quot;:&quot;00000000-0000-1bed-ffff-ffff000000a8&quot;,&quot;ELEMENT&quot;:&quot;00000000-0000-1bed-ffff-ffff000000a8&quot;}
&amp;#27;[35m[HTTP]&amp;#27;[39m &amp;#27;[37m&lt;-- POST /wd/hub/session/7ae98af1-f0c4-48bb-82e0-609d7d4c050b/element &amp;#27;[39m&amp;#27;[32m200&amp;#27;[39m &amp;#27;[90m541 ms - 137&amp;#27;[39m
&amp;#27;[35m[HTTP]&amp;#27;[39m &amp;#27;[90m&amp;#27;[39m
09:54:49.783 [Forwarding sendKeysToElement on session 7ae98af1-f0c4-48bb-82e0-609d7d4c050b to remote] DEBUG org.asynchttpclient.netty.request.NettyRequestSender - Using pooled Channel &apos;[id: 0x007e0974, L:/127.0.0.1:56617 - R:/127.0.0.1:4723]&apos; for &apos;POST&apos; to &apos;http://0.0.0.0:4723/wd/hub/session/7ae98af1-f0c4-48bb-82e0-609d7d4c050b/element/00000000-0000-1bed-ffff-ffff000000a8/value&apos;
09:54:49.783 [Forwarding sendKeysToElement on session 7ae98af1-f0c4-48bb-82e0-609d7d4c050b to remote] DEBUG org.asynchttpclient.netty.request.NettyRequestSender - Using open Channel [id: 0x007e0974, L:/127.0.0.1:56617 - R:/127.0.0.1:4723] for POST &apos;/wd/hub/session/7ae98af1-f0c4-48bb-82e0-609d7d4c050b/element/00000000-0000-1bed-ffff-ffff000000a8/value&apos;
&amp;#27;[35m[HTTP]&amp;#27;[39m &amp;#27;[37m--&gt;&amp;#27;[39m &amp;#27;[37mPOST&amp;#27;[39m &amp;#27;[37m/wd/hub/session/7ae98af1-f0c4-48bb-82e0-609d7d4c050b/element/00000000-0000-1bed-ffff-ffff000000a8/value&amp;#27;[39m
&amp;#27;[35m[HTTP]&amp;#27;[39m &amp;#27;[90m{&quot;id&quot;:&quot;00000000-0000-1bed-ffff-ffff000000a8&quot;,&quot;text&quot;:&quot;&quot;,&quot;value&quot;:[]}&amp;#27;[39m
[debug] &amp;#27;[35m[W3C (7ae98af1)]&amp;#27;[39m Calling AppiumDriver.setValue() with args: [[],&quot;00000000-0000-1bed-ffff-ffff000000a8&quot;,&quot;7ae98af1-f0c4-48bb-82e0-609d7d4c050b&quot;]
[debug] &amp;#27;[35m[WD Proxy]&amp;#27;[39m Matched &apos;/element/00000000-0000-1bed-ffff-ffff000000a8/value&apos; to command name &apos;setValue&apos;
[debug] &amp;#27;[35m[Protocol Converter]&amp;#27;[39m Added &apos;value&apos; property [] to &apos;setValue&apos; request body
[debug] &amp;#27;[35m[WD Proxy]&amp;#27;[39m Proxying [POST /element/00000000-0000-1bed-ffff-ffff000000a8/value] to [POST http://127.0.0.1:8200/wd/hub/session/015791bc-716d-4afa-9c1f-c27f676dbeb8/element/00000000-0000-1bed-ffff-ffff000000a8/value] with body: {&quot;elementId&quot;:&quot;00000000-0000-1bed-ffff-ffff000000a8&quot;,&quot;text&quot;:&quot;&quot;,&quot;replace&quot;:false,&quot;value&quot;:[]}
[debug] &amp;#27;[35m[WD Proxy]&amp;#27;[39m Got response with status 200: {&quot;sessionId&quot;:&quot;015791bc-716d-4afa-9c1f-c27f676dbeb8&quot;,&quot;value&quot;:null}
[debug] &amp;#27;[35m[W3C (7ae98af1)]&amp;#27;[39m Responding to client with driver.setValue() result: null
&amp;#27;[35m[HTTP]&amp;#27;[39m &amp;#27;[37m&lt;-- POST /wd/hub/sessio09:54:49.872 [AsyncHttpClient-1-2] DEBUG org.asynchttpclient.netty.handler.HttpHandler - 

Request DefaultHttpRequest(decodeResult: success, version: HTTP/1.1)
POST /wd/hub/session/7ae98af1-f0c4-48bb-82e0-609d7d4c050b/element/00000000-0000-1bed-ffff-ffff000000a8/value HTTP/1.1
User-Agent: selenium/4.5.0 (java windows)
Content-Length: 82
Content-Type: application/json; charset=utf-8
host: 0.0.0.0:4723
accept: */*

Response DefaultHttpResponse(decodeResult: success, version: HTTP/1.1)
HTTP/1.1 200 OK
X-Powered-By: Express
Vary: X-HTTP-Method-Override
Content-Type: application/json; charset=utf-8
ETag: W/&quot;e-9/1BuKMgFObM1mWJm+YjxtXJnUM&quot;
Date: Fri, 02 Dec 2022 04:24:49 GMT
Connection: keep-alive
Keep-Alive: timeout=600
content-length: 14

n/7ae98af1-f0c4-48bb-82e0-609d7d4c050b/element/00000000-0000-1bed-ffff-ffff000000a8/value &amp;#27;[39m&amp;#27;[32m200&amp;#27;[39m &amp;#27;[90m87 ms - 14&amp;#27;[39m
09:54:49.872 [AsyncHttpClient-1-2] DEBUG org.asynchttpclient.netty.channel.ChannelManager - Adding key: http://0.0.0.0:4723 for channel [id: 0x007e0974, L:/127.0.0.1:56617 - R:/127.0.0.1:4723]
&amp;#27;[35m[HTTP]&amp;#27;[39m &amp;#27;[90m&amp;#27;[39m
09:54:49.874 [Forwarding findElement on session 7ae98af1-f0c4-48bb-82e0-609d7d4c050b to remote] DEBUG org.asynchttpclient.netty.request.NettyRequestSender - Using pooled Channel &apos;[id: 0x007e0974, L:/127.0.0.1:56617 - R:/127.0.0.1:4723]&apos; for &apos;POST&apos; to &apos;http://0.0.0.0:4723/wd/hub/session/7ae98af1-f0c4-48bb-82e0-609d7d4c050b/element&apos;
09:54:49.874 [Forwarding findElement on session 7ae98af1-f0c4-48bb-82e0-609d7d4c050b to remote] DEBUG org.asynchttpclient.netty.request.NettyRequestSender - Using open Channel [id: 0x007e0974, L:/127.0.0.1:56617 - R:/127.0.0.1:4723] for POST &apos;/wd/hub/session/7ae98af1-f0c4-48bb-82e0-609d7d4c050b/element&apos;
&amp;#27;[35m[HTTP]&amp;#27;[39m &amp;#27;[37m--&gt;&amp;#27;[39m &amp;#27;[37mPOST&amp;#27;[39m &amp;#27;[37m/wd/hub/session/7ae98af1-f0c4-48bb-82e0-609d7d4c050b/element&amp;#27;[39m
&amp;#27;[35m[HTTP]&amp;#27;[39m &amp;#27;[90m{&quot;using&quot;:&quot;id&quot;,&quot;value&quot;:&quot;com.example.android.testing.notes.mock:id/fab_add_notes&quot;}&amp;#27;[39m
[debug] &amp;#27;[35m[W3C (7ae98af1)]&amp;#27;[39m Calling AppiumDriver.findElement() with args: [&quot;id&quot;,&quot;com.example.android.testing.notes.mock:id/fab_add_notes&quot;,&quot;7ae98af1-f0c4-48bb-82e0-609d7d4c050b&quot;]
[debug] &amp;#27;[35m[BaseDriver]&amp;#27;[39m Valid locator strategies for this request: xpath, id, class name, accessibility id, css selector, -android uiautomator
[debug] &amp;#27;[35m[BaseDriver]&amp;#27;[39m Waiting up to 0 ms for condition
[debug] &amp;#27;[35m[WD Proxy]&amp;#27;[39m Matched &apos;/element&apos; to command name &apos;findElement&apos;
[debug] &amp;#27;[35m[WD Proxy]&amp;#27;[39m Proxying [POST /element] to [POST http://127.0.0.1:8200/wd/hub/session/015791bc-716d-4afa-9c1f-c27f676dbeb8/element] with body: {&quot;strategy&quot;:&quot;id&quot;,&quot;selector&quot;:&quot;com.example.android.testing.notes.mock:id/fab_add_notes&quot;,&quot;context&quot;:&quot;&quot;,&quot;multiple&quot;:false}
[debug] &amp;#27;[35m[WD Proxy]&amp;#27;[39m Got response with status 200: {&quot;sessionId&quot;:&quot;015791bc-716d-4afa-9c1f-c27f676dbeb8&quot;,&quot;value&quot;:{&quot;ELEMENT&quot;:&quot;00000000-0000-1bed-ffff-ffff000000aa&quot;,&quot;element-6066-11e4-a52e-4f735466cecf&quot;:&quot;00000000-0000-1bed-ffff-ffff000000aa&quot;}}
09:54:50.486 [AsyncHttpClient-1-2] DEBUG org.asynchttpclient.netty.handler.HttpHandler - 

Request DefaultHttpRequest(decodeResult: success, version: HTTP/1.1)
POST /wd/hub/session/7ae98af1-f0c4-48bb-82e0-609d7d4c050b/element HTTP/1.1
User-Agent: selenium/4.5.0 (java windows)
Content-Length: 94
Content-Type: application/json; charset=utf-8
host: 0.0.0.0:4723
accept: */*

Response DefaultHttpResponse(decodeResult: success, version: HTTP/1.1)
HTTP/1.1 200 OK
X-Powered-By: Express
Vary: X-HTTP-Method-Override
Content-Type: application/json; charset=utf-8
ETag: W/&quot;89-yVYd9hruT7W08tH4v/aliFo0TV4&quot;
Date: Fri, 02 Dec 2022 04:24:50 GMT
Connection: keep-alive
Keep-Alive: timeout=600
content-length: 137

[debug] &amp;#27;[35m[W3C (7ae98af1)]&amp;#27;[39m Responding to client with driver.findElement09:54:50.486 [AsyncHttpClient-1-2] DEBUG org.asynchttpclient.netty.channel.ChannelManager - Adding key: http://0.0.0.0:4723 for channel [id: 0x007e0974, L:/127.0.0.1:56617 - R:/127.0.0.1:4723]
() result: {&quot;element-6066-11e4-a52e-4f735466cecf&quot;:&quot;00000000-0000-1bed-ffff-ffff000000aa&quot;,&quot;ELEMENT&quot;:&quot;00000000-0000-1bed-ffff-ffff000000aa&quot;}
&amp;#27;[35m[HTTP]&amp;#27;[39m &amp;#27;[37m&lt;-- POST /wd/hub/session/7ae98af1-f0c4-48bb-82e0-609d7d4c050b/element &amp;#27;[39m&amp;#27;[32m200&amp;#27;[39m &amp;#27;[90m609 ms - 137&amp;#27;[39m
&amp;#27;[35m[HTTP]&amp;#27;[39m &amp;#27;[90m&amp;#27;[39m
09:54:50.487 [Forwarding isElementDisplayed on session 7ae98af1-f0c4-48bb-82e0-609d7d4c050b to remote] DEBUG org.asynchttpclient.netty.request.NettyRequestSender - Using pooled Channel &apos;[id: 0x007e0974, L:/127.0.0.1:56617 - R:/127.0.0.1:4723]&apos; for &apos;GET&apos; to &apos;http://0.0.0.0:4723/wd/hub/session/7ae98af1-f0c4-48bb-82e0-609d7d4c050b/element/00000000-0000-1bed-ffff-ffff000000aa/displayed&apos;
09:54:50.487 [Forwarding isElementDisplayed on session 7ae98af1-f0c4-48bb-82e0-609d7d4c050b to remote] DEBUG org.asynchttpclient.netty.request.NettyRequestSender - Using open Channel [id: 0x007e0974, L:/127.0.0.1:56617 - R:/127.0.0.1:4723] for GET &apos;/wd/hub/session/7ae98af1-f0c4-48bb-82e0-609d7d4c050b/element/00000000-0000-1bed-ffff-ffff000000aa/displayed&apos;
&amp;#27;[35m[HTTP]&amp;#27;[39m &amp;#27;[37m--&gt;&amp;#27;[39m &amp;#27;[37mGET&amp;#27;[39m &amp;#27;[37m/wd/hub/session/7ae98af1-f0c4-48bb-82e0-609d7d4c050b/element/00000000-0000-1bed-ffff-ffff000000aa/displayed&amp;#27;[39m
&amp;#27;[35m[HTTP]&amp;#27;[39m &amp;#27;[90m{}&amp;#27;[39m
[debug] &amp;#27;[35m[W3C (7ae98af1)]&amp;#27;[39m Calling AppiumDriver.elementDisplayed() with args: [&quot;00000000-0000-1bed-ffff-ffff000000aa&quot;,&quot;7ae98af1-f0c4-48bb-82e0-609d7d4c050b&quot;]
[debug] &amp;#27;[35m[WD Proxy]&amp;#27;[39m Matched &apos;/element/00000000-0000-1bed-ffff-ffff000000aa/attribute/displayed&apos; to command name &apos;getAttribute&apos;
[debug] &amp;#27;[35m[WD Proxy]&amp;#27;[39m Proxying [GET /element/00000000-0000-1bed-ffff-ffff000000aa/attribute/displayed] to [GET http://127.0.0.1:8200/wd/hub/session/015791bc-716d-4afa-9c1f-c27f676dbeb8/element/00000000-0000-1bed-ffff-ffff000000aa/attribute/displayed] with no body
[debug] &amp;#27;[35m[WD Proxy]&amp;#27;[39m Got response with status 200: {&quot;sessionId&quot;:&quot;015791bc-716d-4afa-9c1f-c27f676dbeb8&quot;,&quot;value&quot;:&quot;true&quot;}
[debug] &amp;#27;[35m[W3C (7ae98af1)]&amp;#27;[39m Responding to client with driver.elementDisplayed() result: true
09:54:50.508 [AsyncHttpClient-1-2] DEBUG org.asynchttpclient.netty.handler.HttpHandler - 

Request DefaultFullHttpRequest(decodeResult: success, version: HTTP/1.1, content: EmptyByteBufBE)
GET /wd/hub/session/7ae98af1-f0c4-48bb-82e0-609d7d4c050b/element/00000000-0000-1bed-ffff-ffff000000aa/displayed HTTP/1.1
User-Agent: selenium/4.5.0 (java windows)
Cache-Control: no-cache
Content-Type: application/json; charset=utf-8
host: 0.0.0.0:4723
accept: */*

Response DefaultHttpResponse(decodeResult: success, version: HTTP/1.1)
HTTP/1.1 200 OK
X-Powered-By: Express
Content-Type: application/json; charset=utf-8
ETag: W/&quot;e-2ZHvAWebNQpyjGZTg6uyV8/spTo&quot;
Date: Fri, 02 Dec 2022 04:24:50 GMT
Connection: keep-alive
Keep-Alive: timeout=600
content-length: 14

&amp;#27;[35m[HTTP]&amp;#27;[39m &amp;#27;[37m&lt;-- GET /wd/hub/session/7ae98af1-f0c4-48bb-82e0-609d7d4c050b/element/00000000-0000-1bed-ffff-ffff0000009:54:50.509 [AsyncHttpClient-1-2] DEBUG org.asynchttpclient.netty.channel.ChannelManager - Adding key: http://0.0.0.0:4723 for channel [id: 0x007e0974, L:/127.0.0.1:56617 - R:/127.0.0.1:4723]
0aa/displayed &amp;#27;[39m&amp;#27;[32m200&amp;#27;[39m &amp;#27;[90m18 ms - 14&amp;#27;[39m
&amp;#27;[35m[HTTP]&amp;#27;[39m &amp;#27;[90m&amp;#27;[39m
09:54:50.510 [Forwarding findElement on session 7ae98af1-f0c4-48bb-82e0-609d7d4c050b to remote] DEBUG org.asynchttpclient.netty.request.NettyRequestSender - Using pooled Channel &apos;[id: 0x007e0974, L:/127.0.0.1:56617 - R:/127.0.0.1:4723]&apos; for &apos;POST&apos; to &apos;http://0.0.0.0:4723/wd/hub/session/7ae98af1-f0c4-48bb-82e0-609d7d4c050b/element&apos;
09:54:50.510 [Forwarding findElement on session 7ae98af1-f0c4-48bb-82e0-609d7d4c050b to remote] DEBUG org.asynchttpclient.netty.request.NettyRequestSender - Using open Channel [id: 0x007e0974, L:/127.0.0.1:56617 - R:/127.0.0.1:4723] for POST &apos;/wd/hub/session/7ae98af1-f0c4-48bb-82e0-609d7d4c050b/element&apos;
&amp;#27;[35m[HTTP]&amp;#27;[39m &amp;#27;[37m--&gt;&amp;#27;[39m &amp;#27;[37mPOST&amp;#27;[39m &amp;#27;[37m/wd/hub/session/7ae98af1-f0c4-48bb-82e0-609d7d4c050b/element&amp;#27;[39m
&amp;#27;[35m[HTTP]&amp;#27;[39m &amp;#27;[90m{&quot;using&quot;:&quot;id&quot;,&quot;value&quot;:&quot;com.example.android.testing.notes.mock:id/fab_add_notes&quot;}&amp;#27;[39m
[debug] &amp;#27;[35m[W3C (7ae98af1)]&amp;#27;[39m Calling AppiumDriver.findElement() with args: [&quot;id&quot;,&quot;com.example.android.testing.notes.mock:id/fab_add_notes&quot;,&quot;7ae98af1-f0c4-48bb-82e0-609d7d4c050b&quot;]
[debug] &amp;#27;[35m[BaseDriver]&amp;#27;[39m Valid locator strategies for this request: xpath, id, class name, accessibility id, css selector, -android uiautomator
[debug] &amp;#27;[35m[BaseDriver]&amp;#27;[39m Waiting up to 0 ms for condition
[debug] &amp;#27;[35m[WD Proxy]&amp;#27;[39m Matched &apos;/element&apos; to command name &apos;findElement&apos;
[debug] &amp;#27;[35m[WD Proxy]&amp;#27;[39m Proxying [POST /element] to [POST http://127.0.0.1:8200/wd/hub/session/015791bc-716d-4afa-9c1f-c27f676dbeb8/element] with body: {&quot;strategy&quot;:&quot;id&quot;,&quot;selector&quot;:&quot;com.example.android.testing.notes.mock:id/fab_add_notes&quot;,&quot;context&quot;:&quot;&quot;,&quot;multiple&quot;:false}
[debug] &amp;#27;[35m[WD Proxy]&amp;#27;[39m Got response with status 200: {&quot;sessionId&quot;:&quot;015791bc-716d-4afa-9c1f-c27f676dbeb8&quot;,&quot;value&quot;:{&quot;ELEMENT&quot;:&quot;00000000-0000-1bed-ffff-ffff000000aa&quot;,&quot;element-6066-11e4-a52e-4f735466cecf&quot;:&quot;00000000-0000-1bed-ffff-ffff000000aa&quot;}}
[debug] &amp;#27;[35m[W3C (7ae98af1)]&amp;#27;[39m Responding to client with driver.findElemen09:54:50.564 [AsyncHttpClient-1-2] DEBUG org.asynchttpclient.netty.handler.HttpHandler - 

Request DefaultHttpRequest(decodeResult: success, version: HTTP/1.1)
POST /wd/hub/session/7ae98af1-f0c4-48bb-82e0-609d7d4c050b/element HTTP/1.1
User-Agent: selenium/4.5.0 (java windows)
Content-Length: 94
Content-Type: application/json; charset=utf-8
host: 0.0.0.0:4723
accept: */*

Response DefaultHttpResponse(decodeResult: success, version: HTTP/1.1)
HTTP/1.1 200 OK
X-Powered-By: Express
Vary: X-HTTP-Method-Override
Content-Type: application/json; charset=utf-8
ETag: W/&quot;89-yVYd9hruT7W08tH4v/aliFo0TV4&quot;
Date: Fri, 02 Dec 2022 04:24:50 GMT
Connection: keep-alive
Keep-Alive: timeout=600
content-length: 137

t() result: {&quot;element-6066-11e4-a52e-4f735466cecf&quot;:&quot;00000000-0000-1bed-ffff-ffff000000aa&quot;,&quot;ELEMENT&quot;:&quot;00000000-0000-1bed-ffff-ffff000000aa&quot;}
09:54:50.565 [AsyncHttpClient-1-2] DEBUG org.asynchttpclient.netty.channel.ChannelManager - Adding key: http://0.0.0.0:4723 for channel [id: 0x007e0974, L:/127.0.0.1:56617 - R:/127.0.0.1:4723]
&amp;#27;[35m[HTTP]&amp;#27;[39m &amp;#27;[37m&lt;-- POST /wd/hub/session/7ae98af1-f0c4-48bb-82e0-609d7d4c050b/element &amp;#27;[39m&amp;#27;[32m200&amp;#27;[39m &amp;#27;[90m53 ms - 137&amp;#27;[39m
&amp;#27;[35m[HTTP]&amp;#27;[39m &amp;#27;[90m&amp;#27;[39m
09:54:50.566 [Forwarding isElementEnabled on session 7ae98af1-f0c4-48bb-82e0-609d7d4c050b to remote] DEBUG org.asynchttpclient.netty.request.NettyRequestSender - Using pooled Channel &apos;[id: 0x007e0974, L:/127.0.0.1:56617 - R:/127.0.0.1:4723]&apos; for &apos;GET&apos; to &apos;http://0.0.0.0:4723/wd/hub/session/7ae98af1-f0c4-48bb-82e0-609d7d4c050b/element/00000000-0000-1bed-ffff-ffff000000aa/enabled&apos;
09:54:50.566 [Forwarding isElementEnabled on session 7ae98af1-f0c4-48bb-82e0-609d7d4c050b to remote] DEBUG org.asynchttpclient.netty.request.NettyRequestSender - Using open Channel [id: 0x007e0974, L:/127.0.0.1:56617 - R:/127.0.0.1:4723] for GET &apos;/wd/hub/session/7ae98af1-f0c4-48bb-82e0-609d7d4c050b/element/00000000-0000-1bed-ffff-ffff000000aa/enabled&apos;
&amp;#27;[35m[HTTP]&amp;#27;[39m &amp;#27;[37m--&gt;&amp;#27;[39m &amp;#27;[37mGET&amp;#27;[39m &amp;#27;[37m/wd/hub/session/7ae98af1-f0c4-48bb-82e0-609d7d4c050b/element/00000000-0000-1bed-ffff-ffff000000aa/enabled&amp;#27;[39m
&amp;#27;[35m[HTTP]&amp;#27;[39m &amp;#27;[90m{}&amp;#27;[39m
[debug] &amp;#27;[35m[W3C (7ae98af1)]&amp;#27;[39m Calling AppiumDriver.elementEnabled() with args: [&quot;00000000-0000-1bed-ffff-ffff000000aa&quot;,&quot;7ae98af1-f0c4-48bb-82e0-609d7d4c050b&quot;]
[debug] &amp;#27;[35m[WD Proxy]&amp;#27;[39m Matched &apos;/element/00000000-0000-1bed-ffff-ffff000000aa/attribute/enabled&apos; to command name &apos;getAttribute&apos;
[debug] &amp;#27;[35m[WD Proxy]&amp;#27;[39m Proxying [GET /element/00000000-0000-1bed-ffff-ffff000000aa/attribute/enabled] to [GET http://127.0.0.1:8200/wd/hub/session/015791bc-716d-4afa-9c1f-c27f676dbeb8/element/00000000-0000-1bed-ffff-ffff000000aa/attribute/enabled] with no body
[debug] &amp;#27;[35m[WD Proxy]&amp;#27;[39m Got response with status 200: {&quot;sessionId&quot;:&quot;015791bc-716d-4afa-9c1f-c27f676dbeb8&quot;,&quot;value&quot;:&quot;true&quot;}
[debug] &amp;#27;[35m[W3C (7ae98af1)]&amp;#27;[39m Responding to client with driver.elementEnabled() result: true
09:54:50.617 [AsyncHttpClient-1-2] DEBUG org.asynchttpclient.netty.handler.HttpHandler - 

Request DefaultFullHttpRequest(decodeResult: success, version: HTTP/1.1, content: EmptyByteBufBE)
GET /wd/hub/session/7ae98af1-f0c4-48bb-82e0-609d7d4c050b/element/00000000-0000-1bed-ffff-ffff000000aa/enabled HTTP/1.1
User-Agent: selenium/4.5.0 (java windows)
Cache-Control: no-cache
Content-Type: application/json; charset=utf-8
host: 0.0.0.0:4723
accept: */*

Response DefaultHttpResponse(decodeResult: success, version: HTTP/1.1)
HTTP/1.1 200 OK
X-Powered-By: Express
Content-Type: application/json; charset=utf-8
ETag: W/&quot;e-2ZHvAWebNQpyjGZTg6uyV8/spTo&quot;
Date: Fri, 02 Dec 2022 04:24:50 GMT
Connection: keep-alive
Keep-Alive: timeout=600
content-length: 14

&amp;#27;[35m[HTTP]&amp;#27;[39m &amp;#27;[37m&lt;-- GET /wd/hub/session/7ae98af1-f0c4-48bb-82e0-609d7d4c050b/element/00000000-0000-1bed-ffff-ffff000000aa/enabled &amp;#27;[39m&amp;#27;[32m200&amp;#27;[39m &amp;#27;[90m48 ms - 14&amp;#27;[39m
09:54:50.617 [AsyncHttpClient-1-2] DEBUG org.asynchttpclient.netty.channel.ChannelManager - Adding key: http://0.0.0.0:4723 for channel [id: 0x007e0974, L:/127.0.0.1:56617 - R:/127.0.0.1:4723]
&amp;#27;[35m[HTTP]&amp;#27;[39m &amp;#27;[90m&amp;#27;[39m
09:54:50.620 [Forwarding findElement on session 7ae98af1-f0c4-48bb-82e0-609d7d4c050b to remote] DEBUG org.asynchttpclient.netty.request.NettyRequestSender - Using pooled Channel &apos;[id: 0x007e0974, L:/127.0.0.1:56617 - R:/127.0.0.1:4723]&apos; for &apos;POST&apos; to &apos;http://0.0.0.0:4723/wd/hub/session/7ae98af1-f0c4-48bb-82e0-609d7d4c050b/element&apos;
09:54:50.620 [Forwarding findElement on session 7ae98af1-f0c4-48bb-82e0-609d7d4c050b to remote] DEBUG org.asynchttpclient.netty.request.NettyRequestSender - Using open Channel [id: 0x007e0974, L:/127.0.0.1:56617 - R:/127.0.0.1:4723] for POST &apos;/wd/hub/session/7ae98af1-f0c4-48bb-82e0-609d7d4c050b/element&apos;
&amp;#27;[35m[HTTP]&amp;#27;[39m &amp;#27;[37m--&gt;&amp;#27;[39m &amp;#27;[37mPOST&amp;#27;[39m &amp;#27;[37m/wd/hub/session/7ae98af1-f0c4-48bb-82e0-609d7d4c050b/element&amp;#27;[39m
&amp;#27;[35m[HTTP]&amp;#27;[39m &amp;#27;[90m{&quot;using&quot;:&quot;id&quot;,&quot;value&quot;:&quot;com.example.android.testing.notes.mock:id/fab_add_notes&quot;}&amp;#27;[39m
[debug] &amp;#27;[35m[W3C (7ae98af1)]&amp;#27;[39m Calling AppiumDriver.findElement() with args: [&quot;id&quot;,&quot;com.example.android.testing.notes.mock:id/fab_add_notes&quot;,&quot;7ae98af1-f0c4-48bb-82e0-609d7d4c050b&quot;]
[debug] &amp;#27;[35m[BaseDriver]&amp;#27;[39m Valid locator strategies for this request: xpath, id, class name, accessibility id, css selector, -android uiautomator
[debug] &amp;#27;[35m[BaseDriver]&amp;#27;[39m Waiting up to 0 ms for condition
[debug] &amp;#27;[35m[WD Proxy]&amp;#27;[39m Matched &apos;/element&apos; to command name &apos;findElement&apos;
[debug] &amp;#27;[35m[WD Proxy]&amp;#27;[39m Proxying [POST /element] to [POST http://127.0.0.1:8200/wd/hub/session/015791bc-716d-4afa-9c1f-c27f676dbeb8/element] with body: {&quot;strategy&quot;:&quot;id&quot;,&quot;selector&quot;:&quot;com.example.android.testing.notes.mock:id/fab_add_notes&quot;,&quot;context&quot;:&quot;&quot;,&quot;multiple&quot;:false}
[debug] &amp;#27;[35m[WD Proxy]&amp;#27;[39m Got response with status 200: {&quot;sessionId&quot;:&quot;015791bc-716d-4afa-9c1f-c27f676dbeb8&quot;,&quot;value&quot;:{&quot;ELEMENT&quot;:&quot;00000000-0000-1bed-ffff-ffff000000aa&quot;,&quot;element-6066-11e4-a52e-4f735466cecf&quot;:&quot;00000000-0000-1bed-ffff-ffff000000aa&quot;}}
[debug] &amp;#27;[35m[W3C (7ae98af1)]&amp;#27;[39m Responding to client with driver.findElement() result: {&quot;element-6066-11e4-a52e-4f73546609:54:50.684 [AsyncHttpClient-1-2] DEBUG org.asynchttpclient.netty.handler.HttpHandler - 

Request DefaultHttpRequest(decodeResult: success, version: HTTP/1.1)
POST /wd/hub/session/7ae98af1-f0c4-48bb-82e0-609d7d4c050b/element HTTP/1.1
User-Agent: selenium/4.5.0 (java windows)
Content-Length: 94
Content-Type: application/json; charset=utf-8
host: 0.0.0.0:4723
accept: */*

Response DefaultHttpResponse(decodeResult: success, version: HTTP/1.1)
HTTP/1.1 200 OK
X-Powered-By: Express
Vary: X-HTTP-Method-Override
Content-Type: application/json; charset=utf-8
ETag: W/&quot;89-yVYd9hruT7W08tH4v/aliFo0TV4&quot;
Date: Fri, 02 Dec 2022 04:24:50 GMT
Connection: keep-alive
Keep-Alive: timeout=600
content-length: 137

cecf&quot;:&quot;00000000-0000-1bed-ffff-ffff000000aa&quot;,&quot;ELEMENT&quot;:&quot;00000000-0000-1bed-ffff-ffff000000aa&quot;}
09:54:50.684 [AsyncHttpClient-1-2] DEBUG org.asynchttpclient.netty.channel.ChannelManager - Adding key: http://0.0.0.0:4723 for channel [id: 0x007e0974, L:/127.0.0.1:56617 - R:/127.0.0.1:4723]
&amp;#27;[35m[HTTP]&amp;#27;[39m &amp;#27;[37m&lt;-- POST /wd/hub/session/7ae98af1-f0c4-48bb-82e0-609d7d4c050b/element &amp;#27;[39m&amp;#27;[32m200&amp;#27;[39m &amp;#27;[90m62 ms - 137&amp;#27;[39m
&amp;#27;[35m[HTTP]&amp;#27;[39m &amp;#27;[90m&amp;#27;[39m
09:54:50.686 [Forwarding clickElement on session 7ae98af1-f0c4-48bb-82e0-609d7d4c050b to remote] DEBUG org.asynchttpclient.netty.request.NettyRequestSender - Using pooled Channel &apos;[id: 0x007e0974, L:/127.0.0.1:56617 - R:/127.0.0.1:4723]&apos; for &apos;POST&apos; to &apos;http://0.0.0.0:4723/wd/hub/session/7ae98af1-f0c4-48bb-82e0-609d7d4c050b/element/00000000-0000-1bed-ffff-ffff000000aa/click&apos;
09:54:50.686 [Forwarding clickElement on session 7ae98af1-f0c4-48bb-82e0-609d7d4c050b to remote] DEBUG org.asynchttpclient.netty.request.NettyRequestSender - Using open Channel [id: 0x007e0974, L:/127.0.0.1:56617 - R:/127.0.0.1:4723] for POST &apos;/wd/hub/session/7ae98af1-f0c4-48bb-82e0-609d7d4c050b/element/00000000-0000-1bed-ffff-ffff000000aa/click&apos;
&amp;#27;[35m[HTTP]&amp;#27;[39m &amp;#27;[37m--&gt;&amp;#27;[39m &amp;#27;[37mPOST&amp;#27;[39m &amp;#27;[37m/wd/hub/session/7ae98af1-f0c4-48bb-82e0-609d7d4c050b/element/00000000-0000-1bed-ffff-ffff000000aa/click&amp;#27;[39m
&amp;#27;[35m[HTTP]&amp;#27;[39m &amp;#27;[90m{&quot;id&quot;:&quot;00000000-0000-1bed-ffff-ffff000000aa&quot;}&amp;#27;[39m
[debug] &amp;#27;[35m[W3C (7ae98af1)]&amp;#27;[39m Calling AppiumDriver.click() with args: [&quot;00000000-0000-1bed-ffff-ffff000000aa&quot;,&quot;7ae98af1-f0c4-48bb-82e0-609d7d4c050b&quot;]
[debug] &amp;#27;[35m[WD Proxy]&amp;#27;[39m Matched &apos;/element/00000000-0000-1bed-ffff-ffff000000aa/click&apos; to command name &apos;click&apos;
[debug] &amp;#27;[35m[WD Proxy]&amp;#27;[39m Proxying [POST /element/00000000-0000-1bed-ffff-ffff000000aa/click] to [POST http://127.0.0.1:8200/wd/hub/session/015791bc-716d-4afa-9c1f-c27f676dbeb8/element/00000000-0000-1bed-ffff-ffff000000aa/click] with body: {&quot;element&quot;:&quot;00000000-0000-1bed-ffff-ffff000000aa&quot;}
[debug] &amp;#27;[35m[WD Proxy]&amp;#27;[39m Got response with status 200: {&quot;sessionId&quot;:&quot;015791bc-716d-4afa-9c1f-c27f676dbeb8&quot;,&quot;value&quot;:null}
[debug] &amp;#27;[35m[W3C (7ae98af1)]&amp;#27;[39m Responding to client with driver.click() result: null
09:54:50.758 [AsyncHttpClient-1-2] DEBUG org.asynchttpclient.netty.handler.HttpHandler - 

Request DefaultHttpRequest(decodeResult: success, version: HTTP/1.1)
POST /wd/hub/session/7ae98af1-f0c4-48bb-82e0-609d7d4c050b/element/00000000-0000-1bed-ffff-ffff000000aa/click HTTP/1.1
User-Agent: selenium/4.5.0 (java windows)
Content-Length: 50
Content-Type: application/json; charset=utf-8
host: 0.0.0.0:4723
accept: */*

Response DefaultHttpResponse(decodeResult: success, version: HTTP/1.1)
HTTP/1.1 200 OK
X-Powered-By: Express
Vary: X-HTTP-Method-Override
Content-Type: application/json; charset=utf-8
ETag: W/&quot;e-9/1BuKMgFObM1mWJm+YjxtXJnUM&quot;
Date: Fri, 02 Dec 2022 04:24:50 GMT
Connection: keep-alive
Keep-Alive: timeout=600
content-length: 14

&amp;#27;[35m[HTTP]&amp;#27;[39m &amp;#27;[37m&lt;-- POST /wd/hub/session/7ae98af1-f0c4-48bb-82e0-609d7d4c050b/element/00000000-0000-1bed-ffff-ffff000000aa/click 09:54:50.759 [AsyncHttpClient-1-2] DEBUG org.asynchttpclient.netty.channel.ChannelManager - Adding key: http://0.0.0.0:4723 for channel [id: 0x007e0974, L:/127.0.0.1:56617 - R:/127.0.0.1:4723]
&amp;#27;[39m&amp;#27;[32m200&amp;#27;[39m &amp;#27;[90m70 ms - 14&amp;#27;[39m
&amp;#27;[35m[HTTP]&amp;#27;[39m &amp;#27;[90m&amp;#27;[39m
  &amp;#27;[32mWhen &amp;#27;[0m&amp;#27;[32mI add Note with &amp;#27;[0m&amp;#27;[32m&amp;#27;[1m&quot;testTitle3&quot;&amp;#27;[0m&amp;#27;[32m and &amp;#27;[0m&amp;#27;[32m&amp;#27;[1m&quot;file:largetextFile.txt&quot;&amp;#27;[0m    &amp;#27;[90m# com.example.cocusmobiletest.stepdefinitions.NewNoteStepdefs.I_add_Note_with_and(java.lang.String,java.lang.String)&amp;#27;[0m
09:54:50.761 [Forwarding findElement on session 7ae98af1-f0c4-48bb-82e0-609d7d4c050b to remote] DEBUG org.asynchttpclient.netty.request.NettyRequestSender - Using pooled Channel &apos;[id: 0x007e0974, L:/127.0.0.1:56617 - R:/127.0.0.1:4723]&apos; for &apos;POST&apos; to &apos;http://0.0.0.0:4723/wd/hub/session/7ae98af1-f0c4-48bb-82e0-609d7d4c050b/element&apos;
09:54:50.761 [Forwarding findElement on session 7ae98af1-f0c4-48bb-82e0-609d7d4c050b to remote] DEBUG org.asynchttpclient.netty.request.NettyRequestSender - Using open Channel [id: 0x007e0974, L:/127.0.0.1:56617 - R:/127.0.0.1:4723] for POST &apos;/wd/hub/session/7ae98af1-f0c4-48bb-82e0-609d7d4c050b/element&apos;
&amp;#27;[35m[HTTP]&amp;#27;[39m &amp;#27;[37m--&gt;&amp;#27;[39m &amp;#27;[37mPOST&amp;#27;[39m &amp;#27;[37m/wd/hub/session/7ae98af1-f0c4-48bb-82e0-609d7d4c050b/element&amp;#27;[39m
&amp;#27;[35m[HTTP]&amp;#27;[39m &amp;#27;[90m{&quot;using&quot;:&quot;id&quot;,&quot;value&quot;:&quot;com.example.android.testing.notes.mock:id/fab_add_notes&quot;}&amp;#27;[39m
[debug] &amp;#27;[35m[W3C (7ae98af1)]&amp;#27;[39m Calling AppiumDriver.findElement() with args: [&quot;id&quot;,&quot;com.example.android.testing.notes.mock:id/fab_add_notes&quot;,&quot;7ae98af1-f0c4-48bb-82e0-609d7d4c050b&quot;]
[debug] &amp;#27;[35m[BaseDriver]&amp;#27;[39m Valid locator strategies for this request: xpath, id, class name, accessibility id, css selector, -android uiautomator
[debug] &amp;#27;[35m[BaseDriver]&amp;#27;[39m Waiting up to 0 ms for condition
[debug] &amp;#27;[35m[WD Proxy]&amp;#27;[39m Matched &apos;/element&apos; to command name &apos;findElement&apos;
[debug] &amp;#27;[35m[WD Proxy]&amp;#27;[39m Proxying [POST /element] to [POST http://127.0.0.1:8200/wd/hub/session/015791bc-716d-4afa-9c1f-c27f676dbeb8/element] with body: {&quot;strategy&quot;:&quot;id&quot;,&quot;selector&quot;:&quot;com.example.android.testing.notes.mock:id/fab_add_notes&quot;,&quot;context&quot;:&quot;&quot;,&quot;multiple&quot;:false}
&amp;#27;[35m[WD Proxy]&amp;#27;[39m Got response with status 404: {&quot;sessionId&quot;:&quot;015791bc-716d-4afa-9c1f-c27f676dbeb8&quot;,&quot;value&quot;:{&quot;error&quot;:&quot;no such element&quot;,&quot;message&quot;:&quot;An element could not be located on the page using the given search parameters&quot;,&quot;stacktrace&quot;:&quot;io.appium.uiautomator2.common.exceptions.ElementNotFoundException: An element could not be located on the page using the given search parameters\n\tat io.appium.uiautomator2.handler.FindElement.safeHandle(FindElement.java:70)\n\tat io.appium.uiautomator2.handler.request.SafeRequestHandler.handle(SafeRequestHandler.java:59)\n\tat io.appium.uiautomator2.server.AppiumServlet.handleRequest(AppiumServlet.java:266)\n\tat io.appium.uiautomator2.server.AppiumServlet.handleHttpRequest(AppiumServlet.java:260)\n\tat io.appium.uiautomator09:54:50.890 [AsyncHttpClient-1-2] DEBUG org.asynchttpclient.netty.handler.HttpHandler - 

Request DefaultHttpRequest(decodeResult: success, version: HTTP/1.1)
POST /wd/hub/session/7ae98af1-f0c4-48bb-82e0-609d7d4c050b/element HTTP/1.1
User-Agent: selenium/4.5.0 (java windows)
Content-Length: 94
Content-Type: application/json; charset=utf-8
host: 0.0.0.0:4723
accept: */*

Response DefaultHttpResponse(decodeResult: success, version: HTTP/1.1)
HTTP/1.1 404 Not Found
X-Powered-By: Express
Vary: X-HTTP-Method-Override
Content-Type: application/json; charset=utf-8
ETag: W/&quot;370-dTE2jiWDUpBVgBRiqETyupcduWo&quot;
Date: Fri, 02 Dec 2022 04:24:50 GMT
Connection: keep-alive
Keep-Alive: timeout=600
content-length: 880

2.http.ServerHandler.channelRead(ServerHandler.java:68)\n\tat io.netty.channel.AbstractChannelHandlerContext.invokeChannelRead(AbstractChannelH09:54:50.891 [AsyncHttpClient-1-2] DEBUG org.asynchttpclient.netty.channel.ChannelManager - Adding key: http://0.0.0.0:4723 for channel [id: 0x007e0974, L:/127.0.0.1:56617 - R:/127.0.0.1:4723]
andlerContext.java:366)\n\tat io.netty.channel.AbstractChannelHandlerContext.invokeChannelRead(AbstractChannelHandlerContext.java:352)\n\tat io.netty.chann...
[debug] &amp;#27;[35m[W3C]&amp;#27;[39m Matched W3C error code &apos;no such element&apos; to NoSuchElementError
[debug] &amp;#27;[35m[W3C (7ae98af1)]&amp;#27;[39m Encountered internal error running command: NoSuchElementError: An element could not be located on the page using the given search parameters.
[debug] &amp;#27;[35m[W3C (7ae98af1)]&amp;#27;[39m     at AndroidUiautomator2Driver.findElOrEls (C:\Users\manis\AppData\Roaming\npm\node_modules\appium\node_modules\appium-android-driver\lib\commands\find.js:75:11)
[debug] &amp;#27;[35m[W3C (7ae98af1)]&amp;#27;[39m     at processTicksAndRejections (node:internal/process/task_queues:95:5)
[debug] &amp;#27;[35m[W3C (7ae98af1)]&amp;#27;[39m     at AndroidUiautomator2Driver.findElOrElsWithProcessing (C:\Users\manis\AppData\Roaming\npm\node_modules\appium\node_modules\appium-base-driver\lib\basedriver\commands\find.js:33:12)
[debug] &amp;#27;[35m[W3C (7ae98af1)]&amp;#27;[39m     at AndroidUiautomator2Driver.findElement (C:\Users\manis\AppData\Roaming\npm\node_modules\appium\node_modules\appium-base-driver\lib\basedriver\commands\find.js:53:10)
&amp;#27;[35m[HTTP]&amp;#27;[39m &amp;#27;[37m&lt;-- POST /wd/hub/session/7ae98af1-f0c4-48bb-82e0-609d7d4c050b/element &amp;#27;[39m&amp;#27;[33m404&amp;#27;[39m &amp;#27;[90m126 ms - 880&amp;#27;[39m
&amp;#27;[35m[HTTP]&amp;#27;[39m &amp;#27;[90m&amp;#27;[39m
09:54:51.402 [Forwarding findElement on session 7ae98af1-f0c4-48bb-82e0-609d7d4c050b to remote] DEBUG org.asynchttpclient.netty.request.NettyRequestSender - Using pooled Channel &apos;[id: 0x007e0974, L:/127.0.0.1:56617 - R:/127.0.0.1:4723]&apos; for &apos;POST&apos; to &apos;http://0.0.0.0:4723/wd/hub/session/7ae98af1-f0c4-48bb-82e0-609d7d4c050b/element&apos;
09:54:51.402 [Forwarding findElement on session 7ae98af1-f0c4-48bb-82e0-609d7d4c050b to remote] DEBUG org.asynchttpclient.netty.request.NettyRequestSender - Using open Channel [id: 0x007e0974, L:/127.0.0.1:56617 - R:/127.0.0.1:4723] for POST &apos;/wd/hub/session/7ae98af1-f0c4-48bb-82e0-609d7d4c050b/element&apos;
&amp;#27;[35m[HTTP]&amp;#27;[39m &amp;#27;[37m--&gt;&amp;#27;[39m &amp;#27;[37mPOST&amp;#27;[39m &amp;#27;[37m/wd/hub/session/7ae98af1-f0c4-48bb-82e0-609d7d4c050b/element&amp;#27;[39m
&amp;#27;[35m[HTTP]&amp;#27;[39m &amp;#27;[90m{&quot;using&quot;:&quot;id&quot;,&quot;value&quot;:&quot;com.example.android.testing.notes.mock:id/fab_add_notes&quot;}&amp;#27;[39m
[debug] &amp;#27;[35m[W3C (7ae98af1)]&amp;#27;[39m Calling AppiumDriver.findElement() with args: [&quot;id&quot;,&quot;com.example.android.testing.notes.mock:id/fab_add_notes&quot;,&quot;7ae98af1-f0c4-48bb-82e0-609d7d4c050b&quot;]
[debug] &amp;#27;[35m[BaseDriver]&amp;#27;[39m Valid locator strategies for this request: xpath, id, class name, accessibility id, css selector, -android uiautomator
[debug] &amp;#27;[35m[BaseDriver]&amp;#27;[39m Waiting up to 0 ms for condition
[debug] &amp;#27;[35m[WD Proxy]&amp;#27;[39m Matched &apos;/element&apos; to command name &apos;findElement&apos;
[debug] &amp;#27;[35m[WD Proxy]&amp;#27;[39m Proxying [POST /element] to [POST http://127.0.0.1:8200/wd/hub/session/015791bc-716d-4afa-9c1f-c27f676dbeb8/element] with body: {&quot;strategy&quot;:&quot;id&quot;,&quot;selector&quot;:&quot;com.example.android.testing.notes.mock:id/fab_add_notes&quot;,&quot;context&quot;:&quot;&quot;,&quot;multiple&quot;:false}
[debug] &amp;#27;[35m[WD Proxy]&amp;#27;[39m Got response with status 200: {&quot;sessionId&quot;:&quot;015791bc-716d-4afa-9c1f-c27f676dbeb8&quot;,&quot;value&quot;:{&quot;ELEMENT&quot;:&quot;00000000-0000-1be8-ffff-ffff00000010&quot;,&quot;element-6066-11e4-a52e-4f735466cecf&quot;:&quot;00000000-0000-1be8-ffff-ffff00000010&quot;}}
09:54:52.993 [AsyncHttpClient-1-2] DEBUG org.asynchttpclient.netty.handler.HttpHandler - 

Request DefaultHttpRequest(decodeResult: success, version: HTTP/1.1)
POST /wd/hub/session/7ae98af1-f0c4-48bb-82e0-609d7d4c050b/element HTTP/1.1
User-Agent: selenium/4.5.0 (java windows)
Content-Length: 94
Content-Type: application/json; charset=utf-8
host: 0.0.0.0:4723
accept: */*

Response DefaultHttpResponse(decodeResult: success, version: HTTP/1.1)
HTTP/1.1 200 OK
X-Powered-By: Express
Vary: X-HTTP-Method-Override
Content-Type: application/json; charset=utf-8
ETag: W/&quot;89-oQm3nrL1RYeXqm5ocWoT1mIo5O0&quot;
Date: Fri, 02 Dec 2022 04:24:52 GMT
Connection: keep-alive
Keep-Alive: timeout=600
content-length: 137

[debug] &amp;#27;[35m[W3C (7ae98af1)]&amp;#27;[39m Responding to client with driver.findElement() resul09:54:52.994 [AsyncHttpClient-1-2] DEBUG org.asynchttpclient.netty.channel.ChannelManager - Adding key: http://0.0.0.0:4723 for channel [id: 0x007e0974, L:/127.0.0.1:56617 - R:/127.0.0.1:4723]
t: {&quot;element-6066-11e4-a52e-4f735466cecf&quot;:&quot;00000000-0000-1be8-ffff-ffff00000010&quot;,&quot;ELEMENT&quot;:&quot;00000000-0000-1be8-ffff-ffff00000010&quot;}
&amp;#27;[35m[HTTP]&amp;#27;[39m &amp;#27;[37m&lt;-- POST /wd/hub/session/7ae98af1-f0c4-48bb-82e0-609d7d4c050b/element &amp;#27;[39m&amp;#27;[32m200&amp;#27;[309:54:52.997 [Forwarding isElementDisplayed on session 7ae98af1-f0c4-48bb-82e0-609d7d4c050b to remote] DEBUG org.asynchttpclient.netty.request.NettyRequestSender - Using pooled Channel &apos;[id: 0x007e0974, L:/127.0.0.1:56617 - R:/127.0.0.1:4723]&apos; for &apos;GET&apos; to &apos;http://0.0.0.0:4723/wd/hub/session/7ae98af1-f0c4-48bb-82e0-609d7d4c050b/element/00000000-0000-1be8-ffff-ffff00000010/displayed&apos;
9m &amp;#27;[90m1588 ms - 137&amp;#27;[39m
&amp;#27;[35m[HTTP]&amp;#27;[39m &amp;#27;[90m09:54:52.997 [Forwarding isElementDisplayed on session 7ae98af1-f0c4-48bb-82e0-609d7d4c050b to remote] DEBUG org.asynchttpclient.netty.request.NettyRequestSender - Using open Channel [id: 0x007e0974, L:/127.0.0.1:56617 - R:/127.0.0.1:4723] for GET &apos;/wd/hub/session/7ae98af1-f0c4-48bb-82e0-609d7d4c050b/element/00000000-0000-1be8-ffff-ffff00000010/displayed&apos;
&amp;#27;[39m
&amp;#27;[35m[HTTP]&amp;#27;[39m &amp;#27;[37m--&gt;&amp;#27;[39m &amp;#27;[37mGET&amp;#27;[39m &amp;#27;[37m/wd/hub/session/7ae98af1-f0c4-48bb-82e0-609d7d4c050b/element/00000000-0000-1be8-ffff-ffff00000010/displayed&amp;#27;[39m
&amp;#27;[35m[HTTP]&amp;#27;[39m &amp;#27;[90m{}&amp;#27;[39m
[debug] &amp;#27;[35m[W3C (7ae98af1)]&amp;#27;[39m Calling AppiumDriver.elementDisplayed() with args: [&quot;00000000-0000-1be8-ffff-ffff00000010&quot;,&quot;7ae98af1-f0c4-48bb-82e0-609d7d4c050b&quot;]
[debug] &amp;#27;[35m[WD Proxy]&amp;#27;[39m Matched &apos;/element/00000000-0000-1be8-ffff-ffff00000010/attribute/displayed&apos; to command name &apos;getAttribute&apos;
[debug] &amp;#27;[35m[WD Proxy]&amp;#27;[39m Proxying [GET /element/00000000-0000-1be8-ffff-ffff00000010/attribute/displayed] to [GET http://127.0.0.1:8200/wd/hub/session/015791bc-716d-4afa-9c1f-c27f676dbeb8/element/00000000-0000-1be8-ffff-ffff00000010/attribute/displayed] with no body
[debug] &amp;#27;[35m[WD Proxy]&amp;#27;[39m Got response with status 200: {&quot;sessionId&quot;:&quot;015791bc-716d-4afa-9c1f-c27f676dbeb8&quot;,&quot;value&quot;:&quot;true&quot;}
[debug] &amp;#27;[35m[W3C (7ae98af1)]&amp;#27;[39m Responding to client with driver.elementDisplayed() result: true
&amp;#27;09:54:53.028 [AsyncHttpClient-1-2] DEBUG org.asynchttpclient.netty.handler.HttpHandler - 

Request DefaultFullHttpRequest(decodeResult: success, version: HTTP/1.1, content: EmptyByteBufBE)
GET /wd/hub/session/7ae98af1-f0c4-48bb-82e0-609d7d4c050b/element/00000000-0000-1be8-ffff-ffff00000010/displayed HTTP/1.1
User-Agent: selenium/4.5.0 (java windows)
Cache-Control: no-cache
Content-Type: application/json; charset=utf-8
host: 0.0.0.0:4723
accept: */*

Response DefaultHttpResponse(decodeResult: success, version: HTTP/1.1)
HTTP/1.1 200 OK
X-Powered-By: Express
Content-Type: application/json; charset=utf-8
ETag: W/&quot;e-2ZHvAWebNQpyjGZTg6uyV8/spTo&quot;
Date: Fri, 02 Dec 2022 04:24:53 GMT
Connection: keep-alive
Keep-Alive: timeout=600
content-length: 14

[35m[HTTP]&amp;#27;[39m &amp;#27;[37m&lt;-- GET /wd/hub/session09:54:53.029 [AsyncHttpClient-1-2] DEBUG org.asynchttpclient.netty.channel.ChannelManager - Adding key: http://0.0.0.0:4723 for channel [id: 0x007e0974, L:/127.0.0.1:56617 - R:/127.0.0.1:4723]
/7ae98af1-f0c4-48bb-82e0-609d7d4c050b/element/00000000-0000-1be8-ffff-ffff00000010/displayed &amp;#27;[39m&amp;#27;[32m200&amp;#27;[39m &amp;#27;[90m30 ms - 14&amp;#27;[39m
&amp;#27;[35m[HTTP]&amp;#27;[39m &amp;#27;[90m&amp;#27;[39m
09:54:53.030 [Forwarding findElement on session 7ae98af1-f0c4-48bb-82e0-609d7d4c050b to remote] DEBUG org.asynchttpclient.netty.request.NettyRequestSender - Using pooled Channel &apos;[id: 0x007e0974, L:/127.0.0.1:56617 - R:/127.0.0.1:4723]&apos; for &apos;POST&apos; to &apos;http://0.0.0.0:4723/wd/hub/session/7ae98af1-f0c4-48bb-82e0-609d7d4c050b/element&apos;
09:54:53.030 [Forwarding findElement on session 7ae98af1-f0c4-48bb-82e0-609d7d4c050b to remote] DEBUG org.asynchttpclient.netty.request.NettyRequestSender - Using open Channel [id: 0x007e0974, L:/127.0.0.1:56617 - R:/127.0.0.1:4723] for POST &apos;/wd/hub/session/7ae98af1-f0c4-48bb-82e0-609d7d4c050b/element&apos;
&amp;#27;[35m[HTTP]&amp;#27;[39m &amp;#27;[37m--&gt;&amp;#27;[39m &amp;#27;[37mPOST&amp;#27;[39m &amp;#27;[37m/wd/hub/session/7ae98af1-f0c4-48bb-82e0-609d7d4c050b/element&amp;#27;[39m
&amp;#27;[35m[HTTP]&amp;#27;[39m &amp;#27;[90m{&quot;using&quot;:&quot;id&quot;,&quot;value&quot;:&quot;com.example.android.testing.notes.mock:id/fab_add_notes&quot;}&amp;#27;[39m
[debug] &amp;#27;[35m[W3C (7ae98af1)]&amp;#27;[39m Calling AppiumDriver.findElement() with args: [&quot;id&quot;,&quot;com.example.android.testing.notes.mock:id/fab_add_notes&quot;,&quot;7ae98af1-f0c4-48bb-82e0-609d7d4c050b&quot;]
[debug] &amp;#27;[35m[BaseDriver]&amp;#27;[39m Valid locator strategies for this request: xpath, id, class name, accessibility id, css selector, -android uiautomator
[debug] &amp;#27;[35m[BaseDriver]&amp;#27;[39m Waiting up to 0 ms for condition
[debug] &amp;#27;[35m[WD Proxy]&amp;#27;[39m Matched &apos;/element&apos; to command name &apos;findElement&apos;
[debug] &amp;#27;[35m[WD Proxy]&amp;#27;[39m Proxying [POST /element] to [POST http://127.0.0.1:8200/wd/hub/session/015791bc-716d-4afa-9c1f-c27f676dbeb8/element] with body: {&quot;strategy&quot;:&quot;id&quot;,&quot;selector&quot;:&quot;com.example.android.testing.notes.mock:id/fab_add_notes&quot;,&quot;context&quot;:&quot;&quot;,&quot;multiple&quot;:false}
[debug] &amp;#27;[35m[WD Proxy]&amp;#27;[39m Got response with status 200: {&quot;sessionId&quot;:&quot;015791bc-716d-4afa-9c1f-c27f676dbeb8&quot;,&quot;value&quot;:{&quot;ELEMENT&quot;:&quot;00000000-0000-1be8-ffff-ffff00000010&quot;,&quot;element-6066-11e4-a52e-4f735466cecf&quot;:&quot;00000000-0000-1be8-ffff-ffff00000010&quot;}}
[debug] &amp;#27;[35m[W3C (7ae98af1)]&amp;#27;[39m Responding to client with driver.fin09:54:53.093 [AsyncHttpClient-1-2] DEBUG org.asynchttpclient.netty.handler.HttpHandler - 

Request DefaultHttpRequest(decodeResult: success, version: HTTP/1.1)
POST /wd/hub/session/7ae98af1-f0c4-48bb-82e0-609d7d4c050b/element HTTP/1.1
User-Agent: selenium/4.5.0 (java windows)
Content-Length: 94
Content-Type: application/json; charset=utf-8
host: 0.0.0.0:4723
accept: */*

Response DefaultHttpResponse(decodeResult: success, version: HTTP/1.1)
HTTP/1.1 200 OK
X-Powered-By: Express
Vary: X-HTTP-Method-Override
Content-Type: application/json; charset=utf-8
ETag: W/&quot;89-oQm3nrL1RYeXqm5ocWoT1mIo5O0&quot;
Date: Fri, 02 Dec 2022 04:24:53 GMT
Connection: keep-alive
Keep-Alive: timeout=600
content-length: 137

dElement() result: {&quot;element-6066-11e4-a52e-4f73509:54:53.093 [AsyncHttpClient-1-2] DEBUG org.asynchttpclient.netty.channel.ChannelManager - Adding key: http://0.0.0.0:4723 for channel [id: 0x007e0974, L:/127.0.0.1:56617 - R:/127.0.0.1:4723]
466cecf&quot;:&quot;00000000-0000-1be8-ffff-ffff00000010&quot;,&quot;ELEMENT&quot;:&quot;00000000-0000-1be8-ffff-ffff00000010&quot;}
&amp;#27;[35m[HTTP]&amp;#27;[39m &amp;#27;[37m&lt;-- POST /wd/hub/session/7ae98af1-f0c4-48bb-82e0-609d7d4c050b/element &amp;#27;[39m&amp;#27;[32m200&amp;#27;[39m &amp;#27;[90m62 ms - 13709:54:53.094 [Forwarding isElementEnabled on session 7ae98af1-f0c4-48bb-82e0-609d7d4c050b to remote] DEBUG org.asynchttpclient.netty.request.NettyRequestSender - Using pooled Channel &apos;[id: 0x007e0974, L:/127.0.0.1:56617 - R:/127.0.0.1:4723]&apos; for &apos;GET&apos; to &apos;http://0.0.0.0:4723/wd/hub/session/7ae98af1-f0c4-48bb-82e0-609d7d4c050b/element/00000000-0000-1be8-ffff-ffff00000010/enabled&apos;
&amp;#27;[39m
&amp;#27;[35m[09:54:53.094 [Forwarding isElementEnabled on session 7ae98af1-f0c4-48bb-82e0-609d7d4c050b to remote] DEBUG org.asynchttpclient.netty.request.NettyRequestSender - Using open Channel [id: 0x007e0974, L:/127.0.0.1:56617 - R:/127.0.0.1:4723] for GET &apos;/wd/hub/session/7ae98af1-f0c4-48bb-82e0-609d7d4c050b/element/00000000-0000-1be8-ffff-ffff00000010/enabled&apos;
HTTP]&amp;#27;[39m &amp;#27;[90m&amp;#27;[39m
&amp;#27;[35m[HTTP]&amp;#27;[39m &amp;#27;[37m--&gt;&amp;#27;[39m &amp;#27;[37mGET&amp;#27;[39m &amp;#27;[37m/wd/hub/session/7ae98af1-f0c4-48bb-82e0-609d7d4c050b/element/00000000-0000-1be8-ffff-ffff00000010/enabled&amp;#27;[39m
&amp;#27;[35m[HTTP]&amp;#27;[39m &amp;#27;[90m{}&amp;#27;[39m
[debug] &amp;#27;[35m[W3C (7ae98af1)]&amp;#27;[39m Calling AppiumDriver.elementEnabled() with args: [&quot;00000000-0000-1be8-ffff-ffff00000010&quot;,&quot;7ae98af1-f0c4-48bb-82e0-609d7d4c050b&quot;]
[debug] &amp;#27;[35m[WD Proxy]&amp;#27;[39m Matched &apos;/element/00000000-0000-1be8-ffff-ffff00000010/attribute/enabled&apos; to command name &apos;getAttribute&apos;
[debug] &amp;#27;[35m[WD Proxy]&amp;#27;[39m Proxying [GET /element/00000000-0000-1be8-ffff-ffff00000010/attribute/enabled] to [GET http://127.0.0.1:8200/wd/hub/session/015791bc-716d-4afa-9c1f-c27f676dbeb8/element/00000000-0000-1be8-ffff-ffff00000010/attribute/enabled] with no body
[debug] &amp;#27;[35m[WD Proxy]&amp;#27;[39m Got response with status 200: {&quot;sessionId&quot;:&quot;015791bc-716d-4afa-9c1f-c27f676dbeb8&quot;,&quot;value&quot;:&quot;true&quot;}
[debug] &amp;#27;[35m[W3C (7ae98af1)]&amp;#27;[39m Responding to client with driver.elementEnabled() result: true
09:54:53.109 [AsyncHttpClient-1-2] DEBUG org.asynchttpclient.netty.handler.HttpHandler - 

Request DefaultFullHttpRequest(decodeResult: success, version: HTTP/1.1, content: EmptyByteBufBE)
GET /wd/hub/session/7ae98af1-f0c4-48bb-82e0-609d7d4c050b/element/00000000-0000-1be8-ffff-ffff00000010/enabled HTTP/1.1
User-Agent: selenium/4.5.0 (java windows)
Cache-Control: no-cache
Content-Type: application/json; charset=utf-8
host: 0.0.0.0:4723
accept: */*

Response DefaultHttpResponse(decodeResult: success, version: HTTP/1.1)
HTTP/1.1 200 OK
X-Powered-By: Express
Content-Type: application/json; charset=utf-8
ETag: W/&quot;e-2ZHvAWebNQpyjGZTg6uyV8/spTo&quot;
Date: Fri, 02 Dec 2022 04:24:53 GMT
Connection: keep-alive
Keep-Alive: timeout=600
content-length: 14

&amp;#27;[35m[HTTP]&amp;#27;[39m &amp;#27;[37m&lt;-- GET /wd/hub/ses09:54:53.109 [AsyncHttpClient-1-2] DEBUG org.asynchttpclient.netty.channel.ChannelManager - Adding key: http://0.0.0.0:4723 for channel [id: 0x007e0974, L:/127.0.0.1:56617 - R:/127.0.0.1:4723]
sion/7ae98af1-f0c4-48bb-82e0-609d7d4c050b/element/00000000-0000-1be8-ffff-ffff00000010/enabled &amp;#27;[39m&amp;#27;[32m200&amp;#27;[39m &amp;#27;[90m13 ms - 14&amp;#27;[39m
&amp;#27;[35m[HTTP]&amp;#27;[39m &amp;#27;[90m&amp;#27;[39m
09:54:53.110 [Forwarding findElement on session 7ae98af1-f0c4-48bb-82e0-609d7d4c050b to remote] DEBUG org.asynchttpclient.netty.request.NettyRequestSender - Using pooled Channel &apos;[id: 0x007e0974, L:/127.0.0.1:56617 - R:/127.0.0.1:4723]&apos; for &apos;POST&apos; to &apos;http://0.0.0.0:4723/wd/hub/session/7ae98af1-f0c4-48bb-82e0-609d7d4c050b/element&apos;
09:54:53.110 [Forwarding findElement on session 7ae98af1-f0c4-48bb-82e0-609d7d4c050b to remote] DEBUG org.asynchttpclient.netty.request.NettyRequestSender - Using open Channel [id: 0x007e0974, L:/127.0.0.1:56617 - R:/127.0.0.1:4723] for POST &apos;/wd/hub/session/7ae98af1-f0c4-48bb-82e0-609d7d4c050b/element&apos;
&amp;#27;[35m[HTTP]&amp;#27;[39m &amp;#27;[37m--&gt;&amp;#27;[39m &amp;#27;[37mPOST&amp;#27;[39m &amp;#27;[37m/wd/hub/session/7ae98af1-f0c4-48bb-82e0-609d7d4c050b/element&amp;#27;[39m
&amp;#27;[35m[HTTP]&amp;#27;[39m &amp;#27;[90m{&quot;using&quot;:&quot;id&quot;,&quot;value&quot;:&quot;com.example.android.testing.notes.mock:id/fab_add_notes&quot;}&amp;#27;[39m
[debug] &amp;#27;[35m[W3C (7ae98af1)]&amp;#27;[39m Calling AppiumDriver.findElement() with args: [&quot;id&quot;,&quot;com.example.android.testing.notes.mock:id/fab_add_notes&quot;,&quot;7ae98af1-f0c4-48bb-82e0-609d7d4c050b&quot;]
[debug] &amp;#27;[35m[BaseDriver]&amp;#27;[39m Valid locator strategies for this request: xpath, id, class name, accessibility id, css selector, -android uiautomator
[debug] &amp;#27;[35m[BaseDriver]&amp;#27;[39m Waiting up to 0 ms for condition
[debug] &amp;#27;[35m[WD Proxy]&amp;#27;[39m Matched &apos;/element&apos; to command name &apos;findElement&apos;
[debug] &amp;#27;[35m[WD Proxy]&amp;#27;[39m Proxying [POST /element] to [POST http://127.0.0.1:8200/wd/hub/session/015791bc-716d-4afa-9c1f-c27f676dbeb8/element] with body: {&quot;strategy&quot;:&quot;id&quot;,&quot;selector&quot;:&quot;com.example.android.testing.notes.mock:id/fab_add_notes&quot;,&quot;context&quot;:&quot;&quot;,&quot;multiple&quot;:false}
[debug] &amp;#27;[35m[WD Proxy]&amp;#27;[39m Got response with status 200: {&quot;sessionId&quot;:&quot;015791bc-716d-4afa-9c1f-c27f676dbeb8&quot;,&quot;value&quot;:{&quot;ELEMENT&quot;:&quot;00000000-0000-1be8-ffff-ffff00000010&quot;,&quot;element-6066-11e4-a52e-4f735466cecf&quot;:&quot;00000000-0000-1be8-ffff-ffff00000010&quot;}}
[debug] &amp;#27;[35m[W3C (7ae98af1)]&amp;#27;[39m Responding to client with driver.findElement() result: {&quot;element-6066-11e4-a52e-4f735466cecf&quot;:&quot;009:54:53.167 [AsyncHttpClient-1-2] DEBUG org.asynchttpclient.netty.handler.HttpHandler - 

Request DefaultHttpRequest(decodeResult: success, version: HTTP/1.1)
POST /wd/hub/session/7ae98af1-f0c4-48bb-82e0-609d7d4c050b/element HTTP/1.1
User-Agent: selenium/4.5.0 (java windows)
Content-Length: 94
Content-Type: application/json; charset=utf-8
host: 0.0.0.0:4723
accept: */*

Response DefaultHttpResponse(decodeResult: success, version: HTTP/1.1)
HTTP/1.1 200 OK
X-Powered-By: Express
Vary: X-HTTP-Method-Override
Content-Type: application/json; charset=utf-8
ETag: W/&quot;89-oQm3nrL1RYeXqm5ocWoT1mIo5O0&quot;
Date: Fri, 02 Dec 2022 04:24:53 GMT
Connection: keep-alive
Keep-Alive: timeout=600
content-length: 137

0000000-0000-1be8-ffff-ffff00000010&quot;,&quot;ELEMENT&quot;:&quot;00009:54:53.167 [AsyncHttpClient-1-2] DEBUG org.asynchttpclient.netty.channel.ChannelManager - Adding key: http://0.0.0.0:4723 for channel [id: 0x007e0974, L:/127.0.0.1:56617 - R:/127.0.0.1:4723]
00000-0000-1be8-ffff-ffff00000010&quot;}
&amp;#27;[35m[HTTP]&amp;#27;[39m &amp;#27;[37m&lt;-- POST /wd/hub/session/7ae98af1-f0c4-48bb-82e0-609d7d4c050b/element &amp;#27;[39m&amp;#27;[32m200&amp;#27;[39m &amp;#27;[90m54 ms - 137&amp;#27;[39m
&amp;#27;[35m[HTTP]&amp;#27;[39m &amp;#27;[90m&amp;#27;[39m
09:54:53.168 [Forwarding isElementDisplayed on session 7ae98af1-f0c4-48bb-82e0-609d7d4c050b to remote] DEBUG org.asynchttpclient.netty.request.NettyRequestSender - Using pooled Channel &apos;[id: 0x007e0974, L:/127.0.0.1:56617 - R:/127.0.0.1:4723]&apos; for &apos;GET&apos; to &apos;http://0.0.0.0:4723/wd/hub/session/7ae98af1-f0c4-48bb-82e0-609d7d4c050b/element/00000000-0000-1be8-ffff-ffff00000010/displayed&apos;
09:54:53.168 [Forwarding isElementDisplayed on session 7ae98af1-f0c4-48bb-82e0-609d7d4c050b to remote] DEBUG org.asynchttpclient.netty.request.NettyRequestSender - Using open Channel [id: 0x007e0974, L:/127.0.0.1:56617 - R:/127.0.0.1:4723] for GET &apos;/wd/hub/session/7ae98af1-f0c4-48bb-82e0-609d7d4c050b/element/00000000-0000-1be8-ffff-ffff00000010/displayed&apos;
&amp;#27;[35m[HTTP]&amp;#27;[39m &amp;#27;[37m--&gt;&amp;#27;[39m &amp;#27;[37mGET&amp;#27;[39m &amp;#27;[37m/wd/hub/session/7ae98af1-f0c4-48bb-82e0-609d7d4c050b/element/00000000-0000-1be8-ffff-ffff00000010/displayed&amp;#27;[39m
&amp;#27;[35m[HTTP]&amp;#27;[39m &amp;#27;[90m{}&amp;#27;[39m
[debug] &amp;#27;[35m[W3C (7ae98af1)]&amp;#27;[39m Calling AppiumDriver.elementDisplayed() with args: [&quot;00000000-0000-1be8-ffff-ffff00000010&quot;,&quot;7ae98af1-f0c4-48bb-82e0-609d7d4c050b&quot;]
[debug] &amp;#27;[35m[WD Proxy]&amp;#27;[39m Matched &apos;/element/00000000-0000-1be8-ffff-ffff00000010/attribute/displayed&apos; to command name &apos;getAttribute&apos;
[debug] &amp;#27;[35m[WD Proxy]&amp;#27;[39m Proxying [GET /element/00000000-0000-1be8-ffff-ffff00000010/attribute/displayed] to [GET http://127.0.0.1:8200/wd/hub/session/015791bc-716d-4afa-9c1f-c27f676dbeb8/element/00000000-0000-1be8-ffff-ffff00000010/attribute/displayed] with no body
[debug] &amp;#27;[35m[WD Proxy]&amp;#27;[39m Got response with status 200: {&quot;sessionId&quot;:&quot;015791bc-716d-4afa-9c1f-c27f676dbeb8&quot;,&quot;value&quot;:&quot;true&quot;}
[debug] &amp;#27;[35m[W3C (7ae98af1)]&amp;#27;[39m Responding to client with driver.elementDisplayed() result: true
09:54:53.184 [AsyncHttpClient-1-2] DEBUG org.asynchttpclient.netty.handler.HttpHandler - 

Request DefaultFullHttpRequest(decodeResult: success, version: HTTP/1.1, content: EmptyByteBufBE)
GET /wd/hub/session/7ae98af1-f0c4-48bb-82e0-609d7d4c050b/element/00000000-0000-1be8-ffff-ffff00000010/displayed HTTP/1.1
User-Agent: selenium/4.5.0 (java windows)
Cache-Control: no-cache
Content-Type: application/json; charset=utf-8
host: 0.0.0.0:4723
accept: */*

Response DefaultHttpResponse(decodeResult: success, version: HTTP/1.1)
HTTP/1.1 200 OK
X-Powered-By: Express
Content-Type: application/json; charset=utf-8
ETag: W/&quot;e-2ZHvAWebNQpyjGZTg6uyV8/spTo&quot;
Date: Fri, 02 Dec 2022 04:24:53 GMT
Connection: keep-alive
Keep-Alive: timeout=600
content-length: 14

&amp;#27;[35m[HTTP]&amp;#27;[39m &amp;#27;[37m&lt;-- GET /wd/hub/session/7ae98af1-f0c4-48bb-82e0-609d7d09:54:53.184 [AsyncHttpClient-1-2] DEBUG org.asynchttpclient.netty.channel.ChannelManager - Adding key: http://0.0.0.0:4723 for channel [id: 0x007e0974, L:/127.0.0.1:56617 - R:/127.0.0.1:4723]
4c050b/element/00000000-0000-1be8-ffff-ffff00000010/displayed &amp;#27;[39m&amp;#27;[32m200&amp;#27;[39m &amp;#27;[90m14 ms - 14&amp;#27;[39m
&amp;#27;[35m[HTTP]&amp;#27;[39m &amp;#27;[90m&amp;#27;[39m
09:54:53.186 [Forwarding findElement on session 7ae98af1-f0c4-48bb-82e0-609d7d4c050b to remote] DEBUG org.asynchttpclient.netty.request.NettyRequestSender - Using pooled Channel &apos;[id: 0x007e0974, L:/127.0.0.1:56617 - R:/127.0.0.1:4723]&apos; for &apos;POST&apos; to &apos;http://0.0.0.0:4723/wd/hub/session/7ae98af1-f0c4-48bb-82e0-609d7d4c050b/element&apos;
09:54:53.186 [Forwarding findElement on session 7ae98af1-f0c4-48bb-82e0-609d7d4c050b to remote] DEBUG org.asynchttpclient.netty.request.NettyRequestSender - Using open Channel [id: 0x007e0974, L:/127.0.0.1:56617 - R:/127.0.0.1:4723] for POST &apos;/wd/hub/session/7ae98af1-f0c4-48bb-82e0-609d7d4c050b/element&apos;
&amp;#27;[35m[HTTP]&amp;#27;[39m &amp;#27;[37m--&gt;&amp;#27;[39m &amp;#27;[37mPOST&amp;#27;[39m &amp;#27;[37m/wd/hub/session/7ae98af1-f0c4-48bb-82e0-609d7d4c050b/element&amp;#27;[39m
&amp;#27;[35m[HTTP]&amp;#27;[39m &amp;#27;[90m{&quot;using&quot;:&quot;id&quot;,&quot;value&quot;:&quot;com.example.android.testing.notes.mock:id/fab_add_notes&quot;}&amp;#27;[39m
[debug] &amp;#27;[35m[W3C (7ae98af1)]&amp;#27;[39m Calling AppiumDriver.findElement() with args: [&quot;id&quot;,&quot;com.example.android.testing.notes.mock:id/fab_add_notes&quot;,&quot;7ae98af1-f0c4-48bb-82e0-609d7d4c050b&quot;]
[debug] &amp;#27;[35m[BaseDriver]&amp;#27;[39m Valid locator strategies for this request: xpath, id, class name, accessibility id, css selector, -android uiautomator
[debug] &amp;#27;[35m[BaseDriver]&amp;#27;[39m Waiting up to 0 ms for condition
[debug] &amp;#27;[35m[WD Proxy]&amp;#27;[39m Matched &apos;/element&apos; to command name &apos;findElement&apos;
[debug] &amp;#27;[35m[WD Proxy]&amp;#27;[39m Proxying [POST /element] to [POST http://127.0.0.1:8200/wd/hub/session/015791bc-716d-4afa-9c1f-c27f676dbeb8/element] with body: {&quot;strategy&quot;:&quot;id&quot;,&quot;selector&quot;:&quot;com.example.android.testing.notes.mock:id/fab_add_notes&quot;,&quot;context&quot;:&quot;&quot;,&quot;multiple&quot;:false}
[debug] &amp;#27;[35m[WD Proxy]&amp;#27;[39m Got response with status 200: {&quot;sessionId&quot;:&quot;015791bc-716d-4afa-9c1f-c27f676dbeb8&quot;,&quot;value&quot;:{&quot;ELEMENT&quot;:&quot;00000000-0000-1be8-ffff-ffff00000010&quot;,&quot;element-6066-11e4-a52e-4f735466cecf&quot;:&quot;00000000-0000-1be8-ffff-ffff00000010&quot;}}
[debug] &amp;#27;[35m[W3C (7ae98af1)]&amp;#27;[39m Responding to client with driver.findElement() result: {&quot;element-09:54:53.230 [AsyncHttpClient-1-2] DEBUG org.asynchttpclient.netty.handler.HttpHandler - 

Request DefaultHttpRequest(decodeResult: success, version: HTTP/1.1)
POST /wd/hub/session/7ae98af1-f0c4-48bb-82e0-609d7d4c050b/element HTTP/1.1
User-Agent: selenium/4.5.0 (java windows)
Content-Length: 94
Content-Type: application/json; charset=utf-8
host: 0.0.0.0:4723
accept: */*

Response DefaultHttpResponse(decodeResult: success, version: HTTP/1.1)
HTTP/1.1 200 OK
X-Powered-By: Express
Vary: X-HTTP-Method-Override
Content-Type: application/json; charset=utf-8
ETag: W/&quot;89-oQm3nrL1RYeXqm5ocWoT1mIo5O0&quot;
Date: Fri, 02 Dec 2022 04:24:53 GMT
Connection: keep-alive
Keep-Alive: timeout=600
content-length: 137

6066-11e4-a52e-4f735466cecf&quot;:&quot;00000000-0000-1be8-ffff-ffff00000010&quot;09:54:53.231 [AsyncHttpClient-1-2] DEBUG org.asynchttpclient.netty.channel.ChannelManager - Adding key: http://0.0.0.0:4723 for channel [id: 0x007e0974, L:/127.0.0.1:56617 - R:/127.0.0.1:4723]
,&quot;ELEMENT&quot;:&quot;00000000-0000-1be8-ffff-ffff00000010&quot;}
&amp;#27;[35m[HTTP]&amp;#27;[39m &amp;#27;[37m&lt;-- POST /wd/hub/session/7ae98af1-f0c4-48bb-82e0-609d7d4c050b/element &amp;#27;[39m&amp;#27;[32m200&amp;#27;[39m &amp;#27;[90m43 ms - 137&amp;#27;[39m
&amp;#27;[35m[HTTP]&amp;#27;[39m &amp;#27;[90m&amp;#27;[39m
09:54:53.231 [Forwarding isElementEnabled on session 7ae98af1-f0c4-48bb-82e0-609d7d4c050b to remote] DEBUG org.asynchttpclient.netty.request.NettyRequestSender - Using pooled Channel &apos;[id: 0x007e0974, L:/127.0.0.1:56617 - R:/127.0.0.1:4723]&apos; for &apos;GET&apos; to &apos;http://0.0.0.0:4723/wd/hub/session/7ae98af1-f0c4-48bb-82e0-609d7d4c050b/element/00000000-0000-1be8-ffff-ffff00000010/enabled&apos;
09:54:53.231 [Forwarding isElementEnabled on session 7ae98af1-f0c4-48bb-82e0-609d7d4c050b to remote] DEBUG org.asynchttpclient.netty.request.NettyRequestSender - Using open Channel [id: 0x007e0974, L:/127.0.0.1:56617 - R:/127.0.0.1:4723] for GET &apos;/wd/hub/session/7ae98af1-f0c4-48bb-82e0-609d7d4c050b/element/00000000-0000-1be8-ffff-ffff00000010/enabled&apos;
&amp;#27;[35m[HTTP]&amp;#27;[39m &amp;#27;[37m--&gt;&amp;#27;[39m &amp;#27;[37mGET&amp;#27;[39m &amp;#27;[37m/wd/hub/session/7ae98af1-f0c4-48bb-82e0-609d7d4c050b/element/00000000-0000-1be8-ffff-ffff00000010/enabled&amp;#27;[39m
&amp;#27;[35m[HTTP]&amp;#27;[39m &amp;#27;[90m{}&amp;#27;[39m
[debug] &amp;#27;[35m[W3C (7ae98af1)]&amp;#27;[39m Calling AppiumDriver.elementEnabled() with args: [&quot;00000000-0000-1be8-ffff-ffff00000010&quot;,&quot;7ae98af1-f0c4-48bb-82e0-609d7d4c050b&quot;]
[debug] &amp;#27;[35m[WD Proxy]&amp;#27;[39m Matched &apos;/element/00000000-0000-1be8-ffff-ffff00000010/attribute/enabled&apos; to command name &apos;getAttribute&apos;
[debug] &amp;#27;[35m[WD Proxy]&amp;#27;[39m Proxying [GET /element/00000000-0000-1be8-ffff-ffff00000010/attribute/enabled] to [GET http://127.0.0.1:8200/wd/hub/session/015791bc-716d-4afa-9c1f-c27f676dbeb8/element/00000000-0000-1be8-ffff-ffff00000010/attribute/enabled] with no body
[debug] &amp;#27;[35m[WD Proxy]&amp;#27;[39m Got response with status 200: {&quot;sessionId&quot;:&quot;015791bc-716d-4afa-9c1f-c27f676dbeb8&quot;,&quot;value&quot;:&quot;true&quot;}
[debug] &amp;#27;[35m[W3C (7ae98af1)]&amp;#27;[39m Responding to client with driver.elementEnabled() result: true
09:54:53.245 [AsyncHttpClient-1-2] DEBUG org.asynchttpclient.netty.handler.HttpHandler - 

Request DefaultFullHttpRequest(decodeResult: success, version: HTTP/1.1, content: EmptyByteBufBE)
GET /wd/hub/session/7ae98af1-f0c4-48bb-82e0-609d7d4c050b/element/00000000-0000-1be8-ffff-ffff00000010/enabled HTTP/1.1
User-Agent: selenium/4.5.0 (java windows)
Cache-Control: no-cache
Content-Type: application/json; charset=utf-8
host: 0.0.0.0:4723
accept: */*

Response DefaultHttpResponse(decodeResult: success, version: HTTP/1.1)
HTTP/1.1 200 OK
X-Powered-By: Express
Content-Type: application/json; charset=utf-8
ETag: W/&quot;e-2ZHvAWebNQpyjGZTg6uyV8/spTo&quot;
Date: Fri, 02 Dec 2022 04:24:53 GMT
Connection: keep-alive
Keep-Alive: timeout=600
content-length: 14

&amp;#27;[35m[HTTP]&amp;#27;[39m &amp;#27;[37m&lt;-- GET /wd/hub/session/7ae98af1-f0c4-48bb-82e0-609d7d4c050b09:54:53.245 [AsyncHttpClient-1-2] DEBUG org.asynchttpclient.netty.channel.ChannelManager - Adding key: http://0.0.0.0:4723 for channel [id: 0x007e0974, L:/127.0.0.1:56617 - R:/127.0.0.1:4723]
/element/00000000-0000-1be8-ffff-ffff00000010/enabled &amp;#27;[39m&amp;#27;[32m200&amp;#27;[39m &amp;#27;[90m13 ms - 14&amp;#27;[39m
&amp;#27;[35m[HTTP]&amp;#27;[39m &amp;#27;[90m&amp;#27;[39m
09:54:53.247 [Forwarding findElements on session 7ae98af1-f0c4-48bb-82e0-609d7d4c050b to remote] DEBUG org.asynchttpclient.netty.request.NettyRequestSender - Using pooled Channel &apos;[id: 0x007e0974, L:/127.0.0.1:56617 - R:/127.0.0.1:4723]&apos; for &apos;POST&apos; to &apos;http://0.0.0.0:4723/wd/hub/session/7ae98af1-f0c4-48bb-82e0-609d7d4c050b/elements&apos;
09:54:53.247 [Forwarding findElements on session 7ae98af1-f0c4-48bb-82e0-609d7d4c050b to remote] DEBUG org.asynchttpclient.netty.request.NettyRequestSender - Using open Channel [id: 0x007e0974, L:/127.0.0.1:56617 - R:/127.0.0.1:4723] for POST &apos;/wd/hub/session/7ae98af1-f0c4-48bb-82e0-609d7d4c050b/elements&apos;
&amp;#27;[35m[HTTP]&amp;#27;[39m &amp;#27;[37m--&gt;&amp;#27;[39m &amp;#27;[37mPOST&amp;#27;[39m &amp;#27;[37m/wd/hub/session/7ae98af1-f0c4-48bb-82e0-609d7d4c050b/elements&amp;#27;[39m
&amp;#27;[35m[HTTP]&amp;#27;[39m &amp;#27;[90m{&quot;using&quot;:&quot;id&quot;,&quot;value&quot;:&quot;com.example.android.testing.notes.mock:id/note_detail_title&quot;}&amp;#27;[39m
[debug] &amp;#27;[35m[W3C (7ae98af1)]&amp;#27;[39m Calling AppiumDriver.findElements() with args: [&quot;id&quot;,&quot;com.example.android.testing.notes.mock:id/note_detail_title&quot;,&quot;7ae98af1-f0c4-48bb-82e0-609d7d4c050b&quot;]
[debug] &amp;#27;[35m[BaseDriver]&amp;#27;[39m Valid locator strategies for this request: xpath, id, class name, accessibility id, css selector, -android uiautomator
[debug] &amp;#27;[35m[BaseDriver]&amp;#27;[39m Waiting up to 0 ms for condition
[debug] &amp;#27;[35m[WD Proxy]&amp;#27;[39m Matched &apos;/elements&apos; to command name &apos;findElements&apos;
[debug] &amp;#27;[35m[WD Proxy]&amp;#27;[39m Proxying [POST /elements] to [POST http://127.0.0.1:8200/wd/hub/session/015791bc-716d-4afa-9c1f-c27f676dbeb8/elements] with body: {&quot;strategy&quot;:&quot;id&quot;,&quot;selector&quot;:&quot;com.example.android.testing.notes.mock:id/note_detail_title&quot;,&quot;context&quot;:&quot;&quot;,&quot;multiple&quot;:true}
[debug] &amp;#27;[35m[WD Proxy]&amp;#27;[39m Got response with status 200: {&quot;sessionId&quot;:&quot;015791bc-716d-4afa-9c1f-c27f676dbeb8&quot;,&quot;value&quot;:[{&quot;ELEMENT&quot;:&quot;00000000-0000-1be8-ffff-ffff00000035&quot;,&quot;element-6066-11e4-a52e-4f735466cecf&quot;:&quot;00000000-0000-1be8-ffff-ffff00000035&quot;},{&quot;ELEMENT&quot;:&quot;00000000-0000-1be8-ffff-ffff00000054&quot;,&quot;element-6066-11e4-a52e-4f735466cecf&quot;:&quot;00000000-0000-1be8-ffff-ffff00000054&quot;}09:54:53.312 [AsyncHttpClient-1-2] DEBUG org.asynchttpclient.netty.handler.HttpHandler - 

Request DefaultHttpRequest(decodeResult: success, version: HTTP/1.1)
POST /wd/hub/session/7ae98af1-f0c4-48bb-82e0-609d7d4c050b/elements HTTP/1.1
User-Agent: selenium/4.5.0 (java windows)
Content-Length: 98
Content-Type: application/json; charset=utf-8
host: 0.0.0.0:4723
accept: */*

Response DefaultHttpResponse(decodeResult: success, version: HTTP/1.1)
HTTP/1.1 200 OK
X-Powered-By: Express
Vary: X-HTTP-Method-Override
Content-Type: application/json; charset=utf-8
ETag: W/&quot;20b-ICe/GM/sURJbqdSiKzMZv/lplN8&quot;
Date: Fri, 02 Dec 2022 04:24:53 GMT
Connection: keep-alive
Keep-Alive: timeout=600
content-length: 523

,{&quot;ELEMENT&quot;:&quot;00000000-0000-1be8-ffff-ffff00000092&quot;,&quot;element-6066-11e4-a52e-4f735466cecf&quot;:&quot;00000000-0000-1be8-ffff-ffff00000092&quot;09:54:53.312 [AsyncHttpClient-1-2] DEBUG org.asynchttpclient.netty.channel.ChannelManager - Adding key: http://0.0.0.0:4723 for channel [id: 0x007e0974, L:/127.0.0.1:56617 - R:/127.0.0.1:4723]
},{&quot;ELEMENT&quot;:&quot;00000000-0000-1be8-ffff-ffff000000b1&quot;,&quot;element-6066-11e4-a52e-4f735466cecf&quot;:&quot;00000000-0000-1be8-ffff-ffff000000b1&quot;}]}
[debug] &amp;#27;[35m[W3C (7ae98af1)]&amp;#27;[39m Responding to client with driver.findElements() result: [{&quot;element-6066-11e4-a52e-4f735466cecf&quot;:&quot;00000000-0000-1be8-ffff-ffff00000035&quot;,&quot;ELEMENT&quot;:&quot;00000000-0000-1be8-ffff-ffff00000035&quot;},{&quot;element-6066-11e4-a52e-4f735466cecf&quot;:&quot;009:54:53.313 [Forwarding getElementText on session 7ae98af1-f0c4-48bb-82e0-609d7d4c050b to remote] DEBUG org.asynchttpclient.netty.request.NettyRequestSender - Using pooled Channel &apos;[id: 0x007e0974, L:/127.0.0.1:56617 - R:/127.0.0.1:4723]&apos; for &apos;GET&apos; to &apos;http://0.0.0.0:4723/wd/hub/session/7ae98af1-f0c4-48bb-82e0-609d7d4c050b/element/00000000-0000-1be8-ffff-ffff00000035/text&apos;
0000000-0000-1be8-ffff-ffff0000009:54:53.314 [Forwarding getElementText on session 7ae98af1-f0c4-48bb-82e0-609d7d4c050b to remote] DEBUG org.asynchttpclient.netty.request.NettyRequestSender - Using open Channel [id: 0x007e0974, L:/127.0.0.1:56617 - R:/127.0.0.1:4723] for GET &apos;/wd/hub/session/7ae98af1-f0c4-48bb-82e0-609d7d4c050b/element/00000000-0000-1be8-ffff-ffff00000035/text&apos;
054&quot;,&quot;ELEMENT&quot;:&quot;00000000-0000-1be8-ffff-ffff00000054&quot;},{&quot;element-6066-11e4-a52e-4f735466cecf&quot;:&quot;00000000-0000-1be8-ffff-ffff00000092&quot;,&quot;ELEMENT&quot;:&quot;00000000-0000-1be8-ffff-ffff00000092&quot;},{&quot;element-6066-11e4-a52e-4f735466cecf&quot;:&quot;00000000-0000-1be8-ffff-ffff000000b1&quot;,&quot;ELEMENT&quot;:&quot;00000000-0000-1be8-ffff-ffff000000b1&quot;}]
&amp;#27;[35m[HTTP]&amp;#27;[39m &amp;#27;[37m&lt;-- POST /wd/hub/session/7ae98af1-f0c4-48bb-82e0-609d7d4c050b/elements &amp;#27;[39m&amp;#27;[32m200&amp;#27;[39m &amp;#27;[90m63 ms - 523&amp;#27;[39m
&amp;#27;[35m[HTTP]&amp;#27;[39m &amp;#27;[90m&amp;#27;[39m
&amp;#27;[35m[HTTP]&amp;#27;[39m &amp;#27;[37m--&gt;&amp;#27;[39m &amp;#27;[37mGET&amp;#27;[39m &amp;#27;[37m/wd/hub/session/7ae98af1-f0c4-48bb-82e0-609d7d4c050b/element/00000000-0000-1be8-ffff-ffff00000035/text&amp;#27;[39m
&amp;#27;[35m[HTTP]&amp;#27;[39m &amp;#27;[90m{}&amp;#27;[39m
&amp;#27;[35m[W3C (7ae98af1)]&amp;#27;[39m Driver proxy active, passing request on via HTTP proxy
[debug] &amp;#27;[35m[WD Proxy]&amp;#27;[39m Matched &apos;/wd/hub/session/7ae98af1-f0c4-48bb-82e0-609d7d4c050b/element/00000000-0000-1be8-ffff-ffff00000035/text&apos; to command name &apos;getText&apos;
[debug] &amp;#27;[35m[WD Proxy]&amp;#27;[39m Proxying [GET /wd/hub/session/7ae98af1-f0c4-48bb-82e0-609d7d4c050b/element/00000000-0000-1be8-ffff-ffff00000035/text] to [GET http://127.0.0.1:8200/wd/hub/session/015791bc-716d-4afa-9c1f-c27f676dbeb8/element/00000000-0000-1be8-ffff-ffff00000035/text] with no body
[debug] &amp;#27;[35m[WD Proxy]&amp;#27;[39m Got response with status 200: {&quot;sessionId&quot;:&quot;015791bc-716d-4afa-9c1f-c27f676dbeb8&quot;,&quot;value&quot;:&quot;testTitle3&quot;}
&amp;#27;[35m[WD Proxy]&amp;#27;[39m Replacing sessionId 015791bc-716d-4afa-9c1f-c27f676dbeb8 with 7ae98af1-f0c4-48bb-82e0-609d7d4c050b
&amp;#27;[35m[HTTP]&amp;#27;[39m &amp;#27;[37m&lt;-- GET 09:54:53.336 [AsyncHttpClient-1-2] DEBUG org.asynchttpclient.netty.handler.HttpHandler - 

Request DefaultFullHttpRequest(decodeResult: success, version: HTTP/1.1, content: EmptyByteBufBE)
GET /wd/hub/session/7ae98af1-f0c4-48bb-82e0-609d7d4c050b/element/00000000-0000-1be8-ffff-ffff00000035/text HTTP/1.1
User-Agent: selenium/4.5.0 (java windows)
Cache-Control: no-cache
Content-Type: application/json; charset=utf-8
host: 0.0.0.0:4723
accept: */*

Response DefaultHttpResponse(decodeResult: success, version: HTTP/1.1)
HTTP/1.1 200 OK
X-Powered-By: Express
Content-Type: application/json; charset=utf-8
ETag: W/&quot;49-U/8iDoyMnFm1qDHXPsWHA3x9O14&quot;
Date: Fri, 02 Dec 2022 04:24:53 GMT
Connection: keep-alive
Keep-Alive: timeout=600
content-length: 73

/wd/hub/session/7ae98af1-f0c4-48bb-82e0-609d09:54:53.336 [AsyncHttpClient-1-2] DEBUG org.asynchttpclient.netty.channel.ChannelManager - Adding key: http://0.0.0.0:4723 for channel [id: 0x007e0974, L:/127.0.0.1:56617 - R:/127.0.0.1:4723]
7d4c050b/element/00000000-0000-1be8-ffff-ffff00000035/text &amp;#27;[39m&amp;#27;[32m200&amp;#27;[39m &amp;#27;[90m20 ms - 73&amp;#27;[39m
&amp;#27;[35m[HTTP]&amp;#27;[39m &amp;#27;[90m&amp;#27;[39m
09:54:53.337 [Forwarding findElement on session 7ae98af1-f0c4-48bb-82e0-609d7d4c050b to remote] DEBUG org.asynchttpclient.netty.request.NettyRequestSender - Using pooled Channel &apos;[id: 0x007e0974, L:/127.0.0.1:56617 - R:/127.0.0.1:4723]&apos; for &apos;POST&apos; to &apos;http://0.0.0.0:4723/wd/hub/session/7ae98af1-f0c4-48bb-82e0-609d7d4c050b/element&apos;
09:54:53.337 [Forwarding findElement on session 7ae98af1-f0c4-48bb-82e0-609d7d4c050b to remote] DEBUG org.asynchttpclient.netty.request.NettyRequestSender - Using open Channel [id: 0x007e0974, L:/127.0.0.1:56617 - R:/127.0.0.1:4723] for POST &apos;/wd/hub/session/7ae98af1-f0c4-48bb-82e0-609d7d4c050b/element&apos;
&amp;#27;[35m[HTTP]&amp;#27;[39m &amp;#27;[37m--&gt;&amp;#27;[39m &amp;#27;[37mPOST&amp;#27;[39m &amp;#27;[37m/wd/hub/session/7ae98af1-f0c4-48bb-82e0-609d7d4c050b/element&amp;#27;[39m
&amp;#27;[35m[HTTP]&amp;#27;[39m &amp;#27;[90m{&quot;using&quot;:&quot;id&quot;,&quot;value&quot;:&quot;com.example.android.testing.notes.mock:id/fab_add_notes&quot;}&amp;#27;[39m
[debug] &amp;#27;[35m[W3C (7ae98af1)]&amp;#27;[39m Calling AppiumDriver.findElement() with args: [&quot;id&quot;,&quot;com.example.android.testing.notes.mock:id/fab_add_notes&quot;,&quot;7ae98af1-f0c4-48bb-82e0-609d7d4c050b&quot;]
[debug] &amp;#27;[35m[BaseDriver]&amp;#27;[39m Valid locator strategies for this request: xpath, id, class name, accessibility id, css selector, -android uiautomator
[debug] &amp;#27;[35m[BaseDriver]&amp;#27;[39m Waiting up to 0 ms for condition
[debug] &amp;#27;[35m[WD Proxy]&amp;#27;[39m Matched &apos;/element&apos; to command name &apos;findElement&apos;
[debug] &amp;#27;[35m[WD Proxy]&amp;#27;[39m Proxying [POST /element] to [POST http://127.0.0.1:8200/wd/hub/session/015791bc-716d-4afa-9c1f-c27f676dbeb8/element] with body: {&quot;strategy&quot;:&quot;id&quot;,&quot;selector&quot;:&quot;com.example.android.testing.notes.mock:id/fab_add_notes&quot;,&quot;context&quot;:&quot;&quot;,&quot;multiple&quot;:false}
[debug] &amp;#27;[35m[WD Proxy]&amp;#27;[39m Got response with status 200: {&quot;sessionId&quot;:&quot;015791bc-716d-4afa-9c1f-c27f676dbeb8&quot;,&quot;value&quot;:{&quot;ELEMENT&quot;:&quot;00000000-0000-1be8-ffff-ffff00000010&quot;,&quot;element-6066-11e4-a52e-4f735466cecf&quot;:&quot;00000000-0000-1be8-ffff-ffff00000010&quot;}}
[debug] &amp;#27;[35m[W3C (7ae98af1)]&amp;#27;[39m Responding to client with drive09:54:53.384 [AsyncHttpClient-1-2] DEBUG org.asynchttpclient.netty.handler.HttpHandler - 

Request DefaultHttpRequest(decodeResult: success, version: HTTP/1.1)
POST /wd/hub/session/7ae98af1-f0c4-48bb-82e0-609d7d4c050b/element HTTP/1.1
User-Agent: selenium/4.5.0 (java windows)
Content-Length: 94
Content-Type: application/json; charset=utf-8
host: 0.0.0.0:4723
accept: */*

Response DefaultHttpResponse(decodeResult: success, version: HTTP/1.1)
HTTP/1.1 200 OK
X-Powered-By: Express
Vary: X-HTTP-Method-Override
Content-Type: application/json; charset=utf-8
ETag: W/&quot;89-oQm3nrL1RYeXqm5ocWoT1mIo5O0&quot;
Date: Fri, 02 Dec 2022 04:24:53 GMT
Connection: keep-alive
Keep-Alive: timeout=600
content-length: 137

r.findElement() result: {&quot;element-6066-1109:54:53.384 [AsyncHttpClient-1-2] DEBUG org.asynchttpclient.netty.channel.ChannelManager - Adding key: http://0.0.0.0:4723 for channel [id: 0x007e0974, L:/127.0.0.1:56617 - R:/127.0.0.1:4723]
e4-a52e-4f735466cecf&quot;:&quot;00000000-0000-1be8-ffff-ffff00000010&quot;,&quot;ELEMENT&quot;:&quot;00000000-0000-1be8-ffff-ffff00000010&quot;}
&amp;#27;[35m[HTTP]&amp;#27;[39m &amp;#27;[37m&lt;-- POST /wd/hub/session/7ae98af1-f0c4-48bb-82e0-609d7d4c050b/element &amp;#27;[39m&amp;#27;[32m200&amp;#27;[39m &amp;#27;[90m45 ms - 137&amp;#27;[39m
&amp;#27;[35m[HTTP]&amp;#27;[39m &amp;#27;[90m&amp;#27;[39m
09:54:53.385 [Forwarding isElementDisplayed on session 7ae98af1-f0c4-48bb-82e0-609d7d4c050b to remote] DEBUG org.asynchttpclient.netty.request.NettyRequestSender - Using pooled Channel &apos;[id: 0x007e0974, L:/127.0.0.1:56617 - R:/127.0.0.1:4723]&apos; for &apos;GET&apos; to &apos;http://0.0.0.0:4723/wd/hub/session/7ae98af1-f0c4-48bb-82e0-609d7d4c050b/element/00000000-0000-1be8-ffff-ffff00000010/displayed&apos;
09:54:53.385 [Forwarding isElementDisplayed on session 7ae98af1-f0c4-48bb-82e0-609d7d4c050b to remote] DEBUG org.asynchttpclient.netty.request.NettyRequestSender - Using open Channel [id: 0x007e0974, L:/127.0.0.1:56617 - R:/127.0.0.1:4723] for GET &apos;/wd/hub/session/7ae98af1-f0c4-48bb-82e0-609d7d4c050b/element/00000000-0000-1be8-ffff-ffff00000010/displayed&apos;
&amp;#27;[35m[HTTP]&amp;#27;[39m &amp;#27;[37m--&gt;&amp;#27;[39m &amp;#27;[37mGET&amp;#27;[39m &amp;#27;[37m/wd/hub/session/7ae98af1-f0c4-48bb-82e0-609d7d4c050b/element/00000000-0000-1be8-ffff-ffff00000010/displayed&amp;#27;[39m
&amp;#27;[35m[HTTP]&amp;#27;[39m &amp;#27;[90m{}&amp;#27;[39m
[debug] &amp;#27;[35m[W3C (7ae98af1)]&amp;#27;[39m Calling AppiumDriver.elementDisplayed() with args: [&quot;00000000-0000-1be8-ffff-ffff00000010&quot;,&quot;7ae98af1-f0c4-48bb-82e0-609d7d4c050b&quot;]
[debug] &amp;#27;[35m[WD Proxy]&amp;#27;[39m Matched &apos;/element/00000000-0000-1be8-ffff-ffff00000010/attribute/displayed&apos; to command name &apos;getAttribute&apos;
[debug] &amp;#27;[35m[WD Proxy]&amp;#27;[39m Proxying [GET /element/00000000-0000-1be8-ffff-ffff00000010/attribute/displayed] to [GET http://127.0.0.1:8200/wd/hub/session/015791bc-716d-4afa-9c1f-c27f676dbeb8/element/00000000-0000-1be8-ffff-ffff00000010/attribute/displayed] with no body
[debug] &amp;#27;[35m[WD Proxy]&amp;#27;[39m Got response with status 200: {&quot;sessionId&quot;:&quot;015791bc-716d-4afa-9c1f-c27f676dbeb8&quot;,&quot;value&quot;:&quot;true&quot;}
[debug] &amp;#27;[35m[W3C (7ae98af1)]&amp;#27;[39m Responding to client with driver.elementDisplayed() result: true
09:54:53.403 [AsyncHttpClient-1-2] DEBUG org.asynchttpclient.netty.handler.HttpHandler - 

Request DefaultFullHttpRequest(decodeResult: success, version: HTTP/1.1, content: EmptyByteBufBE)
GET /wd/hub/session/7ae98af1-f0c4-48bb-82e0-609d7d4c050b/element/00000000-0000-1be8-ffff-ffff00000010/displayed HTTP/1.1
User-Agent: selenium/4.5.0 (java windows)
Cache-Control: no-cache
Content-Type: application/json; charset=utf-8
host: 0.0.0.0:4723
accept: */*

Response DefaultHttpResponse(decodeResult: success, version: HTTP/1.1)
HTTP/1.1 200 OK
X-Powered-By: Express
Content-Type: application/json; charset=utf-8
ETag: W/&quot;e-2ZHvAWebNQpyjGZTg6uyV8/spTo&quot;
Date: Fri, 02 Dec 2022 04:24:53 GMT
Connection: keep-alive
Keep-Alive: timeout=600
content-length: 14

&amp;#27;[35m[HTTP]&amp;#27;[39m &amp;#27;[37m&lt;-- GET /wd/hub/session/7ae98af1-f0c4-48bb-82e0-609d7d4c050b/element/00000000-009:54:53.404 [AsyncHttpClient-1-2] DEBUG org.asynchttpclient.netty.channel.ChannelManager - Adding key: http://0.0.0.0:4723 for channel [id: 0x007e0974, L:/127.0.0.1:56617 - R:/127.0.0.1:4723]
000-1be8-ffff-ffff00000010/displayed &amp;#27;[39m&amp;#27;[32m200&amp;#27;[39m &amp;#27;[90m16 ms - 14&amp;#27;[39m
&amp;#27;[35m[HTTP]&amp;#27;[39m &amp;#27;[90m&amp;#27;[39m
09:54:53.405 [Forwarding findElement on session 7ae98af1-f0c4-48bb-82e0-609d7d4c050b to remote] DEBUG org.asynchttpclient.netty.request.NettyRequestSender - Using pooled Channel &apos;[id: 0x007e0974, L:/127.0.0.1:56617 - R:/127.0.0.1:4723]&apos; for &apos;POST&apos; to &apos;http://0.0.0.0:4723/wd/hub/session/7ae98af1-f0c4-48bb-82e0-609d7d4c050b/element&apos;
09:54:53.405 [Forwarding findElement on session 7ae98af1-f0c4-48bb-82e0-609d7d4c050b to remote] DEBUG org.asynchttpclient.netty.request.NettyRequestSender - Using open Channel [id: 0x007e0974, L:/127.0.0.1:56617 - R:/127.0.0.1:4723] for POST &apos;/wd/hub/session/7ae98af1-f0c4-48bb-82e0-609d7d4c050b/element&apos;
&amp;#27;[35m[HTTP]&amp;#27;[39m &amp;#27;[37m--&gt;&amp;#27;[39m &amp;#27;[37mPOST&amp;#27;[39m &amp;#27;[37m/wd/hub/session/7ae98af1-f0c4-48bb-82e0-609d7d4c050b/element&amp;#27;[39m
&amp;#27;[35m[HTTP]&amp;#27;[39m &amp;#27;[90m{&quot;using&quot;:&quot;id&quot;,&quot;value&quot;:&quot;com.example.android.testing.notes.mock:id/fab_add_notes&quot;}&amp;#27;[39m
[debug] &amp;#27;[35m[W3C (7ae98af1)]&amp;#27;[39m Calling AppiumDriver.findElement() with args: [&quot;id&quot;,&quot;com.example.android.testing.notes.mock:id/fab_add_notes&quot;,&quot;7ae98af1-f0c4-48bb-82e0-609d7d4c050b&quot;]
[debug] &amp;#27;[35m[BaseDriver]&amp;#27;[39m Valid locator strategies for this request: xpath, id, class name, accessibility id, css selector, -android uiautomator
[debug] &amp;#27;[35m[BaseDriver]&amp;#27;[39m Waiting up to 0 ms for condition
[debug] &amp;#27;[35m[WD Proxy]&amp;#27;[39m Matched &apos;/element&apos; to command name &apos;findElement&apos;
[debug] &amp;#27;[35m[WD Proxy]&amp;#27;[39m Proxying [POST /element] to [POST http://127.0.0.1:8200/wd/hub/session/015791bc-716d-4afa-9c1f-c27f676dbeb8/element] with body: {&quot;strategy&quot;:&quot;id&quot;,&quot;selector&quot;:&quot;com.example.android.testing.notes.mock:id/fab_add_notes&quot;,&quot;context&quot;:&quot;&quot;,&quot;multiple&quot;:false}
[debug] &amp;#27;[35m[WD Proxy]&amp;#27;[39m Got response with status 200: {&quot;sessionId&quot;:&quot;015791bc-716d-4afa-9c1f-c27f676dbeb8&quot;,&quot;value&quot;:{&quot;ELEMENT&quot;:&quot;00000000-0000-1be8-ffff-ffff00000010&quot;,&quot;element-6066-11e4-a52e-4f735466cecf&quot;:&quot;00000000-0000-1be8-ffff-ffff00000010&quot;}}
[debug] &amp;#27;[35m[W3C (7ae98af1)]&amp;#27;[39m Responding to client with driver.findElement() result: {&quot;element-6066-11e4-a52e-4f735466cecf&quot;:&quot;00000000-000009:54:53.441 [AsyncHttpClient-1-2] DEBUG org.asynchttpclient.netty.handler.HttpHandler - 

Request DefaultHttpRequest(decodeResult: success, version: HTTP/1.1)
POST /wd/hub/session/7ae98af1-f0c4-48bb-82e0-609d7d4c050b/element HTTP/1.1
User-Agent: selenium/4.5.0 (java windows)
Content-Length: 94
Content-Type: application/json; charset=utf-8
host: 0.0.0.0:4723
accept: */*

Response DefaultHttpResponse(decodeResult: success, version: HTTP/1.1)
HTTP/1.1 200 OK
X-Powered-By: Express
Vary: X-HTTP-Method-Override
Content-Type: application/json; charset=utf-8
ETag: W/&quot;89-oQm3nrL1RYeXqm5ocWoT1mIo5O0&quot;
Date: Fri, 02 Dec 2022 04:24:53 GMT
Connection: keep-alive
Keep-Alive: timeout=600
content-length: 137

-1be8-ffff-ffff00000010&quot;,&quot;ELEMENT&quot;:&quot;00000000-0000-1be8-ffff-ffff00000010&quot;}
09:54:53.442 [AsyncHttpClient-1-2] DEBUG org.asynchttpclient.netty.channel.ChannelManager - Adding key: http://0.0.0.0:4723 for channel [id: 0x007e0974, L:/127.0.0.1:56617 - R:/127.0.0.1:4723]
&amp;#27;[35m[HTTP]&amp;#27;[39m &amp;#27;[37m&lt;-- POST /wd/hub/session/7ae98af1-f0c4-48bb-82e0-609d7d4c050b/element &amp;#27;[39m&amp;#27;[32m200&amp;#27;[39m &amp;#27;[90m34 ms - 137&amp;#27;[39m
&amp;#27;[35m[HTTP]&amp;#27;[39m &amp;#27;[90m&amp;#27;[39m
09:54:53.443 [Forwarding isElementEnabled on session 7ae98af1-f0c4-48bb-82e0-609d7d4c050b to remote] DEBUG org.asynchttpclient.netty.request.NettyRequestSender - Using pooled Channel &apos;[id: 0x007e0974, L:/127.0.0.1:56617 - R:/127.0.0.1:4723]&apos; for &apos;GET&apos; to &apos;http://0.0.0.0:4723/wd/hub/session/7ae98af1-f0c4-48bb-82e0-609d7d4c050b/element/00000000-0000-1be8-ffff-ffff00000010/enabled&apos;
09:54:53.443 [Forwarding isElementEnabled on session 7ae98af1-f0c4-48bb-82e0-609d7d4c050b to remote] DEBUG org.asynchttpclient.netty.request.NettyRequestSender - Using open Channel [id: 0x007e0974, L:/127.0.0.1:56617 - R:/127.0.0.1:4723] for GET &apos;/wd/hub/session/7ae98af1-f0c4-48bb-82e0-609d7d4c050b/element/00000000-0000-1be8-ffff-ffff00000010/enabled&apos;
&amp;#27;[35m[HTTP]&amp;#27;[39m &amp;#27;[37m--&gt;&amp;#27;[39m &amp;#27;[37mGET&amp;#27;[39m &amp;#27;[37m/wd/hub/session/7ae98af1-f0c4-48bb-82e0-609d7d4c050b/element/00000000-0000-1be8-ffff-ffff00000010/enabled&amp;#27;[39m
&amp;#27;[35m[HTTP]&amp;#27;[39m &amp;#27;[90m{}&amp;#27;[39m
[debug] &amp;#27;[35m[W3C (7ae98af1)]&amp;#27;[39m Calling AppiumDriver.elementEnabled() with args: [&quot;00000000-0000-1be8-ffff-ffff00000010&quot;,&quot;7ae98af1-f0c4-48bb-82e0-609d7d4c050b&quot;]
[debug] &amp;#27;[35m[WD Proxy]&amp;#27;[39m Matched &apos;/element/00000000-0000-1be8-ffff-ffff00000010/attribute/enabled&apos; to command name &apos;getAttribute&apos;
[debug] &amp;#27;[35m[WD Proxy]&amp;#27;[39m Proxying [GET /element/00000000-0000-1be8-ffff-ffff00000010/attribute/enabled] to [GET http://127.0.0.1:8200/wd/hub/session/015791bc-716d-4afa-9c1f-c27f676dbeb8/element/00000000-0000-1be8-ffff-ffff00000010/attribute/enabled] with no body
[debug] &amp;#27;[35m[WD Proxy]&amp;#27;[39m Got response with status 200: {&quot;sessionId&quot;:&quot;015791bc-716d-4afa-9c1f-c27f676dbeb8&quot;,&quot;value&quot;:&quot;true&quot;}
[debug] &amp;#27;[35m[W3C (7ae98af1)]&amp;#27;[39m Responding to client with driver.elementEnabled() result: true
&amp;#27;[35m[HTTP]&amp;#27;[39m &amp;#27;[37m&lt;-- GET /wd/hub/session/7ae98af1-f0c4-48bb-82e0-609d7d4c050b/element/00000000-0000-1be8-ffff-ffff00000010/enabled &amp;#27;[39m&amp;#27;[09:54:53.462 [AsyncHttpClient-1-2] DEBUG org.asynchttpclient.netty.handler.HttpHandler - 

Request DefaultFullHttpRequest(decodeResult: success, version: HTTP/1.1, content: EmptyByteBufBE)
GET /wd/hub/session/7ae98af1-f0c4-48bb-82e0-609d7d4c050b/element/00000000-0000-1be8-ffff-ffff00000010/enabled HTTP/1.1
User-Agent: selenium/4.5.0 (java windows)
Cache-Control: no-cache
Content-Type: application/json; charset=utf-8
host: 0.0.0.0:4723
accept: */*

Response DefaultHttpResponse(decodeResult: success, version: HTTP/1.1)
HTTP/1.1 200 OK
X-Powered-By: Express
Content-Type: application/json; charset=utf-8
ETag: W/&quot;e-2ZHvAWebNQpyjGZTg6uyV8/spTo&quot;
Date: Fri, 02 Dec 2022 04:24:53 GMT
Connection: keep-alive
Keep-Alive: timeout=600
content-length: 14

32m200&amp;#27;[39m &amp;#27;[90m16 ms - 14&amp;#27;[39m
&amp;#27;[35m[HTTP]&amp;#27;[39m &amp;#27;[90m&amp;#27;[39m
09:54:53.463 [AsyncHttpClient-1-2] DEBUG org.asynchttpclient.netty.channel.ChannelManager - Adding key: http://0.0.0.0:4723 for channel [id: 0x007e0974, L:/127.0.0.1:56617 - R:/127.0.0.1:4723]
09:54:53.464 [Forwarding findElements on session 7ae98af1-f0c4-48bb-82e0-609d7d4c050b to remote] DEBUG org.asynchttpclient.netty.request.NettyRequestSender - Using pooled Channel &apos;[id: 0x007e0974, L:/127.0.0.1:56617 - R:/127.0.0.1:4723]&apos; for &apos;POST&apos; to &apos;http://0.0.0.0:4723/wd/hub/session/7ae98af1-f0c4-48bb-82e0-609d7d4c050b/elements&apos;
09:54:53.464 [Forwarding findElements on session 7ae98af1-f0c4-48bb-82e0-609d7d4c050b to remote] DEBUG org.asynchttpclient.netty.request.NettyRequestSender - Using open Channel [id: 0x007e0974, L:/127.0.0.1:56617 - R:/127.0.0.1:4723] for POST &apos;/wd/hub/session/7ae98af1-f0c4-48bb-82e0-609d7d4c050b/elements&apos;
&amp;#27;[35m[HTTP]&amp;#27;[39m &amp;#27;[37m--&gt;&amp;#27;[39m &amp;#27;[37mPOST&amp;#27;[39m &amp;#27;[37m/wd/hub/session/7ae98af1-f0c4-48bb-82e0-609d7d4c050b/elements&amp;#27;[39m
&amp;#27;[35m[HTTP]&amp;#27;[39m &amp;#27;[90m{&quot;using&quot;:&quot;id&quot;,&quot;value&quot;:&quot;com.example.android.testing.notes.mock:id/note_detail_description&quot;}&amp;#27;[39m
[debug] &amp;#27;[35m[W3C (7ae98af1)]&amp;#27;[39m Calling AppiumDriver.findElements() with args: [&quot;id&quot;,&quot;com.example.android.testing.notes.mock:id/note_detail_description&quot;,&quot;7ae98af1-f0c4-48bb-82e0-609d7d4c050b&quot;]
[debug] &amp;#27;[35m[BaseDriver]&amp;#27;[39m Valid locator strategies for this request: xpath, id, class name, accessibility id, css selector, -android uiautomator
[debug] &amp;#27;[35m[BaseDriver]&amp;#27;[39m Waiting up to 0 ms for condition
[debug] &amp;#27;[35m[WD Proxy]&amp;#27;[39m Matched &apos;/elements&apos; to command name &apos;findElements&apos;
[debug] &amp;#27;[35m[WD Proxy]&amp;#27;[39m Proxying [POST /elements] to [POST http://127.0.0.1:8200/wd/hub/session/015791bc-716d-4afa-9c1f-c27f676dbeb8/elements] with body: {&quot;strategy&quot;:&quot;id&quot;,&quot;selector&quot;:&quot;com.example.android.testing.notes.mock:id/note_detail_description&quot;,&quot;context&quot;:&quot;&quot;,&quot;multiple&quot;:true}
[debug] &amp;#27;[35m[WD Proxy]&amp;#27;[39m Got response with status 200: {&quot;sessionId&quot;:&quot;015791bc-716d-4afa-9c1f-c27f676dbeb8&quot;,&quot;value&quot;:[{&quot;ELEMENT&quot;:&quot;00000000-0000-1be8-ffff-ffff00000055&quot;,&quot;element-6066-11e4-a52e-4f735466cecf&quot;:&quot;00000000-0000-1be8-ffff-ffff00000055&quot;},{&quot;ELEMENT&quot;:&quot;00000000-0000-1be8-ffff-ffff00000074&quot;,&quot;element-6066-11e4-a52e-4f735466cecf&quot;:&quot;00000000-0000-1be8-ffff-ffff00000074&quot;},{&quot;ELEMENT&quot;:&quot;00000000-0000-1be8-ffff-ffff00000093&quot;,09:54:53.511 [AsyncHttpClient-1-2] DEBUG org.asynchttpclient.netty.handler.HttpHandler - 

Request DefaultHttpRequest(decodeResult: success, version: HTTP/1.1)
POST /wd/hub/session/7ae98af1-f0c4-48bb-82e0-609d7d4c050b/elements HTTP/1.1
User-Agent: selenium/4.5.0 (java windows)
Content-Length: 104
Content-Type: application/json; charset=utf-8
host: 0.0.0.0:4723
accept: */*

Response DefaultHttpResponse(decodeResult: success, version: HTTP/1.1)
HTTP/1.1 200 OK
X-Powered-By: Express
Vary: X-HTTP-Method-Override
Content-Type: application/json; charset=utf-8
ETag: W/&quot;18b-VxXrhLdo4f713i5kuHtzm4hXvLk&quot;
Date: Fri, 02 Dec 2022 04:24:53 GMT
Connection: keep-alive
Keep-Alive: timeout=600
content-length: 395

&quot;element-6066-11e4-a52e-4f735466cecf&quot;:&quot;00000000-0000-1be8-ffff-ffff00000093&quot;}]}
[debug] &amp;#27;[35m[W3C (7ae98af1)]&amp;#27;[39m09:54:53.512 [AsyncHttpClient-1-2] DEBUG org.asynchttpclient.netty.channel.ChannelManager - Adding key: http://0.0.0.0:4723 for channel [id: 0x007e0974, L:/127.0.0.1:56617 - R:/127.0.0.1:4723]
 Responding to client with driver.findElements() result: [{&quot;element-6066-11e4-a52e-4f735466cecf&quot;:&quot;00000000-0000-1be8-ffff-ffff00000055&quot;,&quot;ELEMENT&quot;:&quot;00000000-0000-1be8-ffff-ffff00000055&quot;},{&quot;element-6066-11e4-a52e-4f735466cecf&quot;:&quot;00000000-0000-1be8-ffff-ffff00000074&quot;09:54:53.513 [Forwarding getElementText on session 7ae98af1-f0c4-48bb-82e0-609d7d4c050b to remote] DEBUG org.asynchttpclient.netty.request.NettyRequestSender - Using pooled Channel &apos;[id: 0x007e0974, L:/127.0.0.1:56617 - R:/127.0.0.1:4723]&apos; for &apos;GET&apos; to &apos;http://0.0.0.0:4723/wd/hub/session/7ae98af1-f0c4-48bb-82e0-609d7d4c050b/element/00000000-0000-1be8-ffff-ffff00000055/text&apos;
,&quot;09:54:53.513 [Forwarding getElementText on session 7ae98af1-f0c4-48bb-82e0-609d7d4c050b to remote] DEBUG org.asynchttpclient.netty.request.NettyRequestSender - Using open Channel [id: 0x007e0974, L:/127.0.0.1:56617 - R:/127.0.0.1:4723] for GET &apos;/wd/hub/session/7ae98af1-f0c4-48bb-82e0-609d7d4c050b/element/00000000-0000-1be8-ffff-ffff00000055/text&apos;
ELEMENT&quot;:&quot;00000000-0000-1be8-ffff-ffff00000074&quot;},{&quot;element-6066-11e4-a52e-4f735466cecf&quot;:&quot;00000000-0000-1be8-ffff-ffff00000093&quot;,&quot;ELEMENT&quot;:&quot;00000000-0000-1be8-ffff-ffff00000093&quot;}]
&amp;#27;[35m[HTTP]&amp;#27;[39m &amp;#27;[37m&lt;-- POST /wd/hub/session/7ae98af1-f0c4-48bb-82e0-609d7d4c050b/elements &amp;#27;[39m&amp;#27;[32m200&amp;#27;[39m &amp;#27;[90m46 ms - 395&amp;#27;[39m
&amp;#27;[35m[HTTP]&amp;#27;[39m &amp;#27;[90m&amp;#27;[39m
&amp;#27;[35m[HTTP]&amp;#27;[39m &amp;#27;[37m--&gt;&amp;#27;[39m &amp;#27;[37mGET&amp;#27;[39m &amp;#27;[37m/wd/hub/session/7ae98af1-f0c4-48bb-82e0-609d7d4c050b/element/00000000-0000-1be8-ffff-ffff00000055/text&amp;#27;[39m
&amp;#27;[35m[HTTP]&amp;#27;[39m &amp;#27;[90m{}&amp;#27;[39m
&amp;#27;[35m[W3C (7ae98af1)]&amp;#27;[39m Driver proxy active, passing request on via HTTP proxy
[debug] &amp;#27;[35m[WD Proxy]&amp;#27;[39m Matched &apos;/wd/hub/session/7ae98af1-f0c4-48bb-82e0-609d7d4c050b/element/00000000-0000-1be8-ffff-ffff00000055/text&apos; to command name &apos;getText&apos;
[debug] &amp;#27;[35m[WD Proxy]&amp;#27;[39m Proxying [GET /wd/hub/session/7ae98af1-f0c4-48bb-82e0-609d7d4c050b/element/00000000-0000-1be8-ffff-ffff00000055/text] to [GET http://127.0.0.1:8200/wd/hub/session/015791bc-716d-4afa-9c1f-c27f676dbeb8/element/00000000-0000-1be8-ffff-ffff00000055/text] with no body
[debug] &amp;#27;[35m[WD Proxy]&amp;#27;[39m Got response with status 200: {&quot;sessionId&quot;:&quot;015791bc-716d-4afa-9c1f-c27f676dbeb8&quot;,&quot;value&quot;:&quot;Some text Description2&quot;}
&amp;#27;[35m[WD Proxy]&amp;#27;[39m Replacing sessionId 015791bc-716d-4afa-9c1f-c27f676dbeb8 with 7ae98af1-f0c4-48bb-82e0-609d7d4c050b
09:54:53.527 [AsyncHttpClient-1-2] DEBUG org.asynchttpclient.netty.handler.HttpHandler - 

Request DefaultFullHttpRequest(decodeResult: success, version: HTTP/1.1, content: EmptyByteBufBE)
GET /wd/hub/session/7ae98af1-f0c4-48bb-82e0-609d7d4c050b/element/00000000-0000-1be8-ffff-ffff00000055/text HTTP/1.1
User-Agent: selenium/4.5.0 (java windows)
Cache-Control: no-cache
Content-Type: application/json; charset=utf-8
host: 0.0.0.0:4723
accept: */*

Response DefaultHttpResponse(decodeResult: success, version: HTTP/1.1)
HTTP/1.1 200 OK
X-Powered-By: Express
Content-Type: application/json; charset=utf-8
ETag: W/&quot;55-rdYRVBBc7pJi3Uo1K/hdzdCTYWE&quot;
Date: Fri, 02 Dec 2022 04:24:53 GMT
Connection: keep-alive
Keep-Alive: timeout=600
content-length: 85

09:54:53.527 [AsyncHttpClient-1-2] DEBUG org.asynchttpclient.netty.channel.ChannelManager - Adding key: http://0.0.0.0:4723 for channel [id: 0x007e0974, L:/127.0.0.1:56617 - R:/127.0.0.1:4723]
&amp;#27;[35m[HTTP]&amp;#27;[39m &amp;#27;[37m&lt;-- GET /wd/hub/session/7ae98af1-f0c4-48bb-82e0-609d7d4c050b/element/00000000-0000-1be8-ffff-ffff00000055/text &amp;#27;[39m&amp;#27;[32m200&amp;#27;[39m &amp;#27;[90m13 ms - 85&amp;#27;[39m
&amp;#27;[35m[HTTP]&amp;#27;[39m &amp;#27;[90m&amp;#27;[39m
09:54:53.528 [Forwarding getElementText on session 7ae98af1-f0c4-48bb-82e0-609d7d4c050b to remote] DEBUG org.asynchttpclient.netty.request.NettyRequestSender - Using pooled Channel &apos;[id: 0x007e0974, L:/127.0.0.1:56617 - R:/127.0.0.1:4723]&apos; for &apos;GET&apos; to &apos;http://0.0.0.0:4723/wd/hub/session/7ae98af1-f0c4-48bb-82e0-609d7d4c050b/element/00000000-0000-1be8-ffff-ffff00000074/text&apos;
09:54:53.528 [Forwarding getElementText on session 7ae98af1-f0c4-48bb-82e0-609d7d4c050b to remote] DEBUG org.asynchttpclient.netty.request.NettyRequestSender - Using open Channel [id: 0x007e0974, L:/127.0.0.1:56617 - R:/127.0.0.1:4723] for GET &apos;/wd/hub/session/7ae98af1-f0c4-48bb-82e0-609d7d4c050b/element/00000000-0000-1be8-ffff-ffff00000074/text&apos;
&amp;#27;[35m[HTTP]&amp;#27;[39m &amp;#27;[37m--&gt;&amp;#27;[39m &amp;#27;[37mGET&amp;#27;[39m &amp;#27;[37m/wd/hub/session/7ae98af1-f0c4-48bb-82e0-609d7d4c050b/element/00000000-0000-1be8-ffff-ffff00000074/text&amp;#27;[39m
&amp;#27;[35m[HTTP]&amp;#27;[39m &amp;#27;[90m{}&amp;#27;[39m
&amp;#27;[35m[W3C (7ae98af1)]&amp;#27;[39m Driver proxy active, passing request on via HTTP proxy
[debug] &amp;#27;[35m[WD Proxy]&amp;#27;[39m Matched &apos;/wd/hub/session/7ae98af1-f0c4-48bb-82e0-609d7d4c050b/element/00000000-0000-1be8-ffff-ffff00000074/text&apos; to command name &apos;getText&apos;
[debug] &amp;#27;[35m[WD Proxy]&amp;#27;[39m Proxying [GET /wd/hub/session/7ae98af1-f0c4-48bb-82e0-609d7d4c050b/element/00000000-0000-1be8-ffff-ffff00000074/text] to [GET http://127.0.0.1:8200/wd/hub/session/015791bc-716d-4afa-9c1f-c27f676dbeb8/element/00000000-0000-1be8-ffff-ffff00000074/text] with no body
[debug] &amp;#27;[35m[WD Proxy]&amp;#27;[39m Got response with status 200: {&quot;sessionId&quot;:&quot;015791bc-716d-4afa-9c1f-c27f676dbeb8&quot;,&quot;value&quot;:&quot;Some Description&quot;}
&amp;#27;[35m[WD Proxy]&amp;#27;[39m Replacing sessionId 015791bc-716d-4afa-9c1f-c27f676dbeb8 with 7ae98af1-f0c4-48bb-82e0-609d7d4c050b
&amp;#27;[35m[HTTP]09:54:53.545 [AsyncHttpClient-1-2] DEBUG org.asynchttpclient.netty.handler.HttpHandler - 

Request DefaultFullHttpRequest(decodeResult: success, version: HTTP/1.1, content: EmptyByteBufBE)
GET /wd/hub/session/7ae98af1-f0c4-48bb-82e0-609d7d4c050b/element/00000000-0000-1be8-ffff-ffff00000074/text HTTP/1.1
User-Agent: selenium/4.5.0 (java windows)
Cache-Control: no-cache
Content-Type: application/json; charset=utf-8
host: 0.0.0.0:4723
accept: */*

Response DefaultHttpResponse(decodeResult: success, version: HTTP/1.1)
HTTP/1.1 200 OK
X-Powered-By: Express
Content-Type: application/json; charset=utf-8
ETag: W/&quot;4f-vRgsXLf8N3FRGSM3oi2WzOyOckk&quot;
Date: Fri, 02 Dec 2022 04:24:53 GMT
Connection: keep-alive
Keep-Alive: timeout=600
content-length: 79

&amp;#27;[39m &amp;#27;[37m&lt;-- GET /wd/hub/session/7ae98af1-f0c4-48bb-82e0-609d7d4c050b/element/00000000-0009:54:53.545 [AsyncHttpClient-1-2] DEBUG org.asynchttpclient.netty.channel.ChannelManager - Adding key: http://0.0.0.0:4723 for channel [id: 0x007e0974, L:/127.0.0.1:56617 - R:/127.0.0.1:4723]
00-1be8-ffff-ffff00000074/text &amp;#27;[39m&amp;#27;[32m200&amp;#27;[39m &amp;#27;[90m14 ms - 79&amp;#27;[39m
&amp;#27;[35m[HTTP]&amp;#27;[39m &amp;#27;[90m&amp;#27;[39m
09:54:53.545 [Forwarding getElementText on session 7ae98af1-f0c4-48bb-82e0-609d7d4c050b to remote] DEBUG org.asynchttpclient.netty.request.NettyRequestSender - Using pooled Channel &apos;[id: 0x007e0974, L:/127.0.0.1:56617 - R:/127.0.0.1:4723]&apos; for &apos;GET&apos; to &apos;http://0.0.0.0:4723/wd/hub/session/7ae98af1-f0c4-48bb-82e0-609d7d4c050b/element/00000000-0000-1be8-ffff-ffff00000093/text&apos;
09:54:53.545 [Forwarding getElementText on session 7ae98af1-f0c4-48bb-82e0-609d7d4c050b to remote] DEBUG org.asynchttpclient.netty.request.NettyRequestSender - Using open Channel [id: 0x007e0974, L:/127.0.0.1:56617 - R:/127.0.0.1:4723] for GET &apos;/wd/hub/session/7ae98af1-f0c4-48bb-82e0-609d7d4c050b/element/00000000-0000-1be8-ffff-ffff00000093/text&apos;
&amp;#27;[35m[HTTP]&amp;#27;[39m &amp;#27;[37m--&gt;&amp;#27;[39m &amp;#27;[37mGET&amp;#27;[39m &amp;#27;[37m/wd/hub/session/7ae98af1-f0c4-48bb-82e0-609d7d4c050b/element/00000000-0000-1be8-ffff-ffff00000093/text&amp;#27;[39m
&amp;#27;[35m[HTTP]&amp;#27;[39m &amp;#27;[90m{}&amp;#27;[39m
&amp;#27;[35m[W3C (7ae98af1)]&amp;#27;[39m Driver proxy active, passing request on via HTTP proxy
[debug] &amp;#27;[35m[WD Proxy]&amp;#27;[39m Matched &apos;/wd/hub/session/7ae98af1-f0c4-48bb-82e0-609d7d4c050b/element/00000000-0000-1be8-ffff-ffff00000093/text&apos; to command name &apos;getText&apos;
[debug] &amp;#27;[35m[WD Proxy]&amp;#27;[39m Proxying [GET /wd/hub/session/7ae98af1-f0c4-48bb-82e0-609d7d4c050b/element/00000000-0000-1be8-ffff-ffff00000093/text] to [GET http://127.0.0.1:8200/wd/hub/session/015791bc-716d-4afa-9c1f-c27f676dbeb8/element/00000000-0000-1be8-ffff-ffff00000093/text] with no body
[debug] &amp;#27;[35m[WD Proxy]&amp;#27;[39m Got response with status 200: {&quot;sessionId&quot;:&quot;015791bc-716d-4afa-9c1f-c27f676dbeb8&quot;,&quot;value&quot;:&quot;Some text Description1&quot;}
&amp;#27;[35m[WD Proxy]&amp;#27;[39m Replacing sessionId 015791bc-716d-4afa-9c1f-c27f676dbeb8 with 7ae98af1-f0c4-48bb-82e0-609d7d4c050b
&amp;#27;[35m[HTTP]&amp;#27;[39m &amp;#27;[37m&lt;-- 09:54:53.563 [AsyncHttpClient-1-2] DEBUG org.asynchttpclient.netty.handler.HttpHandler - 

Request DefaultFullHttpRequest(decodeResult: success, version: HTTP/1.1, content: EmptyByteBufBE)
GET /wd/hub/session/7ae98af1-f0c4-48bb-82e0-609d7d4c050b/element/00000000-0000-1be8-ffff-ffff00000093/text HTTP/1.1
User-Agent: selenium/4.5.0 (java windows)
Cache-Control: no-cache
Content-Type: application/json; charset=utf-8
host: 0.0.0.0:4723
accept: */*

Response DefaultHttpResponse(decodeResult: success, version: HTTP/1.1)
HTTP/1.1 200 OK
X-Powered-By: Express
Content-Type: application/json; charset=utf-8
ETag: W/&quot;55-Jqyig8P217/1FESc2xUD0oZTV2Y&quot;
Date: Fri, 02 Dec 2022 04:24:53 GMT
Connection: keep-alive
Keep-Alive: timeout=600
content-length: 85

GET /wd/hub/session/7ae98af1-f0c4-48bb-82e0-609d7d4c050b/element/00000000-0000-1be8-ffff-ffff00000093/text &amp;#27;[39m&amp;#27;[32m20009:54:53.563 [AsyncHttpClient-1-2] DEBUG org.asynchttpclient.netty.channel.ChannelManager - Adding key: http://0.0.0.0:4723 for channel [id: 0x007e0974, L:/127.0.0.1:56617 - R:/127.0.0.1:4723]
&amp;#27;[39m &amp;#27;[90m16 ms - 85&amp;#27;[39m
&amp;#27;[35m[HTTP]&amp;#27;[39m &amp;#27;[90m&amp;#27;[39m
  &amp;#27;[31mThen &amp;#27;[0m&amp;#27;[31mVerify note is added successfully with title and description&amp;#27;[0m &amp;#27;[90m# com.example.cocusmobiletest.stepdefinitions.NewNoteStepdefs.Verify_note_is_added_successfully_with_title_and_description()&amp;#27;[0m
      &amp;#27;[31mjava.lang.AssertionError: Expected Note with title and description not present
	at org.junit.Assert.fail(Assert.java:88)
	at org.junit.Assert.assertTrue(Assert.java:41)
	at com.example.cocusmobiletest.stepdefinitions.NewNoteStepdefs.Verify_note_is_added_successfully_with_title_and_description(NewNoteStepdefs.java:68)
	at Ã¢Å“Â½.Verify note is added successfully with title and description(file:///C:/SagarV/Projects/COCUS-Challenge/cocus-mobiletest-challenge/cocus-mobile-test/src/test/resources/features/AddNotes.feature:28)
&amp;#27;[0m
09:54:53.568 [Forwarding screenshot on session 7ae98af1-f0c4-48bb-82e0-609d7d4c050b to remote] DEBUG org.asynchttpclient.netty.request.NettyRequestSender - Using pooled Channel &apos;[id: 0x007e0974, L:/127.0.0.1:56617 - R:/127.0.0.1:4723]&apos; for &apos;GET&apos; to &apos;http://0.0.0.0:4723/wd/hub/session/7ae98af1-f0c4-48bb-82e0-609d7d4c050b/screenshot&apos;
09:54:53.568 [Forwarding screenshot on session 7ae98af1-f0c4-48bb-82e0-609d7d4c050b to remote] DEBUG org.asynchttpclient.netty.request.NettyRequestSender - Using open Channel [id: 0x007e0974, L:/127.0.0.1:56617 - R:/127.0.0.1:4723] for GET &apos;/wd/hub/session/7ae98af1-f0c4-48bb-82e0-609d7d4c050b/screenshot&apos;
&amp;#27;[35m[HTTP]&amp;#27;[39m &amp;#27;[37m--&gt;&amp;#27;[39m &amp;#27;[37mGET&amp;#27;[39m &amp;#27;[37m/wd/hub/session/7ae98af1-f0c4-48bb-82e0-609d7d4c050b/screenshot&amp;#27;[39m
&amp;#27;[35m[HTTP]&amp;#27;[39m &amp;#27;[90m{}&amp;#27;[39m
[debug] &amp;#27;[35m[W3C (7ae98af1)]&amp;#27;[39m Calling AppiumDriver.getScreenshot() with args: [&quot;7ae98af1-f0c4-48bb-82e0-609d7d4c050b&quot;]
[debug] &amp;#27;[35m[WD Proxy]&amp;#27;[39m Matched &apos;/screenshot&apos; to command name &apos;getScreenshot&apos;
[debug] &amp;#27;[35m[WD Proxy]&amp;#27;[39m Proxying [GET /screenshot] to [GET http://127.0.0.1:8200/wd/hub/session/015791bc-716d-4afa-9c1f-c27f676dbeb8/screenshot] with no body
[debug] &amp;#27;[35m[WD Proxy]&amp;#27;[39m Got response with status 200: {&quot;sessionId&quot;:&quot;015791bc-716d-4afa-9c1f-c27f676dbeb8&quot;,&quot;value&quot;:&quot;iVBORw0KGgoAAAANSUhEUgAABDgAAAlgCAYAAABtGofVAAAAAXNSR0IArs4c6QAAAARzQklUCAgI\nCHwIZIgAACAASURBVHic7J13XBPnH8c/F0ICBMISoiKKwYGy3ApuBUStkyrW0Vbrqq2tq9b2V2f7\nq7bOzp/VVm0draOuakVxD3APEJwgggNQhkCYSe73R8gllwFZLHner1dr7vLcc3fhkrvn83y/ny+F\nLh1pEAgEAoFAIBAIBAKBQCDUYTg1fQAEAoFAIBAIBAKBQCAQCOZCBA4CgUAgEAgEAoFAIBAIdR4i\ncBAIBAKBQCAQCAQCgUCo8xCBg0AgEAgEAoFAIBAIBEKdhwgcBAKBQCAQCAQCgUAgEOo8ROAgEAgE\nAoFAIB09:54:53.924 [AsyncHttpClient-1-2] DEBUG org.asynchttpclient.netty.handler.HttpHandler - 

Request DefaultFullHttpRequest(decodeResult: success, version: HTTP/1.1, content: EmptyByteBufBE)
GET /wd/hub/session/7ae98af1-f0c4-48bb-82e0-609d7d4c050b/screenshot HTTP/1.1
User-Agent: selenium/4.5.0 (java windows)
Cache-Control: no-cache
Content-Type: application/json; charset=utf-8
host: 0.0.0.0:4723
accept: */*

Response DefaultHttpResponse(decodeResult: success, version: HTTP/1.1)
HTTP/1.1 200 OK
X-Powered-By: Express
Content-Type: application/json; charset=utf-8
ETag: W/&quot;1e396-H0Zb+VQKjFXVq+6gk2NpXyPGxoE&quot;
Date: Fri, 02 Dec 2022 04:24:53 GMT
Connection: keep-alive
Keep-Alive: timeout=600
content-length: 123798

AIBAKBUOchAgeBQCAQCAQCgUAgEAiEOg8ROAgEAoFAIBAIBAKBQCDUeYjAQSAQCAQCgUAg\nEAgEAqHOQwQOAoFAIBAIBAKBQCAQCHUeInAQCAQCgUAgEAgEAoFAqPMQgYNAIBAIBAKBQCAQCARC\nnYcIHAQCgUAgEAgEAoFAIBDqPETgIBAIBAKBQCAQCAQCgVDnIQIHgUAgEAgEAoFAIBAIhDoPETgI\n09:54:53.926 [AsyncHttpClient-1-2] DEBUG org.asynchttpclient.netty.channel.ChannelManager - Adding key: http://0.0.0.0:4723 for channel [id: 0x007e0974, L:/127.0.0.1:56617 - R:/127.0.0.1:4723]
BAKBQCAQCAQCgUAg1HmIwEEgEAgEAoFAIBAIBAKhzkMEDgKBQCAQCAQCgUAgEAh1HiJwEAgEAoFA\nIBAIBAKBQKjzEIGDQCAQCAQCgUAgEAgEQp2HCBwEAoFAIBAIBAKBQCAQ6jxE4CAQCAQCgUAgEAgE\nAoFQ5yECB4FAIBAIBAKBQCAQCIQ6DxE4CAQCgUAgEAgEAoFAINR5iMBBIBAIBAKBQCAQCAQCoc5D\nBA4CgUAgEAgEAoFAIBAIdR4icBAIBAKBQCAQCAQCgUCo8xCBg0AgEAgEAoFAIBAIBEKdhwgcBAKB\nQCAQCLUUoUCAycOGY3RIaE0f...
[debug] &amp;#27;[35m[W3C (7ae98af1)]&amp;#27;[39m Responding to client with driver.getScreenshot() result: &quot;iVBORw0KGgoAAAANSUhEUgAABDgAAAlgCAYAAABtGofVAAAAAXNSR0IArs4c6QAAAARzQklUCAgI\nCHwIZIgAACAASURBVHic7J13XBPnH8c/F0ICBMISoiKKwYGy3ApuBUStkyrW0Vbrqq2tq9b2V2f7\nq7bOzp/VVm0draOuakVxD3APEJwgggNQhkCYSe73R8gllwFZLHner1dr7vLcc3fhkrvn83y/ny+F\nLh1pEAgEAoFAIBAIBAKBQCDUYTg1fQAEAoFAIBAIBAKBQCAQCOZCBA4CgUAgEAgEAoFAIBAIdR4i\ncBAIBAKBQCAQCAQCgUCo8xCBg0AgEAgEAoFAIBAIBEKdhwgcBAKBQCAQCAQCgUAgEOo8ROAgEAgE\nAoFAIBAIBAKBUOchAgeBQCAQCAQCgUAgEAiEOg8ROAgEAoFAIBAIBAKBQCDUeYjAQSAQCAQCgUAg\nEAgEAqHOQwQOAoFAIBAIBAKBQCAQCHUeInAQCAQCgUAgEAgEAoFAqPMQgYNAIBAIBAKBQCAQCARC\nnYcIHAQCgUAgEAgEAoFAIBDqPETgIBAIBAKBQCAQCAQCgVDnIQIHgUAgEAgEAoFAIBAIhDoPETgI\nBAKBQCAQCAQCgUAg1HmIwEEgEAgEAoFAIBAIBAKhzkMEDgKBQCAQCA
    Embedding Large text file as Note [image/png 90459 bytes]

QCgUAgEAh1HiJwEAgEAoFA\nIBAIBAKBQKjzEIGDQCAQCAQCgUAgEAgEQp2HCBwEAoFAIBAIBAKBQCAQ6jxE4CAQCAQCgUAgEAgE\nAoFQ5yECB4FAIBAIBAKBQCAQCIQ6DxE4CAQCgUAgEAgEAoFAINR5iMBBIBAIBAKBQCAQCAQCoc5D\nBA4CgUAgEAgEAoFAIBAIdR4icBAIBAKBQCAQCAQCgUCo8xCBg0AgEAgEAoFAIBAIBEKdhwgcBAKB\nQCAQCLUUoUCAycOGY3RIaE0fCoFAIBAItR4reDReUtMHQSAQCAQCgUDQ5tCa7xAZEorwoGAEBQQg\nKjYGJW...
&amp;#27;[35m[HTTP]&amp;#27;[39m &amp;#27;[37m&lt;-- GET /wd/hub/session/7ae98af1-f0c4-48bb-82e0-609d7d4c050b/screenshot &amp;#27;[39m&amp;#27;[32m200&amp;#27;[39m &amp;#27;[90m355 ms - 123798&amp;#27;[39m
&amp;#27;[35m[HTTP]&amp;#27;[39m &amp;#27;[90m&amp;#27;[39m
</system-out>
    <system-err>java.nio.file.AccessDeniedException: src\test\resources\testdata
	at java.base/sun.nio.fs.WindowsException.translateToIOException(WindowsException.java:89)
	at java.base/sun.nio.fs.WindowsException.rethrowAsIOException(WindowsException.java:103)
	at java.base/sun.nio.fs.WindowsException.rethrowAsIOException(WindowsException.java:108)
	at java.base/sun.nio.fs.WindowsFileSystemProvider.newByteChannel(WindowsFileSystemProvider.java:236)
	at java.base/java.nio.file.Files.newByteChannel(Files.java:380)
	at java.base/java.nio.file.Files.newByteChannel(Files.java:432)
	at java.base/java.nio.file.Files.readAllBytes(Files.java:3288)
	at java.base/java.nio.file.Files.readString(Files.java:3366)
	at java.base/java.nio.file.Files.readString(Files.java:3325)
	at com.example.cocusmobiletest.utils.TestUtils.readFile(TestUtils.java:71)
	at com.example.cocusmobiletest.stepdefinitions.NewNoteStepdefs.I_add_Note_with_and(NewNoteStepdefs.java:168)
	at java.base/jdk.internal.reflect.NativeMethodAccessorImpl.invoke0(Native Method)
	at java.base/jdk.internal.reflect.NativeMethodAccessorImpl.invoke(NativeMethodAccessorImpl.java:77)
	at java.base/jdk.internal.reflect.DelegatingMethodAccessorImpl.invoke(DelegatingMethodAccessorImpl.java:43)
	at java.base/java.lang.reflect.Method.invoke(Method.java:568)
	at io.cucumber.java.Invoker.doInvoke(Invoker.java:66)
	at io.cucumber.java.Invoker.invoke(Invoker.java:24)
	at io.cucumber.java.AbstractGlueDefinition.invokeMethod(AbstractGlueDefinition.java:47)
	at io.cucumber.java.JavaStepDefinition.execute(JavaStepDefinition.java:29)
	at io.cucumber.core.runner.CoreStepDefinition.execute(CoreStepDefinition.java:66)
	at io.cucumber.core.runner.PickleStepDefinitionMatch.runStep(PickleStepDefinitionMatch.java:63)
	at io.cucumber.core.runner.ExecutionMode$1.execute(ExecutionMode.java:10)
	at io.cucumber.core.runner.TestStep.executeStep(TestStep.java:85)
	at io.cucumber.core.runner.TestStep.run(TestStep.java:57)
	at io.cucumber.core.runner.PickleStepTestStep.run(PickleStepTestStep.java:51)
	at io.cucumber.core.runner.TestCase.run(TestCase.java:84)
	at io.cucumber.core.runner.Runner.runPickle(Runner.java:75)
	at io.cucumber.junit.PickleRunners$NoStepDescriptions.lambda$run$0(PickleRunners.java:151)
	at io.cucumber.core.runtime.CucumberExecutionContext.lambda$runTestCase$5(CucumberExecutionContext.java:129)
	at io.cucumber.core.runtime.RethrowingThrowableCollector.executeAndThrow(RethrowingThrowableCollector.java:23)
	at io.cucumber.core.runtime.CucumberExecutionContext.runTestCase(CucumberExecutionContext.java:129)
	at io.cucumber.junit.PickleRunners$NoStepDescriptions.run(PickleRunners.java:148)
	at io.cucumber.junit.FeatureRunner.runChild(FeatureRunner.java:144)
	at io.cucumber.junit.FeatureRunner.runChild(FeatureRunner.java:28)
	at org.junit.runners.ParentRunner$3.run(ParentRunner.java:238)
	at org.junit.runners.ParentRunner$1.schedule(ParentRunner.java:63)
	at org.junit.runners.ParentRunner.runChildren(ParentRunner.java:236)
	at org.junit.runners.ParentRunner.access$000(ParentRunner.java:53)
	at org.junit.runners.ParentRunner$2.evaluate(ParentRunner.java:229)
	at org.junit.runners.ParentRunner.run(ParentRunner.java:309)
	at io.cucumber.junit.FeatureRunner.run(FeatureRunner.java:137)
	at io.cucumber.junit.Cucumber.runChild(Cucumber.java:196)
	at io.cucumber.junit.Cucumber.runChild(Cucumber.java:89)
	at org.junit.runners.ParentRunner$3.run(ParentRunner.java:238)
	at org.junit.runners.ParentRunner$1.schedule(ParentRunner.java:63)
	at org.junit.runners.ParentRunner.runChildren(ParentRunner.java:236)
	at org.junit.runners.ParentRunner.access$000(ParentRunner.java:53)
	at org.junit.runners.ParentRunner$2.evaluate(ParentRunner.java:229)
	at io.cucumber.junit.Cucumber$RunBeforeAllHooks.evaluate(Cucumber.java:266)
	at io.cucumber.junit.Cucumber$RunAfterAllHooks.evaluate(Cucumber.java:281)
	at io.cucumber.junit.Cucumber$StartTestRun.evaluate(Cucumber.java:233)
	at io.cucumber.junit.Cucumber$FinishTestRun.evaluate(Cucumber.java:248)
	at org.junit.runners.ParentRunner.run(ParentRunner.java:309)
	at org.apache.maven.surefire.junit4.JUnit4Provider.execute(JUnit4Provider.java:252)
	at org.apache.maven.surefire.junit4.JUnit4Provider.executeTestSet(JUnit4Provider.java:141)
	at org.apache.maven.surefire.junit4.JUnit4Provider.invoke(JUnit4Provider.java:112)
	at java.base/jdk.internal.reflect.NativeMethodAccessorImpl.invoke0(Native Method)
	at java.base/jdk.internal.reflect.NativeMethodAccessorImpl.invoke(NativeMethodAccessorImpl.java:77)
	at java.base/jdk.internal.reflect.DelegatingMethodAccessorImpl.invoke(DelegatingMethodAccessorImpl.java:43)
	at java.base/java.lang.reflect.Method.invoke(Method.java:568)
	at org.apache.maven.surefire.util.ReflectionUtils.invokeMethodWithArray(ReflectionUtils.java:189)
	at org.apache.maven.surefire.booter.ProviderFactory$ProviderProxy.invoke(ProviderFactory.java:165)
	at org.apache.maven.surefire.booter.ProviderFactory.invokeProvider(ProviderFactory.java:85)
	at org.apache.maven.surefire.booter.ForkedBooter.runSuitesInProcess(ForkedBooter.java:115)
	at org.apache.maven.surefire.booter.ForkedBooter.main(ForkedBooter.java:75)
</system-err>
  </testcase>
  <testcase classname="Add Notes" name="Add Note from API" time="11.807"/>
  <testcase classname="Add Notes" name="Note are Persisted after Add Image" time="14.592">
    <failure message="Expected Note with title and description not present" type="java.lang.AssertionError">java.lang.AssertionError: Expected Note with title and description not present
	at org.junit.Assert.fail(Assert.java:88)
	at org.junit.Assert.assertTrue(Assert.java:41)
	at com.example.cocusmobiletest.stepdefinitions.NewNoteStepdefs.Verify_note_is_added_successfully_with_title_and_description(NewNoteStepdefs.java:68)
	at âœ½.Verify note is added successfully with title and description(file:///C:/SagarV/Projects/COCUS-Challenge/cocus-mobiletest-challenge/cocus-mobile-test/src/test/resources/features/AddNotes.feature:43)
</failure>
    <system-out>
@sanity
Scenario: Note are Persisted after Add Image                            &amp;#27;[90m# src/test/resources/features/AddNotes.feature:40&amp;#27;[0m
09:55:05.772 [Forwarding findElement on session 7ae98af1-f0c4-48bb-82e0-609d7d4c050b to remote] DEBUG org.asynchttpclient.netty.request.NettyRequestSender - Using pooled Channel &apos;[id: 0x007e0974, L:/127.0.0.1:56617 - R:/127.0.0.1:4723]&apos; for &apos;POST&apos; to &apos;http://0.0.0.0:4723/wd/hub/session/7ae98af1-f0c4-48bb-82e0-609d7d4c050b/element&apos;
09:55:05.772 [Forwarding findElement on session 7ae98af1-f0c4-48bb-82e0-609d7d4c050b to remote] DEBUG org.asynchttpclient.netty.request.NettyRequestSender - Using open Channel [id: 0x007e0974, L:/127.0.0.1:56617 - R:/127.0.0.1:4723] for POST &apos;/wd/hub/session/7ae98af1-f0c4-48bb-82e0-609d7d4c050b/element&apos;
&amp;#27;[35m[HTTP]&amp;#27;[39m &amp;#27;[37m--&gt;&amp;#27;[39m &amp;#27;[37mPOST&amp;#27;[39m &amp;#27;[37m/wd/hub/session/7ae98af1-f0c4-48bb-82e0-609d7d4c050b/element&amp;#27;[39m
&amp;#27;[35m[HTTP]&amp;#27;[39m &amp;#27;[90m{&quot;using&quot;:&quot;id&quot;,&quot;value&quot;:&quot;com.example.android.testing.notes.mock:id/fab_add_notes&quot;}&amp;#27;[39m
[debug] &amp;#27;[35m[W3C (7ae98af1)]&amp;#27;[39m Calling AppiumDriver.findElement() with args: [&quot;id&quot;,&quot;com.example.android.testing.notes.mock:id/fab_add_notes&quot;,&quot;7ae98af1-f0c4-48bb-82e0-609d7d4c050b&quot;]
[debug] &amp;#27;[35m[BaseDriver]&amp;#27;[39m Valid locator strategies for this request: xpath, id, class name, accessibility id, css selector, -android uiautomator
[debug] &amp;#27;[35m[BaseDriver]&amp;#27;[39m Waiting up to 0 ms for condition
[debug] &amp;#27;[35m[WD Proxy]&amp;#27;[39m Matched &apos;/element&apos; to command name &apos;findElement&apos;
[debug] &amp;#27;[35m[WD Proxy]&amp;#27;[39m Proxying [POST /element] to [POST http://127.0.0.1:8200/wd/hub/session/015791bc-716d-4afa-9c1f-c27f676dbeb8/element] with body: {&quot;strategy&quot;:&quot;id&quot;,&quot;selector&quot;:&quot;com.example.android.testing.notes.mock:id/fab_add_notes&quot;,&quot;context&quot;:&quot;&quot;,&quot;multiple&quot;:false}
[debug] &amp;#27;[35m[WD Proxy]&amp;#27;[39m Got response with status 200: {&quot;sessionId&quot;:&quot;015791bc-716d-4afa-9c1f-c27f676dbeb8&quot;,&quot;value&quot;:{&quot;ELEMENT&quot;:&quot;00000000-0000-1be8-ffff-ffff00000010&quot;,&quot;element-6066-11e4-a52e-4f735466cecf&quot;:&quot;00000000-0000-1be8-ffff-ffff00000010&quot;}}
[debug] &amp;#27;[35m[W3C (7ae98af1)]&amp;#27;[39m Responding to client with driver.findElement() result: {&quot;element-6066-11e4-a52e-4f735466cecf&quot;:&quot;00000000-000009:55:05.831 [AsyncHttpClient-1-2] DEBUG org.asynchttpclient.netty.handler.HttpHandler - 

Request DefaultHttpRequest(decodeResult: success, version: HTTP/1.1)
POST /wd/hub/session/7ae98af1-f0c4-48bb-82e0-609d7d4c050b/element HTTP/1.1
User-Agent: selenium/4.5.0 (java windows)
Content-Length: 94
Content-Type: application/json; charset=utf-8
host: 0.0.0.0:4723
accept: */*

Response DefaultHttpResponse(decodeResult: success, version: HTTP/1.1)
HTTP/1.1 200 OK
X-Powered-By: Express
Vary: X-HTTP-Method-Override
Content-Type: application/json; charset=utf-8
ETag: W/&quot;89-oQm3nrL1RYeXqm5ocWoT1mIo5O0&quot;
Date: Fri, 02 Dec 2022 04:25:05 GMT
Connection: keep-alive
Keep-Alive: timeout=600
content-length: 137

-1be8-ffff-ffff00000010&quot;,&quot;ELEMENT&quot;:&quot;00000000-0000-1be8-ffff-ffff00000010&quot;}
09:55:05.831 [AsyncHttpClient-1-2] DEBUG org.asynchttpclient.netty.channel.ChannelManager - Adding key: http://0.0.0.0:4723 for channel [id: 0x007e0974, L:/127.0.0.1:56617 - R:/127.0.0.1:4723]
&amp;#27;[35m[HTTP]&amp;#27;[39m &amp;#27;[37m&lt;-- POST /wd/hub/session/7ae98af1-f0c4-48bb-82e0-609d7d4c050b/element &amp;#27;[39m&amp;#27;[32m200&amp;#27;[39m &amp;#27;[90m58 ms - 137&amp;#27;[39m
&amp;#27;[35m[HTTP]&amp;#27;[39m &amp;#27;[90m&amp;#27;[39m
09:55:05.833 [Forwarding isElementDisplayed on session 7ae98af1-f0c4-48bb-82e0-609d7d4c050b to remote] DEBUG org.asynchttpclient.netty.request.NettyRequestSender - Using pooled Channel &apos;[id: 0x007e0974, L:/127.0.0.1:56617 - R:/127.0.0.1:4723]&apos; for &apos;GET&apos; to &apos;http://0.0.0.0:4723/wd/hub/session/7ae98af1-f0c4-48bb-82e0-609d7d4c050b/element/00000000-0000-1be8-ffff-ffff00000010/displayed&apos;
09:55:05.833 [Forwarding isElementDisplayed on session 7ae98af1-f0c4-48bb-82e0-609d7d4c050b to remote] DEBUG org.asynchttpclient.netty.request.NettyRequestSender - Using open Channel [id: 0x007e0974, L:/127.0.0.1:56617 - R:/127.0.0.1:4723] for GET &apos;/wd/hub/session/7ae98af1-f0c4-48bb-82e0-609d7d4c050b/element/00000000-0000-1be8-ffff-ffff00000010/displayed&apos;
&amp;#27;[35m[HTTP]&amp;#27;[39m &amp;#27;[37m--&gt;&amp;#27;[39m &amp;#27;[37mGET&amp;#27;[39m &amp;#27;[37m/wd/hub/session/7ae98af1-f0c4-48bb-82e0-609d7d4c050b/element/00000000-0000-1be8-ffff-ffff00000010/displayed&amp;#27;[39m
&amp;#27;[35m[HTTP]&amp;#27;[39m &amp;#27;[90m{}&amp;#27;[39m
[debug] &amp;#27;[35m[W3C (7ae98af1)]&amp;#27;[39m Calling AppiumDriver.elementDisplayed() with args: [&quot;00000000-0000-1be8-ffff-ffff00000010&quot;,&quot;7ae98af1-f0c4-48bb-82e0-609d7d4c050b&quot;]
[debug] &amp;#27;[35m[WD Proxy]&amp;#27;[39m Matched &apos;/element/00000000-0000-1be8-ffff-ffff00000010/attribute/displayed&apos; to command name &apos;getAttribute&apos;
[debug] &amp;#27;[35m[WD Proxy]&amp;#27;[39m Proxying [GET /element/00000000-0000-1be8-ffff-ffff00000010/attribute/displayed] to [GET http://127.0.0.1:8200/wd/hub/session/015791bc-716d-4afa-9c1f-c27f676dbeb8/element/00000000-0000-1be8-ffff-ffff00000010/attribute/displayed] with no body
[debug] &amp;#27;[35m[WD Proxy]&amp;#27;[39m Got response with status 200: {&quot;sessionId&quot;:&quot;015791bc-716d-4afa-9c1f-c27f676dbeb8&quot;,&quot;value&quot;:&quot;true&quot;}
[debug] &amp;#27;[35m[W3C (7ae98af1)]&amp;#27;[39m Responding to client with driver.elementDisplayed() result: true
09:55:05.854 [AsyncHttpClient-1-2] DEBUG org.asynchttpclient.netty.handler.HttpHandler - 

Request DefaultFullHttpRequest(decodeResult: success, version: HTTP/1.1, content: EmptyByteBufBE)
GET /wd/hub/session/7ae98af1-f0c4-48bb-82e0-609d7d4c050b/element/00000000-0000-1be8-ffff-ffff00000010/displayed HTTP/1.1
User-Agent: selenium/4.5.0 (java windows)
Cache-Control: no-cache
Content-Type: application/json; charset=utf-8
host: 0.0.0.0:4723
accept: */*

Response DefaultHttpResponse(decodeResult: success, version: HTTP/1.1)
HTTP/1.1 200 OK
X-Powered-By: Express
Content-Type: application/json; charset=utf-8
ETag: W/&quot;e-2ZHvAWebNQpyjGZTg6uyV8/spTo&quot;
Date: Fri, 02 Dec 2022 04:25:05 GMT
Connection: keep-alive
Keep-Alive: timeout=600
content-length: 14

&amp;#27;[35m[HTTP]&amp;#27;[39m &amp;#27;[37m&lt;-- GET /wd/hub/session/7ae98af1-f0c4-48bb-82e0-609d7d4c0509:55:05.854 [AsyncHttpClient-1-2] DEBUG org.asynchttpclient.netty.channel.ChannelManager - Adding key: http://0.0.0.0:4723 for channel [id: 0x007e0974, L:/127.0.0.1:56617 - R:/127.0.0.1:4723]
0b/element/00000000-0000-1be8-ffff-ffff00000010/displayed &amp;#27;[39m&amp;#27;[32m200&amp;#27;[39m &amp;#27;[90m19 ms - 14&amp;#27;[39m
&amp;#27;[35m[HTTP]&amp;#27;[39m &amp;#27;[90m&amp;#27;[39m
09:55:05.855 [Forwarding findElement on session 7ae98af1-f0c4-48bb-82e0-609d7d4c050b to remote] DEBUG org.asynchttpclient.netty.request.NettyRequestSender - Using pooled Channel &apos;[id: 0x007e0974, L:/127.0.0.1:56617 - R:/127.0.0.1:4723]&apos; for &apos;POST&apos; to &apos;http://0.0.0.0:4723/wd/hub/session/7ae98af1-f0c4-48bb-82e0-609d7d4c050b/element&apos;
09:55:05.856 [Forwarding findElement on session 7ae98af1-f0c4-48bb-82e0-609d7d4c050b to remote] DEBUG org.asynchttpclient.netty.request.NettyRequestSender - Using open Channel [id: 0x007e0974, L:/127.0.0.1:56617 - R:/127.0.0.1:4723] for POST &apos;/wd/hub/session/7ae98af1-f0c4-48bb-82e0-609d7d4c050b/element&apos;
&amp;#27;[35m[HTTP]&amp;#27;[39m &amp;#27;[37m--&gt;&amp;#27;[39m &amp;#27;[37mPOST&amp;#27;[39m &amp;#27;[37m/wd/hub/session/7ae98af1-f0c4-48bb-82e0-609d7d4c050b/element&amp;#27;[39m
&amp;#27;[35m[HTTP]&amp;#27;[39m &amp;#27;[90m{&quot;using&quot;:&quot;id&quot;,&quot;value&quot;:&quot;com.example.android.testing.notes.mock:id/fab_add_notes&quot;}&amp;#27;[39m
[debug] &amp;#27;[35m[W3C (7ae98af1)]&amp;#27;[39m Calling AppiumDriver.findElement() with args: [&quot;id&quot;,&quot;com.example.android.testing.notes.mock:id/fab_add_notes&quot;,&quot;7ae98af1-f0c4-48bb-82e0-609d7d4c050b&quot;]
[debug] &amp;#27;[35m[BaseDriver]&amp;#27;[39m Valid locator strategies for this request: xpath, id, class name, accessibility id, css selector, -android uiautomator
[debug] &amp;#27;[35m[BaseDriver]&amp;#27;[39m Waiting up to 0 ms for condition
[debug] &amp;#27;[35m[WD Proxy]&amp;#27;[39m Matched &apos;/element&apos; to command name &apos;findElement&apos;
[debug] &amp;#27;[35m[WD Proxy]&amp;#27;[39m Proxying [POST /element] to [POST http://127.0.0.1:8200/wd/hub/session/015791bc-716d-4afa-9c1f-c27f676dbeb8/element] with body: {&quot;strategy&quot;:&quot;id&quot;,&quot;selector&quot;:&quot;com.example.android.testing.notes.mock:id/fab_add_notes&quot;,&quot;context&quot;:&quot;&quot;,&quot;multiple&quot;:false}
[debug] &amp;#27;[35m[WD Proxy]&amp;#27;[39m Got response with status 200: {&quot;sessionId&quot;:&quot;015791bc-716d-4afa-9c1f-c27f676dbeb8&quot;,&quot;value&quot;:{&quot;ELEMENT&quot;:&quot;00000000-0000-1be8-ffff-ffff00000010&quot;,&quot;element-6066-11e4-a52e-4f735466cecf&quot;:&quot;00000000-0000-1be8-ffff-ffff00000010&quot;}}
[debug] &amp;#27;[35m[W3C (7ae98af1)]&amp;#27;[39m Responding to client with driver.findElement() result: {&quot;element-6066-11e4-a52e-4f735466cecf&quot;:&quot;00000000-0000-1be8-ffff-ffff00009:55:05.912 [AsyncHttpClient-1-2] DEBUG org.asynchttpclient.netty.handler.HttpHandler - 

Request DefaultHttpRequest(decodeResult: success, version: HTTP/1.1)
POST /wd/hub/session/7ae98af1-f0c4-48bb-82e0-609d7d4c050b/element HTTP/1.1
User-Agent: selenium/4.5.0 (java windows)
Content-Length: 94
Content-Type: application/json; charset=utf-8
host: 0.0.0.0:4723
accept: */*

Response DefaultHttpResponse(decodeResult: success, version: HTTP/1.1)
HTTP/1.1 200 OK
X-Powered-By: Express
Vary: X-HTTP-Method-Override
Content-Type: application/json; charset=utf-8
ETag: W/&quot;89-oQm3nrL1RYeXqm5ocWoT1mIo5O0&quot;
Date: Fri, 02 Dec 2022 04:25:05 GMT
Connection: keep-alive
Keep-Alive: timeout=600
content-length: 137

00010&quot;,&quot;ELEMENT&quot;:&quot;00000000-0000-1be8-ffff-ffff00000010&quot;}
09:55:05.913 [AsyncHttpClient-1-2] DEBUG org.asynchttpclient.netty.channel.ChannelManager - Adding key: http://0.0.0.0:4723 for channel [id: 0x007e0974, L:/127.0.0.1:56617 - R:/127.0.0.1:4723]
&amp;#27;[35m[HTTP]&amp;#27;[39m &amp;#27;[37m&lt;-- POST /wd/hub/session/7ae98af1-f0c4-48bb-82e0-609d7d4c050b/element &amp;#27;[39m&amp;#27;[32m200&amp;#27;[39m &amp;#27;[90m55 ms - 137&amp;#27;[39m
&amp;#27;[35m[HTTP]&amp;#27;[39m &amp;#27;[90m&amp;#27;[39m
09:55:05.914 [Forwarding isElementEnabled on session 7ae98af1-f0c4-48bb-82e0-609d7d4c050b to remote] DEBUG org.asynchttpclient.netty.request.NettyRequestSender - Using pooled Channel &apos;[id: 0x007e0974, L:/127.0.0.1:56617 - R:/127.0.0.1:4723]&apos; for &apos;GET&apos; to &apos;http://0.0.0.0:4723/wd/hub/session/7ae98af1-f0c4-48bb-82e0-609d7d4c050b/element/00000000-0000-1be8-ffff-ffff00000010/enabled&apos;
09:55:05.914 [Forwarding isElementEnabled on session 7ae98af1-f0c4-48bb-82e0-609d7d4c050b to remote] DEBUG org.asynchttpclient.netty.request.NettyRequestSender - Using open Channel [id: 0x007e0974, L:/127.0.0.1:56617 - R:/127.0.0.1:4723] for GET &apos;/wd/hub/session/7ae98af1-f0c4-48bb-82e0-609d7d4c050b/element/00000000-0000-1be8-ffff-ffff00000010/enabled&apos;
&amp;#27;[35m[HTTP]&amp;#27;[39m &amp;#27;[37m--&gt;&amp;#27;[39m &amp;#27;[37mGET&amp;#27;[39m &amp;#27;[37m/wd/hub/session/7ae98af1-f0c4-48bb-82e0-609d7d4c050b/element/00000000-0000-1be8-ffff-ffff00000010/enabled&amp;#27;[39m
&amp;#27;[35m[HTTP]&amp;#27;[39m &amp;#27;[90m{}&amp;#27;[39m
[debug] &amp;#27;[35m[W3C (7ae98af1)]&amp;#27;[39m Calling AppiumDriver.elementEnabled() with args: [&quot;00000000-0000-1be8-ffff-ffff00000010&quot;,&quot;7ae98af1-f0c4-48bb-82e0-609d7d4c050b&quot;]
[debug] &amp;#27;[35m[WD Proxy]&amp;#27;[39m Matched &apos;/element/00000000-0000-1be8-ffff-ffff00000010/attribute/enabled&apos; to command name &apos;getAttribute&apos;
[debug] &amp;#27;[35m[WD Proxy]&amp;#27;[39m Proxying [GET /element/00000000-0000-1be8-ffff-ffff00000010/attribute/enabled] to [GET http://127.0.0.1:8200/wd/hub/session/015791bc-716d-4afa-9c1f-c27f676dbeb8/element/00000000-0000-1be8-ffff-ffff00000010/attribute/enabled] with no body
[debug] &amp;#27;[35m[WD Proxy]&amp;#27;[39m Got response with status 200: {&quot;sessionId&quot;:&quot;015791bc-716d-4afa-9c1f-c27f676dbeb8&quot;,&quot;value&quot;:&quot;true&quot;}
[debug] &amp;#27;[35m[W3C (7ae98af1)]&amp;#27;[39m Responding to client with driver.elementEnabled() result: true
09:55:05.927 [AsyncHttpClient-1-2] DEBUG org.asynchttpclient.netty.handler.HttpHandler - 

Request DefaultFullHttpRequest(decodeResult: success, version: HTTP/1.1, content: EmptyByteBufBE)
GET /wd/hub/session/7ae98af1-f0c4-48bb-82e0-609d7d4c050b/element/00000000-0000-1be8-ffff-ffff00000010/enabled HTTP/1.1
User-Agent: selenium/4.5.0 (java windows)
Cache-Control: no-cache
Content-Type: application/json; charset=utf-8
host: 0.0.0.0:4723
accept: */*

Response DefaultHttpResponse(decodeResult: success, version: HTTP/1.1)
HTTP/1.1 200 OK
X-Powered-By: Express
Content-Type: application/json; charset=utf-8
ETag: W/&quot;e-2ZHvAWebNQpyjGZTg6uyV8/spTo&quot;
Date: Fri, 02 Dec 2022 04:25:05 GMT
Connection: keep-alive
Keep-Alive: timeout=600
content-length: 14

&amp;#27;[35m[HTTP]&amp;#27;[39m &amp;#27;[37m&lt;-- G09:55:05.927 [AsyncHttpClient-1-2] DEBUG org.asynchttpclient.netty.channel.ChannelManager - Adding key: http://0.0.0.0:4723 for channel [id: 0x007e0974, L:/127.0.0.1:56617 - R:/127.0.0.1:4723]
ET /wd/hub/session/7ae98af1-f0c4-48bb-82e0-609d7d4c050b/element/00000000-0000-1be8-ffff-ffff00000010/enabled &amp;#27;[39m&amp;#27;[32m200&amp;#27;[39m &amp;#27;[90m12 ms - 14&amp;#27;[39m
&amp;#27;[35m[HTTP]&amp;#27;[39m &amp;#27;[90m&amp;#27;[39m
09:55:05.929 [Forwarding findElement on session 7ae98af1-f0c4-48bb-82e0-609d7d4c050b to remote] DEBUG org.asynchttpclient.netty.request.NettyRequestSender - Using pooled Channel &apos;[id: 0x007e0974, L:/127.0.0.1:56617 - R:/127.0.0.1:4723]&apos; for &apos;POST&apos; to &apos;http://0.0.0.0:4723/wd/hub/session/7ae98af1-f0c4-48bb-82e0-609d7d4c050b/element&apos;
09:55:05.929 [Forwarding findElement on session 7ae98af1-f0c4-48bb-82e0-609d7d4c050b to remote] DEBUG org.asynchttpclient.netty.request.NettyRequestSender - Using open Channel [id: 0x007e0974, L:/127.0.0.1:56617 - R:/127.0.0.1:4723] for POST &apos;/wd/hub/session/7ae98af1-f0c4-48bb-82e0-609d7d4c050b/element&apos;
&amp;#27;[35m[HTTP]&amp;#27;[39m &amp;#27;[37m--&gt;&amp;#27;[39m &amp;#27;[37mPOST&amp;#27;[39m &amp;#27;[37m/wd/hub/session/7ae98af1-f0c4-48bb-82e0-609d7d4c050b/element&amp;#27;[39m
&amp;#27;[35m[HTTP]&amp;#27;[39m &amp;#27;[90m{&quot;using&quot;:&quot;id&quot;,&quot;value&quot;:&quot;com.example.android.testing.notes.mock:id/fab_add_notes&quot;}&amp;#27;[39m
[debug] &amp;#27;[35m[W3C (7ae98af1)]&amp;#27;[39m Calling AppiumDriver.findElement() with args: [&quot;id&quot;,&quot;com.example.android.testing.notes.mock:id/fab_add_notes&quot;,&quot;7ae98af1-f0c4-48bb-82e0-609d7d4c050b&quot;]
[debug] &amp;#27;[35m[BaseDriver]&amp;#27;[39m Valid locator strategies for this request: xpath, id, class name, accessibility id, css selector, -android uiautomator
[debug] &amp;#27;[35m[BaseDriver]&amp;#27;[39m Waiting up to 0 ms for condition
[debug] &amp;#27;[35m[WD Proxy]&amp;#27;[39m Matched &apos;/element&apos; to command name &apos;findElement&apos;
[debug] &amp;#27;[35m[WD Proxy]&amp;#27;[39m Proxying [POST /element] to [POST http://127.0.0.1:8200/wd/hub/session/015791bc-716d-4afa-9c1f-c27f676dbeb8/element] with body: {&quot;strategy&quot;:&quot;id&quot;,&quot;selector&quot;:&quot;com.example.android.testing.notes.mock:id/fab_add_notes&quot;,&quot;context&quot;:&quot;&quot;,&quot;multiple&quot;:false}
[debug] &amp;#27;[35m[WD Proxy]&amp;#27;[39m Got response with status 200: {&quot;sessionId&quot;:&quot;015791bc-716d-4afa-9c1f-c27f676dbeb8&quot;,&quot;value&quot;:{&quot;ELEMENT&quot;:&quot;00000000-0000-1be8-ffff-ffff00000010&quot;,&quot;element-6066-11e4-a52e-4f735466cecf&quot;:&quot;00000000-0000-1be8-ffff-ffff00000010&quot;}}
[debug] &amp;#27;[35m[W3C (7ae98af1)]&amp;#27;[39m Responding to client with dr09:55:05.999 [AsyncHttpClient-1-2] DEBUG org.asynchttpclient.netty.handler.HttpHandler - 

Request DefaultHttpRequest(decodeResult: success, version: HTTP/1.1)
POST /wd/hub/session/7ae98af1-f0c4-48bb-82e0-609d7d4c050b/element HTTP/1.1
User-Agent: selenium/4.5.0 (java windows)
Content-Length: 94
Content-Type: application/json; charset=utf-8
host: 0.0.0.0:4723
accept: */*

Response DefaultHttpResponse(decodeResult: success, version: HTTP/1.1)
HTTP/1.1 200 OK
X-Powered-By: Express
Vary: X-HTTP-Method-Override
Content-Type: application/json; charset=utf-8
ETag: W/&quot;89-oQm3nrL1RYeXqm5ocWoT1mIo5O0&quot;
Date: Fri, 02 Dec 2022 04:25:05 GMT
Connection: keep-alive
Keep-Alive: timeout=600
content-length: 137

iver.findElement() result: {&quot;element-6066-11e4-a52e-4f735466cecf&quot;:&quot;00000000-0000-1be8-ffff-ffff00000010&quot;09:55:06.000 [AsyncHttpClient-1-2] DEBUG org.asynchttpclient.netty.channel.ChannelManager - Adding key: http://0.0.0.0:4723 for channel [id: 0x007e0974, L:/127.0.0.1:56617 - R:/127.0.0.1:4723]
,&quot;ELEMENT&quot;:&quot;00000000-0000-1be8-ffff-ffff00000010&quot;}
&amp;#27;[35m[HTTP]&amp;#27;[39m &amp;#27;[37m&lt;-- POST /wd/hub/session/7ae98af1-f0c4-48bb-82e0-609d7d4c050b/element &amp;#27;[39m&amp;#27;[32m200&amp;#27;[39m &amp;#27;[90m68 ms - 137&amp;#27;[39m
&amp;#27;[35m[HTTP]&amp;#27;[39m &amp;#27;[90m&amp;#27;[39m
09:55:06.001 [Forwarding clickElement on session 7ae98af1-f0c4-48bb-82e0-609d7d4c050b to remote] DEBUG org.asynchttpclient.netty.request.NettyRequestSender - Using pooled Channel &apos;[id: 0x007e0974, L:/127.0.0.1:56617 - R:/127.0.0.1:4723]&apos; for &apos;POST&apos; to &apos;http://0.0.0.0:4723/wd/hub/session/7ae98af1-f0c4-48bb-82e0-609d7d4c050b/element/00000000-0000-1be8-ffff-ffff00000010/click&apos;
09:55:06.001 [Forwarding clickElement on session 7ae98af1-f0c4-48bb-82e0-609d7d4c050b to remote] DEBUG org.asynchttpclient.netty.request.NettyRequestSender - Using open Channel [id: 0x007e0974, L:/127.0.0.1:56617 - R:/127.0.0.1:4723] for POST &apos;/wd/hub/session/7ae98af1-f0c4-48bb-82e0-609d7d4c050b/element/00000000-0000-1be8-ffff-ffff00000010/click&apos;
&amp;#27;[35m[HTTP]&amp;#27;[39m &amp;#27;[37m--&gt;&amp;#27;[39m &amp;#27;[37mPOST&amp;#27;[39m &amp;#27;[37m/wd/hub/session/7ae98af1-f0c4-48bb-82e0-609d7d4c050b/element/00000000-0000-1be8-ffff-ffff00000010/click&amp;#27;[39m
&amp;#27;[35m[HTTP]&amp;#27;[39m &amp;#27;[90m{&quot;id&quot;:&quot;00000000-0000-1be8-ffff-ffff00000010&quot;}&amp;#27;[39m
[debug] &amp;#27;[35m[W3C (7ae98af1)]&amp;#27;[39m Calling AppiumDriver.click() with args: [&quot;00000000-0000-1be8-ffff-ffff00000010&quot;,&quot;7ae98af1-f0c4-48bb-82e0-609d7d4c050b&quot;]
[debug] &amp;#27;[35m[WD Proxy]&amp;#27;[39m Matched &apos;/element/00000000-0000-1be8-ffff-ffff00000010/click&apos; to command name &apos;click&apos;
[debug] &amp;#27;[35m[WD Proxy]&amp;#27;[39m Proxying [POST /element/00000000-0000-1be8-ffff-ffff00000010/click] to [POST http://127.0.0.1:8200/wd/hub/session/015791bc-716d-4afa-9c1f-c27f676dbeb8/element/00000000-0000-1be8-ffff-ffff00000010/click] with body: {&quot;element&quot;:&quot;00000000-0000-1be8-ffff-ffff00000010&quot;}
[debug] &amp;#27;[35m[WD Proxy]&amp;#27;[39m Got response with status 200: {&quot;sessionId&quot;:&quot;015791bc-716d-4afa-9c1f-c27f676dbeb8&quot;,&quot;value&quot;:null}
[debug] &amp;#27;[35m[W3C (7ae98af1)]&amp;#27;[39m Responding to client with driver.click() result: null
09:55:06.077 [AsyncHttpClient-1-2] DEBUG org.asynchttpclient.netty.handler.HttpHandler - 

Request DefaultHttpRequest(decodeResult: success, version: HTTP/1.1)
POST /wd/hub/session/7ae98af1-f0c4-48bb-82e0-609d7d4c050b/element/00000000-0000-1be8-ffff-ffff00000010/click HTTP/1.1
User-Agent: selenium/4.5.0 (java windows)
Content-Length: 50
Content-Type: application/json; charset=utf-8
host: 0.0.0.0:4723
accept: */*

Response DefaultHttpResponse(decodeResult: success, version: HTTP/1.1)
HTTP/1.1 200 OK
X-Powered-By: Express
Vary: X-HTTP-Method-Override
Content-Type: application/json; charset=utf-8
ETag: W/&quot;e-9/1BuKMgFObM1mWJm+YjxtXJnUM&quot;
Date: Fri, 02 Dec 2022 04:25:06 GMT
Connection: keep-alive
Keep-Alive: timeout=600
content-length: 14

&amp;#27;[35m[HTTP]&amp;#27;[39m &amp;#27;[37m&lt;-- POST /wd/hub/session/7ae98af1-f0c4-48bb-82e0-609d7d4c050b/element/00000000-000009:55:06.078 [AsyncHttpClient-1-2] DEBUG org.asynchttpclient.netty.channel.ChannelManager - Adding key: http://0.0.0.0:4723 for channel [id: 0x007e0974, L:/127.0.0.1:56617 - R:/127.0.0.1:4723]
-1be8-ffff-ffff00000010/click &amp;#27;[39m&amp;#27;[32m200&amp;#27;[39m &amp;#27;[90m74 ms - 14&amp;#27;[39m
&amp;#27;[35m[HTTP]&amp;#27;[39m &amp;#27;[90m&amp;#27;[39m
09:55:06.078 [Forwarding findElement on session 7ae98af1-f0c4-48bb-82e0-609d7d4c050b to remote] DEBUG org.asynchttpclient.netty.request.NettyRequestSender - Using pooled Channel &apos;[id: 0x007e0974, L:/127.0.0.1:56617 - R:/127.0.0.1:4723]&apos; for &apos;POST&apos; to &apos;http://0.0.0.0:4723/wd/hub/session/7ae98af1-f0c4-48bb-82e0-609d7d4c050b/element&apos;
09:55:06.078 [Forwarding findElement on session 7ae98af1-f0c4-48bb-82e0-609d7d4c050b to remote] DEBUG org.asynchttpclient.netty.request.NettyRequestSender - Using open Channel [id: 0x007e0974, L:/127.0.0.1:56617 - R:/127.0.0.1:4723] for POST &apos;/wd/hub/session/7ae98af1-f0c4-48bb-82e0-609d7d4c050b/element&apos;
&amp;#27;[35m[HTTP]&amp;#27;[39m &amp;#27;[37m--&gt;&amp;#27;[39m &amp;#27;[37mPOST&amp;#27;[39m &amp;#27;[37m/wd/hub/session/7ae98af1-f0c4-48bb-82e0-609d7d4c050b/element&amp;#27;[39m
&amp;#27;[35m[HTTP]&amp;#27;[39m &amp;#27;[90m{&quot;using&quot;:&quot;id&quot;,&quot;value&quot;:&quot;com.example.android.testing.notes.mock:id/add_note_title&quot;}&amp;#27;[39m
[debug] &amp;#27;[35m[W3C (7ae98af1)]&amp;#27;[39m Calling AppiumDriver.findElement() with args: [&quot;id&quot;,&quot;com.example.android.testing.notes.mock:id/add_note_title&quot;,&quot;7ae98af1-f0c4-48bb-82e0-609d7d4c050b&quot;]
[debug] &amp;#27;[35m[BaseDriver]&amp;#27;[39m Valid locator strategies for this request: xpath, id, class name, accessibility id, css selector, -android uiautomator
[debug] &amp;#27;[35m[BaseDriver]&amp;#27;[39m Waiting up to 0 ms for condition
[debug] &amp;#27;[35m[WD Proxy]&amp;#27;[39m Matched &apos;/element&apos; to command name &apos;findElement&apos;
[debug] &amp;#27;[35m[WD Proxy]&amp;#27;[39m Proxying [POST /element] to [POST http://127.0.0.1:8200/wd/hub/session/015791bc-716d-4afa-9c1f-c27f676dbeb8/element] with body: {&quot;strategy&quot;:&quot;id&quot;,&quot;selector&quot;:&quot;com.example.android.testing.notes.mock:id/add_note_title&quot;,&quot;context&quot;:&quot;&quot;,&quot;multiple&quot;:false}
&amp;#27;[35m[WD Proxy]&amp;#27;[39m Got response with status 404: {&quot;sessionId&quot;:&quot;015791bc-716d-4afa-9c1f-c27f676dbeb8&quot;,&quot;value&quot;:{&quot;error&quot;:&quot;no such element&quot;,&quot;message&quot;:&quot;An element could not be located on the page using the given search parameters&quot;,&quot;stacktrace&quot;:&quot;io.appium.uiautomator2.common.exceptions.ElementNotFoundException: An element could not be located on the page using the given search parameters\n\tat io.appium.uiautomator2.handler.FindElement.safeHandle(FindElement.java:70)\n\tat io.appium.uiautomator2.handler.request.SafeRequestHandler.handle(SafeRequestHandler.java:59)\n\tat io.appium.uiautomator2.server.AppiumServlet.handleRequest(AppiumServlet.java:266)\n\tat io.appium.uiautomator2.server.AppiumServlet.handleHttpRequest(AppiumServlet.java:260)\n\tat io.appium.uiautomator2.http.ServerHandler.channelRead(ServerHandler.java:68)\n\tat io.netty.channel.AbstractChannelHandlerContext.invokeChannelRead(AbstractChannelHandlerContext.java:366)\n\tat io.netty.channel.AbstractChannelHandlerContext.invokeChannel09:55:06.161 [AsyncHttpClient-1-2] DEBUG org.asynchttpclient.netty.handler.HttpHandler - 

Request DefaultHttpRequest(decodeResult: success, version: HTTP/1.1)
POST /wd/hub/session/7ae98af1-f0c4-48bb-82e0-609d7d4c050b/element HTTP/1.1
User-Agent: selenium/4.5.0 (java windows)
Content-Length: 95
Content-Type: application/json; charset=utf-8
host: 0.0.0.0:4723
accept: */*

Response DefaultHttpResponse(decodeResult: success, version: HTTP/1.1)
HTTP/1.1 404 Not Found
X-Powered-By: Express
Vary: X-HTTP-Method-Override
Content-Type: application/json; charset=utf-8
ETag: W/&quot;370-dTE2jiWDUpBVgBRiqETyupcduWo&quot;
Date: Fri, 02 Dec 2022 04:25:06 GMT
Connection: keep-alive
Keep-Alive: timeout=600
content-length: 880

Read(AbstractChannelHandlerConte09:55:06.161 [AsyncHttpClient-1-2] DEBUG org.asynchttpclient.netty.channel.ChannelManager - Adding key: http://0.0.0.0:4723 for channel [id: 0x007e0974, L:/127.0.0.1:56617 - R:/127.0.0.1:4723]
xt.java:352)\n\tat io.netty.chann...
[debug] &amp;#27;[35m[W3C]&amp;#27;[39m Matched W3C error code &apos;no such element&apos; to NoSuchElementError
[debug] &amp;#27;[35m[W3C (7ae98af1)]&amp;#27;[39m Encountered internal error running command: NoSuchElementError: An element could not be located on the page using the given search parameters.
[debug] &amp;#27;[35m[W3C (7ae98af1)]&amp;#27;[39m     at AndroidUiautomator2Driver.findElOrEls (C:\Users\manis\AppData\Roaming\npm\node_modules\appium\node_modules\appium-android-driver\lib\commands\find.js:75:11)
[debug] &amp;#27;[35m[W3C (7ae98af1)]&amp;#27;[39m     at processTicksAndRejections (node:internal/process/task_queues:95:5)
[debug] &amp;#27;[35m[W3C (7ae98af1)]&amp;#27;[39m     at AndroidUiautomator2Driver.findElOrElsWithProcessing (C:\Users\manis\AppData\Roaming\npm\node_modules\appium\node_modules\appium-base-driver\lib\basedriver\commands\find.js:33:12)
[debug] &amp;#27;[35m[W3C (7ae98af1)]&amp;#27;[39m     at AndroidUiautomator2Driver.findElement (C:\Users\manis\AppData\Roaming\npm\node_modules\appium\node_modules\appium-base-driver\lib\basedriver\commands\find.js:53:10)
&amp;#27;[35m[HTTP]&amp;#27;[39m &amp;#27;[37m&lt;-- POST /wd/hub/session/7ae98af1-f0c4-48bb-82e0-609d7d4c050b/element &amp;#27;[39m&amp;#27;[33m404&amp;#27;[39m &amp;#27;[90m81 ms - 880&amp;#27;[39m
&amp;#27;[35m[HTTP]&amp;#27;[39m &amp;#27;[90m&amp;#27;[39m
09:55:06.666 [Forwarding findElement on session 7ae98af1-f0c4-48bb-82e0-609d7d4c050b to remote] DEBUG org.asynchttpclient.netty.request.NettyRequestSender - Using pooled Channel &apos;[id: 0x007e0974, L:/127.0.0.1:56617 - R:/127.0.0.1:4723]&apos; for &apos;POST&apos; to &apos;http://0.0.0.0:4723/wd/hub/session/7ae98af1-f0c4-48bb-82e0-609d7d4c050b/element&apos;
09:55:06.666 [Forwarding findElement on session 7ae98af1-f0c4-48bb-82e0-609d7d4c050b to remote] DEBUG org.asynchttpclient.netty.request.NettyRequestSender - Using open Channel [id: 0x007e0974, L:/127.0.0.1:56617 - R:/127.0.0.1:4723] for POST &apos;/wd/hub/session/7ae98af1-f0c4-48bb-82e0-609d7d4c050b/element&apos;
&amp;#27;[35m[HTTP]&amp;#27;[39m &amp;#27;[37m--&gt;&amp;#27;[39m &amp;#27;[37mPOST&amp;#27;[39m &amp;#27;[37m/wd/hub/session/7ae98af1-f0c4-48bb-82e0-609d7d4c050b/element&amp;#27;[39m
&amp;#27;[35m[HTTP]&amp;#27;[39m &amp;#27;[90m{&quot;using&quot;:&quot;id&quot;,&quot;value&quot;:&quot;com.example.android.testing.notes.mock:id/add_note_title&quot;}&amp;#27;[39m
[debug] &amp;#27;[35m[W3C (7ae98af1)]&amp;#27;[39m Calling AppiumDriver.findElement() with args: [&quot;id&quot;,&quot;com.example.android.testing.notes.mock:id/add_note_title&quot;,&quot;7ae98af1-f0c4-48bb-82e0-609d7d4c050b&quot;]
[debug] &amp;#27;[35m[BaseDriver]&amp;#27;[39m Valid locator strategies for this request: xpath, id, class name, accessibility id, css selector, -android uiautomator
[debug] &amp;#27;[35m[BaseDriver]&amp;#27;[39m Waiting up to 0 ms for condition
[debug] &amp;#27;[35m[WD Proxy]&amp;#27;[39m Matched &apos;/element&apos; to command name &apos;findElement&apos;
[debug] &amp;#27;[35m[WD Proxy]&amp;#27;[39m Proxying [POST /element] to [POST http://127.0.0.1:8200/wd/hub/session/015791bc-716d-4afa-9c1f-c27f676dbeb8/element] with body: {&quot;strategy&quot;:&quot;id&quot;,&quot;selector&quot;:&quot;com.example.android.testing.notes.mock:id/add_note_title&quot;,&quot;context&quot;:&quot;&quot;,&quot;multiple&quot;:false}
[debug] &amp;#27;[35m[WD Proxy]&amp;#27;[39m Got response with status 200: {&quot;sessionId&quot;:&quot;015791bc-716d-4afa-9c1f-c27f676dbeb8&quot;,&quot;value&quot;:{&quot;ELEMENT&quot;:&quot;00000000-0000-1bef-ffff-ffff000000e5&quot;,&quot;element-6066-11e4-a52e-4f735466cecf&quot;:&quot;00000000-0000-1bef-ffff-ffff000000e5&quot;}}
09:55:06.843 [AsyncHttpClient-1-2] DEBUG org.asynchttpclient.netty.handler.HttpHandler - 

Request DefaultHttpRequest(decodeResult: success, version: HTTP/1.1)
POST /wd/hub/session/7ae98af1-f0c4-48bb-82e0-609d7d4c050b/element HTTP/1.1
User-Agent: selenium/4.5.0 (java windows)
Content-Length: 95
Content-Type: application/json; charset=utf-8
host: 0.0.0.0:4723
accept: */*

Response DefaultHttpResponse(decodeResult: success, version: HTTP/1.1)
HTTP/1.1 200 OK
X-Powered-By: Express
Vary: X-HTTP-Method-Override
Content-Type: application/json; charset=utf-8
ETag: W/&quot;89-+N8xfZkkSSPNgeq5T5AarkDYnAo&quot;
Date: Fri, 02 Dec 2022 04:25:06 GMT
Connection: keep-alive
Keep-Alive: timeout=600
content-length: 137

[debug] &amp;#27;[35m[W3C (7ae98af1)]&amp;#27;[39m Respond09:55:06.844 [AsyncHttpClient-1-2] DEBUG org.asynchttpclient.netty.channel.ChannelManager - Adding key: http://0.0.0.0:4723 for channel [id: 0x007e0974, L:/127.0.0.1:56617 - R:/127.0.0.1:4723]
ing to client with driver.findElement() result: {&quot;element-6066-11e4-a52e-4f735466cecf&quot;:&quot;00000000-0000-1bef-ffff-ffff000000e5&quot;,&quot;ELEMENT&quot;:&quot;00000000-0000-1bef-ffff-ffff000000e5&quot;}
&amp;#27;[35m[HTTP]&amp;#27;[39m &amp;#27;[37m&lt;-- POST /wd/hub/session/7ae98af1-f0c09:55:06.845 [Forwarding isElementDisplayed on session 7ae98af1-f0c4-48bb-82e0-609d7d4c050b to remote] DEBUG org.asynchttpclient.netty.request.NettyRequestSender - Using pooled Channel &apos;[id: 0x007e0974, L:/127.0.0.1:56617 - R:/127.0.0.1:4723]&apos; for &apos;GET&apos; to &apos;http://0.0.0.0:4723/wd/hub/session/7ae98af1-f0c4-48bb-82e0-609d7d4c050b/element/00000000-0000-1bef-ffff-ffff000000e5/displayed&apos;
4-48bb-82e0-609d7d4c050b09:55:06.846 [Forwarding isElementDisplayed on session 7ae98af1-f0c4-48bb-82e0-609d7d4c050b to remote] DEBUG org.asynchttpclient.netty.request.NettyRequestSender - Using open Channel [id: 0x007e0974, L:/127.0.0.1:56617 - R:/127.0.0.1:4723] for GET &apos;/wd/hub/session/7ae98af1-f0c4-48bb-82e0-609d7d4c050b/element/00000000-0000-1bef-ffff-ffff000000e5/displayed&apos;
/element &amp;#27;[39m&amp;#27;[32m200&amp;#27;[39m &amp;#27;[90m174 ms - 137&amp;#27;[39m
&amp;#27;[35m[HTTP]&amp;#27;[39m &amp;#27;[90m&amp;#27;[39m
&amp;#27;[35m[HTTP]&amp;#27;[39m &amp;#27;[37m--&gt;&amp;#27;[39m &amp;#27;[37mGET&amp;#27;[39m &amp;#27;[37m/wd/hub/session/7ae98af1-f0c4-48bb-82e0-609d7d4c050b/element/00000000-0000-1bef-ffff-ffff000000e5/displayed&amp;#27;[39m
&amp;#27;[35m[HTTP]&amp;#27;[39m &amp;#27;[90m{}&amp;#27;[39m
[debug] &amp;#27;[35m[W3C (7ae98af1)]&amp;#27;[39m Calling AppiumDriver.elementDisplayed() with args: [&quot;00000000-0000-1bef-ffff-ffff000000e5&quot;,&quot;7ae98af1-f0c4-48bb-82e0-609d7d4c050b&quot;]
[debug] &amp;#27;[35m[WD Proxy]&amp;#27;[39m Matched &apos;/element/00000000-0000-1bef-ffff-ffff000000e5/attribute/displayed&apos; to command name &apos;getAttribute&apos;
[debug] &amp;#27;[35m[WD Proxy]&amp;#27;[39m Proxying [GET /element/00000000-0000-1bef-ffff-ffff000000e5/attribute/displayed] to [GET http://127.0.0.1:8200/wd/hub/session/015791bc-716d-4afa-9c1f-c27f676dbeb8/element/00000000-0000-1bef-ffff-ffff000000e5/attribute/displayed] with no body
[debug] &amp;#27;[35m[WD Proxy]&amp;#27;[39m Got response with status 200: {&quot;sessionId&quot;:&quot;015791bc-716d-4afa-9c1f-c27f676dbeb8&quot;,&quot;value&quot;:&quot;true&quot;}
[debug] &amp;#27;[35m[W3C (7ae98af1)]&amp;#27;[39m Responding to client with driver.elementDisplayed() result: true
&amp;#27;[35m[HTTP]&amp;#27;09:55:06.866 [AsyncHttpClient-1-2] DEBUG org.asynchttpclient.netty.handler.HttpHandler - 

Request DefaultFullHttpRequest(decodeResult: success, version: HTTP/1.1, content: EmptyByteBufBE)
GET /wd/hub/session/7ae98af1-f0c4-48bb-82e0-609d7d4c050b/element/00000000-0000-1bef-ffff-ffff000000e5/displayed HTTP/1.1
User-Agent: selenium/4.5.0 (java windows)
Cache-Control: no-cache
Content-Type: application/json; charset=utf-8
host: 0.0.0.0:4723
accept: */*

Response DefaultHttpResponse(decodeResult: success, version: HTTP/1.1)
HTTP/1.1 200 OK
X-Powered-By: Express
Content-Type: application/json; charset=utf-8
ETag: W/&quot;e-2ZHvAWebNQpyjGZTg6uyV8/spTo&quot;
Date: Fri, 02 Dec 2022 04:25:06 GMT
Connection: keep-alive
Keep-Alive: timeout=600
content-length: 14

[39m &amp;#27;[37m&lt;-- GET /wd/hub/session/7ae98af109:55:06.866 [AsyncHttpClient-1-2] DEBUG org.asynchttpclient.netty.channel.ChannelManager - Adding key: http://0.0.0.0:4723 for channel [id: 0x007e0974, L:/127.0.0.1:56617 - R:/127.0.0.1:4723]
-f0c4-48bb-82e0-609d7d4c050b/element/00000000-0000-1bef-ffff-ffff000000e5/displayed &amp;#27;[39m&amp;#27;[32m200&amp;#27;[39m &amp;#27;[90m17 ms - 14&amp;#27;[39m
&amp;#27;[35m[HTTP]&amp;#27;[39m &amp;#27;[90m&amp;#27;[39m
09:55:06.867 [Forwarding findElement on session 7ae98af1-f0c4-48bb-82e0-609d7d4c050b to remote] DEBUG org.asynchttpclient.netty.request.NettyRequestSender - Using pooled Channel &apos;[id: 0x007e0974, L:/127.0.0.1:56617 - R:/127.0.0.1:4723]&apos; for &apos;POST&apos; to &apos;http://0.0.0.0:4723/wd/hub/session/7ae98af1-f0c4-48bb-82e0-609d7d4c050b/element&apos;
09:55:06.867 [Forwarding findElement on session 7ae98af1-f0c4-48bb-82e0-609d7d4c050b to remote] DEBUG org.asynchttpclient.netty.request.NettyRequestSender - Using open Channel [id: 0x007e0974, L:/127.0.0.1:56617 - R:/127.0.0.1:4723] for POST &apos;/wd/hub/session/7ae98af1-f0c4-48bb-82e0-609d7d4c050b/element&apos;
&amp;#27;[35m[HTTP]&amp;#27;[39m &amp;#27;[37m--&gt;&amp;#27;[39m &amp;#27;[37mPOST&amp;#27;[39m &amp;#27;[37m/wd/hub/session/7ae98af1-f0c4-48bb-82e0-609d7d4c050b/element&amp;#27;[39m
&amp;#27;[35m[HTTP]&amp;#27;[39m &amp;#27;[90m{&quot;using&quot;:&quot;id&quot;,&quot;value&quot;:&quot;com.example.android.testing.notes.mock:id/add_note_title&quot;}&amp;#27;[39m
[debug] &amp;#27;[35m[W3C (7ae98af1)]&amp;#27;[39m Calling AppiumDriver.findElement() with args: [&quot;id&quot;,&quot;com.example.android.testing.notes.mock:id/add_note_title&quot;,&quot;7ae98af1-f0c4-48bb-82e0-609d7d4c050b&quot;]
[debug] &amp;#27;[35m[BaseDriver]&amp;#27;[39m Valid locator strategies for this request: xpath, id, class name, accessibility id, css selector, -android uiautomator
[debug] &amp;#27;[35m[BaseDriver]&amp;#27;[39m Waiting up to 0 ms for condition
[debug] &amp;#27;[35m[WD Proxy]&amp;#27;[39m Matched &apos;/element&apos; to command name &apos;findElement&apos;
[debug] &amp;#27;[35m[WD Proxy]&amp;#27;[39m Proxying [POST /element] to [POST http://127.0.0.1:8200/wd/hub/session/015791bc-716d-4afa-9c1f-c27f676dbeb8/element] with body: {&quot;strategy&quot;:&quot;id&quot;,&quot;selector&quot;:&quot;com.example.android.testing.notes.mock:id/add_note_title&quot;,&quot;context&quot;:&quot;&quot;,&quot;multiple&quot;:false}
[debug] &amp;#27;[35m[WD Proxy]&amp;#27;[39m Got response with status 200: {&quot;sessionId&quot;:&quot;015791bc-716d-4afa-9c1f-c27f676dbeb8&quot;,&quot;value&quot;:{&quot;ELEMENT&quot;:&quot;00000000-0000-1bef-ffff-ffff000000e5&quot;,&quot;element-6066-11e4-a52e-4f735466cecf&quot;:&quot;00000000-0000-1bef-ffff-ffff000000e5&quot;}}
[debug] &amp;#27;[35m[W3C (7ae98af1)]&amp;#27;[39m Responding to client with driver.findElement() result: {&quot;element-6066-11e4-a52e-409:55:06.891 [AsyncHttpClient-1-2] DEBUG org.asynchttpclient.netty.handler.HttpHandler - 

Request DefaultHttpRequest(decodeResult: success, version: HTTP/1.1)
POST /wd/hub/session/7ae98af1-f0c4-48bb-82e0-609d7d4c050b/element HTTP/1.1
User-Agent: selenium/4.5.0 (java windows)
Content-Length: 95
Content-Type: application/json; charset=utf-8
host: 0.0.0.0:4723
accept: */*

Response DefaultHttpResponse(decodeResult: success, version: HTTP/1.1)
HTTP/1.1 200 OK
X-Powered-By: Express
Vary: X-HTTP-Method-Override
Content-Type: application/json; charset=utf-8
ETag: W/&quot;89-+N8xfZkkSSPNgeq5T5AarkDYnAo&quot;
Date: Fri, 02 Dec 2022 04:25:06 GMT
Connection: keep-alive
Keep-Alive: timeout=600
content-length: 137

f735466cecf&quot;:&quot;00000000-0000-1bef-ffff-ffff000000e5&quot;,&quot;EL09:55:06.893 [AsyncHttpClient-1-2] DEBUG org.asynchttpclient.netty.channel.ChannelManager - Adding key: http://0.0.0.0:4723 for channel [id: 0x007e0974, L:/127.0.0.1:56617 - R:/127.0.0.1:4723]
EMENT&quot;:&quot;00000000-0000-1bef-ffff-ffff000000e5&quot;}
&amp;#27;[35m[HTTP]&amp;#27;[39m &amp;#27;[37m&lt;-- POST /wd/hub/session/7ae98af1-f0c4-48bb-82e0-609d7d4c050b/element &amp;#27;[39m&amp;#27;[32m200&amp;#27;[39m &amp;#27;[90m24 ms - 137&amp;#27;[39m
&amp;#27;[35m[HTTP]&amp;#27;[39m &amp;#27;[90m&amp;#27;[39m
09:55:06.894 [Forwarding sendKeysToElement on session 7ae98af1-f0c4-48bb-82e0-609d7d4c050b to remote] DEBUG org.asynchttpclient.netty.request.NettyRequestSender - Using pooled Channel &apos;[id: 0x007e0974, L:/127.0.0.1:56617 - R:/127.0.0.1:4723]&apos; for &apos;POST&apos; to &apos;http://0.0.0.0:4723/wd/hub/session/7ae98af1-f0c4-48bb-82e0-609d7d4c050b/element/00000000-0000-1bef-ffff-ffff000000e5/value&apos;
09:55:06.894 [Forwarding sendKeysToElement on session 7ae98af1-f0c4-48bb-82e0-609d7d4c050b to remote] DEBUG org.asynchttpclient.netty.request.NettyRequestSender - Using open Channel [id: 0x007e0974, L:/127.0.0.1:56617 - R:/127.0.0.1:4723] for POST &apos;/wd/hub/session/7ae98af1-f0c4-48bb-82e0-609d7d4c050b/element/00000000-0000-1bef-ffff-ffff000000e5/value&apos;
&amp;#27;[35m[HTTP]&amp;#27;[39m &amp;#27;[37m--&gt;&amp;#27;[39m &amp;#27;[37mPOST&amp;#27;[39m &amp;#27;[37m/wd/hub/session/7ae98af1-f0c4-48bb-82e0-609d7d4c050b/element/00000000-0000-1bef-ffff-ffff000000e5/value&amp;#27;[39m
&amp;#27;[35m[HTTP]&amp;#27;[39m &amp;#27;[90m{&quot;id&quot;:&quot;00000000-0000-1bef-ffff-ffff000000e5&quot;,&quot;text&quot;:&quot;&quot;,&quot;value&quot;:[]}&amp;#27;[39m
[debug] &amp;#27;[35m[W3C (7ae98af1)]&amp;#27;[39m Calling AppiumDriver.setValue() with args: [[],&quot;00000000-0000-1bef-ffff-ffff000000e5&quot;,&quot;7ae98af1-f0c4-48bb-82e0-609d7d4c050b&quot;]
[debug] &amp;#27;[35m[WD Proxy]&amp;#27;[39m Matched &apos;/element/00000000-0000-1bef-ffff-ffff000000e5/value&apos; to command name &apos;setValue&apos;
[debug] &amp;#27;[35m[Protocol Converter]&amp;#27;[39m Added &apos;value&apos; property [] to &apos;setValue&apos; request body
[debug] &amp;#27;[35m[WD Proxy]&amp;#27;[39m Proxying [POST /element/00000000-0000-1bef-ffff-ffff000000e5/value] to [POST http://127.0.0.1:8200/wd/hub/session/015791bc-716d-4afa-9c1f-c27f676dbeb8/element/00000000-0000-1bef-ffff-ffff000000e5/value] with body: {&quot;elementId&quot;:&quot;00000000-0000-1bef-ffff-ffff000000e5&quot;,&quot;text&quot;:&quot;&quot;,&quot;replace&quot;:false,&quot;value&quot;:[]}
[debug] &amp;#27;[35m[WD Proxy]&amp;#27;[39m Got response with status 200: {&quot;sessionId&quot;:&quot;015791bc-716d-4afa-9c1f-c27f676dbeb8&quot;,&quot;value&quot;:null}
[debug] &amp;#27;[35m[W3C (7ae98af1)]&amp;#27;[39m Responding to client with driver.setValue() result: null
09:55:07.862 [AsyncHttpClient-1-2] DEBUG org.asynchttpclient.netty.handler.HttpHandler - 

Request DefaultHttpRequest(decodeResult: success, version: HTTP/1.1)
POST /wd/hub/session/7ae98af1-f0c4-48bb-82e0-609d7d4c050b/element/00000000-0000-1bef-ffff-ffff000000e5/value HTTP/1.1
User-Agent: selenium/4.5.0 (java windows)
Content-Length: 82
Content-Type: application/json; charset=utf-8
host: 0.0.0.0:4723
accept: */*

Response DefaultHttpResponse(decodeResult: success, version: HTTP/1.1)
HTTP/1.1 200 OK
X-Powered-By: Express
Vary: X-HTTP-Method-Override
Content-Type: application/json; charset=utf-8
ETag: W/&quot;e-9/1BuKMgFObM1mWJm+YjxtXJnUM&quot;
Date: Fri, 02 Dec 2022 04:25:07 GMT
Connection: keep-alive
Keep-Alive: timeout=600
content-length: 14

&amp;#27;[35m[HTTP]&amp;#27;[39m &amp;#27;[37m&lt;-- POST /wd09:55:07.863 [AsyncHttpClient-1-2] DEBUG org.asynchttpclient.netty.channel.ChannelManager - Adding key: http://0.0.0.0:4723 for channel [id: 0x007e0974, L:/127.0.0.1:56617 - R:/127.0.0.1:4723]
/hub/session/7ae98af1-f0c4-48bb-82e0-609d7d4c050b/element/00000000-0000-1bef-ffff-ffff000000e5/value &amp;#27;[39m&amp;#27;[32m200&amp;#27;[39m &amp;#27;[90m967 ms - 14&amp;#27;[39m
&amp;#27;[35m[HTTP]&amp;#27;[39m &amp;#27;[90m&amp;#27;[39m
09:55:07.864 [Forwarding findElement on session 7ae98af1-f0c4-48bb-82e0-609d7d4c050b to remote] DEBUG org.asynchttpclient.netty.request.NettyRequestSender - Using pooled Channel &apos;[id: 0x007e0974, L:/127.0.0.1:56617 - R:/127.0.0.1:4723]&apos; for &apos;POST&apos; to &apos;http://0.0.0.0:4723/wd/hub/session/7ae98af1-f0c4-48bb-82e0-609d7d4c050b/element&apos;
09:55:07.865 [Forwarding findElement on session 7ae98af1-f0c4-48bb-82e0-609d7d4c050b to remote] DEBUG org.asynchttpclient.netty.request.NettyRequestSender - Using open Channel [id: 0x007e0974, L:/127.0.0.1:56617 - R:/127.0.0.1:4723] for POST &apos;/wd/hub/session/7ae98af1-f0c4-48bb-82e0-609d7d4c050b/element&apos;
&amp;#27;[35m[HTTP]&amp;#27;[39m &amp;#27;[37m--&gt;&amp;#27;[39m &amp;#27;[37mPOST&amp;#27;[39m &amp;#27;[37m/wd/hub/session/7ae98af1-f0c4-48bb-82e0-609d7d4c050b/element&amp;#27;[39m
&amp;#27;[35m[HTTP]&amp;#27;[39m &amp;#27;[90m{&quot;using&quot;:&quot;id&quot;,&quot;value&quot;:&quot;com.example.android.testing.notes.mock:id/add_note_title&quot;}&amp;#27;[39m
[debug] &amp;#27;[35m[W3C (7ae98af1)]&amp;#27;[39m Calling AppiumDriver.findElement() with args: [&quot;id&quot;,&quot;com.example.android.testing.notes.mock:id/add_note_title&quot;,&quot;7ae98af1-f0c4-48bb-82e0-609d7d4c050b&quot;]
[debug] &amp;#27;[35m[BaseDriver]&amp;#27;[39m Valid locator strategies for this request: xpath, id, class name, accessibility id, css selector, -android uiautomator
[debug] &amp;#27;[35m[BaseDriver]&amp;#27;[39m Waiting up to 0 ms for condition
[debug] &amp;#27;[35m[WD Proxy]&amp;#27;[39m Matched &apos;/element&apos; to command name &apos;findElement&apos;
[debug] &amp;#27;[35m[WD Proxy]&amp;#27;[39m Proxying [POST /element] to [POST http://127.0.0.1:8200/wd/hub/session/015791bc-716d-4afa-9c1f-c27f676dbeb8/element] with body: {&quot;strategy&quot;:&quot;id&quot;,&quot;selector&quot;:&quot;com.example.android.testing.notes.mock:id/add_note_title&quot;,&quot;context&quot;:&quot;&quot;,&quot;multiple&quot;:false}
[debug] &amp;#27;[35m[WD Proxy]&amp;#27;[39m Got response with status 200: {&quot;sessionId&quot;:&quot;015791bc-716d-4afa-9c1f-c27f676dbeb8&quot;,&quot;value&quot;:{&quot;ELEMENT&quot;:&quot;00000000-0000-1bef-ffff-ffff000000e5&quot;,&quot;element-6066-11e4-a52e-4f735466cecf&quot;:&quot;00000000-0000-1bef-ffff-ffff000000e5&quot;}}
[debug] &amp;#27;[35m[W3C (7ae98af1)]09:55:08.522 [AsyncHttpClient-1-2] DEBUG org.asynchttpclient.netty.handler.HttpHandler - 

Request DefaultHttpRequest(decodeResult: success, version: HTTP/1.1)
POST /wd/hub/session/7ae98af1-f0c4-48bb-82e0-609d7d4c050b/element HTTP/1.1
User-Agent: selenium/4.5.0 (java windows)
Content-Length: 95
Content-Type: application/json; charset=utf-8
host: 0.0.0.0:4723
accept: */*

Response DefaultHttpResponse(decodeResult: success, version: HTTP/1.1)
HTTP/1.1 200 OK
X-Powered-By: Express
Vary: X-HTTP-Method-Override
Content-Type: application/json; charset=utf-8
ETag: W/&quot;89-+N8xfZkkSSPNgeq5T5AarkDYnAo&quot;
Date: Fri, 02 Dec 2022 04:25:08 GMT
Connection: keep-alive
Keep-Alive: timeout=600
content-length: 137

&amp;#27;[39m Responding to client with driver.find09:55:08.522 [AsyncHttpClient-1-2] DEBUG org.asynchttpclient.netty.channel.ChannelManager - Adding key: http://0.0.0.0:4723 for channel [id: 0x007e0974, L:/127.0.0.1:56617 - R:/127.0.0.1:4723]
Element() result: {&quot;element-6066-11e4-a52e-4f735466cecf&quot;:&quot;00000000-0000-1bef-ffff-ffff000000e5&quot;,&quot;ELEMENT&quot;:&quot;00000000-0000-1bef-ffff-ffff000000e5&quot;}
&amp;#27;[35m[HTTP]&amp;#27;[39m &amp;#27;[37m&lt;-- POST /wd/hub/session/7ae98af1-f0c4-48bb-82e0-609d7d4c050b/element &amp;#27;[39m&amp;#27;[32m200&amp;#27;[39m &amp;#27;[90m655 ms - 137&amp;#27;[39m
&amp;#27;[35m[HTTP]&amp;#27;[39m &amp;#27;[90m&amp;#27;[39m
09:55:08.523 [Forwarding sendKeysToElement on session 7ae98af1-f0c4-48bb-82e0-609d7d4c050b to remote] DEBUG org.asynchttpclient.netty.request.NettyRequestSender - Using pooled Channel &apos;[id: 0x007e0974, L:/127.0.0.1:56617 - R:/127.0.0.1:4723]&apos; for &apos;POST&apos; to &apos;http://0.0.0.0:4723/wd/hub/session/7ae98af1-f0c4-48bb-82e0-609d7d4c050b/element/00000000-0000-1bef-ffff-ffff000000e5/value&apos;
09:55:08.523 [Forwarding sendKeysToElement on session 7ae98af1-f0c4-48bb-82e0-609d7d4c050b to remote] DEBUG org.asynchttpclient.netty.request.NettyRequestSender - Using open Channel [id: 0x007e0974, L:/127.0.0.1:56617 - R:/127.0.0.1:4723] for POST &apos;/wd/hub/session/7ae98af1-f0c4-48bb-82e0-609d7d4c050b/element/00000000-0000-1bef-ffff-ffff000000e5/value&apos;
&amp;#27;[35m[HTTP]&amp;#27;[39m &amp;#27;[37m--&gt;&amp;#27;[39m &amp;#27;[37mPOST&amp;#27;[39m &amp;#27;[37m/wd/hub/session/7ae98af1-f0c4-48bb-82e0-609d7d4c050b/element/00000000-0000-1bef-ffff-ffff000000e5/value&amp;#27;[39m
&amp;#27;[35m[HTTP]&amp;#27;[39m &amp;#27;[90m{&quot;id&quot;:&quot;00000000-0000-1bef-ffff-ffff000000e5&quot;,&quot;text&quot;:&quot;Title_Marco&quot;,&quot;value&quot;:[&quot;T&quot;,&quot;i&quot;,&quot;t&quot;,&quot;l&quot;,&quot;e&quot;,&quot;_&quot;,&quot;M&quot;,&quot;a&quot;,&quot;r&quot;,&quot;c&quot;,&quot;o&quot;]}&amp;#27;[39m
[debug] &amp;#27;[35m[W3C (7ae98af1)]&amp;#27;[39m Calling AppiumDriver.setValue() with args: [[&quot;T&quot;,&quot;i&quot;,&quot;t&quot;,&quot;l&quot;,&quot;e&quot;,&quot;_&quot;,&quot;M&quot;,&quot;a&quot;,&quot;r&quot;,&quot;c&quot;,&quot;o&quot;],&quot;00000000-0000-1bef-ffff-ffff000000e5&quot;,&quot;7ae98af1-f0c4-48bb-82e0-609d7d4c050b&quot;]
[debug] &amp;#27;[35m[WD Proxy]&amp;#27;[39m Matched &apos;/element/00000000-0000-1bef-ffff-ffff000000e5/value&apos; to command name &apos;setValue&apos;
[debug] &amp;#27;[35m[Protocol Converter]&amp;#27;[39m Added &apos;value&apos; property [&quot;T&quot;,&quot;i&quot;,&quot;t&quot;,&quot;l&quot;,&quot;e&quot;,&quot;_&quot;,&quot;M&quot;,&quot;a&quot;,&quot;r&quot;,&quot;c&quot;,&quot;o&quot;] to &apos;setValue&apos; request body
[debug] &amp;#27;[35m[WD Proxy]&amp;#27;[39m Proxying [POST /element/00000000-0000-1bef-ffff-ffff000000e5/value] to [POST http://127.0.0.1:8200/wd/hub/session/015791bc-716d-4afa-9c1f-c27f676dbeb8/element/00000000-0000-1bef-ffff-ffff000000e5/value] with body: {&quot;elementId&quot;:&quot;00000000-0000-1bef-ffff-ffff000000e5&quot;,&quot;text&quot;:&quot;Title_Marco&quot;,&quot;replace&quot;:false,&quot;value&quot;:[&quot;T&quot;,&quot;i&quot;,&quot;t&quot;,&quot;l&quot;,&quot;e&quot;,&quot;_&quot;,&quot;M&quot;,&quot;a&quot;,&quot;r&quot;,&quot;c&quot;,&quot;o&quot;]}
[debug] &amp;#27;[35m[WD Proxy]&amp;#27;[39m Got response with status 200: {&quot;sessionId&quot;:&quot;015791bc-716d-4afa-9c1f-c27f676dbeb8&quot;,&quot;value&quot;:null}
[debug] &amp;#27;[35m[W3C (7ae98af1)]&amp;#27;[39m Responding to client with driver.setValue() result: null
09:55:09.256 [AsyncHttpClient-1-2] DEBUG org.asynchttpclient.netty.handler.HttpHandler - 

Request DefaultHttpRequest(decodeResult: success, version: HTTP/1.1)
POST /wd/hub/session/7ae98af1-f0c4-48bb-82e0-609d7d4c050b/element/00000000-0000-1bef-ffff-ffff000000e5/value HTTP/1.1
User-Agent: selenium/4.5.0 (java windows)
Content-Length: 191
Content-Type: application/json; charset=utf-8
host: 0.0.0.0:4723
accept: */*

Response DefaultHttpResponse(decodeResult: success, version: HTTP/1.1)
HTTP/1.1 200 OK
X-Powered-By: Express
Vary: X-HTTP-Method-Override
Content-Type: application/json; charset=utf-8
ETag: W/&quot;e-9/1BuKMgFObM1mWJm+YjxtXJnUM&quot;
Date: Fri, 02 Dec 2022 04:25:09 GMT
Connection: keep-alive
Keep-Alive: timeout=600
content-length: 14

&amp;#27;[35m[HTTP]&amp;#27;[39m &amp;#27;[37m&lt;-- POST /wd/hub/session/7a09:55:09.256 [AsyncHttpClient-1-2] DEBUG org.asynchttpclient.netty.channel.ChannelManager - Adding key: http://0.0.0.0:4723 for channel [id: 0x007e0974, L:/127.0.0.1:56617 - R:/127.0.0.1:4723]
e98af1-f0c4-48bb-82e0-609d7d4c050b/element/00000000-0000-1bef-ffff-ffff000000e5/value &amp;#27;[39m&amp;#27;[32m200&amp;#27;[39m &amp;#27;[90m730 ms - 14&amp;#27;[39m
&amp;#27;[35m[HTTP]&amp;#27;[39m &amp;#27;[90m&amp;#27;[39m
09:55:09.257 [Forwarding findElement on session 7ae98af1-f0c4-48bb-82e0-609d7d4c050b to remote] DEBUG org.asynchttpclient.netty.request.NettyRequestSender - Using pooled Channel &apos;[id: 0x007e0974, L:/127.0.0.1:56617 - R:/127.0.0.1:4723]&apos; for &apos;POST&apos; to &apos;http://0.0.0.0:4723/wd/hub/session/7ae98af1-f0c4-48bb-82e0-609d7d4c050b/element&apos;
09:55:09.257 [Forwarding findElement on session 7ae98af1-f0c4-48bb-82e0-609d7d4c050b to remote] DEBUG org.asynchttpclient.netty.request.NettyRequestSender - Using open Channel [id: 0x007e0974, L:/127.0.0.1:56617 - R:/127.0.0.1:4723] for POST &apos;/wd/hub/session/7ae98af1-f0c4-48bb-82e0-609d7d4c050b/element&apos;
&amp;#27;[35m[HTTP]&amp;#27;[39m &amp;#27;[37m--&gt;&amp;#27;[39m &amp;#27;[37mPOST&amp;#27;[39m &amp;#27;[37m/wd/hub/session/7ae98af1-f0c4-48bb-82e0-609d7d4c050b/element&amp;#27;[39m
&amp;#27;[35m[HTTP]&amp;#27;[39m &amp;#27;[90m{&quot;using&quot;:&quot;id&quot;,&quot;value&quot;:&quot;com.example.android.testing.notes.mock:id/add_note_description&quot;}&amp;#27;[39m
[debug] &amp;#27;[35m[W3C (7ae98af1)]&amp;#27;[39m Calling AppiumDriver.findElement() with args: [&quot;id&quot;,&quot;com.example.android.testing.notes.mock:id/add_note_description&quot;,&quot;7ae98af1-f0c4-48bb-82e0-609d7d4c050b&quot;]
[debug] &amp;#27;[35m[BaseDriver]&amp;#27;[39m Valid locator strategies for this request: xpath, id, class name, accessibility id, css selector, -android uiautomator
[debug] &amp;#27;[35m[BaseDriver]&amp;#27;[39m Waiting up to 0 ms for condition
[debug] &amp;#27;[35m[WD Proxy]&amp;#27;[39m Matched &apos;/element&apos; to command name &apos;findElement&apos;
[debug] &amp;#27;[35m[WD Proxy]&amp;#27;[39m Proxying [POST /element] to [POST http://127.0.0.1:8200/wd/hub/session/015791bc-716d-4afa-9c1f-c27f676dbeb8/element] with body: {&quot;strategy&quot;:&quot;id&quot;,&quot;selector&quot;:&quot;com.example.android.testing.notes.mock:id/add_note_description&quot;,&quot;context&quot;:&quot;&quot;,&quot;multiple&quot;:false}
[debug] &amp;#27;[35m[WD Proxy]&amp;#27;[39m Got response with status 200: {&quot;sessionId&quot;:&quot;015791bc-716d-4afa-9c1f-c27f676dbeb8&quot;,&quot;value&quot;:{&quot;ELEMENT&quot;:&quot;00000000-0000-1bef-ffff-ffff000000e6&quot;,&quot;element-6066-11e4-a52e-4f735466cecf&quot;:&quot;00000000-0000-1bef-ffff-ffff000000e6&quot;}}
09:55:09.892 [AsyncHttpClient-1-2] DEBUG org.asynchttpclient.netty.handler.HttpHandler - 

Request DefaultHttpRequest(decodeResult: success, version: HTTP/1.1)
POST /wd/hub/session/7ae98af1-f0c4-48bb-82e0-609d7d4c050b/element HTTP/1.1
User-Agent: selenium/4.5.0 (java windows)
Content-Length: 101
Content-Type: application/json; charset=utf-8
host: 0.0.0.0:4723
accept: */*

Response DefaultHttpResponse(decodeResult: success, version: HTTP/1.1)
HTTP/1.1 200 OK
X-Powered-By: Express
Vary: X-HTTP-Method-Override
Content-Type: application/json; charset=utf-8
ETag: W/&quot;89-QDBEpjUwcZ9xtD/jXBHbObG/+n8&quot;
Date: Fri, 02 Dec 2022 04:25:09 GMT
Connection: keep-alive
Keep-Alive: timeout=600
content-length: 137

[debug] &amp;#27;[35m[W3C (7ae98af1)]&amp;#27;[39m Responding to client with driver.find09:55:09.892 [AsyncHttpClient-1-2] DEBUG org.asynchttpclient.netty.channel.ChannelManager - Adding key: http://0.0.0.0:4723 for channel [id: 0x007e0974, L:/127.0.0.1:56617 - R:/127.0.0.1:4723]
Element() result: {&quot;element-6066-11e4-a52e-4f735466cecf&quot;:&quot;00000000-0000-1bef-ffff-ffff000000e6&quot;,&quot;ELEMENT&quot;:&quot;00000000-0000-1bef-ffff-ffff000000e6&quot;}
&amp;#27;[35m[HTTP]&amp;#27;[39m &amp;#27;[37m&lt;-- POST /wd/hub/session/7ae98af1-f0c4-48bb-82e0-609d7d4c050b/element &amp;#27;[39m&amp;#27;[32m200&amp;#27;[39m &amp;#27;[90m634 ms - 13709:55:09.894 [Forwarding isElementDisplayed on session 7ae98af1-f0c4-48bb-82e0-609d7d4c050b to remote] DEBUG org.asynchttpclient.netty.request.NettyRequestSender - Using pooled Channel &apos;[id: 0x007e0974, L:/127.0.0.1:56617 - R:/127.0.0.1:4723]&apos; for &apos;GET&apos; to &apos;http://0.0.0.0:4723/wd/hub/session/7ae98af1-f0c4-48bb-82e0-609d7d4c050b/element/00000000-0000-1bef-ffff-ffff000000e6/displayed&apos;
&amp;#27;[39m
&amp;#27;[35m09:55:09.894 [Forwarding isElementDisplayed on session 7ae98af1-f0c4-48bb-82e0-609d7d4c050b to remote] DEBUG org.asynchttpclient.netty.request.NettyRequestSender - Using open Channel [id: 0x007e0974, L:/127.0.0.1:56617 - R:/127.0.0.1:4723] for GET &apos;/wd/hub/session/7ae98af1-f0c4-48bb-82e0-609d7d4c050b/element/00000000-0000-1bef-ffff-ffff000000e6/displayed&apos;
[HTTP]&amp;#27;[39m &amp;#27;[90m&amp;#27;[39m
&amp;#27;[35m[HTTP]&amp;#27;[39m &amp;#27;[37m--&gt;&amp;#27;[39m &amp;#27;[37mGET&amp;#27;[39m &amp;#27;[37m/wd/hub/session/7ae98af1-f0c4-48bb-82e0-609d7d4c050b/element/00000000-0000-1bef-ffff-ffff000000e6/displayed&amp;#27;[39m
&amp;#27;[35m[HTTP]&amp;#27;[39m &amp;#27;[90m{}&amp;#27;[39m
[debug] &amp;#27;[35m[W3C (7ae98af1)]&amp;#27;[39m Calling AppiumDriver.elementDisplayed() with args: [&quot;00000000-0000-1bef-ffff-ffff000000e6&quot;,&quot;7ae98af1-f0c4-48bb-82e0-609d7d4c050b&quot;]
[debug] &amp;#27;[35m[WD Proxy]&amp;#27;[39m Matched &apos;/element/00000000-0000-1bef-ffff-ffff000000e6/attribute/displayed&apos; to command name &apos;getAttribute&apos;
[debug] &amp;#27;[35m[WD Proxy]&amp;#27;[39m Proxying [GET /element/00000000-0000-1bef-ffff-ffff000000e6/attribute/displayed] to [GET http://127.0.0.1:8200/wd/hub/session/015791bc-716d-4afa-9c1f-c27f676dbeb8/element/00000000-0000-1bef-ffff-ffff000000e6/attribute/displayed] with no body
[debug] &amp;#27;[35m[WD Proxy]&amp;#27;[39m Got response with status 200: {&quot;sessionId&quot;:&quot;015791bc-716d-4afa-9c1f-c27f676dbeb8&quot;,&quot;value&quot;:&quot;true&quot;}
[debug] &amp;#27;[35m[W3C (7ae98af1)]&amp;#27;[39m Responding to client with driver09:55:09.911 [AsyncHttpClient-1-2] DEBUG org.asynchttpclient.netty.handler.HttpHandler - 

Request DefaultFullHttpRequest(decodeResult: success, version: HTTP/1.1, content: EmptyByteBufBE)
GET /wd/hub/session/7ae98af1-f0c4-48bb-82e0-609d7d4c050b/element/00000000-0000-1bef-ffff-ffff000000e6/displayed HTTP/1.1
User-Agent: selenium/4.5.0 (java windows)
Cache-Control: no-cache
Content-Type: application/json; charset=utf-8
host: 0.0.0.0:4723
accept: */*

Response DefaultHttpResponse(decodeResult: success, version: HTTP/1.1)
HTTP/1.1 200 OK
X-Powered-By: Express
Content-Type: application/json; charset=utf-8
ETag: W/&quot;e-2ZHvAWebNQpyjGZTg6uyV8/spTo&quot;
Date: Fri, 02 Dec 2022 04:25:09 GMT
Connection: keep-alive
Keep-Alive: timeout=600
content-length: 14

.elementDisplayed() resu09:55:09.912 [AsyncHttpClient-1-2] DEBUG org.asynchttpclient.netty.channel.ChannelManager - Adding key: http://0.0.0.0:4723 for channel [id: 0x007e0974, L:/127.0.0.1:56617 - R:/127.0.0.1:4723]
lt: true
&amp;#27;[35m[HTTP]&amp;#27;[39m &amp;#27;[37m&lt;-- GET /wd/hub/session/7ae98af1-f0c4-48bb-82e0-609d7d4c050b/element/00000000-0000-1bef-ffff-ffff000000e6/displayed &amp;#27;[39m&amp;#27;[32m200&amp;#27;[39m &amp;#27;[90m15 ms - 14&amp;#27;[39m
&amp;#27;[35m[HTTP]&amp;#27;[39m &amp;#27;[90m&amp;#27;[39m
09:55:09.915 [Forwarding findElement on session 7ae98af1-f0c4-48bb-82e0-609d7d4c050b to remote] DEBUG org.asynchttpclient.netty.request.NettyRequestSender - Using pooled Channel &apos;[id: 0x007e0974, L:/127.0.0.1:56617 - R:/127.0.0.1:4723]&apos; for &apos;POST&apos; to &apos;http://0.0.0.0:4723/wd/hub/session/7ae98af1-f0c4-48bb-82e0-609d7d4c050b/element&apos;
09:55:09.915 [Forwarding findElement on session 7ae98af1-f0c4-48bb-82e0-609d7d4c050b to remote] DEBUG org.asynchttpclient.netty.request.NettyRequestSender - Using open Channel [id: 0x007e0974, L:/127.0.0.1:56617 - R:/127.0.0.1:4723] for POST &apos;/wd/hub/session/7ae98af1-f0c4-48bb-82e0-609d7d4c050b/element&apos;
&amp;#27;[35m[HTTP]&amp;#27;[39m &amp;#27;[37m--&gt;&amp;#27;[39m &amp;#27;[37mPOST&amp;#27;[39m &amp;#27;[37m/wd/hub/session/7ae98af1-f0c4-48bb-82e0-609d7d4c050b/element&amp;#27;[39m
&amp;#27;[35m[HTTP]&amp;#27;[39m &amp;#27;[90m{&quot;using&quot;:&quot;id&quot;,&quot;value&quot;:&quot;com.example.android.testing.notes.mock:id/add_note_description&quot;}&amp;#27;[39m
[debug] &amp;#27;[35m[W3C (7ae98af1)]&amp;#27;[39m Calling AppiumDriver.findElement() with args: [&quot;id&quot;,&quot;com.example.android.testing.notes.mock:id/add_note_description&quot;,&quot;7ae98af1-f0c4-48bb-82e0-609d7d4c050b&quot;]
[debug] &amp;#27;[35m[BaseDriver]&amp;#27;[39m Valid locator strategies for this request: xpath, id, class name, accessibility id, css selector, -android uiautomator
[debug] &amp;#27;[35m[BaseDriver]&amp;#27;[39m Waiting up to 0 ms for condition
[debug] &amp;#27;[35m[WD Proxy]&amp;#27;[39m Matched &apos;/element&apos; to command name &apos;findElement&apos;
[debug] &amp;#27;[35m[WD Proxy]&amp;#27;[39m Proxying [POST /element] to [POST http://127.0.0.1:8200/wd/hub/session/015791bc-716d-4afa-9c1f-c27f676dbeb8/element] with body: {&quot;strategy&quot;:&quot;id&quot;,&quot;selector&quot;:&quot;com.example.android.testing.notes.mock:id/add_note_description&quot;,&quot;context&quot;:&quot;&quot;,&quot;multiple&quot;:false}
[debug] &amp;#27;[35m[WD Proxy]&amp;#27;[39m Got response with status 200: {&quot;sessionId&quot;:&quot;015791bc-716d-4afa-9c1f-c27f676dbeb8&quot;,&quot;value&quot;:{&quot;ELEMENT&quot;:&quot;00000000-0000-1bef-ffff-ffff000000e6&quot;,&quot;element-6066-11e4-a52e-4f735466cecf&quot;:&quot;00000000-0000-1bef-ffff-ffff000000e6&quot;}}
[debug] &amp;#27;[35m[W3C (7ae98af1)]&amp;#27;[39m Responding to client with driver.findElement() result: {&quot;element-6066-11e4-a52e-4f735466cecf&quot;:&quot;0009:55:09.962 [AsyncHttpClient-1-2] DEBUG org.asynchttpclient.netty.handler.HttpHandler - 

Request DefaultHttpRequest(decodeResult: success, version: HTTP/1.1)
POST /wd/hub/session/7ae98af1-f0c4-48bb-82e0-609d7d4c050b/element HTTP/1.1
User-Agent: selenium/4.5.0 (java windows)
Content-Length: 101
Content-Type: application/json; charset=utf-8
host: 0.0.0.0:4723
accept: */*

Response DefaultHttpResponse(decodeResult: success, version: HTTP/1.1)
HTTP/1.1 200 OK
X-Powered-By: Express
Vary: X-HTTP-Method-Override
Content-Type: application/json; charset=utf-8
ETag: W/&quot;89-QDBEpjUwcZ9xtD/jXBHbObG/+n8&quot;
Date: Fri, 02 Dec 2022 04:25:09 GMT
Connection: keep-alive
Keep-Alive: timeout=600
content-length: 137

000000-0000-1bef-ffff-ffff000000e6&quot;,&quot;ELEMENT&quot;:&quot;00000000-000009:55:09.962 [AsyncHttpClient-1-2] DEBUG org.asynchttpclient.netty.channel.ChannelManager - Adding key: http://0.0.0.0:4723 for channel [id: 0x007e0974, L:/127.0.0.1:56617 - R:/127.0.0.1:4723]
-1bef-ffff-ffff000000e6&quot;}
&amp;#27;[35m[HTTP]&amp;#27;[39m &amp;#27;[37m&lt;-- POST /wd/hub/session/7ae98af1-f0c4-48bb-82e0-609d7d4c050b/element &amp;#27;[39m&amp;#27;[32m200&amp;#27;[39m &amp;#27;[90m46 ms - 137&amp;#27;[39m
&amp;#27;[35m[HTTP]&amp;#27;[39m &amp;#27;[90m&amp;#27;[39m
09:55:09.964 [Forwarding sendKeysToElement on session 7ae98af1-f0c4-48bb-82e0-609d7d4c050b to remote] DEBUG org.asynchttpclient.netty.request.NettyRequestSender - Using pooled Channel &apos;[id: 0x007e0974, L:/127.0.0.1:56617 - R:/127.0.0.1:4723]&apos; for &apos;POST&apos; to &apos;http://0.0.0.0:4723/wd/hub/session/7ae98af1-f0c4-48bb-82e0-609d7d4c050b/element/00000000-0000-1bef-ffff-ffff000000e6/value&apos;
09:55:09.964 [Forwarding sendKeysToElement on session 7ae98af1-f0c4-48bb-82e0-609d7d4c050b to remote] DEBUG org.asynchttpclient.netty.request.NettyRequestSender - Using open Channel [id: 0x007e0974, L:/127.0.0.1:56617 - R:/127.0.0.1:4723] for POST &apos;/wd/hub/session/7ae98af1-f0c4-48bb-82e0-609d7d4c050b/element/00000000-0000-1bef-ffff-ffff000000e6/value&apos;
&amp;#27;[35m[HTTP]&amp;#27;[39m &amp;#27;[37m--&gt;&amp;#27;[39m &amp;#27;[37mPOST&amp;#27;[39m &amp;#27;[37m/wd/hub/session/7ae98af1-f0c4-48bb-82e0-609d7d4c050b/element/00000000-0000-1bef-ffff-ffff000000e6/value&amp;#27;[39m
&amp;#27;[35m[HTTP]&amp;#27;[39m &amp;#27;[90m{&quot;id&quot;:&quot;00000000-0000-1bef-ffff-ffff000000e6&quot;,&quot;text&quot;:&quot;&quot;,&quot;value&quot;:[]}&amp;#27;[39m
[debug] &amp;#27;[35m[W3C (7ae98af1)]&amp;#27;[39m Calling AppiumDriver.setValue() with args: [[],&quot;00000000-0000-1bef-ffff-ffff000000e6&quot;,&quot;7ae98af1-f0c4-48bb-82e0-609d7d4c050b&quot;]
[debug] &amp;#27;[35m[WD Proxy]&amp;#27;[39m Matched &apos;/element/00000000-0000-1bef-ffff-ffff000000e6/value&apos; to command name &apos;setValue&apos;
[debug] &amp;#27;[35m[Protocol Converter]&amp;#27;[39m Added &apos;value&apos; property [] to &apos;setValue&apos; request body
[debug] &amp;#27;[35m[WD Proxy]&amp;#27;[39m Proxying [POST /element/00000000-0000-1bef-ffff-ffff000000e6/value] to [POST http://127.0.0.1:8200/wd/hub/session/015791bc-716d-4afa-9c1f-c27f676dbeb8/element/00000000-0000-1bef-ffff-ffff000000e6/value] with body: {&quot;elementId&quot;:&quot;00000000-0000-1bef-ffff-ffff000000e6&quot;,&quot;text&quot;:&quot;&quot;,&quot;replace&quot;:false,&quot;value&quot;:[]}
[debug] &amp;#27;[35m[WD Proxy]&amp;#27;[39m Got response with status 200: {&quot;sessionId&quot;:&quot;015791bc-716d-4afa-9c1f-c27f676dbeb8&quot;,&quot;value&quot;:null}
[debug] &amp;#27;[35m[W3C (7ae98af1)]&amp;#27;[39m Responding to client with driver.setValue() result: null
&amp;#27;[35m[HTTP]&amp;#27;[39m &amp;#27;[37m&lt;-- POST /wd/hub/session/7ae98af1-f0c4-09:55:10.524 [AsyncHttpClient-1-2] DEBUG org.asynchttpclient.netty.handler.HttpHandler - 

Request DefaultHttpRequest(decodeResult: success, version: HTTP/1.1)
POST /wd/hub/session/7ae98af1-f0c4-48bb-82e0-609d7d4c050b/element/00000000-0000-1bef-ffff-ffff000000e6/value HTTP/1.1
User-Agent: selenium/4.5.0 (java windows)
Content-Length: 82
Content-Type: application/json; charset=utf-8
host: 0.0.0.0:4723
accept: */*

Response DefaultHttpResponse(decodeResult: success, version: HTTP/1.1)
HTTP/1.1 200 OK
X-Powered-By: Express
Vary: X-HTTP-Method-Override
Content-Type: application/json; charset=utf-8
ETag: W/&quot;e-9/1BuKMgFObM1mWJm+YjxtXJnUM&quot;
Date: Fri, 02 Dec 2022 04:25:10 GMT
Connection: keep-alive
Keep-Alive: timeout=600
content-length: 14

48bb-82e0-609d7d4c050b/element/00000000-0000-1bef-ffff-ffff09:55:10.525 [AsyncHttpClient-1-2] DEBUG org.asynchttpclient.netty.channel.ChannelManager - Adding key: http://0.0.0.0:4723 for channel [id: 0x007e0974, L:/127.0.0.1:56617 - R:/127.0.0.1:4723]
000000e6/value &amp;#27;[39m&amp;#27;[32m200&amp;#27;[39m &amp;#27;[90m559 ms - 14&amp;#27;[39m
&amp;#27;[35m[HTTP]&amp;#27;[39m &amp;#27;[90m&amp;#27;[39m
09:55:10.525 [Forwarding findElement on session 7ae98af1-f0c4-48bb-82e0-609d7d4c050b to remote] DEBUG org.asynchttpclient.netty.request.NettyRequestSender - Using pooled Channel &apos;[id: 0x007e0974, L:/127.0.0.1:56617 - R:/127.0.0.1:4723]&apos; for &apos;POST&apos; to &apos;http://0.0.0.0:4723/wd/hub/session/7ae98af1-f0c4-48bb-82e0-609d7d4c050b/element&apos;
09:55:10.526 [Forwarding findElement on session 7ae98af1-f0c4-48bb-82e0-609d7d4c050b to remote] DEBUG org.asynchttpclient.netty.request.NettyRequestSender - Using open Channel [id: 0x007e0974, L:/127.0.0.1:56617 - R:/127.0.0.1:4723] for POST &apos;/wd/hub/session/7ae98af1-f0c4-48bb-82e0-609d7d4c050b/element&apos;
&amp;#27;[35m[HTTP]&amp;#27;[39m &amp;#27;[37m--&gt;&amp;#27;[39m &amp;#27;[37mPOST&amp;#27;[39m &amp;#27;[37m/wd/hub/session/7ae98af1-f0c4-48bb-82e0-609d7d4c050b/element&amp;#27;[39m
&amp;#27;[35m[HTTP]&amp;#27;[39m &amp;#27;[90m{&quot;using&quot;:&quot;id&quot;,&quot;value&quot;:&quot;com.example.android.testing.notes.mock:id/add_note_description&quot;}&amp;#27;[39m
[debug] &amp;#27;[35m[W3C (7ae98af1)]&amp;#27;[39m Calling AppiumDriver.findElement() with args: [&quot;id&quot;,&quot;com.example.android.testing.notes.mock:id/add_note_description&quot;,&quot;7ae98af1-f0c4-48bb-82e0-609d7d4c050b&quot;]
[debug] &amp;#27;[35m[BaseDriver]&amp;#27;[39m Valid locator strategies for this request: xpath, id, class name, accessibility id, css selector, -android uiautomator
[debug] &amp;#27;[35m[BaseDriver]&amp;#27;[39m Waiting up to 0 ms for condition
[debug] &amp;#27;[35m[WD Proxy]&amp;#27;[39m Matched &apos;/element&apos; to command name &apos;findElement&apos;
[debug] &amp;#27;[35m[WD Proxy]&amp;#27;[39m Proxying [POST /element] to [POST http://127.0.0.1:8200/wd/hub/session/015791bc-716d-4afa-9c1f-c27f676dbeb8/element] with body: {&quot;strategy&quot;:&quot;id&quot;,&quot;selector&quot;:&quot;com.example.android.testing.notes.mock:id/add_note_description&quot;,&quot;context&quot;:&quot;&quot;,&quot;multiple&quot;:false}
[debug] &amp;#27;[35m[WD Proxy]&amp;#27;[39m Got response with status 200: {&quot;sessionId&quot;:&quot;015791bc-716d-4afa-9c1f-c27f676dbeb8&quot;,&quot;value&quot;:{&quot;ELEMENT&quot;:&quot;00000000-0000-1bef-ffff-ffff000000e6&quot;,&quot;element-6066-11e4-a52e-4f735466cecf&quot;:&quot;00000000-0000-1bef-ffff-ffff000000e6&quot;}}
[debug] &amp;#27;[35m[W3C (7ae98af1)]&amp;#27;09:55:11.058 [AsyncHttpClient-1-2] DEBUG org.asynchttpclient.netty.handler.HttpHandler - 

Request DefaultHttpRequest(decodeResult: success, version: HTTP/1.1)
POST /wd/hub/session/7ae98af1-f0c4-48bb-82e0-609d7d4c050b/element HTTP/1.1
User-Agent: selenium/4.5.0 (java windows)
Content-Length: 101
Content-Type: application/json; charset=utf-8
host: 0.0.0.0:4723
accept: */*

Response DefaultHttpResponse(decodeResult: success, version: HTTP/1.1)
HTTP/1.1 200 OK
X-Powered-By: Express
Vary: X-HTTP-Method-Override
Content-Type: application/json; charset=utf-8
ETag: W/&quot;89-QDBEpjUwcZ9xtD/jXBHbObG/+n8&quot;
Date: Fri, 02 Dec 2022 04:25:11 GMT
Connection: keep-alive
Keep-Alive: timeout=600
content-length: 137

[39m Responding to client with driver.findElement() result: {&quot;element-6066-11e4-a52e-4f735466cecf&quot;:&quot;00000000-0000-1bef-ffff-ffff000000e609:55:11.058 [AsyncHttpClient-1-2] DEBUG org.asynchttpclient.netty.channel.ChannelManager - Adding key: http://0.0.0.0:4723 for channel [id: 0x007e0974, L:/127.0.0.1:56617 - R:/127.0.0.1:4723]
&quot;,&quot;ELEMENT&quot;:&quot;00000000-0000-1bef-ffff-ffff000000e6&quot;}
&amp;#27;[35m[HTTP]&amp;#27;[39m &amp;#27;[37m&lt;-- POST /wd/hub/session/7ae98af1-f0c4-48bb-82e0-609d7d4c050b/element &amp;#27;[39m&amp;#27;[32m200&amp;#27;[39m &amp;#27;[90m531 ms - 137&amp;#27;[39m
&amp;#27;[35m[HTTP]&amp;#27;[39m &amp;#27;[90m&amp;#27;[39m
09:55:11.060 [Forwarding sendKeysToElement on session 7ae98af1-f0c4-48bb-82e0-609d7d4c050b to remote] DEBUG org.asynchttpclient.netty.request.NettyRequestSender - Using pooled Channel &apos;[id: 0x007e0974, L:/127.0.0.1:56617 - R:/127.0.0.1:4723]&apos; for &apos;POST&apos; to &apos;http://0.0.0.0:4723/wd/hub/session/7ae98af1-f0c4-48bb-82e0-609d7d4c050b/element/00000000-0000-1bef-ffff-ffff000000e6/value&apos;
09:55:11.060 [Forwarding sendKeysToElement on session 7ae98af1-f0c4-48bb-82e0-609d7d4c050b to remote] DEBUG org.asynchttpclient.netty.request.NettyRequestSender - Using open Channel [id: 0x007e0974, L:/127.0.0.1:56617 - R:/127.0.0.1:4723] for POST &apos;/wd/hub/session/7ae98af1-f0c4-48bb-82e0-609d7d4c050b/element/00000000-0000-1bef-ffff-ffff000000e6/value&apos;
&amp;#27;[35m[HTTP]&amp;#27;[39m &amp;#27;[37m--&gt;&amp;#27;[39m &amp;#27;[37mPOST&amp;#27;[39m &amp;#27;[37m/wd/hub/session/7ae98af1-f0c4-48bb-82e0-609d7d4c050b/element/00000000-0000-1bef-ffff-ffff000000e6/value&amp;#27;[39m
&amp;#27;[35m[HTTP]&amp;#27;[39m &amp;#27;[90m{&quot;id&quot;:&quot;00000000-0000-1bef-ffff-ffff000000e6&quot;,&quot;text&quot;:&quot;Some text Description2&quot;,&quot;value&quot;:[&quot;S&quot;,&quot;o&quot;,&quot;m&quot;,&quot;e&quot;,&quot; &quot;,&quot;t&quot;,&quot;e&quot;,&quot;x&quot;,&quot;t&quot;,&quot; &quot;,&quot;D&quot;,&quot;e&quot;,&quot;s&quot;,&quot;c&quot;,&quot;r&quot;,&quot;i&quot;,&quot;p&quot;,&quot;t&quot;,&quot;i&quot;,&quot;o&quot;,&quot;n&quot;,&quot;2&quot;]}&amp;#27;[39m
[debug] &amp;#27;[35m[W3C (7ae98af1)]&amp;#27;[39m Calling AppiumDriver.setValue() with args: [[&quot;S&quot;,&quot;o&quot;,&quot;m&quot;,&quot;e&quot;,&quot; &quot;,&quot;t&quot;,&quot;e&quot;,&quot;x&quot;,&quot;t&quot;,&quot; &quot;,&quot;D&quot;,&quot;e&quot;,&quot;s&quot;,&quot;c&quot;,&quot;r&quot;,&quot;i&quot;,&quot;p&quot;,&quot;t&quot;,&quot;i&quot;,&quot;o&quot;,&quot;n&quot;,&quot;2&quot;],&quot;00000000-0000-1bef-ffff-ffff000000e6&quot;,&quot;7ae98af1-f0c4-48bb-82e0-609d7d4c050b&quot;]
[debug] &amp;#27;[35m[WD Proxy]&amp;#27;[39m Matched &apos;/element/00000000-0000-1bef-ffff-ffff000000e6/value&apos; to command name &apos;setValue&apos;
[debug] &amp;#27;[35m[Protocol Converter]&amp;#27;[39m Added &apos;value&apos; property [&quot;S&quot;,&quot;o&quot;,&quot;m&quot;,&quot;e&quot;,&quot; &quot;,&quot;t&quot;,&quot;e&quot;,&quot;x&quot;,&quot;t&quot;,&quot; &quot;,&quot;D&quot;,&quot;e&quot;,&quot;s&quot;,&quot;c&quot;,&quot;r&quot;,&quot;i&quot;,&quot;p&quot;,&quot;t&quot;,&quot;i&quot;,&quot;o&quot;,&quot;n&quot;,&quot;2&quot;] to &apos;setValue&apos; request body
[debug] &amp;#27;[35m[WD Proxy]&amp;#27;[39m Proxying [POST /element/00000000-0000-1bef-ffff-ffff000000e6/value] to [POST http://127.0.0.1:8200/wd/hub/session/015791bc-716d-4afa-9c1f-c27f676dbeb8/element/00000000-0000-1bef-ffff-ffff000000e6/value] with body: {&quot;elementId&quot;:&quot;00000000-0000-1bef-ffff-ffff000000e6&quot;,&quot;text&quot;:&quot;Some text Description2&quot;,&quot;replace&quot;:false,&quot;value&quot;:[&quot;S&quot;,&quot;o&quot;,&quot;m&quot;,&quot;e&quot;,&quot; &quot;,&quot;t&quot;,&quot;e&quot;,&quot;x&quot;,&quot;t&quot;,&quot; &quot;,&quot;D&quot;,&quot;e&quot;,&quot;s&quot;,&quot;c&quot;,&quot;r&quot;,&quot;i&quot;,&quot;p&quot;,&quot;t&quot;,&quot;i&quot;,&quot;o&quot;,&quot;n&quot;,&quot;2&quot;]}
[debug] &amp;#27;[35m[WD Proxy]&amp;#27;[39m Got response with status 200: {&quot;sessionId&quot;:&quot;015791bc-716d-4afa-9c1f-c27f676dbeb8&quot;,&quot;value&quot;:null}
[debug] &amp;#27;[35m[W3C (7ae98af1)]&amp;#27;[39m Responding to clie09:55:11.867 [AsyncHttpClient-1-2] DEBUG org.asynchttpclient.netty.handler.HttpHandler - 

Request DefaultHttpRequest(decodeResult: success, version: HTTP/1.1)
POST /wd/hub/session/7ae98af1-f0c4-48bb-82e0-609d7d4c050b/element/00000000-0000-1bef-ffff-ffff000000e6/value HTTP/1.1
User-Agent: selenium/4.5.0 (java windows)
Content-Length: 301
Content-Type: application/json; charset=utf-8
host: 0.0.0.0:4723
accept: */*

Response DefaultHttpResponse(decodeResult: success, version: HTTP/1.1)
HTTP/1.1 200 OK
X-Powered-By: Express
Vary: X-HTTP-Method-Override
Content-Type: application/json; charset=utf-8
ETag: W/&quot;e-9/1BuKMgFObM1mWJm+YjxtXJnUM&quot;
Date: Fri, 02 Dec 2022 04:25:11 GMT
Connection: keep-alive
Keep-Alive: timeout=600
content-length: 14

nt with driver.setValue09:55:11.868 [AsyncHttpClient-1-2] DEBUG org.asynchttpclient.netty.channel.ChannelManager - Adding key: http://0.0.0.0:4723 for channel [id: 0x007e0974, L:/127.0.0.1:56617 - R:/127.0.0.1:4723]
() result: null
&amp;#27;[35m[HTTP]&amp;#27;[39m &amp;#27;[37m&lt;-- POST /wd/hub/session/7ae98af1-f0c4-48bb-82e0-609d7d4c050b/element/00000000-0000-1bef-ffff-ffff000000e6/value &amp;#27;[39m&amp;#27;[32m200&amp;#27;[39m &amp;#27;[90m804 ms - 14&amp;#27;[39m
&amp;#27;[35m[HTTP]&amp;#27;[39m &amp;#27;[90m&amp;#27;[39m
09:55:11.870 [Forwarding findElement on session 7ae98af1-f0c4-48bb-82e0-609d7d4c050b to remote] DEBUG org.asynchttpclient.netty.request.NettyRequestSender - Using pooled Channel &apos;[id: 0x007e0974, L:/127.0.0.1:56617 - R:/127.0.0.1:4723]&apos; for &apos;POST&apos; to &apos;http://0.0.0.0:4723/wd/hub/session/7ae98af1-f0c4-48bb-82e0-609d7d4c050b/element&apos;
09:55:11.870 [Forwarding findElement on session 7ae98af1-f0c4-48bb-82e0-609d7d4c050b to remote] DEBUG org.asynchttpclient.netty.request.NettyRequestSender - Using open Channel [id: 0x007e0974, L:/127.0.0.1:56617 - R:/127.0.0.1:4723] for POST &apos;/wd/hub/session/7ae98af1-f0c4-48bb-82e0-609d7d4c050b/element&apos;
&amp;#27;[35m[HTTP]&amp;#27;[39m &amp;#27;[37m--&gt;&amp;#27;[39m &amp;#27;[37mPOST&amp;#27;[39m &amp;#27;[37m/wd/hub/session/7ae98af1-f0c4-48bb-82e0-609d7d4c050b/element&amp;#27;[39m
&amp;#27;[35m[HTTP]&amp;#27;[39m &amp;#27;[90m{&quot;using&quot;:&quot;id&quot;,&quot;value&quot;:&quot;com.example.android.testing.notes.mock:id/fab_add_notes&quot;}&amp;#27;[39m
[debug] &amp;#27;[35m[W3C (7ae98af1)]&amp;#27;[39m Calling AppiumDriver.findElement() with args: [&quot;id&quot;,&quot;com.example.android.testing.notes.mock:id/fab_add_notes&quot;,&quot;7ae98af1-f0c4-48bb-82e0-609d7d4c050b&quot;]
[debug] &amp;#27;[35m[BaseDriver]&amp;#27;[39m Valid locator strategies for this request: xpath, id, class name, accessibility id, css selector, -android uiautomator
[debug] &amp;#27;[35m[BaseDriver]&amp;#27;[39m Waiting up to 0 ms for condition
[debug] &amp;#27;[35m[WD Proxy]&amp;#27;[39m Matched &apos;/element&apos; to command name &apos;findElement&apos;
[debug] &amp;#27;[35m[WD Proxy]&amp;#27;[39m Proxying [POST /element] to [POST http://127.0.0.1:8200/wd/hub/session/015791bc-716d-4afa-9c1f-c27f676dbeb8/element] with body: {&quot;strategy&quot;:&quot;id&quot;,&quot;selector&quot;:&quot;com.example.android.testing.notes.mock:id/fab_add_notes&quot;,&quot;context&quot;:&quot;&quot;,&quot;multiple&quot;:false}
[debug] &amp;#27;[35m[WD Proxy]&amp;#27;[39m Got response with status 200: {&quot;sessionId&quot;:&quot;015791bc-716d-4afa-9c1f-c27f676dbeb8&quot;,&quot;value&quot;:{&quot;ELEMENT&quot;:&quot;00000000-0000-1bef-ffff-ffff000000e8&quot;,&quot;element-6009:55:12.405 [AsyncHttpClient-1-2] DEBUG org.asynchttpclient.netty.handler.HttpHandler - 

Request DefaultHttpRequest(decodeResult: success, version: HTTP/1.1)
POST /wd/hub/session/7ae98af1-f0c4-48bb-82e0-609d7d4c050b/element HTTP/1.1
User-Agent: selenium/4.5.0 (java windows)
Content-Length: 94
Content-Type: application/json; charset=utf-8
host: 0.0.0.0:4723
accept: */*

Response DefaultHttpResponse(decodeResult: success, version: HTTP/1.1)
HTTP/1.1 200 OK
X-Powered-By: Express
Vary: X-HTTP-Method-Override
Content-Type: application/json; charset=utf-8
ETag: W/&quot;89-iBtFLLK1GpgMaNpQVVnoTMqqjhM&quot;
Date: Fri, 02 Dec 2022 04:25:12 GMT
Connection: keep-alive
Keep-Alive: timeout=600
content-length: 137

66-11e4-a52e-4f735466cec09:55:12.406 [AsyncHttpClient-1-2] DEBUG org.asynchttpclient.netty.channel.ChannelManager - Adding key: http://0.0.0.0:4723 for channel [id: 0x007e0974, L:/127.0.0.1:56617 - R:/127.0.0.1:4723]
f&quot;:&quot;00000000-0000-1bef-ffff-ffff000000e8&quot;}}
[debug] &amp;#27;[35m[W3C (7ae98af1)]&amp;#27;[39m Responding to client with driver.findElement() result: {&quot;element-6066-11e4-a52e-4f735466cecf&quot;:&quot;00000000-0000-1bef-ffff-ffff000000e8&quot;,&quot;ELEMENT&quot;:&quot;00000000-0000-1bef-ffff-ffff000000e8&quot;}
&amp;#27;[35m[HTTP]&amp;#27;[39m &amp;#27;[37m&lt;-- POST /wd/hub/session/7ae98af1-f0c4-48bb-82e0-609d7d4c050b/element &amp;#27;[39m&amp;#27;09:55:12.408 [Forwarding isElementDisplayed on session 7ae98af1-f0c4-48bb-82e0-609d7d4c050b to remote] DEBUG org.asynchttpclient.netty.request.NettyRequestSender - Using pooled Channel &apos;[id: 0x007e0974, L:/127.0.0.1:56617 - R:/127.0.0.1:4723]&apos; for &apos;GET&apos; to &apos;http://0.0.0.0:4723/wd/hub/session/7ae98af1-f0c4-48bb-82e0-609d7d4c050b/element/00000000-0000-1bef-ffff-ffff000000e8/displayed&apos;
[32m200&amp;#27;[39m &amp;#27;[90m533 ms - 137&amp;#27;[39m
&amp;#27;[35m[HTTP]&amp;#27;[39m &amp;#27;[90m&amp;#27;[39m
09:55:12.408 [Forwarding isElementDisplayed on session 7ae98af1-f0c4-48bb-82e0-609d7d4c050b to remote] DEBUG org.asynchttpclient.netty.request.NettyRequestSender - Using open Channel [id: 0x007e0974, L:/127.0.0.1:56617 - R:/127.0.0.1:4723] for GET &apos;/wd/hub/session/7ae98af1-f0c4-48bb-82e0-609d7d4c050b/element/00000000-0000-1bef-ffff-ffff000000e8/displayed&apos;
&amp;#27;[35m[HTTP]&amp;#27;[39m &amp;#27;[37m--&gt;&amp;#27;[39m &amp;#27;[37mGET&amp;#27;[39m &amp;#27;[37m/wd/hub/session/7ae98af1-f0c4-48bb-82e0-609d7d4c050b/element/00000000-0000-1bef-ffff-ffff000000e8/displayed&amp;#27;[39m
&amp;#27;[35m[HTTP]&amp;#27;[39m &amp;#27;[90m{}&amp;#27;[39m
[debug] &amp;#27;[35m[W3C (7ae98af1)]&amp;#27;[39m Calling AppiumDriver.elementDisplayed() with args: [&quot;00000000-0000-1bef-ffff-ffff000000e8&quot;,&quot;7ae98af1-f0c4-48bb-82e0-609d7d4c050b&quot;]
[debug] &amp;#27;[35m[WD Proxy]&amp;#27;[39m Matched &apos;/element/00000000-0000-1bef-ffff-ffff000000e8/attribute/displayed&apos; to command name &apos;getAttribute&apos;
[debug] &amp;#27;[35m[WD Proxy]&amp;#27;[39m Proxying [GET /element/00000000-0000-1bef-ffff-ffff000000e8/attribute/displayed] to [GET http://127.0.0.1:8200/wd/hub/session/015791bc-716d-4afa-9c1f-c27f676dbeb8/element/00000000-0000-1bef-ffff-ffff000000e8/attribute/displayed] with no body
[debug] &amp;#27;[35m[WD Proxy]&amp;#27;[39m Got response with status 200: {&quot;sessionId&quot;:&quot;015791bc-716d-4afa-9c1f-c27f676dbeb8&quot;,&quot;value&quot;:&quot;true&quot;}
[debug] &amp;#27;[35m[W3C (7ae98af1)]&amp;#27;[39m Responding to client with driver.elementDisplayed() result: true
09:55:12.424 [AsyncHttpClient-1-2] DEBUG org.asynchttpclient.netty.handler.HttpHandler - 

Request DefaultFullHttpRequest(decodeResult: success, version: HTTP/1.1, content: EmptyByteBufBE)
GET /wd/hub/session/7ae98af1-f0c4-48bb-82e0-609d7d4c050b/element/00000000-0000-1bef-ffff-ffff000000e8/displayed HTTP/1.1
User-Agent: selenium/4.5.0 (java windows)
Cache-Control: no-cache
Content-Type: application/json; charset=utf-8
host: 0.0.0.0:4723
accept: */*

Response DefaultHttpResponse(decodeResult: success, version: HTTP/1.1)
HTTP/1.1 200 OK
X-Powered-By: Express
Content-Type: application/json; charset=utf-8
ETag: W/&quot;e-2ZHvAWebNQpyjGZTg6uyV8/spTo&quot;
Date: Fri, 02 Dec 2022 04:25:12 GMT
Connection: keep-alive
Keep-Alive: timeout=600
content-length: 14

&amp;#27;[35m[HTTP]&amp;#27;[39m &amp;#27;[37m&lt;-- GET /wd/hub/session/7ae98af1-f0c4-48bb-82e0-609d7d4c050b/element/00000000-0000-1bef-ffff-ffff000000e8/displayed &amp;#27;[39m&amp;#27;[32m20009:55:12.425 [AsyncHttpClient-1-2] DEBUG org.asynchttpclient.netty.channel.ChannelManager - Adding key: http://0.0.0.0:4723 for channel [id: 0x007e0974, L:/127.0.0.1:56617 - R:/127.0.0.1:4723]
&amp;#27;[39m &amp;#27;[90m14 ms - 14&amp;#27;[39m
&amp;#27;[35m[HTTP]&amp;#27;[39m &amp;#27;[90m&amp;#27;[39m
09:55:12.426 [Forwarding findElement on session 7ae98af1-f0c4-48bb-82e0-609d7d4c050b to remote] DEBUG org.asynchttpclient.netty.request.NettyRequestSender - Using pooled Channel &apos;[id: 0x007e0974, L:/127.0.0.1:56617 - R:/127.0.0.1:4723]&apos; for &apos;POST&apos; to &apos;http://0.0.0.0:4723/wd/hub/session/7ae98af1-f0c4-48bb-82e0-609d7d4c050b/element&apos;
09:55:12.426 [Forwarding findElement on session 7ae98af1-f0c4-48bb-82e0-609d7d4c050b to remote] DEBUG org.asynchttpclient.netty.request.NettyRequestSender - Using open Channel [id: 0x007e0974, L:/127.0.0.1:56617 - R:/127.0.0.1:4723] for POST &apos;/wd/hub/session/7ae98af1-f0c4-48bb-82e0-609d7d4c050b/element&apos;
&amp;#27;[35m[HTTP]&amp;#27;[39m &amp;#27;[37m--&gt;&amp;#27;[39m &amp;#27;[37mPOST&amp;#27;[39m &amp;#27;[37m/wd/hub/session/7ae98af1-f0c4-48bb-82e0-609d7d4c050b/element&amp;#27;[39m
&amp;#27;[35m[HTTP]&amp;#27;[39m &amp;#27;[90m{&quot;using&quot;:&quot;id&quot;,&quot;value&quot;:&quot;com.example.android.testing.notes.mock:id/fab_add_notes&quot;}&amp;#27;[39m
[debug] &amp;#27;[35m[W3C (7ae98af1)]&amp;#27;[39m Calling AppiumDriver.findElement() with args: [&quot;id&quot;,&quot;com.example.android.testing.notes.mock:id/fab_add_notes&quot;,&quot;7ae98af1-f0c4-48bb-82e0-609d7d4c050b&quot;]
[debug] &amp;#27;[35m[BaseDriver]&amp;#27;[39m Valid locator strategies for this request: xpath, id, class name, accessibility id, css selector, -android uiautomator
[debug] &amp;#27;[35m[BaseDriver]&amp;#27;[39m Waiting up to 0 ms for condition
[debug] &amp;#27;[35m[WD Proxy]&amp;#27;[39m Matched &apos;/element&apos; to command name &apos;findElement&apos;
[debug] &amp;#27;[35m[WD Proxy]&amp;#27;[39m Proxying [POST /element] to [POST http://127.0.0.1:8200/wd/hub/session/015791bc-716d-4afa-9c1f-c27f676dbeb8/element] with body: {&quot;strategy&quot;:&quot;id&quot;,&quot;selector&quot;:&quot;com.example.android.testing.notes.mock:id/fab_add_notes&quot;,&quot;context&quot;:&quot;&quot;,&quot;multiple&quot;:false}
[debug] &amp;#27;[35m[WD Proxy]&amp;#27;[39m Got response with status 200: {&quot;sessionId&quot;:&quot;015791bc-716d-4afa-9c1f-c27f676dbeb8&quot;,&quot;value&quot;:{&quot;ELEMENT&quot;:&quot;00000000-0000-1bef-ffff-ffff000000e8&quot;,&quot;element-6066-11e4-a52e-4f735466cecf&quot;:&quot;00000000-0000-1bef-ffff-ffff000000e8&quot;}}
[debug] &amp;#27;[35m[W3C (7ae98af1)]&amp;#27;[39m Responding to client with driver.findElement() result: {&quot;element09:55:12.456 [AsyncHttpClient-1-2] DEBUG org.asynchttpclient.netty.handler.HttpHandler - 

Request DefaultHttpRequest(decodeResult: success, version: HTTP/1.1)
POST /wd/hub/session/7ae98af1-f0c4-48bb-82e0-609d7d4c050b/element HTTP/1.1
User-Agent: selenium/4.5.0 (java windows)
Content-Length: 94
Content-Type: application/json; charset=utf-8
host: 0.0.0.0:4723
accept: */*

Response DefaultHttpResponse(decodeResult: success, version: HTTP/1.1)
HTTP/1.1 200 OK
X-Powered-By: Express
Vary: X-HTTP-Method-Override
Content-Type: application/json; charset=utf-8
ETag: W/&quot;89-iBtFLLK1GpgMaNpQVVnoTMqqjhM&quot;
Date: Fri, 02 Dec 2022 04:25:12 GMT
Connection: keep-alive
Keep-Alive: timeout=600
content-length: 137

-6066-11e4-a52e-4f735466cecf&quot;:&quot;00000000-0000-1bef-ffff-ffff000000e8&quot;,&quot;ELEMENT&quot;09:55:12.456 [AsyncHttpClient-1-2] DEBUG org.asynchttpclient.netty.channel.ChannelManager - Adding key: http://0.0.0.0:4723 for channel [id: 0x007e0974, L:/127.0.0.1:56617 - R:/127.0.0.1:4723]
:&quot;00000000-0000-1bef-ffff-ffff000000e8&quot;}
&amp;#27;[35m[HTTP]&amp;#27;[39m &amp;#27;[37m&lt;-- POST /wd/hub/session/7ae98af1-f0c4-48bb-82e0-609d7d4c050b/element &amp;#27;[39m&amp;#27;[32m200&amp;#27;[39m &amp;#27;[90m29 ms - 137&amp;#27;[39m
&amp;#27;[35m[HTTP]&amp;#27;[39m &amp;#27;[90m&amp;#27;[39m
09:55:12.459 [Forwarding isElementEnabled on session 7ae98af1-f0c4-48bb-82e0-609d7d4c050b to remote] DEBUG org.asynchttpclient.netty.request.NettyRequestSender - Using pooled Channel &apos;[id: 0x007e0974, L:/127.0.0.1:56617 - R:/127.0.0.1:4723]&apos; for &apos;GET&apos; to &apos;http://0.0.0.0:4723/wd/hub/session/7ae98af1-f0c4-48bb-82e0-609d7d4c050b/element/00000000-0000-1bef-ffff-ffff000000e8/enabled&apos;
09:55:12.459 [Forwarding isElementEnabled on session 7ae98af1-f0c4-48bb-82e0-609d7d4c050b to remote] DEBUG org.asynchttpclient.netty.request.NettyRequestSender - Using open Channel [id: 0x007e0974, L:/127.0.0.1:56617 - R:/127.0.0.1:4723] for GET &apos;/wd/hub/session/7ae98af1-f0c4-48bb-82e0-609d7d4c050b/element/00000000-0000-1bef-ffff-ffff000000e8/enabled&apos;
&amp;#27;[35m[HTTP]&amp;#27;[39m &amp;#27;[37m--&gt;&amp;#27;[39m &amp;#27;[37mGET&amp;#27;[39m &amp;#27;[37m/wd/hub/session/7ae98af1-f0c4-48bb-82e0-609d7d4c050b/element/00000000-0000-1bef-ffff-ffff000000e8/enabled&amp;#27;[39m
&amp;#27;[35m[HTTP]&amp;#27;[39m &amp;#27;[90m{}&amp;#27;[39m
[debug] &amp;#27;[35m[W3C (7ae98af1)]&amp;#27;[39m Calling AppiumDriver.elementEnabled() with args: [&quot;00000000-0000-1bef-ffff-ffff000000e8&quot;,&quot;7ae98af1-f0c4-48bb-82e0-609d7d4c050b&quot;]
[debug] &amp;#27;[35m[WD Proxy]&amp;#27;[39m Matched &apos;/element/00000000-0000-1bef-ffff-ffff000000e8/attribute/enabled&apos; to command name &apos;getAttribute&apos;
[debug] &amp;#27;[35m[WD Proxy]&amp;#27;[39m Proxying [GET /element/00000000-0000-1bef-ffff-ffff000000e8/attribute/enabled] to [GET http://127.0.0.1:8200/wd/hub/session/015791bc-716d-4afa-9c1f-c27f676dbeb8/element/00000000-0000-1bef-ffff-ffff000000e8/attribute/enabled] with no body
[debug] &amp;#27;[35m[WD Proxy]&amp;#27;[39m Got response with status 200: {&quot;sessionId&quot;:&quot;015791bc-716d-4afa-9c1f-c27f676dbeb8&quot;,&quot;value&quot;:&quot;true&quot;}
[debug] &amp;#27;[35m[W3C (7ae98af1)]&amp;#27;[39m Responding to client with driver.elementEnabled() result: true
09:55:12.471 [AsyncHttpClient-1-2] DEBUG org.asynchttpclient.netty.handler.HttpHandler - 

Request DefaultFullHttpRequest(decodeResult: success, version: HTTP/1.1, content: EmptyByteBufBE)
GET /wd/hub/session/7ae98af1-f0c4-48bb-82e0-609d7d4c050b/element/00000000-0000-1bef-ffff-ffff000000e8/enabled HTTP/1.1
User-Agent: selenium/4.5.0 (java windows)
Cache-Control: no-cache
Content-Type: application/json; charset=utf-8
host: 0.0.0.0:4723
accept: */*

Response DefaultHttpResponse(decodeResult: success, version: HTTP/1.1)
HTTP/1.1 200 OK
X-Powered-By: Express
Content-Type: application/json; charset=utf-8
ETag: W/&quot;e-2ZHvAWebNQpyjGZTg6uyV8/spTo&quot;
Date: Fri, 02 Dec 2022 04:25:12 GMT
Connection: keep-alive
Keep-Alive: timeout=600
content-length: 14

&amp;#27;[35m[HTT09:55:12.471 [AsyncHttpClient-1-2] DEBUG org.asynchttpclient.netty.channel.ChannelManager - Adding key: http://0.0.0.0:4723 for channel [id: 0x007e0974, L:/127.0.0.1:56617 - R:/127.0.0.1:4723]
P]&amp;#27;[39m &amp;#27;[37m&lt;-- GET /wd/hub/session/7ae98af1-f0c4-48bb-82e0-609d7d4c050b/element/00000000-0000-1bef-ffff-ffff000000e8/enabled &amp;#27;[39m&amp;#27;[32m200&amp;#27;[39m &amp;#27;[90m11 ms - 14&amp;#27;[39m
&amp;#27;[35m[HTTP]&amp;#27;[39m &amp;#27;[90m&amp;#27;[39m
09:55:12.472 [Forwarding findElement on session 7ae98af1-f0c4-48bb-82e0-609d7d4c050b to remote] DEBUG org.asynchttpclient.netty.request.NettyRequestSender - Using pooled Channel &apos;[id: 0x007e0974, L:/127.0.0.1:56617 - R:/127.0.0.1:4723]&apos; for &apos;POST&apos; to &apos;http://0.0.0.0:4723/wd/hub/session/7ae98af1-f0c4-48bb-82e0-609d7d4c050b/element&apos;
09:55:12.473 [Forwarding findElement on session 7ae98af1-f0c4-48bb-82e0-609d7d4c050b to remote] DEBUG org.asynchttpclient.netty.request.NettyRequestSender - Using open Channel [id: 0x007e0974, L:/127.0.0.1:56617 - R:/127.0.0.1:4723] for POST &apos;/wd/hub/session/7ae98af1-f0c4-48bb-82e0-609d7d4c050b/element&apos;
&amp;#27;[35m[HTTP]&amp;#27;[39m &amp;#27;[37m--&gt;&amp;#27;[39m &amp;#27;[37mPOST&amp;#27;[39m &amp;#27;[37m/wd/hub/session/7ae98af1-f0c4-48bb-82e0-609d7d4c050b/element&amp;#27;[39m
&amp;#27;[35m[HTTP]&amp;#27;[39m &amp;#27;[90m{&quot;using&quot;:&quot;id&quot;,&quot;value&quot;:&quot;com.example.android.testing.notes.mock:id/fab_add_notes&quot;}&amp;#27;[39m
[debug] &amp;#27;[35m[W3C (7ae98af1)]&amp;#27;[39m Calling AppiumDriver.findElement() with args: [&quot;id&quot;,&quot;com.example.android.testing.notes.mock:id/fab_add_notes&quot;,&quot;7ae98af1-f0c4-48bb-82e0-609d7d4c050b&quot;]
[debug] &amp;#27;[35m[BaseDriver]&amp;#27;[39m Valid locator strategies for this request: xpath, id, class name, accessibility id, css selector, -android uiautomator
[debug] &amp;#27;[35m[BaseDriver]&amp;#27;[39m Waiting up to 0 ms for condition
[debug] &amp;#27;[35m[WD Proxy]&amp;#27;[39m Matched &apos;/element&apos; to command name &apos;findElement&apos;
[debug] &amp;#27;[35m[WD Proxy]&amp;#27;[39m Proxying [POST /element] to [POST http://127.0.0.1:8200/wd/hub/session/015791bc-716d-4afa-9c1f-c27f676dbeb8/element] with body: {&quot;strategy&quot;:&quot;id&quot;,&quot;selector&quot;:&quot;com.example.android.testing.notes.mock:id/fab_add_notes&quot;,&quot;context&quot;:&quot;&quot;,&quot;multiple&quot;:false}
[debug] &amp;#27;[35m[WD Proxy]&amp;#27;[39m Got response with status 200: {&quot;sessionId&quot;:&quot;015791bc-716d-4afa-9c1f-c27f676dbeb8&quot;,&quot;value&quot;:{&quot;ELEMENT&quot;:&quot;00000000-0000-1bef-ffff-ffff000000e8&quot;,&quot;element-6066-11e4-a52e-4f735466cecf&quot;:&quot;00000000-0000-1bef-ffff-ffff000000e8&quot;}}
[debug] &amp;#27;[35m[W3C (7ae98af1)]&amp;#27;[39m Responding to client with driver.findElement() result: {&quot;element-6066-11e4-a52e-4f735466cecf&quot;:&quot;00000000-0000-109:55:12.519 [AsyncHttpClient-1-2] DEBUG org.asynchttpclient.netty.handler.HttpHandler - 

Request DefaultHttpRequest(decodeResult: success, version: HTTP/1.1)
POST /wd/hub/session/7ae98af1-f0c4-48bb-82e0-609d7d4c050b/element HTTP/1.1
User-Agent: selenium/4.5.0 (java windows)
Content-Length: 94
Content-Type: application/json; charset=utf-8
host: 0.0.0.0:4723
accept: */*

Response DefaultHttpResponse(decodeResult: success, version: HTTP/1.1)
HTTP/1.1 200 OK
X-Powered-By: Express
Vary: X-HTTP-Method-Override
Content-Type: application/json; charset=utf-8
ETag: W/&quot;89-iBtFLLK1GpgMaNpQVVnoTMqqjhM&quot;
Date: Fri, 02 Dec 2022 04:25:12 GMT
Connection: keep-alive
Keep-Alive: timeout=600
content-length: 137

bef-ffff-ffff000000e8&quot;,&quot;ELEMENT&quot;:&quot;00000000-0000-1bef-ffff-ffff000000e8&quot;}
09:55:12.519 [AsyncHttpClient-1-2] DEBUG org.asynchttpclient.netty.channel.ChannelManager - Adding key: http://0.0.0.0:4723 for channel [id: 0x007e0974, L:/127.0.0.1:56617 - R:/127.0.0.1:4723]
&amp;#27;[35m[HTTP]&amp;#27;[39m &amp;#27;[37m&lt;-- POST /wd/hub/session/7ae98af1-f0c4-48bb-82e0-609d7d4c050b/element &amp;#27;[39m&amp;#27;[32m200&amp;#27;[39m &amp;#27;[90m44 ms - 137&amp;#27;[39m
&amp;#27;[35m[HTTP]&amp;#27;[39m &amp;#27;[90m&amp;#27;[39m
09:55:12.522 [Forwarding clickElement on session 7ae98af1-f0c4-48bb-82e0-609d7d4c050b to remote] DEBUG org.asynchttpclient.netty.request.NettyRequestSender - Using pooled Channel &apos;[id: 0x007e0974, L:/127.0.0.1:56617 - R:/127.0.0.1:4723]&apos; for &apos;POST&apos; to &apos;http://0.0.0.0:4723/wd/hub/session/7ae98af1-f0c4-48bb-82e0-609d7d4c050b/element/00000000-0000-1bef-ffff-ffff000000e8/click&apos;
09:55:12.522 [Forwarding clickElement on session 7ae98af1-f0c4-48bb-82e0-609d7d4c050b to remote] DEBUG org.asynchttpclient.netty.request.NettyRequestSender - Using open Channel [id: 0x007e0974, L:/127.0.0.1:56617 - R:/127.0.0.1:4723] for POST &apos;/wd/hub/session/7ae98af1-f0c4-48bb-82e0-609d7d4c050b/element/00000000-0000-1bef-ffff-ffff000000e8/click&apos;
&amp;#27;[35m[HTTP]&amp;#27;[39m &amp;#27;[37m--&gt;&amp;#27;[39m &amp;#27;[37mPOST&amp;#27;[39m &amp;#27;[37m/wd/hub/session/7ae98af1-f0c4-48bb-82e0-609d7d4c050b/element/00000000-0000-1bef-ffff-ffff000000e8/click&amp;#27;[39m
&amp;#27;[35m[HTTP]&amp;#27;[39m &amp;#27;[90m{&quot;id&quot;:&quot;00000000-0000-1bef-ffff-ffff000000e8&quot;}&amp;#27;[39m
[debug] &amp;#27;[35m[W3C (7ae98af1)]&amp;#27;[39m Calling AppiumDriver.click() with args: [&quot;00000000-0000-1bef-ffff-ffff000000e8&quot;,&quot;7ae98af1-f0c4-48bb-82e0-609d7d4c050b&quot;]
[debug] &amp;#27;[35m[WD Proxy]&amp;#27;[39m Matched &apos;/element/00000000-0000-1bef-ffff-ffff000000e8/click&apos; to command name &apos;click&apos;
[debug] &amp;#27;[35m[WD Proxy]&amp;#27;[39m Proxying [POST /element/00000000-0000-1bef-ffff-ffff000000e8/click] to [POST http://127.0.0.1:8200/wd/hub/session/015791bc-716d-4afa-9c1f-c27f676dbeb8/element/00000000-0000-1bef-ffff-ffff000000e8/click] with body: {&quot;element&quot;:&quot;00000000-0000-1bef-ffff-ffff000000e8&quot;}
[debug] &amp;#27;[35m[WD Proxy]&amp;#27;[39m Got response with status 200: {&quot;sessionId&quot;:&quot;015791bc-716d-4afa-9c1f-c27f676dbeb8&quot;,&quot;value&quot;:null}
[debug] &amp;#27;[35m[W3C (7ae98af1)]&amp;#27;[39m Responding to client with driver.click() result: null
&amp;#27;[35m[HTTP]&amp;#27;[39m &amp;#27;[37m&lt;-- POST /09:55:12.609 [AsyncHttpClient-1-2] DEBUG org.asynchttpclient.netty.handler.HttpHandler - 

Request DefaultHttpRequest(decodeResult: success, version: HTTP/1.1)
POST /wd/hub/session/7ae98af1-f0c4-48bb-82e0-609d7d4c050b/element/00000000-0000-1bef-ffff-ffff000000e8/click HTTP/1.1
User-Agent: selenium/4.5.0 (java windows)
Content-Length: 50
Content-Type: application/json; charset=utf-8
host: 0.0.0.0:4723
accept: */*

Response DefaultHttpResponse(decodeResult: success, version: HTTP/1.1)
HTTP/1.1 200 OK
X-Powered-By: Express
Vary: X-HTTP-Method-Override
Content-Type: application/json; charset=utf-8
ETag: W/&quot;e-9/1BuKMgFObM1mWJm+YjxtXJnUM&quot;
Date: Fri, 02 Dec 2022 04:25:12 GMT
Connection: keep-alive
Keep-Alive: timeout=600
content-length: 14

wd/hub/session/7ae98af1-f0c4-48bb-82e0-609d7d4c050b/element/00000000-0000-1bef-ffff-ffff000000e8/click 09:55:12.609 [AsyncHttpClient-1-2] DEBUG org.asynchttpclient.netty.channel.ChannelManager - Adding key: http://0.0.0.0:4723 for channel [id: 0x007e0974, L:/127.0.0.1:56617 - R:/127.0.0.1:4723]
&amp;#27;[39m&amp;#27;[32m200&amp;#27;[39m &amp;#27;[90m85 ms - 14&amp;#27;[39m
&amp;#27;[35m[HTTP]&amp;#27;[39m &amp;#27;[90m&amp;#27;[39m
  &amp;#27;[32mWhen &amp;#27;[0m&amp;#27;[32mI add Note with &amp;#27;[0m&amp;#27;[32m&amp;#27;[1m&quot;Title_Marco&quot;&amp;#27;[0m&amp;#27;[32m and &amp;#27;[0m&amp;#27;[32m&amp;#27;[1m&quot;text: Some text Description2&quot;&amp;#27;[0m &amp;#27;[90m# com.example.cocusmobiletest.stepdefinitions.NewNoteStepdefs.I_add_Note_with_and(java.lang.String,java.lang.String)&amp;#27;[0m
09:55:12.611 [Forwarding findElement on session 7ae98af1-f0c4-48bb-82e0-609d7d4c050b to remote] DEBUG org.asynchttpclient.netty.request.NettyRequestSender - Using pooled Channel &apos;[id: 0x007e0974, L:/127.0.0.1:56617 - R:/127.0.0.1:4723]&apos; for &apos;POST&apos; to &apos;http://0.0.0.0:4723/wd/hub/session/7ae98af1-f0c4-48bb-82e0-609d7d4c050b/element&apos;
09:55:12.611 [Forwarding findElement on session 7ae98af1-f0c4-48bb-82e0-609d7d4c050b to remote] DEBUG org.asynchttpclient.netty.request.NettyRequestSender - Using open Channel [id: 0x007e0974, L:/127.0.0.1:56617 - R:/127.0.0.1:4723] for POST &apos;/wd/hub/session/7ae98af1-f0c4-48bb-82e0-609d7d4c050b/element&apos;
&amp;#27;[35m[HTTP]&amp;#27;[39m &amp;#27;[37m--&gt;&amp;#27;[39m &amp;#27;[37mPOST&amp;#27;[39m &amp;#27;[37m/wd/hub/session/7ae98af1-f0c4-48bb-82e0-609d7d4c050b/element&amp;#27;[39m
&amp;#27;[35m[HTTP]&amp;#27;[39m &amp;#27;[90m{&quot;using&quot;:&quot;id&quot;,&quot;value&quot;:&quot;com.example.android.testing.notes.mock:id/fab_add_notes&quot;}&amp;#27;[39m
[debug] &amp;#27;[35m[W3C (7ae98af1)]&amp;#27;[39m Calling AppiumDriver.findElement() with args: [&quot;id&quot;,&quot;com.example.android.testing.notes.mock:id/fab_add_notes&quot;,&quot;7ae98af1-f0c4-48bb-82e0-609d7d4c050b&quot;]
[debug] &amp;#27;[35m[BaseDriver]&amp;#27;[39m Valid locator strategies for this request: xpath, id, class name, accessibility id, css selector, -android uiautomator
[debug] &amp;#27;[35m[BaseDriver]&amp;#27;[39m Waiting up to 0 ms for condition
[debug] &amp;#27;[35m[WD Proxy]&amp;#27;[39m Matched &apos;/element&apos; to command name &apos;findElement&apos;
[debug] &amp;#27;[35m[WD Proxy]&amp;#27;[39m Proxying [POST /element] to [POST http://127.0.0.1:8200/wd/hub/session/015791bc-716d-4afa-9c1f-c27f676dbeb8/element] with body: {&quot;strategy&quot;:&quot;id&quot;,&quot;selector&quot;:&quot;com.example.android.testing.notes.mock:id/fab_add_notes&quot;,&quot;context&quot;:&quot;&quot;,&quot;multiple&quot;:false}
[debug] &amp;#27;[35m[WD Proxy]&amp;#27;[39m Got response with status 200: {&quot;sessionId&quot;:&quot;015791bc-716d-4afa-9c1f-c27f676dbeb8&quot;,&quot;value&quot;:{&quot;ELEMENT&quot;:&quot;00000000-0000-1bef-ffff-ffff000000e8&quot;,&quot;element-6066-11e4-a52e-4f735466cecf&quot;:&quot;00000000-0000-1bef-ffff-ffff000000e8&quot;}}
[debug] &amp;#27;[35m[W3C (7ae98af1)]09:55:12.663 [AsyncHttpClient-1-2] DEBUG org.asynchttpclient.netty.handler.HttpHandler - 

Request DefaultHttpRequest(decodeResult: success, version: HTTP/1.1)
POST /wd/hub/session/7ae98af1-f0c4-48bb-82e0-609d7d4c050b/element HTTP/1.1
User-Agent: selenium/4.5.0 (java windows)
Content-Length: 94
Content-Type: application/json; charset=utf-8
host: 0.0.0.0:4723
accept: */*

Response DefaultHttpResponse(decodeResult: success, version: HTTP/1.1)
HTTP/1.1 200 OK
X-Powered-By: Express
Vary: X-HTTP-Method-Override
Content-Type: application/json; charset=utf-8
ETag: W/&quot;89-iBtFLLK1GpgMaNpQVVnoTMqqjhM&quot;
Date: Fri, 02 Dec 2022 04:25:12 GMT
Connection: keep-alive
Keep-Alive: timeout=600
content-length: 137

&amp;#27;[39m Responding to client with driver.findElement() res09:55:12.664 [AsyncHttpClient-1-2] DEBUG org.asynchttpclient.netty.channel.ChannelManager - Adding key: http://0.0.0.0:4723 for channel [id: 0x007e0974, L:/127.0.0.1:56617 - R:/127.0.0.1:4723]
ult: {&quot;element-6066-11e4-a52e-4f735466cecf&quot;:&quot;00000000-0000-1bef-ffff-ffff000000e8&quot;,&quot;ELEMENT&quot;:&quot;00000000-0000-1bef-ffff-ffff000000e8&quot;}
&amp;#27;[35m[HTTP]&amp;#27;[39m &amp;#27;[37m&lt;-- POST /wd/hub/session/7ae98af1-f0c4-48bb-82e0-609d7d4c09:55:12.664 [Forwarding isElementDisplayed on session 7ae98af1-f0c4-48bb-82e0-609d7d4c050b to remote] DEBUG org.asynchttpclient.netty.request.NettyRequestSender - Using pooled Channel &apos;[id: 0x007e0974, L:/127.0.0.1:56617 - R:/127.0.0.1:4723]&apos; for &apos;GET&apos; to &apos;http://0.0.0.0:4723/wd/hub/session/7ae98af1-f0c4-48bb-82e0-609d7d4c050b/element/00000000-0000-1bef-ffff-ffff000000e8/displayed&apos;
050b/element &amp;#27;[09:55:12.665 [Forwarding isElementDisplayed on session 7ae98af1-f0c4-48bb-82e0-609d7d4c050b to remote] DEBUG org.asynchttpclient.netty.request.NettyRequestSender - Using open Channel [id: 0x007e0974, L:/127.0.0.1:56617 - R:/127.0.0.1:4723] for GET &apos;/wd/hub/session/7ae98af1-f0c4-48bb-82e0-609d7d4c050b/element/00000000-0000-1bef-ffff-ffff000000e8/displayed&apos;
39m&amp;#27;[32m200&amp;#27;[39m &amp;#27;[90m52 ms - 137&amp;#27;[39m
&amp;#27;[35m[HTTP]&amp;#27;[39m &amp;#27;[90m&amp;#27;[39m
&amp;#27;[35m[HTTP]&amp;#27;[39m &amp;#27;[37m--&gt;&amp;#27;[39m &amp;#27;[37mGET&amp;#27;[39m &amp;#27;[37m/wd/hub/session/7ae98af1-f0c4-48bb-82e0-609d7d4c050b/element/00000000-0000-1bef-ffff-ffff000000e8/displayed&amp;#27;[39m
&amp;#27;[35m[HTTP]&amp;#27;[39m &amp;#27;[90m{}&amp;#27;[39m
[debug] &amp;#27;[35m[W3C (7ae98af1)]&amp;#27;[39m Calling AppiumDriver.elementDisplayed() with args: [&quot;00000000-0000-1bef-ffff-ffff000000e8&quot;,&quot;7ae98af1-f0c4-48bb-82e0-609d7d4c050b&quot;]
[debug] &amp;#27;[35m[WD Proxy]&amp;#27;[39m Matched &apos;/element/00000000-0000-1bef-ffff-ffff000000e8/attribute/displayed&apos; to command name &apos;getAttribute&apos;
[debug] &amp;#27;[35m[WD Proxy]&amp;#27;[39m Proxying [GET /element/00000000-0000-1bef-ffff-ffff000000e8/attribute/displayed] to [GET http://127.0.0.1:8200/wd/hub/session/015791bc-716d-4afa-9c1f-c27f676dbeb8/element/00000000-0000-1bef-ffff-ffff000000e8/attribute/displayed] with no body
&amp;#27;[35m[WD Proxy]&amp;#27;[39m Got response with status 404: {&quot;sessionId&quot;:&quot;015791bc-716d-4afa-9c1f-c27f676dbeb8&quot;,&quot;value&quot;:{&quot;error&quot;:&quot;stale element reference&quot;,&quot;message&quot;:&quot;The element &apos;By.id: com.example.android.testing.notes.mock:id/fab_add_notes&apos; does not exist in DOM anymore&quot;,&quot;stacktrace&quot;:&quot;io.appium.uiautomator2.common.exceptions.StaleElementReferenceException: The element &apos;By.id: com.example.android.testing.notes.mock:id/fab_add_notes&apos; does not exist in DOM anymore\n\tat io.appium.uiautomator2.model.ElementsCache.restore(ElementsCache.java:117)\n\tat io.appium.uiautomator2.model.ElementsCache.get(ElementsCache.java:153)\n\tat io.appium.uiautomator2.handler.GetElementAttribute.safeHandle(GetElementAttribute.java:23)\n\tat io.appium.uiautomator2.handler.request.SafeRequestHandler.handle(SafeRequestHandler.java:59)\n\tat io.appium.uiautomator2.server.AppiumServlet.handleRequest(AppiumServlet.java:266)\n\tat io.appium.uiautomator2.server.AppiumServlet.handleHttpRequest(AppiumServlet.java:260)\n\tat io.appium.uiautomator2.http.ServerHandler.channelRead(ServerHandler.java:...
[debug] &amp;#27;[35m[W3C]&amp;#27;[39m Matched W3C error code &apos;stale element reference&apos; to StaleElementReferenceError
[debug] &amp;#27;[35m[W3C (7ae98af1)]&amp;#27;[39m Encountered internal error running command: io.appium.uiautomator2.common.exceptions.StaleElementReferenceException: The element &apos;By.id: com.example.android.testing.notes.mock:id/fab_add_no09:55:14.777 [AsyncHttpClient-1-2] DEBUG org.asynchttpclient.netty.handler.HttpHandler - 

Request DefaultFullHttpRequest(decodeResult: success, version: HTTP/1.1, content: EmptyByteBufBE)
GET /wd/hub/session/7ae98af1-f0c4-48bb-82e0-609d7d4c050b/element/00000000-0000-1bef-ffff-ffff000000e8/displayed HTTP/1.1
User-Agent: selenium/4.5.0 (java windows)
Cache-Control: no-cache
Content-Type: application/json; charset=utf-8
host: 0.0.0.0:4723
accept: */*

Response DefaultHttpResponse(decodeResult: success, version: HTTP/1.1)
HTTP/1.1 404 Not Found
X-Powered-By: Express
Content-Type: application/json; charset=utf-8
ETag: W/&quot;fb7-Taw0ad2lUiPNcRUM3xqENdxVyPw&quot;
Date: Fri, 02 Dec 2022 04:25:14 GMT
Connection: keep-alive
Keep-Alive: timeout=600
content-length: 4023

tes&apos; does not exist in DOM anymore
[debug] &amp;#27;[35m[W3C (7ae98af1)]&amp;#27;[39m 	at io.appium.uiautomator2.model.ElementsCache.restore(ElementsCache.java:117)
[debug] &amp;#27;[35m[W3C (7ae98af1)]&amp;#27;[39m 	at io.appium.u09:55:14.779 [AsyncHttpClient-1-2] DEBUG org.asynchttpclient.netty.channel.ChannelManager - Adding key: http://0.0.0.0:4723 for channel [id: 0x007e0974, L:/127.0.0.1:56617 - R:/127.0.0.1:4723]
iautomator2.model.ElementsCache.get(ElementsCache.java:153)
[debug] &amp;#27;[35m[W3C (7ae98af1)]&amp;#27;[39m 	at io.appium.uiautomator2.handler.GetElementAttribute.safeHandle(GetElementAttribute.java:23)
[debug] &amp;#27;[35m[W3C (7ae98af1)]&amp;#27;[39m 	at io.appium.uiautomator2.handler.request.SafeRequestHandler.handle(SafeRequestHandler.java:59)
[debug] &amp;#27;[35m[W3C (7ae98af1)]&amp;#27;[39m 	at io.appium.uiautomator2.server.AppiumServlet.handleRequest(AppiumServlet.java:266)
[debug] &amp;#27;[35m[W3C (7ae98af1)]&amp;#27;[39m 	at io.appium.uiautomator2.server.AppiumServlet.handleHttpRequest(AppiumServlet.java:260)
[debug] &amp;#27;[35m[W3C (7ae98af1)]&amp;#27;[39m 	at io.appium.uiautomator2.http.ServerHandler.channelRead(ServerHandler.java:68)
[debug] &amp;#27;[35m[W3C (7ae98af1)]&amp;#27;[09:55:14.781 [Forwarding findElement on session 7ae98af1-f0c4-48bb-82e0-609d7d4c050b to remote] DEBUG org.asynchttpclient.netty.request.NettyRequestSender - Using pooled Channel &apos;[id: 0x007e0974, L:/127.0.0.1:56617 - R:/127.0.0.1:4723]&apos; for &apos;POST&apos; to &apos;http://0.0.0.0:4723/wd/hub/session/7ae98af1-f0c4-48bb-82e0-609d7d4c050b/element&apos;
39m 	at io.netty.channel.AbstractChannelHandlerContext.invokeChannelRead(AbstractChannelHandlerContext.java:366)
[debug] &amp;#27;[35m[W3C (7ae98af1)]&amp;#27;[39m 	at io.netty.channel.AbstractChannelHandlerContext.invokeChannelRead(AbstractChannelHandlerCon09:55:14.781 [Forwarding findElement on session 7ae98af1-f0c4-48bb-82e0-609d7d4c050b to remote] DEBUG org.asynchttpclient.netty.request.NettyRequestSender - Using open Channel [id: 0x007e0974, L:/127.0.0.1:56617 - R:/127.0.0.1:4723] for POST &apos;/wd/hub/session/7ae98af1-f0c4-48bb-82e0-609d7d4c050b/element&apos;
text.java:352)
[debug] &amp;#27;[35m[W3C (7ae98af1)]&amp;#27;[39m 	at io.netty.channel.AbstractChannelHandlerContext.fireChannelRead(AbstractChannelHandlerContext.java:345)
[debug] &amp;#27;[35m[W3C (7ae98af1)]&amp;#27;[39m 	at io.netty.handler.codec.MessageToMessageDecoder.channelRead(MessageToMessageDecoder.java:102)
[debug] &amp;#27;[35m[W3C (7ae98af1)]&amp;#27;[39m 	at io.netty.channel.AbstractChannelHandlerContext.invokeChannelRead(AbstractChannelHandlerContext.java:366)
[debug] &amp;#27;[35m[W3C (7ae98af1)]&amp;#27;[39m 	at io.netty.channel.AbstractChannelHandlerContext.invokeChannelRead(AbstractChannelHandlerContext.java:352)
[debug] &amp;#27;[35m[W3C (7ae98af1)]&amp;#27;[39m 	at io.netty.channel.AbstractChannelHandlerContext.fireChannelRead(AbstractChannelHandlerContext.java:345)
[debug] &amp;#27;[35m[W3C (7ae98af1)]&amp;#27;[39m 	at io.netty.channel.CombinedChannelDuplexHandler$DelegatingChannelHandlerContext.fireChannelRead(CombinedChannelDuplexHandler.java:435)
[debug] &amp;#27;[35m[W3C (7ae98af1)]&amp;#27;[39m 	at io.netty.handler.codec.ByteToMessageDecoder.fireChannelRead(ByteToMessageDecoder.java:293)
[debug] &amp;#27;[35m[W3C (7ae98af1)]&amp;#27;[39m 	at io.netty.handler.codec.ByteToMessageDecoder.channelRead(ByteToMessageDecoder.java:267)
[debug] &amp;#27;[35m[W3C (7ae98af1)]&amp;#27;[39m 	at io.netty.channel.CombinedChannelDuplexHandler.channelRead(CombinedChannelDuplexHandler.java:250)
[debug] &amp;#27;[35m[W3C (7ae98af1)]&amp;#27;[39m 	at io.netty.channel.AbstractChannelHandlerContext.invokeChannelRead(AbstractChannelHandlerContext.java:366)
[debug] &amp;#27;[35m[W3C (7ae98af1)]&amp;#27;[39m 	at io.netty.channel.AbstractChannelHandlerContext.invokeChannelRead(AbstractChannelHandlerContext.java:352)
[debug] &amp;#27;[35m[W3C (7ae98af1)]&amp;#27;[39m 	at io.netty.channel.AbstractChannelHandlerContext.fireChannelRead(AbstractChannelHandlerContext.java:345)
[debug] &amp;#27;[35m[W3C (7ae98af1)]&amp;#27;[39m 	at io.netty.handler.timeout.IdleStateHandler.channelRead(IdleStateHandler.java:266)
[debug] &amp;#27;[35m[W3C (7ae98af1)]&amp;#27;[39m 	at io.netty.channel.AbstractChannelHandlerContext.invokeChannelRead(AbstractChannelHandlerContext.java:366)
[debug] &amp;#27;[35m[W3C (7ae98af1)]&amp;#27;[39m 	at io.netty.channel.AbstractChannelHandlerContext.invokeChannelRead(AbstractChannelHandlerContext.java:352)
[debug] &amp;#27;[35m[W3C (7ae98af1)]&amp;#27;[39m 	at io.netty.channel.AbstractChannelHandlerContext.fireChannelRead(AbstractChannelHandlerContext.java:345)
[debug] &amp;#27;[35m[W3C (7ae98af1)]&amp;#27;[39m 	at io.netty.channel.DefaultChannelPipeline$HeadContext.channelRead(DefaultChannelPipeline.java:1294)
[debug] &amp;#27;[35m[W3C (7ae98af1)]&amp;#27;[39m 	at io.netty.channel.AbstractChannelHandlerContext.invokeChannelRead(AbstractChannelHandlerContext.java:366)
[debug] &amp;#27;[35m[W3C (7ae98af1)]&amp;#27;[39m 	at io.netty.channel.AbstractChannelHandlerContext.invokeChannelRead(AbstractChannelHandlerContext.java:352)
[debug] &amp;#27;[35m[W3C (7ae98af1)]&amp;#27;[39m 	at io.netty.channel.DefaultChannelPipeline.fireChannelRead(DefaultChannelPipeline.java:911)
[debug] &amp;#27;[35m[W3C (7ae98af1)]&amp;#27;[39m 	at io.netty.channel.nio.AbstractNioByteChannel$NioByteUnsafe.read(AbstractNioByteChannel.java:131)
[debug] &amp;#27;[35m[W3C (7ae98af1)]&amp;#27;[39m 	at io.netty.channel.nio.NioEventLoop.processSelectedKey(NioEventLoop.java:611)
[debug] &amp;#27;[35m[W3C (7ae98af1)]&amp;#27;[39m 	at io.netty.channel.nio.NioEventLoop.processSelectedKeysOptimized(NioEventLoop.java:552)
[debug] &amp;#27;[35m[W3C (7ae98af1)]&amp;#27;[39m 	at io.netty.channel.nio.NioEventLoop.processSelectedKeys(NioEventLoop.java:466)
[debug] &amp;#27;[35m[W3C (7ae98af1)]&amp;#27;[39m 	at io.netty.channel.nio.NioEventLoop.run(NioEventLoop.java:438)
[debug] &amp;#27;[35m[W3C (7ae98af1)]&amp;#27;[39m 	at io.netty.util.concurrent.SingleThreadEventExecutor$2.run(SingleThreadEventExecutor.java:140)
[debug] &amp;#27;[35m[W3C (7ae98af1)]&amp;#27;[39m 	at io.netty.util.concurrent.DefaultThreadFactory$DefaultRunnableDecorator.run(DefaultThreadFactory.java:144)
[debug] &amp;#27;[35m[W3C (7ae98af1)]&amp;#27;[39m 	at java.lang.Thread.run(Thread.java:1012)
[debug] &amp;#27;[35m[W3C (7ae98af1)]&amp;#27;[39m 
&amp;#27;[35m[HTTP]&amp;#27;[39m &amp;#27;[37m&lt;-- GET /wd/hub/session/7ae98af1-f0c4-48bb-82e0-609d7d4c050b/element/00000000-0000-1bef-ffff-ffff000000e8/displayed &amp;#27;[39m&amp;#27;[33m404&amp;#27;[39m &amp;#27;[90m2112 ms - 4023&amp;#27;[39m
&amp;#27;[35m[HTTP]&amp;#27;[39m &amp;#27;[90m&amp;#27;[39m
&amp;#27;[35m[HTTP]&amp;#27;[39m &amp;#27;[37m--&gt;&amp;#27;[39m &amp;#27;[37mPOST&amp;#27;[39m &amp;#27;[37m/wd/hub/session/7ae98af1-f0c4-48bb-82e0-609d7d4c050b/element&amp;#27;[39m
&amp;#27;[35m[HTTP]&amp;#27;[39m &amp;#27;[90m{&quot;using&quot;:&quot;id&quot;,&quot;value&quot;:&quot;com.example.android.testing.notes.mock:id/fab_add_notes&quot;}&amp;#27;[39m
[debug] &amp;#27;[35m[W3C (7ae98af1)]&amp;#27;[39m Calling AppiumDriver.findElement() with args: [&quot;id&quot;,&quot;com.example.android.testing.notes.mock:id/fab_add_notes&quot;,&quot;7ae98af1-f0c4-48bb-82e0-609d7d4c050b&quot;]
[debug] &amp;#27;[35m[BaseDriver]&amp;#27;[39m Valid locator strategies for this request: xpath, id, class name, accessibility id, css selector, -android uiautomator
[debug] &amp;#27;[35m[BaseDriver]&amp;#27;[39m Waiting up to 0 ms for condition
[debug] &amp;#27;[35m[WD Proxy]&amp;#27;[39m Matched &apos;/element&apos; to command name &apos;findElement&apos;
[debug] &amp;#27;[35m[WD Proxy]&amp;#27;[39m Proxying [POST /element] to [POST http://127.0.0.1:8200/wd/hub/session/015791bc-716d-4afa-9c1f-c27f676dbeb8/element] with body: {&quot;strategy&quot;:&quot;id&quot;,&quot;selector&quot;:&quot;com.example.android.testing.notes.mock:id/fab_add_notes&quot;,&quot;context&quot;:&quot;&quot;,&quot;multiple&quot;:false}
[debug] &amp;#27;[35m[WD Proxy]&amp;#27;[39m Got response with status 200: {&quot;sessionId&quot;:&quot;015791bc-716d-4afa-9c1f-c27f676dbeb8&quot;,&quot;value&quot;:{&quot;ELEMENT&quot;:&quot;00000000-0000-1be8-ffff-ffff00000010&quot;,&quot;element-6066-11e4-a52e-4f735466cecf&quot;:&quot;00000000-0000-1be8-ffff-ffff00000010&quot;}}
[debug] &amp;#27;[35m[W3C (7ae98af1)]&amp;#27;[39m Responding to client with driver.findElement() result: {&quot;element-6066-11e4-a52e-4f735466cecf&quot;:&quot;00000000-0000-1be8-ffff-ffff00000010&quot;09:55:14.855 [AsyncHttpClient-1-2] DEBUG org.asynchttpclient.netty.handler.HttpHandler - 

Request DefaultHttpRequest(decodeResult: success, version: HTTP/1.1)
POST /wd/hub/session/7ae98af1-f0c4-48bb-82e0-609d7d4c050b/element HTTP/1.1
User-Agent: selenium/4.5.0 (java windows)
Content-Length: 94
Content-Type: application/json; charset=utf-8
host: 0.0.0.0:4723
accept: */*

Response DefaultHttpResponse(decodeResult: success, version: HTTP/1.1)
HTTP/1.1 200 OK
X-Powered-By: Express
Vary: X-HTTP-Method-Override
Content-Type: application/json; charset=utf-8
ETag: W/&quot;89-oQm3nrL1RYeXqm5ocWoT1mIo5O0&quot;
Date: Fri, 02 Dec 2022 04:25:14 GMT
Connection: keep-alive
Keep-Alive: timeout=600
content-length: 137

,&quot;ELEMENT&quot;:&quot;00000000-0000-1be8-ffff-ffff00000010&quot;}
09:55:14.855 [AsyncHttpClient-1-2] DEBUG org.asynchttpclient.netty.channel.ChannelManager - Adding key: http://0.0.0.0:4723 for channel [id: 0x007e0974, L:/127.0.0.1:56617 - R:/127.0.0.1:4723]
&amp;#27;[35m[HTTP]&amp;#27;[39m &amp;#27;[37m&lt;-- POST /wd/hub/session/7ae98af1-f0c4-48bb-82e0-609d7d4c050b/element &amp;#27;[39m&amp;#27;[32m200&amp;#27;[39m &amp;#27;[90m71 ms - 137&amp;#27;[39m
&amp;#27;[35m[HTTP]&amp;#27;[39m &amp;#27;[90m&amp;#27;[39m
09:55:14.856 [Forwarding isElementDisplayed on session 7ae98af1-f0c4-48bb-82e0-609d7d4c050b to remote] DEBUG org.asynchttpclient.netty.request.NettyRequestSender - Using pooled Channel &apos;[id: 0x007e0974, L:/127.0.0.1:56617 - R:/127.0.0.1:4723]&apos; for &apos;GET&apos; to &apos;http://0.0.0.0:4723/wd/hub/session/7ae98af1-f0c4-48bb-82e0-609d7d4c050b/element/00000000-0000-1be8-ffff-ffff00000010/displayed&apos;
09:55:14.856 [Forwarding isElementDisplayed on session 7ae98af1-f0c4-48bb-82e0-609d7d4c050b to remote] DEBUG org.asynchttpclient.netty.request.NettyRequestSender - Using open Channel [id: 0x007e0974, L:/127.0.0.1:56617 - R:/127.0.0.1:4723] for GET &apos;/wd/hub/session/7ae98af1-f0c4-48bb-82e0-609d7d4c050b/element/00000000-0000-1be8-ffff-ffff00000010/displayed&apos;
&amp;#27;[35m[HTTP]&amp;#27;[39m &amp;#27;[37m--&gt;&amp;#27;[39m &amp;#27;[37mGET&amp;#27;[39m &amp;#27;[37m/wd/hub/session/7ae98af1-f0c4-48bb-82e0-609d7d4c050b/element/00000000-0000-1be8-ffff-ffff00000010/displayed&amp;#27;[39m
&amp;#27;[35m[HTTP]&amp;#27;[39m &amp;#27;[90m{}&amp;#27;[39m
[debug] &amp;#27;[35m[W3C (7ae98af1)]&amp;#27;[39m Calling AppiumDriver.elementDisplayed() with args: [&quot;00000000-0000-1be8-ffff-ffff00000010&quot;,&quot;7ae98af1-f0c4-48bb-82e0-609d7d4c050b&quot;]
[debug] &amp;#27;[35m[WD Proxy]&amp;#27;[39m Matched &apos;/element/00000000-0000-1be8-ffff-ffff00000010/attribute/displayed&apos; to command name &apos;getAttribute&apos;
[debug] &amp;#27;[35m[WD Proxy]&amp;#27;[39m Proxying [GET /element/00000000-0000-1be8-ffff-ffff00000010/attribute/displayed] to [GET http://127.0.0.1:8200/wd/hub/session/015791bc-716d-4afa-9c1f-c27f676dbeb8/element/00000000-0000-1be8-ffff-ffff00000010/attribute/displayed] with no body
[debug] &amp;#27;[35m[WD Proxy]&amp;#27;[39m Got response with status 200: {&quot;sessionId&quot;:&quot;015791bc-716d-4afa-9c1f-c27f676dbeb8&quot;,&quot;value&quot;:&quot;true&quot;}
[debug] &amp;#27;[35m[W3C (7ae98af1)]&amp;#27;[39m Responding to client with driver.elementDisplayed() result: true
09:55:14.873 [AsyncHttpClient-1-2] DEBUG org.asynchttpclient.netty.handler.HttpHandler - 

Request DefaultFullHttpRequest(decodeResult: success, version: HTTP/1.1, content: EmptyByteBufBE)
GET /wd/hub/session/7ae98af1-f0c4-48bb-82e0-609d7d4c050b/element/00000000-0000-1be8-ffff-ffff00000010/displayed HTTP/1.1
User-Agent: selenium/4.5.0 (java windows)
Cache-Control: no-cache
Content-Type: application/json; charset=utf-8
host: 0.0.0.0:4723
accept: */*

Response DefaultHttpResponse(decodeResult: success, version: HTTP/1.1)
HTTP/1.1 200 OK
X-Powered-By: Express
Content-Type: application/json; charset=utf-8
ETag: W/&quot;e-2ZHvAWebNQpyjGZTg6uyV8/spTo&quot;
Date: Fri, 02 Dec 2022 04:25:14 GMT
Connection: keep-alive
Keep-Alive: timeout=600
content-length: 14

&amp;#27;[35m[HTTP]&amp;#27;[39m &amp;#27;[37m&lt;-- GE09:55:14.873 [AsyncHttpClient-1-2] DEBUG org.asynchttpclient.netty.channel.ChannelManager - Adding key: http://0.0.0.0:4723 for channel [id: 0x007e0974, L:/127.0.0.1:56617 - R:/127.0.0.1:4723]
T /wd/hub/session/7ae98af1-f0c4-48bb-82e0-609d7d4c050b/element/00000000-0000-1be8-ffff-ffff00000010/displayed &amp;#27;[39m&amp;#27;[32m200&amp;#27;[39m &amp;#27;[90m16 ms - 14&amp;#27;[39m
&amp;#27;[35m[HTTP]&amp;#27;[39m &amp;#27;[90m&amp;#27;[39m
09:55:14.874 [Forwarding findElement on session 7ae98af1-f0c4-48bb-82e0-609d7d4c050b to remote] DEBUG org.asynchttpclient.netty.request.NettyRequestSender - Using pooled Channel &apos;[id: 0x007e0974, L:/127.0.0.1:56617 - R:/127.0.0.1:4723]&apos; for &apos;POST&apos; to &apos;http://0.0.0.0:4723/wd/hub/session/7ae98af1-f0c4-48bb-82e0-609d7d4c050b/element&apos;
09:55:14.874 [Forwarding findElement on session 7ae98af1-f0c4-48bb-82e0-609d7d4c050b to remote] DEBUG org.asynchttpclient.netty.request.NettyRequestSender - Using open Channel [id: 0x007e0974, L:/127.0.0.1:56617 - R:/127.0.0.1:4723] for POST &apos;/wd/hub/session/7ae98af1-f0c4-48bb-82e0-609d7d4c050b/element&apos;
&amp;#27;[35m[HTTP]&amp;#27;[39m &amp;#27;[37m--&gt;&amp;#27;[39m &amp;#27;[37mPOST&amp;#27;[39m &amp;#27;[37m/wd/hub/session/7ae98af1-f0c4-48bb-82e0-609d7d4c050b/element&amp;#27;[39m
&amp;#27;[35m[HTTP]&amp;#27;[39m &amp;#27;[90m{&quot;using&quot;:&quot;id&quot;,&quot;value&quot;:&quot;com.example.android.testing.notes.mock:id/fab_add_notes&quot;}&amp;#27;[39m
[debug] &amp;#27;[35m[W3C (7ae98af1)]&amp;#27;[39m Calling AppiumDriver.findElement() with args: [&quot;id&quot;,&quot;com.example.android.testing.notes.mock:id/fab_add_notes&quot;,&quot;7ae98af1-f0c4-48bb-82e0-609d7d4c050b&quot;]
[debug] &amp;#27;[35m[BaseDriver]&amp;#27;[39m Valid locator strategies for this request: xpath, id, class name, accessibility id, css selector, -android uiautomator
[debug] &amp;#27;[35m[BaseDriver]&amp;#27;[39m Waiting up to 0 ms for condition
[debug] &amp;#27;[35m[WD Proxy]&amp;#27;[39m Matched &apos;/element&apos; to command name &apos;findElement&apos;
[debug] &amp;#27;[35m[WD Proxy]&amp;#27;[39m Proxying [POST /element] to [POST http://127.0.0.1:8200/wd/hub/session/015791bc-716d-4afa-9c1f-c27f676dbeb8/element] with body: {&quot;strategy&quot;:&quot;id&quot;,&quot;selector&quot;:&quot;com.example.android.testing.notes.mock:id/fab_add_notes&quot;,&quot;context&quot;:&quot;&quot;,&quot;multiple&quot;:false}
[debug] &amp;#27;[35m[WD Proxy]&amp;#27;[39m Got response with status 200: {&quot;sessionId&quot;:&quot;015791bc-716d-4afa-9c1f-c27f676dbeb8&quot;,&quot;value&quot;:{&quot;ELEMENT&quot;:&quot;00000000-0000-1be8-ffff-ffff00000010&quot;,&quot;element-6066-11e4-a52e-4f735466cecf&quot;:&quot;00000000-0000-1be8-ffff-ffff00000010&quot;}}
[debug] &amp;#27;[35m[W3C (7ae98af1)]&amp;#27;[39m Responding to client with driver.findElement() result: {&quot;element-6066-11e4-a52e-4f735466cecf&quot;:&quot;00000000-0000-1be8-ffff-ffff00000010&quot;09:55:14.943 [AsyncHttpClient-1-2] DEBUG org.asynchttpclient.netty.handler.HttpHandler - 

Request DefaultHttpRequest(decodeResult: success, version: HTTP/1.1)
POST /wd/hub/session/7ae98af1-f0c4-48bb-82e0-609d7d4c050b/element HTTP/1.1
User-Agent: selenium/4.5.0 (java windows)
Content-Length: 94
Content-Type: application/json; charset=utf-8
host: 0.0.0.0:4723
accept: */*

Response DefaultHttpResponse(decodeResult: success, version: HTTP/1.1)
HTTP/1.1 200 OK
X-Powered-By: Express
Vary: X-HTTP-Method-Override
Content-Type: application/json; charset=utf-8
ETag: W/&quot;89-oQm3nrL1RYeXqm5ocWoT1mIo5O0&quot;
Date: Fri, 02 Dec 2022 04:25:14 GMT
Connection: keep-alive
Keep-Alive: timeout=600
content-length: 137

,&quot;ELEMENT&quot;:&quot;00000000-0000-1be8-ffff-ffff00000010&quot;}
09:55:14.944 [AsyncHttpClient-1-2] DEBUG org.asynchttpclient.netty.channel.ChannelManager - Adding key: http://0.0.0.0:4723 for channel [id: 0x007e0974, L:/127.0.0.1:56617 - R:/127.0.0.1:4723]
&amp;#27;[35m[HTTP]&amp;#27;[39m &amp;#27;[37m&lt;-- POST /wd/hub/session/7ae98af1-f0c4-48bb-82e0-609d7d4c050b/element &amp;#27;[39m&amp;#27;[32m200&amp;#27;[39m &amp;#27;[90m68 ms - 137&amp;#27;[39m
&amp;#27;[35m[HTTP]&amp;#27;[39m &amp;#27;[90m&amp;#27;[39m
09:55:14.944 [Forwarding isElementEnabled on session 7ae98af1-f0c4-48bb-82e0-609d7d4c050b to remote] DEBUG org.asynchttpclient.netty.request.NettyRequestSender - Using pooled Channel &apos;[id: 0x007e0974, L:/127.0.0.1:56617 - R:/127.0.0.1:4723]&apos; for &apos;GET&apos; to &apos;http://0.0.0.0:4723/wd/hub/session/7ae98af1-f0c4-48bb-82e0-609d7d4c050b/element/00000000-0000-1be8-ffff-ffff00000010/enabled&apos;
09:55:14.944 [Forwarding isElementEnabled on session 7ae98af1-f0c4-48bb-82e0-609d7d4c050b to remote] DEBUG org.asynchttpclient.netty.request.NettyRequestSender - Using open Channel [id: 0x007e0974, L:/127.0.0.1:56617 - R:/127.0.0.1:4723] for GET &apos;/wd/hub/session/7ae98af1-f0c4-48bb-82e0-609d7d4c050b/element/00000000-0000-1be8-ffff-ffff00000010/enabled&apos;
&amp;#27;[35m[HTTP]&amp;#27;[39m &amp;#27;[37m--&gt;&amp;#27;[39m &amp;#27;[37mGET&amp;#27;[39m &amp;#27;[37m/wd/hub/session/7ae98af1-f0c4-48bb-82e0-609d7d4c050b/element/00000000-0000-1be8-ffff-ffff00000010/enabled&amp;#27;[39m
&amp;#27;[35m[HTTP]&amp;#27;[39m &amp;#27;[90m{}&amp;#27;[39m
[debug] &amp;#27;[35m[W3C (7ae98af1)]&amp;#27;[39m Calling AppiumDriver.elementEnabled() with args: [&quot;00000000-0000-1be8-ffff-ffff00000010&quot;,&quot;7ae98af1-f0c4-48bb-82e0-609d7d4c050b&quot;]
[debug] &amp;#27;[35m[WD Proxy]&amp;#27;[39m Matched &apos;/element/00000000-0000-1be8-ffff-ffff00000010/attribute/enabled&apos; to command name &apos;getAttribute&apos;
[debug] &amp;#27;[35m[WD Proxy]&amp;#27;[39m Proxying [GET /element/00000000-0000-1be8-ffff-ffff00000010/attribute/enabled] to [GET http://127.0.0.1:8200/wd/hub/session/015791bc-716d-4afa-9c1f-c27f676dbeb8/element/00000000-0000-1be8-ffff-ffff00000010/attribute/enabled] with no body
[debug] &amp;#27;[35m[WD Proxy]&amp;#27;[39m Got response with status 200: {&quot;sessionId&quot;:&quot;015791bc-716d-4afa-9c1f-c27f676dbeb8&quot;,&quot;value&quot;:&quot;true&quot;}
[debug] &amp;#27;[35m[W3C (7ae98af1)]&amp;#27;[39m Responding to client with driver.elementEnabled() result: true
&amp;#27;[35m[HTTP]&amp;#27;[39m &amp;#27;[37m&lt;-- GET /wd/hub/session/7ae98af1-f0c4-48bb-82e0-609d7d4c050b/element/0009:55:14.959 [AsyncHttpClient-1-2] DEBUG org.asynchttpclient.netty.handler.HttpHandler - 

Request DefaultFullHttpRequest(decodeResult: success, version: HTTP/1.1, content: EmptyByteBufBE)
GET /wd/hub/session/7ae98af1-f0c4-48bb-82e0-609d7d4c050b/element/00000000-0000-1be8-ffff-ffff00000010/enabled HTTP/1.1
User-Agent: selenium/4.5.0 (java windows)
Cache-Control: no-cache
Content-Type: application/json; charset=utf-8
host: 0.0.0.0:4723
accept: */*

Response DefaultHttpResponse(decodeResult: success, version: HTTP/1.1)
HTTP/1.1 200 OK
X-Powered-By: Express
Content-Type: application/json; charset=utf-8
ETag: W/&quot;e-2ZHvAWebNQpyjGZTg6uyV8/spTo&quot;
Date: Fri, 02 Dec 2022 04:25:14 GMT
Connection: keep-alive
Keep-Alive: timeout=600
content-length: 14

000000-0000-1be8-ffff-ffff00000010/enabled &amp;#27;[39m&amp;#27;[3209:55:14.959 [AsyncHttpClient-1-2] DEBUG org.asynchttpclient.netty.channel.ChannelManager - Adding key: http://0.0.0.0:4723 for channel [id: 0x007e0974, L:/127.0.0.1:56617 - R:/127.0.0.1:4723]
m200&amp;#27;[39m &amp;#27;[90m13 ms - 14&amp;#27;[39m
&amp;#27;[35m[HTTP]&amp;#27;[39m &amp;#27;[90m&amp;#27;[39m
09:55:14.960 [Forwarding findElement on session 7ae98af1-f0c4-48bb-82e0-609d7d4c050b to remote] DEBUG org.asynchttpclient.netty.request.NettyRequestSender - Using pooled Channel &apos;[id: 0x007e0974, L:/127.0.0.1:56617 - R:/127.0.0.1:4723]&apos; for &apos;POST&apos; to &apos;http://0.0.0.0:4723/wd/hub/session/7ae98af1-f0c4-48bb-82e0-609d7d4c050b/element&apos;
09:55:14.960 [Forwarding findElement on session 7ae98af1-f0c4-48bb-82e0-609d7d4c050b to remote] DEBUG org.asynchttpclient.netty.request.NettyRequestSender - Using open Channel [id: 0x007e0974, L:/127.0.0.1:56617 - R:/127.0.0.1:4723] for POST &apos;/wd/hub/session/7ae98af1-f0c4-48bb-82e0-609d7d4c050b/element&apos;
&amp;#27;[35m[HTTP]&amp;#27;[39m &amp;#27;[37m--&gt;&amp;#27;[39m &amp;#27;[37mPOST&amp;#27;[39m &amp;#27;[37m/wd/hub/session/7ae98af1-f0c4-48bb-82e0-609d7d4c050b/element&amp;#27;[39m
&amp;#27;[35m[HTTP]&amp;#27;[39m &amp;#27;[90m{&quot;using&quot;:&quot;id&quot;,&quot;value&quot;:&quot;com.example.android.testing.notes.mock:id/fab_add_notes&quot;}&amp;#27;[39m
[debug] &amp;#27;[35m[W3C (7ae98af1)]&amp;#27;[39m Calling AppiumDriver.findElement() with args: [&quot;id&quot;,&quot;com.example.android.testing.notes.mock:id/fab_add_notes&quot;,&quot;7ae98af1-f0c4-48bb-82e0-609d7d4c050b&quot;]
[debug] &amp;#27;[35m[BaseDriver]&amp;#27;[39m Valid locator strategies for this request: xpath, id, class name, accessibility id, css selector, -android uiautomator
[debug] &amp;#27;[35m[BaseDriver]&amp;#27;[39m Waiting up to 0 ms for condition
[debug] &amp;#27;[35m[WD Proxy]&amp;#27;[39m Matched &apos;/element&apos; to command name &apos;findElement&apos;
[debug] &amp;#27;[35m[WD Proxy]&amp;#27;[39m Proxying [POST /element] to [POST http://127.0.0.1:8200/wd/hub/session/015791bc-716d-4afa-9c1f-c27f676dbeb8/element] with body: {&quot;strategy&quot;:&quot;id&quot;,&quot;selector&quot;:&quot;com.example.android.testing.notes.mock:id/fab_add_notes&quot;,&quot;context&quot;:&quot;&quot;,&quot;multiple&quot;:false}
[debug] &amp;#27;[35m[WD Proxy]&amp;#27;[39m Got response with status 200: {&quot;sessionId&quot;:&quot;015791bc-716d-4afa-9c1f-c27f676dbeb8&quot;,&quot;value&quot;:{&quot;ELEMENT&quot;:&quot;00000000-0000-1be8-ffff-ffff00000010&quot;,&quot;element-6066-11e4-a52e-4f735466cecf&quot;:&quot;00000000-0000-1be8-ffff-ffff00000010&quot;}}
[debug] &amp;#27;[35m[W3C (7ae98af1)]&amp;#27;[39m Responding to client with driver.findElement() re09:55:15.028 [AsyncHttpClient-1-2] DEBUG org.asynchttpclient.netty.handler.HttpHandler - 

Request DefaultHttpRequest(decodeResult: success, version: HTTP/1.1)
POST /wd/hub/session/7ae98af1-f0c4-48bb-82e0-609d7d4c050b/element HTTP/1.1
User-Agent: selenium/4.5.0 (java windows)
Content-Length: 94
Content-Type: application/json; charset=utf-8
host: 0.0.0.0:4723
accept: */*

Response DefaultHttpResponse(decodeResult: success, version: HTTP/1.1)
HTTP/1.1 200 OK
X-Powered-By: Express
Vary: X-HTTP-Method-Override
Content-Type: application/json; charset=utf-8
ETag: W/&quot;89-oQm3nrL1RYeXqm5ocWoT1mIo5O0&quot;
Date: Fri, 02 Dec 2022 04:25:15 GMT
Connection: keep-alive
Keep-Alive: timeout=600
content-length: 137

sult: {&quot;element-6066-11e4-a52e-4f735466ce09:55:15.028 [AsyncHttpClient-1-2] DEBUG org.asynchttpclient.netty.channel.ChannelManager - Adding key: http://0.0.0.0:4723 for channel [id: 0x007e0974, L:/127.0.0.1:56617 - R:/127.0.0.1:4723]
cf&quot;:&quot;00000000-0000-1be8-ffff-ffff00000010&quot;,&quot;ELEMENT&quot;:&quot;00000000-0000-1be8-ffff-ffff00000010&quot;}
&amp;#27;[35m[HTTP]&amp;#27;[39m &amp;#27;[37m&lt;-- POST /wd/hub/session/7ae98af1-f0c4-48bb-82e0-609d7d4c050b/element &amp;#27;[39m&amp;#27;[32m200&amp;#27;[39m &amp;#27;[90m66 ms - 137&amp;#27;[39m
&amp;#27;[35m[HTTP]&amp;#27;[39m &amp;#27;[90m&amp;#27;[39m
09:55:15.029 [Forwarding clickElement on session 7ae98af1-f0c4-48bb-82e0-609d7d4c050b to remote] DEBUG org.asynchttpclient.netty.request.NettyRequestSender - Using pooled Channel &apos;[id: 0x007e0974, L:/127.0.0.1:56617 - R:/127.0.0.1:4723]&apos; for &apos;POST&apos; to &apos;http://0.0.0.0:4723/wd/hub/session/7ae98af1-f0c4-48bb-82e0-609d7d4c050b/element/00000000-0000-1be8-ffff-ffff00000010/click&apos;
09:55:15.029 [Forwarding clickElement on session 7ae98af1-f0c4-48bb-82e0-609d7d4c050b to remote] DEBUG org.asynchttpclient.netty.request.NettyRequestSender - Using open Channel [id: 0x007e0974, L:/127.0.0.1:56617 - R:/127.0.0.1:4723] for POST &apos;/wd/hub/session/7ae98af1-f0c4-48bb-82e0-609d7d4c050b/element/00000000-0000-1be8-ffff-ffff00000010/click&apos;
&amp;#27;[35m[HTTP]&amp;#27;[39m &amp;#27;[37m--&gt;&amp;#27;[39m &amp;#27;[37mPOST&amp;#27;[39m &amp;#27;[37m/wd/hub/session/7ae98af1-f0c4-48bb-82e0-609d7d4c050b/element/00000000-0000-1be8-ffff-ffff00000010/click&amp;#27;[39m
&amp;#27;[35m[HTTP]&amp;#27;[39m &amp;#27;[90m{&quot;id&quot;:&quot;00000000-0000-1be8-ffff-ffff00000010&quot;}&amp;#27;[39m
[debug] &amp;#27;[35m[W3C (7ae98af1)]&amp;#27;[39m Calling AppiumDriver.click() with args: [&quot;00000000-0000-1be8-ffff-ffff00000010&quot;,&quot;7ae98af1-f0c4-48bb-82e0-609d7d4c050b&quot;]
[debug] &amp;#27;[35m[WD Proxy]&amp;#27;[39m Matched &apos;/element/00000000-0000-1be8-ffff-ffff00000010/click&apos; to command name &apos;click&apos;
[debug] &amp;#27;[35m[WD Proxy]&amp;#27;[39m Proxying [POST /element/00000000-0000-1be8-ffff-ffff00000010/click] to [POST http://127.0.0.1:8200/wd/hub/session/015791bc-716d-4afa-9c1f-c27f676dbeb8/element/00000000-0000-1be8-ffff-ffff00000010/click] with body: {&quot;element&quot;:&quot;00000000-0000-1be8-ffff-ffff00000010&quot;}
[debug] &amp;#27;[35m[WD Proxy]&amp;#27;[39m Got response with status 200: {&quot;sessionId&quot;:&quot;015791bc-716d-4afa-9c1f-c27f676dbeb8&quot;,&quot;value&quot;:null}
[debug] &amp;#27;[35m[W3C (7ae98af1)]&amp;#27;[39m Responding to client with driver.click() result: null
09:55:15.103 [AsyncHttpClient-1-2] DEBUG org.asynchttpclient.netty.handler.HttpHandler - 

Request DefaultHttpRequest(decodeResult: success, version: HTTP/1.1)
POST /wd/hub/session/7ae98af1-f0c4-48bb-82e0-609d7d4c050b/element/00000000-0000-1be8-ffff-ffff00000010/click HTTP/1.1
User-Agent: selenium/4.5.0 (java windows)
Content-Length: 50
Content-Type: application/json; charset=utf-8
host: 0.0.0.0:4723
accept: */*

Response DefaultHttpResponse(decodeResult: success, version: HTTP/1.1)
HTTP/1.1 200 OK
X-Powered-By: Express
Vary: X-HTTP-Method-Override
Content-Type: application/json; charset=utf-8
ETag: W/&quot;e-9/1BuKMgFObM1mWJm+YjxtXJnUM&quot;
Date: Fri, 02 Dec 2022 04:25:15 GMT
Connection: keep-alive
Keep-Alive: timeout=600
content-length: 14

&amp;#27;[35m[HTTP]&amp;#27;[39m &amp;#27;[37m&lt;-- POST /wd/hub/session/7ae98af1-f0c4-48bb-82e0-609d7d4c050b/element/00000000-0000-1be8-f09:55:15.103 [AsyncHttpClient-1-2] DEBUG org.asynchttpclient.netty.channel.ChannelManager - Adding key: http://0.0.0.0:4723 for channel [id: 0x007e0974, L:/127.0.0.1:56617 - R:/127.0.0.1:4723]
fff-ffff00000010/click &amp;#27;[39m&amp;#27;[32m200&amp;#27;[39m &amp;#27;[90m72 ms - 14&amp;#27;[39m
&amp;#27;[35m[HTTP]&amp;#27;[39m &amp;#27;[90m&amp;#27;[39m
09:55:15.105 [Forwarding findElement on session 7ae98af1-f0c4-48bb-82e0-609d7d4c050b to remote] DEBUG org.asynchttpclient.netty.request.NettyRequestSender - Using pooled Channel &apos;[id: 0x007e0974, L:/127.0.0.1:56617 - R:/127.0.0.1:4723]&apos; for &apos;POST&apos; to &apos;http://0.0.0.0:4723/wd/hub/session/7ae98af1-f0c4-48bb-82e0-609d7d4c050b/element&apos;
09:55:15.105 [Forwarding findElement on session 7ae98af1-f0c4-48bb-82e0-609d7d4c050b to remote] DEBUG org.asynchttpclient.netty.request.NettyRequestSender - Using open Channel [id: 0x007e0974, L:/127.0.0.1:56617 - R:/127.0.0.1:4723] for POST &apos;/wd/hub/session/7ae98af1-f0c4-48bb-82e0-609d7d4c050b/element&apos;
&amp;#27;[35m[HTTP]&amp;#27;[39m &amp;#27;[37m--&gt;&amp;#27;[39m &amp;#27;[37mPOST&amp;#27;[39m &amp;#27;[37m/wd/hub/session/7ae98af1-f0c4-48bb-82e0-609d7d4c050b/element&amp;#27;[39m
&amp;#27;[35m[HTTP]&amp;#27;[39m &amp;#27;[90m{&quot;using&quot;:&quot;xpath&quot;,&quot;value&quot;:&quot;//android.widget.ImageView[@content-desc=&apos;More options&apos;]&quot;}&amp;#27;[39m
[debug] &amp;#27;[35m[W3C (7ae98af1)]&amp;#27;[39m Calling AppiumDriver.findElement() with args: [&quot;xpath&quot;,&quot;//android.widget.ImageView[@content-desc=&apos;More options&apos;]&quot;,&quot;7ae98af1-f0c4-48bb-82e0-609d7d4c050b&quot;]
[debug] &amp;#27;[35m[BaseDriver]&amp;#27;[39m Valid locator strategies for this request: xpath, id, class name, accessibility id, css selector, -android uiautomator
[debug] &amp;#27;[35m[BaseDriver]&amp;#27;[39m Waiting up to 0 ms for condition
[debug] &amp;#27;[35m[WD Proxy]&amp;#27;[39m Matched &apos;/element&apos; to command name &apos;findElement&apos;
[debug] &amp;#27;[35m[WD Proxy]&amp;#27;[39m Proxying [POST /element] to [POST http://127.0.0.1:8200/wd/hub/session/015791bc-716d-4afa-9c1f-c27f676dbeb8/element] with body: {&quot;strategy&quot;:&quot;xpath&quot;,&quot;selector&quot;:&quot;//android.widget.ImageView[@content-desc=&apos;More options&apos;]&quot;,&quot;context&quot;:&quot;&quot;,&quot;multiple&quot;:false}
[debug] &amp;#27;[35m[WD Proxy]&amp;#27;[39m Got response with status 200: {&quot;sessionId&quot;:&quot;015791bc-716d-4afa-9c1f-c27f676dbeb8&quot;,&quot;value&quot;:{&quot;ELEMENT&quot;:&quot;00000000-0000-1bf0-ffff-ffff0000010f&quot;,&quot;element-6066-11e4-a52e-4f735466cecf&quot;:&quot;00000000-0000-1bf0-ffff-ffff0000010f&quot;}}
[debug] &amp;#27;[35m[W3C (7ae98af1)]&amp;#27;[39m Responding to client with driver.findElement() result: {&quot;element-6066-11e4-a52e-4f735466cecf&quot;:&quot;00000000-0000-1bf0-ffff-ffff0000010f&quot;09:55:15.316 [AsyncHttpClient-1-2] DEBUG org.asynchttpclient.netty.handler.HttpHandler - 

Request DefaultHttpRequest(decodeResult: success, version: HTTP/1.1)
POST /wd/hub/session/7ae98af1-f0c4-48bb-82e0-609d7d4c050b/element HTTP/1.1
User-Agent: selenium/4.5.0 (java windows)
Content-Length: 103
Content-Type: application/json; charset=utf-8
host: 0.0.0.0:4723
accept: */*

Response DefaultHttpResponse(decodeResult: success, version: HTTP/1.1)
HTTP/1.1 200 OK
X-Powered-By: Express
Vary: X-HTTP-Method-Override
Content-Type: application/json; charset=utf-8
ETag: W/&quot;89-cUfPA/iauWuQcPkCsdwVcJc4mR8&quot;
Date: Fri, 02 Dec 2022 04:25:15 GMT
Connection: keep-alive
Keep-Alive: timeout=600
content-length: 137

,&quot;ELEMENT&quot;:&quot;00000000-0000-1bf0-ffff-ffff0000010f&quot;}
&amp;#27;[35m[HTTP]09:55:15.317 [AsyncHttpClient-1-2] DEBUG org.asynchttpclient.netty.channel.ChannelManager - Adding key: http://0.0.0.0:4723 for channel [id: 0x007e0974, L:/127.0.0.1:56617 - R:/127.0.0.1:4723]
&amp;#27;[39m &amp;#27;[37m&lt;-- POST /wd/hub/session/7ae98af1-f0c4-48bb-82e0-609d7d4c050b/element &amp;#27;[39m&amp;#27;[32m200&amp;#27;[39m &amp;#27;[90m209 ms - 137&amp;#27;[39m
&amp;#27;[35m[HTTP]&amp;#27;[39m &amp;#27;[90m&amp;#27;[39m
09:55:15.318 [Forwarding isElementDisplayed on session 7ae98af1-f0c4-48bb-82e0-609d7d4c050b to remote] DEBUG org.asynchttpclient.netty.request.NettyRequestSender - Using pooled Channel &apos;[id: 0x007e0974, L:/127.0.0.1:56617 - R:/127.0.0.1:4723]&apos; for &apos;GET&apos; to &apos;http://0.0.0.0:4723/wd/hub/session/7ae98af1-f0c4-48bb-82e0-609d7d4c050b/element/00000000-0000-1bf0-ffff-ffff0000010f/displayed&apos;
09:55:15.318 [Forwarding isElementDisplayed on session 7ae98af1-f0c4-48bb-82e0-609d7d4c050b to remote] DEBUG org.asynchttpclient.netty.request.NettyRequestSender - Using open Channel [id: 0x007e0974, L:/127.0.0.1:56617 - R:/127.0.0.1:4723] for GET &apos;/wd/hub/session/7ae98af1-f0c4-48bb-82e0-609d7d4c050b/element/00000000-0000-1bf0-ffff-ffff0000010f/displayed&apos;
&amp;#27;[35m[HTTP]&amp;#27;[39m &amp;#27;[37m--&gt;&amp;#27;[39m &amp;#27;[37mGET&amp;#27;[39m &amp;#27;[37m/wd/hub/session/7ae98af1-f0c4-48bb-82e0-609d7d4c050b/element/00000000-0000-1bf0-ffff-ffff0000010f/displayed&amp;#27;[39m
&amp;#27;[35m[HTTP]&amp;#27;[39m &amp;#27;[90m{}&amp;#27;[39m
[debug] &amp;#27;[35m[W3C (7ae98af1)]&amp;#27;[39m Calling AppiumDriver.elementDisplayed() with args: [&quot;00000000-0000-1bf0-ffff-ffff0000010f&quot;,&quot;7ae98af1-f0c4-48bb-82e0-609d7d4c050b&quot;]
[debug] &amp;#27;[35m[WD Proxy]&amp;#27;[39m Matched &apos;/element/00000000-0000-1bf0-ffff-ffff0000010f/attribute/displayed&apos; to command name &apos;getAttribute&apos;
[debug] &amp;#27;[35m[WD Proxy]&amp;#27;[39m Proxying [GET /element/00000000-0000-1bf0-ffff-ffff0000010f/attribute/displayed] to [GET http://127.0.0.1:8200/wd/hub/session/015791bc-716d-4afa-9c1f-c27f676dbeb8/element/00000000-0000-1bf0-ffff-ffff0000010f/attribute/displayed] with no body
[debug] &amp;#27;[35m[WD Proxy]&amp;#27;[39m Got response with status 200: {&quot;sessionId&quot;:&quot;015791bc-716d-4afa-9c1f-c27f676dbeb8&quot;,&quot;value&quot;:&quot;true&quot;}
[debug] &amp;#27;[35m[W3C (7ae98af1)]&amp;#27;[39m Responding to client with driver.elementDisplayed() result: true
09:55:15.913 [AsyncHttpClient-1-2] DEBUG org.asynchttpclient.netty.handler.HttpHandler - 

Request DefaultFullHttpRequest(decodeResult: success, version: HTTP/1.1, content: EmptyByteBufBE)
GET /wd/hub/session/7ae98af1-f0c4-48bb-82e0-609d7d4c050b/element/00000000-0000-1bf0-ffff-ffff0000010f/displayed HTTP/1.1
User-Agent: selenium/4.5.0 (java windows)
Cache-Control: no-cache
Content-Type: application/json; charset=utf-8
host: 0.0.0.0:4723
accept: */*

Response DefaultHttpResponse(decodeResult: success, version: HTTP/1.1)
HTTP/1.1 200 OK
X-Powered-By: Express
Content-Type: application/json; charset=utf-8
ETag: W/&quot;e-2ZHvAWebNQpyjGZTg6uyV8/spTo&quot;
Date: Fri, 02 Dec 2022 04:25:15 GMT
Connection: keep-alive
Keep-Alive: timeout=600
content-length: 14

&amp;#27;[35m[HTTP]&amp;#27;[39m &amp;#27;[37m&lt;-- GET /wd/hub/session/7ae98af1-f0c4-48bb-82e0-609d7d4c050b/element/00000000-0000-1bf0-ffff-ffff0000010f/displayed &amp;#27;[39m&amp;#27;[32m200&amp;#27;[39m &amp;#27;[90m594 ms - 14&amp;#27;[3909:55:15.914 [AsyncHttpClient-1-2] DEBUG org.asynchttpclient.netty.channel.ChannelManager - Adding key: http://0.0.0.0:4723 for channel [id: 0x007e0974, L:/127.0.0.1:56617 - R:/127.0.0.1:4723]
m
&amp;#27;[35m[HTTP]&amp;#27;[39m &amp;#27;[90m&amp;#27;[39m
09:55:15.915 [Forwarding findElement on session 7ae98af1-f0c4-48bb-82e0-609d7d4c050b to remote] DEBUG org.asynchttpclient.netty.request.NettyRequestSender - Using pooled Channel &apos;[id: 0x007e0974, L:/127.0.0.1:56617 - R:/127.0.0.1:4723]&apos; for &apos;POST&apos; to &apos;http://0.0.0.0:4723/wd/hub/session/7ae98af1-f0c4-48bb-82e0-609d7d4c050b/element&apos;
09:55:15.915 [Forwarding findElement on session 7ae98af1-f0c4-48bb-82e0-609d7d4c050b to remote] DEBUG org.asynchttpclient.netty.request.NettyRequestSender - Using open Channel [id: 0x007e0974, L:/127.0.0.1:56617 - R:/127.0.0.1:4723] for POST &apos;/wd/hub/session/7ae98af1-f0c4-48bb-82e0-609d7d4c050b/element&apos;
&amp;#27;[35m[HTTP]&amp;#27;[39m &amp;#27;[37m--&gt;&amp;#27;[39m &amp;#27;[37mPOST&amp;#27;[39m &amp;#27;[37m/wd/hub/session/7ae98af1-f0c4-48bb-82e0-609d7d4c050b/element&amp;#27;[39m
&amp;#27;[35m[HTTP]&amp;#27;[39m &amp;#27;[90m{&quot;using&quot;:&quot;xpath&quot;,&quot;value&quot;:&quot;//android.widget.ImageView[@content-desc=&apos;More options&apos;]&quot;}&amp;#27;[39m
[debug] &amp;#27;[35m[W3C (7ae98af1)]&amp;#27;[39m Calling AppiumDriver.findElement() with args: [&quot;xpath&quot;,&quot;//android.widget.ImageView[@content-desc=&apos;More options&apos;]&quot;,&quot;7ae98af1-f0c4-48bb-82e0-609d7d4c050b&quot;]
[debug] &amp;#27;[35m[BaseDriver]&amp;#27;[39m Valid locator strategies for this request: xpath, id, class name, accessibility id, css selector, -android uiautomator
[debug] &amp;#27;[35m[BaseDriver]&amp;#27;[39m Waiting up to 0 ms for condition
[debug] &amp;#27;[35m[WD Proxy]&amp;#27;[39m Matched &apos;/element&apos; to command name &apos;findElement&apos;
[debug] &amp;#27;[35m[WD Proxy]&amp;#27;[39m Proxying [POST /element] to [POST http://127.0.0.1:8200/wd/hub/session/015791bc-716d-4afa-9c1f-c27f676dbeb8/element] with body: {&quot;strategy&quot;:&quot;xpath&quot;,&quot;selector&quot;:&quot;//android.widget.ImageView[@content-desc=&apos;More options&apos;]&quot;,&quot;context&quot;:&quot;&quot;,&quot;multiple&quot;:false}
[debug] &amp;#27;[35m[WD Proxy]&amp;#27;[39m Got response with status 200: {&quot;sessionId&quot;:&quot;015791bc-716d-4afa-9c1f-c27f676dbeb8&quot;,&quot;value&quot;:{&quot;ELEMENT&quot;:&quot;00000000-0000-1bf0-ffff-ffff0000010f&quot;,&quot;element-6066-11e4-a52e-4f735466cecf&quot;:&quot;00000000-0000-1bf0-ffff-ffff0000010f&quot;}}
[debug] &amp;#27;[35m[W3C (7ae98af1)]&amp;#27;[39m Responding to client with driver.findElement() result: {&quot;element-60609:55:15.988 [AsyncHttpClient-1-2] DEBUG org.asynchttpclient.netty.handler.HttpHandler - 

Request DefaultHttpRequest(decodeResult: success, version: HTTP/1.1)
POST /wd/hub/session/7ae98af1-f0c4-48bb-82e0-609d7d4c050b/element HTTP/1.1
User-Agent: selenium/4.5.0 (java windows)
Content-Length: 103
Content-Type: application/json; charset=utf-8
host: 0.0.0.0:4723
accept: */*

Response DefaultHttpResponse(decodeResult: success, version: HTTP/1.1)
HTTP/1.1 200 OK
X-Powered-By: Express
Vary: X-HTTP-Method-Override
Content-Type: application/json; charset=utf-8
ETag: W/&quot;89-cUfPA/iauWuQcPkCsdwVcJc4mR8&quot;
Date: Fri, 02 Dec 2022 04:25:15 GMT
Connection: keep-alive
Keep-Alive: timeout=600
content-length: 137

6-11e4-a52e-4f735466cecf&quot;:&quot;00000000-0000-1bf0-ffff-ffff0000010f&quot;,&quot;ELEMENT&quot;:&quot;00000000-0000-1bf0-ffff-09:55:15.988 [AsyncHttpClient-1-2] DEBUG org.asynchttpclient.netty.channel.ChannelManager - Adding key: http://0.0.0.0:4723 for channel [id: 0x007e0974, L:/127.0.0.1:56617 - R:/127.0.0.1:4723]
ffff0000010f&quot;}
&amp;#27;[35m[HTTP]&amp;#27;[39m &amp;#27;[37m&lt;-- POST /wd/hub/session/7ae98af1-f0c4-48bb-82e0-609d7d4c050b/element &amp;#27;[39m&amp;#27;[32m200&amp;#27;[39m &amp;#27;[90m71 ms - 137&amp;#27;[39m
&amp;#27;[35m[HTTP]&amp;#27;[39m &amp;#27;[90m&amp;#27;[39m
09:55:15.989 [Forwarding isElementEnabled on session 7ae98af1-f0c4-48bb-82e0-609d7d4c050b to remote] DEBUG org.asynchttpclient.netty.request.NettyRequestSender - Using pooled Channel &apos;[id: 0x007e0974, L:/127.0.0.1:56617 - R:/127.0.0.1:4723]&apos; for &apos;GET&apos; to &apos;http://0.0.0.0:4723/wd/hub/session/7ae98af1-f0c4-48bb-82e0-609d7d4c050b/element/00000000-0000-1bf0-ffff-ffff0000010f/enabled&apos;
09:55:15.989 [Forwarding isElementEnabled on session 7ae98af1-f0c4-48bb-82e0-609d7d4c050b to remote] DEBUG org.asynchttpclient.netty.request.NettyRequestSender - Using open Channel [id: 0x007e0974, L:/127.0.0.1:56617 - R:/127.0.0.1:4723] for GET &apos;/wd/hub/session/7ae98af1-f0c4-48bb-82e0-609d7d4c050b/element/00000000-0000-1bf0-ffff-ffff0000010f/enabled&apos;
&amp;#27;[35m[HTTP]&amp;#27;[39m &amp;#27;[37m--&gt;&amp;#27;[39m &amp;#27;[37mGET&amp;#27;[39m &amp;#27;[37m/wd/hub/session/7ae98af1-f0c4-48bb-82e0-609d7d4c050b/element/00000000-0000-1bf0-ffff-ffff0000010f/enabled&amp;#27;[39m
&amp;#27;[35m[HTTP]&amp;#27;[39m &amp;#27;[90m{}&amp;#27;[39m
[debug] &amp;#27;[35m[W3C (7ae98af1)]&amp;#27;[39m Calling AppiumDriver.elementEnabled() with args: [&quot;00000000-0000-1bf0-ffff-ffff0000010f&quot;,&quot;7ae98af1-f0c4-48bb-82e0-609d7d4c050b&quot;]
[debug] &amp;#27;[35m[WD Proxy]&amp;#27;[39m Matched &apos;/element/00000000-0000-1bf0-ffff-ffff0000010f/attribute/enabled&apos; to command name &apos;getAttribute&apos;
[debug] &amp;#27;[35m[WD Proxy]&amp;#27;[39m Proxying [GET /element/00000000-0000-1bf0-ffff-ffff0000010f/attribute/enabled] to [GET http://127.0.0.1:8200/wd/hub/session/015791bc-716d-4afa-9c1f-c27f676dbeb8/element/00000000-0000-1bf0-ffff-ffff0000010f/attribute/enabled] with no body
[debug] &amp;#27;[35m[WD Proxy]&amp;#27;[39m Got response with status 200: {&quot;sessionId&quot;:&quot;015791bc-716d-4afa-9c1f-c27f676dbeb8&quot;,&quot;value&quot;:&quot;true&quot;}
[debug] &amp;#27;[35m[W3C (7ae98af1)]&amp;#27;[39m Responding to client with driver.elementEnabled() result: true
&amp;#27;[35m[HTTP]&amp;#27;[39m &amp;#27;[37m&lt;-- GET /wd/hub/session/7ae98af1-f0c4-48bb-82e0-609d7d4c050b/ele09:55:16.005 [AsyncHttpClient-1-2] DEBUG org.asynchttpclient.netty.handler.HttpHandler - 

Request DefaultFullHttpRequest(decodeResult: success, version: HTTP/1.1, content: EmptyByteBufBE)
GET /wd/hub/session/7ae98af1-f0c4-48bb-82e0-609d7d4c050b/element/00000000-0000-1bf0-ffff-ffff0000010f/enabled HTTP/1.1
User-Agent: selenium/4.5.0 (java windows)
Cache-Control: no-cache
Content-Type: application/json; charset=utf-8
host: 0.0.0.0:4723
accept: */*

Response DefaultHttpResponse(decodeResult: success, version: HTTP/1.1)
HTTP/1.1 200 OK
X-Powered-By: Express
Content-Type: application/json; charset=utf-8
ETag: W/&quot;e-2ZHvAWebNQpyjGZTg6uyV8/spTo&quot;
Date: Fri, 02 Dec 2022 04:25:16 GMT
Connection: keep-alive
Keep-Alive: timeout=600
content-length: 14

ment/00000000-0000-1bf0-ffff-ffff0000010f/enabled &amp;#27;[39m&amp;#27;[32m200&amp;#27;[39m &amp;#27;[90m14 ms - 14&amp;#27;[39m
09:55:16.006 [AsyncHttpClient-1-2] DEBUG org.asynchttpclient.netty.channel.ChannelManager - Adding key: http://0.0.0.0:4723 for channel [id: 0x007e0974, L:/127.0.0.1:56617 - R:/127.0.0.1:4723]
&amp;#27;[35m[HTTP]&amp;#27;[39m &amp;#27;[90m&amp;#27;[39m
09:55:16.007 [Forwarding findElement on session 7ae98af1-f0c4-48bb-82e0-609d7d4c050b to remote] DEBUG org.asynchttpclient.netty.request.NettyRequestSender - Using pooled Channel &apos;[id: 0x007e0974, L:/127.0.0.1:56617 - R:/127.0.0.1:4723]&apos; for &apos;POST&apos; to &apos;http://0.0.0.0:4723/wd/hub/session/7ae98af1-f0c4-48bb-82e0-609d7d4c050b/element&apos;
09:55:16.007 [Forwarding findElement on session 7ae98af1-f0c4-48bb-82e0-609d7d4c050b to remote] DEBUG org.asynchttpclient.netty.request.NettyRequestSender - Using open Channel [id: 0x007e0974, L:/127.0.0.1:56617 - R:/127.0.0.1:4723] for POST &apos;/wd/hub/session/7ae98af1-f0c4-48bb-82e0-609d7d4c050b/element&apos;
&amp;#27;[35m[HTTP]&amp;#27;[39m &amp;#27;[37m--&gt;&amp;#27;[39m &amp;#27;[37mPOST&amp;#27;[39m &amp;#27;[37m/wd/hub/session/7ae98af1-f0c4-48bb-82e0-609d7d4c050b/element&amp;#27;[39m
&amp;#27;[35m[HTTP]&amp;#27;[39m &amp;#27;[90m{&quot;using&quot;:&quot;id&quot;,&quot;value&quot;:&quot;com.example.android.testing.notes.mock:id/add_note_description&quot;}&amp;#27;[39m
[debug] &amp;#27;[35m[W3C (7ae98af1)]&amp;#27;[39m Calling AppiumDriver.findElement() with args: [&quot;id&quot;,&quot;com.example.android.testing.notes.mock:id/add_note_description&quot;,&quot;7ae98af1-f0c4-48bb-82e0-609d7d4c050b&quot;]
[debug] &amp;#27;[35m[BaseDriver]&amp;#27;[39m Valid locator strategies for this request: xpath, id, class name, accessibility id, css selector, -android uiautomator
[debug] &amp;#27;[35m[BaseDriver]&amp;#27;[39m Waiting up to 0 ms for condition
[debug] &amp;#27;[35m[WD Proxy]&amp;#27;[39m Matched &apos;/element&apos; to command name &apos;findElement&apos;
[debug] &amp;#27;[35m[WD Proxy]&amp;#27;[39m Proxying [POST /element] to [POST http://127.0.0.1:8200/wd/hub/session/015791bc-716d-4afa-9c1f-c27f676dbeb8/element] with body: {&quot;strategy&quot;:&quot;id&quot;,&quot;selector&quot;:&quot;com.example.android.testing.notes.mock:id/add_note_description&quot;,&quot;context&quot;:&quot;&quot;,&quot;multiple&quot;:false}
[debug] &amp;#27;[35m[WD Proxy]&amp;#27;[39m Got response with status 200: {&quot;sessionId&quot;:&quot;015791bc-716d-4afa-9c1f-c27f676dbeb8&quot;,&quot;value&quot;:{&quot;ELEMENT&quot;:&quot;00000000-0000-1bf0-ffff-ffff00000109&quot;,&quot;element-6066-11e4-a52e-4f735466cecf&quot;:&quot;00000000-0000-1bf0-ffff-ffff00000109&quot;}}
[debug] &amp;#27;[35m[W3C (7ae98af1)]&amp;#27;[39m Responding to client with driver.findElement() result: {09:55:16.039 [AsyncHttpClient-1-2] DEBUG org.asynchttpclient.netty.handler.HttpHandler - 

Request DefaultHttpRequest(decodeResult: success, version: HTTP/1.1)
POST /wd/hub/session/7ae98af1-f0c4-48bb-82e0-609d7d4c050b/element HTTP/1.1
User-Agent: selenium/4.5.0 (java windows)
Content-Length: 101
Content-Type: application/json; charset=utf-8
host: 0.0.0.0:4723
accept: */*

Response DefaultHttpResponse(decodeResult: success, version: HTTP/1.1)
HTTP/1.1 200 OK
X-Powered-By: Express
Vary: X-HTTP-Method-Override
Content-Type: application/json; charset=utf-8
ETag: W/&quot;89-aY4aa4O9ewQGDQh0hO8V1xXjmEY&quot;
Date: Fri, 02 Dec 2022 04:25:16 GMT
Connection: keep-alive
Keep-Alive: timeout=600
content-length: 137

&quot;element-6066-11e4-a52e-4f735466cecf&quot;:&quot;00000000-0000-1bf0-ffff-ffff00009:55:16.039 [AsyncHttpClient-1-2] DEBUG org.asynchttpclient.netty.channel.ChannelManager - Adding key: http://0.0.0.0:4723 for channel [id: 0x007e0974, L:/127.0.0.1:56617 - R:/127.0.0.1:4723]
00109&quot;,&quot;ELEMENT&quot;:&quot;00000000-0000-1bf0-ffff-ffff00000109&quot;}
&amp;#27;[35m[HTTP]&amp;#27;[39m &amp;#27;[37m&lt;-- POST /wd/hub/session/7ae98af1-f0c4-48bb-82e0-609d7d4c050b/element &amp;#27;[39m&amp;#27;[32m200&amp;#27;[39m &amp;#27;[90m31 ms - 137&amp;#27;[39m
&amp;#27;[35m[HTTP]&amp;#27;[39m &amp;#27;[90m&amp;#27;[39m
09:55:16.040 [Forwarding isElementDisplayed on session 7ae98af1-f0c4-48bb-82e0-609d7d4c050b to remote] DEBUG org.asynchttpclient.netty.request.NettyRequestSender - Using pooled Channel &apos;[id: 0x007e0974, L:/127.0.0.1:56617 - R:/127.0.0.1:4723]&apos; for &apos;GET&apos; to &apos;http://0.0.0.0:4723/wd/hub/session/7ae98af1-f0c4-48bb-82e0-609d7d4c050b/element/00000000-0000-1bf0-ffff-ffff00000109/displayed&apos;
09:55:16.040 [Forwarding isElementDisplayed on session 7ae98af1-f0c4-48bb-82e0-609d7d4c050b to remote] DEBUG org.asynchttpclient.netty.request.NettyRequestSender - Using open Channel [id: 0x007e0974, L:/127.0.0.1:56617 - R:/127.0.0.1:4723] for GET &apos;/wd/hub/session/7ae98af1-f0c4-48bb-82e0-609d7d4c050b/element/00000000-0000-1bf0-ffff-ffff00000109/displayed&apos;
&amp;#27;[35m[HTTP]&amp;#27;[39m &amp;#27;[37m--&gt;&amp;#27;[39m &amp;#27;[37mGET&amp;#27;[39m &amp;#27;[37m/wd/hub/session/7ae98af1-f0c4-48bb-82e0-609d7d4c050b/element/00000000-0000-1bf0-ffff-ffff00000109/displayed&amp;#27;[39m
&amp;#27;[35m[HTTP]&amp;#27;[39m &amp;#27;[90m{}&amp;#27;[39m
[debug] &amp;#27;[35m[W3C (7ae98af1)]&amp;#27;[39m Calling AppiumDriver.elementDisplayed() with args: [&quot;00000000-0000-1bf0-ffff-ffff00000109&quot;,&quot;7ae98af1-f0c4-48bb-82e0-609d7d4c050b&quot;]
[debug] &amp;#27;[35m[WD Proxy]&amp;#27;[39m Matched &apos;/element/00000000-0000-1bf0-ffff-ffff00000109/attribute/displayed&apos; to command name &apos;getAttribute&apos;
[debug] &amp;#27;[35m[WD Proxy]&amp;#27;[39m Proxying [GET /element/00000000-0000-1bf0-ffff-ffff00000109/attribute/displayed] to [GET http://127.0.0.1:8200/wd/hub/session/015791bc-716d-4afa-9c1f-c27f676dbeb8/element/00000000-0000-1bf0-ffff-ffff00000109/attribute/displayed] with no body
[debug] &amp;#27;[35m[WD Proxy]&amp;#27;[39m Got response with status 200: {&quot;sessionId&quot;:&quot;015791bc-716d-4afa-9c1f-c27f676dbeb8&quot;,&quot;value&quot;:&quot;true&quot;}
[debug] &amp;#27;[35m[W3C (7ae98af1)]&amp;#27;[39m Responding to client with driver.elementDisplayed() result: true
09:55:16.054 [AsyncHttpClient-1-2] DEBUG org.asynchttpclient.netty.handler.HttpHandler - 

Request DefaultFullHttpRequest(decodeResult: success, version: HTTP/1.1, content: EmptyByteBufBE)
GET /wd/hub/session/7ae98af1-f0c4-48bb-82e0-609d7d4c050b/element/00000000-0000-1bf0-ffff-ffff00000109/displayed HTTP/1.1
User-Agent: selenium/4.5.0 (java windows)
Cache-Control: no-cache
Content-Type: application/json; charset=utf-8
host: 0.0.0.0:4723
accept: */*

Response DefaultHttpResponse(decodeResult: success, version: HTTP/1.1)
HTTP/1.1 200 OK
X-Powered-By: Express
Content-Type: application/json; charset=utf-8
ETag: W/&quot;e-2ZHvAWebNQpyjGZTg6uyV8/spTo&quot;
Date: Fri, 02 Dec 2022 04:25:16 GMT
Connection: keep-alive
Keep-Alive: timeout=600
content-length: 14

&amp;#27;[35m[HTTP]&amp;#27;[39m &amp;#27;[37m&lt;--09:55:16.055 [AsyncHttpClient-1-2] DEBUG org.asynchttpclient.netty.channel.ChannelManager - Adding key: http://0.0.0.0:4723 for channel [id: 0x007e0974, L:/127.0.0.1:56617 - R:/127.0.0.1:4723]
 GET /wd/hub/session/7ae98af1-f0c4-48bb-82e0-609d7d4c050b/element/00000000-0000-1bf0-ffff-ffff00000109/displayed &amp;#27;[39m&amp;#27;[32m200&amp;#27;[39m &amp;#27;[90m11 ms - 14&amp;#27;[39m
&amp;#27;[35m[HTTP]&amp;#27;[39m &amp;#27;[90m&amp;#27;[39m
09:55:16.056 [Forwarding findElement on session 7ae98af1-f0c4-48bb-82e0-609d7d4c050b to remote] DEBUG org.asynchttpclient.netty.request.NettyRequestSender - Using pooled Channel &apos;[id: 0x007e0974, L:/127.0.0.1:56617 - R:/127.0.0.1:4723]&apos; for &apos;POST&apos; to &apos;http://0.0.0.0:4723/wd/hub/session/7ae98af1-f0c4-48bb-82e0-609d7d4c050b/element&apos;
09:55:16.056 [Forwarding findElement on session 7ae98af1-f0c4-48bb-82e0-609d7d4c050b to remote] DEBUG org.asynchttpclient.netty.request.NettyRequestSender - Using open Channel [id: 0x007e0974, L:/127.0.0.1:56617 - R:/127.0.0.1:4723] for POST &apos;/wd/hub/session/7ae98af1-f0c4-48bb-82e0-609d7d4c050b/element&apos;
&amp;#27;[35m[HTTP]&amp;#27;[39m &amp;#27;[37m--&gt;&amp;#27;[39m &amp;#27;[37mPOST&amp;#27;[39m &amp;#27;[37m/wd/hub/session/7ae98af1-f0c4-48bb-82e0-609d7d4c050b/element&amp;#27;[39m
&amp;#27;[35m[HTTP]&amp;#27;[39m &amp;#27;[90m{&quot;using&quot;:&quot;id&quot;,&quot;value&quot;:&quot;com.example.android.testing.notes.mock:id/add_note_description&quot;}&amp;#27;[39m
[debug] &amp;#27;[35m[W3C (7ae98af1)]&amp;#27;[39m Calling AppiumDriver.findElement() with args: [&quot;id&quot;,&quot;com.example.android.testing.notes.mock:id/add_note_description&quot;,&quot;7ae98af1-f0c4-48bb-82e0-609d7d4c050b&quot;]
[debug] &amp;#27;[35m[BaseDriver]&amp;#27;[39m Valid locator strategies for this request: xpath, id, class name, accessibility id, css selector, -android uiautomator
[debug] &amp;#27;[35m[BaseDriver]&amp;#27;[39m Waiting up to 0 ms for condition
[debug] &amp;#27;[35m[WD Proxy]&amp;#27;[39m Matched &apos;/element&apos; to command name &apos;findElement&apos;
[debug] &amp;#27;[35m[WD Proxy]&amp;#27;[39m Proxying [POST /element] to [POST http://127.0.0.1:8200/wd/hub/session/015791bc-716d-4afa-9c1f-c27f676dbeb8/element] with body: {&quot;strategy&quot;:&quot;id&quot;,&quot;selector&quot;:&quot;com.example.android.testing.notes.mock:id/add_note_description&quot;,&quot;context&quot;:&quot;&quot;,&quot;multiple&quot;:false}
[debug] &amp;#27;[35m[WD Proxy]&amp;#27;[39m Got response with status 200: {&quot;sessionId&quot;:&quot;015791bc-716d-4afa-9c1f-c27f676dbeb8&quot;,&quot;value&quot;:{&quot;ELEMENT&quot;:&quot;00000000-0000-1bf0-ffff-ffff00000109&quot;,&quot;element-6066-11e4-a52e-4f735466cecf&quot;:&quot;00000000-0000-1bf0-ffff-ffff00000109&quot;}}
[debug] &amp;#27;[35m[W3C (7ae98af1)]&amp;#27;[39m Responding to client with driver.find09:55:16.107 [AsyncHttpClient-1-2] DEBUG org.asynchttpclient.netty.handler.HttpHandler - 

Request DefaultHttpRequest(decodeResult: success, version: HTTP/1.1)
POST /wd/hub/session/7ae98af1-f0c4-48bb-82e0-609d7d4c050b/element HTTP/1.1
User-Agent: selenium/4.5.0 (java windows)
Content-Length: 101
Content-Type: application/json; charset=utf-8
host: 0.0.0.0:4723
accept: */*

Response DefaultHttpResponse(decodeResult: success, version: HTTP/1.1)
HTTP/1.1 200 OK
X-Powered-By: Express
Vary: X-HTTP-Method-Override
Content-Type: application/json; charset=utf-8
ETag: W/&quot;89-aY4aa4O9ewQGDQh0hO8V1xXjmEY&quot;
Date: Fri, 02 Dec 2022 04:25:16 GMT
Connection: keep-alive
Keep-Alive: timeout=600
content-length: 137

Element() result: {&quot;element-6066-109:55:16.107 [AsyncHttpClient-1-2] DEBUG org.asynchttpclient.netty.channel.ChannelManager - Adding key: http://0.0.0.0:4723 for channel [id: 0x007e0974, L:/127.0.0.1:56617 - R:/127.0.0.1:4723]
1e4-a52e-4f735466cecf&quot;:&quot;00000000-0000-1bf0-ffff-ffff00000109&quot;,&quot;ELEMENT&quot;:&quot;00000000-0000-1bf0-ffff-ffff00000109&quot;}
&amp;#27;[35m[HTTP]&amp;#27;[39m &amp;#27;[37m&lt;-- POST /wd/hub/session/7ae98af1-f0c4-48bb-82e0-609d7d4c050b/element &amp;#27;[39m&amp;#27;[32m200&amp;#27;[39m &amp;#27;[90m50 ms - 137&amp;#27;[39m
&amp;#27;[35m[HTTP]&amp;#27;[39m &amp;#27;[90m&amp;#27;[39m
09:55:16.108 [Forwarding isElementEnabled on session 7ae98af1-f0c4-48bb-82e0-609d7d4c050b to remote] DEBUG org.asynchttpclient.netty.request.NettyRequestSender - Using pooled Channel &apos;[id: 0x007e0974, L:/127.0.0.1:56617 - R:/127.0.0.1:4723]&apos; for &apos;GET&apos; to &apos;http://0.0.0.0:4723/wd/hub/session/7ae98af1-f0c4-48bb-82e0-609d7d4c050b/element/00000000-0000-1bf0-ffff-ffff00000109/enabled&apos;
09:55:16.108 [Forwarding isElementEnabled on session 7ae98af1-f0c4-48bb-82e0-609d7d4c050b to remote] DEBUG org.asynchttpclient.netty.request.NettyRequestSender - Using open Channel [id: 0x007e0974, L:/127.0.0.1:56617 - R:/127.0.0.1:4723] for GET &apos;/wd/hub/session/7ae98af1-f0c4-48bb-82e0-609d7d4c050b/element/00000000-0000-1bf0-ffff-ffff00000109/enabled&apos;
&amp;#27;[35m[HTTP]&amp;#27;[39m &amp;#27;[37m--&gt;&amp;#27;[39m &amp;#27;[37mGET&amp;#27;[39m &amp;#27;[37m/wd/hub/session/7ae98af1-f0c4-48bb-82e0-609d7d4c050b/element/00000000-0000-1bf0-ffff-ffff00000109/enabled&amp;#27;[39m
&amp;#27;[35m[HTTP]&amp;#27;[39m &amp;#27;[90m{}&amp;#27;[39m
[debug] &amp;#27;[35m[W3C (7ae98af1)]&amp;#27;[39m Calling AppiumDriver.elementEnabled() with args: [&quot;00000000-0000-1bf0-ffff-ffff00000109&quot;,&quot;7ae98af1-f0c4-48bb-82e0-609d7d4c050b&quot;]
[debug] &amp;#27;[35m[WD Proxy]&amp;#27;[39m Matched &apos;/element/00000000-0000-1bf0-ffff-ffff00000109/attribute/enabled&apos; to command name &apos;getAttribute&apos;
[debug] &amp;#27;[35m[WD Proxy]&amp;#27;[39m Proxying [GET /element/00000000-0000-1bf0-ffff-ffff00000109/attribute/enabled] to [GET http://127.0.0.1:8200/wd/hub/session/015791bc-716d-4afa-9c1f-c27f676dbeb8/element/00000000-0000-1bf0-ffff-ffff00000109/attribute/enabled] with no body
[debug] &amp;#27;[35m[WD Proxy]&amp;#27;[39m Got response with status 200: {&quot;sessionId&quot;:&quot;015791bc-716d-4afa-9c1f-c27f676dbeb8&quot;,&quot;value&quot;:&quot;true&quot;}
[debug] &amp;#27;[35m[W3C (7ae98af1)]&amp;#27;[39m Responding to client with driver.elementEnabled() result: true
09:55:16.126 [AsyncHttpClient-1-2] DEBUG org.asynchttpclient.netty.handler.HttpHandler - 

Request DefaultFullHttpRequest(decodeResult: success, version: HTTP/1.1, content: EmptyByteBufBE)
GET /wd/hub/session/7ae98af1-f0c4-48bb-82e0-609d7d4c050b/element/00000000-0000-1bf0-ffff-ffff00000109/enabled HTTP/1.1
User-Agent: selenium/4.5.0 (java windows)
Cache-Control: no-cache
Content-Type: application/json; charset=utf-8
host: 0.0.0.0:4723
accept: */*

Response DefaultHttpResponse(decodeResult: success, version: HTTP/1.1)
HTTP/1.1 200 OK
X-Powered-By: Express
Content-Type: application/json; charset=utf-8
ETag: W/&quot;e-2ZHvAWebNQpyjGZTg6uyV8/spTo&quot;
Date: Fri, 02 Dec 2022 04:25:16 GMT
Connection: keep-alive
Keep-Alive: timeout=600
content-length: 14

&amp;#27;[35m[HTTP]&amp;#27;[39m &amp;#27;[37m&lt;-09:55:16.126 [AsyncHttpClient-1-2] DEBUG org.asynchttpclient.netty.channel.ChannelManager - Adding key: http://0.0.0.0:4723 for channel [id: 0x007e0974, L:/127.0.0.1:56617 - R:/127.0.0.1:4723]
- GET /wd/hub/session/7ae98af1-f0c4-48bb-82e0-609d7d4c050b/element/00000000-0000-1bf0-ffff-ffff00000109/enabled &amp;#27;[39m&amp;#27;[32m200&amp;#27;[39m &amp;#27;[90m17 ms - 14&amp;#27;[39m
&amp;#27;[35m[HTTP]&amp;#27;[39m &amp;#27;[90m&amp;#27;[39m
09:55:16.127 [Forwarding findElement on session 7ae98af1-f0c4-48bb-82e0-609d7d4c050b to remote] DEBUG org.asynchttpclient.netty.request.NettyRequestSender - Using pooled Channel &apos;[id: 0x007e0974, L:/127.0.0.1:56617 - R:/127.0.0.1:4723]&apos; for &apos;POST&apos; to &apos;http://0.0.0.0:4723/wd/hub/session/7ae98af1-f0c4-48bb-82e0-609d7d4c050b/element&apos;
09:55:16.127 [Forwarding findElement on session 7ae98af1-f0c4-48bb-82e0-609d7d4c050b to remote] DEBUG org.asynchttpclient.netty.request.NettyRequestSender - Using open Channel [id: 0x007e0974, L:/127.0.0.1:56617 - R:/127.0.0.1:4723] for POST &apos;/wd/hub/session/7ae98af1-f0c4-48bb-82e0-609d7d4c050b/element&apos;
&amp;#27;[35m[HTTP]&amp;#27;[39m &amp;#27;[37m--&gt;&amp;#27;[39m &amp;#27;[37mPOST&amp;#27;[39m &amp;#27;[37m/wd/hub/session/7ae98af1-f0c4-48bb-82e0-609d7d4c050b/element&amp;#27;[39m
&amp;#27;[35m[HTTP]&amp;#27;[39m &amp;#27;[90m{&quot;using&quot;:&quot;id&quot;,&quot;value&quot;:&quot;com.example.android.testing.notes.mock:id/add_note_description&quot;}&amp;#27;[39m
[debug] &amp;#27;[35m[W3C (7ae98af1)]&amp;#27;[39m Calling AppiumDriver.findElement() with args: [&quot;id&quot;,&quot;com.example.android.testing.notes.mock:id/add_note_description&quot;,&quot;7ae98af1-f0c4-48bb-82e0-609d7d4c050b&quot;]
[debug] &amp;#27;[35m[BaseDriver]&amp;#27;[39m Valid locator strategies for this request: xpath, id, class name, accessibility id, css selector, -android uiautomator
[debug] &amp;#27;[35m[BaseDriver]&amp;#27;[39m Waiting up to 0 ms for condition
[debug] &amp;#27;[35m[WD Proxy]&amp;#27;[39m Matched &apos;/element&apos; to command name &apos;findElement&apos;
[debug] &amp;#27;[35m[WD Proxy]&amp;#27;[39m Proxying [POST /element] to [POST http://127.0.0.1:8200/wd/hub/session/015791bc-716d-4afa-9c1f-c27f676dbeb8/element] with body: {&quot;strategy&quot;:&quot;id&quot;,&quot;selector&quot;:&quot;com.example.android.testing.notes.mock:id/add_note_description&quot;,&quot;context&quot;:&quot;&quot;,&quot;multiple&quot;:false}
[debug] &amp;#27;[35m[WD Proxy]&amp;#27;[39m Got response with status 200: {&quot;sessionId&quot;:&quot;015791bc-716d-4afa-9c1f-c27f676dbeb8&quot;,&quot;value&quot;:{&quot;ELEMENT&quot;:&quot;00000000-0000-1bf0-ffff-ffff00000109&quot;,&quot;element-6066-11e4-a52e-4f735466cecf&quot;:&quot;00000000-0000-1bf0-ffff-ffff00000109&quot;}}
[debug] &amp;#27;[35m[W3C (7ae98af1)]&amp;#27;[39m Responding to client with driver.findElement() result: {&quot;element-6066-11e4-a52e-4f735466c09:55:16.178 [AsyncHttpClient-1-2] DEBUG org.asynchttpclient.netty.handler.HttpHandler - 

Request DefaultHttpRequest(decodeResult: success, version: HTTP/1.1)
POST /wd/hub/session/7ae98af1-f0c4-48bb-82e0-609d7d4c050b/element HTTP/1.1
User-Agent: selenium/4.5.0 (java windows)
Content-Length: 101
Content-Type: application/json; charset=utf-8
host: 0.0.0.0:4723
accept: */*

Response DefaultHttpResponse(decodeResult: success, version: HTTP/1.1)
HTTP/1.1 200 OK
X-Powered-By: Express
Vary: X-HTTP-Method-Override
Content-Type: application/json; charset=utf-8
ETag: W/&quot;89-aY4aa4O9ewQGDQh0hO8V1xXjmEY&quot;
Date: Fri, 02 Dec 2022 04:25:16 GMT
Connection: keep-alive
Keep-Alive: timeout=600
content-length: 137

ecf&quot;:&quot;00000000-0000-1bf0-ffff-ffff00000109&quot;09:55:16.178 [AsyncHttpClient-1-2] DEBUG org.asynchttpclient.netty.channel.ChannelManager - Adding key: http://0.0.0.0:4723 for channel [id: 0x007e0974, L:/127.0.0.1:56617 - R:/127.0.0.1:4723]
,&quot;ELEMENT&quot;:&quot;00000000-0000-1bf0-ffff-ffff00000109&quot;}
&amp;#27;[35m[HTTP]&amp;#27;[39m &amp;#27;[37m&lt;-- POST /wd/hub/session/7ae98af1-f0c4-48bb-82e0-609d7d4c050b/element &amp;#27;[39m&amp;#27;[32m200&amp;#27;[39m &amp;#27;[90m49 ms - 137&amp;#27;[39m
&amp;#27;[35m[HTTP]&amp;#27;[39m &amp;#27;[90m&amp;#27;[39m
09:55:16.181 [Forwarding clickElement on session 7ae98af1-f0c4-48bb-82e0-609d7d4c050b to remote] DEBUG org.asynchttpclient.netty.request.NettyRequestSender - Using pooled Channel &apos;[id: 0x007e0974, L:/127.0.0.1:56617 - R:/127.0.0.1:4723]&apos; for &apos;POST&apos; to &apos;http://0.0.0.0:4723/wd/hub/session/7ae98af1-f0c4-48bb-82e0-609d7d4c050b/element/00000000-0000-1bf0-ffff-ffff00000109/click&apos;
09:55:16.181 [Forwarding clickElement on session 7ae98af1-f0c4-48bb-82e0-609d7d4c050b to remote] DEBUG org.asynchttpclient.netty.request.NettyRequestSender - Using open Channel [id: 0x007e0974, L:/127.0.0.1:56617 - R:/127.0.0.1:4723] for POST &apos;/wd/hub/session/7ae98af1-f0c4-48bb-82e0-609d7d4c050b/element/00000000-0000-1bf0-ffff-ffff00000109/click&apos;
&amp;#27;[35m[HTTP]&amp;#27;[39m &amp;#27;[37m--&gt;&amp;#27;[39m &amp;#27;[37mPOST&amp;#27;[39m &amp;#27;[37m/wd/hub/session/7ae98af1-f0c4-48bb-82e0-609d7d4c050b/element/00000000-0000-1bf0-ffff-ffff00000109/click&amp;#27;[39m
&amp;#27;[35m[HTTP]&amp;#27;[39m &amp;#27;[90m{&quot;id&quot;:&quot;00000000-0000-1bf0-ffff-ffff00000109&quot;}&amp;#27;[39m
[debug] &amp;#27;[35m[W3C (7ae98af1)]&amp;#27;[39m Calling AppiumDriver.click() with args: [&quot;00000000-0000-1bf0-ffff-ffff00000109&quot;,&quot;7ae98af1-f0c4-48bb-82e0-609d7d4c050b&quot;]
[debug] &amp;#27;[35m[WD Proxy]&amp;#27;[39m Matched &apos;/element/00000000-0000-1bf0-ffff-ffff00000109/click&apos; to command name &apos;click&apos;
[debug] &amp;#27;[35m[WD Proxy]&amp;#27;[39m Proxying [POST /element/00000000-0000-1bf0-ffff-ffff00000109/click] to [POST http://127.0.0.1:8200/wd/hub/session/015791bc-716d-4afa-9c1f-c27f676dbeb8/element/00000000-0000-1bf0-ffff-ffff00000109/click] with body: {&quot;element&quot;:&quot;00000000-0000-1bf0-ffff-ffff00000109&quot;}
[debug] &amp;#27;[35m[WD Proxy]&amp;#27;[39m Got response with status 200: {&quot;sessionId&quot;:&quot;015791bc-716d-4afa-9c1f-c27f676dbeb8&quot;,&quot;value&quot;:null}
[debug] &amp;#27;[35m[W3C (7ae98af1)]&amp;#27;[39m Responding to client with driver.cl09:55:16.856 [AsyncHttpClient-1-2] DEBUG org.asynchttpclient.netty.handler.HttpHandler - 

Request DefaultHttpRequest(decodeResult: success, version: HTTP/1.1)
POST /wd/hub/session/7ae98af1-f0c4-48bb-82e0-609d7d4c050b/element/00000000-0000-1bf0-ffff-ffff00000109/click HTTP/1.1
User-Agent: selenium/4.5.0 (java windows)
Content-Length: 50
Content-Type: application/json; charset=utf-8
host: 0.0.0.0:4723
accept: */*

Response DefaultHttpResponse(decodeResult: success, version: HTTP/1.1)
HTTP/1.1 200 OK
X-Powered-By: Express
Vary: X-HTTP-Method-Override
Content-Type: application/json; charset=utf-8
ETag: W/&quot;e-9/1BuKMgFObM1mWJm+YjxtXJnUM&quot;
Date: Fri, 02 Dec 2022 04:25:16 GMT
Connection: keep-alive
Keep-Alive: timeout=600
content-length: 14

ick() result: null
09:55:16.856 [AsyncHttpClient-1-2] DEBUG org.asynchttpclient.netty.channel.ChannelManager - Adding key: http://0.0.0.0:4723 for channel [id: 0x007e0974, L:/127.0.0.1:56617 - R:/127.0.0.1:4723]
&amp;#27;[35m[HTTP]&amp;#27;[39m &amp;#27;[37m&lt;-- POST /wd/hub/session/7ae98af1-f0c4-48bb-82e0-609d7d4c050b/element/00000000-0000-1bf0-ffff-ffff00000109/click &amp;#27;[39m&amp;#27;[32m200&amp;#27;[39m &amp;#27;[90m673 ms - 14&amp;#27;[39m
&amp;#27;[35m[HTTP]&amp;#27;[39m &amp;#27;[90m&amp;#27;[39m
09:55:16.857 [Forwarding findElement on session 7ae98af1-f0c4-48bb-82e0-609d7d4c050b to remote] DEBUG org.asynchttpclient.netty.request.NettyRequestSender - Using pooled Channel &apos;[id: 0x007e0974, L:/127.0.0.1:56617 - R:/127.0.0.1:4723]&apos; for &apos;POST&apos; to &apos;http://0.0.0.0:4723/wd/hub/session/7ae98af1-f0c4-48bb-82e0-609d7d4c050b/element&apos;
09:55:16.857 [Forwarding findElement on session 7ae98af1-f0c4-48bb-82e0-609d7d4c050b to remote] DEBUG org.asynchttpclient.netty.request.NettyRequestSender - Using open Channel [id: 0x007e0974, L:/127.0.0.1:56617 - R:/127.0.0.1:4723] for POST &apos;/wd/hub/session/7ae98af1-f0c4-48bb-82e0-609d7d4c050b/element&apos;
&amp;#27;[35m[HTTP]&amp;#27;[39m &amp;#27;[37m--&gt;&amp;#27;[39m &amp;#27;[37mPOST&amp;#27;[39m &amp;#27;[37m/wd/hub/session/7ae98af1-f0c4-48bb-82e0-609d7d4c050b/element&amp;#27;[39m
&amp;#27;[35m[HTTP]&amp;#27;[39m &amp;#27;[90m{&quot;using&quot;:&quot;accessibility id&quot;,&quot;value&quot;:&quot;More options&quot;}&amp;#27;[39m
[debug] &amp;#27;[35m[W3C (7ae98af1)]&amp;#27;[39m Calling AppiumDriver.findElement() with args: [&quot;accessibility id&quot;,&quot;More options&quot;,&quot;7ae98af1-f0c4-48bb-82e0-609d7d4c050b&quot;]
[debug] &amp;#27;[35m[BaseDriver]&amp;#27;[39m Valid locator strategies for this request: xpath, id, class name, accessibility id, css selector, -android uiautomator
[debug] &amp;#27;[35m[BaseDriver]&amp;#27;[39m Waiting up to 0 ms for condition
[debug] &amp;#27;[35m[WD Proxy]&amp;#27;[39m Matched &apos;/element&apos; to command name &apos;findElement&apos;
[debug] &amp;#27;[35m[WD Proxy]&amp;#27;[39m Proxying [POST /element] to [POST http://127.0.0.1:8200/wd/hub/session/015791bc-716d-4afa-9c1f-c27f676dbeb8/element] with body: {&quot;strategy&quot;:&quot;accessibility id&quot;,&quot;selector&quot;:&quot;More options&quot;,&quot;context&quot;:&quot;&quot;,&quot;multiple&quot;:false}
[debug] &amp;#27;[35m[WD Proxy]&amp;#27;[39m Got response with status 200: {&quot;sessionId&quot;:&quot;015791bc-716d-4afa-9c1f-c27f676dbeb8&quot;,&quot;value&quot;:{&quot;ELEMENT&quot;:&quot;00000000-0000-1bf0-ffff-ffff0000010f&quot;,&quot;element-6066-11e4-a52e-4f735466cecf&quot;:&quot;00000000-0000-1bf0-ffff-ffff0000010f&quot;}}
[debug] &amp;#27;[35m[W3C (7ae98af1)]&amp;#27;[39m Responding to client with dr09:55:16.906 [AsyncHttpClient-1-2] DEBUG org.asynchttpclient.netty.handler.HttpHandler - 

Request DefaultHttpRequest(decodeResult: success, version: HTTP/1.1)
POST /wd/hub/session/7ae98af1-f0c4-48bb-82e0-609d7d4c050b/element HTTP/1.1
User-Agent: selenium/4.5.0 (java windows)
Content-Length: 60
Content-Type: application/json; charset=utf-8
host: 0.0.0.0:4723
accept: */*

Response DefaultHttpResponse(decodeResult: success, version: HTTP/1.1)
HTTP/1.1 200 OK
X-Powered-By: Express
Vary: X-HTTP-Method-Override
Content-Type: application/json; charset=utf-8
ETag: W/&quot;89-cUfPA/iauWuQcPkCsdwVcJc4mR8&quot;
Date: Fri, 02 Dec 2022 04:25:16 GMT
Connection: keep-alive
Keep-Alive: timeout=600
content-length: 137

iver.findElement() result: {&quot;element-6066-11e4-a509:55:16.906 [AsyncHttpClient-1-2] DEBUG org.asynchttpclient.netty.channel.ChannelManager - Adding key: http://0.0.0.0:4723 for channel [id: 0x007e0974, L:/127.0.0.1:56617 - R:/127.0.0.1:4723]
2e-4f735466cecf&quot;:&quot;00000000-0000-1bf0-ffff-ffff0000010f&quot;,&quot;ELEMENT&quot;:&quot;00000000-0000-1bf0-ffff-ffff0000010f&quot;}
&amp;#27;[35m[HTTP]&amp;#27;[39m &amp;#27;[37m&lt;-- POST /wd/hub/session/7ae98af1-f0c4-48bb-82e0-609d7d4c050b/element &amp;#27;[39m&amp;#27;[32m200&amp;#27;[39m &amp;#27;[90m47 ms - 1309:55:16.907 [Forwarding isElementDisplayed on session 7ae98af1-f0c4-48bb-82e0-609d7d4c050b to remote] DEBUG org.asynchttpclient.netty.request.NettyRequestSender - Using pooled Channel &apos;[id: 0x007e0974, L:/127.0.0.1:56617 - R:/127.0.0.1:4723]&apos; for &apos;GET&apos; to &apos;http://0.0.0.0:4723/wd/hub/session/7ae98af1-f0c4-48bb-82e0-609d7d4c050b/element/00000000-0000-1bf0-ffff-ffff0000010f/displayed&apos;
7&amp;#27;[39m
&amp;#27;[35m[HTTP]&amp;#27;[39m &amp;#27;[90m&amp;#27;[39m
09:55:16.907 [Forwarding isElementDisplayed on session 7ae98af1-f0c4-48bb-82e0-609d7d4c050b to remote] DEBUG org.asynchttpclient.netty.request.NettyRequestSender - Using open Channel [id: 0x007e0974, L:/127.0.0.1:56617 - R:/127.0.0.1:4723] for GET &apos;/wd/hub/session/7ae98af1-f0c4-48bb-82e0-609d7d4c050b/element/00000000-0000-1bf0-ffff-ffff0000010f/displayed&apos;
&amp;#27;[35m[HTTP]&amp;#27;[39m &amp;#27;[37m--&gt;&amp;#27;[39m &amp;#27;[37mGET&amp;#27;[39m &amp;#27;[37m/wd/hub/session/7ae98af1-f0c4-48bb-82e0-609d7d4c050b/element/00000000-0000-1bf0-ffff-ffff0000010f/displayed&amp;#27;[39m
&amp;#27;[35m[HTTP]&amp;#27;[39m &amp;#27;[90m{}&amp;#27;[39m
[debug] &amp;#27;[35m[W3C (7ae98af1)]&amp;#27;[39m Calling AppiumDriver.elementDisplayed() with args: [&quot;00000000-0000-1bf0-ffff-ffff0000010f&quot;,&quot;7ae98af1-f0c4-48bb-82e0-609d7d4c050b&quot;]
[debug] &amp;#27;[35m[WD Proxy]&amp;#27;[39m Matched &apos;/element/00000000-0000-1bf0-ffff-ffff0000010f/attribute/displayed&apos; to command name &apos;getAttribute&apos;
[debug] &amp;#27;[35m[WD Proxy]&amp;#27;[39m Proxying [GET /element/00000000-0000-1bf0-ffff-ffff0000010f/attribute/displayed] to [GET http://127.0.0.1:8200/wd/hub/session/015791bc-716d-4afa-9c1f-c27f676dbeb8/element/00000000-0000-1bf0-ffff-ffff0000010f/attribute/displayed] with no body
[debug] &amp;#27;[35m[WD Proxy]&amp;#27;[39m Got response with status 200: {&quot;sessionId&quot;:&quot;015791bc-716d-4afa-9c1f-c27f676dbeb8&quot;,&quot;value&quot;:&quot;true&quot;}
[debug] &amp;#27;[35m[W3C (7ae98af1)]&amp;#27;[39m Responding to client with driver.elementDisplayed() result: true
09:55:16.949 [AsyncHttpClient-1-2] DEBUG org.asynchttpclient.netty.handler.HttpHandler - 

Request DefaultFullHttpRequest(decodeResult: success, version: HTTP/1.1, content: EmptyByteBufBE)
GET /wd/hub/session/7ae98af1-f0c4-48bb-82e0-609d7d4c050b/element/00000000-0000-1bf0-ffff-ffff0000010f/displayed HTTP/1.1
User-Agent: selenium/4.5.0 (java windows)
Cache-Control: no-cache
Content-Type: application/json; charset=utf-8
host: 0.0.0.0:4723
accept: */*

Response DefaultHttpResponse(decodeResult: success, version: HTTP/1.1)
HTTP/1.1 200 OK
X-Powered-By: Express
Content-Type: application/json; charset=utf-8
ETag: W/&quot;e-2ZHvAWebNQpyjGZTg6uyV8/spTo&quot;
Date: Fri, 02 Dec 2022 04:25:16 GMT
Connection: keep-alive
Keep-Alive: timeout=600
content-length: 14

09:55:16.949 [AsyncHttpClient-1-2] DEBUG org.asynchttpclient.netty.channel.ChannelManager - Adding key: http://0.0.0.0:4723 for channel [id: 0x007e0974, L:/127.0.0.1:56617 - R:/127.0.0.1:4723]
&amp;#27;[35m[HTTP]&amp;#27;[39m &amp;#27;[37m&lt;-- GET /wd/hub/session/7ae98af1-f0c4-48bb-82e0-609d7d4c050b/element/00000000-0000-1bf0-ffff-ffff0000010f/displayed &amp;#27;[39m&amp;#27;[32m200&amp;#27;[39m &amp;#27;[90m40 ms - 14&amp;#27;[39m
&amp;#27;[35m[HTTP]&amp;#27;[39m &amp;#27;[90m&amp;#27;[39m
09:55:16.950 [Forwarding isElementEnabled on session 7ae98af1-f0c4-48bb-82e0-609d7d4c050b to remote] DEBUG org.asynchttpclient.netty.request.NettyRequestSender - Using pooled Channel &apos;[id: 0x007e0974, L:/127.0.0.1:56617 - R:/127.0.0.1:4723]&apos; for &apos;GET&apos; to &apos;http://0.0.0.0:4723/wd/hub/session/7ae98af1-f0c4-48bb-82e0-609d7d4c050b/element/00000000-0000-1bf0-ffff-ffff0000010f/enabled&apos;
09:55:16.950 [Forwarding isElementEnabled on session 7ae98af1-f0c4-48bb-82e0-609d7d4c050b to remote] DEBUG org.asynchttpclient.netty.request.NettyRequestSender - Using open Channel [id: 0x007e0974, L:/127.0.0.1:56617 - R:/127.0.0.1:4723] for GET &apos;/wd/hub/session/7ae98af1-f0c4-48bb-82e0-609d7d4c050b/element/00000000-0000-1bf0-ffff-ffff0000010f/enabled&apos;
&amp;#27;[35m[HTTP]&amp;#27;[39m &amp;#27;[37m--&gt;&amp;#27;[39m &amp;#27;[37mGET&amp;#27;[39m &amp;#27;[37m/wd/hub/session/7ae98af1-f0c4-48bb-82e0-609d7d4c050b/element/00000000-0000-1bf0-ffff-ffff0000010f/enabled&amp;#27;[39m
&amp;#27;[35m[HTTP]&amp;#27;[39m &amp;#27;[90m{}&amp;#27;[39m
[debug] &amp;#27;[35m[W3C (7ae98af1)]&amp;#27;[39m Calling AppiumDriver.elementEnabled() with args: [&quot;00000000-0000-1bf0-ffff-ffff0000010f&quot;,&quot;7ae98af1-f0c4-48bb-82e0-609d7d4c050b&quot;]
[debug] &amp;#27;[35m[WD Proxy]&amp;#27;[39m Matched &apos;/element/00000000-0000-1bf0-ffff-ffff0000010f/attribute/enabled&apos; to command name &apos;getAttribute&apos;
[debug] &amp;#27;[35m[WD Proxy]&amp;#27;[39m Proxying [GET /element/00000000-0000-1bf0-ffff-ffff0000010f/attribute/enabled] to [GET http://127.0.0.1:8200/wd/hub/session/015791bc-716d-4afa-9c1f-c27f676dbeb8/element/00000000-0000-1bf0-ffff-ffff0000010f/attribute/enabled] with no body
[debug] &amp;#27;[35m[WD Proxy]&amp;#27;[39m Got response with status 200: {&quot;sessionId&quot;:&quot;015791bc-716d-4afa-9c1f-c27f676dbeb8&quot;,&quot;value&quot;:&quot;true&quot;}
[debug] &amp;#27;[35m[W3C (7ae98af1)]&amp;#27;[39m Responding to client with driver.elementEnabled() result: true
09:55:16.997 [AsyncHttpClient-1-2] DEBUG org.asynchttpclient.netty.handler.HttpHandler - 

Request DefaultFullHttpRequest(decodeResult: success, version: HTTP/1.1, content: EmptyByteBufBE)
GET /wd/hub/session/7ae98af1-f0c4-48bb-82e0-609d7d4c050b/element/00000000-0000-1bf0-ffff-ffff0000010f/enabled HTTP/1.1
User-Agent: selenium/4.5.0 (java windows)
Cache-Control: no-cache
Content-Type: application/json; charset=utf-8
host: 0.0.0.0:4723
accept: */*

Response DefaultHttpResponse(decodeResult: success, version: HTTP/1.1)
HTTP/1.1 200 OK
X-Powered-By: Express
Content-Type: application/json; charset=utf-8
ETag: W/&quot;e-2ZHvAWebNQpyjGZTg6uyV8/spTo&quot;
Date: Fri, 02 Dec 2022 04:25:16 GMT
Connection: keep-alive
Keep-Alive: timeout=600
content-length: 14

09:55:16.998 [AsyncHttpClient-1-2] DEBUG org.asynchttpclient.netty.channel.ChannelManager - Adding key: http://0.0.0.0:4723 for channel [id: 0x007e0974, L:/127.0.0.1:56617 - R:/127.0.0.1:4723]
&amp;#27;[35m[HTTP]&amp;#27;[39m &amp;#27;[37m&lt;-- GET /wd/hub/session/7ae98af1-f0c4-48bb-82e0-609d7d4c050b/element/00000000-0000-1bf0-ffff-ffff0000010f/enabled &amp;#27;[39m&amp;#27;[32m200&amp;#27;[39m &amp;#27;[90m45 ms - 14&amp;#27;[39m
&amp;#27;[35m[HTTP]&amp;#27;[39m &amp;#27;[90m&amp;#27;[39m
09:55:16.999 [Forwarding clickElement on session 7ae98af1-f0c4-48bb-82e0-609d7d4c050b to remote] DEBUG org.asynchttpclient.netty.request.NettyRequestSender - Using pooled Channel &apos;[id: 0x007e0974, L:/127.0.0.1:56617 - R:/127.0.0.1:4723]&apos; for &apos;POST&apos; to &apos;http://0.0.0.0:4723/wd/hub/session/7ae98af1-f0c4-48bb-82e0-609d7d4c050b/element/00000000-0000-1bf0-ffff-ffff0000010f/click&apos;
09:55:16.999 [Forwarding clickElement on session 7ae98af1-f0c4-48bb-82e0-609d7d4c050b to remote] DEBUG org.asynchttpclient.netty.request.NettyRequestSender - Using open Channel [id: 0x007e0974, L:/127.0.0.1:56617 - R:/127.0.0.1:4723] for POST &apos;/wd/hub/session/7ae98af1-f0c4-48bb-82e0-609d7d4c050b/element/00000000-0000-1bf0-ffff-ffff0000010f/click&apos;
&amp;#27;[35m[HTTP]&amp;#27;[39m &amp;#27;[37m--&gt;&amp;#27;[39m &amp;#27;[37mPOST&amp;#27;[39m &amp;#27;[37m/wd/hub/session/7ae98af1-f0c4-48bb-82e0-609d7d4c050b/element/00000000-0000-1bf0-ffff-ffff0000010f/click&amp;#27;[39m
&amp;#27;[35m[HTTP]&amp;#27;[39m &amp;#27;[90m{&quot;id&quot;:&quot;00000000-0000-1bf0-ffff-ffff0000010f&quot;}&amp;#27;[39m
[debug] &amp;#27;[35m[W3C (7ae98af1)]&amp;#27;[39m Calling AppiumDriver.click() with args: [&quot;00000000-0000-1bf0-ffff-ffff0000010f&quot;,&quot;7ae98af1-f0c4-48bb-82e0-609d7d4c050b&quot;]
[debug] &amp;#27;[35m[WD Proxy]&amp;#27;[39m Matched &apos;/element/00000000-0000-1bf0-ffff-ffff0000010f/click&apos; to command name &apos;click&apos;
[debug] &amp;#27;[35m[WD Proxy]&amp;#27;[39m Proxying [POST /element/00000000-0000-1bf0-ffff-ffff0000010f/click] to [POST http://127.0.0.1:8200/wd/hub/session/015791bc-716d-4afa-9c1f-c27f676dbeb8/element/00000000-0000-1bf0-ffff-ffff0000010f/click] with body: {&quot;element&quot;:&quot;00000000-0000-1bf0-ffff-ffff0000010f&quot;}
[debug] &amp;#27;[35m[WD Proxy]&amp;#27;[39m Got response with status 200: {&quot;sessionId&quot;:&quot;015791bc-716d-4afa-9c1f-c27f676dbeb8&quot;,&quot;value&quot;:null}
[debug] &amp;#27;[35m[W3C (7ae98af1)]&amp;#27;[39m Responding to client with driver.click() result: null
09:55:17.050 [AsyncHttpClient-1-2] DEBUG org.asynchttpclient.netty.handler.HttpHandler - 

Request DefaultHttpRequest(decodeResult: success, version: HTTP/1.1)
POST /wd/hub/session/7ae98af1-f0c4-48bb-82e0-609d7d4c050b/element/00000000-0000-1bf0-ffff-ffff0000010f/click HTTP/1.1
User-Agent: selenium/4.5.0 (java windows)
Content-Length: 50
Content-Type: application/json; charset=utf-8
host: 0.0.0.0:4723
accept: */*

Response DefaultHttpResponse(decodeResult: success, version: HTTP/1.1)
HTTP/1.1 200 OK
X-Powered-By: Express
Vary: X-HTTP-Method-Override
Content-Type: application/json; charset=utf-8
ETag: W/&quot;e-9/1BuKMgFObM1mWJm+YjxtXJnUM&quot;
Date: Fri, 02 Dec 2022 04:25:17 GMT
Connection: keep-alive
Keep-Alive: timeout=600
content-length: 14

&amp;#27;[35m[HTTP]&amp;#27;[39m &amp;#27;[37m&lt;-- POST /wd/hub/session/7ae98af1-f0c4-48bb-8209:55:17.050 [AsyncHttpClient-1-2] DEBUG org.asynchttpclient.netty.channel.ChannelManager - Adding key: http://0.0.0.0:4723 for channel [id: 0x007e0974, L:/127.0.0.1:56617 - R:/127.0.0.1:4723]
e0-609d7d4c050b/element/00000000-0000-1bf0-ffff-ffff0000010f/click &amp;#27;[39m&amp;#27;[32m200&amp;#27;[39m &amp;#27;[90m48 ms - 14&amp;#27;[39m
&amp;#27;[35m[HTTP]&amp;#27;[39m &amp;#27;[90m&amp;#27;[39m
09:55:17.052 [Forwarding findElement on session 7ae98af1-f0c4-48bb-82e0-609d7d4c050b to remote] DEBUG org.asynchttpclient.netty.request.NettyRequestSender - Using pooled Channel &apos;[id: 0x007e0974, L:/127.0.0.1:56617 - R:/127.0.0.1:4723]&apos; for &apos;POST&apos; to &apos;http://0.0.0.0:4723/wd/hub/session/7ae98af1-f0c4-48bb-82e0-609d7d4c050b/element&apos;
09:55:17.052 [Forwarding findElement on session 7ae98af1-f0c4-48bb-82e0-609d7d4c050b to remote] DEBUG org.asynchttpclient.netty.request.NettyRequestSender - Using open Channel [id: 0x007e0974, L:/127.0.0.1:56617 - R:/127.0.0.1:4723] for POST &apos;/wd/hub/session/7ae98af1-f0c4-48bb-82e0-609d7d4c050b/element&apos;
&amp;#27;[35m[HTTP]&amp;#27;[39m &amp;#27;[37m--&gt;&amp;#27;[39m &amp;#27;[37mPOST&amp;#27;[39m &amp;#27;[37m/wd/hub/session/7ae98af1-f0c4-48bb-82e0-609d7d4c050b/element&amp;#27;[39m
&amp;#27;[35m[HTTP]&amp;#27;[39m &amp;#27;[90m{&quot;using&quot;:&quot;id&quot;,&quot;value&quot;:&quot;com.example.android.testing.notes.mock:id/title&quot;}&amp;#27;[39m
[debug] &amp;#27;[35m[W3C (7ae98af1)]&amp;#27;[39m Calling AppiumDriver.findElement() with args: [&quot;id&quot;,&quot;com.example.android.testing.notes.mock:id/title&quot;,&quot;7ae98af1-f0c4-48bb-82e0-609d7d4c050b&quot;]
[debug] &amp;#27;[35m[BaseDriver]&amp;#27;[39m Valid locator strategies for this request: xpath, id, class name, accessibility id, css selector, -android uiautomator
[debug] &amp;#27;[35m[BaseDriver]&amp;#27;[39m Waiting up to 0 ms for condition
[debug] &amp;#27;[35m[WD Proxy]&amp;#27;[39m Matched &apos;/element&apos; to command name &apos;findElement&apos;
[debug] &amp;#27;[35m[WD Proxy]&amp;#27;[39m Proxying [POST /element] to [POST http://127.0.0.1:8200/wd/hub/session/015791bc-716d-4afa-9c1f-c27f676dbeb8/element] with body: {&quot;strategy&quot;:&quot;id&quot;,&quot;selector&quot;:&quot;com.example.android.testing.notes.mock:id/title&quot;,&quot;context&quot;:&quot;&quot;,&quot;multiple&quot;:false}
&amp;#27;[35m[WD Proxy]&amp;#27;[39m Got response with status 404: {&quot;sessionId&quot;:&quot;015791bc-716d-4afa-9c1f-c27f676dbeb8&quot;,&quot;value&quot;:{&quot;error&quot;:&quot;no such element&quot;,&quot;message&quot;:&quot;An element could not be located on the page using the given search parameters&quot;,&quot;stacktrace&quot;:&quot;io.appium.uiautomator2.common.exceptions.ElementNotFoundException: An element could not be located on the page using the given search parameters\n\tat io.appium.uiautomator2.handler.FindElement.safeHandle(FindElement.java:70)\n\tat io.appium.uiautomator2.handler.request.SafeRequestHandler.handle(SafeRequestHandler.java:59)\n\tat io.appium.uiautomator2.server.AppiumServlet.handleRequest(AppiumServlet.java:266)\n\tat io.appium.uiautomator2.server.AppiumServlet.handleHttpRequest09:55:17.169 [AsyncHttpClient-1-2] DEBUG org.asynchttpclient.netty.handler.HttpHandler - 

Request DefaultHttpRequest(decodeResult: success, version: HTTP/1.1)
POST /wd/hub/session/7ae98af1-f0c4-48bb-82e0-609d7d4c050b/element HTTP/1.1
User-Agent: selenium/4.5.0 (java windows)
Content-Length: 86
Content-Type: application/json; charset=utf-8
host: 0.0.0.0:4723
accept: */*

Response DefaultHttpResponse(decodeResult: success, version: HTTP/1.1)
HTTP/1.1 404 Not Found
X-Powered-By: Express
Vary: X-HTTP-Method-Override
Content-Type: application/json; charset=utf-8
ETag: W/&quot;370-dTE2jiWDUpBVgBRiqETyupcduWo&quot;
Date: Fri, 02 Dec 2022 04:25:17 GMT
Connection: keep-alive
Keep-Alive: timeout=600
content-length: 880

(AppiumServlet.java:260)\n\tat io.appium.uiautomator2.http.ServerHandler.channelRead(ServerHan09:55:17.169 [AsyncHttpClient-1-2] DEBUG org.asynchttpclient.netty.channel.ChannelManager - Adding key: http://0.0.0.0:4723 for channel [id: 0x007e0974, L:/127.0.0.1:56617 - R:/127.0.0.1:4723]
dler.java:68)\n\tat io.netty.channel.AbstractChannelHandlerContext.invokeChannelRead(AbstractChannelHandlerContext.java:366)\n\tat io.netty.channel.AbstractChannelHandlerContext.invokeChannelRead(AbstractChannelHandlerContext.java:352)\n\tat io.netty.chann...
[debug] &amp;#27;[35m[W3C]&amp;#27;[39m Matched W3C error code &apos;no such element&apos; to NoSuchElementError
[debug] &amp;#27;[35m[W3C (7ae98af1)]&amp;#27;[39m Encountered internal error running command: NoSuchElementError: An element could not be located on the page using the given search parameters.
[debug] &amp;#27;[35m[W3C (7ae98af1)]&amp;#27;[39m     at AndroidUiautomator2Driver.findElOrEls (C:\Users\manis\AppData\Roaming\npm\node_modules\appium\node_modules\appium-android-driver\lib\commands\find.js:75:11)
[debug] &amp;#27;[35m[W3C (7ae98af1)]&amp;#27;[39m     at processTicksAndRejections (node:internal/process/task_queues:95:5)
[debug] &amp;#27;[35m[W3C (7ae98af1)]&amp;#27;[39m     at AndroidUiautomator2Driver.findElOrElsWithProcessing (C:\Users\manis\AppData\Roaming\npm\node_modules\appium\node_modules\appium-base-driver\lib\basedriver\commands\find.js:33:12)
[debug] &amp;#27;[35m[W3C (7ae98af1)]&amp;#27;[39m     at AndroidUiautomator2Driver.findElement (C:\Users\manis\AppData\Roaming\npm\node_modules\appium\node_modules\appium-base-driver\lib\basedriver\commands\find.js:53:10)
&amp;#27;[35m[HTTP]&amp;#27;[39m &amp;#27;[37m&lt;-- POST /wd/hub/session/7ae98af1-f0c4-48bb-82e0-609d7d4c050b/element &amp;#27;[39m&amp;#27;[33m404&amp;#27;[39m &amp;#27;[90m115 ms - 880&amp;#27;[39m
&amp;#27;[35m[HTTP]&amp;#27;[39m &amp;#27;[90m&amp;#27;[39m
09:55:17.679 [Forwarding findElement on session 7ae98af1-f0c4-48bb-82e0-609d7d4c050b to remote] DEBUG org.asynchttpclient.netty.request.NettyRequestSender - Using pooled Channel &apos;[id: 0x007e0974, L:/127.0.0.1:56617 - R:/127.0.0.1:4723]&apos; for &apos;POST&apos; to &apos;http://0.0.0.0:4723/wd/hub/session/7ae98af1-f0c4-48bb-82e0-609d7d4c050b/element&apos;
09:55:17.679 [Forwarding findElement on session 7ae98af1-f0c4-48bb-82e0-609d7d4c050b to remote] DEBUG org.asynchttpclient.netty.request.NettyRequestSender - Using open Channel [id: 0x007e0974, L:/127.0.0.1:56617 - R:/127.0.0.1:4723] for POST &apos;/wd/hub/session/7ae98af1-f0c4-48bb-82e0-609d7d4c050b/element&apos;
&amp;#27;[35m[HTTP]&amp;#27;[39m &amp;#27;[37m--&gt;&amp;#27;[39m &amp;#27;[37mPOST&amp;#27;[39m &amp;#27;[37m/wd/hub/session/7ae98af1-f0c4-48bb-82e0-609d7d4c050b/element&amp;#27;[39m
&amp;#27;[35m[HTTP]&amp;#27;[39m &amp;#27;[90m{&quot;using&quot;:&quot;id&quot;,&quot;value&quot;:&quot;com.example.android.testing.notes.mock:id/title&quot;}&amp;#27;[39m
[debug] &amp;#27;[35m[W3C (7ae98af1)]&amp;#27;[39m Calling AppiumDriver.findElement() with args: [&quot;id&quot;,&quot;com.example.android.testing.notes.mock:id/title&quot;,&quot;7ae98af1-f0c4-48bb-82e0-609d7d4c050b&quot;]
[debug] &amp;#27;[35m[BaseDriver]&amp;#27;[39m Valid locator strategies for this request: xpath, id, class name, accessibility id, css selector, -android uiautomator
[debug] &amp;#27;[35m[BaseDriver]&amp;#27;[39m Waiting up to 0 ms for condition
[debug] &amp;#27;[35m[WD Proxy]&amp;#27;[39m Matched &apos;/element&apos; to command name &apos;findElement&apos;
[debug] &amp;#27;[35m[WD Proxy]&amp;#27;[39m Proxying [POST /element] to [POST http://127.0.0.1:8200/wd/hub/session/015791bc-716d-4afa-9c1f-c27f676dbeb8/element] with body: {&quot;strategy&quot;:&quot;id&quot;,&quot;selector&quot;:&quot;com.example.android.testing.notes.mock:id/title&quot;,&quot;context&quot;:&quot;&quot;,&quot;multiple&quot;:false}
[debug] &amp;#27;[35m[WD Proxy]&amp;#27;[39m Got response with status 200: {&quot;sessionId&quot;:&quot;015791bc-716d-4afa-9c1f-c27f676dbeb8&quot;,&quot;value&quot;:{&quot;ELEMENT&quot;:&quot;00000000-0000-1bf1-ffff-ffff00000115&quot;,&quot;element-6066-11e4-a52e-4f735466cecf&quot;:&quot;00000000-0000-1bf1-ffff-f09:55:17.768 [AsyncHttpClient-1-2] DEBUG org.asynchttpclient.netty.handler.HttpHandler - 

Request DefaultHttpRequest(decodeResult: success, version: HTTP/1.1)
POST /wd/hub/session/7ae98af1-f0c4-48bb-82e0-609d7d4c050b/element HTTP/1.1
User-Agent: selenium/4.5.0 (java windows)
Content-Length: 86
Content-Type: application/json; charset=utf-8
host: 0.0.0.0:4723
accept: */*

Response DefaultHttpResponse(decodeResult: success, version: HTTP/1.1)
HTTP/1.1 200 OK
X-Powered-By: Express
Vary: X-HTTP-Method-Override
Content-Type: application/json; charset=utf-8
ETag: W/&quot;89-KYgZ6YbiKfGCJ5GBBGlwFLpkrUM&quot;
Date: Fri, 02 Dec 2022 04:25:17 GMT
Connection: keep-alive
Keep-Alive: timeout=600
content-length: 137

fff00000115&quot;}}
[debug] &amp;#27;[35m[W3C (7ae98af1)]&amp;#27;[39m Responding to client with driver.findElement() result: {&quot;ele09:55:17.769 [AsyncHttpClient-1-2] DEBUG org.asynchttpclient.netty.channel.ChannelManager - Adding key: http://0.0.0.0:4723 for channel [id: 0x007e0974, L:/127.0.0.1:56617 - R:/127.0.0.1:4723]
ment-6066-11e4-a52e-4f735466cecf&quot;:&quot;00000000-0000-1bf1-ffff-ffff00000115&quot;,&quot;ELEMENT&quot;:&quot;00000000-0000-1bf1-ffff-ffff00000115&quot;}
&amp;#27;[35m[HTTP]&amp;#27;[39m &amp;#27;[37m&lt;-- POST /wd/hub/session/7ae98af1-f0c4-48bb-82e0-609d7d4c050b/element &amp;#27;[39m&amp;#27;[32m200&amp;#27;[39m &amp;#27;[90m86 ms - 137&amp;#27;[39m
&amp;#27;[35m[HTTP]&amp;#27;[39m &amp;#27;[90m&amp;#27;[39m
09:55:17.771 [Forwarding isElementDisplayed on session 7ae98af1-f0c4-48bb-82e0-609d7d4c050b to remote] DEBUG org.asynchttpclient.netty.request.NettyRequestSender - Using pooled Channel &apos;[id: 0x007e0974, L:/127.0.0.1:56617 - R:/127.0.0.1:4723]&apos; for &apos;GET&apos; to &apos;http://0.0.0.0:4723/wd/hub/session/7ae98af1-f0c4-48bb-82e0-609d7d4c050b/element/00000000-0000-1bf1-ffff-ffff00000115/displayed&apos;
09:55:17.771 [Forwarding isElementDisplayed on session 7ae98af1-f0c4-48bb-82e0-609d7d4c050b to remote] DEBUG org.asynchttpclient.netty.request.NettyRequestSender - Using open Channel [id: 0x007e0974, L:/127.0.0.1:56617 - R:/127.0.0.1:4723] for GET &apos;/wd/hub/session/7ae98af1-f0c4-48bb-82e0-609d7d4c050b/element/00000000-0000-1bf1-ffff-ffff00000115/displayed&apos;
&amp;#27;[35m[HTTP]&amp;#27;[39m &amp;#27;[37m--&gt;&amp;#27;[39m &amp;#27;[37mGET&amp;#27;[39m &amp;#27;[37m/wd/hub/session/7ae98af1-f0c4-48bb-82e0-609d7d4c050b/element/00000000-0000-1bf1-ffff-ffff00000115/displayed&amp;#27;[39m
&amp;#27;[35m[HTTP]&amp;#27;[39m &amp;#27;[90m{}&amp;#27;[39m
[debug] &amp;#27;[35m[W3C (7ae98af1)]&amp;#27;[39m Calling AppiumDriver.elementDisplayed() with args: [&quot;00000000-0000-1bf1-ffff-ffff00000115&quot;,&quot;7ae98af1-f0c4-48bb-82e0-609d7d4c050b&quot;]
[debug] &amp;#27;[35m[WD Proxy]&amp;#27;[39m Matched &apos;/element/00000000-0000-1bf1-ffff-ffff00000115/attribute/displayed&apos; to command name &apos;getAttribute&apos;
[debug] &amp;#27;[35m[WD Proxy]&amp;#27;[39m Proxying [GET /element/00000000-0000-1bf1-ffff-ffff00000115/attribute/displayed] to [GET http://127.0.0.1:8200/wd/hub/session/015791bc-716d-4afa-9c1f-c27f676dbeb8/element/00000000-0000-1bf1-ffff-ffff00000115/attribute/displayed] with no body
[debug] &amp;#27;[35m[WD Proxy]&amp;#27;[39m Got response with status 200: {&quot;sessionId&quot;:&quot;015791bc-716d-4afa-9c1f-c27f676dbeb8&quot;,&quot;value&quot;:&quot;true&quot;}
[debug] &amp;#27;[35m[W3C (7ae98af1)]&amp;#27;[39m Responding to client with driver.elementDisplayed() result: true
09:55:17.791 [AsyncHttpClient-1-2] DEBUG org.asynchttpclient.netty.handler.HttpHandler - 

Request DefaultFullHttpRequest(decodeResult: success, version: HTTP/1.1, content: EmptyByteBufBE)
GET /wd/hub/session/7ae98af1-f0c4-48bb-82e0-609d7d4c050b/element/00000000-0000-1bf1-ffff-ffff00000115/displayed HTTP/1.1
User-Agent: selenium/4.5.0 (java windows)
Cache-Control: no-cache
Content-Type: application/json; charset=utf-8
host: 0.0.0.0:4723
accept: */*

Response DefaultHttpResponse(decodeResult: success, version: HTTP/1.1)
HTTP/1.1 200 OK
X-Powered-By: Express
Content-Type: application/json; charset=utf-8
ETag: W/&quot;e-2ZHvAWebNQpyjGZTg6uyV8/spTo&quot;
Date: Fri, 02 Dec 2022 04:25:17 GMT
Connection: keep-alive
Keep-Alive: timeout=600
content-length: 14

&amp;#27;[35m[HTTP]&amp;#27;[39m &amp;#27;[37m&lt;-- GET /wd/hub09:55:17.791 [AsyncHttpClient-1-2] DEBUG org.asynchttpclient.netty.channel.ChannelManager - Adding key: http://0.0.0.0:4723 for channel [id: 0x007e0974, L:/127.0.0.1:56617 - R:/127.0.0.1:4723]
/session/7ae98af1-f0c4-48bb-82e0-609d7d4c050b/element/00000000-0000-1bf1-ffff-ffff00000115/displayed &amp;#27;[39m&amp;#27;[32m200&amp;#27;[39m &amp;#27;[90m17 ms - 14&amp;#27;[39m
&amp;#27;[35m[HTTP]&amp;#27;[39m &amp;#27;[90m&amp;#27;[39m
09:55:17.792 [Forwarding findElement on session 7ae98af1-f0c4-48bb-82e0-609d7d4c050b to remote] DEBUG org.asynchttpclient.netty.request.NettyRequestSender - Using pooled Channel &apos;[id: 0x007e0974, L:/127.0.0.1:56617 - R:/127.0.0.1:4723]&apos; for &apos;POST&apos; to &apos;http://0.0.0.0:4723/wd/hub/session/7ae98af1-f0c4-48bb-82e0-609d7d4c050b/element&apos;
09:55:17.792 [Forwarding findElement on session 7ae98af1-f0c4-48bb-82e0-609d7d4c050b to remote] DEBUG org.asynchttpclient.netty.request.NettyRequestSender - Using open Channel [id: 0x007e0974, L:/127.0.0.1:56617 - R:/127.0.0.1:4723] for POST &apos;/wd/hub/session/7ae98af1-f0c4-48bb-82e0-609d7d4c050b/element&apos;
&amp;#27;[35m[HTTP]&amp;#27;[39m &amp;#27;[37m--&gt;&amp;#27;[39m &amp;#27;[37mPOST&amp;#27;[39m &amp;#27;[37m/wd/hub/session/7ae98af1-f0c4-48bb-82e0-609d7d4c050b/element&amp;#27;[39m
&amp;#27;[35m[HTTP]&amp;#27;[39m &amp;#27;[90m{&quot;using&quot;:&quot;id&quot;,&quot;value&quot;:&quot;com.example.android.testing.notes.mock:id/title&quot;}&amp;#27;[39m
[debug] &amp;#27;[35m[W3C (7ae98af1)]&amp;#27;[39m Calling AppiumDriver.findElement() with args: [&quot;id&quot;,&quot;com.example.android.testing.notes.mock:id/title&quot;,&quot;7ae98af1-f0c4-48bb-82e0-609d7d4c050b&quot;]
[debug] &amp;#27;[35m[BaseDriver]&amp;#27;[39m Valid locator strategies for this request: xpath, id, class name, accessibility id, css selector, -android uiautomator
[debug] &amp;#27;[35m[BaseDriver]&amp;#27;[39m Waiting up to 0 ms for condition
[debug] &amp;#27;[35m[WD Proxy]&amp;#27;[39m Matched &apos;/element&apos; to command name &apos;findElement&apos;
[debug] &amp;#27;[35m[WD Proxy]&amp;#27;[39m Proxying [POST /element] to [POST http://127.0.0.1:8200/wd/hub/session/015791bc-716d-4afa-9c1f-c27f676dbeb8/element] with body: {&quot;strategy&quot;:&quot;id&quot;,&quot;selector&quot;:&quot;com.example.android.testing.notes.mock:id/title&quot;,&quot;context&quot;:&quot;&quot;,&quot;multiple&quot;:false}
[debug] &amp;#27;[35m[WD Proxy]&amp;#27;[39m Got response with status 200: {&quot;sessionId&quot;:&quot;015791bc-716d-4afa-9c1f-c27f676dbeb8&quot;,&quot;value&quot;:{&quot;ELEMENT&quot;:&quot;00000000-0000-1bf1-ffff-ffff00000115&quot;,&quot;element-6066-11e4-a52e-4f735466cecf&quot;:&quot;00000000-0000-1bf1-ffff-ffff00000115&quot;}}
[debug] &amp;#27;[35m[W3C (7ae98af1)]&amp;#27;[39m Responding to client with driver.findElement() result: {&quot;element-6066-11e4-a52e-4f735466ce09:55:17.818 [AsyncHttpClient-1-2] DEBUG org.asynchttpclient.netty.handler.HttpHandler - 

Request DefaultHttpRequest(decodeResult: success, version: HTTP/1.1)
POST /wd/hub/session/7ae98af1-f0c4-48bb-82e0-609d7d4c050b/element HTTP/1.1
User-Agent: selenium/4.5.0 (java windows)
Content-Length: 86
Content-Type: application/json; charset=utf-8
host: 0.0.0.0:4723
accept: */*

Response DefaultHttpResponse(decodeResult: success, version: HTTP/1.1)
HTTP/1.1 200 OK
X-Powered-By: Express
Vary: X-HTTP-Method-Override
Content-Type: application/json; charset=utf-8
ETag: W/&quot;89-KYgZ6YbiKfGCJ5GBBGlwFLpkrUM&quot;
Date: Fri, 02 Dec 2022 04:25:17 GMT
Connection: keep-alive
Keep-Alive: timeout=600
content-length: 137

cf&quot;:&quot;00000000-0000-1bf1-ffff-ffff09:55:17.818 [AsyncHttpClient-1-2] DEBUG org.asynchttpclient.netty.channel.ChannelManager - Adding key: http://0.0.0.0:4723 for channel [id: 0x007e0974, L:/127.0.0.1:56617 - R:/127.0.0.1:4723]
00000115&quot;,&quot;ELEMENT&quot;:&quot;00000000-0000-1bf1-ffff-ffff00000115&quot;}
&amp;#27;[35m[HTTP]&amp;#27;[39m &amp;#27;[37m&lt;-- POST /wd/hub/session/7ae98af1-f0c4-48bb-82e0-609d7d4c050b/element &amp;#27;[39m&amp;#27;[32m200&amp;#27;[39m &amp;#27;[90m24 ms - 137&amp;#27;[39m
&amp;#27;[35m[HTTP]&amp;#27;[39m &amp;#27;[90m&amp;#27;[39m
09:55:17.819 [Forwarding isElementEnabled on session 7ae98af1-f0c4-48bb-82e0-609d7d4c050b to remote] DEBUG org.asynchttpclient.netty.request.NettyRequestSender - Using pooled Channel &apos;[id: 0x007e0974, L:/127.0.0.1:56617 - R:/127.0.0.1:4723]&apos; for &apos;GET&apos; to &apos;http://0.0.0.0:4723/wd/hub/session/7ae98af1-f0c4-48bb-82e0-609d7d4c050b/element/00000000-0000-1bf1-ffff-ffff00000115/enabled&apos;
09:55:17.819 [Forwarding isElementEnabled on session 7ae98af1-f0c4-48bb-82e0-609d7d4c050b to remote] DEBUG org.asynchttpclient.netty.request.NettyRequestSender - Using open Channel [id: 0x007e0974, L:/127.0.0.1:56617 - R:/127.0.0.1:4723] for GET &apos;/wd/hub/session/7ae98af1-f0c4-48bb-82e0-609d7d4c050b/element/00000000-0000-1bf1-ffff-ffff00000115/enabled&apos;
&amp;#27;[35m[HTTP]&amp;#27;[39m &amp;#27;[37m--&gt;&amp;#27;[39m &amp;#27;[37mGET&amp;#27;[39m &amp;#27;[37m/wd/hub/session/7ae98af1-f0c4-48bb-82e0-609d7d4c050b/element/00000000-0000-1bf1-ffff-ffff00000115/enabled&amp;#27;[39m
&amp;#27;[35m[HTTP]&amp;#27;[39m &amp;#27;[90m{}&amp;#27;[39m
[debug] &amp;#27;[35m[W3C (7ae98af1)]&amp;#27;[39m Calling AppiumDriver.elementEnabled() with args: [&quot;00000000-0000-1bf1-ffff-ffff00000115&quot;,&quot;7ae98af1-f0c4-48bb-82e0-609d7d4c050b&quot;]
[debug] &amp;#27;[35m[WD Proxy]&amp;#27;[39m Matched &apos;/element/00000000-0000-1bf1-ffff-ffff00000115/attribute/enabled&apos; to command name &apos;getAttribute&apos;
[debug] &amp;#27;[35m[WD Proxy]&amp;#27;[39m Proxying [GET /element/00000000-0000-1bf1-ffff-ffff00000115/attribute/enabled] to [GET http://127.0.0.1:8200/wd/hub/session/015791bc-716d-4afa-9c1f-c27f676dbeb8/element/00000000-0000-1bf1-ffff-ffff00000115/attribute/enabled] with no body
[debug] &amp;#27;[35m[WD Proxy]&amp;#27;[39m Got response with status 200: {&quot;sessionId&quot;:&quot;015791bc-716d-4afa-9c1f-c27f676dbeb8&quot;,&quot;value&quot;:&quot;true&quot;}
[debug] &amp;#27;[35m[W3C (7ae98af1)]&amp;#27;[39m Responding to client with driver.elementEnabled() result: true
09:55:17.835 [AsyncHttpClient-1-2] DEBUG org.asynchttpclient.netty.handler.HttpHandler - 

Request DefaultFullHttpRequest(decodeResult: success, version: HTTP/1.1, content: EmptyByteBufBE)
GET /wd/hub/session/7ae98af1-f0c4-48bb-82e0-609d7d4c050b/element/00000000-0000-1bf1-ffff-ffff00000115/enabled HTTP/1.1
User-Agent: selenium/4.5.0 (java windows)
Cache-Control: no-cache
Content-Type: application/json; charset=utf-8
host: 0.0.0.0:4723
accept: */*

Response DefaultHttpResponse(decodeResult: success, version: HTTP/1.1)
HTTP/1.1 200 OK
X-Powered-By: Express
Content-Type: application/json; charset=utf-8
ETag: W/&quot;e-2ZHvAWebNQpyjGZTg6uyV8/spTo&quot;
Date: Fri, 02 Dec 2022 04:25:17 GMT
Connection: keep-alive
Keep-Alive: timeout=600
content-length: 14

&amp;#27;[35m[HTTP]&amp;#27;[39m &amp;#27;[37m&lt;-- GET /wd/hub/sessi09:55:17.835 [AsyncHttpClient-1-2] DEBUG org.asynchttpclient.netty.channel.ChannelManager - Adding key: http://0.0.0.0:4723 for channel [id: 0x007e0974, L:/127.0.0.1:56617 - R:/127.0.0.1:4723]
on/7ae98af1-f0c4-48bb-82e0-609d7d4c050b/element/00000000-0000-1bf1-ffff-ffff00000115/enabled &amp;#27;[39m&amp;#27;[32m200&amp;#27;[39m &amp;#27;[90m13 ms - 14&amp;#27;[39m
&amp;#27;[35m[HTTP]&amp;#27;[39m &amp;#27;[90m&amp;#27;[39m
09:55:17.836 [Forwarding findElement on session 7ae98af1-f0c4-48bb-82e0-609d7d4c050b to remote] DEBUG org.asynchttpclient.netty.request.NettyRequestSender - Using pooled Channel &apos;[id: 0x007e0974, L:/127.0.0.1:56617 - R:/127.0.0.1:4723]&apos; for &apos;POST&apos; to &apos;http://0.0.0.0:4723/wd/hub/session/7ae98af1-f0c4-48bb-82e0-609d7d4c050b/element&apos;
09:55:17.836 [Forwarding findElement on session 7ae98af1-f0c4-48bb-82e0-609d7d4c050b to remote] DEBUG org.asynchttpclient.netty.request.NettyRequestSender - Using open Channel [id: 0x007e0974, L:/127.0.0.1:56617 - R:/127.0.0.1:4723] for POST &apos;/wd/hub/session/7ae98af1-f0c4-48bb-82e0-609d7d4c050b/element&apos;
&amp;#27;[35m[HTTP]&amp;#27;[39m &amp;#27;[37m--&gt;&amp;#27;[39m &amp;#27;[37mPOST&amp;#27;[39m &amp;#27;[37m/wd/hub/session/7ae98af1-f0c4-48bb-82e0-609d7d4c050b/element&amp;#27;[39m
&amp;#27;[35m[HTTP]&amp;#27;[39m &amp;#27;[90m{&quot;using&quot;:&quot;id&quot;,&quot;value&quot;:&quot;com.example.android.testing.notes.mock:id/title&quot;}&amp;#27;[39m
[debug] &amp;#27;[35m[W3C (7ae98af1)]&amp;#27;[39m Calling AppiumDriver.findElement() with args: [&quot;id&quot;,&quot;com.example.android.testing.notes.mock:id/title&quot;,&quot;7ae98af1-f0c4-48bb-82e0-609d7d4c050b&quot;]
[debug] &amp;#27;[35m[BaseDriver]&amp;#27;[39m Valid locator strategies for this request: xpath, id, class name, accessibility id, css selector, -android uiautomator
[debug] &amp;#27;[35m[BaseDriver]&amp;#27;[39m Waiting up to 0 ms for condition
[debug] &amp;#27;[35m[WD Proxy]&amp;#27;[39m Matched &apos;/element&apos; to command name &apos;findElement&apos;
[debug] &amp;#27;[35m[WD Proxy]&amp;#27;[39m Proxying [POST /element] to [POST http://127.0.0.1:8200/wd/hub/session/015791bc-716d-4afa-9c1f-c27f676dbeb8/element] with body: {&quot;strategy&quot;:&quot;id&quot;,&quot;selector&quot;:&quot;com.example.android.testing.notes.mock:id/title&quot;,&quot;context&quot;:&quot;&quot;,&quot;multiple&quot;:false}
[debug] &amp;#27;[35m[WD Proxy]&amp;#27;[39m Got response with status 200: {&quot;sessionId&quot;:&quot;015791bc-716d-4afa-9c1f-c27f676dbeb8&quot;,&quot;value&quot;:{&quot;ELEMENT&quot;:&quot;00000000-0000-1bf1-ffff-ffff00000115&quot;,&quot;element-6066-11e4-a52e-4f735466cecf&quot;:&quot;00000000-0000-1bf1-ffff-ffff00000115&quot;}}
09:55:17.860 [AsyncHttpClient-1-2] DEBUG org.asynchttpclient.netty.handler.HttpHandler - 

Request DefaultHttpRequest(decodeResult: success, version: HTTP/1.1)
POST /wd/hub/session/7ae98af1-f0c4-48bb-82e0-609d7d4c050b/element HTTP/1.1
User-Agent: selenium/4.5.0 (java windows)
Content-Length: 86
Content-Type: application/json; charset=utf-8
host: 0.0.0.0:4723
accept: */*

Response DefaultHttpResponse(decodeResult: success, version: HTTP/1.1)
HTTP/1.1 200 OK
X-Powered-By: Express
Vary: X-HTTP-Method-Override
Content-Type: application/json; charset=utf-8
ETag: W/&quot;89-KYgZ6YbiKfGCJ5GBBGlwFLpkrUM&quot;
Date: Fri, 02 Dec 2022 04:25:17 GMT
Connection: keep-alive
Keep-Alive: timeout=600
content-length: 137

[debug] &amp;#27;[35m[W3C (7ae98af1)]09:55:17.860 [AsyncHttpClient-1-2] DEBUG org.asynchttpclient.netty.channel.ChannelManager - Adding key: http://0.0.0.0:4723 for channel [id: 0x007e0974, L:/127.0.0.1:56617 - R:/127.0.0.1:4723]
&amp;#27;[39m Responding to client with driver.findElement() result: {&quot;element-6066-11e4-a52e-4f735466cecf&quot;:&quot;00000000-0000-1bf1-ffff-ffff00000115&quot;,&quot;ELEMENT&quot;:&quot;00000000-0000-1bf1-ffff-ffff00000115&quot;}
&amp;#27;[35m[HTTP]&amp;#27;[39m &amp;#27;[37m&lt;-- POST /wd/hub/session/7ae98af1-f0c4-48bb-82e0-609d7d4c050b/element &amp;#27;[39m&amp;#27;[32m200&amp;#27;[39m &amp;#27;[90m22 ms - 137&amp;#27;[39m
&amp;#27;[35m[HTTP]&amp;#27;[39m &amp;#27;[90m&amp;#27;[39m
09:55:17.861 [Forwarding clickElement on session 7ae98af1-f0c4-48bb-82e0-609d7d4c050b to remote] DEBUG org.asynchttpclient.netty.request.NettyRequestSender - Using pooled Channel &apos;[id: 0x007e0974, L:/127.0.0.1:56617 - R:/127.0.0.1:4723]&apos; for &apos;POST&apos; to &apos;http://0.0.0.0:4723/wd/hub/session/7ae98af1-f0c4-48bb-82e0-609d7d4c050b/element/00000000-0000-1bf1-ffff-ffff00000115/click&apos;
09:55:17.861 [Forwarding clickElement on session 7ae98af1-f0c4-48bb-82e0-609d7d4c050b to remote] DEBUG org.asynchttpclient.netty.request.NettyRequestSender - Using open Channel [id: 0x007e0974, L:/127.0.0.1:56617 - R:/127.0.0.1:4723] for POST &apos;/wd/hub/session/7ae98af1-f0c4-48bb-82e0-609d7d4c050b/element/00000000-0000-1bf1-ffff-ffff00000115/click&apos;
&amp;#27;[35m[HTTP]&amp;#27;[39m &amp;#27;[37m--&gt;&amp;#27;[39m &amp;#27;[37mPOST&amp;#27;[39m &amp;#27;[37m/wd/hub/session/7ae98af1-f0c4-48bb-82e0-609d7d4c050b/element/00000000-0000-1bf1-ffff-ffff00000115/click&amp;#27;[39m
&amp;#27;[35m[HTTP]&amp;#27;[39m &amp;#27;[90m{&quot;id&quot;:&quot;00000000-0000-1bf1-ffff-ffff00000115&quot;}&amp;#27;[39m
[debug] &amp;#27;[35m[W3C (7ae98af1)]&amp;#27;[39m Calling AppiumDriver.click() with args: [&quot;00000000-0000-1bf1-ffff-ffff00000115&quot;,&quot;7ae98af1-f0c4-48bb-82e0-609d7d4c050b&quot;]
[debug] &amp;#27;[35m[WD Proxy]&amp;#27;[39m Matched &apos;/element/00000000-0000-1bf1-ffff-ffff00000115/click&apos; to command name &apos;click&apos;
[debug] &amp;#27;[35m[WD Proxy]&amp;#27;[39m Proxying [POST /element/00000000-0000-1bf1-ffff-ffff00000115/click] to [POST http://127.0.0.1:8200/wd/hub/session/015791bc-716d-4afa-9c1f-c27f676dbeb8/element/00000000-0000-1bf1-ffff-ffff00000115/click] with body: {&quot;element&quot;:&quot;00000000-0000-1bf1-ffff-ffff00000115&quot;}
[debug] &amp;#27;[35m[WD Proxy]&amp;#27;[39m Got response with status 200: {&quot;sessionId&quot;:&quot;015791bc-716d-4afa-9c1f-c27f676dbeb8&quot;,&quot;value&quot;:null}
[debug] &amp;#27;[35m[W3C (7ae98af1)]&amp;#27;[39m Responding to client with09:55:19.062 [AsyncHttpClient-1-2] DEBUG org.asynchttpclient.netty.handler.HttpHandler - 

Request DefaultHttpRequest(decodeResult: success, version: HTTP/1.1)
POST /wd/hub/session/7ae98af1-f0c4-48bb-82e0-609d7d4c050b/element/00000000-0000-1bf1-ffff-ffff00000115/click HTTP/1.1
User-Agent: selenium/4.5.0 (java windows)
Content-Length: 50
Content-Type: application/json; charset=utf-8
host: 0.0.0.0:4723
accept: */*

Response DefaultHttpResponse(decodeResult: success, version: HTTP/1.1)
HTTP/1.1 200 OK
X-Powered-By: Express
Vary: X-HTTP-Method-Override
Content-Type: application/json; charset=utf-8
ETag: W/&quot;e-9/1BuKMgFObM1mWJm+YjxtXJnUM&quot;
Date: Fri, 02 Dec 2022 04:25:19 GMT
Connection: keep-alive
Keep-Alive: timeout=600
content-length: 14

 driver.click() result09:55:19.062 [AsyncHttpClient-1-2] DEBUG org.asynchttpclient.netty.channel.ChannelManager - Adding key: http://0.0.0.0:4723 for channel [id: 0x007e0974, L:/127.0.0.1:56617 - R:/127.0.0.1:4723]
: null
&amp;#27;[35m[HTTP]&amp;#27;[39m &amp;#27;[37m&lt;-- POST /wd/hub/session/7ae98af1-f0c4-48bb-82e0-609d7d4c050b/element/00000000-0000-1bf1-ffff-ffff00000115/click &amp;#27;[39m&amp;#27;[32m200&amp;#27;[39m &amp;#27;[90m1199 ms - 14&amp;#27;[39m
&amp;#27;[35m[HTTP]&amp;#27;[39m &amp;#27;[90m&amp;#27;[39m
  &amp;#27;[32mWhen &amp;#27;[0m&amp;#27;[32mI click on Add Image for new note&amp;#27;[0m                                &amp;#27;[90m# com.example.cocusmobiletest.stepdefinitions.NewNoteStepdefs.I_click_on_Add_Image_for_new_note()&amp;#27;[0m
09:55:19.066 [Forwarding findElement on session 7ae98af1-f0c4-48bb-82e0-609d7d4c050b to remote] DEBUG org.asynchttpclient.netty.request.NettyRequestSender - Using pooled Channel &apos;[id: 0x007e0974, L:/127.0.0.1:56617 - R:/127.0.0.1:4723]&apos; for &apos;POST&apos; to &apos;http://0.0.0.0:4723/wd/hub/session/7ae98af1-f0c4-48bb-82e0-609d7d4c050b/element&apos;
09:55:19.066 [Forwarding findElement on session 7ae98af1-f0c4-48bb-82e0-609d7d4c050b to remote] DEBUG org.asynchttpclient.netty.request.NettyRequestSender - Using open Channel [id: 0x007e0974, L:/127.0.0.1:56617 - R:/127.0.0.1:4723] for POST &apos;/wd/hub/session/7ae98af1-f0c4-48bb-82e0-609d7d4c050b/element&apos;
&amp;#27;[35m[HTTP]&amp;#27;[39m &amp;#27;[37m--&gt;&amp;#27;[39m &amp;#27;[37mPOST&amp;#27;[39m &amp;#27;[37m/wd/hub/session/7ae98af1-f0c4-48bb-82e0-609d7d4c050b/element&amp;#27;[39m
&amp;#27;[35m[HTTP]&amp;#27;[39m &amp;#27;[90m{&quot;using&quot;:&quot;id&quot;,&quot;value&quot;:&quot;com.example.android.testing.notes.mock:id/fab_add_notes&quot;}&amp;#27;[39m
[debug] &amp;#27;[35m[W3C (7ae98af1)]&amp;#27;[39m Calling AppiumDriver.findElement() with args: [&quot;id&quot;,&quot;com.example.android.testing.notes.mock:id/fab_add_notes&quot;,&quot;7ae98af1-f0c4-48bb-82e0-609d7d4c050b&quot;]
[debug] &amp;#27;[35m[BaseDriver]&amp;#27;[39m Valid locator strategies for this request: xpath, id, class name, accessibility id, css selector, -android uiautomator
[debug] &amp;#27;[35m[BaseDriver]&amp;#27;[39m Waiting up to 0 ms for condition
[debug] &amp;#27;[35m[WD Proxy]&amp;#27;[39m Matched &apos;/element&apos; to command name &apos;findElement&apos;
[debug] &amp;#27;[35m[WD Proxy]&amp;#27;[39m Proxying [POST /element] to [POST http://127.0.0.1:8200/wd/hub/session/015791bc-716d-4afa-9c1f-c27f676dbeb8/element] with body: {&quot;strategy&quot;:&quot;id&quot;,&quot;selector&quot;:&quot;com.example.android.testing.notes.mock:id/fab_add_notes&quot;,&quot;context&quot;:&quot;&quot;,&quot;multiple&quot;:false}
[debug] &amp;#27;[35m[WD Proxy]&amp;#27;[39m Got response with status 200: {&quot;sessionId&quot;:&quot;015791bc-716d-4afa-9c1f-c27f676dbeb8&quot;,&quot;value&quot;:{&quot;ELEMENT&quot;:&quot;00000000-0000-1bf3-ffff-ffff00000010&quot;,&quot;element-6066-11e4-a52e-4f735466cecf&quot;:&quot;00000000-0000-1bf3-ffff-ffff00000010&quot;}}
[debug] &amp;#27;[35m[W3C (7ae98af1)]&amp;#27;[39m Res09:55:19.121 [AsyncHttpClient-1-2] DEBUG org.asynchttpclient.netty.handler.HttpHandler - 

Request DefaultHttpRequest(decodeResult: success, version: HTTP/1.1)
POST /wd/hub/session/7ae98af1-f0c4-48bb-82e0-609d7d4c050b/element HTTP/1.1
User-Agent: selenium/4.5.0 (java windows)
Content-Length: 94
Content-Type: application/json; charset=utf-8
host: 0.0.0.0:4723
accept: */*

Response DefaultHttpResponse(decodeResult: success, version: HTTP/1.1)
HTTP/1.1 200 OK
X-Powered-By: Express
Vary: X-HTTP-Method-Override
Content-Type: application/json; charset=utf-8
ETag: W/&quot;89-RdInxYtvzTAqQbUirz8oV4QA+J4&quot;
Date: Fri, 02 Dec 2022 04:25:19 GMT
Connection: keep-alive
Keep-Alive: timeout=600
content-length: 137

ponding to client with driver.findElement() result: {&quot;element-6066-11e4-a52e-4f735466cecf&quot;:&quot;00000000-0000-1bf3-ffff-ffff00000010&quot;,&quot;ELEM09:55:19.121 [AsyncHttpClient-1-2] DEBUG org.asynchttpclient.netty.channel.ChannelManager - Adding key: http://0.0.0.0:4723 for channel [id: 0x007e0974, L:/127.0.0.1:56617 - R:/127.0.0.1:4723]
ENT&quot;:&quot;00000000-0000-1bf3-ffff-ffff00000010&quot;}
&amp;#27;[35m[HTTP]&amp;#27;[39m &amp;#27;[37m&lt;-- POST /wd/hub/session/7ae98af1-f0c4-48bb-82e0-609d7d4c050b/element &amp;#27;[39m&amp;#27;[32m200&amp;#27;[39m &amp;#27;[90m54 ms - 137&amp;#27;[39m
&amp;#27;[35m[HTTP]&amp;#27;[39m &amp;#27;[90m&amp;#27;[39m
09:55:19.122 [Forwarding isElementDisplayed on session 7ae98af1-f0c4-48bb-82e0-609d7d4c050b to remote] DEBUG org.asynchttpclient.netty.request.NettyRequestSender - Using pooled Channel &apos;[id: 0x007e0974, L:/127.0.0.1:56617 - R:/127.0.0.1:4723]&apos; for &apos;GET&apos; to &apos;http://0.0.0.0:4723/wd/hub/session/7ae98af1-f0c4-48bb-82e0-609d7d4c050b/element/00000000-0000-1bf3-ffff-ffff00000010/displayed&apos;
09:55:19.123 [Forwarding isElementDisplayed on session 7ae98af1-f0c4-48bb-82e0-609d7d4c050b to remote] DEBUG org.asynchttpclient.netty.request.NettyRequestSender - Using open Channel [id: 0x007e0974, L:/127.0.0.1:56617 - R:/127.0.0.1:4723] for GET &apos;/wd/hub/session/7ae98af1-f0c4-48bb-82e0-609d7d4c050b/element/00000000-0000-1bf3-ffff-ffff00000010/displayed&apos;
&amp;#27;[35m[HTTP]&amp;#27;[39m &amp;#27;[37m--&gt;&amp;#27;[39m &amp;#27;[37mGET&amp;#27;[39m &amp;#27;[37m/wd/hub/session/7ae98af1-f0c4-48bb-82e0-609d7d4c050b/element/00000000-0000-1bf3-ffff-ffff00000010/displayed&amp;#27;[39m
&amp;#27;[35m[HTTP]&amp;#27;[39m &amp;#27;[90m{}&amp;#27;[39m
[debug] &amp;#27;[35m[W3C (7ae98af1)]&amp;#27;[39m Calling AppiumDriver.elementDisplayed() with args: [&quot;00000000-0000-1bf3-ffff-ffff00000010&quot;,&quot;7ae98af1-f0c4-48bb-82e0-609d7d4c050b&quot;]
[debug] &amp;#27;[35m[WD Proxy]&amp;#27;[39m Matched &apos;/element/00000000-0000-1bf3-ffff-ffff00000010/attribute/displayed&apos; to command name &apos;getAttribute&apos;
[debug] &amp;#27;[35m[WD Proxy]&amp;#27;[39m Proxying [GET /element/00000000-0000-1bf3-ffff-ffff00000010/attribute/displayed] to [GET http://127.0.0.1:8200/wd/hub/session/015791bc-716d-4afa-9c1f-c27f676dbeb8/element/00000000-0000-1bf3-ffff-ffff00000010/attribute/displayed] with no body
[debug] &amp;#27;[35m[WD Proxy]&amp;#27;[39m Got response with status 200: {&quot;sessionId&quot;:&quot;015791bc-716d-4afa-9c1f-c27f676dbeb8&quot;,&quot;value&quot;:&quot;true&quot;}
[debug] &amp;#27;[35m[W3C (7ae98af1)]&amp;#27;[39m Responding to client with driver.elementDisplayed() result: true
09:55:19.139 [AsyncHttpClient-1-2] DEBUG org.asynchttpclient.netty.handler.HttpHandler - 

Request DefaultFullHttpRequest(decodeResult: success, version: HTTP/1.1, content: EmptyByteBufBE)
GET /wd/hub/session/7ae98af1-f0c4-48bb-82e0-609d7d4c050b/element/00000000-0000-1bf3-ffff-ffff00000010/displayed HTTP/1.1
User-Agent: selenium/4.5.0 (java windows)
Cache-Control: no-cache
Content-Type: application/json; charset=utf-8
host: 0.0.0.0:4723
accept: */*

Response DefaultHttpResponse(decodeResult: success, version: HTTP/1.1)
HTTP/1.1 200 OK
X-Powered-By: Express
Content-Type: application/json; charset=utf-8
ETag: W/&quot;e-2ZHvAWebNQpyjGZTg6uyV8/spTo&quot;
Date: Fri, 02 Dec 2022 04:25:19 GMT
Connection: keep-alive
Keep-Alive: timeout=600
content-length: 14

&amp;#27;[35m[HTTP]09:55:19.139 [AsyncHttpClient-1-2] DEBUG org.asynchttpclient.netty.channel.ChannelManager - Adding key: http://0.0.0.0:4723 for channel [id: 0x007e0974, L:/127.0.0.1:56617 - R:/127.0.0.1:4723]
&amp;#27;[39m &amp;#27;[37m&lt;-- GET /wd/hub/session/7ae98af1-f0c4-48bb-82e0-609d7d4c050b/element/00000000-0000-1bf3-ffff-ffff00000010/displayed &amp;#27;[39m&amp;#27;[32m200&amp;#27;[39m &amp;#27;[90m15 ms - 14&amp;#27;[39m
&amp;#27;[35m[HTTP]&amp;#27;[39m &amp;#27;[90m&amp;#27;[39m
09:55:19.140 [Forwarding findElement on session 7ae98af1-f0c4-48bb-82e0-609d7d4c050b to remote] DEBUG org.asynchttpclient.netty.request.NettyRequestSender - Using pooled Channel &apos;[id: 0x007e0974, L:/127.0.0.1:56617 - R:/127.0.0.1:4723]&apos; for &apos;POST&apos; to &apos;http://0.0.0.0:4723/wd/hub/session/7ae98af1-f0c4-48bb-82e0-609d7d4c050b/element&apos;
09:55:19.140 [Forwarding findElement on session 7ae98af1-f0c4-48bb-82e0-609d7d4c050b to remote] DEBUG org.asynchttpclient.netty.request.NettyRequestSender - Using open Channel [id: 0x007e0974, L:/127.0.0.1:56617 - R:/127.0.0.1:4723] for POST &apos;/wd/hub/session/7ae98af1-f0c4-48bb-82e0-609d7d4c050b/element&apos;
&amp;#27;[35m[HTTP]&amp;#27;[39m &amp;#27;[37m--&gt;&amp;#27;[39m &amp;#27;[37mPOST&amp;#27;[39m &amp;#27;[37m/wd/hub/session/7ae98af1-f0c4-48bb-82e0-609d7d4c050b/element&amp;#27;[39m
&amp;#27;[35m[HTTP]&amp;#27;[39m &amp;#27;[90m{&quot;using&quot;:&quot;id&quot;,&quot;value&quot;:&quot;com.example.android.testing.notes.mock:id/fab_add_notes&quot;}&amp;#27;[39m
[debug] &amp;#27;[35m[W3C (7ae98af1)]&amp;#27;[39m Calling AppiumDriver.findElement() with args: [&quot;id&quot;,&quot;com.example.android.testing.notes.mock:id/fab_add_notes&quot;,&quot;7ae98af1-f0c4-48bb-82e0-609d7d4c050b&quot;]
[debug] &amp;#27;[35m[BaseDriver]&amp;#27;[39m Valid locator strategies for this request: xpath, id, class name, accessibility id, css selector, -android uiautomator
[debug] &amp;#27;[35m[BaseDriver]&amp;#27;[39m Waiting up to 0 ms for condition
[debug] &amp;#27;[35m[WD Proxy]&amp;#27;[39m Matched &apos;/element&apos; to command name &apos;findElement&apos;
[debug] &amp;#27;[35m[WD Proxy]&amp;#27;[39m Proxying [POST /element] to [POST http://127.0.0.1:8200/wd/hub/session/015791bc-716d-4afa-9c1f-c27f676dbeb8/element] with body: {&quot;strategy&quot;:&quot;id&quot;,&quot;selector&quot;:&quot;com.example.android.testing.notes.mock:id/fab_add_notes&quot;,&quot;context&quot;:&quot;&quot;,&quot;multiple&quot;:false}
[debug] &amp;#27;[35m[WD Proxy]&amp;#27;[39m Got response with status 200: {&quot;sessionId&quot;:&quot;015791bc-716d-4afa-9c1f-c27f676dbeb8&quot;,&quot;value&quot;:{&quot;ELEMENT&quot;:&quot;00000000-0000-1bf3-ffff-ffff00000010&quot;,&quot;element-6066-11e4-a52e-4f735466cecf&quot;:&quot;00000000-0000-1bf3-ffff-ffff00000010&quot;}}
[debug] &amp;#27;[35m[W3C (7ae98af1)]&amp;#27;[39m Responding to client with driver.findElement() result: {&quot;element-6066-11e4-a52e-4f735466cecf&quot;:&quot;00000000-0000-1bf3-ffff-ffff00000010&quot;,&quot;ELEMENT&quot;:&quot;00000000-0000-1bf3-ffff-ffff00000010&quot;}
09:55:19.199 [AsyncHttpClient-1-2] DEBUG org.asynchttpclient.netty.handler.HttpHandler - 

Request DefaultHttpRequest(decodeResult: success, version: HTTP/1.1)
POST /wd/hub/session/7ae98af1-f0c4-48bb-82e0-609d7d4c050b/element HTTP/1.1
User-Agent: selenium/4.5.0 (java windows)
Content-Length: 94
Content-Type: application/json; charset=utf-8
host: 0.0.0.0:4723
accept: */*

Response DefaultHttpResponse(decodeResult: success, version: HTTP/1.1)
HTTP/1.1 200 OK
X-Powered-By: Express
Vary: X-HTTP-Method-Override
Content-Type: application/json; charset=utf-8
ETag: W/&quot;89-RdInxYtvzTAqQbUirz8oV4QA+J4&quot;
Date: Fri, 02 Dec 2022 04:25:19 GMT
Connection: keep-alive
Keep-Alive: timeout=600
content-length: 137

&amp;#27;[35m[HTTP]&amp;#27;[39m &amp;#27;[37m&lt;-- POST /wd/hub/session/7ae98af1-f0c4-48bb-82e0-60909:55:19.200 [AsyncHttpClient-1-2] DEBUG org.asynchttpclient.netty.channel.ChannelManager - Adding key: http://0.0.0.0:4723 for channel [id: 0x007e0974, L:/127.0.0.1:56617 - R:/127.0.0.1:4723]
d7d4c050b/element &amp;#27;[39m&amp;#27;[32m200&amp;#27;[39m &amp;#27;[90m57 ms - 137&amp;#27;[39m
&amp;#27;[35m[HTTP]&amp;#27;[39m &amp;#27;[90m&amp;#27;[39m
09:55:19.201 [Forwarding isElementEnabled on session 7ae98af1-f0c4-48bb-82e0-609d7d4c050b to remote] DEBUG org.asynchttpclient.netty.request.NettyRequestSender - Using pooled Channel &apos;[id: 0x007e0974, L:/127.0.0.1:56617 - R:/127.0.0.1:4723]&apos; for &apos;GET&apos; to &apos;http://0.0.0.0:4723/wd/hub/session/7ae98af1-f0c4-48bb-82e0-609d7d4c050b/element/00000000-0000-1bf3-ffff-ffff00000010/enabled&apos;
09:55:19.201 [Forwarding isElementEnabled on session 7ae98af1-f0c4-48bb-82e0-609d7d4c050b to remote] DEBUG org.asynchttpclient.netty.request.NettyRequestSender - Using open Channel [id: 0x007e0974, L:/127.0.0.1:56617 - R:/127.0.0.1:4723] for GET &apos;/wd/hub/session/7ae98af1-f0c4-48bb-82e0-609d7d4c050b/element/00000000-0000-1bf3-ffff-ffff00000010/enabled&apos;
&amp;#27;[35m[HTTP]&amp;#27;[39m &amp;#27;[37m--&gt;&amp;#27;[39m &amp;#27;[37mGET&amp;#27;[39m &amp;#27;[37m/wd/hub/session/7ae98af1-f0c4-48bb-82e0-609d7d4c050b/element/00000000-0000-1bf3-ffff-ffff00000010/enabled&amp;#27;[39m
&amp;#27;[35m[HTTP]&amp;#27;[39m &amp;#27;[90m{}&amp;#27;[39m
[debug] &amp;#27;[35m[W3C (7ae98af1)]&amp;#27;[39m Calling AppiumDriver.elementEnabled() with args: [&quot;00000000-0000-1bf3-ffff-ffff00000010&quot;,&quot;7ae98af1-f0c4-48bb-82e0-609d7d4c050b&quot;]
[debug] &amp;#27;[35m[WD Proxy]&amp;#27;[39m Matched &apos;/element/00000000-0000-1bf3-ffff-ffff00000010/attribute/enabled&apos; to command name &apos;getAttribute&apos;
[debug] &amp;#27;[35m[WD Proxy]&amp;#27;[39m Proxying [GET /element/00000000-0000-1bf3-ffff-ffff00000010/attribute/enabled] to [GET http://127.0.0.1:8200/wd/hub/session/015791bc-716d-4afa-9c1f-c27f676dbeb8/element/00000000-0000-1bf3-ffff-ffff00000010/attribute/enabled] with no body
[debug] &amp;#27;[35m[WD Proxy]&amp;#27;[39m Got response with status 200: {&quot;sessionId&quot;:&quot;015791bc-716d-4afa-9c1f-c27f676dbeb8&quot;,&quot;value&quot;:&quot;true&quot;}
[debug] &amp;#27;[35m[W3C (7ae98af1)]&amp;#27;[39m Responding to client with driver.elementEnabled() result: true
09:55:19.219 [AsyncHttpClient-1-2] DEBUG org.asynchttpclient.netty.handler.HttpHandler - 

Request DefaultFullHttpRequest(decodeResult: success, version: HTTP/1.1, content: EmptyByteBufBE)
GET /wd/hub/session/7ae98af1-f0c4-48bb-82e0-609d7d4c050b/element/00000000-0000-1bf3-ffff-ffff00000010/enabled HTTP/1.1
User-Agent: selenium/4.5.0 (java windows)
Cache-Control: no-cache
Content-Type: application/json; charset=utf-8
host: 0.0.0.0:4723
accept: */*

Response DefaultHttpResponse(decodeResult: success, version: HTTP/1.1)
HTTP/1.1 200 OK
X-Powered-By: Express
Content-Type: application/json; charset=utf-8
ETag: W/&quot;e-2ZHvAWebNQpyjGZTg6uyV8/spTo&quot;
Date: Fri, 02 Dec 2022 04:25:19 GMT
Connection: keep-alive
Keep-Alive: timeout=600
content-length: 14

&amp;#27;[35m[HTTP]09:55:19.220 [AsyncHttpClient-1-2] DEBUG org.asynchttpclient.netty.channel.ChannelManager - Adding key: http://0.0.0.0:4723 for channel [id: 0x007e0974, L:/127.0.0.1:56617 - R:/127.0.0.1:4723]
&amp;#27;[39m &amp;#27;[37m&lt;-- GET /wd/hub/session/7ae98af1-f0c4-48bb-82e0-609d7d4c050b/element/00000000-0000-1bf3-ffff-ffff00000010/enabled &amp;#27;[39m&amp;#27;[32m200&amp;#27;[39m &amp;#27;[90m17 ms - 14&amp;#27;[39m
&amp;#27;[35m[HTTP]&amp;#27;[39m &amp;#27;[90m&amp;#27;[39m
09:55:19.221 [Forwarding findElement on session 7ae98af1-f0c4-48bb-82e0-609d7d4c050b to remote] DEBUG org.asynchttpclient.netty.request.NettyRequestSender - Using pooled Channel &apos;[id: 0x007e0974, L:/127.0.0.1:56617 - R:/127.0.0.1:4723]&apos; for &apos;POST&apos; to &apos;http://0.0.0.0:4723/wd/hub/session/7ae98af1-f0c4-48bb-82e0-609d7d4c050b/element&apos;
09:55:19.221 [Forwarding findElement on session 7ae98af1-f0c4-48bb-82e0-609d7d4c050b to remote] DEBUG org.asynchttpclient.netty.request.NettyRequestSender - Using open Channel [id: 0x007e0974, L:/127.0.0.1:56617 - R:/127.0.0.1:4723] for POST &apos;/wd/hub/session/7ae98af1-f0c4-48bb-82e0-609d7d4c050b/element&apos;
&amp;#27;[35m[HTTP]&amp;#27;[39m &amp;#27;[37m--&gt;&amp;#27;[39m &amp;#27;[37mPOST&amp;#27;[39m &amp;#27;[37m/wd/hub/session/7ae98af1-f0c4-48bb-82e0-609d7d4c050b/element&amp;#27;[39m
&amp;#27;[35m[HTTP]&amp;#27;[39m &amp;#27;[90m{&quot;using&quot;:&quot;id&quot;,&quot;value&quot;:&quot;com.example.android.testing.notes.mock:id/fab_add_notes&quot;}&amp;#27;[39m
[debug] &amp;#27;[35m[W3C (7ae98af1)]&amp;#27;[39m Calling AppiumDriver.findElement() with args: [&quot;id&quot;,&quot;com.example.android.testing.notes.mock:id/fab_add_notes&quot;,&quot;7ae98af1-f0c4-48bb-82e0-609d7d4c050b&quot;]
[debug] &amp;#27;[35m[BaseDriver]&amp;#27;[39m Valid locator strategies for this request: xpath, id, class name, accessibility id, css selector, -android uiautomator
[debug] &amp;#27;[35m[BaseDriver]&amp;#27;[39m Waiting up to 0 ms for condition
[debug] &amp;#27;[35m[WD Proxy]&amp;#27;[39m Matched &apos;/element&apos; to command name &apos;findElement&apos;
[debug] &amp;#27;[35m[WD Proxy]&amp;#27;[39m Proxying [POST /element] to [POST http://127.0.0.1:8200/wd/hub/session/015791bc-716d-4afa-9c1f-c27f676dbeb8/element] with body: {&quot;strategy&quot;:&quot;id&quot;,&quot;selector&quot;:&quot;com.example.android.testing.notes.mock:id/fab_add_notes&quot;,&quot;context&quot;:&quot;&quot;,&quot;multiple&quot;:false}
[debug] &amp;#27;[35m[WD Proxy]&amp;#27;[39m Got response with status 200: {&quot;sessionId&quot;:&quot;015791bc-716d-4afa-9c1f-c27f676dbeb8&quot;,&quot;value&quot;:{&quot;ELEMENT&quot;:&quot;00000000-0000-1bf3-ffff-ffff00000010&quot;,&quot;element-6066-11e4-a52e-4f735466cecf&quot;:&quot;00000000-0000-1bf3-ffff-ffff00000010&quot;}}
[debug] &amp;#27;[35m[W3C (7ae98af1)]&amp;#27;[39m Responding to client with driver.findElement() result: {&quot;element-6066-11e4-a52e-4f735466cecf&quot;:&quot;00000000-0000-1bf3-ffff-ffff0009:55:19.269 [AsyncHttpClient-1-2] DEBUG org.asynchttpclient.netty.handler.HttpHandler - 

Request DefaultHttpRequest(decodeResult: success, version: HTTP/1.1)
POST /wd/hub/session/7ae98af1-f0c4-48bb-82e0-609d7d4c050b/element HTTP/1.1
User-Agent: selenium/4.5.0 (java windows)
Content-Length: 94
Content-Type: application/json; charset=utf-8
host: 0.0.0.0:4723
accept: */*

Response DefaultHttpResponse(decodeResult: success, version: HTTP/1.1)
HTTP/1.1 200 OK
X-Powered-By: Express
Vary: X-HTTP-Method-Override
Content-Type: application/json; charset=utf-8
ETag: W/&quot;89-RdInxYtvzTAqQbUirz8oV4QA+J4&quot;
Date: Fri, 02 Dec 2022 04:25:19 GMT
Connection: keep-alive
Keep-Alive: timeout=600
content-length: 137

000010&quot;,&quot;ELEMENT&quot;:&quot;00000000-0000-1bf3-ffff-ffff00000010&quot;}
09:55:19.269 [AsyncHttpClient-1-2] DEBUG org.asynchttpclient.netty.channel.ChannelManager - Adding key: http://0.0.0.0:4723 for channel [id: 0x007e0974, L:/127.0.0.1:56617 - R:/127.0.0.1:4723]
&amp;#27;[35m[HTTP]&amp;#27;[39m &amp;#27;[37m&lt;-- POST /wd/hub/session/7ae98af1-f0c4-48bb-82e0-609d7d4c050b/element &amp;#27;[39m&amp;#27;[32m200&amp;#27;[39m &amp;#27;[90m46 ms - 137&amp;#27;[39m
&amp;#27;[35m[HTTP]&amp;#27;[39m &amp;#27;[90m&amp;#27;[39m
09:55:19.270 [Forwarding isElementDisplayed on session 7ae98af1-f0c4-48bb-82e0-609d7d4c050b to remote] DEBUG org.asynchttpclient.netty.request.NettyRequestSender - Using pooled Channel &apos;[id: 0x007e0974, L:/127.0.0.1:56617 - R:/127.0.0.1:4723]&apos; for &apos;GET&apos; to &apos;http://0.0.0.0:4723/wd/hub/session/7ae98af1-f0c4-48bb-82e0-609d7d4c050b/element/00000000-0000-1bf3-ffff-ffff00000010/displayed&apos;
09:55:19.270 [Forwarding isElementDisplayed on session 7ae98af1-f0c4-48bb-82e0-609d7d4c050b to remote] DEBUG org.asynchttpclient.netty.request.NettyRequestSender - Using open Channel [id: 0x007e0974, L:/127.0.0.1:56617 - R:/127.0.0.1:4723] for GET &apos;/wd/hub/session/7ae98af1-f0c4-48bb-82e0-609d7d4c050b/element/00000000-0000-1bf3-ffff-ffff00000010/displayed&apos;
&amp;#27;[35m[HTTP]&amp;#27;[39m &amp;#27;[37m--&gt;&amp;#27;[39m &amp;#27;[37mGET&amp;#27;[39m &amp;#27;[37m/wd/hub/session/7ae98af1-f0c4-48bb-82e0-609d7d4c050b/element/00000000-0000-1bf3-ffff-ffff00000010/displayed&amp;#27;[39m
&amp;#27;[35m[HTTP]&amp;#27;[39m &amp;#27;[90m{}&amp;#27;[39m
[debug] &amp;#27;[35m[W3C (7ae98af1)]&amp;#27;[39m Calling AppiumDriver.elementDisplayed() with args: [&quot;00000000-0000-1bf3-ffff-ffff00000010&quot;,&quot;7ae98af1-f0c4-48bb-82e0-609d7d4c050b&quot;]
[debug] &amp;#27;[35m[WD Proxy]&amp;#27;[39m Matched &apos;/element/00000000-0000-1bf3-ffff-ffff00000010/attribute/displayed&apos; to command name &apos;getAttribute&apos;
[debug] &amp;#27;[35m[WD Proxy]&amp;#27;[39m Proxying [GET /element/00000000-0000-1bf3-ffff-ffff00000010/attribute/displayed] to [GET http://127.0.0.1:8200/wd/hub/session/015791bc-716d-4afa-9c1f-c27f676dbeb8/element/00000000-0000-1bf3-ffff-ffff00000010/attribute/displayed] with no body
[debug] &amp;#27;[35m[WD Proxy]&amp;#27;[39m Got response with status 200: {&quot;sessionId&quot;:&quot;015791bc-716d-4afa-9c1f-c27f676dbeb8&quot;,&quot;value&quot;:&quot;true&quot;}
[debug] &amp;#27;[35m[W3C (7ae98af1)]&amp;#27;[39m Responding to client with driver.elementDispla09:55:19.890 [AsyncHttpClient-1-2] DEBUG org.asynchttpclient.netty.handler.HttpHandler - 

Request DefaultFullHttpRequest(decodeResult: success, version: HTTP/1.1, content: EmptyByteBufBE)
GET /wd/hub/session/7ae98af1-f0c4-48bb-82e0-609d7d4c050b/element/00000000-0000-1bf3-ffff-ffff00000010/displayed HTTP/1.1
User-Agent: selenium/4.5.0 (java windows)
Cache-Control: no-cache
Content-Type: application/json; charset=utf-8
host: 0.0.0.0:4723
accept: */*

Response DefaultHttpResponse(decodeResult: success, version: HTTP/1.1)
HTTP/1.1 200 OK
X-Powered-By: Express
Content-Type: application/json; charset=utf-8
ETag: W/&quot;e-2ZHvAWebNQpyjGZTg6uyV8/spTo&quot;
Date: Fri, 02 Dec 2022 04:25:19 GMT
Connection: keep-alive
Keep-Alive: timeout=600
content-length: 14

yed() result: true
&amp;#27;[35m09:55:19.891 [AsyncHttpClient-1-2] DEBUG org.asynchttpclient.netty.channel.ChannelManager - Adding key: http://0.0.0.0:4723 for channel [id: 0x007e0974, L:/127.0.0.1:56617 - R:/127.0.0.1:4723]
[HTTP]&amp;#27;[39m &amp;#27;[37m&lt;-- GET /wd/hub/session/7ae98af1-f0c4-48bb-82e0-609d7d4c050b/element/00000000-0000-1bf3-ffff-ffff00000010/displayed &amp;#27;[39m&amp;#27;[32m200&amp;#27;[39m &amp;#27;[90m618 ms - 14&amp;#27;[39m
&amp;#27;[35m[HTTP]&amp;#27;[39m &amp;#27;[90m&amp;#27;[39m
09:55:19.893 [Forwarding findElement on session 7ae98af1-f0c4-48bb-82e0-609d7d4c050b to remote] DEBUG org.asynchttpclient.netty.request.NettyRequestSender - Using pooled Channel &apos;[id: 0x007e0974, L:/127.0.0.1:56617 - R:/127.0.0.1:4723]&apos; for &apos;POST&apos; to &apos;http://0.0.0.0:4723/wd/hub/session/7ae98af1-f0c4-48bb-82e0-609d7d4c050b/element&apos;
09:55:19.893 [Forwarding findElement on session 7ae98af1-f0c4-48bb-82e0-609d7d4c050b to remote] DEBUG org.asynchttpclient.netty.request.NettyRequestSender - Using open Channel [id: 0x007e0974, L:/127.0.0.1:56617 - R:/127.0.0.1:4723] for POST &apos;/wd/hub/session/7ae98af1-f0c4-48bb-82e0-609d7d4c050b/element&apos;
&amp;#27;[35m[HTTP]&amp;#27;[39m &amp;#27;[37m--&gt;&amp;#27;[39m &amp;#27;[37mPOST&amp;#27;[39m &amp;#27;[37m/wd/hub/session/7ae98af1-f0c4-48bb-82e0-609d7d4c050b/element&amp;#27;[39m
&amp;#27;[35m[HTTP]&amp;#27;[39m &amp;#27;[90m{&quot;using&quot;:&quot;id&quot;,&quot;value&quot;:&quot;com.example.android.testing.notes.mock:id/fab_add_notes&quot;}&amp;#27;[39m
[debug] &amp;#27;[35m[W3C (7ae98af1)]&amp;#27;[39m Calling AppiumDriver.findElement() with args: [&quot;id&quot;,&quot;com.example.android.testing.notes.mock:id/fab_add_notes&quot;,&quot;7ae98af1-f0c4-48bb-82e0-609d7d4c050b&quot;]
[debug] &amp;#27;[35m[BaseDriver]&amp;#27;[39m Valid locator strategies for this request: xpath, id, class name, accessibility id, css selector, -android uiautomator
[debug] &amp;#27;[35m[BaseDriver]&amp;#27;[39m Waiting up to 0 ms for condition
[debug] &amp;#27;[35m[WD Proxy]&amp;#27;[39m Matched &apos;/element&apos; to command name &apos;findElement&apos;
[debug] &amp;#27;[35m[WD Proxy]&amp;#27;[39m Proxying [POST /element] to [POST http://127.0.0.1:8200/wd/hub/session/015791bc-716d-4afa-9c1f-c27f676dbeb8/element] with body: {&quot;strategy&quot;:&quot;id&quot;,&quot;selector&quot;:&quot;com.example.android.testing.notes.mock:id/fab_add_notes&quot;,&quot;context&quot;:&quot;&quot;,&quot;multiple&quot;:false}
[debug] &amp;#27;[35m[WD Proxy]&amp;#27;[39m Got response with status 200: {&quot;sessionId&quot;:&quot;015791bc-716d-4afa-9c1f-c27f676dbeb8&quot;,&quot;value&quot;:{&quot;ELEMENT&quot;:&quot;00000000-0000-1bf3-ffff-ffff00000010&quot;,&quot;element-6066-11e4-a52e-4f735466cecf&quot;:&quot;00000000-0000-1bf3-ffff-ffff00000010&quot;}}
[debug] &amp;#27;[35m[W3C (7ae98af1)]&amp;#27;[39m 09:55:19.956 [AsyncHttpClient-1-2] DEBUG org.asynchttpclient.netty.handler.HttpHandler - 

Request DefaultHttpRequest(decodeResult: success, version: HTTP/1.1)
POST /wd/hub/session/7ae98af1-f0c4-48bb-82e0-609d7d4c050b/element HTTP/1.1
User-Agent: selenium/4.5.0 (java windows)
Content-Length: 94
Content-Type: application/json; charset=utf-8
host: 0.0.0.0:4723
accept: */*

Response DefaultHttpResponse(decodeResult: success, version: HTTP/1.1)
HTTP/1.1 200 OK
X-Powered-By: Express
Vary: X-HTTP-Method-Override
Content-Type: application/json; charset=utf-8
ETag: W/&quot;89-RdInxYtvzTAqQbUirz8oV4QA+J4&quot;
Date: Fri, 02 Dec 2022 04:25:19 GMT
Connection: keep-alive
Keep-Alive: timeout=600
content-length: 137

Responding to client with driver09:55:19.956 [AsyncHttpClient-1-2] DEBUG org.asynchttpclient.netty.channel.ChannelManager - Adding key: http://0.0.0.0:4723 for channel [id: 0x007e0974, L:/127.0.0.1:56617 - R:/127.0.0.1:4723]
.findElement() result: {&quot;element-6066-11e4-a52e-4f735466cecf&quot;:&quot;00000000-0000-1bf3-ffff-ffff00000010&quot;,&quot;ELEMENT&quot;:&quot;00000000-0000-1bf3-ffff-ffff00000010&quot;}
&amp;#27;[35m[HTTP]&amp;#27;[39m &amp;#27;[37m&lt;-- POST /wd/hub/session/7ae98af1-f0c4-48bb-82e0-609d7d4c050b/element &amp;#27;[39m&amp;#27;[32m20009:55:19.957 [Forwarding isElementEnabled on session 7ae98af1-f0c4-48bb-82e0-609d7d4c050b to remote] DEBUG org.asynchttpclient.netty.request.NettyRequestSender - Using pooled Channel &apos;[id: 0x007e0974, L:/127.0.0.1:56617 - R:/127.0.0.1:4723]&apos; for &apos;GET&apos; to &apos;http://0.0.0.0:4723/wd/hub/session/7ae98af1-f0c4-48bb-82e0-609d7d4c050b/element/00000000-0000-1bf3-ffff-ffff00000010/enabled&apos;
&amp;#27;[39m &amp;#27;[90m61 ms - 137&amp;#27;[39m
09:55:19.957 [Forwarding isElementEnabled on session 7ae98af1-f0c4-48bb-82e0-609d7d4c050b to remote] DEBUG org.asynchttpclient.netty.request.NettyRequestSender - Using open Channel [id: 0x007e0974, L:/127.0.0.1:56617 - R:/127.0.0.1:4723] for GET &apos;/wd/hub/session/7ae98af1-f0c4-48bb-82e0-609d7d4c050b/element/00000000-0000-1bf3-ffff-ffff00000010/enabled&apos;
&amp;#27;[35m[HTTP]&amp;#27;[39m &amp;#27;[90m&amp;#27;[39m
&amp;#27;[35m[HTTP]&amp;#27;[39m &amp;#27;[37m--&gt;&amp;#27;[39m &amp;#27;[37mGET&amp;#27;[39m &amp;#27;[37m/wd/hub/session/7ae98af1-f0c4-48bb-82e0-609d7d4c050b/element/00000000-0000-1bf3-ffff-ffff00000010/enabled&amp;#27;[39m
&amp;#27;[35m[HTTP]&amp;#27;[39m &amp;#27;[90m{}&amp;#27;[39m
[debug] &amp;#27;[35m[W3C (7ae98af1)]&amp;#27;[39m Calling AppiumDriver.elementEnabled() with args: [&quot;00000000-0000-1bf3-ffff-ffff00000010&quot;,&quot;7ae98af1-f0c4-48bb-82e0-609d7d4c050b&quot;]
[debug] &amp;#27;[35m[WD Proxy]&amp;#27;[39m Matched &apos;/element/00000000-0000-1bf3-ffff-ffff00000010/attribute/enabled&apos; to command name &apos;getAttribute&apos;
[debug] &amp;#27;[35m[WD Proxy]&amp;#27;[39m Proxying [GET /element/00000000-0000-1bf3-ffff-ffff00000010/attribute/enabled] to [GET http://127.0.0.1:8200/wd/hub/session/015791bc-716d-4afa-9c1f-c27f676dbeb8/element/00000000-0000-1bf3-ffff-ffff00000010/attribute/enabled] with no body
[debug] &amp;#27;[35m[WD Proxy]&amp;#27;[39m Got response with status 200: {&quot;sessionId&quot;:&quot;015791bc-716d-4afa-9c1f-c27f676dbeb8&quot;,&quot;value&quot;:&quot;true&quot;}
[debug] &amp;#27;[35m[W3C (7ae98af1)]&amp;#27;[39m Responding to client with driver.elementEnabled() result: true
09:55:19.977 [AsyncHttpClient-1-2] DEBUG org.asynchttpclient.netty.handler.HttpHandler - 

Request DefaultFullHttpRequest(decodeResult: success, version: HTTP/1.1, content: EmptyByteBufBE)
GET /wd/hub/session/7ae98af1-f0c4-48bb-82e0-609d7d4c050b/element/00000000-0000-1bf3-ffff-ffff00000010/enabled HTTP/1.1
User-Agent: selenium/4.5.0 (java windows)
Cache-Control: no-cache
Content-Type: application/json; charset=utf-8
host: 0.0.0.0:4723
accept: */*

Response DefaultHttpResponse(decodeResult: success, version: HTTP/1.1)
HTTP/1.1 200 OK
X-Powered-By: Express
Content-Type: application/json; charset=utf-8
ETag: W/&quot;e-2ZHvAWebNQpyjGZTg6uyV8/spTo&quot;
Date: Fri, 02 Dec 2022 04:25:19 GMT
Connection: keep-alive
Keep-Alive: timeout=600
content-length: 14

09:55:19.977 [AsyncHttpClient-1-2] DEBUG org.asynchttpclient.netty.channel.ChannelManager - Adding key: http://0.0.0.0:4723 for channel [id: 0x007e0974, L:/127.0.0.1:56617 - R:/127.0.0.1:4723]
&amp;#27;[35m[HTTP]&amp;#27;[39m &amp;#27;[37m&lt;-- GET /wd/hub/session/7ae98af1-f0c4-48bb-82e0-609d7d4c050b/element/00000000-0000-1bf3-ffff-ffff00000010/enabled &amp;#27;[39m&amp;#27;[32m200&amp;#27;[39m &amp;#27;[90m19 ms - 14&amp;#27;[39m
&amp;#27;[35m[HTTP]&amp;#27;[39m &amp;#27;[90m&amp;#27;[39m
09:55:19.978 [Forwarding findElements on session 7ae98af1-f0c4-48bb-82e0-609d7d4c050b to remote] DEBUG org.asynchttpclient.netty.request.NettyRequestSender - Using pooled Channel &apos;[id: 0x007e0974, L:/127.0.0.1:56617 - R:/127.0.0.1:4723]&apos; for &apos;POST&apos; to &apos;http://0.0.0.0:4723/wd/hub/session/7ae98af1-f0c4-48bb-82e0-609d7d4c050b/elements&apos;
09:55:19.979 [Forwarding findElements on session 7ae98af1-f0c4-48bb-82e0-609d7d4c050b to remote] DEBUG org.asynchttpclient.netty.request.NettyRequestSender - Using open Channel [id: 0x007e0974, L:/127.0.0.1:56617 - R:/127.0.0.1:4723] for POST &apos;/wd/hub/session/7ae98af1-f0c4-48bb-82e0-609d7d4c050b/elements&apos;
&amp;#27;[35m[HTTP]&amp;#27;[39m &amp;#27;[37m--&gt;&amp;#27;[39m &amp;#27;[37mPOST&amp;#27;[39m &amp;#27;[37m/wd/hub/session/7ae98af1-f0c4-48bb-82e0-609d7d4c050b/elements&amp;#27;[39m
&amp;#27;[35m[HTTP]&amp;#27;[39m &amp;#27;[90m{&quot;using&quot;:&quot;id&quot;,&quot;value&quot;:&quot;com.example.android.testing.notes.mock:id/note_detail_title&quot;}&amp;#27;[39m
[debug] &amp;#27;[35m[W3C (7ae98af1)]&amp;#27;[39m Calling AppiumDriver.findElements() with args: [&quot;id&quot;,&quot;com.example.android.testing.notes.mock:id/note_detail_title&quot;,&quot;7ae98af1-f0c4-48bb-82e0-609d7d4c050b&quot;]
[debug] &amp;#27;[35m[BaseDriver]&amp;#27;[39m Valid locator strategies for this request: xpath, id, class name, accessibility id, css selector, -android uiautomator
[debug] &amp;#27;[35m[BaseDriver]&amp;#27;[39m Waiting up to 0 ms for condition
[debug] &amp;#27;[35m[WD Proxy]&amp;#27;[39m Matched &apos;/elements&apos; to command name &apos;findElements&apos;
[debug] &amp;#27;[35m[WD Proxy]&amp;#27;[39m Proxying [POST /elements] to [POST http://127.0.0.1:8200/wd/hub/session/015791bc-716d-4afa-9c1f-c27f676dbeb8/elements] with body: {&quot;strategy&quot;:&quot;id&quot;,&quot;selector&quot;:&quot;com.example.android.testing.notes.mock:id/note_detail_title&quot;,&quot;context&quot;:&quot;&quot;,&quot;multiple&quot;:true}
[debug] &amp;#27;[35m[WD Proxy]&amp;#27;[39m Got response with status 200: {&quot;sessionId&quot;:&quot;015791bc-716d-4afa-9c1f-c27f676dbeb8&quot;,&quot;value&quot;:[]}
[debug] &amp;#27;[35m[W3C (7ae98af1)]&amp;#27;[39m Responding to client with driver.findElements() result: []
09:55:20.027 [AsyncHttpClient-1-2] DEBUG org.asynchttpclient.netty.handler.HttpHandler - 

Request DefaultHttpRequest(decodeResult: success, version: HTTP/1.1)
POST /wd/hub/session/7ae98af1-f0c4-48bb-82e0-609d7d4c050b/elements HTTP/1.1
User-Agent: selenium/4.5.0 (java windows)
Content-Length: 98
Content-Type: application/json; charset=utf-8
host: 0.0.0.0:4723
accept: */*

Response DefaultHttpResponse(decodeResult: success, version: HTTP/1.1)
HTTP/1.1 200 OK
X-Powered-By: Express
Vary: X-HTTP-Method-Override
Content-Type: application/json; charset=utf-8
ETag: W/&quot;c-ct3goOI+b+kRZv2R9j2fTtMXwkk&quot;
Date: Fri, 02 Dec 2022 04:25:20 GMT
Connection: keep-alive
Keep-Alive: timeout=600
content-length: 12

09:55:20.027 [AsyncHttpClient-1-2] DEBUG org.asynchttpclient.netty.channel.ChannelManager - Adding key: http://0.0.0.0:4723 for channel [id: 0x007e0974, L:/127.0.0.1:56617 - R:/127.0.0.1:4723]
&amp;#27;[35m[HTTP]&amp;#27;[39m &amp;#27;[37m&lt;-- POST /wd/hub/session/7ae98af1-f0c4-48bb-82e0-609d7d4c050b/elements &amp;#27;[39m&amp;#27;[32m200&amp;#27;[39m &amp;#27;[90m46 ms - 12&amp;#27;[39m
&amp;#27;[35m[HTTP]&amp;#27;[39m &amp;#27;[90m&amp;#27;[39m
  &amp;#27;[31mThen &amp;#27;[0m&amp;#27;[31mVerify note is added successfully with title and description&amp;#27;[0m     &amp;#27;[90m# com.example.cocusmobiletest.stepdefinitions.NewNoteStepdefs.Verify_note_is_added_successfully_with_title_and_description()&amp;#27;[0m
      &amp;#27;[31mjava.lang.AssertionError: Expected Note with title and description not present
	at org.junit.Assert.fail(Assert.java:88)
	at org.junit.Assert.assertTrue(Assert.java:41)
	at com.example.cocusmobiletest.stepdefinitions.NewNoteStepdefs.Verify_note_is_added_successfully_with_title_and_description(NewNoteStepdefs.java:68)
	at Ã¢Å“Â½.Verify note is added successfully with title and description(file:///C:/SagarV/Projects/COCUS-Challenge/cocus-mobiletest-challenge/cocus-mobile-test/src/test/resources/features/AddNotes.feature:43)
&amp;#27;[0m
09:55:20.029 [Forwarding screenshot on session 7ae98af1-f0c4-48bb-82e0-609d7d4c050b to remote] DEBUG org.asynchttpclient.netty.request.NettyRequestSender - Using pooled Channel &apos;[id: 0x007e0974, L:/127.0.0.1:56617 - R:/127.0.0.1:4723]&apos; for &apos;GET&apos; to &apos;http://0.0.0.0:4723/wd/hub/session/7ae98af1-f0c4-48bb-82e0-609d7d4c050b/screenshot&apos;
09:55:20.029 [Forwarding screenshot on session 7ae98af1-f0c4-48bb-82e0-609d7d4c050b to remote] DEBUG org.asynchttpclient.netty.request.NettyRequestSender - Using open Channel [id: 0x007e0974, L:/127.0.0.1:56617 - R:/127.0.0.1:4723] for GET &apos;/wd/hub/session/7ae98af1-f0c4-48bb-82e0-609d7d4c050b/screenshot&apos;
&amp;#27;[35m[HTTP]&amp;#27;[39m &amp;#27;[37m--&gt;&amp;#27;[39m &amp;#27;[37mGET&amp;#27;[39m &amp;#27;[37m/wd/hub/session/7ae98af1-f0c4-48bb-82e0-609d7d4c050b/screenshot&amp;#27;[39m
&amp;#27;[35m[HTTP]&amp;#27;[39m &amp;#27;[90m{}&amp;#27;[39m
[debug] &amp;#27;[35m[W3C (7ae98af1)]&amp;#27;[39m Calling AppiumDriver.getScreenshot() with args: [&quot;7ae98af1-f0c4-48bb-82e0-609d7d4c050b&quot;]
[debug] &amp;#27;[35m[WD Proxy]&amp;#27;[39m Matched &apos;/screenshot&apos; to command name &apos;getScreenshot&apos;
[debug] &amp;#27;[35m[WD Proxy]&amp;#27;[39m Proxying [GET /screenshot] to [GET http://127.0.0.1:8200/wd/hub/session/015791bc-716d-4afa-9c1f-c27f676dbeb8/screenshot] with no body
[debug] &amp;#27;[35m[WD Proxy]&amp;#27;[39m Got response with status 200: {&quot;sessionId&quot;:&quot;015791bc-716d-4afa-9c1f-c27f676dbeb8&quot;,&quot;value&quot;:&quot;iVBORw0KGgoAAAANSUhEUgAABDgAAAlgCAYAAABtGofVAAAAAXNSR0IArs4c6QAAAARzQklUCAgI\nCHwIZIgAACAASURBVHic7N13XBP3/wfw1zHCCIQlxIVicLPcCm4FRK11tdI62tqvq9vV1vbXOtp+\nu5yt37ZWW23raLXuakVxD3APEDfIEAWUIRBmyP3+CLnkSAIJSYDI+/l4fL8ll7vPXfBIcu97f95v\nBr26syCEEEIIIYQQQgixYFb1fQCEEEIIIYQQQgghxqIAByGEEEIIIYQ09:55:20.360 [AsyncHttpClient-1-2] DEBUG org.asynchttpclient.netty.handler.HttpHandler - 

Request DefaultFullHttpRequest(decodeResult: success, version: HTTP/1.1, content: EmptyByteBufBE)
GET /wd/hub/session/7ae98af1-f0c4-48bb-82e0-609d7d4c050b/screenshot HTTP/1.1
User-Agent: selenium/4.5.0 (java windows)
Cache-Control: no-cache
Content-Type: application/json; charset=utf-8
host: 0.0.0.0:4723
accept: */*

Response DefaultHttpResponse(decodeResult: success, version: HTTP/1.1)
HTTP/1.1 200 OK
X-Powered-By: Express
Content-Type: application/json; charset=utf-8
ETag: W/&quot;122fa-e+5YHFd6o+L9yAEZT2getCuL6is&quot;
Date: Fri, 02 Dec 2022 04:25:20 GMT
Connection: keep-alive
Keep-Alive: timeout=600
content-length: 74490

QQiweBTgIIYQQQgghhBBi\n8SjAQQghhBBCCCGEEItHAQ5CCCGEEEIIIYRYPApwEEIIIYQQQgghxOJRgIMQQgghhBBCCCEWjwIc\nhBBCCCGEEEIIsXgU4CCEEEIIIYQQQojFowAHI09:55:20.361 [AsyncHttpClient-1-2] DEBUG org.asynchttpclient.netty.channel.ChannelManager - Adding key: http://0.0.0.0:4723 for channel [id: 0x007e0974, L:/127.0.0.1:56617 - R:/127.0.0.1:4723]
YQQQgghhBBCLB4FOAghhBBCCCGEEGLxKMBBCCGE\nEEIIIYQQi0cBDkIIIYQQQgghhFg8CnAQQgghhBBCCCHE4lGAgxBCCCGEEEIIIRaPAhyEEEIIIYQQ\nQgixeBTgIIQQQgghhBBCiMWjAAchhBBCCCGEEEIsHgU4CCGEEEIIIYQQYvEowEEIIYQQQgghhBCL\nRwEOQgghhBBCCCGEWDwKcBBCCCGEEEIIIcTiUYCDEEIIIYQQQgghFo8CHIQQQgghhBBCCLF4FOAg\nhBBCCCGEEEKIxaMAByGEEEIIIYQQQiweBTgIIYQQQgghhBBi8SjAQQghhBBCCCGEEItHAQ5CCCGE\nkAZKJBRi2ugxmBAaVt+HQgghhDR41mjRfHF9HwQhhBBCCNG0b8V3iAwNQ0RwCIIDAxEVG4PS8vL6\nPiyLFxkWjlVz5qFMVo6EpESDtl05Zy42fLoIDx5nGbxtQ+fk4Ag3kTMYMCiT0XlGCLE8DHp1Z+v7\nIAghhBBCCJ+3WIxz63/nLUtI...
[debug] &amp;#27;[35m[W3C (7ae98af1)]&amp;#27;[39m Responding to client 
    Embedding Note are Persisted after Add Image [image/png 54426 bytes]

with driver.getScreenshot() result: &quot;iVBORw0KGgoAAAANSUhEUgAABDgAAAlgCAYAAABtGofVAAAAAXNSR0IArs4c6QAAAARzQklUCAgI\nCHwIZIgAACAASURBVHic7N13XBP3/wfw1zHCCIQlxIVicLPcCm4FRK11tdI62tqvq9vV1vbXOtp+\nu5yt37ZWW23raLXuakVxD3APEDfIEAWUIRBmyP3+CLnkSAIJSYDI+/l4fL8ll7vPXfBIcu97f95v\nBr26syCEEEIIIYQQQgixYFb1fQCEEEIIIYQQQgghxqIAByGE</system-out>
  </testcase>
  <testcase classname="Add Notes" name="Verify Number of Notes Count" time="28.977"/>
  <testcase classname="Add Notes" name="Notes are saved after Restarting App" time="27.921">
    <failure message="Note count is not as expected expected:&lt;3&gt; but was:&lt;0&gt;" type="java.lang.AssertionError">java.lang.AssertionError: Note count is not as expected expected:&lt;3&gt; but was:&lt;0&gt;
	at org.junit.Assert.fail(Assert.java:88)
	at org.junit.Assert.failNotEquals(Assert.java:743)
	at org.junit.Assert.assertEquals(Assert.java:118)
	at com.example.cocusmobiletest.stepdefinitions.NewNoteStepdefs.Verify_Note_count_is(NewNoteStepdefs.java:110)
	at âœ½.Verify Note count is &quot;3&quot;(file:///C:/SagarV/Projects/COCUS-Challenge/cocus-mobiletest-challenge/cocus-mobile-test/src/test/resources/features/AddNotes.feature:61)
</failure>
    <system-out>Vbrql2uWttfXV3a\nOrDza9Vqq2KrdaDViuIe4B4guJHhAFRA9khyvz9CLrnkAlmAyOfZhyV3+dzn7sKRu8/r836/3hS6\n+tEgEAgEAoFAIBAIBAKBQKjF8Gr6AAgEAoFAIBAIBAKBQCAQzIUIHAQCgUAgEAgEAoFAIBBqPUTg\nIBAIBAKBQCAQCAQCgVDrIQIHgUAgEAgEAoFAIBAIhFoPETgIBAKBQCAQCAQCgUAg1HqIwEEgEAgE\nAoFAIBAIBAKh1kMEDgKBQCAQCAQCgUAgEAi1HiJwEAgEAoFAIBAIBAKBQKj1EIGDQCAQCAQCgUAg\nEAgEQq2HCBwEAoFAIBAIBAKBQCAQaj1E4CAQCAQCgUAgEAgEAoFQ6yECB4FAIBAIBAKBQCAQCIRa\nDxE4CAQCgUAgEAgEAoFAINR6iMBBIBAIBAKBQCAQCAQCodZDBA4CgUAgEAgEAoFAIBAItR4icBAI\nBAKBQCAQCAQCgUCo9RCBg0AgEAgEAoFAIBAIBEKthwgcBAKBQCAQCAQCgUAgEGo9ROAgEAgEAoFA\nIBAIBAKBUOshAgeBQCAQCAQCgUAgEAiEWg8ROAgEAoFAIBAIBAKBQCDUeojAQSAQCAQCgUAgEAgE\nAqHWQwQOAoFAIBAIBAKBQCAQCLUeInAQCAQCgUAgEAgEAoFAqPUQgYNAIBAIBAKBQCAQCARCrYcI\nHAQCgUAgEAgEAoFAIBBqPUTgIBAIBAKBQCAQCAQCgVDrIQIHgUAgEAgEAoFAIBAIhFoPETgIBAKB\nQCAQCAQCgUAg1HqIwEEgEAgEAoFAIBAIBAKh1kMEDgKBQCAQCAQCgUAgEAi1HiJwEAgEAoFAILyi\niEUiTB...
&amp;#27;[35m[HTTP]&amp;#27;[39m &amp;#27;[37m&lt;-- GET /wd/hub/session/7ae98af1-f0c4-48bb-82e0-609d7d4c050b/screenshot &amp;#27;[39m&amp;#27;[32m200&amp;#27;[39m &amp;#27;[90m205 ms - 78054&amp;#27;[39m
&amp;#27;[35m[HTTP]&amp;#27;[39m &amp;#27;[90m&amp;#27;[39m

@sanity
Scenario: Notes are saved after Restarting App &amp;#27;[90m# src/test/resources/features/AddNotes.feature:54&amp;#27;[0m
09:55:49.385 [Forwarding findElement on session 7ae98af1-f0c4-48bb-82e0-609d7d4c050b to remote] DEBUG org.asynchttpclient.netty.request.NettyRequestSender - Using pooled Channel &apos;[id: 0x007e0974, L:/127.0.0.1:56617 - R:/127.0.0.1:4723]&apos; for &apos;POST&apos; to &apos;http://0.0.0.0:4723/wd/hub/session/7ae98af1-f0c4-48bb-82e0-609d7d4c050b/element&apos;
09:55:49.385 [Forwarding findElement on session 7ae98af1-f0c4-48bb-82e0-609d7d4c050b to remote] DEBUG org.asynchttpclient.netty.request.NettyRequestSender - Using open Channel [id: 0x007e0974, L:/127.0.0.1:56617 - R:/127.0.0.1:4723] for POST &apos;/wd/hub/session/7ae98af1-f0c4-48bb-82e0-609d7d4c050b/element&apos;
&amp;#27;[35m[HTTP]&amp;#27;[39m &amp;#27;[37m--&gt;&amp;#27;[39m &amp;#27;[37mPOST&amp;#27;[39m &amp;#27;[37m/wd/hub/session/7ae98af1-f0c4-48bb-82e0-609d7d4c050b/element&amp;#27;[39m
&amp;#27;[35m[HTTP]&amp;#27;[39m &amp;#27;[90m{&quot;using&quot;:&quot;id&quot;,&quot;value&quot;:&quot;com.example.android.testing.notes.mock:id/fab_add_notes&quot;}&amp;#27;[39m
[debug] &amp;#27;[35m[W3C (7ae98af1)]&amp;#27;[39m Calling AppiumDriver.findElement() with args: [&quot;id&quot;,&quot;com.example.android.testing.notes.mock:id/fab_add_notes&quot;,&quot;7ae98af1-f0c4-48bb-82e0-609d7d4c050b&quot;]
[debug] &amp;#27;[35m[BaseDriver]&amp;#27;[39m Valid locator strategies for this request: xpath, id, class name, accessibility id, css selector, -android uiautomator
[debug] &amp;#27;[35m[BaseDriver]&amp;#27;[39m Waiting up to 0 ms for condition
[debug] &amp;#27;[35m[WD Proxy]&amp;#27;[39m Matched &apos;/element&apos; to command name &apos;findElement&apos;
[debug] &amp;#27;[35m[WD Proxy]&amp;#27;[39m Proxying [POST /element] to [POST http://127.0.0.1:8200/wd/hub/session/015791bc-716d-4afa-9c1f-c27f676dbeb8/element] with body: {&quot;strategy&quot;:&quot;id&quot;,&quot;selector&quot;:&quot;com.example.android.testing.notes.mock:id/fab_add_notes&quot;,&quot;context&quot;:&quot;&quot;,&quot;multiple&quot;:false}
[debug] &amp;#27;[35m[WD Proxy]&amp;#27;[39m Got response with status 200: {&quot;sessionId&quot;:&quot;015791bc-716d-4afa-9c1f-c27f676dbeb8&quot;,&quot;value&quot;:{&quot;ELEMENT&quot;:&quot;00000000-0000-1bf8-ffff-ffff00000010&quot;,&quot;element-6066-11e4-a52e-4f735466cecf&quot;:&quot;00000000-0000-1bf8-ffff-ffff00000010&quot;}}
[debug] &amp;#27;[35m[W3C (7ae98af1)]&amp;#27;[39m Responding to client with driver.findElement() result: {&quot;element-6066-11e4-a52e-4f7309:55:49.408 [AsyncHttpClient-1-2] DEBUG org.asynchttpclient.netty.handler.HttpHandler - 

Request DefaultHttpRequest(decodeResult: success, version: HTTP/1.1)
POST /wd/hub/session/7ae98af1-f0c4-48bb-82e0-609d7d4c050b/element HTTP/1.1
User-Agent: selenium/4.5.0 (java windows)
Content-Length: 94
Content-Type: application/json; charset=utf-8
host: 0.0.0.0:4723
accept: */*

Response DefaultHttpResponse(decodeResult: success, version: HTTP/1.1)
HTTP/1.1 200 OK
X-Powered-By: Express
Vary: X-HTTP-Method-Override
Content-Type: application/json; charset=utf-8
ETag: W/&quot;89-8EXTLq5cSt46Zvp9icVVG4pnWIo&quot;
Date: Fri, 02 Dec 2022 04:25:49 GMT
Connection: keep-alive
Keep-Alive: timeout=600
content-length: 137

5466cecf&quot;:&quot;00000000-0000-1bf8-ffff-ffff00000010&quot;09:55:49.408 [AsyncHttpClient-1-2] DEBUG org.asynchttpclient.netty.channel.ChannelManager - Adding key: http://0.0.0.0:4723 for channel [id: 0x007e0974, L:/127.0.0.1:56617 - R:/127.0.0.1:4723]
,&quot;ELEMENT&quot;:&quot;00000000-0000-1bf8-ffff-ffff00000010&quot;}
&amp;#27;[35m[HTTP]&amp;#27;[39m &amp;#27;[37m&lt;-- POST /wd/hub/session/7ae98af1-f0c4-48bb-82e0-609d7d4c050b/element &amp;#27;[39m&amp;#27;[32m200&amp;#27;[39m &amp;#27;[90m19 ms - 137&amp;#27;[39m
&amp;#27;[35m[HTTP]&amp;#27;[39m &amp;#27;[90m&amp;#27;[39m
09:55:49.409 [Forwarding isElementDisplayed on session 7ae98af1-f0c4-48bb-82e0-609d7d4c050b to remote] DEBUG org.asynchttpclient.netty.request.NettyRequestSender - Using pooled Channel &apos;[id: 0x007e0974, L:/127.0.0.1:56617 - R:/127.0.0.1:4723]&apos; for &apos;GET&apos; to &apos;http://0.0.0.0:4723/wd/hub/session/7ae98af1-f0c4-48bb-82e0-609d7d4c050b/element/00000000-0000-1bf8-ffff-ffff00000010/displayed&apos;
09:55:49.409 [Forwarding isElementDisplayed on session 7ae98af1-f0c4-48bb-82e0-609d7d4c050b to remote] DEBUG org.asynchttpclient.netty.request.NettyRequestSender - Using open Channel [id: 0x007e0974, L:/127.0.0.1:56617 - R:/127.0.0.1:4723] for GET &apos;/wd/hub/session/7ae98af1-f0c4-48bb-82e0-609d7d4c050b/element/00000000-0000-1bf8-ffff-ffff00000010/displayed&apos;
&amp;#27;[35m[HTTP]&amp;#27;[39m &amp;#27;[37m--&gt;&amp;#27;[39m &amp;#27;[37mGET&amp;#27;[39m &amp;#27;[37m/wd/hub/session/7ae98af1-f0c4-48bb-82e0-609d7d4c050b/element/00000000-0000-1bf8-ffff-ffff00000010/displayed&amp;#27;[39m
&amp;#27;[35m[HTTP]&amp;#27;[39m &amp;#27;[90m{}&amp;#27;[39m
[debug] &amp;#27;[35m[W3C (7ae98af1)]&amp;#27;[39m Calling AppiumDriver.elementDisplayed() with args: [&quot;00000000-0000-1bf8-ffff-ffff00000010&quot;,&quot;7ae98af1-f0c4-48bb-82e0-609d7d4c050b&quot;]
[debug] &amp;#27;[35m[WD Proxy]&amp;#27;[39m Matched &apos;/element/00000000-0000-1bf8-ffff-ffff00000010/attribute/displayed&apos; to command name &apos;getAttribute&apos;
[debug] &amp;#27;[35m[WD Proxy]&amp;#27;[39m Proxying [GET /element/00000000-0000-1bf8-ffff-ffff00000010/attribute/displayed] to [GET http://127.0.0.1:8200/wd/hub/session/015791bc-716d-4afa-9c1f-c27f676dbeb8/element/00000000-0000-1bf8-ffff-ffff00000010/attribute/displayed] with no body
[debug] &amp;#27;[35m[WD Proxy]&amp;#27;[39m Got response with status 200: {&quot;sessionId&quot;:&quot;015791bc-716d-4afa-9c1f-c27f676dbeb8&quot;,&quot;value&quot;:&quot;true&quot;}
[debug] &amp;#27;[35m[W3C (7ae98af1)]&amp;#27;[39m Responding to client with driver.elementDisplayed() result: true
09:55:49.424 [AsyncHttpClient-1-2] DEBUG org.asynchttpclient.netty.handler.HttpHandler - 

Request DefaultFullHttpRequest(decodeResult: success, version: HTTP/1.1, content: EmptyByteBufBE)
GET /wd/hub/session/7ae98af1-f0c4-48bb-82e0-609d7d4c050b/element/00000000-0000-1bf8-ffff-ffff00000010/displayed HTTP/1.1
User-Agent: selenium/4.5.0 (java windows)
Cache-Control: no-cache
Content-Type: application/json; charset=utf-8
host: 0.0.0.0:4723
accept: */*

Response DefaultHttpResponse(decodeResult: success, version: HTTP/1.1)
HTTP/1.1 200 OK
X-Powered-By: Express
Content-Type: application/json; charset=utf-8
ETag: W/&quot;e-2ZHvAWebNQpyjGZTg6uyV8/spTo&quot;
Date: Fri, 02 Dec 2022 04:25:49 GMT
Connection: keep-alive
Keep-Alive: timeout=600
content-length: 14

&amp;#27;[35m[HTTP]&amp;#27;[39m &amp;#27;[37m&lt;-- GET /wd/hub/session/7ae98af1-f0c4-48bb-82e0-609d7d4c050b/element/00000000-00009:55:49.425 [AsyncHttpClient-1-2] DEBUG org.asynchttpclient.netty.channel.ChannelManager - Adding key: http://0.0.0.0:4723 for channel [id: 0x007e0974, L:/127.0.0.1:56617 - R:/127.0.0.1:4723]
0-1bf8-ffff-ffff00000010/displayed &amp;#27;[39m&amp;#27;[32m200&amp;#27;[39m &amp;#27;[90m14 ms - 14&amp;#27;[39m
&amp;#27;[35m[HTTP]&amp;#27;[39m &amp;#27;[90m&amp;#27;[39m
09:55:49.425 [Forwarding findElement on session 7ae98af1-f0c4-48bb-82e0-609d7d4c050b to remote] DEBUG org.asynchttpclient.netty.request.NettyRequestSender - Using pooled Channel &apos;[id: 0x007e0974, L:/127.0.0.1:56617 - R:/127.0.0.1:4723]&apos; for &apos;POST&apos; to &apos;http://0.0.0.0:4723/wd/hub/session/7ae98af1-f0c4-48bb-82e0-609d7d4c050b/element&apos;
09:55:49.425 [Forwarding findElement on session 7ae98af1-f0c4-48bb-82e0-609d7d4c050b to remote] DEBUG org.asynchttpclient.netty.request.NettyRequestSender - Using open Channel [id: 0x007e0974, L:/127.0.0.1:56617 - R:/127.0.0.1:4723] for POST &apos;/wd/hub/session/7ae98af1-f0c4-48bb-82e0-609d7d4c050b/element&apos;
&amp;#27;[35m[HTTP]&amp;#27;[39m &amp;#27;[37m--&gt;&amp;#27;[39m &amp;#27;[37mPOST&amp;#27;[39m &amp;#27;[37m/wd/hub/session/7ae98af1-f0c4-48bb-82e0-609d7d4c050b/element&amp;#27;[39m
&amp;#27;[35m[HTTP]&amp;#27;[39m &amp;#27;[90m{&quot;using&quot;:&quot;id&quot;,&quot;value&quot;:&quot;com.example.android.testing.notes.mock:id/fab_add_notes&quot;}&amp;#27;[39m
[debug] &amp;#27;[35m[W3C (7ae98af1)]&amp;#27;[39m Calling AppiumDriver.findElement() with args: [&quot;id&quot;,&quot;com.example.android.testing.notes.mock:id/fab_add_notes&quot;,&quot;7ae98af1-f0c4-48bb-82e0-609d7d4c050b&quot;]
[debug] &amp;#27;[35m[BaseDriver]&amp;#27;[39m Valid locator strategies for this request: xpath, id, class name, accessibility id, css selector, -android uiautomator
[debug] &amp;#27;[35m[BaseDriver]&amp;#27;[39m Waiting up to 0 ms for condition
[debug] &amp;#27;[35m[WD Proxy]&amp;#27;[39m Matched &apos;/element&apos; to command name &apos;findElement&apos;
[debug] &amp;#27;[35m[WD Proxy]&amp;#27;[39m Proxying [POST /element] to [POST http://127.0.0.1:8200/wd/hub/session/015791bc-716d-4afa-9c1f-c27f676dbeb8/element] with body: {&quot;strategy&quot;:&quot;id&quot;,&quot;selector&quot;:&quot;com.example.android.testing.notes.mock:id/fab_add_notes&quot;,&quot;context&quot;:&quot;&quot;,&quot;multiple&quot;:false}
[debug] &amp;#27;[35m[WD Proxy]&amp;#27;[39m Got response with status 200: {&quot;sessionId&quot;:&quot;015791bc-716d-4afa-9c1f-c27f676dbeb8&quot;,&quot;value&quot;:{&quot;ELEMENT&quot;:&quot;00000000-0000-1bf8-ffff-ffff00000010&quot;,&quot;element-6066-11e4-a52e-4f735466cecf&quot;:&quot;00000000-0000-1bf8-ffff-ffff00000010&quot;}}
[debug] &amp;#27;[35m[W3C (7ae98af1)]&amp;#27;[39m Responding to client with driver.findElement() result: {&quot;e09:55:49.438 [AsyncHttpClient-1-2] DEBUG org.asynchttpclient.netty.handler.HttpHandler - 

Request DefaultHttpRequest(decodeResult: success, version: HTTP/1.1)
POST /wd/hub/session/7ae98af1-f0c4-48bb-82e0-609d7d4c050b/element HTTP/1.1
User-Agent: selenium/4.5.0 (java windows)
Content-Length: 94
Content-Type: application/json; charset=utf-8
host: 0.0.0.0:4723
accept: */*

Response DefaultHttpResponse(decodeResult: success, version: HTTP/1.1)
HTTP/1.1 200 OK
X-Powered-By: Express
Vary: X-HTTP-Method-Override
Content-Type: application/json; charset=utf-8
ETag: W/&quot;89-8EXTLq5cSt46Zvp9icVVG4pnWIo&quot;
Date: Fri, 02 Dec 2022 04:25:49 GMT
Connection: keep-alive
Keep-Alive: timeout=600
content-length: 137

lement-6066-11e4-a52e-4f735466cecf&quot;:&quot;00000000-0000-1bf8-ffff-09:55:49.438 [AsyncHttpClient-1-2] DEBUG org.asynchttpclient.netty.channel.ChannelManager - Adding key: http://0.0.0.0:4723 for channel [id: 0x007e0974, L:/127.0.0.1:56617 - R:/127.0.0.1:4723]
ffff00000010&quot;,&quot;ELEMENT&quot;:&quot;00000000-0000-1bf8-ffff-ffff00000010&quot;}
&amp;#27;[35m[HTTP]&amp;#27;[39m &amp;#27;[37m&lt;-- POST /wd/hub/session/7ae98af1-f0c4-48bb-82e0-609d7d4c050b/element &amp;#27;[39m&amp;#27;[32m200&amp;#27;[39m &amp;#27;[90m11 ms - 137&amp;#27;[39m
&amp;#27;[35m[HTTP]&amp;#27;[39m &amp;#27;[90m&amp;#27;[39m
09:55:49.439 [Forwarding isElementEnabled on session 7ae98af1-f0c4-48bb-82e0-609d7d4c050b to remote] DEBUG org.asynchttpclient.netty.request.NettyRequestSender - Using pooled Channel &apos;[id: 0x007e0974, L:/127.0.0.1:56617 - R:/127.0.0.1:4723]&apos; for &apos;GET&apos; to &apos;http://0.0.0.0:4723/wd/hub/session/7ae98af1-f0c4-48bb-82e0-609d7d4c050b/element/00000000-0000-1bf8-ffff-ffff00000010/enabled&apos;
09:55:49.440 [Forwarding isElementEnabled on session 7ae98af1-f0c4-48bb-82e0-609d7d4c050b to remote] DEBUG org.asynchttpclient.netty.request.NettyRequestSender - Using open Channel [id: 0x007e0974, L:/127.0.0.1:56617 - R:/127.0.0.1:4723] for GET &apos;/wd/hub/session/7ae98af1-f0c4-48bb-82e0-609d7d4c050b/element/00000000-0000-1bf8-ffff-ffff00000010/enabled&apos;
&amp;#27;[35m[HTTP]&amp;#27;[39m &amp;#27;[37m--&gt;&amp;#27;[39m &amp;#27;[37mGET&amp;#27;[39m &amp;#27;[37m/wd/hub/session/7ae98af1-f0c4-48bb-82e0-609d7d4c050b/element/00000000-0000-1bf8-ffff-ffff00000010/enabled&amp;#27;[39m
&amp;#27;[35m[HTTP]&amp;#27;[39m &amp;#27;[90m{}&amp;#27;[39m
[debug] &amp;#27;[35m[W3C (7ae98af1)]&amp;#27;[39m Calling AppiumDriver.elementEnabled() with args: [&quot;00000000-0000-1bf8-ffff-ffff00000010&quot;,&quot;7ae98af1-f0c4-48bb-82e0-609d7d4c050b&quot;]
[debug] &amp;#27;[35m[WD Proxy]&amp;#27;[39m Matched &apos;/element/00000000-0000-1bf8-ffff-ffff00000010/attribute/enabled&apos; to command name &apos;getAttribute&apos;
[debug] &amp;#27;[35m[WD Proxy]&amp;#27;[39m Proxying [GET /element/00000000-0000-1bf8-ffff-ffff00000010/attribute/enabled] to [GET http://127.0.0.1:8200/wd/hub/session/015791bc-716d-4afa-9c1f-c27f676dbeb8/element/00000000-0000-1bf8-ffff-ffff00000010/attribute/enabled] with no body
[debug] &amp;#27;[35m[WD Proxy]&amp;#27;[39m Got response with status 200: {&quot;sessionId&quot;:&quot;015791bc-716d-4afa-9c1f-c27f676dbeb8&quot;,&quot;value&quot;:&quot;true&quot;}
[debug] &amp;#27;[35m[W3C (7ae98af1)]&amp;#27;[39m Responding to client with driver.elementEnabled() result: true
09:55:49.448 [AsyncHttpClient-1-2] DEBUG org.asynchttpclient.netty.handler.HttpHandler - 

Request DefaultFullHttpRequest(decodeResult: success, version: HTTP/1.1, content: EmptyByteBufBE)
GET /wd/hub/session/7ae98af1-f0c4-48bb-82e0-609d7d4c050b/element/00000000-0000-1bf8-ffff-ffff00000010/enabled HTTP/1.1
User-Agent: selenium/4.5.0 (java windows)
Cache-Control: no-cache
Content-Type: application/json; charset=utf-8
host: 0.0.0.0:4723
accept: */*

Response DefaultHttpResponse(decodeResult: success, version: HTTP/1.1)
HTTP/1.1 200 OK
X-Powered-By: Express
Content-Type: application/json; charset=utf-8
ETag: W/&quot;e-2ZHvAWebNQpyjGZTg6uyV8/spTo&quot;
Date: Fri, 02 Dec 2022 04:25:49 GMT
Connection: keep-alive
Keep-Alive: timeout=600
content-length: 14

09:55:49.448 [AsyncHttpClient-1-2] DEBUG org.asynchttpclient.netty.channel.ChannelManager - Adding key: http://0.0.0.0:4723 for channel [id: 0x007e0974, L:/127.0.0.1:56617 - R:/127.0.0.1:4723]
&amp;#27;[35m[HTTP]&amp;#27;[39m &amp;#27;[37m&lt;-- GET /wd/hub/session/7ae98af1-f0c4-48bb-82e0-609d7d4c050b/element/00000000-0000-1bf8-ffff-ffff00000010/enabled &amp;#27;[39m&amp;#27;[32m200&amp;#27;[39m &amp;#27;[90m6 ms - 14&amp;#27;[39m
  &amp;#27;[32mGiven &amp;#27;[0m&amp;#27;[32mI am at dashboard&amp;#27;[0m                      &amp;#27;[90m# com.example.cocusmobiletest.stepdefinitions.NewNoteStepdefs.I_am_at_dashboard()&amp;#27;[0m
&amp;#27;[35m[HTTP]&amp;#27;[39m &amp;#27;[90m&amp;#27;[39m
09:55:49.449 [Forwarding findElement on session 7ae98af1-f0c4-48bb-82e0-609d7d4c050b to remote] DEBUG org.asynchttpclient.netty.request.NettyRequestSender - Using pooled Channel &apos;[id: 0x007e0974, L:/127.0.0.1:56617 - R:/127.0.0.1:4723]&apos; for &apos;POST&apos; to &apos;http://0.0.0.0:4723/wd/hub/session/7ae98af1-f0c4-48bb-82e0-609d7d4c050b/element&apos;
09:55:49.449 [Forwarding findElement on session 7ae98af1-f0c4-48bb-82e0-609d7d4c050b to remote] DEBUG org.asynchttpclient.netty.request.NettyRequestSender - Using open Channel [id: 0x007e0974, L:/127.0.0.1:56617 - R:/127.0.0.1:4723] for POST &apos;/wd/hub/session/7ae98af1-f0c4-48bb-82e0-609d7d4c050b/element&apos;
&amp;#27;[35m[HTTP]&amp;#27;[39m &amp;#27;[37m--&gt;&amp;#27;[39m &amp;#27;[37mPOST&amp;#27;[39m &amp;#27;[37m/wd/hub/session/7ae98af1-f0c4-48bb-82e0-609d7d4c050b/element&amp;#27;[39m
&amp;#27;[35m[HTTP]&amp;#27;[39m &amp;#27;[90m{&quot;using&quot;:&quot;id&quot;,&quot;value&quot;:&quot;com.example.android.testing.notes.mock:id/fab_add_notes&quot;}&amp;#27;[39m
[debug] &amp;#27;[35m[W3C (7ae98af1)]&amp;#27;[39m Calling AppiumDriver.findElement() with args: [&quot;id&quot;,&quot;com.example.android.testing.notes.mock:id/fab_add_notes&quot;,&quot;7ae98af1-f0c4-48bb-82e0-609d7d4c050b&quot;]
[debug] &amp;#27;[35m[BaseDriver]&amp;#27;[39m Valid locator strategies for this request: xpath, id, class name, accessibility id, css selector, -android uiautomator
[debug] &amp;#27;[35m[BaseDriver]&amp;#27;[39m Waiting up to 0 ms for condition
[debug] &amp;#27;[35m[WD Proxy]&amp;#27;[39m Matched &apos;/element&apos; to command name &apos;findElement&apos;
[debug] &amp;#27;[35m[WD Proxy]&amp;#27;[39m Proxying [POST /element] to [POST http://127.0.0.1:8200/wd/hub/session/015791bc-716d-4afa-9c1f-c27f676dbeb8/element] with body: {&quot;strategy&quot;:&quot;id&quot;,&quot;selector&quot;:&quot;com.example.android.testing.notes.mock:id/fab_add_notes&quot;,&quot;context&quot;:&quot;&quot;,&quot;multiple&quot;:false}
[debug] &amp;#27;[35m[WD Proxy]&amp;#27;[39m Got response with status 200: {&quot;sessionId&quot;:&quot;015791bc-716d-4afa-9c1f-c27f676dbeb8&quot;,&quot;value&quot;:{&quot;ELEMENT&quot;:&quot;00000000-0000-1bf8-ffff-ffff00000010&quot;,&quot;element-6066-11e4-a52e-4f735466cecf&quot;:&quot;00000000-0000-1bf8-ffff-ffff00000010&quot;}}
[debug] &amp;#27;[35m[W3C 09:55:49.462 [AsyncHttpClient-1-2] DEBUG org.asynchttpclient.netty.handler.HttpHandler - 

Request DefaultHttpRequest(decodeResult: success, version: HTTP/1.1)
POST /wd/hub/session/7ae98af1-f0c4-48bb-82e0-609d7d4c050b/element HTTP/1.1
User-Agent: selenium/4.5.0 (java windows)
Content-Length: 94
Content-Type: application/json; charset=utf-8
host: 0.0.0.0:4723
accept: */*

Response DefaultHttpResponse(decodeResult: success, version: HTTP/1.1)
HTTP/1.1 200 OK
X-Powered-By: Express
Vary: X-HTTP-Method-Override
Content-Type: application/json; charset=utf-8
ETag: W/&quot;89-8EXTLq5cSt46Zvp9icVVG4pnWIo&quot;
Date: Fri, 02 Dec 2022 04:25:49 GMT
Connection: keep-alive
Keep-Alive: timeout=600
content-length: 137

(7ae98af1)]&amp;#27;[39m Responding to client w09:55:49.462 [AsyncHttpClient-1-2] DEBUG org.asynchttpclient.netty.channel.ChannelManager - Adding key: http://0.0.0.0:4723 for channel [id: 0x007e0974, L:/127.0.0.1:56617 - R:/127.0.0.1:4723]
ith driver.findElement() result: {&quot;element-6066-11e4-a52e-4f735466cecf&quot;:&quot;00000000-0000-1bf8-ffff-ffff00000010&quot;,&quot;ELEMENT&quot;:&quot;00000000-0000-1bf8-ffff-ffff00000010&quot;}
&amp;#27;[35m[HTTP]&amp;#27;[39m &amp;#27;[37m&lt;-- POST /wd/hub/session/7ae98af1-f0c4-48bb-82e0-609d7d4c050b/element &amp;#27;[39m&amp;#27;[32m200&amp;#27;[39m &amp;#27;[90m11 ms - 137&amp;#27;[39m
&amp;#27;[35m[HTTP]&amp;#27;[39m &amp;#27;[90m&amp;#27;[39m
09:55:49.463 [Forwarding isElementDisplayed on session 7ae98af1-f0c4-48bb-82e0-609d7d4c050b to remote] DEBUG org.asynchttpclient.netty.request.NettyRequestSender - Using pooled Channel &apos;[id: 0x007e0974, L:/127.0.0.1:56617 - R:/127.0.0.1:4723]&apos; for &apos;GET&apos; to &apos;http://0.0.0.0:4723/wd/hub/session/7ae98af1-f0c4-48bb-82e0-609d7d4c050b/element/00000000-0000-1bf8-ffff-ffff00000010/displayed&apos;
09:55:49.463 [Forwarding isElementDisplayed on session 7ae98af1-f0c4-48bb-82e0-609d7d4c050b to remote] DEBUG org.asynchttpclient.netty.request.NettyRequestSender - Using open Channel [id: 0x007e0974, L:/127.0.0.1:56617 - R:/127.0.0.1:4723] for GET &apos;/wd/hub/session/7ae98af1-f0c4-48bb-82e0-609d7d4c050b/element/00000000-0000-1bf8-ffff-ffff00000010/displayed&apos;
&amp;#27;[35m[HTTP]&amp;#27;[39m &amp;#27;[37m--&gt;&amp;#27;[39m &amp;#27;[37mGET&amp;#27;[39m &amp;#27;[37m/wd/hub/session/7ae98af1-f0c4-48bb-82e0-609d7d4c050b/element/00000000-0000-1bf8-ffff-ffff00000010/displayed&amp;#27;[39m
&amp;#27;[35m[HTTP]&amp;#27;[39m &amp;#27;[90m{}&amp;#27;[39m
[debug] &amp;#27;[35m[W3C (7ae98af1)]&amp;#27;[39m Calling AppiumDriver.elementDisplayed() with args: [&quot;00000000-0000-1bf8-ffff-ffff00000010&quot;,&quot;7ae98af1-f0c4-48bb-82e0-609d7d4c050b&quot;]
[debug] &amp;#27;[35m[WD Proxy]&amp;#27;[39m Matched &apos;/element/00000000-0000-1bf8-ffff-ffff00000010/attribute/displayed&apos; to command name &apos;getAttribute&apos;
[debug] &amp;#27;[35m[WD Proxy]&amp;#27;[39m Proxying [GET /element/00000000-0000-1bf8-ffff-ffff00000010/attribute/displayed] to [GET http://127.0.0.1:8200/wd/hub/session/015791bc-716d-4afa-9c1f-c27f676dbeb8/element/00000000-0000-1bf8-ffff-ffff00000010/attribute/displayed] with no body
[debug] &amp;#27;[35m[WD Proxy]&amp;#27;[39m Got response with status 200: {&quot;sessionId&quot;:&quot;015791bc-716d-4afa-9c1f-c27f676dbeb8&quot;,&quot;value&quot;:&quot;true&quot;}
[debug] &amp;#27;[35m[W3C (7ae98af1)]&amp;#27;[39m Responding to client with driver.elementDisplayed() result: true
09:55:49.471 [AsyncHttpClient-1-2] DEBUG org.asynchttpclient.netty.handler.HttpHandler - 

Request DefaultFullHttpRequest(decodeResult: success, version: HTTP/1.1, content: EmptyByteBufBE)
GET /wd/hub/session/7ae98af1-f0c4-48bb-82e0-609d7d4c050b/element/00000000-0000-1bf8-ffff-ffff00000010/displayed HTTP/1.1
User-Agent: selenium/4.5.0 (java windows)
Cache-Control: no-cache
Content-Type: application/json; charset=utf-8
host: 0.0.0.0:4723
accept: */*

Response DefaultHttpResponse(decodeResult: success, version: HTTP/1.1)
HTTP/1.1 200 OK
X-Powered-By: Express
Content-Type: application/json; charset=utf-8
ETag: W/&quot;e-2ZHvAWebNQpyjGZTg6uyV8/spTo&quot;
Date: Fri, 02 Dec 2022 04:25:49 GMT
Connection: keep-alive
Keep-Alive: timeout=600
content-length: 14

&amp;#27;[35m[HTTP]09:55:49.471 [AsyncHttpClient-1-2] DEBUG org.asynchttpclient.netty.channel.ChannelManager - Adding key: http://0.0.0.0:4723 for channel [id: 0x007e0974, L:/127.0.0.1:56617 - R:/127.0.0.1:4723]
&amp;#27;[39m &amp;#27;[37m&lt;-- GET /wd/hub/session/7ae98af1-f0c4-48bb-82e0-609d7d4c050b/element/00000000-0000-1bf8-ffff-ffff00000010/displayed &amp;#27;[39m&amp;#27;[32m200&amp;#27;[39m &amp;#27;[90m5 ms - 14&amp;#27;[39m
&amp;#27;[35m[HTTP]&amp;#27;[39m &amp;#27;[90m&amp;#27;[39m
09:55:49.472 [Forwarding findElement on session 7ae98af1-f0c4-48bb-82e0-609d7d4c050b to remote] DEBUG org.asynchttpclient.netty.request.NettyRequestSender - Using pooled Channel &apos;[id: 0x007e0974, L:/127.0.0.1:56617 - R:/127.0.0.1:4723]&apos; for &apos;POST&apos; to &apos;http://0.0.0.0:4723/wd/hub/session/7ae98af1-f0c4-48bb-82e0-609d7d4c050b/element&apos;
09:55:49.472 [Forwarding findElement on session 7ae98af1-f0c4-48bb-82e0-609d7d4c050b to remote] DEBUG org.asynchttpclient.netty.request.NettyRequestSender - Using open Channel [id: 0x007e0974, L:/127.0.0.1:56617 - R:/127.0.0.1:4723] for POST &apos;/wd/hub/session/7ae98af1-f0c4-48bb-82e0-609d7d4c050b/element&apos;
&amp;#27;[35m[HTTP]&amp;#27;[39m &amp;#27;[37m--&gt;&amp;#27;[39m &amp;#27;[37mPOST&amp;#27;[39m &amp;#27;[37m/wd/hub/session/7ae98af1-f0c4-48bb-82e0-609d7d4c050b/element&amp;#27;[39m
&amp;#27;[35m[HTTP]&amp;#27;[39m &amp;#27;[90m{&quot;using&quot;:&quot;id&quot;,&quot;value&quot;:&quot;com.example.android.testing.notes.mock:id/fab_add_notes&quot;}&amp;#27;[39m
[debug] &amp;#27;[35m[W3C (7ae98af1)]&amp;#27;[39m Calling AppiumDriver.findElement() with args: [&quot;id&quot;,&quot;com.example.android.testing.notes.mock:id/fab_add_notes&quot;,&quot;7ae98af1-f0c4-48bb-82e0-609d7d4c050b&quot;]
[debug] &amp;#27;[35m[BaseDriver]&amp;#27;[39m Valid locator strategies for this request: xpath, id, class name, accessibility id, css selector, -android uiautomator
[debug] &amp;#27;[35m[BaseDriver]&amp;#27;[39m Waiting up to 0 ms for condition
[debug] &amp;#27;[35m[WD Proxy]&amp;#27;[39m Matched &apos;/element&apos; to command name &apos;findElement&apos;
[debug] &amp;#27;[35m[WD Proxy]&amp;#27;[39m Proxying [POST /element] to [POST http://127.0.0.1:8200/wd/hub/session/015791bc-716d-4afa-9c1f-c27f676dbeb8/element] with body: {&quot;strategy&quot;:&quot;id&quot;,&quot;selector&quot;:&quot;com.example.android.testing.notes.mock:id/fab_add_notes&quot;,&quot;context&quot;:&quot;&quot;,&quot;multiple&quot;:false}
[debug] &amp;#27;[35m[WD Proxy]&amp;#27;[39m Got response with status 200: {&quot;sessionId&quot;:&quot;015791bc-716d-4afa-9c1f-c27f676dbeb8&quot;,&quot;value&quot;:{&quot;ELEMENT&quot;:&quot;00000000-0000-1bf8-ffff-ffff00000010&quot;,&quot;element-6066-11e4-a52e-4f735466cecf&quot;:&quot;00000000-0000-1bf8-ffff-ffff00000010&quot;}}
[debug] &amp;#27;[35m[W3C (7ae98af1)]&amp;#27;[39m Respondin09:55:49.484 [AsyncHttpClient-1-2] DEBUG org.asynchttpclient.netty.handler.HttpHandler - 

Request DefaultHttpRequest(decodeResult: success, version: HTTP/1.1)
POST /wd/hub/session/7ae98af1-f0c4-48bb-82e0-609d7d4c050b/element HTTP/1.1
User-Agent: selenium/4.5.0 (java windows)
Content-Length: 94
Content-Type: application/json; charset=utf-8
host: 0.0.0.0:4723
accept: */*

Response DefaultHttpResponse(decodeResult: success, version: HTTP/1.1)
HTTP/1.1 200 OK
X-Powered-By: Express
Vary: X-HTTP-Method-Override
Content-Type: application/json; charset=utf-8
ETag: W/&quot;89-8EXTLq5cSt46Zvp9icVVG4pnWIo&quot;
Date: Fri, 02 Dec 2022 04:25:49 GMT
Connection: keep-alive
Keep-Alive: timeout=600
content-length: 137

g to client with driver.findElement(09:55:49.485 [AsyncHttpClient-1-2] DEBUG org.asynchttpclient.netty.channel.ChannelManager - Adding key: http://0.0.0.0:4723 for channel [id: 0x007e0974, L:/127.0.0.1:56617 - R:/127.0.0.1:4723]
) result: {&quot;element-6066-11e4-a52e-4f735466cecf&quot;:&quot;00000000-0000-1bf8-ffff-ffff00000010&quot;,&quot;ELEMENT&quot;:&quot;00000000-0000-1bf8-ffff-ffff00000010&quot;}
&amp;#27;[35m[HTTP]&amp;#27;[39m &amp;#27;[37m&lt;-- POST /wd/hub/session/7ae98af1-f0c4-48bb-82e0-609d7d4c050b/element &amp;#27;[39m&amp;#27;[32m200&amp;#27;[39m &amp;#27;[90m11 ms - 09:55:49.485 [Forwarding isElementEnabled on session 7ae98af1-f0c4-48bb-82e0-609d7d4c050b to remote] DEBUG org.asynchttpclient.netty.request.NettyRequestSender - Using pooled Channel &apos;[id: 0x007e0974, L:/127.0.0.1:56617 - R:/127.0.0.1:4723]&apos; for &apos;GET&apos; to &apos;http://0.0.0.0:4723/wd/hub/session/7ae98af1-f0c4-48bb-82e0-609d7d4c050b/element/00000000-0000-1bf8-ffff-ffff00000010/enabled&apos;
137&amp;#27;[39m
09:55:49.485 [Forwarding isElementEnabled on session 7ae98af1-f0c4-48bb-82e0-609d7d4c050b to remote] DEBUG org.asynchttpclient.netty.request.NettyRequestSender - Using open Channel [id: 0x007e0974, L:/127.0.0.1:56617 - R:/127.0.0.1:4723] for GET &apos;/wd/hub/session/7ae98af1-f0c4-48bb-82e0-609d7d4c050b/element/00000000-0000-1bf8-ffff-ffff00000010/enabled&apos;
&amp;#27;[35m[HTTP]&amp;#27;[39m &amp;#27;[90m&amp;#27;[39m
&amp;#27;[35m[HTTP]&amp;#27;[39m &amp;#27;[37m--&gt;&amp;#27;[39m &amp;#27;[37mGET&amp;#27;[39m &amp;#27;[37m/wd/hub/session/7ae98af1-f0c4-48bb-82e0-609d7d4c050b/element/00000000-0000-1bf8-ffff-ffff00000010/enabled&amp;#27;[39m
&amp;#27;[35m[HTTP]&amp;#27;[39m &amp;#27;[90m{}&amp;#27;[39m
[debug] &amp;#27;[35m[W3C (7ae98af1)]&amp;#27;[39m Calling AppiumDriver.elementEnabled() with args: [&quot;00000000-0000-1bf8-ffff-ffff00000010&quot;,&quot;7ae98af1-f0c4-48bb-82e0-609d7d4c050b&quot;]
[debug] &amp;#27;[35m[WD Proxy]&amp;#27;[39m Matched &apos;/element/00000000-0000-1bf8-ffff-ffff00000010/attribute/enabled&apos; to command name &apos;getAttribute&apos;
[debug] &amp;#27;[35m[WD Proxy]&amp;#27;[39m Proxying [GET /element/00000000-0000-1bf8-ffff-ffff00000010/attribute/enabled] to [GET http://127.0.0.1:8200/wd/hub/session/015791bc-716d-4afa-9c1f-c27f676dbeb8/element/00000000-0000-1bf8-ffff-ffff00000010/attribute/enabled] with no body
[debug] &amp;#27;[35m[WD Proxy]&amp;#27;[39m Got response with status 200: {&quot;sessionId&quot;:&quot;015791bc-716d-4afa-9c1f-c27f676dbeb8&quot;,&quot;value&quot;:&quot;true&quot;}
[debug] &amp;#27;[35m[W3C (7ae98af1)]&amp;#27;[39m Responding to client with driver.elementEnabled() result: true
09:55:49.500 [AsyncHttpClient-1-2] DEBUG org.asynchttpclient.netty.handler.HttpHandler - 

Request DefaultFullHttpRequest(decodeResult: success, version: HTTP/1.1, content: EmptyByteBufBE)
GET /wd/hub/session/7ae98af1-f0c4-48bb-82e0-609d7d4c050b/element/00000000-0000-1bf8-ffff-ffff00000010/enabled HTTP/1.1
User-Agent: selenium/4.5.0 (java windows)
Cache-Control: no-cache
Content-Type: application/json; charset=utf-8
host: 0.0.0.0:4723
accept: */*

Response DefaultHttpResponse(decodeResult: success, version: HTTP/1.1)
HTTP/1.1 200 OK
X-Powered-By: Express
Content-Type: application/json; charset=utf-8
ETag: W/&quot;e-2ZHvAWebNQpyjGZTg6uyV8/spTo&quot;
Date: Fri, 02 Dec 2022 04:25:49 GMT
Connection: keep-alive
Keep-Alive: timeout=600
content-length: 14

&amp;#27;[35m[HTTP]&amp;#27;[39m &amp;#27;[37m&lt;09:55:49.500 [AsyncHttpClient-1-2] DEBUG org.asynchttpclient.netty.channel.ChannelManager - Adding key: http://0.0.0.0:4723 for channel [id: 0x007e0974, L:/127.0.0.1:56617 - R:/127.0.0.1:4723]
-- GET /wd/hub/session/7ae98af1-f0c4-48bb-82e0-609d7d4c050b/element/00000000-0000-1bf8-ffff-ffff00000010/enabled &amp;#27;[39m&amp;#27;[32m200&amp;#27;[39m &amp;#27;[90m12 ms - 14&amp;#27;[39m
&amp;#27;[35m[HTTP]&amp;#27;[39m &amp;#27;[90m&amp;#27;[39m
09:55:49.500 [Forwarding findElement on session 7ae98af1-f0c4-48bb-82e0-609d7d4c050b to remote] DEBUG org.asynchttpclient.netty.request.NettyRequestSender - Using pooled Channel &apos;[id: 0x007e0974, L:/127.0.0.1:56617 - R:/127.0.0.1:4723]&apos; for &apos;POST&apos; to &apos;http://0.0.0.0:4723/wd/hub/session/7ae98af1-f0c4-48bb-82e0-609d7d4c050b/element&apos;
09:55:49.500 [Forwarding findElement on session 7ae98af1-f0c4-48bb-82e0-609d7d4c050b to remote] DEBUG org.asynchttpclient.netty.request.NettyRequestSender - Using open Channel [id: 0x007e0974, L:/127.0.0.1:56617 - R:/127.0.0.1:4723] for POST &apos;/wd/hub/session/7ae98af1-f0c4-48bb-82e0-609d7d4c050b/element&apos;
&amp;#27;[35m[HTTP]&amp;#27;[39m &amp;#27;[37m--&gt;&amp;#27;[39m &amp;#27;[37mPOST&amp;#27;[39m &amp;#27;[37m/wd/hub/session/7ae98af1-f0c4-48bb-82e0-609d7d4c050b/element&amp;#27;[39m
&amp;#27;[35m[HTTP]&amp;#27;[39m &amp;#27;[90m{&quot;using&quot;:&quot;id&quot;,&quot;value&quot;:&quot;com.example.android.testing.notes.mock:id/fab_add_notes&quot;}&amp;#27;[39m
[debug] &amp;#27;[35m[W3C (7ae98af1)]&amp;#27;[39m Calling AppiumDriver.findElement() with args: [&quot;id&quot;,&quot;com.example.android.testing.notes.mock:id/fab_add_notes&quot;,&quot;7ae98af1-f0c4-48bb-82e0-609d7d4c050b&quot;]
[debug] &amp;#27;[35m[BaseDriver]&amp;#27;[39m Valid locator strategies for this request: xpath, id, class name, accessibility id, css selector, -android uiautomator
[debug] &amp;#27;[35m[BaseDriver]&amp;#27;[39m Waiting up to 0 ms for condition
[debug] &amp;#27;[35m[WD Proxy]&amp;#27;[39m Matched &apos;/element&apos; to command name &apos;findElement&apos;
[debug] &amp;#27;[35m[WD Proxy]&amp;#27;[39m Proxying [POST /element] to [POST http://127.0.0.1:8200/wd/hub/session/015791bc-716d-4afa-9c1f-c27f676dbeb8/element] with body: {&quot;strategy&quot;:&quot;id&quot;,&quot;selector&quot;:&quot;com.example.android.testing.notes.mock:id/fab_add_notes&quot;,&quot;context&quot;:&quot;&quot;,&quot;multiple&quot;:false}
[debug] &amp;#27;[35m[WD Proxy]&amp;#27;[39m Got response with status 200: {&quot;sessionId&quot;:&quot;015791bc-716d-4afa-9c1f-c27f676dbeb8&quot;,&quot;value&quot;:{&quot;ELEMENT&quot;:&quot;00000000-0000-1bf8-ffff-ffff00000010&quot;,&quot;element-6066-11e4-a52e-4f735466cecf&quot;:&quot;00000000-0000-1bf8-ffff-ffff00000010&quot;}}
[debug] &amp;#27;[35m[W3C (7ae98af1)]&amp;#27;[39m Responding to client with drive09:55:49.513 [AsyncHttpClient-1-2] DEBUG org.asynchttpclient.netty.handler.HttpHandler - 

Request DefaultHttpRequest(decodeResult: success, version: HTTP/1.1)
POST /wd/hub/session/7ae98af1-f0c4-48bb-82e0-609d7d4c050b/element HTTP/1.1
User-Agent: selenium/4.5.0 (java windows)
Content-Length: 94
Content-Type: application/json; charset=utf-8
host: 0.0.0.0:4723
accept: */*

Response DefaultHttpResponse(decodeResult: success, version: HTTP/1.1)
HTTP/1.1 200 OK
X-Powered-By: Express
Vary: X-HTTP-Method-Override
Content-Type: application/json; charset=utf-8
ETag: W/&quot;89-8EXTLq5cSt46Zvp9icVVG4pnWIo&quot;
Date: Fri, 02 Dec 2022 04:25:49 GMT
Connection: keep-alive
Keep-Alive: timeout=600
content-length: 137

r.findElement() result: {&quot;element-6066-11e4-a52e-4f735466cecf&quot;:&quot;0009:55:49.513 [AsyncHttpClient-1-2] DEBUG org.asynchttpclient.netty.channel.ChannelManager - Adding key: http://0.0.0.0:4723 for channel [id: 0x007e0974, L:/127.0.0.1:56617 - R:/127.0.0.1:4723]
000000-0000-1bf8-ffff-ffff00000010&quot;,&quot;ELEMENT&quot;:&quot;00000000-0000-1bf8-ffff-ffff00000010&quot;}
&amp;#27;[35m[HTTP]&amp;#27;[39m &amp;#27;[37m&lt;-- POST /wd/hub/session/7ae98af1-f0c4-48bb-82e0-609d7d4c050b/element &amp;#27;[39m&amp;#27;[32m200&amp;#27;[39m &amp;#27;[90m10 ms - 137&amp;#27;[39m
09:55:49.513 [Forwarding isElementDisplayed on session 7ae98af1-f0c4-48bb-82e0-609d7d4c050b to remote] DEBUG org.asynchttpclient.netty.request.NettyRequestSender - Using pooled Channel &apos;[id: 0x007e0974, L:/127.0.0.1:56617 - R:/127.0.0.1:4723]&apos; for &apos;GET&apos; to &apos;http://0.0.0.0:4723/wd/hub/session/7ae98af1-f0c4-48bb-82e0-609d7d4c050b/element/00000000-0000-1bf8-ffff-ffff00000010/displayed&apos;
&amp;#27;[35m[HTTP]&amp;#27;[39m &amp;#27;[90m&amp;#27;[09:55:49.513 [Forwarding isElementDisplayed on session 7ae98af1-f0c4-48bb-82e0-609d7d4c050b to remote] DEBUG org.asynchttpclient.netty.request.NettyRequestSender - Using open Channel [id: 0x007e0974, L:/127.0.0.1:56617 - R:/127.0.0.1:4723] for GET &apos;/wd/hub/session/7ae98af1-f0c4-48bb-82e0-609d7d4c050b/element/00000000-0000-1bf8-ffff-ffff00000010/displayed&apos;
39m
&amp;#27;[35m[HTTP]&amp;#27;[39m &amp;#27;[37m--&gt;&amp;#27;[39m &amp;#27;[37mGET&amp;#27;[39m &amp;#27;[37m/wd/hub/session/7ae98af1-f0c4-48bb-82e0-609d7d4c050b/element/00000000-0000-1bf8-ffff-ffff00000010/displayed&amp;#27;[39m
&amp;#27;[35m[HTTP]&amp;#27;[39m &amp;#27;[90m{}&amp;#27;[39m
[debug] &amp;#27;[35m[W3C (7ae98af1)]&amp;#27;[39m Calling AppiumDriver.elementDisplayed() with args: [&quot;00000000-0000-1bf8-ffff-ffff00000010&quot;,&quot;7ae98af1-f0c4-48bb-82e0-609d7d4c050b&quot;]
[debug] &amp;#27;[35m[WD Proxy]&amp;#27;[39m Matched &apos;/element/00000000-0000-1bf8-ffff-ffff00000010/attribute/displayed&apos; to command name &apos;getAttribute&apos;
[debug] &amp;#27;[35m[WD Proxy]&amp;#27;[39m Proxying [GET /element/00000000-0000-1bf8-ffff-ffff00000010/attribute/displayed] to [GET http://127.0.0.1:8200/wd/hub/session/015791bc-716d-4afa-9c1f-c27f676dbeb8/element/00000000-0000-1bf8-ffff-ffff00000010/attribute/displayed] with no body
[debug] &amp;#27;[35m[WD Proxy]&amp;#27;[39m Got response with status 200: {&quot;sessionId&quot;:&quot;015791bc-716d-4afa-9c1f-c27f676dbeb8&quot;,&quot;value&quot;:&quot;true&quot;}
[debug] &amp;#27;[35m[W3C (7ae98af1)]&amp;#27;[39m Responding to client with driver.elementDisplayed() result: true
09:55:49.521 [AsyncHttpClient-1-2] DEBUG org.asynchttpclient.netty.handler.HttpHandler - 

Request DefaultFullHttpRequest(decodeResult: success, version: HTTP/1.1, content: EmptyByteBufBE)
GET /wd/hub/session/7ae98af1-f0c4-48bb-82e0-609d7d4c050b/element/00000000-0000-1bf8-ffff-ffff00000010/displayed HTTP/1.1
User-Agent: selenium/4.5.0 (java windows)
Cache-Control: no-cache
Content-Type: application/json; charset=utf-8
host: 0.0.0.0:4723
accept: */*

Response DefaultHttpResponse(decodeResult: success, version: HTTP/1.1)
HTTP/1.1 200 OK
X-Powered-By: Express
Content-Type: application/json; charset=utf-8
ETag: W/&quot;e-2ZHvAWebNQpyjGZTg6uyV8/spTo&quot;
Date: Fri, 02 Dec 2022 04:25:49 GMT
Connection: keep-alive
Keep-Alive: timeout=600
content-length: 14

&amp;#27;[35m[HTTP]&amp;#27;[39m &amp;#27;[37m&lt;-- GET /wd/hub/session/7ae98a09:55:49.521 [AsyncHttpClient-1-2] DEBUG org.asynchttpclient.netty.channel.ChannelManager - Adding key: http://0.0.0.0:4723 for channel [id: 0x007e0974, L:/127.0.0.1:56617 - R:/127.0.0.1:4723]
f1-f0c4-48bb-82e0-609d7d4c050b/element/00000000-0000-1bf8-ffff-ffff00000010/displayed &amp;#27;[39m&amp;#27;[32m200&amp;#27;[39m &amp;#27;[90m6 ms - 14&amp;#27;[39m
&amp;#27;[35m[HTTP]&amp;#27;[39m &amp;#27;[90m&amp;#27;[39m
09:55:49.523 [Forwarding findElement on session 7ae98af1-f0c4-48bb-82e0-609d7d4c050b to remote] DEBUG org.asynchttpclient.netty.request.NettyRequestSender - Using pooled Channel &apos;[id: 0x007e0974, L:/127.0.0.1:56617 - R:/127.0.0.1:4723]&apos; for &apos;POST&apos; to &apos;http://0.0.0.0:4723/wd/hub/session/7ae98af1-f0c4-48bb-82e0-609d7d4c050b/element&apos;
09:55:49.523 [Forwarding findElement on session 7ae98af1-f0c4-48bb-82e0-609d7d4c050b to remote] DEBUG org.asynchttpclient.netty.request.NettyRequestSender - Using open Channel [id: 0x007e0974, L:/127.0.0.1:56617 - R:/127.0.0.1:4723] for POST &apos;/wd/hub/session/7ae98af1-f0c4-48bb-82e0-609d7d4c050b/element&apos;
&amp;#27;[35m[HTTP]&amp;#27;[39m &amp;#27;[37m--&gt;&amp;#27;[39m &amp;#27;[37mPOST&amp;#27;[39m &amp;#27;[37m/wd/hub/session/7ae98af1-f0c4-48bb-82e0-609d7d4c050b/element&amp;#27;[39m
&amp;#27;[35m[HTTP]&amp;#27;[39m &amp;#27;[90m{&quot;using&quot;:&quot;id&quot;,&quot;value&quot;:&quot;com.example.android.testing.notes.mock:id/fab_add_notes&quot;}&amp;#27;[39m
[debug] &amp;#27;[35m[W3C (7ae98af1)]&amp;#27;[39m Calling AppiumDriver.findElement() with args: [&quot;id&quot;,&quot;com.example.android.testing.notes.mock:id/fab_add_notes&quot;,&quot;7ae98af1-f0c4-48bb-82e0-609d7d4c050b&quot;]
[debug] &amp;#27;[35m[BaseDriver]&amp;#27;[39m Valid locator strategies for this request: xpath, id, class name, accessibility id, css selector, -android uiautomator
[debug] &amp;#27;[35m[BaseDriver]&amp;#27;[39m Waiting up to 0 ms for condition
[debug] &amp;#27;[35m[WD Proxy]&amp;#27;[39m Matched &apos;/element&apos; to command name &apos;findElement&apos;
[debug] &amp;#27;[35m[WD Proxy]&amp;#27;[39m Proxying [POST /element] to [POST http://127.0.0.1:8200/wd/hub/session/015791bc-716d-4afa-9c1f-c27f676dbeb8/element] with body: {&quot;strategy&quot;:&quot;id&quot;,&quot;selector&quot;:&quot;com.example.android.testing.notes.mock:id/fab_add_notes&quot;,&quot;context&quot;:&quot;&quot;,&quot;multiple&quot;:false}
[debug] &amp;#27;[35m[WD Proxy]&amp;#27;[39m Got response with status 200: {&quot;sessionId&quot;:&quot;015791bc-716d-4afa-9c1f-c27f676dbeb8&quot;,&quot;value&quot;:{&quot;ELEMENT&quot;:&quot;00000000-0000-1bf8-ffff-ffff00000010&quot;,&quot;element-6066-11e4-a52e-4f735466cecf&quot;:&quot;00000000-0000-1bf8-ffff-ffff00000010&quot;}}
[debug] &amp;#27;[35m[W3C (7ae98af1)]&amp;#27;[39m Responding to client09:55:49.534 [AsyncHttpClient-1-2] DEBUG org.asynchttpclient.netty.handler.HttpHandler - 

Request DefaultHttpRequest(decodeResult: success, version: HTTP/1.1)
POST /wd/hub/session/7ae98af1-f0c4-48bb-82e0-609d7d4c050b/element HTTP/1.1
User-Agent: selenium/4.5.0 (java windows)
Content-Length: 94
Content-Type: application/json; charset=utf-8
host: 0.0.0.0:4723
accept: */*

Response DefaultHttpResponse(decodeResult: success, version: HTTP/1.1)
HTTP/1.1 200 OK
X-Powered-By: Express
Vary: X-HTTP-Method-Override
Content-Type: application/json; charset=utf-8
ETag: W/&quot;89-8EXTLq5cSt46Zvp9icVVG4pnWIo&quot;
Date: Fri, 02 Dec 2022 04:25:49 GMT
Connection: keep-alive
Keep-Alive: timeout=600
content-length: 137

 with driver.findElement() result: {&quot;element-6066-11e4-a52e-4f735466cecf&quot;:&quot;0000000009:55:49.535 [AsyncHttpClient-1-2] DEBUG org.asynchttpclient.netty.channel.ChannelManager - Adding key: http://0.0.0.0:4723 for channel [id: 0x007e0974, L:/127.0.0.1:56617 - R:/127.0.0.1:4723]
-0000-1bf8-ffff-ffff00000010&quot;,&quot;ELEMENT&quot;:&quot;00000000-0000-1bf8-ffff-ffff00000010&quot;}
&amp;#27;[35m[HTTP]&amp;#27;[39m &amp;#27;[37m&lt;-- POST /wd/hub/session/7ae98af1-f0c4-48bb-82e0-609d7d4c050b/element &amp;#27;[39m&amp;#27;[32m200&amp;#27;[39m &amp;#27;[90m10 ms - 137&amp;#27;[39m
&amp;#27;[35m[09:55:49.536 [Forwarding isElementEnabled on session 7ae98af1-f0c4-48bb-82e0-609d7d4c050b to remote] DEBUG org.asynchttpclient.netty.request.NettyRequestSender - Using pooled Channel &apos;[id: 0x007e0974, L:/127.0.0.1:56617 - R:/127.0.0.1:4723]&apos; for &apos;GET&apos; to &apos;http://0.0.0.0:4723/wd/hub/session/7ae98af1-f0c4-48bb-82e0-609d7d4c050b/element/00000000-0000-1bf8-ffff-ffff00000010/enabled&apos;
HTTP]&amp;#27;[39m &amp;#27;[90m&amp;#27;[39m
09:55:49.536 [Forwarding isElementEnabled on session 7ae98af1-f0c4-48bb-82e0-609d7d4c050b to remote] DEBUG org.asynchttpclient.netty.request.NettyRequestSender - Using open Channel [id: 0x007e0974, L:/127.0.0.1:56617 - R:/127.0.0.1:4723] for GET &apos;/wd/hub/session/7ae98af1-f0c4-48bb-82e0-609d7d4c050b/element/00000000-0000-1bf8-ffff-ffff00000010/enabled&apos;
&amp;#27;[35m[HTTP]&amp;#27;[39m &amp;#27;[37m--&gt;&amp;#27;[39m &amp;#27;[37mGET&amp;#27;[39m &amp;#27;[37m/wd/hub/session/7ae98af1-f0c4-48bb-82e0-609d7d4c050b/element/00000000-0000-1bf8-ffff-ffff00000010/enabled&amp;#27;[39m
&amp;#27;[35m[HTTP]&amp;#27;[39m &amp;#27;[90m{}&amp;#27;[39m
[debug] &amp;#27;[35m[W3C (7ae98af1)]&amp;#27;[39m Calling AppiumDriver.elementEnabled() with args: [&quot;00000000-0000-1bf8-ffff-ffff00000010&quot;,&quot;7ae98af1-f0c4-48bb-82e0-609d7d4c050b&quot;]
[debug] &amp;#27;[35m[WD Proxy]&amp;#27;[39m Matched &apos;/element/00000000-0000-1bf8-ffff-ffff00000010/attribute/enabled&apos; to command name &apos;getAttribute&apos;
[debug] &amp;#27;[35m[WD Proxy]&amp;#27;[39m Proxying [GET /element/00000000-0000-1bf8-ffff-ffff00000010/attribute/enabled] to [GET http://127.0.0.1:8200/wd/hub/session/015791bc-716d-4afa-9c1f-c27f676dbeb8/element/00000000-0000-1bf8-ffff-ffff00000010/attribute/enabled] with no body
[debug] &amp;#27;[35m[WD Proxy]&amp;#27;[39m Got response with status 200: {&quot;sessionId&quot;:&quot;015791bc-716d-4afa-9c1f-c27f676dbeb8&quot;,&quot;value&quot;:&quot;true&quot;}
[debug] &amp;#27;[35m[W3C (7ae98af1)]&amp;#27;[39m Responding to client with driver.elementEnabled() result: true
09:55:49.549 [AsyncHttpClient-1-2] DEBUG org.asynchttpclient.netty.handler.HttpHandler - 

Request DefaultFullHttpRequest(decodeResult: success, version: HTTP/1.1, content: EmptyByteBufBE)
GET /wd/hub/session/7ae98af1-f0c4-48bb-82e0-609d7d4c050b/element/00000000-0000-1bf8-ffff-ffff00000010/enabled HTTP/1.1
User-Agent: selenium/4.5.0 (java windows)
Cache-Control: no-cache
Content-Type: application/json; charset=utf-8
host: 0.0.0.0:4723
accept: */*

Response DefaultHttpResponse(decodeResult: success, version: HTTP/1.1)
HTTP/1.1 200 OK
X-Powered-By: Express
Content-Type: application/json; charset=utf-8
ETag: W/&quot;e-2ZHvAWebNQpyjGZTg6uyV8/spTo&quot;
Date: Fri, 02 Dec 2022 04:25:49 GMT
Connection: keep-alive
Keep-Alive: timeout=600
content-length: 14

&amp;#27;[35m[HTTP]&amp;#27;[39m 09:55:49.549 [AsyncHttpClient-1-2] DEBUG org.asynchttpclient.netty.channel.ChannelManager - Adding key: http://0.0.0.0:4723 for channel [id: 0x007e0974, L:/127.0.0.1:56617 - R:/127.0.0.1:4723]
&amp;#27;[37m&lt;-- GET /wd/hub/session/7ae98af1-f0c4-48bb-82e0-609d7d4c050b/element/00000000-0000-1bf8-ffff-ffff00000010/enabled &amp;#27;[39m&amp;#27;[32m200&amp;#27;[39m &amp;#27;[90m12 ms - 14&amp;#27;[39m
&amp;#27;[35m[HTTP]&amp;#27;[39m &amp;#27;[90m&amp;#27;[39m
09:55:49.550 [Forwarding findElement on session 7ae98af1-f0c4-48bb-82e0-609d7d4c050b to remote] DEBUG org.asynchttpclient.netty.request.NettyRequestSender - Using pooled Channel &apos;[id: 0x007e0974, L:/127.0.0.1:56617 - R:/127.0.0.1:4723]&apos; for &apos;POST&apos; to &apos;http://0.0.0.0:4723/wd/hub/session/7ae98af1-f0c4-48bb-82e0-609d7d4c050b/element&apos;
09:55:49.550 [Forwarding findElement on session 7ae98af1-f0c4-48bb-82e0-609d7d4c050b to remote] DEBUG org.asynchttpclient.netty.request.NettyRequestSender - Using open Channel [id: 0x007e0974, L:/127.0.0.1:56617 - R:/127.0.0.1:4723] for POST &apos;/wd/hub/session/7ae98af1-f0c4-48bb-82e0-609d7d4c050b/element&apos;
&amp;#27;[35m[HTTP]&amp;#27;[39m &amp;#27;[37m--&gt;&amp;#27;[39m &amp;#27;[37mPOST&amp;#27;[39m &amp;#27;[37m/wd/hub/session/7ae98af1-f0c4-48bb-82e0-609d7d4c050b/element&amp;#27;[39m
&amp;#27;[35m[HTTP]&amp;#27;[39m &amp;#27;[90m{&quot;using&quot;:&quot;id&quot;,&quot;value&quot;:&quot;com.example.android.testing.notes.mock:id/fab_add_notes&quot;}&amp;#27;[39m
[debug] &amp;#27;[35m[W3C (7ae98af1)]&amp;#27;[39m Calling AppiumDriver.findElement() with args: [&quot;id&quot;,&quot;com.example.android.testing.notes.mock:id/fab_add_notes&quot;,&quot;7ae98af1-f0c4-48bb-82e0-609d7d4c050b&quot;]
[debug] &amp;#27;[35m[BaseDriver]&amp;#27;[39m Valid locator strategies for this request: xpath, id, class name, accessibility id, css selector, -android uiautomator
[debug] &amp;#27;[35m[BaseDriver]&amp;#27;[39m Waiting up to 0 ms for condition
[debug] &amp;#27;[35m[WD Proxy]&amp;#27;[39m Matched &apos;/element&apos; to command name &apos;findElement&apos;
[debug] &amp;#27;[35m[WD Proxy]&amp;#27;[39m Proxying [POST /element] to [POST http://127.0.0.1:8200/wd/hub/session/015791bc-716d-4afa-9c1f-c27f676dbeb8/element] with body: {&quot;strategy&quot;:&quot;id&quot;,&quot;selector&quot;:&quot;com.example.android.testing.notes.mock:id/fab_add_notes&quot;,&quot;context&quot;:&quot;&quot;,&quot;multiple&quot;:false}
[debug] &amp;#27;[35m[WD Proxy]&amp;#27;[39m Got response with status 200: {&quot;sessionId&quot;:&quot;015791bc-716d-4afa-9c1f-c27f676dbeb8&quot;,&quot;value&quot;:{&quot;ELEMENT&quot;:&quot;00000000-0000-1bf8-ffff-ffff00000010&quot;,&quot;element-6066-11e4-a52e-4f735466cecf&quot;:&quot;00000000-0000-1bf8-ffff-ffff00000010&quot;}}
[debug] &amp;#27;[35m[W3C (7ae98af1)]&amp;#27;[39m Responding to clie09:55:49.566 [AsyncHttpClient-1-2] DEBUG org.asynchttpclient.netty.handler.HttpHandler - 

Request DefaultHttpRequest(decodeResult: success, version: HTTP/1.1)
POST /wd/hub/session/7ae98af1-f0c4-48bb-82e0-609d7d4c050b/element HTTP/1.1
User-Agent: selenium/4.5.0 (java windows)
Content-Length: 94
Content-Type: application/json; charset=utf-8
host: 0.0.0.0:4723
accept: */*

Response DefaultHttpResponse(decodeResult: success, version: HTTP/1.1)
HTTP/1.1 200 OK
X-Powered-By: Express
Vary: X-HTTP-Method-Override
Content-Type: application/json; charset=utf-8
ETag: W/&quot;89-8EXTLq5cSt46Zvp9icVVG4pnWIo&quot;
Date: Fri, 02 Dec 2022 04:25:49 GMT
Connection: keep-alive
Keep-Alive: timeout=600
content-length: 137

nt with driver.findElement() result: {&quot;element-6066-11e4-a52e-4f735466cecf&quot;:&quot;00000009:55:49.567 [AsyncHttpClient-1-2] DEBUG org.asynchttpclient.netty.channel.ChannelManager - Adding key: http://0.0.0.0:4723 for channel [id: 0x007e0974, L:/127.0.0.1:56617 - R:/127.0.0.1:4723]
00-0000-1bf8-ffff-ffff00000010&quot;,&quot;ELEMENT&quot;:&quot;00000000-0000-1bf8-ffff-ffff00000010&quot;}
&amp;#27;[35m[HTTP]&amp;#27;[39m &amp;#27;[37m&lt;-- POST /wd/hub/session/7ae98af1-f0c4-48bb-82e0-609d7d4c050b/element &amp;#27;[39m&amp;#27;[32m200&amp;#27;[39m &amp;#27;[90m15 ms - 137&amp;#27;[39m
&amp;#27;[35m[HTTP]&amp;#27;[39m &amp;#27;[90m&amp;#27;[39m
09:55:49.568 [Forwarding clickElement on session 7ae98af1-f0c4-48bb-82e0-609d7d4c050b to remote] DEBUG org.asynchttpclient.netty.request.NettyRequestSender - Using pooled Channel &apos;[id: 0x007e0974, L:/127.0.0.1:56617 - R:/127.0.0.1:4723]&apos; for &apos;POST&apos; to &apos;http://0.0.0.0:4723/wd/hub/session/7ae98af1-f0c4-48bb-82e0-609d7d4c050b/element/00000000-0000-1bf8-ffff-ffff00000010/click&apos;
09:55:49.569 [Forwarding clickElement on session 7ae98af1-f0c4-48bb-82e0-609d7d4c050b to remote] DEBUG org.asynchttpclient.netty.request.NettyRequestSender - Using open Channel [id: 0x007e0974, L:/127.0.0.1:56617 - R:/127.0.0.1:4723] for POST &apos;/wd/hub/session/7ae98af1-f0c4-48bb-82e0-609d7d4c050b/element/00000000-0000-1bf8-ffff-ffff00000010/click&apos;
&amp;#27;[35m[HTTP]&amp;#27;[39m &amp;#27;[37m--&gt;&amp;#27;[39m &amp;#27;[37mPOST&amp;#27;[39m &amp;#27;[37m/wd/hub/session/7ae98af1-f0c4-48bb-82e0-609d7d4c050b/element/00000000-0000-1bf8-ffff-ffff00000010/click&amp;#27;[39m
&amp;#27;[35m[HTTP]&amp;#27;[39m &amp;#27;[90m{&quot;id&quot;:&quot;00000000-0000-1bf8-ffff-ffff00000010&quot;}&amp;#27;[39m
[debug] &amp;#27;[35m[W3C (7ae98af1)]&amp;#27;[39m Calling AppiumDriver.click() with args: [&quot;00000000-0000-1bf8-ffff-ffff00000010&quot;,&quot;7ae98af1-f0c4-48bb-82e0-609d7d4c050b&quot;]
[debug] &amp;#27;[35m[WD Proxy]&amp;#27;[39m Matched &apos;/element/00000000-0000-1bf8-ffff-ffff00000010/click&apos; to command name &apos;click&apos;
[debug] &amp;#27;[35m[WD Proxy]&amp;#27;[39m Proxying [POST /element/00000000-0000-1bf8-ffff-ffff00000010/click] to [POST http://127.0.0.1:8200/wd/hub/session/015791bc-716d-4afa-9c1f-c27f676dbeb8/element/00000000-0000-1bf8-ffff-ffff00000010/click] with body: {&quot;element&quot;:&quot;00000000-0000-1bf8-ffff-ffff00000010&quot;}
[debug] &amp;#27;[35m[WD Proxy]&amp;#27;[39m Got response with status 200: {&quot;sessionId&quot;:&quot;015791bc-716d-4afa-9c1f-c27f676dbeb8&quot;,&quot;value&quot;:null}
[debug] &amp;#27;[35m[W3C (7ae98af1)]&amp;#27;[39m Responding to client with driver.click() result: null
09:55:49.600 [AsyncHttpClient-1-2] DEBUG org.asynchttpclient.netty.handler.HttpHandler - 

Request DefaultHttpRequest(decodeResult: success, version: HTTP/1.1)
POST /wd/hub/session/7ae98af1-f0c4-48bb-82e0-609d7d4c050b/element/00000000-0000-1bf8-ffff-ffff00000010/click HTTP/1.1
User-Agent: selenium/4.5.0 (java windows)
Content-Length: 50
Content-Type: application/json; charset=utf-8
host: 0.0.0.0:4723
accept: */*

Response DefaultHttpResponse(decodeResult: success, version: HTTP/1.1)
HTTP/1.1 200 OK
X-Powered-By: Express
Vary: X-HTTP-Method-Override
Content-Type: application/json; charset=utf-8
ETag: W/&quot;e-9/1BuKMgFObM1mWJm+YjxtXJnUM&quot;
Date: Fri, 02 Dec 2022 04:25:49 GMT
Connection: keep-alive
Keep-Alive: timeout=600
content-length: 14

&amp;#27;[35m[HTTP]&amp;#27;[39m &amp;#27;[37m&lt;-- POST /wd/hub/session/7ae98af1-f0c4-09:55:49.600 [AsyncHttpClient-1-2] DEBUG org.asynchttpclient.netty.channel.ChannelManager - Adding key: http://0.0.0.0:4723 for channel [id: 0x007e0974, L:/127.0.0.1:56617 - R:/127.0.0.1:4723]
48bb-82e0-609d7d4c050b/element/00000000-0000-1bf8-ffff-ffff00000010/click &amp;#27;[39m&amp;#27;[32m200&amp;#27;[39m &amp;#27;[90m30 ms - 14&amp;#27;[39m
&amp;#27;[35m[HTTP]&amp;#27;[39m &amp;#27;[90m&amp;#27;[39m
09:55:49.603 [Forwarding findElement on session 7ae98af1-f0c4-48bb-82e0-609d7d4c050b to remote] DEBUG org.asynchttpclient.netty.request.NettyRequestSender - Using pooled Channel &apos;[id: 0x007e0974, L:/127.0.0.1:56617 - R:/127.0.0.1:4723]&apos; for &apos;POST&apos; to &apos;http://0.0.0.0:4723/wd/hub/session/7ae98af1-f0c4-48bb-82e0-609d7d4c050b/element&apos;
09:55:49.603 [Forwarding findElement on session 7ae98af1-f0c4-48bb-82e0-609d7d4c050b to remote] DEBUG org.asynchttpclient.netty.request.NettyRequestSender - Using open Channel [id: 0x007e0974, L:/127.0.0.1:56617 - R:/127.0.0.1:4723] for POST &apos;/wd/hub/session/7ae98af1-f0c4-48bb-82e0-609d7d4c050b/element&apos;
&amp;#27;[35m[HTTP]&amp;#27;[39m &amp;#27;[37m--&gt;&amp;#27;[39m &amp;#27;[37mPOST&amp;#27;[39m &amp;#27;[37m/wd/hub/session/7ae98af1-f0c4-48bb-82e0-609d7d4c050b/element&amp;#27;[39m
&amp;#27;[35m[HTTP]&amp;#27;[39m &amp;#27;[90m{&quot;using&quot;:&quot;id&quot;,&quot;value&quot;:&quot;com.example.android.testing.notes.mock:id/add_note_title&quot;}&amp;#27;[39m
[debug] &amp;#27;[35m[W3C (7ae98af1)]&amp;#27;[39m Calling AppiumDriver.findElement() with args: [&quot;id&quot;,&quot;com.example.android.testing.notes.mock:id/add_note_title&quot;,&quot;7ae98af1-f0c4-48bb-82e0-609d7d4c050b&quot;]
[debug] &amp;#27;[35m[BaseDriver]&amp;#27;[39m Valid locator strategies for this request: xpath, id, class name, accessibility id, css selector, -android uiautomator
[debug] &amp;#27;[35m[BaseDriver]&amp;#27;[39m Waiting up to 0 ms for condition
[debug] &amp;#27;[35m[WD Proxy]&amp;#27;[39m Matched &apos;/element&apos; to command name &apos;findElement&apos;
[debug] &amp;#27;[35m[WD Proxy]&amp;#27;[39m Proxying [POST /element] to [POST http://127.0.0.1:8200/wd/hub/session/015791bc-716d-4afa-9c1f-c27f676dbeb8/element] with body: {&quot;strategy&quot;:&quot;id&quot;,&quot;selector&quot;:&quot;com.example.android.testing.notes.mock:id/add_note_title&quot;,&quot;context&quot;:&quot;&quot;,&quot;multiple&quot;:false}
&amp;#27;[35m[WD Proxy]&amp;#27;[39m Got response with status 404: {&quot;sessionId&quot;:&quot;015791bc-716d-4afa-9c1f-c27f676dbeb8&quot;,&quot;value&quot;:{&quot;error&quot;:&quot;no such element&quot;,&quot;message&quot;:&quot;An element could not be located on the page using the given search parameters&quot;,&quot;stacktrace&quot;:&quot;io.appium.uiautomator2.common.exceptions.ElementNotFoundException: An element could not be located on the page using the given search parameters\n\tat io.appium.uiautomator2.handler.FindElement.safeHandle(FindElement.java:70)\n\tat io.appium.uiautomator2.handler.request.SafeRequestHandler.handle(SafeRequestHandler.java:59)\n\tat io.appium.uiautomator2.server.AppiumServlet.handleRequest(AppiumServlet.java:266)\n\tat io.appium.uiautomator2.server.AppiumServlet.handleHttpRequest(AppiumServlet.java:260)09:55:49.656 [AsyncHttpClient-1-2] DEBUG org.asynchttpclient.netty.handler.HttpHandler - 

Request DefaultHttpRequest(decodeResult: success, version: HTTP/1.1)
POST /wd/hub/session/7ae98af1-f0c4-48bb-82e0-609d7d4c050b/element HTTP/1.1
User-Agent: selenium/4.5.0 (java windows)
Content-Length: 95
Content-Type: application/json; charset=utf-8
host: 0.0.0.0:4723
accept: */*

Response DefaultHttpResponse(decodeResult: success, version: HTTP/1.1)
HTTP/1.1 404 Not Found
X-Powered-By: Express
Vary: X-HTTP-Method-Override
Content-Type: application/json; charset=utf-8
ETag: W/&quot;370-dTE2jiWDUpBVgBRiqETyupcduWo&quot;
Date: Fri, 02 Dec 2022 04:25:49 GMT
Connection: keep-alive
Keep-Alive: timeout=600
content-length: 880

\n\tat io.appium.uiautomator2.http.ServerHandler.channelRead(ServerHandler.java:68)\n\tat 09:55:49.656 [AsyncHttpClient-1-2] DEBUG org.asynchttpclient.netty.channel.ChannelManager - Adding key: http://0.0.0.0:4723 for channel [id: 0x007e0974, L:/127.0.0.1:56617 - R:/127.0.0.1:4723]
io.netty.channel.AbstractChannelHandlerContext.invokeChannelRead(AbstractChannelHandlerContext.java:366)\n\tat io.netty.channel.AbstractChannelHandlerContext.invokeChannelRead(AbstractChannelHandlerContext.java:352)\n\tat io.netty.chann...
[debug] &amp;#27;[35m[W3C]&amp;#27;[39m Matched W3C error code &apos;no such element&apos; to NoSuchElementError
[debug] &amp;#27;[35m[W3C (7ae98af1)]&amp;#27;[39m Encountered internal error running command: NoSuchElementError: An element could not be located on the page using the given search parameters.
[debug] &amp;#27;[35m[W3C (7ae98af1)]&amp;#27;[39m     at AndroidUiautomator2Driver.findElOrEls (C:\Users\manis\AppData\Roaming\npm\node_modules\appium\node_modules\appium-android-driver\lib\commands\find.js:75:11)
[debug] &amp;#27;[35m[W3C (7ae98af1)]&amp;#27;[39m     at processTicksAndRejections (node:internal/process/task_queues:95:5)
[debug] &amp;#27;[35m[W3C (7ae98af1)]&amp;#27;[39m     at AndroidUiautomator2Driver.findElOrElsWithProcessing (C:\Users\manis\AppData\Roaming\npm\node_modules\appium\node_modules\appium-base-driver\lib\basedriver\commands\find.js:33:12)
[debug] &amp;#27;[35m[W3C (7ae98af1)]&amp;#27;[39m     at AndroidUiautomator2Driver.findElement (C:\Users\manis\AppData\Roaming\npm\node_modules\appium\node_modules\appium-base-driver\lib\basedriver\commands\find.js:53:10)
&amp;#27;[35m[HTTP]&amp;#27;[39m &amp;#27;[37m&lt;-- POST /wd/hub/session/7ae98af1-f0c4-48bb-82e0-609d7d4c050b/element &amp;#27;[39m&amp;#27;[33m404&amp;#27;[39m &amp;#27;[90m51 ms - 880&amp;#27;[39m
&amp;#27;[35m[HTTP]&amp;#27;[39m &amp;#27;[90m&amp;#27;[39m
09:55:49.731 [AsyncHttpClient-1-1] DEBUG org.asynchttpclient.netty.channel.DefaultChannelPool - Entry count for : http://0.0.0.0:4723 : 1
09:55:50.162 [Forwarding findElement on session 7ae98af1-f0c4-48bb-82e0-609d7d4c050b to remote] DEBUG org.asynchttpclient.netty.request.NettyRequestSender - Using pooled Channel &apos;[id: 0x007e0974, L:/127.0.0.1:56617 - R:/127.0.0.1:4723]&apos; for &apos;POST&apos; to &apos;http://0.0.0.0:4723/wd/hub/session/7ae98af1-f0c4-48bb-82e0-609d7d4c050b/element&apos;
09:55:50.162 [Forwarding findElement on session 7ae98af1-f0c4-48bb-82e0-609d7d4c050b to remote] DEBUG org.asynchttpclient.netty.request.NettyRequestSender - Using open Channel [id: 0x007e0974, L:/127.0.0.1:56617 - R:/127.0.0.1:4723] for POST &apos;/wd/hub/session/7ae98af1-f0c4-48bb-82e0-609d7d4c050b/element&apos;
&amp;#27;[35m[HTTP]&amp;#27;[39m &amp;#27;[37m--&gt;&amp;#27;[39m &amp;#27;[37mPOST&amp;#27;[39m &amp;#27;[37m/wd/hub/session/7ae98af1-f0c4-48bb-82e0-609d7d4c050b/element&amp;#27;[39m
&amp;#27;[35m[HTTP]&amp;#27;[39m &amp;#27;[90m{&quot;using&quot;:&quot;id&quot;,&quot;value&quot;:&quot;com.example.android.testing.notes.mock:id/add_note_title&quot;}&amp;#27;[39m
[debug] &amp;#27;[35m[W3C (7ae98af1)]&amp;#27;[39m Calling AppiumDriver.findElement() with args: [&quot;id&quot;,&quot;com.example.android.testing.notes.mock:id/add_note_title&quot;,&quot;7ae98af1-f0c4-48bb-82e0-609d7d4c050b&quot;]
[debug] &amp;#27;[35m[BaseDriver]&amp;#27;[39m Valid locator strategies for this request: xpath, id, class name, accessibility id, css selector, -android uiautomator
[debug] &amp;#27;[35m[BaseDriver]&amp;#27;[39m Waiting up to 0 ms for condition
[debug] &amp;#27;[35m[WD Proxy]&amp;#27;[39m Matched &apos;/element&apos; to command name &apos;findElement&apos;
[debug] &amp;#27;[35m[WD Proxy]&amp;#27;[39m Proxying [POST /element] to [POST http://127.0.0.1:8200/wd/hub/session/015791bc-716d-4afa-9c1f-c27f676dbeb8/element] with body: {&quot;strategy&quot;:&quot;id&quot;,&quot;selector&quot;:&quot;com.example.android.testing.notes.mock:id/add_note_title&quot;,&quot;context&quot;:&quot;&quot;,&quot;multiple&quot;:false}
[debug] &amp;#27;[35m[WD Proxy]&amp;#27;[39m Got response with status 200: {&quot;sessionId&quot;:&quot;015791bc-716d-4afa-9c1f-c27f676dbeb8&quot;,&quot;value&quot;:{&quot;ELEMENT&quot;:&quot;00000000-0000-1bf9-ffff-ffff0000002b&quot;,&quot;element-6066-11e4-a52e-4f735466c09:55:50.377 [AsyncHttpClient-1-2] DEBUG org.asynchttpclient.netty.handler.HttpHandler - 

Request DefaultHttpRequest(decodeResult: success, version: HTTP/1.1)
POST /wd/hub/session/7ae98af1-f0c4-48bb-82e0-609d7d4c050b/element HTTP/1.1
User-Agent: selenium/4.5.0 (java windows)
Content-Length: 95
Content-Type: application/json; charset=utf-8
host: 0.0.0.0:4723
accept: */*

Response DefaultHttpResponse(decodeResult: success, version: HTTP/1.1)
HTTP/1.1 200 OK
X-Powered-By: Express
Vary: X-HTTP-Method-Override
Content-Type: application/json; charset=utf-8
ETag: W/&quot;89-LcTX1UIc6zv/9LsGiO7qoCNyoWA&quot;
Date: Fri, 02 Dec 2022 04:25:50 GMT
Connection: keep-alive
Keep-Alive: timeout=600
content-length: 137

ecf&quot;:&quot;00000000-0000-1bf9-ffff-ffff0000002b&quot;}}
09:55:50.377 [AsyncHttpClient-1-2] DEBUG org.asynchttpclient.netty.channel.ChannelManager - Adding key: http://0.0.0.0:4723 for channel [id: 0x007e0974, L:/127.0.0.1:56617 - R:/127.0.0.1:4723]
[debug] &amp;#27;[35m[W3C (7ae98af1)]&amp;#27;[39m Responding to client with driver.findElement() result: {&quot;element-6066-11e4-a52e-4f735466cecf&quot;:&quot;00000000-0000-1bf9-ffff-ffff0000002b&quot;,&quot;ELEME09:55:50.379 [Forwarding isElementDisplayed on session 7ae98af1-f0c4-48bb-82e0-609d7d4c050b to remote] DEBUG org.asynchttpclient.netty.request.NettyRequestSender - Using pooled Channel &apos;[id: 0x007e0974, L:/127.0.0.1:56617 - R:/127.0.0.1:4723]&apos; for &apos;GET&apos; to &apos;http://0.0.0.0:4723/wd/hub/session/7ae98af1-f0c4-48bb-82e0-609d7d4c050b/element/00000000-0000-1bf9-ffff-ffff0000002b/displayed&apos;
NT&quot;:&quot;00000000-0000-1bf9-ffff-ffff0000002b&quot;}
&amp;#27;[35m[HTTP]&amp;#27;09:55:50.379 [Forwarding isElementDisplayed on session 7ae98af1-f0c4-48bb-82e0-609d7d4c050b to remote] DEBUG org.asynchttpclient.netty.request.NettyRequestSender - Using open Channel [id: 0x007e0974, L:/127.0.0.1:56617 - R:/127.0.0.1:4723] for GET &apos;/wd/hub/session/7ae98af1-f0c4-48bb-82e0-609d7d4c050b/element/00000000-0000-1bf9-ffff-ffff0000002b/displayed&apos;
[39m &amp;#27;[37m&lt;-- POST /wd/hub/session/7ae98af1-f0c4-48bb-82e0-609d7d4c050b/element &amp;#27;[39m&amp;#27;[32m200&amp;#27;[39m &amp;#27;[90m211 ms - 137&amp;#27;[39m
&amp;#27;[35m[HTTP]&amp;#27;[39m &amp;#27;[90m&amp;#27;[39m
&amp;#27;[35m[HTTP]&amp;#27;[39m &amp;#27;[37m--&gt;&amp;#27;[39m &amp;#27;[37mGET&amp;#27;[39m &amp;#27;[37m/wd/hub/session/7ae98af1-f0c4-48bb-82e0-609d7d4c050b/element/00000000-0000-1bf9-ffff-ffff0000002b/displayed&amp;#27;[39m
&amp;#27;[35m[HTTP]&amp;#27;[39m &amp;#27;[90m{}&amp;#27;[39m
[debug] &amp;#27;[35m[W3C (7ae98af1)]&amp;#27;[39m Calling AppiumDriver.elementDisplayed() with args: [&quot;00000000-0000-1bf9-ffff-ffff0000002b&quot;,&quot;7ae98af1-f0c4-48bb-82e0-609d7d4c050b&quot;]
[debug] &amp;#27;[35m[WD Proxy]&amp;#27;[39m Matched &apos;/element/00000000-0000-1bf9-ffff-ffff0000002b/attribute/displayed&apos; to command name &apos;getAttribute&apos;
[debug] &amp;#27;[35m[WD Proxy]&amp;#27;[39m Proxying [GET /element/00000000-0000-1bf9-ffff-ffff0000002b/attribute/displayed] to [GET http://127.0.0.1:8200/wd/hub/session/015791bc-716d-4afa-9c1f-c27f676dbeb8/element/00000000-0000-1bf9-ffff-ffff0000002b/attribute/displayed] with no body
[debug] &amp;#27;[35m[WD Proxy]&amp;#27;[39m Got response with status 200: {&quot;sessionId&quot;:&quot;015791bc-716d-4afa-9c1f-c27f676dbeb8&quot;,&quot;value&quot;:&quot;true&quot;}
[debug] &amp;#27;[35m[W3C (7ae98af1)]&amp;#27;[39m Responding to client with driver.elementDisplayed() result: true
09:55:50.397 [AsyncHttpClient-1-2] DEBUG org.asynchttpclient.netty.handler.HttpHandler - 

Request DefaultFullHttpRequest(decodeResult: success, version: HTTP/1.1, content: EmptyByteBufBE)
GET /wd/hub/session/7ae98af1-f0c4-48bb-82e0-609d7d4c050b/element/00000000-0000-1bf9-ffff-ffff0000002b/displayed HTTP/1.1
User-Agent: selenium/4.5.0 (java windows)
Cache-Control: no-cache
Content-Type: application/json; charset=utf-8
host: 0.0.0.0:4723
accept: */*

Response DefaultHttpResponse(decodeResult: success, version: HTTP/1.1)
HTTP/1.1 200 OK
X-Powered-By: Express
Content-Type: application/json; charset=utf-8
ETag: W/&quot;e-2ZHvAWebNQpyjGZTg6uyV8/spTo&quot;
Date: Fri, 02 Dec 2022 04:25:50 GMT
Connection: keep-alive
Keep-Alive: timeout=600
content-length: 14

&amp;#27;[35m[HTTP]&amp;#27;[39m &amp;#27;[37m&lt;-- GET /wd/hub/session/7ae98af1-f0c4-48bb-82e0-609d7d4c050b/e09:55:50.397 [AsyncHttpClient-1-2] DEBUG org.asynchttpclient.netty.channel.ChannelManager - Adding key: http://0.0.0.0:4723 for channel [id: 0x007e0974, L:/127.0.0.1:56617 - R:/127.0.0.1:4723]
lement/00000000-0000-1bf9-ffff-ffff0000002b/displayed &amp;#27;[39m&amp;#27;[32m200&amp;#27;[39m &amp;#27;[90m15 ms - 14&amp;#27;[39m
&amp;#27;[35m[HTTP]&amp;#27;[39m &amp;#27;[90m&amp;#27;[39m
09:55:50.398 [Forwarding findElement on session 7ae98af1-f0c4-48bb-82e0-609d7d4c050b to remote] DEBUG org.asynchttpclient.netty.request.NettyRequestSender - Using pooled Channel &apos;[id: 0x007e0974, L:/127.0.0.1:56617 - R:/127.0.0.1:4723]&apos; for &apos;POST&apos; to &apos;http://0.0.0.0:4723/wd/hub/session/7ae98af1-f0c4-48bb-82e0-609d7d4c050b/element&apos;
09:55:50.398 [Forwarding findElement on session 7ae98af1-f0c4-48bb-82e0-609d7d4c050b to remote] DEBUG org.asynchttpclient.netty.request.NettyRequestSender - Using open Channel [id: 0x007e0974, L:/127.0.0.1:56617 - R:/127.0.0.1:4723] for POST &apos;/wd/hub/session/7ae98af1-f0c4-48bb-82e0-609d7d4c050b/element&apos;
&amp;#27;[35m[HTTP]&amp;#27;[39m &amp;#27;[37m--&gt;&amp;#27;[39m &amp;#27;[37mPOST&amp;#27;[39m &amp;#27;[37m/wd/hub/session/7ae98af1-f0c4-48bb-82e0-609d7d4c050b/element&amp;#27;[39m
&amp;#27;[35m[HTTP]&amp;#27;[39m &amp;#27;[90m{&quot;using&quot;:&quot;id&quot;,&quot;value&quot;:&quot;com.example.android.testing.notes.mock:id/add_note_title&quot;}&amp;#27;[39m
[debug] &amp;#27;[35m[W3C (7ae98af1)]&amp;#27;[39m Calling AppiumDriver.findElement() with args: [&quot;id&quot;,&quot;com.example.android.testing.notes.mock:id/add_note_title&quot;,&quot;7ae98af1-f0c4-48bb-82e0-609d7d4c050b&quot;]
[debug] &amp;#27;[35m[BaseDriver]&amp;#27;[39m Valid locator strategies for this request: xpath, id, class name, accessibility id, css selector, -android uiautomator
[debug] &amp;#27;[35m[BaseDriver]&amp;#27;[39m Waiting up to 0 ms for condition
[debug] &amp;#27;[35m[WD Proxy]&amp;#27;[39m Matched &apos;/element&apos; to command name &apos;findElement&apos;
[debug] &amp;#27;[35m[WD Proxy]&amp;#27;[39m Proxying [POST /element] to [POST http://127.0.0.1:8200/wd/hub/session/015791bc-716d-4afa-9c1f-c27f676dbeb8/element] with body: {&quot;strategy&quot;:&quot;id&quot;,&quot;selector&quot;:&quot;com.example.android.testing.notes.mock:id/add_note_title&quot;,&quot;context&quot;:&quot;&quot;,&quot;multiple&quot;:false}
[debug] &amp;#27;[35m[WD Proxy]&amp;#27;[39m Got response with status 200: {&quot;sessionId&quot;:&quot;015791bc-716d-4afa-9c1f-c27f676dbeb8&quot;,&quot;value&quot;:{&quot;ELEMENT&quot;:&quot;00000000-0000-1bf9-ffff-ffff0000002b&quot;,&quot;element-6066-11e4-a52e-4f735466cecf&quot;:&quot;00000000-0000-1bf9-ffff-ffff09:55:50.427 [AsyncHttpClient-1-2] DEBUG org.asynchttpclient.netty.handler.HttpHandler - 

Request DefaultHttpRequest(decodeResult: success, version: HTTP/1.1)
POST /wd/hub/session/7ae98af1-f0c4-48bb-82e0-609d7d4c050b/element HTTP/1.1
User-Agent: selenium/4.5.0 (java windows)
Content-Length: 95
Content-Type: application/json; charset=utf-8
host: 0.0.0.0:4723
accept: */*

Response DefaultHttpResponse(decodeResult: success, version: HTTP/1.1)
HTTP/1.1 200 OK
X-Powered-By: Express
Vary: X-HTTP-Method-Override
Content-Type: application/json; charset=utf-8
ETag: W/&quot;89-LcTX1UIc6zv/9LsGiO7qoCNyoWA&quot;
Date: Fri, 02 Dec 2022 04:25:50 GMT
Connection: keep-alive
Keep-Alive: timeout=600
content-length: 137

0000002b&quot;}}
[debug] &amp;#27;[35m[W3C (7ae909:55:50.427 [AsyncHttpClient-1-2] DEBUG org.asynchttpclient.netty.channel.ChannelManager - Adding key: http://0.0.0.0:4723 for channel [id: 0x007e0974, L:/127.0.0.1:56617 - R:/127.0.0.1:4723]
8af1)]&amp;#27;[39m Responding to client with driver.findElement() result: {&quot;element-6066-11e4-a52e-4f735466cecf&quot;:&quot;00000000-0000-1bf9-ffff-ffff0000002b&quot;,&quot;ELEMENT&quot;:&quot;00000000-0000-1bf9-ffff-ffff0000002b&quot;}
&amp;#27;[35m[HTTP]&amp;#27;[39m &amp;#27;[37m&lt;-- POST /wd/hub/session/7ae98af1-f0c4-48bb-82e0-609d7d4c050b/element &amp;#27;[39m&amp;#27;[32m200&amp;#27;[39m &amp;#27;[90m27 ms - 137&amp;#27;[39m
&amp;#27;[35m[HTTP]&amp;#27;[39m09:55:50.429 [Forwarding sendKeysToElement on session 7ae98af1-f0c4-48bb-82e0-609d7d4c050b to remote] DEBUG org.asynchttpclient.netty.request.NettyRequestSender - Using pooled Channel &apos;[id: 0x007e0974, L:/127.0.0.1:56617 - R:/127.0.0.1:4723]&apos; for &apos;POST&apos; to &apos;http://0.0.0.0:4723/wd/hub/session/7ae98af1-f0c4-48bb-82e0-609d7d4c050b/element/00000000-0000-1bf9-ffff-ffff0000002b/value&apos;
 &amp;#27;[90m&amp;#27;[39m
09:55:50.429 [Forwarding sendKeysToElement on session 7ae98af1-f0c4-48bb-82e0-609d7d4c050b to remote] DEBUG org.asynchttpclient.netty.request.NettyRequestSender - Using open Channel [id: 0x007e0974, L:/127.0.0.1:56617 - R:/127.0.0.1:4723] for POST &apos;/wd/hub/session/7ae98af1-f0c4-48bb-82e0-609d7d4c050b/element/00000000-0000-1bf9-ffff-ffff0000002b/value&apos;
&amp;#27;[35m[HTTP]&amp;#27;[39m &amp;#27;[37m--&gt;&amp;#27;[39m &amp;#27;[37mPOST&amp;#27;[39m &amp;#27;[37m/wd/hub/session/7ae98af1-f0c4-48bb-82e0-609d7d4c050b/element/00000000-0000-1bf9-ffff-ffff0000002b/value&amp;#27;[39m
&amp;#27;[35m[HTTP]&amp;#27;[39m &amp;#27;[90m{&quot;id&quot;:&quot;00000000-0000-1bf9-ffff-ffff0000002b&quot;,&quot;text&quot;:&quot;&quot;,&quot;value&quot;:[]}&amp;#27;[39m
[debug] &amp;#27;[35m[W3C (7ae98af1)]&amp;#27;[39m Calling AppiumDriver.setValue() with args: [[],&quot;00000000-0000-1bf9-ffff-ffff0000002b&quot;,&quot;7ae98af1-f0c4-48bb-82e0-609d7d4c050b&quot;]
[debug] &amp;#27;[35m[WD Proxy]&amp;#27;[39m Matched &apos;/element/00000000-0000-1bf9-ffff-ffff0000002b/value&apos; to command name &apos;setValue&apos;
[debug] &amp;#27;[35m[Protocol Converter]&amp;#27;[39m Added &apos;value&apos; property [] to &apos;setValue&apos; request body
[debug] &amp;#27;[35m[WD Proxy]&amp;#27;[39m Proxying [POST /element/00000000-0000-1bf9-ffff-ffff0000002b/value] to [POST http://127.0.0.1:8200/wd/hub/session/015791bc-716d-4afa-9c1f-c27f676dbeb8/element/00000000-0000-1bf9-ffff-ffff0000002b/value] with body: {&quot;elementId&quot;:&quot;00000000-0000-1bf9-ffff-ffff0000002b&quot;,&quot;text&quot;:&quot;&quot;,&quot;replace&quot;:false,&quot;value&quot;:[]}
[debug] &amp;#27;[35m[WD Proxy]&amp;#27;[39m Got response with status 200: {&quot;sessionId&quot;:&quot;015791bc-716d-4afa-9c1f-c27f676dbeb8&quot;,&quot;value&quot;:null}
[debug] &amp;#27;[35m[W3C (7ae98af1)]&amp;#27;[39m Responding to client wi09:55:51.109 [AsyncHttpClient-1-2] DEBUG org.asynchttpclient.netty.handler.HttpHandler - 

Request DefaultHttpRequest(decodeResult: success, version: HTTP/1.1)
POST /wd/hub/session/7ae98af1-f0c4-48bb-82e0-609d7d4c050b/element/00000000-0000-1bf9-ffff-ffff0000002b/value HTTP/1.1
User-Agent: selenium/4.5.0 (java windows)
Content-Length: 82
Content-Type: application/json; charset=utf-8
host: 0.0.0.0:4723
accept: */*

Response DefaultHttpResponse(decodeResult: success, version: HTTP/1.1)
HTTP/1.1 200 OK
X-Powered-By: Express
Vary: X-HTTP-Method-Override
Content-Type: application/json; charset=utf-8
ETag: W/&quot;e-9/1BuKMgFObM1mWJm+YjxtXJnUM&quot;
Date: Fri, 02 Dec 2022 04:25:51 GMT
Connection: keep-alive
Keep-Alive: timeout=600
content-length: 14

th driver.setValue() 09:55:51.109 [AsyncHttpClient-1-2] DEBUG org.asynchttpclient.netty.channel.ChannelManager - Adding key: http://0.0.0.0:4723 for channel [id: 0x007e0974, L:/127.0.0.1:56617 - R:/127.0.0.1:4723]
result: null
&amp;#27;[35m[HTTP]&amp;#27;[39m &amp;#27;[37m&lt;-- POST /wd/hub/session/7ae98af1-f0c4-48bb-82e0-609d7d4c050b/element/00000000-0000-1bf9-ffff-ffff0000002b/value &amp;#27;[39m&amp;#27;[32m200&amp;#27;[39m &amp;#27;[90m678 ms - 14&amp;#27;[39m
&amp;#27;[35m[HTTP]&amp;#27;[39m &amp;#27;[90m&amp;#27;[39m
09:55:51.111 [Forwarding findElement on session 7ae98af1-f0c4-48bb-82e0-609d7d4c050b to remote] DEBUG org.asynchttpclient.netty.request.NettyRequestSender - Using pooled Channel &apos;[id: 0x007e0974, L:/127.0.0.1:56617 - R:/127.0.0.1:4723]&apos; for &apos;POST&apos; to &apos;http://0.0.0.0:4723/wd/hub/session/7ae98af1-f0c4-48bb-82e0-609d7d4c050b/element&apos;
09:55:51.111 [Forwarding findElement on session 7ae98af1-f0c4-48bb-82e0-609d7d4c050b to remote] DEBUG org.asynchttpclient.netty.request.NettyRequestSender - Using open Channel [id: 0x007e0974, L:/127.0.0.1:56617 - R:/127.0.0.1:4723] for POST &apos;/wd/hub/session/7ae98af1-f0c4-48bb-82e0-609d7d4c050b/element&apos;
&amp;#27;[35m[HTTP]&amp;#27;[39m &amp;#27;[37m--&gt;&amp;#27;[39m &amp;#27;[37mPOST&amp;#27;[39m &amp;#27;[37m/wd/hub/session/7ae98af1-f0c4-48bb-82e0-609d7d4c050b/element&amp;#27;[39m
&amp;#27;[35m[HTTP]&amp;#27;[39m &amp;#27;[90m{&quot;using&quot;:&quot;id&quot;,&quot;value&quot;:&quot;com.example.android.testing.notes.mock:id/add_note_title&quot;}&amp;#27;[39m
[debug] &amp;#27;[35m[W3C (7ae98af1)]&amp;#27;[39m Calling AppiumDriver.findElement() with args: [&quot;id&quot;,&quot;com.example.android.testing.notes.mock:id/add_note_title&quot;,&quot;7ae98af1-f0c4-48bb-82e0-609d7d4c050b&quot;]
[debug] &amp;#27;[35m[BaseDriver]&amp;#27;[39m Valid locator strategies for this request: xpath, id, class name, accessibility id, css selector, -android uiautomator
[debug] &amp;#27;[35m[BaseDriver]&amp;#27;[39m Waiting up to 0 ms for condition
[debug] &amp;#27;[35m[WD Proxy]&amp;#27;[39m Matched &apos;/element&apos; to command name &apos;findElement&apos;
[debug] &amp;#27;[35m[WD Proxy]&amp;#27;[39m Proxying [POST /element] to [POST http://127.0.0.1:8200/wd/hub/session/015791bc-716d-4afa-9c1f-c27f676dbeb8/element] with body: {&quot;strategy&quot;:&quot;id&quot;,&quot;selector&quot;:&quot;com.example.android.testing.notes.mock:id/add_note_title&quot;,&quot;context&quot;:&quot;&quot;,&quot;multiple&quot;:false}
[debug] &amp;#27;[35m[WD Proxy]&amp;#27;[39m Got response with status 200: {&quot;sessionId&quot;:&quot;015791bc-716d-4afa-9c1f-c27f676dbeb8&quot;,&quot;value&quot;:{&quot;ELEMENT&quot;:&quot;00000000-0009:55:52.134 [AsyncHttpClient-1-2] DEBUG org.asynchttpclient.netty.handler.HttpHandler - 

Request DefaultHttpRequest(decodeResult: success, version: HTTP/1.1)
POST /wd/hub/session/7ae98af1-f0c4-48bb-82e0-609d7d4c050b/element HTTP/1.1
User-Agent: selenium/4.5.0 (java windows)
Content-Length: 95
Content-Type: application/json; charset=utf-8
host: 0.0.0.0:4723
accept: */*

Response DefaultHttpResponse(decodeResult: success, version: HTTP/1.1)
HTTP/1.1 200 OK
X-Powered-By: Express
Vary: X-HTTP-Method-Override
Content-Type: application/json; charset=utf-8
ETag: W/&quot;89-LcTX1UIc6zv/9LsGiO7qoCNyoWA&quot;
Date: Fri, 02 Dec 2022 04:25:52 GMT
Connection: keep-alive
Keep-Alive: timeout=600
content-length: 137

00-1bf9-ffff-ffff0000002b&quot;,&quot;element-6066-11e4-a52e-4f735409:55:52.135 [AsyncHttpClient-1-2] DEBUG org.asynchttpclient.netty.channel.ChannelManager - Adding key: http://0.0.0.0:4723 for channel [id: 0x007e0974, L:/127.0.0.1:56617 - R:/127.0.0.1:4723]
66cecf&quot;:&quot;00000000-0000-1bf9-ffff-ffff0000002b&quot;}}
[debug] &amp;#27;[35m[W3C (7ae98af1)]&amp;#27;[39m Responding to client with driver.findElement() result: {&quot;element-6066-11e4-a52e-4f735466cecf&quot;:&quot;00000000-0000-1bf9-ffff-ffff0000002b&quot;,&quot;ELEMENT&quot;:&quot;00000000-0000-1bf9-ffff-ffff09:55:52.137 [Forwarding sendKeysToElement on session 7ae98af1-f0c4-48bb-82e0-609d7d4c050b to remote] DEBUG org.asynchttpclient.netty.request.NettyRequestSender - Using pooled Channel &apos;[id: 0x007e0974, L:/127.0.0.1:56617 - R:/127.0.0.1:4723]&apos; for &apos;POST&apos; to &apos;http://0.0.0.0:4723/wd/hub/session/7ae98af1-f0c4-48bb-82e0-609d7d4c050b/element/00000000-0000-1bf9-ffff-ffff0000002b/value&apos;
0000002b&quot;}
&amp;#27;[35m[HTTP]&amp;#27;[3909:55:52.137 [Forwarding sendKeysToElement on session 7ae98af1-f0c4-48bb-82e0-609d7d4c050b to remote] DEBUG org.asynchttpclient.netty.request.NettyRequestSender - Using open Channel [id: 0x007e0974, L:/127.0.0.1:56617 - R:/127.0.0.1:4723] for POST &apos;/wd/hub/session/7ae98af1-f0c4-48bb-82e0-609d7d4c050b/element/00000000-0000-1bf9-ffff-ffff0000002b/value&apos;
m &amp;#27;[37m&lt;-- POST /wd/hub/session/7ae98af1-f0c4-48bb-82e0-609d7d4c050b/element &amp;#27;[39m&amp;#27;[32m200&amp;#27;[39m &amp;#27;[90m1021 ms - 137&amp;#27;[39m
&amp;#27;[35m[HTTP]&amp;#27;[39m &amp;#27;[90m&amp;#27;[39m
&amp;#27;[35m[HTTP]&amp;#27;[39m &amp;#27;[37m--&gt;&amp;#27;[39m &amp;#27;[37mPOST&amp;#27;[39m &amp;#27;[37m/wd/hub/session/7ae98af1-f0c4-48bb-82e0-609d7d4c050b/element/00000000-0000-1bf9-ffff-ffff0000002b/value&amp;#27;[39m
&amp;#27;[35m[HTTP]&amp;#27;[39m &amp;#27;[90m{&quot;id&quot;:&quot;00000000-0000-1bf9-ffff-ffff0000002b&quot;,&quot;text&quot;:&quot;City&quot;,&quot;value&quot;:[&quot;C&quot;,&quot;i&quot;,&quot;t&quot;,&quot;y&quot;]}&amp;#27;[39m
[debug] &amp;#27;[35m[W3C (7ae98af1)]&amp;#27;[39m Calling AppiumDriver.setValue() with args: [[&quot;C&quot;,&quot;i&quot;,&quot;t&quot;,&quot;y&quot;],&quot;00000000-0000-1bf9-ffff-ffff0000002b&quot;,&quot;7ae98af1-f0c4-48bb-82e0-609d7d4c050b&quot;]
[debug] &amp;#27;[35m[WD Proxy]&amp;#27;[39m Matched &apos;/element/00000000-0000-1bf9-ffff-ffff0000002b/value&apos; to command name &apos;setValue&apos;
[debug] &amp;#27;[35m[Protocol Converter]&amp;#27;[39m Added &apos;value&apos; property [&quot;C&quot;,&quot;i&quot;,&quot;t&quot;,&quot;y&quot;] to &apos;setValue&apos; request body
[debug] &amp;#27;[35m[WD Proxy]&amp;#27;[39m Proxying [POST /element/00000000-0000-1bf9-ffff-ffff0000002b/value] to [POST http://127.0.0.1:8200/wd/hub/session/015791bc-716d-4afa-9c1f-c27f676dbeb8/element/00000000-0000-1bf9-ffff-ffff0000002b/value] with body: {&quot;elementId&quot;:&quot;00000000-0000-1bf9-ffff-ffff0000002b&quot;,&quot;text&quot;:&quot;City&quot;,&quot;replace&quot;:false,&quot;value&quot;:[&quot;C&quot;,&quot;i&quot;,&quot;t&quot;,&quot;y&quot;]}
[debug] &amp;#27;[35m[WD Proxy]&amp;#27;[39m Got response with status 200: {&quot;sessionId&quot;:&quot;015791bc-716d-4afa-9c1f-c27f676dbeb8&quot;,&quot;value&quot;:null}
[debug] &amp;#27;[35m[W3C (7ae98af1)]&amp;#27;[39m Responding to client with d09:55:52.820 [AsyncHttpClient-1-2] DEBUG org.asynchttpclient.netty.handler.HttpHandler - 

Request DefaultHttpRequest(decodeResult: success, version: HTTP/1.1)
POST /wd/hub/session/7ae98af1-f0c4-48bb-82e0-609d7d4c050b/element/00000000-0000-1bf9-ffff-ffff0000002b/value HTTP/1.1
User-Agent: selenium/4.5.0 (java windows)
Content-Length: 121
Content-Type: application/json; charset=utf-8
host: 0.0.0.0:4723
accept: */*

Response DefaultHttpResponse(decodeResult: success, version: HTTP/1.1)
HTTP/1.1 200 OK
X-Powered-By: Express
Vary: X-HTTP-Method-Override
Content-Type: application/json; charset=utf-8
ETag: W/&quot;e-9/1BuKMgFObM1mWJm+YjxtXJnUM&quot;
Date: Fri, 02 Dec 2022 04:25:52 GMT
Connection: keep-alive
Keep-Alive: timeout=600
content-length: 14

river.setValue() result: n09:55:52.820 [AsyncHttpClient-1-2] DEBUG org.asynchttpclient.netty.channel.ChannelManager - Adding key: http://0.0.0.0:4723 for channel [id: 0x007e0974, L:/127.0.0.1:56617 - R:/127.0.0.1:4723]
ull
&amp;#27;[35m[HTTP]&amp;#27;[39m &amp;#27;[37m&lt;-- POST /wd/hub/session/7ae98af1-f0c4-48bb-82e0-609d7d4c050b/element/00000000-0000-1bf9-ffff-ffff0000002b/value &amp;#27;[39m&amp;#27;[32m200&amp;#27;[39m &amp;#27;[90m680 ms - 14&amp;#27;[39m
&amp;#27;[35m[HTTP]&amp;#27;[39m &amp;#27;[90m&amp;#27;[39m09:55:52.822 [Forwarding findElement on session 7ae98af1-f0c4-48bb-82e0-609d7d4c050b to remote] DEBUG org.asynchttpclient.netty.request.NettyRequestSender - Using pooled Channel &apos;[id: 0x007e0974, L:/127.0.0.1:56617 - R:/127.0.0.1:4723]&apos; for &apos;POST&apos; to &apos;http://0.0.0.0:4723/wd/hub/session/7ae98af1-f0c4-48bb-82e0-609d7d4c050b/element&apos;
09:55:52.822 [Forwarding findElement on session 7ae98af1-f0c4-48bb-82e0-609d7d4c050b to remote] DEBUG org.asynchttpclient.netty.request.NettyRequestSender - Using open Channel [id: 0x007e0974, L:/127.0.0.1:56617 - R:/127.0.0.1:4723] for POST &apos;/wd/hub/session/7ae98af1-f0c4-48bb-82e0-609d7d4c050b/element&apos;

&amp;#27;[35m[HTTP]&amp;#27;[39m &amp;#27;[37m--&gt;&amp;#27;[39m &amp;#27;[37mPOST&amp;#27;[39m &amp;#27;[37m/wd/hub/session/7ae98af1-f0c4-48bb-82e0-609d7d4c050b/element&amp;#27;[39m
&amp;#27;[35m[HTTP]&amp;#27;[39m &amp;#27;[90m{&quot;using&quot;:&quot;id&quot;,&quot;value&quot;:&quot;com.example.android.testing.notes.mock:id/add_note_description&quot;}&amp;#27;[39m
[debug] &amp;#27;[35m[W3C (7ae98af1)]&amp;#27;[39m Calling AppiumDriver.findElement() with args: [&quot;id&quot;,&quot;com.example.android.testing.notes.mock:id/add_note_description&quot;,&quot;7ae98af1-f0c4-48bb-82e0-609d7d4c050b&quot;]
[debug] &amp;#27;[35m[BaseDriver]&amp;#27;[39m Valid locator strategies for this request: xpath, id, class name, accessibility id, css selector, -android uiautomator
[debug] &amp;#27;[35m[BaseDriver]&amp;#27;[39m Waiting up to 0 ms for condition
[debug] &amp;#27;[35m[WD Proxy]&amp;#27;[39m Matched &apos;/element&apos; to command name &apos;findElement&apos;
[debug] &amp;#27;[35m[WD Proxy]&amp;#27;[39m Proxying [POST /element] to [POST http://127.0.0.1:8200/wd/hub/session/015791bc-716d-4afa-9c1f-c27f676dbeb8/element] with body: {&quot;strategy&quot;:&quot;id&quot;,&quot;selector&quot;:&quot;com.example.android.testing.notes.mock:id/add_note_description&quot;,&quot;context&quot;:&quot;&quot;,&quot;multiple&quot;:false}
[debug] &amp;#27;[35m[WD Proxy]&amp;#27;[39m Got response with status 200: {&quot;sessionId&quot;:&quot;015791bc-716d-4afa-9c1f-c27f676dbeb8&quot;,&quot;value&quot;:{&quot;ELEMENT&quot;:&quot;00000000-0000-1bf9-ffff-ffff0000002c&quot;,&quot;element-6066-11e4-a52e-4f735466cecf&quot;:&quot;00000000-0000-1b09:55:53.679 [AsyncHttpClient-1-2] DEBUG org.asynchttpclient.netty.handler.HttpHandler - 

Request DefaultHttpRequest(decodeResult: success, version: HTTP/1.1)
POST /wd/hub/session/7ae98af1-f0c4-48bb-82e0-609d7d4c050b/element HTTP/1.1
User-Agent: selenium/4.5.0 (java windows)
Content-Length: 101
Content-Type: application/json; charset=utf-8
host: 0.0.0.0:4723
accept: */*

Response DefaultHttpResponse(decodeResult: success, version: HTTP/1.1)
HTTP/1.1 200 OK
X-Powered-By: Express
Vary: X-HTTP-Method-Override
Content-Type: application/json; charset=utf-8
ETag: W/&quot;89-DIU++7kdfVtXVK1UaXBmw04nxj0&quot;
Date: Fri, 02 Dec 2022 04:25:53 GMT
Connection: keep-alive
Keep-Alive: timeout=600
content-length: 137

f9-ffff-ffff0000002c&quot;}}
[debug] 09:55:53.679 [AsyncHttpClient-1-2] DEBUG org.asynchttpclient.netty.channel.ChannelManager - Adding key: http://0.0.0.0:4723 for channel [id: 0x007e0974, L:/127.0.0.1:56617 - R:/127.0.0.1:4723]
&amp;#27;[35m[W3C (7ae98af1)]&amp;#27;[39m Responding to client with driver.findElement() result: {&quot;element-6066-11e4-a52e-4f735466cecf&quot;:&quot;00000000-0000-1bf9-ffff-ffff0000002c&quot;,&quot;ELEMENT&quot;:&quot;00000000-0000-1bf9-ffff-ffff0000009:55:53.681 [Forwarding isElementDisplayed on session 7ae98af1-f0c4-48bb-82e0-609d7d4c050b to remote] DEBUG org.asynchttpclient.netty.request.NettyRequestSender - Using pooled Channel &apos;[id: 0x007e0974, L:/127.0.0.1:56617 - R:/127.0.0.1:4723]&apos; for &apos;GET&apos; to &apos;http://0.0.0.0:4723/wd/hub/session/7ae98af1-f0c4-48bb-82e0-609d7d4c050b/element/00000000-0000-1bf9-ffff-ffff0000002c/displayed&apos;
02c&quot;}
09:55:53.681 [Forwarding isElementDisplayed on session 7ae98af1-f0c4-48bb-82e0-609d7d4c050b to remote] DEBUG org.asynchttpclient.netty.request.NettyRequestSender - Using open Channel [id: 0x007e0974, L:/127.0.0.1:56617 - R:/127.0.0.1:4723] for GET &apos;/wd/hub/session/7ae98af1-f0c4-48bb-82e0-609d7d4c050b/element/00000000-0000-1bf9-ffff-ffff0000002c/displayed&apos;
&amp;#27;[35m[HTTP]&amp;#27;[39m &amp;#27;[37m&lt;-- POST /wd/hub/session/7ae98af1-f0c4-48bb-82e0-609d7d4c050b/element &amp;#27;[39m&amp;#27;[32m200&amp;#27;[39m &amp;#27;[90m856 ms - 137&amp;#27;[39m
&amp;#27;[35m[HTTP]&amp;#27;[39m &amp;#27;[90m&amp;#27;[39m
&amp;#27;[35m[HTTP]&amp;#27;[39m &amp;#27;[37m--&gt;&amp;#27;[39m &amp;#27;[37mGET&amp;#27;[39m &amp;#27;[37m/wd/hub/session/7ae98af1-f0c4-48bb-82e0-609d7d4c050b/element/00000000-0000-1bf9-ffff-ffff0000002c/displayed&amp;#27;[39m
&amp;#27;[35m[HTTP]&amp;#27;[39m &amp;#27;[90m{}&amp;#27;[39m
[debug] &amp;#27;[35m[W3C (7ae98af1)]&amp;#27;[39m Calling AppiumDriver.elementDisplayed() with args: [&quot;00000000-0000-1bf9-ffff-ffff0000002c&quot;,&quot;7ae98af1-f0c4-48bb-82e0-609d7d4c050b&quot;]
[debug] &amp;#27;[35m[WD Proxy]&amp;#27;[39m Matched &apos;/element/00000000-0000-1bf9-ffff-ffff0000002c/attribute/displayed&apos; to command name &apos;getAttribute&apos;
[debug] &amp;#27;[35m[WD Proxy]&amp;#27;[39m Proxying [GET /element/00000000-0000-1bf9-ffff-ffff0000002c/attribute/displayed] to [GET http://127.0.0.1:8200/wd/hub/session/015791bc-716d-4afa-9c1f-c27f676dbeb8/element/00000000-0000-1bf9-ffff-ffff0000002c/attribute/displayed] with no body
[debug] &amp;#27;[35m[WD Proxy]&amp;#27;[39m Got response with status 200: {&quot;sessionId&quot;:&quot;015791bc-716d-4afa-9c1f-c27f676dbeb8&quot;,&quot;value&quot;:&quot;true&quot;}
[debug] &amp;#27;[35m[W3C (7ae98af1)]&amp;#27;[39m Responding to client with driver.elementDisplayed() result: true
09:55:53.704 [AsyncHttpClient-1-2] DEBUG org.asynchttpclient.netty.handler.HttpHandler - 

Request DefaultFullHttpRequest(decodeResult: success, version: HTTP/1.1, content: EmptyByteBufBE)
GET /wd/hub/session/7ae98af1-f0c4-48bb-82e0-609d7d4c050b/element/00000000-0000-1bf9-ffff-ffff0000002c/displayed HTTP/1.1
User-Agent: selenium/4.5.0 (java windows)
Cache-Control: no-cache
Content-Type: application/json; charset=utf-8
host: 0.0.0.0:4723
accept: */*

Response DefaultHttpResponse(decodeResult: success, version: HTTP/1.1)
HTTP/1.1 200 OK
X-Powered-By: Express
Content-Type: application/json; charset=utf-8
ETag: W/&quot;e-2ZHvAWebNQpyjGZTg6uyV8/spTo&quot;
Date: Fri, 02 Dec 2022 04:25:53 GMT
Connection: keep-alive
Keep-Alive: timeout=600
content-length: 14

&amp;#27;[35m[HTTP]&amp;#27;[39m &amp;#27;[37m&lt;-- GET /wd/hub/session/7ae98af1-f0c4-48bb-82e0-609d7d4c050b/element/00000000-0000-1bf9-ffff-ffff0000002c/displayed &amp;#27;[39m&amp;#27;[309:55:53.704 [AsyncHttpClient-1-2] DEBUG org.asynchttpclient.netty.channel.ChannelManager - Adding key: http://0.0.0.0:4723 for channel [id: 0x007e0974, L:/127.0.0.1:56617 - R:/127.0.0.1:4723]
2m200&amp;#27;[39m &amp;#27;[90m22 ms - 14&amp;#27;[39m
&amp;#27;[35m[HTTP]&amp;#27;[39m &amp;#27;[90m&amp;#27;[39m
09:55:53.706 [Forwarding findElement on session 7ae98af1-f0c4-48bb-82e0-609d7d4c050b to remote] DEBUG org.asynchttpclient.netty.request.NettyRequestSender - Using pooled Channel &apos;[id: 0x007e0974, L:/127.0.0.1:56617 - R:/127.0.0.1:4723]&apos; for &apos;POST&apos; to &apos;http://0.0.0.0:4723/wd/hub/session/7ae98af1-f0c4-48bb-82e0-609d7d4c050b/element&apos;
09:55:53.706 [Forwarding findElement on session 7ae98af1-f0c4-48bb-82e0-609d7d4c050b to remote] DEBUG org.asynchttpclient.netty.request.NettyRequestSender - Using open Channel [id: 0x007e0974, L:/127.0.0.1:56617 - R:/127.0.0.1:4723] for POST &apos;/wd/hub/session/7ae98af1-f0c4-48bb-82e0-609d7d4c050b/element&apos;
&amp;#27;[35m[HTTP]&amp;#27;[39m &amp;#27;[37m--&gt;&amp;#27;[39m &amp;#27;[37mPOST&amp;#27;[39m &amp;#27;[37m/wd/hub/session/7ae98af1-f0c4-48bb-82e0-609d7d4c050b/element&amp;#27;[39m
&amp;#27;[35m[HTTP]&amp;#27;[39m &amp;#27;[90m{&quot;using&quot;:&quot;id&quot;,&quot;value&quot;:&quot;com.example.android.testing.notes.mock:id/add_note_description&quot;}&amp;#27;[39m
[debug] &amp;#27;[35m[W3C (7ae98af1)]&amp;#27;[39m Calling AppiumDriver.findElement() with args: [&quot;id&quot;,&quot;com.example.android.testing.notes.mock:id/add_note_description&quot;,&quot;7ae98af1-f0c4-48bb-82e0-609d7d4c050b&quot;]
[debug] &amp;#27;[35m[BaseDriver]&amp;#27;[39m Valid locator strategies for this request: xpath, id, class name, accessibility id, css selector, -android uiautomator
[debug] &amp;#27;[35m[BaseDriver]&amp;#27;[39m Waiting up to 0 ms for condition
[debug] &amp;#27;[35m[WD Proxy]&amp;#27;[39m Matched &apos;/element&apos; to command name &apos;findElement&apos;
[debug] &amp;#27;[35m[WD Proxy]&amp;#27;[39m Proxying [POST /element] to [POST http://127.0.0.1:8200/wd/hub/session/015791bc-716d-4afa-9c1f-c27f676dbeb8/element] with body: {&quot;strategy&quot;:&quot;id&quot;,&quot;selector&quot;:&quot;com.example.android.testing.notes.mock:id/add_note_description&quot;,&quot;context&quot;:&quot;&quot;,&quot;multiple&quot;:false}
[debug] &amp;#27;[35m[WD Proxy]&amp;#27;[39m Got response with status 200: {&quot;sessionId&quot;:&quot;015791bc-716d-4afa-9c1f-c27f676dbeb8&quot;,&quot;value&quot;:{&quot;ELEMENT&quot;:&quot;00000000-0000-1bf9-ffff-ffff0000002c&quot;,&quot;element-6066-11e4-a52e-4f735466cecf&quot;:&quot;00000000-0000-1bf9-ffff-ffff0000002c&quot;}}
[debug] &amp;#27;[35m[W3C (7ae98af1)]&amp;#27;[39m Responding to client with driver.findElement() result: {&quot;element-6066-11e4-a52e-4f735466cecf&quot;:&quot;00000000-0000-1bf9-ffff-ffff0000002c&quot;,&quot;ELEMEN09:55:53.744 [AsyncHttpClient-1-2] DEBUG org.asynchttpclient.netty.handler.HttpHandler - 

Request DefaultHttpRequest(decodeResult: success, version: HTTP/1.1)
POST /wd/hub/session/7ae98af1-f0c4-48bb-82e0-609d7d4c050b/element HTTP/1.1
User-Agent: selenium/4.5.0 (java windows)
Content-Length: 101
Content-Type: application/json; charset=utf-8
host: 0.0.0.0:4723
accept: */*

Response DefaultHttpResponse(decodeResult: success, version: HTTP/1.1)
HTTP/1.1 200 OK
X-Powered-By: Express
Vary: X-HTTP-Method-Override
Content-Type: application/json; charset=utf-8
ETag: W/&quot;89-DIU++7kdfVtXVK1UaXBmw04nxj0&quot;
Date: Fri, 02 Dec 2022 04:25:53 GMT
Connection: keep-alive
Keep-Alive: timeout=600
content-length: 137

T&quot;:&quot;00000000-0000-1bf9-ffff-ffff0000002c&quot;}
&amp;#27;[35m[HTTP]&amp;#27;[39m &amp;#27;[37m&lt;-- 09:55:53.745 [AsyncHttpClient-1-2] DEBUG org.asynchttpclient.netty.channel.ChannelManager - Adding key: http://0.0.0.0:4723 for channel [id: 0x007e0974, L:/127.0.0.1:56617 - R:/127.0.0.1:4723]
POST /wd/hub/session/7ae98af1-f0c4-48bb-82e0-609d7d4c050b/element &amp;#27;[39m&amp;#27;[32m200&amp;#27;[39m &amp;#27;[90m36 ms - 137&amp;#27;[39m
&amp;#27;[35m[HTTP]&amp;#27;[39m &amp;#27;[90m&amp;#27;[39m
09:55:53.746 [Forwarding sendKeysToElement on session 7ae98af1-f0c4-48bb-82e0-609d7d4c050b to remote] DEBUG org.asynchttpclient.netty.request.NettyRequestSender - Using pooled Channel &apos;[id: 0x007e0974, L:/127.0.0.1:56617 - R:/127.0.0.1:4723]&apos; for &apos;POST&apos; to &apos;http://0.0.0.0:4723/wd/hub/session/7ae98af1-f0c4-48bb-82e0-609d7d4c050b/element/00000000-0000-1bf9-ffff-ffff0000002c/value&apos;
09:55:53.747 [Forwarding sendKeysToElement on session 7ae98af1-f0c4-48bb-82e0-609d7d4c050b to remote] DEBUG org.asynchttpclient.netty.request.NettyRequestSender - Using open Channel [id: 0x007e0974, L:/127.0.0.1:56617 - R:/127.0.0.1:4723] for POST &apos;/wd/hub/session/7ae98af1-f0c4-48bb-82e0-609d7d4c050b/element/00000000-0000-1bf9-ffff-ffff0000002c/value&apos;
&amp;#27;[35m[HTTP]&amp;#27;[39m &amp;#27;[37m--&gt;&amp;#27;[39m &amp;#27;[37mPOST&amp;#27;[39m &amp;#27;[37m/wd/hub/session/7ae98af1-f0c4-48bb-82e0-609d7d4c050b/element/00000000-0000-1bf9-ffff-ffff0000002c/value&amp;#27;[39m
&amp;#27;[35m[HTTP]&amp;#27;[39m &amp;#27;[90m{&quot;id&quot;:&quot;00000000-0000-1bf9-ffff-ffff0000002c&quot;,&quot;text&quot;:&quot;&quot;,&quot;value&quot;:[]}&amp;#27;[39m
[debug] &amp;#27;[35m[W3C (7ae98af1)]&amp;#27;[39m Calling AppiumDriver.setValue() with args: [[],&quot;00000000-0000-1bf9-ffff-ffff0000002c&quot;,&quot;7ae98af1-f0c4-48bb-82e0-609d7d4c050b&quot;]
[debug] &amp;#27;[35m[WD Proxy]&amp;#27;[39m Matched &apos;/element/00000000-0000-1bf9-ffff-ffff0000002c/value&apos; to command name &apos;setValue&apos;
[debug] &amp;#27;[35m[Protocol Converter]&amp;#27;[39m Added &apos;value&apos; property [] to &apos;setValue&apos; request body
[debug] &amp;#27;[35m[WD Proxy]&amp;#27;[39m Proxying [POST /element/00000000-0000-1bf9-ffff-ffff0000002c/value] to [POST http://127.0.0.1:8200/wd/hub/session/015791bc-716d-4afa-9c1f-c27f676dbeb8/element/00000000-0000-1bf9-ffff-ffff0000002c/value] with body: {&quot;elementId&quot;:&quot;00000000-0000-1bf9-ffff-ffff0000002c&quot;,&quot;text&quot;:&quot;&quot;,&quot;replace&quot;:false,&quot;value&quot;:[]}
[debug] &amp;#27;[35m[WD Proxy]&amp;#27;[39m Got response with status 200: {&quot;sessionId&quot;:&quot;015791bc-716d-4afa-9c1f-c27f676dbeb8&quot;,&quot;value&quot;:null}
[debug] &amp;#27;[35m[W3C (7ae98af1)]&amp;#27;[39m Responding to cli09:55:54.301 [AsyncHttpClient-1-2] DEBUG org.asynchttpclient.netty.handler.HttpHandler - 

Request DefaultHttpRequest(decodeResult: success, version: HTTP/1.1)
POST /wd/hub/session/7ae98af1-f0c4-48bb-82e0-609d7d4c050b/element/00000000-0000-1bf9-ffff-ffff0000002c/value HTTP/1.1
User-Agent: selenium/4.5.0 (java windows)
Content-Length: 82
Content-Type: application/json; charset=utf-8
host: 0.0.0.0:4723
accept: */*

Response DefaultHttpResponse(decodeResult: success, version: HTTP/1.1)
HTTP/1.1 200 OK
X-Powered-By: Express
Vary: X-HTTP-Method-Override
Content-Type: application/json; charset=utf-8
ETag: W/&quot;e-9/1BuKMgFObM1mWJm+YjxtXJnUM&quot;
Date: Fri, 02 Dec 2022 04:25:54 GMT
Connection: keep-alive
Keep-Alive: timeout=600
content-length: 14

ent with driver.setValue() result: null
09:55:54.301 [AsyncHttpClient-1-2] DEBUG org.asynchttpclient.netty.channel.ChannelManager - Adding key: http://0.0.0.0:4723 for channel [id: 0x007e0974, L:/127.0.0.1:56617 - R:/127.0.0.1:4723]
&amp;#27;[35m[HTTP]&amp;#27;[39m &amp;#27;[37m&lt;-- POST /wd/hub/session/7ae98af1-f0c4-48bb-82e0-609d7d4c050b/element/00000000-0000-1bf9-ffff-ffff0000002c/value &amp;#27;[39m&amp;#27;[32m200&amp;#27;[39m &amp;#27;[90m552 ms - 14&amp;#27;[39m
&amp;#27;[35m[HTTP]&amp;#27;[39m &amp;#27;[90m&amp;#27;[39m
09:55:54.303 [Forwarding findElement on session 7ae98af1-f0c4-48bb-82e0-609d7d4c050b to remote] DEBUG org.asynchttpclient.netty.request.NettyRequestSender - Using pooled Channel &apos;[id: 0x007e0974, L:/127.0.0.1:56617 - R:/127.0.0.1:4723]&apos; for &apos;POST&apos; to &apos;http://0.0.0.0:4723/wd/hub/session/7ae98af1-f0c4-48bb-82e0-609d7d4c050b/element&apos;
09:55:54.303 [Forwarding findElement on session 7ae98af1-f0c4-48bb-82e0-609d7d4c050b to remote] DEBUG org.asynchttpclient.netty.request.NettyRequestSender - Using open Channel [id: 0x007e0974, L:/127.0.0.1:56617 - R:/127.0.0.1:4723] for POST &apos;/wd/hub/session/7ae98af1-f0c4-48bb-82e0-609d7d4c050b/element&apos;
&amp;#27;[35m[HTTP]&amp;#27;[39m &amp;#27;[37m--&gt;&amp;#27;[39m &amp;#27;[37mPOST&amp;#27;[39m &amp;#27;[37m/wd/hub/session/7ae98af1-f0c4-48bb-82e0-609d7d4c050b/element&amp;#27;[39m
&amp;#27;[35m[HTTP]&amp;#27;[39m &amp;#27;[90m{&quot;using&quot;:&quot;id&quot;,&quot;value&quot;:&quot;com.example.android.testing.notes.mock:id/add_note_description&quot;}&amp;#27;[39m
[debug] &amp;#27;[35m[W3C (7ae98af1)]&amp;#27;[39m Calling AppiumDriver.findElement() with args: [&quot;id&quot;,&quot;com.example.android.testing.notes.mock:id/add_note_description&quot;,&quot;7ae98af1-f0c4-48bb-82e0-609d7d4c050b&quot;]
[debug] &amp;#27;[35m[BaseDriver]&amp;#27;[39m Valid locator strategies for this request: xpath, id, class name, accessibility id, css selector, -android uiautomator
[debug] &amp;#27;[35m[BaseDriver]&amp;#27;[39m Waiting up to 0 ms for condition
[debug] &amp;#27;[35m[WD Proxy]&amp;#27;[39m Matched &apos;/element&apos; to command name &apos;findElement&apos;
[debug] &amp;#27;[35m[WD Proxy]&amp;#27;[39m Proxying [POST /element] to [POST http://127.0.0.1:8200/wd/hub/session/015791bc-716d-4afa-9c1f-c27f676dbeb8/element] with body: {&quot;strategy&quot;:&quot;id&quot;,&quot;selector&quot;:&quot;com.example.android.testing.notes.mock:id/add_note_description&quot;,&quot;context&quot;:&quot;&quot;,&quot;multiple&quot;:false}
[debug] &amp;#27;[35m[WD Proxy]&amp;#27;[39m Got response with status 200: {&quot;sessionId&quot;:&quot;015791bc-716d-4afa-9c1f-c27f676dbeb8&quot;,&quot;value&quot;:{&quot;ELEMENT&quot;:&quot;00000000-0000-1bf9-ffff-ffff0000002c&quot;,&quot;element-6009:55:54.838 [AsyncHttpClient-1-2] DEBUG org.asynchttpclient.netty.handler.HttpHandler - 

Request DefaultHttpRequest(decodeResult: success, version: HTTP/1.1)
POST /wd/hub/session/7ae98af1-f0c4-48bb-82e0-609d7d4c050b/element HTTP/1.1
User-Agent: selenium/4.5.0 (java windows)
Content-Length: 101
Content-Type: application/json; charset=utf-8
host: 0.0.0.0:4723
accept: */*

Response DefaultHttpResponse(decodeResult: success, version: HTTP/1.1)
HTTP/1.1 200 OK
X-Powered-By: Express
Vary: X-HTTP-Method-Override
Content-Type: application/json; charset=utf-8
ETag: W/&quot;89-DIU++7kdfVtXVK1UaXBmw04nxj0&quot;
Date: Fri, 02 Dec 2022 04:25:54 GMT
Connection: keep-alive
Keep-Alive: timeout=600
content-length: 137

66-11e4-a52e-4f735466cecf&quot;:&quot;0000000009:55:54.839 [AsyncHttpClient-1-2] DEBUG org.asynchttpclient.netty.channel.ChannelManager - Adding key: http://0.0.0.0:4723 for channel [id: 0x007e0974, L:/127.0.0.1:56617 - R:/127.0.0.1:4723]
-0000-1bf9-ffff-ffff0000002c&quot;}}
[debug] &amp;#27;[35m[W3C (7ae98af1)]&amp;#27;[39m Responding to client with driver.findElement() result: {&quot;element-6066-11e4-a52e-4f735466cecf&quot;:&quot;00000000-0000-1bf9-ffff-ffff0000002c&quot;,&quot;ELEMENT&quot;:&quot;00000000-0000-1bf9-ffff-ffff0000002c&quot;}
&amp;#27;[35m[HTTP]&amp;#27;[39m &amp;#27;[37m&lt;-- POST /wd/hub/session/7ae98af1-f0c4-48bb-82e0-609d7d4c050b/element &amp;#27;[39m&amp;#27;[32m200&amp;#27;[39m &amp;#27;[90m532 ms - 137&amp;#27;[39m
&amp;#27;[35m[HTTP]&amp;#27;[39m &amp;#27;[90m&amp;#27;[39m
09:55:54.840 [Forwarding sendKeysToElement on session 7ae98af1-f0c4-48bb-82e0-609d7d4c050b to remote] DEBUG org.asynchttpclient.netty.request.NettyRequestSender - Using pooled Channel &apos;[id: 0x007e0974, L:/127.0.0.1:56617 - R:/127.0.0.1:4723]&apos; for &apos;POST&apos; to &apos;http://0.0.0.0:4723/wd/hub/session/7ae98af1-f0c4-48bb-82e0-609d7d4c050b/element/00000000-0000-1bf9-ffff-ffff0000002c/value&apos;
09:55:54.840 [Forwarding sendKeysToElement on session 7ae98af1-f0c4-48bb-82e0-609d7d4c050b to remote] DEBUG org.asynchttpclient.netty.request.NettyRequestSender - Using open Channel [id: 0x007e0974, L:/127.0.0.1:56617 - R:/127.0.0.1:4723] for POST &apos;/wd/hub/session/7ae98af1-f0c4-48bb-82e0-609d7d4c050b/element/00000000-0000-1bf9-ffff-ffff0000002c/value&apos;
&amp;#27;[35m[HTTP]&amp;#27;[39m &amp;#27;[37m--&gt;&amp;#27;[39m &amp;#27;[37mPOST&amp;#27;[39m &amp;#27;[37m/wd/hub/session/7ae98af1-f0c4-48bb-82e0-609d7d4c050b/element/00000000-0000-1bf9-ffff-ffff0000002c/value&amp;#27;[39m
&amp;#27;[35m[HTTP]&amp;#27;[39m &amp;#27;[90m{&quot;id&quot;:&quot;00000000-0000-1bf9-ffff-ffff0000002c&quot;,&quot;text&quot;:&quot;Mumbai,NewYork, London&quot;,&quot;value&quot;:[&quot;M&quot;,&quot;u&quot;,&quot;m&quot;,&quot;b&quot;,&quot;a&quot;,&quot;i&quot;,&quot;,&quot;,&quot;N&quot;,&quot;e&quot;,&quot;w&quot;,&quot;Y&quot;,&quot;o&quot;,&quot;r&quot;,&quot;k&quot;,&quot;,&quot;,&quot; &quot;,&quot;L&quot;,&quot;o&quot;,&quot;n&quot;,&quot;d&quot;,&quot;o&quot;,&quot;n&quot;]}&amp;#27;[39m
[debug] &amp;#27;[35m[W3C (7ae98af1)]&amp;#27;[39m Calling AppiumDriver.setValue() with args: [[&quot;M&quot;,&quot;u&quot;,&quot;m&quot;,&quot;b&quot;,&quot;a&quot;,&quot;i&quot;,&quot;,&quot;,&quot;N&quot;,&quot;e&quot;,&quot;w&quot;,&quot;Y&quot;,&quot;o&quot;,&quot;r&quot;,&quot;k&quot;,&quot;,&quot;,&quot; &quot;,&quot;L&quot;,&quot;o&quot;,&quot;n&quot;,&quot;d&quot;,&quot;o&quot;,&quot;n&quot;],&quot;00000000-0000-1bf9-ffff-ffff0000002c&quot;,&quot;7ae98af1-f0c4-48bb-82e0-609d7d4c050b&quot;]
[debug] &amp;#27;[35m[WD Proxy]&amp;#27;[39m Matched &apos;/element/00000000-0000-1bf9-ffff-ffff0000002c/value&apos; to command name &apos;setValue&apos;
[debug] &amp;#27;[35m[Protocol Converter]&amp;#27;[39m Added &apos;value&apos; property [&quot;M&quot;,&quot;u&quot;,&quot;m&quot;,&quot;b&quot;,&quot;a&quot;,&quot;i&quot;,&quot;,&quot;,&quot;N&quot;,&quot;e&quot;,&quot;w&quot;,&quot;Y&quot;,&quot;o&quot;,&quot;r&quot;,&quot;k&quot;,&quot;,&quot;,&quot; &quot;,&quot;L&quot;,&quot;o&quot;,&quot;n&quot;,&quot;d&quot;,&quot;o&quot;,&quot;n&quot;] to &apos;setValue&apos; request body
[debug] &amp;#27;[35m[WD Proxy]&amp;#27;[39m Proxying [POST /element/00000000-0000-1bf9-ffff-ffff0000002c/value] to [POST http://127.0.0.1:8200/wd/hub/session/015791bc-716d-4afa-9c1f-c27f676dbeb8/element/00000000-0000-1bf9-ffff-ffff0000002c/value] with body: {&quot;elementId&quot;:&quot;00000000-0000-1bf9-ffff-ffff0000002c&quot;,&quot;text&quot;:&quot;Mumbai,NewYork, London&quot;,&quot;replace&quot;:false,&quot;value&quot;:[&quot;M&quot;,&quot;u&quot;,&quot;m&quot;,&quot;b&quot;,&quot;a&quot;,&quot;i&quot;,&quot;,&quot;,&quot;N&quot;,&quot;e&quot;,&quot;w&quot;,&quot;Y&quot;,&quot;o&quot;,&quot;r&quot;,&quot;k&quot;,&quot;,&quot;,&quot; &quot;,&quot;L&quot;,&quot;o&quot;,&quot;n&quot;,&quot;d&quot;,&quot;o&quot;,&quot;n&quot;]}
[debug] &amp;#27;[35m[WD Proxy]&amp;#27;[39m Got response with status 200: {&quot;sessionId&quot;:&quot;015791bc-716d-4afa-9c1f-c27f676dbeb8&quot;,&quot;value&quot;:null}
[debug] &amp;#27;[35m[W3C (7ae98af1)]&amp;#27;[39m Responding to client with driver.setValue() result: null
09:55:54.903 [AsyncHttpClient-1-2] DEBUG org.asynchttpclient.netty.handler.HttpHandler - 

Request DefaultHttpRequest(decodeResult: success, version: HTTP/1.1)
POST /wd/hub/session/7ae98af1-f0c4-48bb-82e0-609d7d4c050b/element/00000000-0000-1bf9-ffff-ffff0000002c/value HTTP/1.1
User-Agent: selenium/4.5.0 (java windows)
Content-Length: 301
Content-Type: application/json; charset=utf-8
host: 0.0.0.0:4723
accept: */*

Response DefaultHttpResponse(decodeResult: success, version: HTTP/1.1)
HTTP/1.1 200 OK
X-Powered-By: Express
Vary: X-HTTP-Method-Override
Content-Type: application/json; charset=utf-8
ETag: W/&quot;e-9/1BuKMgFObM1mWJm+YjxtXJnUM&quot;
Date: Fri, 02 Dec 2022 04:25:54 GMT
Connection: keep-alive
Keep-Alive: timeout=600
content-length: 14

&amp;#27;[35m[HTTP]&amp;#27;[39m &amp;#27;[37m&lt;-- POST /wd/hub/session/7ae98af09:55:54.903 [AsyncHttpClient-1-2] DEBUG org.asynchttpclient.netty.channel.ChannelManager - Adding key: http://0.0.0.0:4723 for channel [id: 0x007e0974, L:/127.0.0.1:56617 - R:/127.0.0.1:4723]
1-f0c4-48bb-82e0-609d7d4c050b/element/00000000-0000-1bf9-ffff-ffff0000002c/value &amp;#27;[39m&amp;#27;[32m200&amp;#27;[39m &amp;#27;[90m62 ms - 14&amp;#27;[39m
&amp;#27;[35m[HTTP]&amp;#27;[39m &amp;#27;[90m&amp;#27;[39m
09:55:54.904 [Forwarding findElement on session 7ae98af1-f0c4-48bb-82e0-609d7d4c050b to remote] DEBUG org.asynchttpclient.netty.request.NettyRequestSender - Using pooled Channel &apos;[id: 0x007e0974, L:/127.0.0.1:56617 - R:/127.0.0.1:4723]&apos; for &apos;POST&apos; to &apos;http://0.0.0.0:4723/wd/hub/session/7ae98af1-f0c4-48bb-82e0-609d7d4c050b/element&apos;
09:55:54.904 [Forwarding findElement on session 7ae98af1-f0c4-48bb-82e0-609d7d4c050b to remote] DEBUG org.asynchttpclient.netty.request.NettyRequestSender - Using open Channel [id: 0x007e0974, L:/127.0.0.1:56617 - R:/127.0.0.1:4723] for POST &apos;/wd/hub/session/7ae98af1-f0c4-48bb-82e0-609d7d4c050b/element&apos;
&amp;#27;[35m[HTTP]&amp;#27;[39m &amp;#27;[37m--&gt;&amp;#27;[39m &amp;#27;[37mPOST&amp;#27;[39m &amp;#27;[37m/wd/hub/session/7ae98af1-f0c4-48bb-82e0-609d7d4c050b/element&amp;#27;[39m
&amp;#27;[35m[HTTP]&amp;#27;[39m &amp;#27;[90m{&quot;using&quot;:&quot;id&quot;,&quot;value&quot;:&quot;com.example.android.testing.notes.mock:id/fab_add_notes&quot;}&amp;#27;[39m
[debug] &amp;#27;[35m[W3C (7ae98af1)]&amp;#27;[39m Calling AppiumDriver.findElement() with args: [&quot;id&quot;,&quot;com.example.android.testing.notes.mock:id/fab_add_notes&quot;,&quot;7ae98af1-f0c4-48bb-82e0-609d7d4c050b&quot;]
[debug] &amp;#27;[35m[BaseDriver]&amp;#27;[39m Valid locator strategies for this request: xpath, id, class name, accessibility id, css selector, -android uiautomator
[debug] &amp;#27;[35m[BaseDriver]&amp;#27;[39m Waiting up to 0 ms for condition
[debug] &amp;#27;[35m[WD Proxy]&amp;#27;[39m Matched &apos;/element&apos; to command name &apos;findElement&apos;
[debug] &amp;#27;[35m[WD Proxy]&amp;#27;[39m Proxying [POST /element] to [POST http://127.0.0.1:8200/wd/hub/session/015791bc-716d-4afa-9c1f-c27f676dbeb8/element] with body: {&quot;strategy&quot;:&quot;id&quot;,&quot;selector&quot;:&quot;com.example.android.testing.notes.mock:id/fab_add_notes&quot;,&quot;context&quot;:&quot;&quot;,&quot;multiple&quot;:false}
[debug] &amp;#27;[35m[WD Proxy]&amp;#27;[39m Got response with status 200: {&quot;sessionId&quot;:&quot;015791bc-716d-4afa-9c1f-c27f676dbeb8&quot;,&quot;value&quot;:{&quot;ELEMENT&quot;:&quot;00000000-0000-1bf9-ffff-ffff0000002e&quot;09:55:55.432 [AsyncHttpClient-1-2] DEBUG org.asynchttpclient.netty.handler.HttpHandler - 

Request DefaultHttpRequest(decodeResult: success, version: HTTP/1.1)
POST /wd/hub/session/7ae98af1-f0c4-48bb-82e0-609d7d4c050b/element HTTP/1.1
User-Agent: selenium/4.5.0 (java windows)
Content-Length: 94
Content-Type: application/json; charset=utf-8
host: 0.0.0.0:4723
accept: */*

Response DefaultHttpResponse(decodeResult: success, version: HTTP/1.1)
HTTP/1.1 200 OK
X-Powered-By: Express
Vary: X-HTTP-Method-Override
Content-Type: application/json; charset=utf-8
ETag: W/&quot;89-EayF5xtvipbKa63r9R3HrXM9Dlk&quot;
Date: Fri, 02 Dec 2022 04:25:55 GMT
Connection: keep-alive
Keep-Alive: timeout=600
content-length: 137

,&quot;element-6066-11e4-a52e-4f735466cecf&quot;:&quot;00000000-00009:55:55.432 [AsyncHttpClient-1-2] DEBUG org.asynchttpclient.netty.channel.ChannelManager - Adding key: http://0.0.0.0:4723 for channel [id: 0x007e0974, L:/127.0.0.1:56617 - R:/127.0.0.1:4723]
0-1bf9-ffff-ffff0000002e&quot;}}
[debug] &amp;#27;[35m[W3C (7ae98af1)]&amp;#27;[39m Responding to client with driver.findElement() result: {&quot;element-6066-11e4-a52e-4f735466cecf&quot;:&quot;00000000-0000-1bf9-ffff-ffff0000002e&quot;,&quot;ELEMENT&quot;:&quot;00000000-0000-1bf9-ffff-ffff0000002e&quot;}09:55:55.433 [Forwarding isElementDisplayed on session 7ae98af1-f0c4-48bb-82e0-609d7d4c050b to remote] DEBUG org.asynchttpclient.netty.request.NettyRequestSender - Using pooled Channel &apos;[id: 0x007e0974, L:/127.0.0.1:56617 - R:/127.0.0.1:4723]&apos; for &apos;GET&apos; to &apos;http://0.0.0.0:4723/wd/hub/session/7ae98af1-f0c4-48bb-82e0-609d7d4c050b/element/00000000-0000-1bf9-ffff-ffff0000002e/displayed&apos;

&amp;#27;[35m[HTTP]&amp;#27;[39m &amp;#27;[37m&lt;-- POST /w09:55:55.433 [Forwarding isElementDisplayed on session 7ae98af1-f0c4-48bb-82e0-609d7d4c050b to remote] DEBUG org.asynchttpclient.netty.request.NettyRequestSender - Using open Channel [id: 0x007e0974, L:/127.0.0.1:56617 - R:/127.0.0.1:4723] for GET &apos;/wd/hub/session/7ae98af1-f0c4-48bb-82e0-609d7d4c050b/element/00000000-0000-1bf9-ffff-ffff0000002e/displayed&apos;
d/hub/session/7ae98af1-f0c4-48bb-82e0-609d7d4c050b/element &amp;#27;[39m&amp;#27;[32m200&amp;#27;[39m &amp;#27;[90m526 ms - 137&amp;#27;[39m
&amp;#27;[35m[HTTP]&amp;#27;[39m &amp;#27;[90m&amp;#27;[39m
&amp;#27;[35m[HTTP]&amp;#27;[39m &amp;#27;[37m--&gt;&amp;#27;[39m &amp;#27;[37mGET&amp;#27;[39m &amp;#27;[37m/wd/hub/session/7ae98af1-f0c4-48bb-82e0-609d7d4c050b/element/00000000-0000-1bf9-ffff-ffff0000002e/displayed&amp;#27;[39m
&amp;#27;[35m[HTTP]&amp;#27;[39m &amp;#27;[90m{}&amp;#27;[39m
[debug] &amp;#27;[35m[W3C (7ae98af1)]&amp;#27;[39m Calling AppiumDriver.elementDisplayed() with args: [&quot;00000000-0000-1bf9-ffff-ffff0000002e&quot;,&quot;7ae98af1-f0c4-48bb-82e0-609d7d4c050b&quot;]
[debug] &amp;#27;[35m[WD Proxy]&amp;#27;[39m Matched &apos;/element/00000000-0000-1bf9-ffff-ffff0000002e/attribute/displayed&apos; to command name &apos;getAttribute&apos;
[debug] &amp;#27;[35m[WD Proxy]&amp;#27;[39m Proxying [GET /element/00000000-0000-1bf9-ffff-ffff0000002e/attribute/displayed] to [GET http://127.0.0.1:8200/wd/hub/session/015791bc-716d-4afa-9c1f-c27f676dbeb8/element/00000000-0000-1bf9-ffff-ffff0000002e/attribute/displayed] with no body
[debug] &amp;#27;[35m[WD Proxy]&amp;#27;[39m Got response with status 200: {&quot;sessionId&quot;:&quot;015791bc-716d-4afa-9c1f-c27f676dbeb8&quot;,&quot;value&quot;:&quot;true&quot;}
[debug] &amp;#27;[35m[W3C (7ae98af1)]&amp;#27;[39m Responding to client with driver.elementDisplayed() result: true
09:55:55.450 [AsyncHttpClient-1-2] DEBUG org.asynchttpclient.netty.handler.HttpHandler - 

Request DefaultFullHttpRequest(decodeResult: success, version: HTTP/1.1, content: EmptyByteBufBE)
GET /wd/hub/session/7ae98af1-f0c4-48bb-82e0-609d7d4c050b/element/00000000-0000-1bf9-ffff-ffff0000002e/displayed HTTP/1.1
User-Agent: selenium/4.5.0 (java windows)
Cache-Control: no-cache
Content-Type: application/json; charset=utf-8
host: 0.0.0.0:4723
accept: */*

Response DefaultHttpResponse(decodeResult: success, version: HTTP/1.1)
HTTP/1.1 200 OK
X-Powered-By: Express
Content-Type: application/json; charset=utf-8
ETag: W/&quot;e-2ZHvAWebNQpyjGZTg6uyV8/spTo&quot;
Date: Fri, 02 Dec 2022 04:25:55 GMT
Connection: keep-alive
Keep-Alive: timeout=600
content-length: 14

09:55:55.450 [AsyncHttpClient-1-2] DEBUG org.asynchttpclient.netty.channel.ChannelManager - Adding key: http://0.0.0.0:4723 for channel [id: 0x007e0974, L:/127.0.0.1:56617 - R:/127.0.0.1:4723]
&amp;#27;[35m[HTTP]&amp;#27;[39m &amp;#27;[37m&lt;-- GET /wd/hub/session/7ae98af1-f0c4-48bb-82e0-609d7d4c050b/element/00000000-0000-1bf9-ffff-ffff0000002e/displayed &amp;#27;[39m&amp;#27;[32m200&amp;#27;[39m &amp;#27;[90m15 ms - 14&amp;#27;[39m
&amp;#27;[35m[HTTP]&amp;#27;[39m &amp;#27;[90m&amp;#27;[39m
09:55:55.452 [Forwarding findElement on session 7ae98af1-f0c4-48bb-82e0-609d7d4c050b to remote] DEBUG org.asynchttpclient.netty.request.NettyRequestSender - Using pooled Channel &apos;[id: 0x007e0974, L:/127.0.0.1:56617 - R:/127.0.0.1:4723]&apos; for &apos;POST&apos; to &apos;http://0.0.0.0:4723/wd/hub/session/7ae98af1-f0c4-48bb-82e0-609d7d4c050b/element&apos;
09:55:55.452 [Forwarding findElement on session 7ae98af1-f0c4-48bb-82e0-609d7d4c050b to remote] DEBUG org.asynchttpclient.netty.request.NettyRequestSender - Using open Channel [id: 0x007e0974, L:/127.0.0.1:56617 - R:/127.0.0.1:4723] for POST &apos;/wd/hub/session/7ae98af1-f0c4-48bb-82e0-609d7d4c050b/element&apos;
&amp;#27;[35m[HTTP]&amp;#27;[39m &amp;#27;[37m--&gt;&amp;#27;[39m &amp;#27;[37mPOST&amp;#27;[39m &amp;#27;[37m/wd/hub/session/7ae98af1-f0c4-48bb-82e0-609d7d4c050b/element&amp;#27;[39m
&amp;#27;[35m[HTTP]&amp;#27;[39m &amp;#27;[90m{&quot;using&quot;:&quot;id&quot;,&quot;value&quot;:&quot;com.example.android.testing.notes.mock:id/fab_add_notes&quot;}&amp;#27;[39m
[debug] &amp;#27;[35m[W3C (7ae98af1)]&amp;#27;[39m Calling AppiumDriver.findElement() with args: [&quot;id&quot;,&quot;com.example.android.testing.notes.mock:id/fab_add_notes&quot;,&quot;7ae98af1-f0c4-48bb-82e0-609d7d4c050b&quot;]
[debug] &amp;#27;[35m[BaseDriver]&amp;#27;[39m Valid locator strategies for this request: xpath, id, class name, accessibility id, css selector, -android uiautomator
[debug] &amp;#27;[35m[BaseDriver]&amp;#27;[39m Waiting up to 0 ms for condition
[debug] &amp;#27;[35m[WD Proxy]&amp;#27;[39m Matched &apos;/element&apos; to command name &apos;findElement&apos;
[debug] &amp;#27;[35m[WD Proxy]&amp;#27;[39m Proxying [POST /element] to [POST http://127.0.0.1:8200/wd/hub/session/015791bc-716d-4afa-9c1f-c27f676dbeb8/element] with body: {&quot;strategy&quot;:&quot;id&quot;,&quot;selector&quot;:&quot;com.example.android.testing.notes.mock:id/fab_add_notes&quot;,&quot;context&quot;:&quot;&quot;,&quot;multiple&quot;:false}
[debug] &amp;#27;[35m[WD Proxy]&amp;#27;[39m Got response with status 200: {&quot;sessionId&quot;:&quot;015791bc-716d-4afa-9c1f-c27f676dbeb8&quot;,&quot;value&quot;:{&quot;ELEMENT&quot;:&quot;00000000-0000-1bf9-ffff-ffff0000002e&quot;,&quot;element-6066-11e4-a52e-4f735466cecf&quot;:&quot;00000000-0000-1bf9-ffff-ffff0000002e&quot;}}
09:55:55.489 [AsyncHttpClient-1-2] DEBUG org.asynchttpclient.netty.handler.HttpHandler - 

Request DefaultHttpRequest(decodeResult: success, version: HTTP/1.1)
POST /wd/hub/session/7ae98af1-f0c4-48bb-82e0-609d7d4c050b/element HTTP/1.1
User-Agent: selenium/4.5.0 (java windows)
Content-Length: 94
Content-Type: application/json; charset=utf-8
host: 0.0.0.0:4723
accept: */*

Response DefaultHttpResponse(decodeResult: success, version: HTTP/1.1)
HTTP/1.1 200 OK
X-Powered-By: Express
Vary: X-HTTP-Method-Override
Content-Type: application/json; charset=utf-8
ETag: W/&quot;89-EayF5xtvipbKa63r9R3HrXM9Dlk&quot;
Date: Fri, 02 Dec 2022 04:25:55 GMT
Connection: keep-alive
Keep-Alive: timeout=600
content-length: 137

[debug] &amp;#27;[35m[W3C (7ae98af1)]&amp;#27;[39m Responding to client with dri09:55:55.490 [AsyncHttpClient-1-2] DEBUG org.asynchttpclient.netty.channel.ChannelManager - Adding key: http://0.0.0.0:4723 for channel [id: 0x007e0974, L:/127.0.0.1:56617 - R:/127.0.0.1:4723]
ver.findElement() result: {&quot;element-6066-11e4-a52e-4f735466cecf&quot;:&quot;00000000-0000-1bf9-ffff-ffff0000002e&quot;,&quot;ELEMENT&quot;:&quot;00000000-0000-1bf9-ffff-ffff0000002e&quot;}
&amp;#27;[35m[HTTP]&amp;#27;[39m &amp;#27;[37m&lt;-- POST /wd/hub/session/7ae98af1-f0c4-48bb-82e0-609d7d4c050b/element 09:55:55.490 [Forwarding isElementEnabled on session 7ae98af1-f0c4-48bb-82e0-609d7d4c050b to remote] DEBUG org.asynchttpclient.netty.request.NettyRequestSender - Using pooled Channel &apos;[id: 0x007e0974, L:/127.0.0.1:56617 - R:/127.0.0.1:4723]&apos; for &apos;GET&apos; to &apos;http://0.0.0.0:4723/wd/hub/session/7ae98af1-f0c4-48bb-82e0-609d7d4c050b/element/00000000-0000-1bf9-ffff-ffff0000002e/enabled&apos;
&amp;#27;[39m&amp;#27;[32m200&amp;#27;[39m &amp;#27;[909:55:55.491 [Forwarding isElementEnabled on session 7ae98af1-f0c4-48bb-82e0-609d7d4c050b to remote] DEBUG org.asynchttpclient.netty.request.NettyRequestSender - Using open Channel [id: 0x007e0974, L:/127.0.0.1:56617 - R:/127.0.0.1:4723] for GET &apos;/wd/hub/session/7ae98af1-f0c4-48bb-82e0-609d7d4c050b/element/00000000-0000-1bf9-ffff-ffff0000002e/enabled&apos;
0m36 ms - 137&amp;#27;[39m
&amp;#27;[35m[HTTP]&amp;#27;[39m &amp;#27;[90m&amp;#27;[39m
&amp;#27;[35m[HTTP]&amp;#27;[39m &amp;#27;[37m--&gt;&amp;#27;[39m &amp;#27;[37mGET&amp;#27;[39m &amp;#27;[37m/wd/hub/session/7ae98af1-f0c4-48bb-82e0-609d7d4c050b/element/00000000-0000-1bf9-ffff-ffff0000002e/enabled&amp;#27;[39m
&amp;#27;[35m[HTTP]&amp;#27;[39m &amp;#27;[90m{}&amp;#27;[39m
[debug] &amp;#27;[35m[W3C (7ae98af1)]&amp;#27;[39m Calling AppiumDriver.elementEnabled() with args: [&quot;00000000-0000-1bf9-ffff-ffff0000002e&quot;,&quot;7ae98af1-f0c4-48bb-82e0-609d7d4c050b&quot;]
[debug] &amp;#27;[35m[WD Proxy]&amp;#27;[39m Matched &apos;/element/00000000-0000-1bf9-ffff-ffff0000002e/attribute/enabled&apos; to command name &apos;getAttribute&apos;
[debug] &amp;#27;[35m[WD Proxy]&amp;#27;[39m Proxying [GET /element/00000000-0000-1bf9-ffff-ffff0000002e/attribute/enabled] to [GET http://127.0.0.1:8200/wd/hub/session/015791bc-716d-4afa-9c1f-c27f676dbeb8/element/00000000-0000-1bf9-ffff-ffff0000002e/attribute/enabled] with no body
[debug] &amp;#27;[35m[WD Proxy]&amp;#27;[39m Got response with status 200: {&quot;sessionId&quot;:&quot;015791bc-716d-4afa-9c1f-c27f676dbeb8&quot;,&quot;value&quot;:&quot;true&quot;}
[debug] &amp;#27;[35m[W3C (7ae98af1)]&amp;#27;[39m Responding to client09:55:56.109 [AsyncHttpClient-1-2] DEBUG org.asynchttpclient.netty.handler.HttpHandler - 

Request DefaultFullHttpRequest(decodeResult: success, version: HTTP/1.1, content: EmptyByteBufBE)
GET /wd/hub/session/7ae98af1-f0c4-48bb-82e0-609d7d4c050b/element/00000000-0000-1bf9-ffff-ffff0000002e/enabled HTTP/1.1
User-Agent: selenium/4.5.0 (java windows)
Cache-Control: no-cache
Content-Type: application/json; charset=utf-8
host: 0.0.0.0:4723
accept: */*

Response DefaultHttpResponse(decodeResult: success, version: HTTP/1.1)
HTTP/1.1 200 OK
X-Powered-By: Express
Content-Type: application/json; charset=utf-8
ETag: W/&quot;e-2ZHvAWebNQpyjGZTg6uyV8/spTo&quot;
Date: Fri, 02 Dec 2022 04:25:56 GMT
Connection: keep-alive
Keep-Alive: timeout=600
content-length: 14

 with driver.elementEnabled() result: true
09:55:56.110 [AsyncHttpClient-1-2] DEBUG org.asynchttpclient.netty.channel.ChannelManager - Adding key: http://0.0.0.0:4723 for channel [id: 0x007e0974, L:/127.0.0.1:56617 - R:/127.0.0.1:4723]
&amp;#27;[35m[HTTP]&amp;#27;[39m &amp;#27;[37m&lt;-- GET /wd/hub/session/7ae98af1-f0c4-48bb-82e0-609d7d4c050b/element/00000000-0000-1bf9-ffff-ffff0000002e/enabled &amp;#27;[39m&amp;#27;[32m200&amp;#27;[39m &amp;#27;[90m617 ms - 14&amp;#27;[39m
&amp;#27;[35m[HTTP]&amp;#27;[39m09:55:56.112 [Forwarding findElement on session 7ae98af1-f0c4-48bb-82e0-609d7d4c050b to remote] DEBUG org.asynchttpclient.netty.request.NettyRequestSender - Using pooled Channel &apos;[id: 0x007e0974, L:/127.0.0.1:56617 - R:/127.0.0.1:4723]&apos; for &apos;POST&apos; to &apos;http://0.0.0.0:4723/wd/hub/session/7ae98af1-f0c4-48bb-82e0-609d7d4c050b/element&apos;
 &amp;#27;[90m&amp;#27;[39m
09:55:56.112 [Forwarding findElement on session 7ae98af1-f0c4-48bb-82e0-609d7d4c050b to remote] DEBUG org.asynchttpclient.netty.request.NettyRequestSender - Using open Channel [id: 0x007e0974, L:/127.0.0.1:56617 - R:/127.0.0.1:4723] for POST &apos;/wd/hub/session/7ae98af1-f0c4-48bb-82e0-609d7d4c050b/element&apos;
&amp;#27;[35m[HTTP]&amp;#27;[39m &amp;#27;[37m--&gt;&amp;#27;[39m &amp;#27;[37mPOST&amp;#27;[39m &amp;#27;[37m/wd/hub/session/7ae98af1-f0c4-48bb-82e0-609d7d4c050b/element&amp;#27;[39m
&amp;#27;[35m[HTTP]&amp;#27;[39m &amp;#27;[90m{&quot;using&quot;:&quot;id&quot;,&quot;value&quot;:&quot;com.example.android.testing.notes.mock:id/fab_add_notes&quot;}&amp;#27;[39m
[debug] &amp;#27;[35m[W3C (7ae98af1)]&amp;#27;[39m Calling AppiumDriver.findElement() with args: [&quot;id&quot;,&quot;com.example.android.testing.notes.mock:id/fab_add_notes&quot;,&quot;7ae98af1-f0c4-48bb-82e0-609d7d4c050b&quot;]
[debug] &amp;#27;[35m[BaseDriver]&amp;#27;[39m Valid locator strategies for this request: xpath, id, class name, accessibility id, css selector, -android uiautomator
[debug] &amp;#27;[35m[BaseDriver]&amp;#27;[39m Waiting up to 0 ms for condition
[debug] &amp;#27;[35m[WD Proxy]&amp;#27;[39m Matched &apos;/element&apos; to command name &apos;findElement&apos;
[debug] &amp;#27;[35m[WD Proxy]&amp;#27;[39m Proxying [POST /element] to [POST http://127.0.0.1:8200/wd/hub/session/015791bc-716d-4afa-9c1f-c27f676dbeb8/element] with body: {&quot;strategy&quot;:&quot;id&quot;,&quot;selector&quot;:&quot;com.example.android.testing.notes.mock:id/fab_add_notes&quot;,&quot;context&quot;:&quot;&quot;,&quot;multiple&quot;:false}
[debug] &amp;#27;[35m[WD Proxy]&amp;#27;[39m Got response with status 200: {&quot;sessionId&quot;:&quot;015791bc-716d-4afa-9c1f-c27f676dbeb8&quot;,&quot;value&quot;:{&quot;ELEMENT&quot;:&quot;00000000-0000-1bf9-ffff-ffff0000002e&quot;,&quot;element-6066-11e4-a52e-4f735466cecf&quot;:&quot;00000000-0000-1bf9-ffff-ffff0000002e&quot;}}
09:55:56.153 [AsyncHttpClient-1-2] DEBUG org.asynchttpclient.netty.handler.HttpHandler - 

Request DefaultHttpRequest(decodeResult: success, version: HTTP/1.1)
POST /wd/hub/session/7ae98af1-f0c4-48bb-82e0-609d7d4c050b/element HTTP/1.1
User-Agent: selenium/4.5.0 (java windows)
Content-Length: 94
Content-Type: application/json; charset=utf-8
host: 0.0.0.0:4723
accept: */*

Response DefaultHttpResponse(decodeResult: success, version: HTTP/1.1)
HTTP/1.1 200 OK
X-Powered-By: Express
Vary: X-HTTP-Method-Override
Content-Type: application/json; charset=utf-8
ETag: W/&quot;89-EayF5xtvipbKa63r9R3HrXM9Dlk&quot;
Date: Fri, 02 Dec 2022 04:25:56 GMT
Connection: keep-alive
Keep-Alive: timeout=600
content-length: 137

[debug] &amp;#27;[35m[W3C (7ae98af1)]&amp;#27;[39m Responding to client with driver.findElem09:55:56.153 [AsyncHttpClient-1-2] DEBUG org.asynchttpclient.netty.channel.ChannelManager - Adding key: http://0.0.0.0:4723 for channel [id: 0x007e0974, L:/127.0.0.1:56617 - R:/127.0.0.1:4723]
ent() result: {&quot;element-6066-11e4-a52e-4f735466cecf&quot;:&quot;00000000-0000-1bf9-ffff-ffff0000002e&quot;,&quot;ELEMENT&quot;:&quot;00000000-0000-1bf9-ffff-ffff0000002e&quot;}
&amp;#27;[35m[HTTP]&amp;#27;[39m &amp;#27;[37m&lt;-- POST /wd/hub/session/7ae98af1-f0c4-48bb-82e0-609d7d4c050b/element &amp;#27;[39m&amp;#27;[32m200&amp;#27;[39m &amp;#27;[90m38 ms - 137&amp;#27;[39m
&amp;#27;[35m[HTTP]&amp;#27;[39m &amp;#27;[90m&amp;#27;[39m
09:55:56.154 [Forwarding clickElement on session 7ae98af1-f0c4-48bb-82e0-609d7d4c050b to remote] DEBUG org.asynchttpclient.netty.request.NettyRequestSender - Using pooled Channel &apos;[id: 0x007e0974, L:/127.0.0.1:56617 - R:/127.0.0.1:4723]&apos; for &apos;POST&apos; to &apos;http://0.0.0.0:4723/wd/hub/session/7ae98af1-f0c4-48bb-82e0-609d7d4c050b/element/00000000-0000-1bf9-ffff-ffff0000002e/click&apos;
09:55:56.154 [Forwarding clickElement on session 7ae98af1-f0c4-48bb-82e0-609d7d4c050b to remote] DEBUG org.asynchttpclient.netty.request.NettyRequestSender - Using open Channel [id: 0x007e0974, L:/127.0.0.1:56617 - R:/127.0.0.1:4723] for POST &apos;/wd/hub/session/7ae98af1-f0c4-48bb-82e0-609d7d4c050b/element/00000000-0000-1bf9-ffff-ffff0000002e/click&apos;
&amp;#27;[35m[HTTP]&amp;#27;[39m &amp;#27;[37m--&gt;&amp;#27;[39m &amp;#27;[37mPOST&amp;#27;[39m &amp;#27;[37m/wd/hub/session/7ae98af1-f0c4-48bb-82e0-609d7d4c050b/element/00000000-0000-1bf9-ffff-ffff0000002e/click&amp;#27;[39m
&amp;#27;[35m[HTTP]&amp;#27;[39m &amp;#27;[90m{&quot;id&quot;:&quot;00000000-0000-1bf9-ffff-ffff0000002e&quot;}&amp;#27;[39m
[debug] &amp;#27;[35m[W3C (7ae98af1)]&amp;#27;[39m Calling AppiumDriver.click() with args: [&quot;00000000-0000-1bf9-ffff-ffff0000002e&quot;,&quot;7ae98af1-f0c4-48bb-82e0-609d7d4c050b&quot;]
[debug] &amp;#27;[35m[WD Proxy]&amp;#27;[39m Matched &apos;/element/00000000-0000-1bf9-ffff-ffff0000002e/click&apos; to command name &apos;click&apos;
[debug] &amp;#27;[35m[WD Proxy]&amp;#27;[39m Proxying [POST /element/00000000-0000-1bf9-ffff-ffff0000002e/click] to [POST http://127.0.0.1:8200/wd/hub/session/015791bc-716d-4afa-9c1f-c27f676dbeb8/element/00000000-0000-1bf9-ffff-ffff0000002e/click] with body: {&quot;element&quot;:&quot;00000000-0000-1bf9-ffff-ffff0000002e&quot;}
[debug] &amp;#27;[35m[WD Proxy]&amp;#27;[39m Got response with status 200: {&quot;sessionId&quot;:&quot;015791bc-716d-4afa-9c1f-c27f676dbeb8&quot;,&quot;value&quot;:null}
[debug] &amp;#27;[35m[W3C (7ae98af1)]&amp;#27;[39m Responding to client with driver.click() result: null
&amp;#27;[35m[HTTP]&amp;#27;[39m &amp;#27;[37m&lt;-- POST /wd/hub/session/7ae98a09:55:56.205 [AsyncHttpClient-1-2] DEBUG org.asynchttpclient.netty.handler.HttpHandler - 

Request DefaultHttpRequest(decodeResult: success, version: HTTP/1.1)
POST /wd/hub/session/7ae98af1-f0c4-48bb-82e0-609d7d4c050b/element/00000000-0000-1bf9-ffff-ffff0000002e/click HTTP/1.1
User-Agent: selenium/4.5.0 (java windows)
Content-Length: 50
Content-Type: application/json; charset=utf-8
host: 0.0.0.0:4723
accept: */*

Response DefaultHttpResponse(decodeResult: success, version: HTTP/1.1)
HTTP/1.1 200 OK
X-Powered-By: Express
Vary: X-HTTP-Method-Override
Content-Type: application/json; charset=utf-8
ETag: W/&quot;e-9/1BuKMgFObM1mWJm+YjxtXJnUM&quot;
Date: Fri, 02 Dec 2022 04:25:56 GMT
Connection: keep-alive
Keep-Alive: timeout=600
content-length: 14

f1-f0c4-48bb-82e0-609d7d4c050b/element/00000000-0000-1bf9-ffff-ffff0000002e/click &amp;#27;[39m&amp;#27;[32m200&amp;#27;[39m &amp;#27;[90m50 ms - 14&amp;#27;[39m
09:55:56.205 [AsyncHttpClient-1-2] DEBUG org.asynchttpclient.netty.channel.ChannelManager - Adding key: http://0.0.0.0:4723 for channel [id: 0x007e0974, L:/127.0.0.1:56617 - R:/127.0.0.1:4723]
&amp;#27;[35m[HTTP]&amp;#27;[39m &amp;#27;[90m&amp;#27;[39m
09:55:56.206 [Forwarding findElement on session 7ae98af1-f0c4-48bb-82e0-609d7d4c050b to remote] DEBUG org.asynchttpclient.netty.request.NettyRequestSender - Using pooled Channel &apos;[id: 0x007e0974, L:/127.0.0.1:56617 - R:/127.0.0.1:4723]&apos; for &apos;POST&apos; to &apos;http://0.0.0.0:4723/wd/hub/session/7ae98af1-f0c4-48bb-82e0-609d7d4c050b/element&apos;
09:55:56.206 [Forwarding findElement on session 7ae98af1-f0c4-48bb-82e0-609d7d4c050b to remote] DEBUG org.asynchttpclient.netty.request.NettyRequestSender - Using open Channel [id: 0x007e0974, L:/127.0.0.1:56617 - R:/127.0.0.1:4723] for POST &apos;/wd/hub/session/7ae98af1-f0c4-48bb-82e0-609d7d4c050b/element&apos;
&amp;#27;[35m[HTTP]&amp;#27;[39m &amp;#27;[37m--&gt;&amp;#27;[39m &amp;#27;[37mPOST&amp;#27;[39m &amp;#27;[37m/wd/hub/session/7ae98af1-f0c4-48bb-82e0-609d7d4c050b/element&amp;#27;[39m
&amp;#27;[35m[HTTP]&amp;#27;[39m &amp;#27;[90m{&quot;using&quot;:&quot;id&quot;,&quot;value&quot;:&quot;com.example.android.testing.notes.mock:id/fab_add_notes&quot;}&amp;#27;[39m
[debug] &amp;#27;[35m[W3C (7ae98af1)]&amp;#27;[39m Calling AppiumDriver.findElement() with args: [&quot;id&quot;,&quot;com.example.android.testing.notes.mock:id/fab_add_notes&quot;,&quot;7ae98af1-f0c4-48bb-82e0-609d7d4c050b&quot;]
[debug] &amp;#27;[35m[BaseDriver]&amp;#27;[39m Valid locator strategies for this request: xpath, id, class name, accessibility id, css selector, -android uiautomator
[debug] &amp;#27;[35m[BaseDriver]&amp;#27;[39m Waiting up to 0 ms for condition
[debug] &amp;#27;[35m[WD Proxy]&amp;#27;[39m Matched &apos;/element&apos; to command name &apos;findElement&apos;
[debug] &amp;#27;[35m[WD Proxy]&amp;#27;[39m Proxying [POST /element] to [POST http://127.0.0.1:8200/wd/hub/session/015791bc-716d-4afa-9c1f-c27f676dbeb8/element] with body: {&quot;strategy&quot;:&quot;id&quot;,&quot;selector&quot;:&quot;com.example.android.testing.notes.mock:id/fab_add_notes&quot;,&quot;context&quot;:&quot;&quot;,&quot;multiple&quot;:false}
[debug] &amp;#27;[35m[WD Proxy]&amp;#27;[39m Got response with status 200: {&quot;sessionId&quot;:&quot;015791bc-716d-4afa-9c1f-c27f676dbeb8&quot;,&quot;value&quot;:{&quot;ELEMENT&quot;:&quot;00000000-0000-1bf9-ffff-ffff0000002e&quot;,&quot;element-6066-11e4-a52e-4f735466cecf&quot;:&quot;00000000-0000-1bf9-ffff-ffff0000002e&quot;}}
[debug] &amp;#27;[09:55:56.326 [AsyncHttpClient-1-2] DEBUG org.asynchttpclient.netty.handler.HttpHandler - 

Request DefaultHttpRequest(decodeResult: success, version: HTTP/1.1)
POST /wd/hub/session/7ae98af1-f0c4-48bb-82e0-609d7d4c050b/element HTTP/1.1
User-Agent: selenium/4.5.0 (java windows)
Content-Length: 94
Content-Type: application/json; charset=utf-8
host: 0.0.0.0:4723
accept: */*

Response DefaultHttpResponse(decodeResult: success, version: HTTP/1.1)
HTTP/1.1 200 OK
X-Powered-By: Express
Vary: X-HTTP-Method-Override
Content-Type: application/json; charset=utf-8
ETag: W/&quot;89-EayF5xtvipbKa63r9R3HrXM9Dlk&quot;
Date: Fri, 02 Dec 2022 04:25:56 GMT
Connection: keep-alive
Keep-Alive: timeout=600
content-length: 137

35m[W3C (7ae98af1)]&amp;#27;[39m Responding to cl09:55:56.328 [AsyncHttpClient-1-2] DEBUG org.asynchttpclient.netty.channel.ChannelManager - Adding key: http://0.0.0.0:4723 for channel [id: 0x007e0974, L:/127.0.0.1:56617 - R:/127.0.0.1:4723]
ient with driver.findElement() result: {&quot;element-6066-11e4-a52e-4f735466cecf&quot;:&quot;00000000-0000-1bf9-ffff-ffff0000002e&quot;,&quot;ELEMENT&quot;:&quot;00000000-0000-1bf9-ffff-ffff0000002e&quot;}
&amp;#27;[35m[HTTP]&amp;#27;[39m &amp;#27;[37m&lt;-- POST /wd/hub/session/7ae98af1-f0c4-48bb-82e0-609d7d09:55:56.330 [Forwarding isElementDisplayed on session 7ae98af1-f0c4-48bb-82e0-609d7d4c050b to remote] DEBUG org.asynchttpclient.netty.request.NettyRequestSender - Using pooled Channel &apos;[id: 0x007e0974, L:/127.0.0.1:56617 - R:/127.0.0.1:4723]&apos; for &apos;GET&apos; to &apos;http://0.0.0.0:4723/wd/hub/session/7ae98af1-f0c4-48bb-82e0-609d7d4c050b/element/00000000-0000-1bf9-ffff-ffff0000002e/displayed&apos;
4c050b/element &amp;#27;[39m&amp;#27;[32m200&amp;#27;[39m &amp;#27;[90m118 ms - 13709:55:56.330 [Forwarding isElementDisplayed on session 7ae98af1-f0c4-48bb-82e0-609d7d4c050b to remote] DEBUG org.asynchttpclient.netty.request.NettyRequestSender - Using open Channel [id: 0x007e0974, L:/127.0.0.1:56617 - R:/127.0.0.1:4723] for GET &apos;/wd/hub/session/7ae98af1-f0c4-48bb-82e0-609d7d4c050b/element/00000000-0000-1bf9-ffff-ffff0000002e/displayed&apos;
&amp;#27;[39m
&amp;#27;[35m[HTTP]&amp;#27;[39m &amp;#27;[90m&amp;#27;[39m
&amp;#27;[35m[HTTP]&amp;#27;[39m &amp;#27;[37m--&gt;&amp;#27;[39m &amp;#27;[37mGET&amp;#27;[39m &amp;#27;[37m/wd/hub/session/7ae98af1-f0c4-48bb-82e0-609d7d4c050b/element/00000000-0000-1bf9-ffff-ffff0000002e/displayed&amp;#27;[39m
&amp;#27;[35m[HTTP]&amp;#27;[39m &amp;#27;[90m{}&amp;#27;[39m
[debug] &amp;#27;[35m[W3C (7ae98af1)]&amp;#27;[39m Calling AppiumDriver.elementDisplayed() with args: [&quot;00000000-0000-1bf9-ffff-ffff0000002e&quot;,&quot;7ae98af1-f0c4-48bb-82e0-609d7d4c050b&quot;]
[debug] &amp;#27;[35m[WD Proxy]&amp;#27;[39m Matched &apos;/element/00000000-0000-1bf9-ffff-ffff0000002e/attribute/displayed&apos; to command name &apos;getAttribute&apos;
[debug] &amp;#27;[35m[WD Proxy]&amp;#27;[39m Proxying [GET /element/00000000-0000-1bf9-ffff-ffff0000002e/attribute/displayed] to [GET http://127.0.0.1:8200/wd/hub/session/015791bc-716d-4afa-9c1f-c27f676dbeb8/element/00000000-0000-1bf9-ffff-ffff0000002e/attribute/displayed] with no body
&amp;#27;[35m[WD Proxy]&amp;#27;[39m Got response with status 404: {&quot;sessionId&quot;:&quot;015791bc-716d-4afa-9c1f-c27f676dbeb8&quot;,&quot;value&quot;:{&quot;error&quot;:&quot;stale element reference&quot;,&quot;message&quot;:&quot;The element &apos;By.id: com.example.android.testing.notes.mock:id/fab_add_notes&apos; does not exist in DOM anymore&quot;,&quot;stacktrace&quot;:&quot;io.appium.uiautomator2.common.exceptions.StaleElementReferenceException: The element &apos;By.id: com.example.android.testing.notes.mock:id/fab_add_notes&apos; does not exist in DOM anymore\n\tat io.appium.uiautomator2.model.ElementsCache.restore(ElementsCache.java:117)\n\tat io.appium.uiautomator2.model.ElementsCache.get(ElementsCache.java:153)\n\tat io.appium.uiautomator2.handler.GetElementAttribute.safeHandle(GetElementAttribute.java:23)\n\tat io.appium.uiautomator2.handler.request.SafeRequestHandler.handle(SafeRequestHandler.java:59)\n\tat io.appium.uiautomator2.server.AppiumServlet.handleRequest(AppiumServlet.java:266)\n\tat io.appium.uiautomator2.server.AppiumServlet.handleHttpRequest(AppiumServlet.java:260)\n\tat io.appium.uiautomator2.http.ServerHandler.channelRead(ServerHandler.java:...
[debug] &amp;#27;[35m[W3C]&amp;#27;[39m Matched W3C error code &apos;stale element reference&apos; to StaleElementReferenceError
[debug] &amp;#27;[35m[W3C (7ae98af1)]&amp;#27;[39m Encountered internal error running command: io.appium.uiautomator2.common.exceptions.StaleElementReferenceException: The element &apos;By.id: com.example.android.testing.notes.mock:id/fab_add_notes&apos; does not exi09:55:58.418 [AsyncHttpClient-1-2] DEBUG org.asynchttpclient.netty.handler.HttpHandler - 

Request DefaultFullHttpRequest(decodeResult: success, version: HTTP/1.1, content: EmptyByteBufBE)
GET /wd/hub/session/7ae98af1-f0c4-48bb-82e0-609d7d4c050b/element/00000000-0000-1bf9-ffff-ffff0000002e/displayed HTTP/1.1
User-Agent: selenium/4.5.0 (java windows)
Cache-Control: no-cache
Content-Type: application/json; charset=utf-8
host: 0.0.0.0:4723
accept: */*

Response DefaultHttpResponse(decodeResult: success, version: HTTP/1.1)
HTTP/1.1 404 Not Found
X-Powered-By: Express
Content-Type: application/json; charset=utf-8
ETag: W/&quot;fb7-Taw0ad2lUiPNcRUM3xqENdxVyPw&quot;
Date: Fri, 02 Dec 2022 04:25:58 GMT
Connection: keep-alive
Keep-Alive: timeout=600
content-length: 4023

st in DOM anymore
[debug] &amp;#27;[35m[W3C (7ae98af1)]&amp;#27;[39m 	at io.appium.uiautomator2.model.Element09:55:58.419 [AsyncHttpClient-1-2] DEBUG org.asynchttpclient.netty.channel.ChannelManager - Adding key: http://0.0.0.0:4723 for channel [id: 0x007e0974, L:/127.0.0.1:56617 - R:/127.0.0.1:4723]
sCache.restore(ElementsCache.java:117)
[debug] &amp;#27;[35m[W3C (7ae98af1)]&amp;#27;[39m 	at io.appium.uiautomator2.model.ElementsCache.get(ElementsCache.java:153)
[debug] &amp;#27;[35m[W3C (7ae98af1)]&amp;#27;[39m 	at io.appium.uiautomator2.handler.GetElementAttribute.safeHandle(GetElementAttribute.java:23)
[debug] &amp;#27;[35m[W3C (7ae98af1)]&amp;#27;[39m 	at io.appium.uiautomator2.handler.request.SafeRequestHandler.handle(SafeRequestHandler.java:59)
[debug] &amp;#27;[35m[W3C (7ae98af1)]&amp;#27;[39m 	at io.appium.uiautomator2.server.Appium09:55:58.420 [Forwarding findElement on session 7ae98af1-f0c4-48bb-82e0-609d7d4c050b to remote] DEBUG org.asynchttpclient.netty.request.NettyRequestSender - Using pooled Channel &apos;[id: 0x007e0974, L:/127.0.0.1:56617 - R:/127.0.0.1:4723]&apos; for &apos;POST&apos; to &apos;http://0.0.0.0:4723/wd/hub/session/7ae98af1-f0c4-48bb-82e0-609d7d4c050b/element&apos;
Servlet.handleRequest(AppiumServlet.java:266)
[de09:55:58.421 [Forwarding findElement on session 7ae98af1-f0c4-48bb-82e0-609d7d4c050b to remote] DEBUG org.asynchttpclient.netty.request.NettyRequestSender - Using open Channel [id: 0x007e0974, L:/127.0.0.1:56617 - R:/127.0.0.1:4723] for POST &apos;/wd/hub/session/7ae98af1-f0c4-48bb-82e0-609d7d4c050b/element&apos;
bug] &amp;#27;[35m[W3C (7ae98af1)]&amp;#27;[39m 	at io.appium.uiautomator2.server.AppiumServlet.handleHttpRequest(AppiumServlet.java:260)
[debug] &amp;#27;[35m[W3C (7ae98af1)]&amp;#27;[39m 	at io.appium.uiautomator2.http.ServerHandler.channelRead(ServerHandler.java:68)
[debug] &amp;#27;[35m[W3C (7ae98af1)]&amp;#27;[39m 	at io.netty.channel.AbstractChannelHandlerContext.invokeChannelRead(AbstractChannelHandlerContext.java:366)
[debug] &amp;#27;[35m[W3C (7ae98af1)]&amp;#27;[39m 	at io.netty.channel.AbstractChannelHandlerContext.invokeChannelRead(AbstractChannelHandlerContext.java:352)
[debug] &amp;#27;[35m[W3C (7ae98af1)]&amp;#27;[39m 	at io.netty.channel.AbstractChannelHandlerContext.fireChannelRead(AbstractChannelHandlerContext.java:345)
[debug] &amp;#27;[35m[W3C (7ae98af1)]&amp;#27;[39m 	at io.netty.handler.codec.MessageToMessageDecoder.channelRead(MessageToMessageDecoder.java:102)
[debug] &amp;#27;[35m[W3C (7ae98af1)]&amp;#27;[39m 	at io.netty.channel.AbstractChannelHandlerContext.invokeChannelRead(AbstractChannelHandlerContext.java:366)
[debug] &amp;#27;[35m[W3C (7ae98af1)]&amp;#27;[39m 	at io.netty.channel.AbstractChannelHandlerContext.invokeChannelRead(AbstractChannelHandlerContext.java:352)
[debug] &amp;#27;[35m[W3C (7ae98af1)]&amp;#27;[39m 	at io.netty.channel.AbstractChannelHandlerContext.fireChannelRead(AbstractChannelHandlerContext.java:345)
[debug] &amp;#27;[35m[W3C (7ae98af1)]&amp;#27;[39m 	at io.netty.channel.CombinedChannelDuplexHandler$DelegatingChannelHandlerContext.fireChannelRead(CombinedChannelDuplexHandler.java:435)
[debug] &amp;#27;[35m[W3C (7ae98af1)]&amp;#27;[39m 	at io.netty.handler.codec.ByteToMessageDecoder.fireChannelRead(ByteToMessageDecoder.java:293)
[debug] &amp;#27;[35m[W3C (7ae98af1)]&amp;#27;[39m 	at io.netty.handler.codec.ByteToMessageDecoder.channelRead(ByteToMessageDecoder.java:267)
[debug] &amp;#27;[35m[W3C (7ae98af1)]&amp;#27;[39m 	at io.netty.channel.CombinedChannelDuplexHandler.channelRead(CombinedChannelDuplexHandler.java:250)
[debug] &amp;#27;[35m[W3C (7ae98af1)]&amp;#27;[39m 	at io.netty.channel.AbstractChannelHandlerContext.invokeChannelRead(AbstractChannelHandlerContext.java:366)
[debug] &amp;#27;[35m[W3C (7ae98af1)]&amp;#27;[39m 	at io.netty.channel.AbstractChannelHandlerContext.invokeChannelRead(AbstractChannelHandlerContext.java:352)
[debug] &amp;#27;[35m[W3C (7ae98af1)]&amp;#27;[39m 	at io.netty.channel.AbstractChannelHandlerContext.fireChannelRead(AbstractChannelHandlerContext.java:345)
[debug] &amp;#27;[35m[W3C (7ae98af1)]&amp;#27;[39m 	at io.netty.handler.timeout.IdleStateHandler.channelRead(IdleStateHandler.java:266)
[debug] &amp;#27;[35m[W3C (7ae98af1)]&amp;#27;[39m 	at io.netty.channel.AbstractChannelHandlerContext.invokeChannelRead(AbstractChannelHandlerContext.java:366)
[debug] &amp;#27;[35m[W3C (7ae98af1)]&amp;#27;[39m 	at io.netty.channel.AbstractChannelHandlerContext.invokeChannelRead(AbstractChannelHandlerContext.java:352)
[debug] &amp;#27;[35m[W3C (7ae98af1)]&amp;#27;[39m 	at io.netty.channel.AbstractChannelHandlerContext.fireChannelRead(AbstractChannelHandlerContext.java:345)
[debug] &amp;#27;[35m[W3C (7ae98af1)]&amp;#27;[39m 	at io.netty.channel.DefaultChannelPipeline$HeadContext.channelRead(DefaultChannelPipeline.java:1294)
[debug] &amp;#27;[35m[W3C (7ae98af1)]&amp;#27;[39m 	at io.netty.channel.AbstractChannelHandlerContext.invokeChannelRead(AbstractChannelHandlerContext.java:366)
[debug] &amp;#27;[35m[W3C (7ae98af1)]&amp;#27;[39m 	at io.netty.channel.AbstractChannelHandlerContext.invokeChannelRead(AbstractChannelHandlerContext.java:352)
[debug] &amp;#27;[35m[W3C (7ae98af1)]&amp;#27;[39m 	at io.netty.channel.DefaultChannelPipeline.fireChannelRead(DefaultChannelPipeline.java:911)
[debug] &amp;#27;[35m[W3C (7ae98af1)]&amp;#27;[39m 	at io.netty.channel.nio.AbstractNioByteChannel$NioByteUnsafe.read(AbstractNioByteChannel.java:131)
[debug] &amp;#27;[35m[W3C (7ae98af1)]&amp;#27;[39m 	at io.netty.channel.nio.NioEventLoop.processSelectedKey(NioEventLoop.java:611)
[debug] &amp;#27;[35m[W3C (7ae98af1)]&amp;#27;[39m 	at io.netty.channel.nio.NioEventLoop.processSelectedKeysOptimized(NioEventLoop.java:552)
[debug] &amp;#27;[35m[W3C (7ae98af1)]&amp;#27;[39m 	at io.netty.channel.nio.NioEventLoop.processSelectedKeys(NioEventLoop.java:466)
[debug] &amp;#27;[35m[W3C (7ae98af1)]&amp;#27;[39m 	at io.netty.channel.nio.NioEventLoop.run(NioEventLoop.java:438)
[debug] &amp;#27;[35m[W3C (7ae98af1)]&amp;#27;[39m 	at io.netty.util.concurrent.SingleThreadEventExecutor$2.run(SingleThreadEventExecutor.java:140)
[debug] &amp;#27;[35m[W3C (7ae98af1)]&amp;#27;[39m 	at io.netty.util.concurrent.DefaultThreadFactory$DefaultRunnableDecorator.run(DefaultThreadFactory.java:144)
[debug] &amp;#27;[35m[W3C (7ae98af1)]&amp;#27;[39m 	at java.lang.Thread.run(Thread.java:1012)
[debug] &amp;#27;[35m[W3C (7ae98af1)]&amp;#27;[39m 
&amp;#27;[35m[HTTP]&amp;#27;[39m &amp;#27;[37m&lt;-- GET /wd/hub/session/7ae98af1-f0c4-48bb-82e0-609d7d4c050b/element/00000000-0000-1bf9-ffff-ffff0000002e/displayed &amp;#27;[39m&amp;#27;[33m404&amp;#27;[39m &amp;#27;[90m2085 ms - 4023&amp;#27;[39m
&amp;#27;[35m[HTTP]&amp;#27;[39m &amp;#27;[90m&amp;#27;[39m
&amp;#27;[35m[HTTP]&amp;#27;[39m &amp;#27;[37m--&gt;&amp;#27;[39m &amp;#27;[37mPOST&amp;#27;[39m &amp;#27;[37m/wd/hub/session/7ae98af1-f0c4-48bb-82e0-609d7d4c050b/element&amp;#27;[39m
&amp;#27;[35m[HTTP]&amp;#27;[39m &amp;#27;[90m{&quot;using&quot;:&quot;id&quot;,&quot;value&quot;:&quot;com.example.android.testing.notes.mock:id/fab_add_notes&quot;}&amp;#27;[39m
[debug] &amp;#27;[35m[W3C (7ae98af1)]&amp;#27;[39m Calling AppiumDriver.findElement() with args: [&quot;id&quot;,&quot;com.example.android.testing.notes.mock:id/fab_add_notes&quot;,&quot;7ae98af1-f0c4-48bb-82e0-609d7d4c050b&quot;]
[debug] &amp;#27;[35m[BaseDriver]&amp;#27;[39m Valid locator strategies for this request: xpath, id, class name, accessibility id, css selector, -android uiautomator
[debug] &amp;#27;[35m[BaseDriver]&amp;#27;[39m Waiting up to 0 ms for condition
[debug] &amp;#27;[35m[WD Proxy]&amp;#27;[39m Matched &apos;/element&apos; to command name &apos;findElement&apos;
[debug] &amp;#27;[35m[WD Proxy]&amp;#27;[39m Proxying [POST /element] to [POST http://127.0.0.1:8200/wd/hub/session/015791bc-716d-4afa-9c1f-c27f676dbeb8/element] with body: {&quot;strategy&quot;:&quot;id&quot;,&quot;selector&quot;:&quot;com.example.android.testing.notes.mock:id/fab_add_notes&quot;,&quot;context&quot;:&quot;&quot;,&quot;multiple&quot;:false}
[debug] &amp;#27;[35m[WD Proxy]&amp;#27;[39m Got response with status 200: {&quot;sessionId&quot;:&quot;015791bc-716d-4afa-9c1f-c27f676dbeb8&quot;,&quot;value&quot;:{&quot;ELEMENT&quot;:&quot;00000000-0000-1bf8-ffff-ffff00000010&quot;,&quot;element-6066-11e4-a52e-4f735466cecf&quot;:&quot;00000000-0000-1bf8-ffff-ffff00000010&quot;}}
[debug] &amp;#27;[35m[W3C (7ae98af1)]&amp;#27;[39m Responding to client wi09:55:58.467 [AsyncHttpClient-1-2] DEBUG org.asynchttpclient.netty.handler.HttpHandler - 

Request DefaultHttpRequest(decodeResult: success, version: HTTP/1.1)
POST /wd/hub/session/7ae98af1-f0c4-48bb-82e0-609d7d4c050b/element HTTP/1.1
User-Agent: selenium/4.5.0 (java windows)
Content-Length: 94
Content-Type: application/json; charset=utf-8
host: 0.0.0.0:4723
accept: */*

Response DefaultHttpResponse(decodeResult: success, version: HTTP/1.1)
HTTP/1.1 200 OK
X-Powered-By: Express
Vary: X-HTTP-Method-Override
Content-Type: application/json; charset=utf-8
ETag: W/&quot;89-8EXTLq5cSt46Zvp9icVVG4pnWIo&quot;
Date: Fri, 02 Dec 2022 04:25:58 GMT
Connection: keep-alive
Keep-Alive: timeout=600
content-length: 137

th driver.findElement(09:55:58.468 [AsyncHttpClient-1-2] DEBUG org.asynchttpclient.netty.channel.ChannelManager - Adding key: http://0.0.0.0:4723 for channel [id: 0x007e0974, L:/127.0.0.1:56617 - R:/127.0.0.1:4723]
) result: {&quot;element-6066-11e4-a52e-4f735466cecf&quot;:&quot;00000000-0000-1bf8-ffff-ffff00000010&quot;,&quot;ELEMENT&quot;:&quot;00000000-0000-1bf8-ffff-ffff00000010&quot;}
&amp;#27;[35m[HTTP]&amp;#27;[39m &amp;#27;[37m&lt;-- POST /wd/hub/session/7ae98af1-f0c4-48bb-82e0-609d7d4c050b/element &amp;#27;[39m&amp;#27;[32m20009:55:58.468 [Forwarding isElementDisplayed on session 7ae98af1-f0c4-48bb-82e0-609d7d4c050b to remote] DEBUG org.asynchttpclient.netty.request.NettyRequestSender - Using pooled Channel &apos;[id: 0x007e0974, L:/127.0.0.1:56617 - R:/127.0.0.1:4723]&apos; for &apos;GET&apos; to &apos;http://0.0.0.0:4723/wd/hub/session/7ae98af1-f0c4-48bb-82e0-609d7d4c050b/element/00000000-0000-1bf8-ffff-ffff00000010/displayed&apos;
&amp;#27;[39m 09:55:58.468 [Forwarding isElementDisplayed on session 7ae98af1-f0c4-48bb-82e0-609d7d4c050b to remote] DEBUG org.asynchttpclient.netty.request.NettyRequestSender - Using open Channel [id: 0x007e0974, L:/127.0.0.1:56617 - R:/127.0.0.1:4723] for GET &apos;/wd/hub/session/7ae98af1-f0c4-48bb-82e0-609d7d4c050b/element/00000000-0000-1bf8-ffff-ffff00000010/displayed&apos;
&amp;#27;[90m46 ms - 137&amp;#27;[39m
&amp;#27;[35m[HTTP]&amp;#27;[39m &amp;#27;[90m&amp;#27;[39m
&amp;#27;[35m[HTTP]&amp;#27;[39m &amp;#27;[37m--&gt;&amp;#27;[39m &amp;#27;[37mGET&amp;#27;[39m &amp;#27;[37m/wd/hub/session/7ae98af1-f0c4-48bb-82e0-609d7d4c050b/element/00000000-0000-1bf8-ffff-ffff00000010/displayed&amp;#27;[39m
&amp;#27;[35m[HTTP]&amp;#27;[39m &amp;#27;[90m{}&amp;#27;[39m
[debug] &amp;#27;[35m[W3C (7ae98af1)]&amp;#27;[39m Calling AppiumDriver.elementDisplayed() with args: [&quot;00000000-0000-1bf8-ffff-ffff00000010&quot;,&quot;7ae98af1-f0c4-48bb-82e0-609d7d4c050b&quot;]
[debug] &amp;#27;[35m[WD Proxy]&amp;#27;[39m Matched &apos;/element/00000000-0000-1bf8-ffff-ffff00000010/attribute/displayed&apos; to command name &apos;getAttribute&apos;
[debug] &amp;#27;[35m[WD Proxy]&amp;#27;[39m Proxying [GET /element/00000000-0000-1bf8-ffff-ffff00000010/attribute/displayed] to [GET http://127.0.0.1:8200/wd/hub/session/015791bc-716d-4afa-9c1f-c27f676dbeb8/element/00000000-0000-1bf8-ffff-ffff00000010/attribute/displayed] with no body
[debug] &amp;#27;[35m[WD Proxy]&amp;#27;[39m Got response with status 200: {&quot;sessionId&quot;:&quot;015791bc-716d-4afa-9c1f-c27f676dbeb8&quot;,&quot;value&quot;:&quot;true&quot;}
[debug] &amp;#27;[35m[W3C (7ae98af1)]&amp;#27;[39m Responding to client with driver.elementDisplayed() result: true
&amp;#27;[35m[HTTP]&amp;#27;[39m &amp;#27;[37m&lt;-- GET /wd09:55:58.482 [AsyncHttpClient-1-2] DEBUG org.asynchttpclient.netty.handler.HttpHandler - 

Request DefaultFullHttpRequest(decodeResult: success, version: HTTP/1.1, content: EmptyByteBufBE)
GET /wd/hub/session/7ae98af1-f0c4-48bb-82e0-609d7d4c050b/element/00000000-0000-1bf8-ffff-ffff00000010/displayed HTTP/1.1
User-Agent: selenium/4.5.0 (java windows)
Cache-Control: no-cache
Content-Type: application/json; charset=utf-8
host: 0.0.0.0:4723
accept: */*

Response DefaultHttpResponse(decodeResult: success, version: HTTP/1.1)
HTTP/1.1 200 OK
X-Powered-By: Express
Content-Type: application/json; charset=utf-8
ETag: W/&quot;e-2ZHvAWebNQpyjGZTg6uyV8/spTo&quot;
Date: Fri, 02 Dec 2022 04:25:58 GMT
Connection: keep-alive
Keep-Alive: timeout=600
content-length: 14

/hub/session/7ae98af1-f0c4-48bb-82e0-609:55:58.482 [AsyncHttpClient-1-2] DEBUG org.asynchttpclient.netty.channel.ChannelManager - Adding key: http://0.0.0.0:4723 for channel [id: 0x007e0974, L:/127.0.0.1:56617 - R:/127.0.0.1:4723]
09d7d4c050b/element/00000000-0000-1bf8-ffff-ffff00000010/displayed &amp;#27;[39m&amp;#27;[32m200&amp;#27;[39m &amp;#27;[90m12 ms - 14&amp;#27;[39m
&amp;#27;[35m[HTTP]&amp;#27;[39m &amp;#27;[90m&amp;#27;[39m
09:55:58.483 [Forwarding findElement on session 7ae98af1-f0c4-48bb-82e0-609d7d4c050b to remote] DEBUG org.asynchttpclient.netty.request.NettyRequestSender - Using pooled Channel &apos;[id: 0x007e0974, L:/127.0.0.1:56617 - R:/127.0.0.1:4723]&apos; for &apos;POST&apos; to &apos;http://0.0.0.0:4723/wd/hub/session/7ae98af1-f0c4-48bb-82e0-609d7d4c050b/element&apos;
09:55:58.483 [Forwarding findElement on session 7ae98af1-f0c4-48bb-82e0-609d7d4c050b to remote] DEBUG org.asynchttpclient.netty.request.NettyRequestSender - Using open Channel [id: 0x007e0974, L:/127.0.0.1:56617 - R:/127.0.0.1:4723] for POST &apos;/wd/hub/session/7ae98af1-f0c4-48bb-82e0-609d7d4c050b/element&apos;
&amp;#27;[35m[HTTP]&amp;#27;[39m &amp;#27;[37m--&gt;&amp;#27;[39m &amp;#27;[37mPOST&amp;#27;[39m &amp;#27;[37m/wd/hub/session/7ae98af1-f0c4-48bb-82e0-609d7d4c050b/element&amp;#27;[39m
&amp;#27;[35m[HTTP]&amp;#27;[39m &amp;#27;[90m{&quot;using&quot;:&quot;id&quot;,&quot;value&quot;:&quot;com.example.android.testing.notes.mock:id/fab_add_notes&quot;}&amp;#27;[39m
[debug] &amp;#27;[35m[W3C (7ae98af1)]&amp;#27;[39m Calling AppiumDriver.findElement() with args: [&quot;id&quot;,&quot;com.example.android.testing.notes.mock:id/fab_add_notes&quot;,&quot;7ae98af1-f0c4-48bb-82e0-609d7d4c050b&quot;]
[debug] &amp;#27;[35m[BaseDriver]&amp;#27;[39m Valid locator strategies for this request: xpath, id, class name, accessibility id, css selector, -android uiautomator
[debug] &amp;#27;[35m[BaseDriver]&amp;#27;[39m Waiting up to 0 ms for condition
[debug] &amp;#27;[35m[WD Proxy]&amp;#27;[39m Matched &apos;/element&apos; to command name &apos;findElement&apos;
[debug] &amp;#27;[35m[WD Proxy]&amp;#27;[39m Proxying [POST /element] to [POST http://127.0.0.1:8200/wd/hub/session/015791bc-716d-4afa-9c1f-c27f676dbeb8/element] with body: {&quot;strategy&quot;:&quot;id&quot;,&quot;selector&quot;:&quot;com.example.android.testing.notes.mock:id/fab_add_notes&quot;,&quot;context&quot;:&quot;&quot;,&quot;multiple&quot;:false}
[debug] &amp;#27;[35m[WD Proxy]&amp;#27;[39m Got response with status 200: {&quot;sessionId&quot;:&quot;015791bc-716d-4afa-9c1f-c27f676dbeb8&quot;,&quot;value&quot;:{&quot;ELEMENT&quot;:&quot;00000000-0000-1bf8-ffff-ffff00000010&quot;,&quot;element-6066-11e4-a52e-4f735466cecf&quot;:&quot;00000000-0000-1bf8-ffff-ffff00000010&quot;}}
09:55:58.516 [AsyncHttpClient-1-2] DEBUG org.asynchttpclient.netty.handler.HttpHandler - 

Request DefaultHttpRequest(decodeResult: success, version: HTTP/1.1)
POST /wd/hub/session/7ae98af1-f0c4-48bb-82e0-609d7d4c050b/element HTTP/1.1
User-Agent: selenium/4.5.0 (java windows)
Content-Length: 94
Content-Type: application/json; charset=utf-8
host: 0.0.0.0:4723
accept: */*

Response DefaultHttpResponse(decodeResult: success, version: HTTP/1.1)
HTTP/1.1 200 OK
X-Powered-By: Express
Vary: X-HTTP-Method-Override
Content-Type: application/json; charset=utf-8
ETag: W/&quot;89-8EXTLq5cSt46Zvp9icVVG4pnWIo&quot;
Date: Fri, 02 Dec 2022 04:25:58 GMT
Connection: keep-alive
Keep-Alive: timeout=600
content-length: 137

[debug] &amp;#27;[35m[W3C (7ae98af1)]&amp;#27;[39m09:55:58.516 [AsyncHttpClient-1-2] DEBUG org.asynchttpclient.netty.channel.ChannelManager - Adding key: http://0.0.0.0:4723 for channel [id: 0x007e0974, L:/127.0.0.1:56617 - R:/127.0.0.1:4723]
 Responding to client with driver.findElement() result: {&quot;element-6066-11e4-a52e-4f735466cecf&quot;:&quot;00000000-0000-1bf8-ffff-ffff00000010&quot;,&quot;ELEMENT&quot;:&quot;00000000-0000-1bf8-ffff-ffff00000010&quot;}
&amp;#27;[35m[HTTP]&amp;#27;[39m &amp;#27;[37m&lt;-- POST /wd/hub/session/7ae98af1-f0c4-48bb-82e0-609d7d4c050b/element &amp;#27;[39m&amp;#27;[32m200&amp;#27;[39m &amp;#27;[90m31 ms - 137&amp;#27;[39m
&amp;#27;[35m09:55:58.516 [Forwarding isElementEnabled on session 7ae98af1-f0c4-48bb-82e0-609d7d4c050b to remote] DEBUG org.asynchttpclient.netty.request.NettyRequestSender - Using pooled Channel &apos;[id: 0x007e0974, L:/127.0.0.1:56617 - R:/127.0.0.1:4723]&apos; for &apos;GET&apos; to &apos;http://0.0.0.0:4723/wd/hub/session/7ae98af1-f0c4-48bb-82e0-609d7d4c050b/element/00000000-0000-1bf8-ffff-ffff00000010/enabled&apos;
[HTTP]&amp;#27;[39m &amp;#27;[90m&amp;#27;[39m
09:55:58.517 [Forwarding isElementEnabled on session 7ae98af1-f0c4-48bb-82e0-609d7d4c050b to remote] DEBUG org.asynchttpclient.netty.request.NettyRequestSender - Using open Channel [id: 0x007e0974, L:/127.0.0.1:56617 - R:/127.0.0.1:4723] for GET &apos;/wd/hub/session/7ae98af1-f0c4-48bb-82e0-609d7d4c050b/element/00000000-0000-1bf8-ffff-ffff00000010/enabled&apos;
&amp;#27;[35m[HTTP]&amp;#27;[39m &amp;#27;[37m--&gt;&amp;#27;[39m &amp;#27;[37mGET&amp;#27;[39m &amp;#27;[37m/wd/hub/session/7ae98af1-f0c4-48bb-82e0-609d7d4c050b/element/00000000-0000-1bf8-ffff-ffff00000010/enabled&amp;#27;[39m
&amp;#27;[35m[HTTP]&amp;#27;[39m &amp;#27;[90m{}&amp;#27;[39m
[debug] &amp;#27;[35m[W3C (7ae98af1)]&amp;#27;[39m Calling AppiumDriver.elementEnabled() with args: [&quot;00000000-0000-1bf8-ffff-ffff00000010&quot;,&quot;7ae98af1-f0c4-48bb-82e0-609d7d4c050b&quot;]
[debug] &amp;#27;[35m[WD Proxy]&amp;#27;[39m Matched &apos;/element/00000000-0000-1bf8-ffff-ffff00000010/attribute/enabled&apos; to command name &apos;getAttribute&apos;
[debug] &amp;#27;[35m[WD Proxy]&amp;#27;[39m Proxying [GET /element/00000000-0000-1bf8-ffff-ffff00000010/attribute/enabled] to [GET http://127.0.0.1:8200/wd/hub/session/015791bc-716d-4afa-9c1f-c27f676dbeb8/element/00000000-0000-1bf8-ffff-ffff00000010/attribute/enabled] with no body
[debug] &amp;#27;[35m[WD Proxy]&amp;#27;[39m Got response with status 200: {&quot;sessionId&quot;:&quot;015791bc-716d-4afa-9c1f-c27f676dbeb8&quot;,&quot;value&quot;:&quot;true&quot;}
[debug] &amp;#27;[35m[W3C (7ae98af1)]&amp;#27;[39m Responding to client with driver.elementEnabled() result: true
09:55:58.531 [AsyncHttpClient-1-2] DEBUG org.asynchttpclient.netty.handler.HttpHandler - 

Request DefaultFullHttpRequest(decodeResult: success, version: HTTP/1.1, content: EmptyByteBufBE)
GET /wd/hub/session/7ae98af1-f0c4-48bb-82e0-609d7d4c050b/element/00000000-0000-1bf8-ffff-ffff00000010/enabled HTTP/1.1
User-Agent: selenium/4.5.0 (java windows)
Cache-Control: no-cache
Content-Type: application/json; charset=utf-8
host: 0.0.0.0:4723
accept: */*

Response DefaultHttpResponse(decodeResult: success, version: HTTP/1.1)
HTTP/1.1 200 OK
X-Powered-By: Express
Content-Type: application/json; charset=utf-8
ETag: W/&quot;e-2ZHvAWebNQpyjGZTg6uyV8/spTo&quot;
Date: Fri, 02 Dec 2022 04:25:58 GMT
Connection: keep-alive
Keep-Alive: timeout=600
content-length: 14

09:55:58.531 [AsyncHttpClient-1-2] DEBUG org.asynchttpclient.netty.channel.ChannelManager - Adding key: http://0.0.0.0:4723 for channel [id: 0x007e0974, L:/127.0.0.1:56617 - R:/127.0.0.1:4723]
&amp;#27;[35m[HTTP]&amp;#27;[39m &amp;#27;[37m&lt;-- GET /wd/hub/session/7ae98af1-f0c4-48bb-82e0-609d7d4c050b/element/00000000-0000-1bf8-ffff-ffff00000010/enabled &amp;#27;[39m&amp;#27;[32m200&amp;#27;[39m &amp;#27;[90m13 ms - 14&amp;#27;[39m
&amp;#27;[35m[HTTP]&amp;#27;[39m &amp;#27;[90m&amp;#27;[39m
09:55:58.532 [Forwarding findElement on session 7ae98af1-f0c4-48bb-82e0-609d7d4c050b to remote] DEBUG org.asynchttpclient.netty.request.NettyRequestSender - Using pooled Channel &apos;[id: 0x007e0974, L:/127.0.0.1:56617 - R:/127.0.0.1:4723]&apos; for &apos;POST&apos; to &apos;http://0.0.0.0:4723/wd/hub/session/7ae98af1-f0c4-48bb-82e0-609d7d4c050b/element&apos;
09:55:58.532 [Forwarding findElement on session 7ae98af1-f0c4-48bb-82e0-609d7d4c050b to remote] DEBUG org.asynchttpclient.netty.request.NettyRequestSender - Using open Channel [id: 0x007e0974, L:/127.0.0.1:56617 - R:/127.0.0.1:4723] for POST &apos;/wd/hub/session/7ae98af1-f0c4-48bb-82e0-609d7d4c050b/element&apos;
&amp;#27;[35m[HTTP]&amp;#27;[39m &amp;#27;[37m--&gt;&amp;#27;[39m &amp;#27;[37mPOST&amp;#27;[39m &amp;#27;[37m/wd/hub/session/7ae98af1-f0c4-48bb-82e0-609d7d4c050b/element&amp;#27;[39m
&amp;#27;[35m[HTTP]&amp;#27;[39m &amp;#27;[90m{&quot;using&quot;:&quot;id&quot;,&quot;value&quot;:&quot;com.example.android.testing.notes.mock:id/fab_add_notes&quot;}&amp;#27;[39m
[debug] &amp;#27;[35m[W3C (7ae98af1)]&amp;#27;[39m Calling AppiumDriver.findElement() with args: [&quot;id&quot;,&quot;com.example.android.testing.notes.mock:id/fab_add_notes&quot;,&quot;7ae98af1-f0c4-48bb-82e0-609d7d4c050b&quot;]
[debug] &amp;#27;[35m[BaseDriver]&amp;#27;[39m Valid locator strategies for this request: xpath, id, class name, accessibility id, css selector, -android uiautomator
[debug] &amp;#27;[35m[BaseDriver]&amp;#27;[39m Waiting up to 0 ms for condition
[debug] &amp;#27;[35m[WD Proxy]&amp;#27;[39m Matched &apos;/element&apos; to command name &apos;findElement&apos;
[debug] &amp;#27;[35m[WD Proxy]&amp;#27;[39m Proxying [POST /element] to [POST http://127.0.0.1:8200/wd/hub/session/015791bc-716d-4afa-9c1f-c27f676dbeb8/element] with body: {&quot;strategy&quot;:&quot;id&quot;,&quot;selector&quot;:&quot;com.example.android.testing.notes.mock:id/fab_add_notes&quot;,&quot;context&quot;:&quot;&quot;,&quot;multiple&quot;:false}
[debug] &amp;#27;[35m[WD Proxy]&amp;#27;[39m Got response with status 200: {&quot;sessionId&quot;:&quot;015791bc-716d-4afa-9c1f-c27f676dbeb8&quot;,&quot;value&quot;:{&quot;ELEMENT&quot;:&quot;00000000-0000-1bf8-ffff-ffff00000010&quot;,&quot;element-6066-11e4-a52e-4f735466cecf&quot;:&quot;00000000-0000-1bf8-ffff-ffff00000010&quot;}}
[debug] &amp;#27;[35m[W3C (7ae98af1)]&amp;#27;[39m Responding to 09:55:58.566 [AsyncHttpClient-1-2] DEBUG org.asynchttpclient.netty.handler.HttpHandler - 

Request DefaultHttpRequest(decodeResult: success, version: HTTP/1.1)
POST /wd/hub/session/7ae98af1-f0c4-48bb-82e0-609d7d4c050b/element HTTP/1.1
User-Agent: selenium/4.5.0 (java windows)
Content-Length: 94
Content-Type: application/json; charset=utf-8
host: 0.0.0.0:4723
accept: */*

Response DefaultHttpResponse(decodeResult: success, version: HTTP/1.1)
HTTP/1.1 200 OK
X-Powered-By: Express
Vary: X-HTTP-Method-Override
Content-Type: application/json; charset=utf-8
ETag: W/&quot;89-8EXTLq5cSt46Zvp9icVVG4pnWIo&quot;
Date: Fri, 02 Dec 2022 04:25:58 GMT
Connection: keep-alive
Keep-Alive: timeout=600
content-length: 137

client with driver.findElement() result: {&quot;element-6066-11e4-a52e-4f735466cecf&quot;:&quot;00000000-0000-1bf8-ffff-ffff00000010&quot;,&quot;ELEMENT&quot;:&quot;000009:55:58.567 [AsyncHttpClient-1-2] DEBUG org.asynchttpclient.netty.channel.ChannelManager - Adding key: http://0.0.0.0:4723 for channel [id: 0x007e0974, L:/127.0.0.1:56617 - R:/127.0.0.1:4723]
0000-0000-1bf8-ffff-ffff00000010&quot;}
&amp;#27;[35m[HTTP]&amp;#27;[39m &amp;#27;[37m&lt;-- POST /wd/hub/session/7ae98af1-f0c4-48bb-82e0-609d7d4c050b/element &amp;#27;[39m&amp;#27;[32m200&amp;#27;[39m &amp;#27;[90m33 ms - 137&amp;#27;[39m
&amp;#27;[35m[HTTP]&amp;#27;[39m &amp;#27;[90m&amp;#27;[39m
09:55:58.568 [Forwarding clickElement on session 7ae98af1-f0c4-48bb-82e0-609d7d4c050b to remote] DEBUG org.asynchttpclient.netty.request.NettyRequestSender - Using pooled Channel &apos;[id: 0x007e0974, L:/127.0.0.1:56617 - R:/127.0.0.1:4723]&apos; for &apos;POST&apos; to &apos;http://0.0.0.0:4723/wd/hub/session/7ae98af1-f0c4-48bb-82e0-609d7d4c050b/element/00000000-0000-1bf8-ffff-ffff00000010/click&apos;
09:55:58.568 [Forwarding clickElement on session 7ae98af1-f0c4-48bb-82e0-609d7d4c050b to remote] DEBUG org.asynchttpclient.netty.request.NettyRequestSender - Using open Channel [id: 0x007e0974, L:/127.0.0.1:56617 - R:/127.0.0.1:4723] for POST &apos;/wd/hub/session/7ae98af1-f0c4-48bb-82e0-609d7d4c050b/element/00000000-0000-1bf8-ffff-ffff00000010/click&apos;
&amp;#27;[35m[HTTP]&amp;#27;[39m &amp;#27;[37m--&gt;&amp;#27;[39m &amp;#27;[37mPOST&amp;#27;[39m &amp;#27;[37m/wd/hub/session/7ae98af1-f0c4-48bb-82e0-609d7d4c050b/element/00000000-0000-1bf8-ffff-ffff00000010/click&amp;#27;[39m
&amp;#27;[35m[HTTP]&amp;#27;[39m &amp;#27;[90m{&quot;id&quot;:&quot;00000000-0000-1bf8-ffff-ffff00000010&quot;}&amp;#27;[39m
[debug] &amp;#27;[35m[W3C (7ae98af1)]&amp;#27;[39m Calling AppiumDriver.click() with args: [&quot;00000000-0000-1bf8-ffff-ffff00000010&quot;,&quot;7ae98af1-f0c4-48bb-82e0-609d7d4c050b&quot;]
[debug] &amp;#27;[35m[WD Proxy]&amp;#27;[39m Matched &apos;/element/00000000-0000-1bf8-ffff-ffff00000010/click&apos; to command name &apos;click&apos;
[debug] &amp;#27;[35m[WD Proxy]&amp;#27;[39m Proxying [POST /element/00000000-0000-1bf8-ffff-ffff00000010/click] to [POST http://127.0.0.1:8200/wd/hub/session/015791bc-716d-4afa-9c1f-c27f676dbeb8/element/00000000-0000-1bf8-ffff-ffff00000010/click] with body: {&quot;element&quot;:&quot;00000000-0000-1bf8-ffff-ffff00000010&quot;}
[debug] &amp;#27;[35m[WD Proxy]&amp;#27;[39m Got response with status 200: {&quot;sessionId&quot;:&quot;015791bc-716d-4afa-9c1f-c27f676dbeb8&quot;,&quot;value&quot;:null}
[debug] &amp;#27;[35m[W3C (7ae98af1)]&amp;#27;[39m Responding to client with driver.click() result: null
09:55:58.620 [AsyncHttpClient-1-2] DEBUG org.asynchttpclient.netty.handler.HttpHandler - 

Request DefaultHttpRequest(decodeResult: success, version: HTTP/1.1)
POST /wd/hub/session/7ae98af1-f0c4-48bb-82e0-609d7d4c050b/element/00000000-0000-1bf8-ffff-ffff00000010/click HTTP/1.1
User-Agent: selenium/4.5.0 (java windows)
Content-Length: 50
Content-Type: application/json; charset=utf-8
host: 0.0.0.0:4723
accept: */*

Response DefaultHttpResponse(decodeResult: success, version: HTTP/1.1)
HTTP/1.1 200 OK
X-Powered-By: Express
Vary: X-HTTP-Method-Override
Content-Type: application/json; charset=utf-8
ETag: W/&quot;e-9/1BuKMgFObM1mWJm+YjxtXJnUM&quot;
Date: Fri, 02 Dec 2022 04:25:58 GMT
Connection: keep-alive
Keep-Alive: timeout=600
content-length: 14

&amp;#27;[35m[HTTP]&amp;#27;[39m &amp;#27;[37m&lt;-- POST /wd/hub/session/7ae09:55:58.620 [AsyncHttpClient-1-2] DEBUG org.asynchttpclient.netty.channel.ChannelManager - Adding key: http://0.0.0.0:4723 for channel [id: 0x007e0974, L:/127.0.0.1:56617 - R:/127.0.0.1:4723]
98af1-f0c4-48bb-82e0-609d7d4c050b/element/00000000-0000-1bf8-ffff-ffff00000010/click &amp;#27;[39m&amp;#27;[32m200&amp;#27;[39m &amp;#27;[90m51 ms - 14&amp;#27;[39m
&amp;#27;[35m[HTTP]&amp;#27;[39m &amp;#27;[90m&amp;#27;[39m
09:55:58.622 [Forwarding findElement on session 7ae98af1-f0c4-48bb-82e0-609d7d4c050b to remote] DEBUG org.asynchttpclient.netty.request.NettyRequestSender - Using pooled Channel &apos;[id: 0x007e0974, L:/127.0.0.1:56617 - R:/127.0.0.1:4723]&apos; for &apos;POST&apos; to &apos;http://0.0.0.0:4723/wd/hub/session/7ae98af1-f0c4-48bb-82e0-609d7d4c050b/element&apos;
09:55:58.622 [Forwarding findElement on session 7ae98af1-f0c4-48bb-82e0-609d7d4c050b to remote] DEBUG org.asynchttpclient.netty.request.NettyRequestSender - Using open Channel [id: 0x007e0974, L:/127.0.0.1:56617 - R:/127.0.0.1:4723] for POST &apos;/wd/hub/session/7ae98af1-f0c4-48bb-82e0-609d7d4c050b/element&apos;
&amp;#27;[35m[HTTP]&amp;#27;[39m &amp;#27;[37m--&gt;&amp;#27;[39m &amp;#27;[37mPOST&amp;#27;[39m &amp;#27;[37m/wd/hub/session/7ae98af1-f0c4-48bb-82e0-609d7d4c050b/element&amp;#27;[39m
&amp;#27;[35m[HTTP]&amp;#27;[39m &amp;#27;[90m{&quot;using&quot;:&quot;id&quot;,&quot;value&quot;:&quot;com.example.android.testing.notes.mock:id/add_note_title&quot;}&amp;#27;[39m
[debug] &amp;#27;[35m[W3C (7ae98af1)]&amp;#27;[39m Calling AppiumDriver.findElement() with args: [&quot;id&quot;,&quot;com.example.android.testing.notes.mock:id/add_note_title&quot;,&quot;7ae98af1-f0c4-48bb-82e0-609d7d4c050b&quot;]
[debug] &amp;#27;[35m[BaseDriver]&amp;#27;[39m Valid locator strategies for this request: xpath, id, class name, accessibility id, css selector, -android uiautomator
[debug] &amp;#27;[35m[BaseDriver]&amp;#27;[39m Waiting up to 0 ms for condition
[debug] &amp;#27;[35m[WD Proxy]&amp;#27;[39m Matched &apos;/element&apos; to command name &apos;findElement&apos;
[debug] &amp;#27;[35m[WD Proxy]&amp;#27;[39m Proxying [POST /element] to [POST http://127.0.0.1:8200/wd/hub/session/015791bc-716d-4afa-9c1f-c27f676dbeb8/element] with body: {&quot;strategy&quot;:&quot;id&quot;,&quot;selector&quot;:&quot;com.example.android.testing.notes.mock:id/add_note_title&quot;,&quot;context&quot;:&quot;&quot;,&quot;multiple&quot;:false}
&amp;#27;[35m[WD Proxy]&amp;#27;[39m Got response with status 404: {&quot;sessionId&quot;:&quot;015791bc-716d-4afa-9c1f-c27f676dbeb8&quot;,&quot;value&quot;:{&quot;error&quot;:&quot;no such element&quot;,&quot;message&quot;:&quot;An element could not be located on the page using the given search parameters&quot;,&quot;stacktrace&quot;:&quot;io.appium.uiautomator2.common.exceptions.ElementNotFoundException: An element could not be located on the page using the given search parameters\n\tat io.appium.uiautomator2.handler.FindElement.safeHandle(FindElement.java:70)\n\tat io.appium.uiautomator2.handler.request.SafeRequestHandler.handle(SafeRequestH09:55:58.706 [AsyncHttpClient-1-2] DEBUG org.asynchttpclient.netty.handler.HttpHandler - 

Request DefaultHttpRequest(decodeResult: success, version: HTTP/1.1)
POST /wd/hub/session/7ae98af1-f0c4-48bb-82e0-609d7d4c050b/element HTTP/1.1
User-Agent: selenium/4.5.0 (java windows)
Content-Length: 95
Content-Type: application/json; charset=utf-8
host: 0.0.0.0:4723
accept: */*

Response DefaultHttpResponse(decodeResult: success, version: HTTP/1.1)
HTTP/1.1 404 Not Found
X-Powered-By: Express
Vary: X-HTTP-Method-Override
Content-Type: application/json; charset=utf-8
ETag: W/&quot;370-dTE2jiWDUpBVgBRiqETyupcduWo&quot;
Date: Fri, 02 Dec 2022 04:25:58 GMT
Connection: keep-alive
Keep-Alive: timeout=600
content-length: 880

a09:55:58.707 [AsyncHttpClient-1-2] DEBUG org.asynchttpclient.netty.channel.ChannelManager - Adding key: http://0.0.0.0:4723 for channel [id: 0x007e0974, L:/127.0.0.1:56617 - R:/127.0.0.1:4723]
ndler.java:59)\n\tat io.appium.uiautomator2.server.AppiumServlet.handleRequest(AppiumServlet.java:266)\n\tat io.appium.uiautomator2.server.AppiumServlet.handleHttpRequest(AppiumServlet.java:260)\n\tat io.appium.uiautomator2.http.ServerHandler.channelRead(ServerHandler.java:68)\n\tat io.netty.channel.AbstractChannelHandlerContext.invokeChannelRead(AbstractChannelHandlerContext.java:366)\n\tat io.netty.channel.AbstractChannelHandlerContext.invokeChannelRead(AbstractChannelHandlerContext.java:352)\n\tat io.netty.chann...
[debug] &amp;#27;[35m[W3C]&amp;#27;[39m Matched W3C error code &apos;no such element&apos; to NoSuchElementError
[debug] &amp;#27;[35m[W3C (7ae98af1)]&amp;#27;[39m Encountered internal error running command: NoSuchElementError: An element could not be located on the page using the given search parameters.
[debug] &amp;#27;[35m[W3C (7ae98af1)]&amp;#27;[39m     at AndroidUiautomator2Driver.findElOrEls (C:\Users\manis\AppData\Roaming\npm\node_modules\appium\node_modules\appium-android-driver\lib\commands\find.js:75:11)
[debug] &amp;#27;[35m[W3C (7ae98af1)]&amp;#27;[39m     at processTicksAndRejections (node:internal/process/task_queues:95:5)
[debug] &amp;#27;[35m[W3C (7ae98af1)]&amp;#27;[39m     at AndroidUiautomator2Driver.findElOrElsWithProcessing (C:\Users\manis\AppData\Roaming\npm\node_modules\appium\node_modules\appium-base-driver\lib\basedriver\commands\find.js:33:12)
[debug] &amp;#27;[35m[W3C (7ae98af1)]&amp;#27;[39m     at AndroidUiautomator2Driver.findElement (C:\Users\manis\AppData\Roaming\npm\node_modules\appium\node_modules\appium-base-driver\lib\basedriver\commands\find.js:53:10)
&amp;#27;[35m[HTTP]&amp;#27;[39m &amp;#27;[37m&lt;-- POST /wd/hub/session/7ae98af1-f0c4-48bb-82e0-609d7d4c050b/element &amp;#27;[39m&amp;#27;[33m404&amp;#27;[39m &amp;#27;[90m82 ms - 880&amp;#27;[39m
&amp;#27;[35m[HTTP]&amp;#27;[39m &amp;#27;[90m&amp;#27;[39m
09:55:59.215 [Forwarding findElement on session 7ae98af1-f0c4-48bb-82e0-609d7d4c050b to remote] DEBUG org.asynchttpclient.netty.request.NettyRequestSender - Using pooled Channel &apos;[id: 0x007e0974, L:/127.0.0.1:56617 - R:/127.0.0.1:4723]&apos; for &apos;POST&apos; to &apos;http://0.0.0.0:4723/wd/hub/session/7ae98af1-f0c4-48bb-82e0-609d7d4c050b/element&apos;
09:55:59.215 [Forwarding findElement on session 7ae98af1-f0c4-48bb-82e0-609d7d4c050b to remote] DEBUG org.asynchttpclient.netty.request.NettyRequestSender - Using open Channel [id: 0x007e0974, L:/127.0.0.1:56617 - R:/127.0.0.1:4723] for POST &apos;/wd/hub/session/7ae98af1-f0c4-48bb-82e0-609d7d4c050b/element&apos;
&amp;#27;[35m[HTTP]&amp;#27;[39m &amp;#27;[37m--&gt;&amp;#27;[39m &amp;#27;[37mPOST&amp;#27;[39m &amp;#27;[37m/wd/hub/session/7ae98af1-f0c4-48bb-82e0-609d7d4c050b/element&amp;#27;[39m
&amp;#27;[35m[HTTP]&amp;#27;[39m &amp;#27;[90m{&quot;using&quot;:&quot;id&quot;,&quot;value&quot;:&quot;com.example.android.testing.notes.mock:id/add_note_title&quot;}&amp;#27;[39m
[debug] &amp;#27;[35m[W3C (7ae98af1)]&amp;#27;[39m Calling AppiumDriver.findElement() with args: [&quot;id&quot;,&quot;com.example.android.testing.notes.mock:id/add_note_title&quot;,&quot;7ae98af1-f0c4-48bb-82e0-609d7d4c050b&quot;]
[debug] &amp;#27;[35m[BaseDriver]&amp;#27;[39m Valid locator strategies for this request: xpath, id, class name, accessibility id, css selector, -android uiautomator
[debug] &amp;#27;[35m[BaseDriver]&amp;#27;[39m Waiting up to 0 ms for condition
[debug] &amp;#27;[35m[WD Proxy]&amp;#27;[39m Matched &apos;/element&apos; to command name &apos;findElement&apos;
[debug] &amp;#27;[35m[WD Proxy]&amp;#27;[39m Proxying [POST /element] to [POST http://127.0.0.1:8200/wd/hub/session/015791bc-716d-4afa-9c1f-c27f676dbeb8/element] with body: {&quot;strategy&quot;:&quot;id&quot;,&quot;selector&quot;:&quot;com.example.android.testing.notes.mock:id/add_note_title&quot;,&quot;context&quot;:&quot;&quot;,&quot;multiple&quot;:false}
[debug] &amp;#27;[35m[WD Proxy]&amp;#27;[39m Got response with status 200: {&quot;sessionId&quot;:&quot;015791bc-716d-4afa-9c1f-c27f676dbeb8&quot;,&quot;value&quot;:{&quot;ELEMENT&quot;:&quot;00000000-0000-1bfa-ffff-ffff0000004a&quot;,&quot;element-6066-11e4-a52e-4f735466cecf&quot;:&quot;00000000-0000-1bfa-ffff-ffff0000004a&quot;}}
09:55:59.385 [AsyncHttpClient-1-2] DEBUG org.asynchttpclient.netty.handler.HttpHandler - 

Request DefaultHttpRequest(decodeResult: success, version: HTTP/1.1)
POST /wd/hub/session/7ae98af1-f0c4-48bb-82e0-609d7d4c050b/element HTTP/1.1
User-Agent: selenium/4.5.0 (java windows)
Content-Length: 95
Content-Type: application/json; charset=utf-8
host: 0.0.0.0:4723
accept: */*

Response DefaultHttpResponse(decodeResult: success, version: HTTP/1.1)
HTTP/1.1 200 OK
X-Powered-By: Express
Vary: X-HTTP-Method-Override
Content-Type: application/json; charset=utf-8
ETag: W/&quot;89-wg7tYrdudsvNI7fb1gsVEqNh5XU&quot;
Date: Fri, 02 Dec 2022 04:25:59 GMT
Connection: keep-alive
Keep-Alive: timeout=600
content-length: 137

[debug] &amp;#27;[35m[W3C (7ae98af1)]&amp;#27;[39m Responding to client with driver.findElement() result: {&quot;element09:55:59.386 [AsyncHttpClient-1-2] DEBUG org.asynchttpclient.netty.channel.ChannelManager - Adding key: http://0.0.0.0:4723 for channel [id: 0x007e0974, L:/127.0.0.1:56617 - R:/127.0.0.1:4723]
-6066-11e4-a52e-4f735466cecf&quot;:&quot;00000000-0000-1bfa-ffff-ffff0000004a&quot;,&quot;ELEMENT&quot;:&quot;00000000-0000-1bfa-ffff-ffff0000004a&quot;}
&amp;#27;[35m[HTTP]&amp;#27;[39m &amp;#27;[37m&lt;-- POST /wd/hub/session/7ae98af1-f0c4-48bb-82e0-609d7d4c050b/element &amp;#27;[39m&amp;#27;[32m200&amp;#27;[39m &amp;#27;[90m168 ms - 137&amp;#27;[39m
09:55:59.388 [Forwarding isElementDisplayed on session 7ae98af1-f0c4-48bb-82e0-609d7d4c050b to remote] DEBUG org.asynchttpclient.netty.request.NettyRequestSender - Using pooled Channel &apos;[id: 0x007e0974, L:/127.0.0.1:56617 - R:/127.0.0.1:4723]&apos; for &apos;GET&apos; to &apos;http://0.0.0.0:4723/wd/hub/session/7ae98af1-f0c4-48bb-82e0-609d7d4c050b/element/00000000-0000-1bfa-ffff-ffff0000004a/displayed&apos;
&amp;#27;[35m[HTT09:55:59.389 [Forwarding isElementDisplayed on session 7ae98af1-f0c4-48bb-82e0-609d7d4c050b to remote] DEBUG org.asynchttpclient.netty.request.NettyRequestSender - Using open Channel [id: 0x007e0974, L:/127.0.0.1:56617 - R:/127.0.0.1:4723] for GET &apos;/wd/hub/session/7ae98af1-f0c4-48bb-82e0-609d7d4c050b/element/00000000-0000-1bfa-ffff-ffff0000004a/displayed&apos;
P]&amp;#27;[39m &amp;#27;[90m&amp;#27;[39m
&amp;#27;[35m[HTTP]&amp;#27;[39m &amp;#27;[37m--&gt;&amp;#27;[39m &amp;#27;[37mGET&amp;#27;[39m &amp;#27;[37m/wd/hub/session/7ae98af1-f0c4-48bb-82e0-609d7d4c050b/element/00000000-0000-1bfa-ffff-ffff0000004a/displayed&amp;#27;[39m
&amp;#27;[35m[HTTP]&amp;#27;[39m &amp;#27;[90m{}&amp;#27;[39m
[debug] &amp;#27;[35m[W3C (7ae98af1)]&amp;#27;[39m Calling AppiumDriver.elementDisplayed() with args: [&quot;00000000-0000-1bfa-ffff-ffff0000004a&quot;,&quot;7ae98af1-f0c4-48bb-82e0-609d7d4c050b&quot;]
[debug] &amp;#27;[35m[WD Proxy]&amp;#27;[39m Matched &apos;/element/00000000-0000-1bfa-ffff-ffff0000004a/attribute/displayed&apos; to command name &apos;getAttribute&apos;
[debug] &amp;#27;[35m[WD Proxy]&amp;#27;[39m Proxying [GET /element/00000000-0000-1bfa-ffff-ffff0000004a/attribute/displayed] to [GET http://127.0.0.1:8200/wd/hub/session/015791bc-716d-4afa-9c1f-c27f676dbeb8/element/00000000-0000-1bfa-ffff-ffff0000004a/attribute/displayed] with no body
[debug] &amp;#27;[35m[WD Proxy]&amp;#27;[39m Got response with status 200: {&quot;sessionId&quot;:&quot;015791bc-716d-4afa-9c1f-c27f676dbeb8&quot;,&quot;value&quot;:&quot;true&quot;}
[debug] &amp;#27;[35m[W3C (7ae98af1)]&amp;#27;[39m Responding to client with driver.ele09:55:59.409 [AsyncHttpClient-1-2] DEBUG org.asynchttpclient.netty.handler.HttpHandler - 

Request DefaultFullHttpRequest(decodeResult: success, version: HTTP/1.1, content: EmptyByteBufBE)
GET /wd/hub/session/7ae98af1-f0c4-48bb-82e0-609d7d4c050b/element/00000000-0000-1bfa-ffff-ffff0000004a/displayed HTTP/1.1
User-Agent: selenium/4.5.0 (java windows)
Cache-Control: no-cache
Content-Type: application/json; charset=utf-8
host: 0.0.0.0:4723
accept: */*

Response DefaultHttpResponse(decodeResult: success, version: HTTP/1.1)
HTTP/1.1 200 OK
X-Powered-By: Express
Content-Type: application/json; charset=utf-8
ETag: W/&quot;e-2ZHvAWebNQpyjGZTg6uyV8/spTo&quot;
Date: Fri, 02 Dec 2022 04:25:59 GMT
Connection: keep-alive
Keep-Alive: timeout=600
content-length: 14

mentDisplayed() result: true09:55:59.409 [AsyncHttpClient-1-2] DEBUG org.asynchttpclient.netty.channel.ChannelManager - Adding key: http://0.0.0.0:4723 for channel [id: 0x007e0974, L:/127.0.0.1:56617 - R:/127.0.0.1:4723]

&amp;#27;[35m[HTTP]&amp;#27;[39m &amp;#27;[37m&lt;-- GET /wd/hub/session/7ae98af1-f0c4-48bb-82e0-609d7d4c050b/element/00000000-0000-1bfa-ffff-ffff0000004a/displayed &amp;#27;[39m&amp;#27;[32m200&amp;#27;[39m &amp;#27;[90m17 ms - 14&amp;#27;[39m
&amp;#27;[35m[HTTP]&amp;#27;[309:55:59.409 [Forwarding findElement on session 7ae98af1-f0c4-48bb-82e0-609d7d4c050b to remote] DEBUG org.asynchttpclient.netty.request.NettyRequestSender - Using pooled Channel &apos;[id: 0x007e0974, L:/127.0.0.1:56617 - R:/127.0.0.1:4723]&apos; for &apos;POST&apos; to &apos;http://0.0.0.0:4723/wd/hub/session/7ae98af1-f0c4-48bb-82e0-609d7d4c050b/element&apos;
9m &amp;#27;09:55:59.409 [Forwarding findElement on session 7ae98af1-f0c4-48bb-82e0-609d7d4c050b to remote] DEBUG org.asynchttpclient.netty.request.NettyRequestSender - Using open Channel [id: 0x007e0974, L:/127.0.0.1:56617 - R:/127.0.0.1:4723] for POST &apos;/wd/hub/session/7ae98af1-f0c4-48bb-82e0-609d7d4c050b/element&apos;
[90m&amp;#27;[39m
&amp;#27;[35m[HTTP]&amp;#27;[39m &amp;#27;[37m--&gt;&amp;#27;[39m &amp;#27;[37mPOST&amp;#27;[39m &amp;#27;[37m/wd/hub/session/7ae98af1-f0c4-48bb-82e0-609d7d4c050b/element&amp;#27;[39m
&amp;#27;[35m[HTTP]&amp;#27;[39m &amp;#27;[90m{&quot;using&quot;:&quot;id&quot;,&quot;value&quot;:&quot;com.example.android.testing.notes.mock:id/add_note_title&quot;}&amp;#27;[39m
[debug] &amp;#27;[35m[W3C (7ae98af1)]&amp;#27;[39m Calling AppiumDriver.findElement() with args: [&quot;id&quot;,&quot;com.example.android.testing.notes.mock:id/add_note_title&quot;,&quot;7ae98af1-f0c4-48bb-82e0-609d7d4c050b&quot;]
[debug] &amp;#27;[35m[BaseDriver]&amp;#27;[39m Valid locator strategies for this request: xpath, id, class name, accessibility id, css selector, -android uiautomator
[debug] &amp;#27;[35m[BaseDriver]&amp;#27;[39m Waiting up to 0 ms for condition
[debug] &amp;#27;[35m[WD Proxy]&amp;#27;[39m Matched &apos;/element&apos; to command name &apos;findElement&apos;
[debug] &amp;#27;[35m[WD Proxy]&amp;#27;[39m Proxying [POST /element] to [POST http://127.0.0.1:8200/wd/hub/session/015791bc-716d-4afa-9c1f-c27f676dbeb8/element] with body: {&quot;strategy&quot;:&quot;id&quot;,&quot;selector&quot;:&quot;com.example.android.testing.notes.mock:id/add_note_title&quot;,&quot;context&quot;:&quot;&quot;,&quot;multiple&quot;:false}
[debug] &amp;#27;[35m[WD Proxy]&amp;#27;[39m Got response with status 200: {&quot;sessionId&quot;:&quot;015791bc-716d-4afa-9c1f-c27f676dbeb8&quot;,&quot;value&quot;:{&quot;ELEMENT&quot;:&quot;00000000-0000-1bfa-ffff-ffff0000004a&quot;,&quot;element-6066-11e4-a52e-4f735466cecf&quot;:&quot;00000000-0000-1bfa-ffff-ffff0000004a&quot;}}
09:55:59.438 [AsyncHttpClient-1-2] DEBUG org.asynchttpclient.netty.handler.HttpHandler - 

Request DefaultHttpRequest(decodeResult: success, version: HTTP/1.1)
POST /wd/hub/session/7ae98af1-f0c4-48bb-82e0-609d7d4c050b/element HTTP/1.1
User-Agent: selenium/4.5.0 (java windows)
Content-Length: 95
Content-Type: application/json; charset=utf-8
host: 0.0.0.0:4723
accept: */*

Response DefaultHttpResponse(decodeResult: success, version: HTTP/1.1)
HTTP/1.1 200 OK
X-Powered-By: Express
Vary: X-HTTP-Method-Override
Content-Type: application/json; charset=utf-8
ETag: W/&quot;89-wg7tYrdudsvNI7fb1gsVEqNh5XU&quot;
Date: Fri, 02 Dec 2022 04:25:59 GMT
Connection: keep-alive
Keep-Alive: timeout=600
content-length: 137

[debug] &amp;#27;[35m[W3C (7ae98af1)]09:55:59.438 [AsyncHttpClient-1-2] DEBUG org.asynchttpclient.netty.channel.ChannelManager - Adding key: http://0.0.0.0:4723 for channel [id: 0x007e0974, L:/127.0.0.1:56617 - R:/127.0.0.1:4723]
&amp;#27;[39m Responding to client with driver.findElement() result: {&quot;element-6066-11e4-a52e-4f735466cecf&quot;:&quot;00000000-0000-1bfa-ffff-ffff0000004a&quot;,&quot;ELEMENT&quot;:&quot;00000000-0000-1bfa-ffff-ffff0000004a&quot;}
&amp;#27;[35m[HTTP]&amp;#27;[39m &amp;#27;[37m&lt;-- POST /wd/hub/session/7ae98af1-f0c4-48bb-82e0-609d7d4c050b/element &amp;#27;[39m&amp;#27;[32m200&amp;#27;[39m &amp;#27;[90m27 ms - 137&amp;#27;[39m
&amp;#27;[35m[HTTP]&amp;#27;[39m &amp;#27;[90m&amp;#27;[39m
09:55:59.439 [Forwarding sendKeysToElement on session 7ae98af1-f0c4-48bb-82e0-609d7d4c050b to remote] DEBUG org.asynchttpclient.netty.request.NettyRequestSender - Using pooled Channel &apos;[id: 0x007e0974, L:/127.0.0.1:56617 - R:/127.0.0.1:4723]&apos; for &apos;POST&apos; to &apos;http://0.0.0.0:4723/wd/hub/session/7ae98af1-f0c4-48bb-82e0-609d7d4c050b/element/00000000-0000-1bfa-ffff-ffff0000004a/value&apos;
09:55:59.439 [Forwarding sendKeysToElement on session 7ae98af1-f0c4-48bb-82e0-609d7d4c050b to remote] DEBUG org.asynchttpclient.netty.request.NettyRequestSender - Using open Channel [id: 0x007e0974, L:/127.0.0.1:56617 - R:/127.0.0.1:4723] for POST &apos;/wd/hub/session/7ae98af1-f0c4-48bb-82e0-609d7d4c050b/element/00000000-0000-1bfa-ffff-ffff0000004a/value&apos;
&amp;#27;[35m[HTTP]&amp;#27;[39m &amp;#27;[37m--&gt;&amp;#27;[39m &amp;#27;[37mPOST&amp;#27;[39m &amp;#27;[37m/wd/hub/session/7ae98af1-f0c4-48bb-82e0-609d7d4c050b/element/00000000-0000-1bfa-ffff-ffff0000004a/value&amp;#27;[39m
&amp;#27;[35m[HTTP]&amp;#27;[39m &amp;#27;[90m{&quot;id&quot;:&quot;00000000-0000-1bfa-ffff-ffff0000004a&quot;,&quot;text&quot;:&quot;&quot;,&quot;value&quot;:[]}&amp;#27;[39m
[debug] &amp;#27;[35m[W3C (7ae98af1)]&amp;#27;[39m Calling AppiumDriver.setValue() with args: [[],&quot;00000000-0000-1bfa-ffff-ffff0000004a&quot;,&quot;7ae98af1-f0c4-48bb-82e0-609d7d4c050b&quot;]
[debug] &amp;#27;[35m[WD Proxy]&amp;#27;[39m Matched &apos;/element/00000000-0000-1bfa-ffff-ffff0000004a/value&apos; to command name &apos;setValue&apos;
[debug] &amp;#27;[35m[Protocol Converter]&amp;#27;[39m Added &apos;value&apos; property [] to &apos;setValue&apos; request body
[debug] &amp;#27;[35m[WD Proxy]&amp;#27;[39m Proxying [POST /element/00000000-0000-1bfa-ffff-ffff0000004a/value] to [POST http://127.0.0.1:8200/wd/hub/session/015791bc-716d-4afa-9c1f-c27f676dbeb8/element/00000000-0000-1bfa-ffff-ffff0000004a/value] with body: {&quot;elementId&quot;:&quot;00000000-0000-1bfa-ffff-ffff0000004a&quot;,&quot;text&quot;:&quot;&quot;,&quot;replace&quot;:false,&quot;value&quot;:[]}
[debug] &amp;#27;[35m[WD Proxy]&amp;#27;[39m Got response with status 200: {&quot;sessionId&quot;:&quot;015791bc-716d-4afa-9c1f-c27f676dbeb8&quot;,&quot;value&quot;:null}
[debug] &amp;#27;[35m[W3C (7ae98af1)]&amp;#27;[39m Responding to client with driver.setValue() result: null
09:55:59.496 [AsyncHttpClient-1-2] DEBUG org.asynchttpclient.netty.handler.HttpHandler - 

Request DefaultHttpRequest(decodeResult: success, version: HTTP/1.1)
POST /wd/hub/session/7ae98af1-f0c4-48bb-82e0-609d7d4c050b/element/00000000-0000-1bfa-ffff-ffff0000004a/value HTTP/1.1
User-Agent: selenium/4.5.0 (java windows)
Content-Length: 82
Content-Type: application/json; charset=utf-8
host: 0.0.0.0:4723
accept: */*

Response DefaultHttpResponse(decodeResult: success, version: HTTP/1.1)
HTTP/1.1 200 OK
X-Powered-By: Express
Vary: X-HTTP-Method-Override
Content-Type: application/json; charset=utf-8
ETag: W/&quot;e-9/1BuKMgFObM1mWJm+YjxtXJnUM&quot;
Date: Fri, 02 Dec 2022 04:25:59 GMT
Connection: keep-alive
Keep-Alive: timeout=600
content-length: 14

&amp;#27;[35m[HTTP]&amp;#27;[39m &amp;#27;[3709:55:59.497 [AsyncHttpClient-1-2] DEBUG org.asynchttpclient.netty.channel.ChannelManager - Adding key: http://0.0.0.0:4723 for channel [id: 0x007e0974, L:/127.0.0.1:56617 - R:/127.0.0.1:4723]
m&lt;-- POST /wd/hub/session/7ae98af1-f0c4-48bb-82e0-609d7d4c050b/element/00000000-0000-1bfa-ffff-ffff0000004a/value &amp;#27;[39m&amp;#27;[32m200&amp;#27;[39m &amp;#27;[90m56 ms - 14&amp;#27;[39m
&amp;#27;[35m[HTTP]&amp;#27;[39m &amp;#27;[90m&amp;#27;[39m
09:55:59.499 [Forwarding findElement on session 7ae98af1-f0c4-48bb-82e0-609d7d4c050b to remote] DEBUG org.asynchttpclient.netty.request.NettyRequestSender - Using pooled Channel &apos;[id: 0x007e0974, L:/127.0.0.1:56617 - R:/127.0.0.1:4723]&apos; for &apos;POST&apos; to &apos;http://0.0.0.0:4723/wd/hub/session/7ae98af1-f0c4-48bb-82e0-609d7d4c050b/element&apos;
09:55:59.499 [Forwarding findElement on session 7ae98af1-f0c4-48bb-82e0-609d7d4c050b to remote] DEBUG org.asynchttpclient.netty.request.NettyRequestSender - Using open Channel [id: 0x007e0974, L:/127.0.0.1:56617 - R:/127.0.0.1:4723] for POST &apos;/wd/hub/session/7ae98af1-f0c4-48bb-82e0-609d7d4c050b/element&apos;
&amp;#27;[35m[HTTP]&amp;#27;[39m &amp;#27;[37m--&gt;&amp;#27;[39m &amp;#27;[37mPOST&amp;#27;[39m &amp;#27;[37m/wd/hub/session/7ae98af1-f0c4-48bb-82e0-609d7d4c050b/element&amp;#27;[39m
&amp;#27;[35m[HTTP]&amp;#27;[39m &amp;#27;[90m{&quot;using&quot;:&quot;id&quot;,&quot;value&quot;:&quot;com.example.android.testing.notes.mock:id/add_note_title&quot;}&amp;#27;[39m
[debug] &amp;#27;[35m[W3C (7ae98af1)]&amp;#27;[39m Calling AppiumDriver.findElement() with args: [&quot;id&quot;,&quot;com.example.android.testing.notes.mock:id/add_note_title&quot;,&quot;7ae98af1-f0c4-48bb-82e0-609d7d4c050b&quot;]
[debug] &amp;#27;[35m[BaseDriver]&amp;#27;[39m Valid locator strategies for this request: xpath, id, class name, accessibility id, css selector, -android uiautomator
[debug] &amp;#27;[35m[BaseDriver]&amp;#27;[39m Waiting up to 0 ms for condition
[debug] &amp;#27;[35m[WD Proxy]&amp;#27;[39m Matched &apos;/element&apos; to command name &apos;findElement&apos;
[debug] &amp;#27;[35m[WD Proxy]&amp;#27;[39m Proxying [POST /element] to [POST http://127.0.0.1:8200/wd/hub/session/015791bc-716d-4afa-9c1f-c27f676dbeb8/element] with body: {&quot;strategy&quot;:&quot;id&quot;,&quot;selector&quot;:&quot;com.example.android.testing.notes.mock:id/add_note_title&quot;,&quot;context&quot;:&quot;&quot;,&quot;multiple&quot;:false}
[debug] &amp;#27;[35m[WD Proxy]&amp;#27;[39m Got response with status 200: {&quot;sessionId&quot;:&quot;015791bc-716d-4afa-9c1f-c27f676dbeb8&quot;,&quot;value&quot;:{&quot;ELEMENT&quot;:&quot;00000000-0000-1bfa-ffff-ffff0000004a&quot;,&quot;element-6066-11e4-a52e-4f735466cecf&quot;:&quot;00000000-0000-09:56:00.598 [AsyncHttpClient-1-2] DEBUG org.asynchttpclient.netty.handler.HttpHandler - 

Request DefaultHttpRequest(decodeResult: success, version: HTTP/1.1)
POST /wd/hub/session/7ae98af1-f0c4-48bb-82e0-609d7d4c050b/element HTTP/1.1
User-Agent: selenium/4.5.0 (java windows)
Content-Length: 95
Content-Type: application/json; charset=utf-8
host: 0.0.0.0:4723
accept: */*

Response DefaultHttpResponse(decodeResult: success, version: HTTP/1.1)
HTTP/1.1 200 OK
X-Powered-By: Express
Vary: X-HTTP-Method-Override
Content-Type: application/json; charset=utf-8
ETag: W/&quot;89-wg7tYrdudsvNI7fb1gsVEqNh5XU&quot;
Date: Fri, 02 Dec 2022 04:26:00 GMT
Connection: keep-alive
Keep-Alive: timeout=600
content-length: 137

1bfa-ffff-ffff0000004a&quot;}}
[debug] &amp;#27;[35m[W3C (7ae98af1)]&amp;#27;[39m Responding to client with driv09:56:00.599 [AsyncHttpClient-1-2] DEBUG org.asynchttpclient.netty.channel.ChannelManager - Adding key: http://0.0.0.0:4723 for channel [id: 0x007e0974, L:/127.0.0.1:56617 - R:/127.0.0.1:4723]
er.findElement() result: {&quot;element-6066-11e4-a52e-4f735466cecf&quot;:&quot;00000000-0000-1bfa-ffff-ffff0000004a&quot;,&quot;ELEMENT&quot;:&quot;00000000-0000-1bfa-ffff-ffff0000004a&quot;}
&amp;#27;[35m[HTTP]&amp;#27;[39m &amp;#27;[37m&lt;-- POST /wd/hub/session/7ae98af1-f0c4-48bb-82e0-609d7d4c050b/element 09:56:00.601 [Forwarding sendKeysToElement on session 7ae98af1-f0c4-48bb-82e0-609d7d4c050b to remote] DEBUG org.asynchttpclient.netty.request.NettyRequestSender - Using pooled Channel &apos;[id: 0x007e0974, L:/127.0.0.1:56617 - R:/127.0.0.1:4723]&apos; for &apos;POST&apos; to &apos;http://0.0.0.0:4723/wd/hub/session/7ae98af1-f0c4-48bb-82e0-609d7d4c050b/element/00000000-0000-1bfa-ffff-ffff0000004a/value&apos;
&amp;#27;[39m&amp;#27;[32m200&amp;#27;[39m &amp;#27;[90m1097 ms - 137&amp;#27;[39m
&amp;#27;[09:56:00.601 [Forwarding sendKeysToElement on session 7ae98af1-f0c4-48bb-82e0-609d7d4c050b to remote] DEBUG org.asynchttpclient.netty.request.NettyRequestSender - Using open Channel [id: 0x007e0974, L:/127.0.0.1:56617 - R:/127.0.0.1:4723] for POST &apos;/wd/hub/session/7ae98af1-f0c4-48bb-82e0-609d7d4c050b/element/00000000-0000-1bfa-ffff-ffff0000004a/value&apos;
35m[HTTP]&amp;#27;[39m &amp;#27;[90m&amp;#27;[39m
&amp;#27;[35m[HTTP]&amp;#27;[39m &amp;#27;[37m--&gt;&amp;#27;[39m &amp;#27;[37mPOST&amp;#27;[39m &amp;#27;[37m/wd/hub/session/7ae98af1-f0c4-48bb-82e0-609d7d4c050b/element/00000000-0000-1bfa-ffff-ffff0000004a/value&amp;#27;[39m
&amp;#27;[35m[HTTP]&amp;#27;[39m &amp;#27;[90m{&quot;id&quot;:&quot;00000000-0000-1bfa-ffff-ffff0000004a&quot;,&quot;text&quot;:&quot;Countries&quot;,&quot;value&quot;:[&quot;C&quot;,&quot;o&quot;,&quot;u&quot;,&quot;n&quot;,&quot;t&quot;,&quot;r&quot;,&quot;i&quot;,&quot;e&quot;,&quot;s&quot;]}&amp;#27;[39m
[debug] &amp;#27;[35m[W3C (7ae98af1)]&amp;#27;[39m Calling AppiumDriver.setValue() with args: [[&quot;C&quot;,&quot;o&quot;,&quot;u&quot;,&quot;n&quot;,&quot;t&quot;,&quot;r&quot;,&quot;i&quot;,&quot;e&quot;,&quot;s&quot;],&quot;00000000-0000-1bfa-ffff-ffff0000004a&quot;,&quot;7ae98af1-f0c4-48bb-82e0-609d7d4c050b&quot;]
[debug] &amp;#27;[35m[WD Proxy]&amp;#27;[39m Matched &apos;/element/00000000-0000-1bfa-ffff-ffff0000004a/value&apos; to command name &apos;setValue&apos;
[debug] &amp;#27;[35m[Protocol Converter]&amp;#27;[39m Added &apos;value&apos; property [&quot;C&quot;,&quot;o&quot;,&quot;u&quot;,&quot;n&quot;,&quot;t&quot;,&quot;r&quot;,&quot;i&quot;,&quot;e&quot;,&quot;s&quot;] to &apos;setValue&apos; request body
[debug] &amp;#27;[35m[WD Proxy]&amp;#27;[39m Proxying [POST /element/00000000-0000-1bfa-ffff-ffff0000004a/value] to [POST http://127.0.0.1:8200/wd/hub/session/015791bc-716d-4afa-9c1f-c27f676dbeb8/element/00000000-0000-1bfa-ffff-ffff0000004a/value] with body: {&quot;elementId&quot;:&quot;00000000-0000-1bfa-ffff-ffff0000004a&quot;,&quot;text&quot;:&quot;Countries&quot;,&quot;replace&quot;:false,&quot;value&quot;:[&quot;C&quot;,&quot;o&quot;,&quot;u&quot;,&quot;n&quot;,&quot;t&quot;,&quot;r&quot;,&quot;i&quot;,&quot;e&quot;,&quot;s&quot;]}
[debug] &amp;#27;[35m[WD Proxy]&amp;#27;[39m Got response with status 200: {&quot;sessionId&quot;:&quot;015791bc-716d-4afa-9c1f-c27f676dbeb8&quot;,&quot;value&quot;:null}
[debug] &amp;#27;[35m[W3C (7ae98af1)]&amp;#27;[39m Responding to client with driver.setValue() result: null
09:56:01.283 [AsyncHttpClient-1-2] DEBUG org.asynchttpclient.netty.handler.HttpHandler - 

Request DefaultHttpRequest(decodeResult: success, version: HTTP/1.1)
POST /wd/hub/session/7ae98af1-f0c4-48bb-82e0-609d7d4c050b/element/00000000-0000-1bfa-ffff-ffff0000004a/value HTTP/1.1
User-Agent: selenium/4.5.0 (java windows)
Content-Length: 171
Content-Type: application/json; charset=utf-8
host: 0.0.0.0:4723
accept: */*

Response DefaultHttpResponse(decodeResult: success, version: HTTP/1.1)
HTTP/1.1 200 OK
X-Powered-By: Express
Vary: X-HTTP-Method-Override
Content-Type: application/json; charset=utf-8
ETag: W/&quot;e-9/1BuKMgFObM1mWJm+YjxtXJnUM&quot;
Date: Fri, 02 Dec 2022 04:26:01 GMT
Connection: keep-alive
Keep-Alive: timeout=600
content-length: 14

&amp;#27;[35m[HTTP]&amp;#27;[39m &amp;#27;[37m&lt;-- POST /wd/hub/session/709:56:01.284 [AsyncHttpClient-1-2] DEBUG org.asynchttpclient.netty.channel.ChannelManager - Adding key: http://0.0.0.0:4723 for channel [id: 0x007e0974, L:/127.0.0.1:56617 - R:/127.0.0.1:4723]
ae98af1-f0c4-48bb-82e0-609d7d4c050b/element/00000000-0000-1bfa-ffff-ffff0000004a/value &amp;#27;[39m&amp;#27;[32m200&amp;#27;[39m &amp;#27;[90m680 ms - 14&amp;#27;[39m
&amp;#27;[35m[HTTP]&amp;#27;[39m &amp;#27;[90m&amp;#27;[39m
09:56:01.286 [Forwarding findElement on session 7ae98af1-f0c4-48bb-82e0-609d7d4c050b to remote] DEBUG org.asynchttpclient.netty.request.NettyRequestSender - Using pooled Channel &apos;[id: 0x007e0974, L:/127.0.0.1:56617 - R:/127.0.0.1:4723]&apos; for &apos;POST&apos; to &apos;http://0.0.0.0:4723/wd/hub/session/7ae98af1-f0c4-48bb-82e0-609d7d4c050b/element&apos;
09:56:01.286 [Forwarding findElement on session 7ae98af1-f0c4-48bb-82e0-609d7d4c050b to remote] DEBUG org.asynchttpclient.netty.request.NettyRequestSender - Using open Channel [id: 0x007e0974, L:/127.0.0.1:56617 - R:/127.0.0.1:4723] for POST &apos;/wd/hub/session/7ae98af1-f0c4-48bb-82e0-609d7d4c050b/element&apos;
&amp;#27;[35m[HTTP]&amp;#27;[39m &amp;#27;[37m--&gt;&amp;#27;[39m &amp;#27;[37mPOST&amp;#27;[39m &amp;#27;[37m/wd/hub/session/7ae98af1-f0c4-48bb-82e0-609d7d4c050b/element&amp;#27;[39m
&amp;#27;[35m[HTTP]&amp;#27;[39m &amp;#27;[90m{&quot;using&quot;:&quot;id&quot;,&quot;value&quot;:&quot;com.example.android.testing.notes.mock:id/add_note_description&quot;}&amp;#27;[39m
[debug] &amp;#27;[35m[W3C (7ae98af1)]&amp;#27;[39m Calling AppiumDriver.findElement() with args: [&quot;id&quot;,&quot;com.example.android.testing.notes.mock:id/add_note_description&quot;,&quot;7ae98af1-f0c4-48bb-82e0-609d7d4c050b&quot;]
[debug] &amp;#27;[35m[BaseDriver]&amp;#27;[39m Valid locator strategies for this request: xpath, id, class name, accessibility id, css selector, -android uiautomator
[debug] &amp;#27;[35m[BaseDriver]&amp;#27;[39m Waiting up to 0 ms for condition
[debug] &amp;#27;[35m[WD Proxy]&amp;#27;[39m Matched &apos;/element&apos; to command name &apos;findElement&apos;
[debug] &amp;#27;[35m[WD Proxy]&amp;#27;[39m Proxying [POST /element] to [POST http://127.0.0.1:8200/wd/hub/session/015791bc-716d-4afa-9c1f-c27f676dbeb8/element] with body: {&quot;strategy&quot;:&quot;id&quot;,&quot;selector&quot;:&quot;com.example.android.testing.notes.mock:id/add_note_description&quot;,&quot;context&quot;:&quot;&quot;,&quot;multiple&quot;:false}
[debug] &amp;#27;[35m[WD Proxy]&amp;#27;[39m Got response with status 200: {&quot;sessionId&quot;:&quot;015791bc-716d-4afa-9c1f-c27f676dbeb8&quot;,&quot;value&quot;:{&quot;ELEMENT&quot;:&quot;00000000-0000-1bfa-ffff-ffff0000004b&quot;,&quot;element-6066-11e4-a52e-4f735466cecf&quot;:&quot;00000000-0000-1bfa-ffff-fff09:56:02.155 [AsyncHttpClient-1-2] DEBUG org.asynchttpclient.netty.handler.HttpHandler - 

Request DefaultHttpRequest(decodeResult: success, version: HTTP/1.1)
POST /wd/hub/session/7ae98af1-f0c4-48bb-82e0-609d7d4c050b/element HTTP/1.1
User-Agent: selenium/4.5.0 (java windows)
Content-Length: 101
Content-Type: application/json; charset=utf-8
host: 0.0.0.0:4723
accept: */*

Response DefaultHttpResponse(decodeResult: success, version: HTTP/1.1)
HTTP/1.1 200 OK
X-Powered-By: Express
Vary: X-HTTP-Method-Override
Content-Type: application/json; charset=utf-8
ETag: W/&quot;89-qb86KMZlekHPTzgAqD31UTOWcY4&quot;
Date: Fri, 02 Dec 2022 04:26:02 GMT
Connection: keep-alive
Keep-Alive: timeout=600
content-length: 137

f0000004b&quot;}}
[debug09:56:02.155 [AsyncHttpClient-1-2] DEBUG org.asynchttpclient.netty.channel.ChannelManager - Adding key: http://0.0.0.0:4723 for channel [id: 0x007e0974, L:/127.0.0.1:56617 - R:/127.0.0.1:4723]
] &amp;#27;[35m[W3C (7ae98af1)]&amp;#27;[39m Responding to client with driver.findElement() result: {&quot;element-6066-11e4-a52e-4f735466cecf&quot;:&quot;00000000-0000-1bfa-ffff-ffff0000004b&quot;,&quot;ELEMENT&quot;:&quot;00000000-0000-1bfa-ffff-ffff0000004b&quot;}
&amp;#27;[35m[HTTP]&amp;#27;[39m &amp;#27;[37m&lt;-- POST /wd/hub/session/7ae98af1-f0c4-48bb-09:56:02.156 [Forwarding isElementDisplayed on session 7ae98af1-f0c4-48bb-82e0-609d7d4c050b to remote] DEBUG org.asynchttpclient.netty.request.NettyRequestSender - Using pooled Channel &apos;[id: 0x007e0974, L:/127.0.0.1:56617 - R:/127.0.0.1:4723]&apos; for &apos;GET&apos; to &apos;http://0.0.0.0:4723/wd/hub/session/7ae98af1-f0c4-48bb-82e0-609d7d4c050b/element/00000000-0000-1bfa-ffff-ffff0000004b/displayed&apos;
82e0-609d7d4c050b/element &amp;#27;[39m&amp;#27;[32m200&amp;#27;[39m &amp;#27;[90m867 ms 09:56:02.156 [Forwarding isElementDisplayed on session 7ae98af1-f0c4-48bb-82e0-609d7d4c050b to remote] DEBUG org.asynchttpclient.netty.request.NettyRequestSender - Using open Channel [id: 0x007e0974, L:/127.0.0.1:56617 - R:/127.0.0.1:4723] for GET &apos;/wd/hub/session/7ae98af1-f0c4-48bb-82e0-609d7d4c050b/element/00000000-0000-1bfa-ffff-ffff0000004b/displayed&apos;
- 137&amp;#27;[39m
&amp;#27;[35m[HTTP]&amp;#27;[39m &amp;#27;[90m&amp;#27;[39m
&amp;#27;[35m[HTTP]&amp;#27;[39m &amp;#27;[37m--&gt;&amp;#27;[39m &amp;#27;[37mGET&amp;#27;[39m &amp;#27;[37m/wd/hub/session/7ae98af1-f0c4-48bb-82e0-609d7d4c050b/element/00000000-0000-1bfa-ffff-ffff0000004b/displayed&amp;#27;[39m
&amp;#27;[35m[HTTP]&amp;#27;[39m &amp;#27;[90m{}&amp;#27;[39m
[debug] &amp;#27;[35m[W3C (7ae98af1)]&amp;#27;[39m Calling AppiumDriver.elementDisplayed() with args: [&quot;00000000-0000-1bfa-ffff-ffff0000004b&quot;,&quot;7ae98af1-f0c4-48bb-82e0-609d7d4c050b&quot;]
[debug] &amp;#27;[35m[WD Proxy]&amp;#27;[39m Matched &apos;/element/00000000-0000-1bfa-ffff-ffff0000004b/attribute/displayed&apos; to command name &apos;getAttribute&apos;
[debug] &amp;#27;[35m[WD Proxy]&amp;#27;[39m Proxying [GET /element/00000000-0000-1bfa-ffff-ffff0000004b/attribute/displayed] to [GET http://127.0.0.1:8200/wd/hub/session/015791bc-716d-4afa-9c1f-c27f676dbeb8/element/00000000-0000-1bfa-ffff-ffff0000004b/attribute/displayed] with no body
[debug] &amp;#27;[35m[WD Proxy]&amp;#27;[39m Got response with status 200: {&quot;sessionId&quot;:&quot;015791bc-716d-4afa-9c1f-c27f676dbeb8&quot;,&quot;value&quot;:&quot;true&quot;}
[debug] &amp;#27;[35m[W3C (7ae98af1)]&amp;#27;[39m Responding to client with driver.elementDisplayed() result: true
09:56:02.173 [AsyncHttpClient-1-2] DEBUG org.asynchttpclient.netty.handler.HttpHandler - 

Request DefaultFullHttpRequest(decodeResult: success, version: HTTP/1.1, content: EmptyByteBufBE)
GET /wd/hub/session/7ae98af1-f0c4-48bb-82e0-609d7d4c050b/element/00000000-0000-1bfa-ffff-ffff0000004b/displayed HTTP/1.1
User-Agent: selenium/4.5.0 (java windows)
Cache-Control: no-cache
Content-Type: application/json; charset=utf-8
host: 0.0.0.0:4723
accept: */*

Response DefaultHttpResponse(decodeResult: success, version: HTTP/1.1)
HTTP/1.1 200 OK
X-Powered-By: Express
Content-Type: application/json; charset=utf-8
ETag: W/&quot;e-2ZHvAWebNQpyjGZTg6uyV8/spTo&quot;
Date: Fri, 02 Dec 2022 04:26:02 GMT
Connection: keep-alive
Keep-Alive: timeout=600
content-length: 14

09:56:02.173 [AsyncHttpClient-1-2] DEBUG org.asynchttpclient.netty.channel.ChannelManager - Adding key: http://0.0.0.0:4723 for channel [id: 0x007e0974, L:/127.0.0.1:56617 - R:/127.0.0.1:4723]
&amp;#27;[35m[HTTP]&amp;#27;[39m &amp;#27;[37m&lt;-- GET /wd/hub/session/7ae98af1-f0c4-48bb-82e0-609d7d4c050b/element/00000000-0000-1bfa-ffff-ffff0000004b/displayed &amp;#27;[39m&amp;#27;[32m200&amp;#27;[39m &amp;#27;[90m15 ms - 14&amp;#27;[39m
&amp;#27;[35m[HTTP]&amp;#27;[39m &amp;#27;[90m&amp;#27;[39m
09:56:02.175 [Forwarding findElement on session 7ae98af1-f0c4-48bb-82e0-609d7d4c050b to remote] DEBUG org.asynchttpclient.netty.request.NettyRequestSender - Using pooled Channel &apos;[id: 0x007e0974, L:/127.0.0.1:56617 - R:/127.0.0.1:4723]&apos; for &apos;POST&apos; to &apos;http://0.0.0.0:4723/wd/hub/session/7ae98af1-f0c4-48bb-82e0-609d7d4c050b/element&apos;
09:56:02.175 [Forwarding findElement on session 7ae98af1-f0c4-48bb-82e0-609d7d4c050b to remote] DEBUG org.asynchttpclient.netty.request.NettyRequestSender - Using open Channel [id: 0x007e0974, L:/127.0.0.1:56617 - R:/127.0.0.1:4723] for POST &apos;/wd/hub/session/7ae98af1-f0c4-48bb-82e0-609d7d4c050b/element&apos;
&amp;#27;[35m[HTTP]&amp;#27;[39m &amp;#27;[37m--&gt;&amp;#27;[39m &amp;#27;[37mPOST&amp;#27;[39m &amp;#27;[37m/wd/hub/session/7ae98af1-f0c4-48bb-82e0-609d7d4c050b/element&amp;#27;[39m
&amp;#27;[35m[HTTP]&amp;#27;[39m &amp;#27;[90m{&quot;using&quot;:&quot;id&quot;,&quot;value&quot;:&quot;com.example.android.testing.notes.mock:id/add_note_description&quot;}&amp;#27;[39m
[debug] &amp;#27;[35m[W3C (7ae98af1)]&amp;#27;[39m Calling AppiumDriver.findElement() with args: [&quot;id&quot;,&quot;com.example.android.testing.notes.mock:id/add_note_description&quot;,&quot;7ae98af1-f0c4-48bb-82e0-609d7d4c050b&quot;]
[debug] &amp;#27;[35m[BaseDriver]&amp;#27;[39m Valid locator strategies for this request: xpath, id, class name, accessibility id, css selector, -android uiautomator
[debug] &amp;#27;[35m[BaseDriver]&amp;#27;[39m Waiting up to 0 ms for condition
[debug] &amp;#27;[35m[WD Proxy]&amp;#27;[39m Matched &apos;/element&apos; to command name &apos;findElement&apos;
[debug] &amp;#27;[35m[WD Proxy]&amp;#27;[39m Proxying [POST /element] to [POST http://127.0.0.1:8200/wd/hub/session/015791bc-716d-4afa-9c1f-c27f676dbeb8/element] with body: {&quot;strategy&quot;:&quot;id&quot;,&quot;selector&quot;:&quot;com.example.android.testing.notes.mock:id/add_note_description&quot;,&quot;context&quot;:&quot;&quot;,&quot;multiple&quot;:false}
[debug] &amp;#27;[35m[WD Proxy]&amp;#27;[39m Got response with status 200: {&quot;sessionId&quot;:&quot;015791bc-716d-4afa-9c1f-c27f676dbeb8&quot;,&quot;value&quot;:{&quot;ELEMENT&quot;:&quot;00000000-0000-1bfa-ffff-ffff0000004b&quot;,&quot;element-6066-11e4-a52e-4f735466cecf&quot;:&quot;00000000-0000-1bfa-ffff-ffff0000004b&quot;}}
[debug] &amp;#27;[35m[W3C (7ae98af1)]09:56:02.212 [AsyncHttpClient-1-2] DEBUG org.asynchttpclient.netty.handler.HttpHandler - 

Request DefaultHttpRequest(decodeResult: success, version: HTTP/1.1)
POST /wd/hub/session/7ae98af1-f0c4-48bb-82e0-609d7d4c050b/element HTTP/1.1
User-Agent: selenium/4.5.0 (java windows)
Content-Length: 101
Content-Type: application/json; charset=utf-8
host: 0.0.0.0:4723
accept: */*

Response DefaultHttpResponse(decodeResult: success, version: HTTP/1.1)
HTTP/1.1 200 OK
X-Powered-By: Express
Vary: X-HTTP-Method-Override
Content-Type: application/json; charset=utf-8
ETag: W/&quot;89-qb86KMZlekHPTzgAqD31UTOWcY4&quot;
Date: Fri, 02 Dec 2022 04:26:02 GMT
Connection: keep-alive
Keep-Alive: timeout=600
content-length: 137

&amp;#27;[39m Responding to client with driver.findElement() result: {&quot;element-6066-11e4-a52e-4f735466cecf&quot;:09:56:02.212 [AsyncHttpClient-1-2] DEBUG org.asynchttpclient.netty.channel.ChannelManager - Adding key: http://0.0.0.0:4723 for channel [id: 0x007e0974, L:/127.0.0.1:56617 - R:/127.0.0.1:4723]
&quot;00000000-0000-1bfa-ffff-ffff0000004b&quot;,&quot;ELEMENT&quot;:&quot;00000000-0000-1bfa-ffff-ffff0000004b&quot;}
&amp;#27;[35m[HTTP]&amp;#27;[39m &amp;#27;[37m&lt;-- POST /wd/hub/session/7ae98af1-f0c4-48bb-82e0-609d7d4c050b/element &amp;#27;[39m&amp;#27;[32m200&amp;#27;[39m &amp;#27;[90m35 ms - 137&amp;#27;[39m
&amp;#27;[35m[HTTP]&amp;#27;[39m &amp;#27;[90m&amp;#27;[39m
09:56:02.213 [Forwarding sendKeysToElement on session 7ae98af1-f0c4-48bb-82e0-609d7d4c050b to remote] DEBUG org.asynchttpclient.netty.request.NettyRequestSender - Using pooled Channel &apos;[id: 0x007e0974, L:/127.0.0.1:56617 - R:/127.0.0.1:4723]&apos; for &apos;POST&apos; to &apos;http://0.0.0.0:4723/wd/hub/session/7ae98af1-f0c4-48bb-82e0-609d7d4c050b/element/00000000-0000-1bfa-ffff-ffff0000004b/value&apos;
09:56:02.213 [Forwarding sendKeysToElement on session 7ae98af1-f0c4-48bb-82e0-609d7d4c050b to remote] DEBUG org.asynchttpclient.netty.request.NettyRequestSender - Using open Channel [id: 0x007e0974, L:/127.0.0.1:56617 - R:/127.0.0.1:4723] for POST &apos;/wd/hub/session/7ae98af1-f0c4-48bb-82e0-609d7d4c050b/element/00000000-0000-1bfa-ffff-ffff0000004b/value&apos;
&amp;#27;[35m[HTTP]&amp;#27;[39m &amp;#27;[37m--&gt;&amp;#27;[39m &amp;#27;[37mPOST&amp;#27;[39m &amp;#27;[37m/wd/hub/session/7ae98af1-f0c4-48bb-82e0-609d7d4c050b/element/00000000-0000-1bfa-ffff-ffff0000004b/value&amp;#27;[39m
&amp;#27;[35m[HTTP]&amp;#27;[39m &amp;#27;[90m{&quot;id&quot;:&quot;00000000-0000-1bfa-ffff-ffff0000004b&quot;,&quot;text&quot;:&quot;&quot;,&quot;value&quot;:[]}&amp;#27;[39m
[debug] &amp;#27;[35m[W3C (7ae98af1)]&amp;#27;[39m Calling AppiumDriver.setValue() with args: [[],&quot;00000000-0000-1bfa-ffff-ffff0000004b&quot;,&quot;7ae98af1-f0c4-48bb-82e0-609d7d4c050b&quot;]
[debug] &amp;#27;[35m[WD Proxy]&amp;#27;[39m Matched &apos;/element/00000000-0000-1bfa-ffff-ffff0000004b/value&apos; to command name &apos;setValue&apos;
[debug] &amp;#27;[35m[Protocol Converter]&amp;#27;[39m Added &apos;value&apos; property [] to &apos;setValue&apos; request body
[debug] &amp;#27;[35m[WD Proxy]&amp;#27;[39m Proxying [POST /element/00000000-0000-1bfa-ffff-ffff0000004b/value] to [POST http://127.0.0.1:8200/wd/hub/session/015791bc-716d-4afa-9c1f-c27f676dbeb8/element/00000000-0000-1bfa-ffff-ffff0000004b/value] with body: {&quot;elementId&quot;:&quot;00000000-0000-1bfa-ffff-ffff0000004b&quot;,&quot;text&quot;:&quot;&quot;,&quot;replace&quot;:false,&quot;value&quot;:[]}
[debug] &amp;#27;[35m[WD Proxy]&amp;#27;[39m Got response with status 200: {&quot;sessionId&quot;:&quot;015791bc-716d-4afa-9c1f-c27f676dbeb8&quot;,&quot;value&quot;:null}
[debug] &amp;#27;[35m[W3C (7ae98af1)]&amp;#27;[39m Responding to client with drive09:56:02.764 [AsyncHttpClient-1-2] DEBUG org.asynchttpclient.netty.handler.HttpHandler - 

Request DefaultHttpRequest(decodeResult: success, version: HTTP/1.1)
POST /wd/hub/session/7ae98af1-f0c4-48bb-82e0-609d7d4c050b/element/00000000-0000-1bfa-ffff-ffff0000004b/value HTTP/1.1
User-Agent: selenium/4.5.0 (java windows)
Content-Length: 82
Content-Type: application/json; charset=utf-8
host: 0.0.0.0:4723
accept: */*

Response DefaultHttpResponse(decodeResult: success, version: HTTP/1.1)
HTTP/1.1 200 OK
X-Powered-By: Express
Vary: X-HTTP-Method-Override
Content-Type: application/json; charset=utf-8
ETag: W/&quot;e-9/1BuKMgFObM1mWJm+YjxtXJnUM&quot;
Date: Fri, 02 Dec 2022 04:26:02 GMT
Connection: keep-alive
Keep-Alive: timeout=600
content-length: 14

r.setValue() result: null
09:56:02.764 [AsyncHttpClient-1-2] DEBUG org.asynchttpclient.netty.channel.ChannelManager - Adding key: http://0.0.0.0:4723 for channel [id: 0x007e0974, L:/127.0.0.1:56617 - R:/127.0.0.1:4723]
&amp;#27;[35m[HTTP]&amp;#27;[39m &amp;#27;[37m&lt;-- POST /wd/hub/session/7ae98af1-f0c4-48bb-82e0-609d7d4c050b/element/00000000-0000-1bfa-ffff-ffff0000004b/value &amp;#27;[39m&amp;#27;[32m200&amp;#27;[39m &amp;#27;[90m548 ms - 14&amp;#27;[39m
&amp;#27;[35m[HTTP]&amp;#27;[39m &amp;#27;[90m&amp;#27;[39m
09:56:02.766 [Forwarding findElement on session 7ae98af1-f0c4-48bb-82e0-609d7d4c050b to remote] DEBUG org.asynchttpclient.netty.request.NettyRequestSender - Using pooled Channel &apos;[id: 0x007e0974, L:/127.0.0.1:56617 - R:/127.0.0.1:4723]&apos; for &apos;POST&apos; to &apos;http://0.0.0.0:4723/wd/hub/session/7ae98af1-f0c4-48bb-82e0-609d7d4c050b/element&apos;
09:56:02.766 [Forwarding findElement on session 7ae98af1-f0c4-48bb-82e0-609d7d4c050b to remote] DEBUG org.asynchttpclient.netty.request.NettyRequestSender - Using open Channel [id: 0x007e0974, L:/127.0.0.1:56617 - R:/127.0.0.1:4723] for POST &apos;/wd/hub/session/7ae98af1-f0c4-48bb-82e0-609d7d4c050b/element&apos;
&amp;#27;[35m[HTTP]&amp;#27;[39m &amp;#27;[37m--&gt;&amp;#27;[39m &amp;#27;[37mPOST&amp;#27;[39m &amp;#27;[37m/wd/hub/session/7ae98af1-f0c4-48bb-82e0-609d7d4c050b/element&amp;#27;[39m
&amp;#27;[35m[HTTP]&amp;#27;[39m &amp;#27;[90m{&quot;using&quot;:&quot;id&quot;,&quot;value&quot;:&quot;com.example.android.testing.notes.mock:id/add_note_description&quot;}&amp;#27;[39m
[debug] &amp;#27;[35m[W3C (7ae98af1)]&amp;#27;[39m Calling AppiumDriver.findElement() with args: [&quot;id&quot;,&quot;com.example.android.testing.notes.mock:id/add_note_description&quot;,&quot;7ae98af1-f0c4-48bb-82e0-609d7d4c050b&quot;]
[debug] &amp;#27;[35m[BaseDriver]&amp;#27;[39m Valid locator strategies for this request: xpath, id, class name, accessibility id, css selector, -android uiautomator
[debug] &amp;#27;[35m[BaseDriver]&amp;#27;[39m Waiting up to 0 ms for condition
[debug] &amp;#27;[35m[WD Proxy]&amp;#27;[39m Matched &apos;/element&apos; to command name &apos;findElement&apos;
[debug] &amp;#27;[35m[WD Proxy]&amp;#27;[39m Proxying [POST /element] to [POST http://127.0.0.1:8200/wd/hub/session/015791bc-716d-4afa-9c1f-c27f676dbeb8/element] with body: {&quot;strategy&quot;:&quot;id&quot;,&quot;selector&quot;:&quot;com.example.android.testing.notes.mock:id/add_note_description&quot;,&quot;context&quot;:&quot;&quot;,&quot;multiple&quot;:false}
[debug] &amp;#27;[35m[WD Proxy]&amp;#27;[39m Got response with status 200: {&quot;sessionId&quot;:&quot;015791bc-716d-4afa-9c1f-c27f676dbeb8&quot;,&quot;value&quot;:{&quot;ELEMENT&quot;:&quot;00000000-0000-1bfa-ffff-ffff0000004b&quot;,&quot;element-6066-11e4-a52e-4f709:56:03.310 [AsyncHttpClient-1-2] DEBUG org.asynchttpclient.netty.handler.HttpHandler - 

Request DefaultHttpRequest(decodeResult: success, version: HTTP/1.1)
POST /wd/hub/session/7ae98af1-f0c4-48bb-82e0-609d7d4c050b/element HTTP/1.1
User-Agent: selenium/4.5.0 (java windows)
Content-Length: 101
Content-Type: application/json; charset=utf-8
host: 0.0.0.0:4723
accept: */*

Response DefaultHttpResponse(decodeResult: success, version: HTTP/1.1)
HTTP/1.1 200 OK
X-Powered-By: Express
Vary: X-HTTP-Method-Override
Content-Type: application/json; charset=utf-8
ETag: W/&quot;89-qb86KMZlekHPTzgAqD31UTOWcY4&quot;
Date: Fri, 02 Dec 2022 04:26:03 GMT
Connection: keep-alive
Keep-Alive: timeout=600
content-length: 137

35466cecf&quot;:&quot;00000000-000009:56:03.310 [AsyncHttpClient-1-2] DEBUG org.asynchttpclient.netty.channel.ChannelManager - Adding key: http://0.0.0.0:4723 for channel [id: 0x007e0974, L:/127.0.0.1:56617 - R:/127.0.0.1:4723]
-1bfa-ffff-ffff0000004b&quot;}}
[debug] &amp;#27;[35m[W3C (7ae98af1)]&amp;#27;[39m Responding to client with driver.findElement() result: {&quot;element-6066-11e4-a52e-4f735466cecf&quot;:&quot;00000000-0000-1bfa-ffff-ffff0000004b&quot;,&quot;ELEMENT&quot;:&quot;00000000-0000-1bfa-ffff-ffff0000004b&quot;}
&amp;#27;[35m[HTTP]&amp;#27;[39m &amp;#27;[37m&lt;-- POST /wd/hub/09:56:03.312 [Forwarding sendKeysToElement on session 7ae98af1-f0c4-48bb-82e0-609d7d4c050b to remote] DEBUG org.asynchttpclient.netty.request.NettyRequestSender - Using pooled Channel &apos;[id: 0x007e0974, L:/127.0.0.1:56617 - R:/127.0.0.1:4723]&apos; for &apos;POST&apos; to &apos;http://0.0.0.0:4723/wd/hub/session/7ae98af1-f0c4-48bb-82e0-609d7d4c050b/element/00000000-0000-1bfa-ffff-ffff0000004b/value&apos;
session/7ae98af1-f0c4-48bb-82e0-60909:56:03.312 [Forwarding sendKeysToElement on session 7ae98af1-f0c4-48bb-82e0-609d7d4c050b to remote] DEBUG org.asynchttpclient.netty.request.NettyRequestSender - Using open Channel [id: 0x007e0974, L:/127.0.0.1:56617 - R:/127.0.0.1:4723] for POST &apos;/wd/hub/session/7ae98af1-f0c4-48bb-82e0-609d7d4c050b/element/00000000-0000-1bfa-ffff-ffff0000004b/value&apos;
d7d4c050b/element &amp;#27;[39m&amp;#27;[32m200&amp;#27;[39m &amp;#27;[90m541 ms - 137&amp;#27;[39m
&amp;#27;[35m[HTTP]&amp;#27;[39m &amp;#27;[90m&amp;#27;[39m
&amp;#27;[35m[HTTP]&amp;#27;[39m &amp;#27;[37m--&gt;&amp;#27;[39m &amp;#27;[37mPOST&amp;#27;[39m &amp;#27;[37m/wd/hub/session/7ae98af1-f0c4-48bb-82e0-609d7d4c050b/element/00000000-0000-1bfa-ffff-ffff0000004b/value&amp;#27;[39m
&amp;#27;[35m[HTTP]&amp;#27;[39m &amp;#27;[90m{&quot;id&quot;:&quot;00000000-0000-1bfa-ffff-ffff0000004b&quot;,&quot;text&quot;:&quot;India,Australia,Kenya&quot;,&quot;value&quot;:[&quot;I&quot;,&quot;n&quot;,&quot;d&quot;,&quot;i&quot;,&quot;a&quot;,&quot;,&quot;,&quot;A&quot;,&quot;u&quot;,&quot;s&quot;,&quot;t&quot;,&quot;r&quot;,&quot;a&quot;,&quot;l&quot;,&quot;i&quot;,&quot;a&quot;,&quot;,&quot;,&quot;K&quot;,&quot;e&quot;,&quot;n&quot;,&quot;y&quot;,&quot;a&quot;]}&amp;#27;[39m
[debug] &amp;#27;[35m[W3C (7ae98af1)]&amp;#27;[39m Calling AppiumDriver.setValue() with args: [[&quot;I&quot;,&quot;n&quot;,&quot;d&quot;,&quot;i&quot;,&quot;a&quot;,&quot;,&quot;,&quot;A&quot;,&quot;u&quot;,&quot;s&quot;,&quot;t&quot;,&quot;r&quot;,&quot;a&quot;,&quot;l&quot;,&quot;i&quot;,&quot;a&quot;,&quot;,&quot;,&quot;K&quot;,&quot;e&quot;,&quot;n&quot;,&quot;y&quot;,&quot;a&quot;],&quot;00000000-0000-1bfa-ffff-ffff0000004b&quot;,&quot;7ae98af1-f0c4-48bb-82e0-609d7d4c050b&quot;]
[debug] &amp;#27;[35m[WD Proxy]&amp;#27;[39m Matched &apos;/element/00000000-0000-1bfa-ffff-ffff0000004b/value&apos; to command name &apos;setValue&apos;
[debug] &amp;#27;[35m[Protocol Converter]&amp;#27;[39m Added &apos;value&apos; property [&quot;I&quot;,&quot;n&quot;,&quot;d&quot;,&quot;i&quot;,&quot;a&quot;,&quot;,&quot;,&quot;A&quot;,&quot;u&quot;,&quot;s&quot;,&quot;t&quot;,&quot;r&quot;,&quot;a&quot;,&quot;l&quot;,&quot;i&quot;,&quot;a&quot;,&quot;,&quot;,&quot;K&quot;,&quot;e&quot;,&quot;n&quot;,&quot;y&quot;,&quot;a&quot;] to &apos;setValue&apos; request body
[debug] &amp;#27;[35m[WD Proxy]&amp;#27;[39m Proxying [POST /element/00000000-0000-1bfa-ffff-ffff0000004b/value] to [POST http://127.0.0.1:8200/wd/hub/session/015791bc-716d-4afa-9c1f-c27f676dbeb8/element/00000000-0000-1bfa-ffff-ffff0000004b/value] with body: {&quot;elementId&quot;:&quot;00000000-0000-1bfa-ffff-ffff0000004b&quot;,&quot;text&quot;:&quot;India,Australia,Kenya&quot;,&quot;replace&quot;:false,&quot;value&quot;:[&quot;I&quot;,&quot;n&quot;,&quot;d&quot;,&quot;i&quot;,&quot;a&quot;,&quot;,&quot;,&quot;A&quot;,&quot;u&quot;,&quot;s&quot;,&quot;t&quot;,&quot;r&quot;,&quot;a&quot;,&quot;l&quot;,&quot;i&quot;,&quot;a&quot;,&quot;,&quot;,&quot;K&quot;,&quot;e&quot;,&quot;n&quot;,&quot;y&quot;,&quot;a&quot;]}
[debug] &amp;#27;[35m[WD Proxy]&amp;#27;[39m Got response with status 200: {&quot;sessionId&quot;:&quot;015791bc-716d-4afa-9c1f-c27f676dbeb8&quot;,&quot;value&quot;:null}
[debug] &amp;#27;[35m[W3C (7ae98af1)]&amp;#27;[39m Responding to client with driver.setValue() result: null
09:56:03.384 [AsyncHttpClient-1-2] DEBUG org.asynchttpclient.netty.handler.HttpHandler - 

Request DefaultHttpRequest(decodeResult: success, version: HTTP/1.1)
POST /wd/hub/session/7ae98af1-f0c4-48bb-82e0-609d7d4c050b/element/00000000-0000-1bfa-ffff-ffff0000004b/value HTTP/1.1
User-Agent: selenium/4.5.0 (java windows)
Content-Length: 291
Content-Type: application/json; charset=utf-8
host: 0.0.0.0:4723
accept: */*

Response DefaultHttpResponse(decodeResult: success, version: HTTP/1.1)
HTTP/1.1 200 OK
X-Powered-By: Express
Vary: X-HTTP-Method-Override
Content-Type: application/json; charset=utf-8
ETag: W/&quot;e-9/1BuKMgFObM1mWJm+YjxtXJnUM&quot;
Date: Fri, 02 Dec 2022 04:26:03 GMT
Connection: keep-alive
Keep-Alive: timeout=600
content-length: 14

09:56:03.384 [AsyncHttpClient-1-2] DEBUG org.asynchttpclient.netty.channel.ChannelManager - Adding key: http://0.0.0.0:4723 for channel [id: 0x007e0974, L:/127.0.0.1:56617 - R:/127.0.0.1:4723]
&amp;#27;[35m[HTTP]&amp;#27;[39m &amp;#27;[37m&lt;-- POST /wd/hub/session/7ae98af1-f0c4-48bb-82e0-609d7d4c050b/element/00000000-0000-1bfa-ffff-ffff0000004b/value &amp;#27;[39m&amp;#27;[32m200&amp;#27;[39m &amp;#27;[90m70 ms - 14&amp;#27;[39m
&amp;#27;[35m[HTTP]&amp;#27;[39m &amp;#27;[90m&amp;#27;[39m
09:56:03.387 [Forwarding findElement on session 7ae98af1-f0c4-48bb-82e0-609d7d4c050b to remote] DEBUG org.asynchttpclient.netty.request.NettyRequestSender - Using pooled Channel &apos;[id: 0x007e0974, L:/127.0.0.1:56617 - R:/127.0.0.1:4723]&apos; for &apos;POST&apos; to &apos;http://0.0.0.0:4723/wd/hub/session/7ae98af1-f0c4-48bb-82e0-609d7d4c050b/element&apos;
09:56:03.387 [Forwarding findElement on session 7ae98af1-f0c4-48bb-82e0-609d7d4c050b to remote] DEBUG org.asynchttpclient.netty.request.NettyRequestSender - Using open Channel [id: 0x007e0974, L:/127.0.0.1:56617 - R:/127.0.0.1:4723] for POST &apos;/wd/hub/session/7ae98af1-f0c4-48bb-82e0-609d7d4c050b/element&apos;
&amp;#27;[35m[HTTP]&amp;#27;[39m &amp;#27;[37m--&gt;&amp;#27;[39m &amp;#27;[37mPOST&amp;#27;[39m &amp;#27;[37m/wd/hub/session/7ae98af1-f0c4-48bb-82e0-609d7d4c050b/element&amp;#27;[39m
&amp;#27;[35m[HTTP]&amp;#27;[39m &amp;#27;[90m{&quot;using&quot;:&quot;id&quot;,&quot;value&quot;:&quot;com.example.android.testing.notes.mock:id/fab_add_notes&quot;}&amp;#27;[39m
[debug] &amp;#27;[35m[W3C (7ae98af1)]&amp;#27;[39m Calling AppiumDriver.findElement() with args: [&quot;id&quot;,&quot;com.example.android.testing.notes.mock:id/fab_add_notes&quot;,&quot;7ae98af1-f0c4-48bb-82e0-609d7d4c050b&quot;]
[debug] &amp;#27;[35m[BaseDriver]&amp;#27;[39m Valid locator strategies for this request: xpath, id, class name, accessibility id, css selector, -android uiautomator
[debug] &amp;#27;[35m[BaseDriver]&amp;#27;[39m Waiting up to 0 ms for condition
[debug] &amp;#27;[35m[WD Proxy]&amp;#27;[39m Matched &apos;/element&apos; to command name &apos;findElement&apos;
[debug] &amp;#27;[35m[WD Proxy]&amp;#27;[39m Proxying [POST /element] to [POST http://127.0.0.1:8200/wd/hub/session/015791bc-716d-4afa-9c1f-c27f676dbeb8/element] with body: {&quot;strategy&quot;:&quot;id&quot;,&quot;selector&quot;:&quot;com.example.android.testing.notes.mock:id/fab_add_notes&quot;,&quot;context&quot;:&quot;&quot;,&quot;multiple&quot;:false}
[debug] &amp;#27;[35m[WD Proxy]&amp;#27;[39m Got response with status 200: {&quot;sessionId&quot;:&quot;015791bc-716d-4afa-9c1f-c27f676dbeb8&quot;,&quot;value&quot;:{&quot;ELEMENT&quot;:&quot;00000000-0000-1bfa-ffff-ffff0000004d&quot;,&quot;element-6066-11e4-a52e-4f735466cecf&quot;:&quot;00000000-0000-1bfa-ffff-ff09:56:04.209 [AsyncHttpClient-1-2] DEBUG org.asynchttpclient.netty.handler.HttpHandler - 

Request DefaultHttpRequest(decodeResult: success, version: HTTP/1.1)
POST /wd/hub/session/7ae98af1-f0c4-48bb-82e0-609d7d4c050b/element HTTP/1.1
User-Agent: selenium/4.5.0 (java windows)
Content-Length: 94
Content-Type: application/json; charset=utf-8
host: 0.0.0.0:4723
accept: */*

Response DefaultHttpResponse(decodeResult: success, version: HTTP/1.1)
HTTP/1.1 200 OK
X-Powered-By: Express
Vary: X-HTTP-Method-Override
Content-Type: application/json; charset=utf-8
ETag: W/&quot;89-6I8BUmEyX4ymJTNGMnyLX01QMTM&quot;
Date: Fri, 02 Dec 2022 04:26:04 GMT
Connection: keep-alive
Keep-Alive: timeout=600
content-length: 137

ff0000004d&quot;}}
[debug] &amp;#27;[35m[W3C (7ae98af1)]&amp;#27;[39m Re09:56:04.209 [AsyncHttpClient-1-2] DEBUG org.asynchttpclient.netty.channel.ChannelManager - Adding key: http://0.0.0.0:4723 for channel [id: 0x007e0974, L:/127.0.0.1:56617 - R:/127.0.0.1:4723]
sponding to client with driver.findElement() result: {&quot;element-6066-11e4-a52e-4f735466cecf&quot;:&quot;00000000-0000-1bfa-ffff-ffff0000004d&quot;,&quot;ELEMENT&quot;:&quot;00000000-0000-1bfa-ffff-ffff0000004d&quot;}
&amp;#27;[35m[HTTP]&amp;#27;[39m &amp;#27;[37m&lt;-- POST /w09:56:04.210 [Forwarding isElementDisplayed on session 7ae98af1-f0c4-48bb-82e0-609d7d4c050b to remote] DEBUG org.asynchttpclient.netty.request.NettyRequestSender - Using pooled Channel &apos;[id: 0x007e0974, L:/127.0.0.1:56617 - R:/127.0.0.1:4723]&apos; for &apos;GET&apos; to &apos;http://0.0.0.0:4723/wd/hub/session/7ae98af1-f0c4-48bb-82e0-609d7d4c050b/element/00000000-0000-1bfa-ffff-ffff0000004d/displayed&apos;
09:56:04.210 [Forwarding isElementDisplayed on session 7ae98af1-f0c4-48bb-82e0-609d7d4c050b to remote] DEBUG org.asynchttpclient.netty.request.NettyRequestSender - Using open Channel [id: 0x007e0974, L:/127.0.0.1:56617 - R:/127.0.0.1:4723] for GET &apos;/wd/hub/session/7ae98af1-f0c4-48bb-82e0-609d7d4c050b/element/00000000-0000-1bfa-ffff-ffff0000004d/displayed&apos;
d/hub/session/7ae98af1-f0c4-48bb-82e0-609d7d4c050b/element &amp;#27;[39m&amp;#27;[32m200&amp;#27;[39m &amp;#27;[90m820 ms - 137&amp;#27;[39m
&amp;#27;[35m[HTTP]&amp;#27;[39m &amp;#27;[90m&amp;#27;[39m
&amp;#27;[35m[HTTP]&amp;#27;[39m &amp;#27;[37m--&gt;&amp;#27;[39m &amp;#27;[37mGET&amp;#27;[39m &amp;#27;[37m/wd/hub/session/7ae98af1-f0c4-48bb-82e0-609d7d4c050b/element/00000000-0000-1bfa-ffff-ffff0000004d/displayed&amp;#27;[39m
&amp;#27;[35m[HTTP]&amp;#27;[39m &amp;#27;[90m{}&amp;#27;[39m
[debug] &amp;#27;[35m[W3C (7ae98af1)]&amp;#27;[39m Calling AppiumDriver.elementDisplayed() with args: [&quot;00000000-0000-1bfa-ffff-ffff0000004d&quot;,&quot;7ae98af1-f0c4-48bb-82e0-609d7d4c050b&quot;]
[debug] &amp;#27;[35m[WD Proxy]&amp;#27;[39m Matched &apos;/element/00000000-0000-1bfa-ffff-ffff0000004d/attribute/displayed&apos; to command name &apos;getAttribute&apos;
[debug] &amp;#27;[35m[WD Proxy]&amp;#27;[39m Proxying [GET /element/00000000-0000-1bfa-ffff-ffff0000004d/attribute/displayed] to [GET http://127.0.0.1:8200/wd/hub/session/015791bc-716d-4afa-9c1f-c27f676dbeb8/element/00000000-0000-1bfa-ffff-ffff0000004d/attribute/displayed] with no body
[debug] &amp;#27;[35m[WD Proxy]&amp;#27;[39m Got response with status 200: {&quot;sessionId&quot;:&quot;015791bc-716d-4afa-9c1f-c27f676dbeb8&quot;,&quot;value&quot;:&quot;true&quot;}
[debug] &amp;#27;[35m[W3C (7ae98af1)]&amp;#27;[39m Responding to client with driver.elementDisplayed() result: true
09:56:04.226 [AsyncHttpClient-1-2] DEBUG org.asynchttpclient.netty.handler.HttpHandler - 

Request DefaultFullHttpRequest(decodeResult: success, version: HTTP/1.1, content: EmptyByteBufBE)
GET /wd/hub/session/7ae98af1-f0c4-48bb-82e0-609d7d4c050b/element/00000000-0000-1bfa-ffff-ffff0000004d/displayed HTTP/1.1
User-Agent: selenium/4.5.0 (java windows)
Cache-Control: no-cache
Content-Type: application/json; charset=utf-8
host: 0.0.0.0:4723
accept: */*

Response DefaultHttpResponse(decodeResult: success, version: HTTP/1.1)
HTTP/1.1 200 OK
X-Powered-By: Express
Content-Type: application/json; charset=utf-8
ETag: W/&quot;e-2ZHvAWebNQpyjGZTg6uyV8/spTo&quot;
Date: Fri, 02 Dec 2022 04:26:04 GMT
Connection: keep-alive
Keep-Alive: timeout=600
content-length: 14

&amp;#27;[35m[HTTP]&amp;#27;[39m &amp;#27;[37m&lt;-- GET /wd/hub09:56:04.227 [AsyncHttpClient-1-2] DEBUG org.asynchttpclient.netty.channel.ChannelManager - Adding key: http://0.0.0.0:4723 for channel [id: 0x007e0974, L:/127.0.0.1:56617 - R:/127.0.0.1:4723]
/session/7ae98af1-f0c4-48bb-82e0-609d7d4c050b/element/00000000-0000-1bfa-ffff-ffff0000004d/displayed &amp;#27;[39m&amp;#27;[32m200&amp;#27;[39m &amp;#27;[90m15 ms - 14&amp;#27;[39m
&amp;#27;[35m[HTTP]&amp;#27;[39m &amp;#27;[90m&amp;#27;[39m
09:56:04.227 [Forwarding findElement on session 7ae98af1-f0c4-48bb-82e0-609d7d4c050b to remote] DEBUG org.asynchttpclient.netty.request.NettyRequestSender - Using pooled Channel &apos;[id: 0x007e0974, L:/127.0.0.1:56617 - R:/127.0.0.1:4723]&apos; for &apos;POST&apos; to &apos;http://0.0.0.0:4723/wd/hub/session/7ae98af1-f0c4-48bb-82e0-609d7d4c050b/element&apos;
09:56:04.227 [Forwarding findElement on session 7ae98af1-f0c4-48bb-82e0-609d7d4c050b to remote] DEBUG org.asynchttpclient.netty.request.NettyRequestSender - Using open Channel [id: 0x007e0974, L:/127.0.0.1:56617 - R:/127.0.0.1:4723] for POST &apos;/wd/hub/session/7ae98af1-f0c4-48bb-82e0-609d7d4c050b/element&apos;
&amp;#27;[35m[HTTP]&amp;#27;[39m &amp;#27;[37m--&gt;&amp;#27;[39m &amp;#27;[37mPOST&amp;#27;[39m &amp;#27;[37m/wd/hub/session/7ae98af1-f0c4-48bb-82e0-609d7d4c050b/element&amp;#27;[39m
&amp;#27;[35m[HTTP]&amp;#27;[39m &amp;#27;[90m{&quot;using&quot;:&quot;id&quot;,&quot;value&quot;:&quot;com.example.android.testing.notes.mock:id/fab_add_notes&quot;}&amp;#27;[39m
[debug] &amp;#27;[35m[W3C (7ae98af1)]&amp;#27;[39m Calling AppiumDriver.findElement() with args: [&quot;id&quot;,&quot;com.example.android.testing.notes.mock:id/fab_add_notes&quot;,&quot;7ae98af1-f0c4-48bb-82e0-609d7d4c050b&quot;]
[debug] &amp;#27;[35m[BaseDriver]&amp;#27;[39m Valid locator strategies for this request: xpath, id, class name, accessibility id, css selector, -android uiautomator
[debug] &amp;#27;[35m[BaseDriver]&amp;#27;[39m Waiting up to 0 ms for condition
[debug] &amp;#27;[35m[WD Proxy]&amp;#27;[39m Matched &apos;/element&apos; to command name &apos;findElement&apos;
[debug] &amp;#27;[35m[WD Proxy]&amp;#27;[39m Proxying [POST /element] to [POST http://127.0.0.1:8200/wd/hub/session/015791bc-716d-4afa-9c1f-c27f676dbeb8/element] with body: {&quot;strategy&quot;:&quot;id&quot;,&quot;selector&quot;:&quot;com.example.android.testing.notes.mock:id/fab_add_notes&quot;,&quot;context&quot;:&quot;&quot;,&quot;multiple&quot;:false}
[debug] &amp;#27;[35m[WD Proxy]&amp;#27;[39m Got response with status 200: {&quot;sessionId&quot;:&quot;015791bc-716d-4afa-9c1f-c27f676dbeb8&quot;,&quot;value&quot;:{&quot;ELEMENT&quot;:&quot;00000000-0000-1bfa-ffff-ffff0000004d&quot;,&quot;element-6066-11e4-a52e-4f735466cecf&quot;:&quot;00000000-0000-1bfa-ffff-ffff0000004d&quot;}}
[debug] &amp;#27;[35m[W3C (7ae98af1)]&amp;#27;[39m Responding to client with driver.findElement() result: {&quot;element-6009:56:04.268 [AsyncHttpClient-1-2] DEBUG org.asynchttpclient.netty.handler.HttpHandler - 

Request DefaultHttpRequest(decodeResult: success, version: HTTP/1.1)
POST /wd/hub/session/7ae98af1-f0c4-48bb-82e0-609d7d4c050b/element HTTP/1.1
User-Agent: selenium/4.5.0 (java windows)
Content-Length: 94
Content-Type: application/json; charset=utf-8
host: 0.0.0.0:4723
accept: */*

Response DefaultHttpResponse(decodeResult: success, version: HTTP/1.1)
HTTP/1.1 200 OK
X-Powered-By: Express
Vary: X-HTTP-Method-Override
Content-Type: application/json; charset=utf-8
ETag: W/&quot;89-6I8BUmEyX4ymJTNGMnyLX01QMTM&quot;
Date: Fri, 02 Dec 2022 04:26:04 GMT
Connection: keep-alive
Keep-Alive: timeout=600
content-length: 137

66-11e4-a52e-4f735466cecf&quot;:&quot;00000000-0000-1bfa-ffff-ffff0000004d&quot;,&quot;ELEMENT&quot;:&quot;0000000009:56:04.269 [AsyncHttpClient-1-2] DEBUG org.asynchttpclient.netty.channel.ChannelManager - Adding key: http://0.0.0.0:4723 for channel [id: 0x007e0974, L:/127.0.0.1:56617 - R:/127.0.0.1:4723]
-0000-1bfa-ffff-ffff0000004d&quot;}
&amp;#27;[35m[HTTP]&amp;#27;[39m &amp;#27;[37m&lt;-- POST /wd/hub/session/7ae98af1-f0c4-48bb-82e0-609d7d4c050b/element &amp;#27;[39m&amp;#27;[32m200&amp;#27;[39m &amp;#27;[90m40 ms - 137&amp;#27;[39m
&amp;#27;[35m[HTTP]&amp;#27;[39m &amp;#27;[90m&amp;#27;[39m
09:56:04.270 [Forwarding isElementEnabled on session 7ae98af1-f0c4-48bb-82e0-609d7d4c050b to remote] DEBUG org.asynchttpclient.netty.request.NettyRequestSender - Using pooled Channel &apos;[id: 0x007e0974, L:/127.0.0.1:56617 - R:/127.0.0.1:4723]&apos; for &apos;GET&apos; to &apos;http://0.0.0.0:4723/wd/hub/session/7ae98af1-f0c4-48bb-82e0-609d7d4c050b/element/00000000-0000-1bfa-ffff-ffff0000004d/enabled&apos;
09:56:04.270 [Forwarding isElementEnabled on session 7ae98af1-f0c4-48bb-82e0-609d7d4c050b to remote] DEBUG org.asynchttpclient.netty.request.NettyRequestSender - Using open Channel [id: 0x007e0974, L:/127.0.0.1:56617 - R:/127.0.0.1:4723] for GET &apos;/wd/hub/session/7ae98af1-f0c4-48bb-82e0-609d7d4c050b/element/00000000-0000-1bfa-ffff-ffff0000004d/enabled&apos;
&amp;#27;[35m[HTTP]&amp;#27;[39m &amp;#27;[37m--&gt;&amp;#27;[39m &amp;#27;[37mGET&amp;#27;[39m &amp;#27;[37m/wd/hub/session/7ae98af1-f0c4-48bb-82e0-609d7d4c050b/element/00000000-0000-1bfa-ffff-ffff0000004d/enabled&amp;#27;[39m
&amp;#27;[35m[HTTP]&amp;#27;[39m &amp;#27;[90m{}&amp;#27;[39m
[debug] &amp;#27;[35m[W3C (7ae98af1)]&amp;#27;[39m Calling AppiumDriver.elementEnabled() with args: [&quot;00000000-0000-1bfa-ffff-ffff0000004d&quot;,&quot;7ae98af1-f0c4-48bb-82e0-609d7d4c050b&quot;]
[debug] &amp;#27;[35m[WD Proxy]&amp;#27;[39m Matched &apos;/element/00000000-0000-1bfa-ffff-ffff0000004d/attribute/enabled&apos; to command name &apos;getAttribute&apos;
[debug] &amp;#27;[35m[WD Proxy]&amp;#27;[39m Proxying [GET /element/00000000-0000-1bfa-ffff-ffff0000004d/attribute/enabled] to [GET http://127.0.0.1:8200/wd/hub/session/015791bc-716d-4afa-9c1f-c27f676dbeb8/element/00000000-0000-1bfa-ffff-ffff0000004d/attribute/enabled] with no body
[debug] &amp;#27;[35m[WD Proxy]&amp;#27;[39m Got response with status 200: {&quot;sessionId&quot;:&quot;015791bc-716d-4afa-9c1f-c27f676dbeb8&quot;,&quot;value&quot;:&quot;true&quot;}
[debug] &amp;#27;[35m[W3C (7ae98af1)]&amp;#27;[39m Responding to client with driver.elementEnabled() result: true
09:56:04.294 [AsyncHttpClient-1-2] DEBUG org.asynchttpclient.netty.handler.HttpHandler - 

Request DefaultFullHttpRequest(decodeResult: success, version: HTTP/1.1, content: EmptyByteBufBE)
GET /wd/hub/session/7ae98af1-f0c4-48bb-82e0-609d7d4c050b/element/00000000-0000-1bfa-ffff-ffff0000004d/enabled HTTP/1.1
User-Agent: selenium/4.5.0 (java windows)
Cache-Control: no-cache
Content-Type: application/json; charset=utf-8
host: 0.0.0.0:4723
accept: */*

Response DefaultHttpResponse(decodeResult: success, version: HTTP/1.1)
HTTP/1.1 200 OK
X-Powered-By: Express
Content-Type: application/json; charset=utf-8
ETag: W/&quot;e-2ZHvAWebNQpyjGZTg6uyV8/spTo&quot;
Date: Fri, 02 Dec 2022 04:26:04 GMT
Connection: keep-alive
Keep-Alive: timeout=600
content-length: 14

09:56:04.294 [AsyncHttpClient-1-2] DEBUG org.asynchttpclient.netty.channel.ChannelManager - Adding key: http://0.0.0.0:4723 for channel [id: 0x007e0974, L:/127.0.0.1:56617 - R:/127.0.0.1:4723]
&amp;#27;[35m[HTTP]&amp;#27;[39m &amp;#27;[37m&lt;-- GET /wd/hub/session/7ae98af1-f0c4-48bb-82e0-609d7d4c050b/element/00000000-0000-1bfa-ffff-ffff0000004d/enabled &amp;#27;[39m&amp;#27;[32m200&amp;#27;[39m &amp;#27;[90m22 ms - 14&amp;#27;[39m
&amp;#27;[35m[HTTP]&amp;#27;[39m &amp;#27;[90m&amp;#27;[39m
09:56:04.295 [Forwarding findElement on session 7ae98af1-f0c4-48bb-82e0-609d7d4c050b to remote] DEBUG org.asynchttpclient.netty.request.NettyRequestSender - Using pooled Channel &apos;[id: 0x007e0974, L:/127.0.0.1:56617 - R:/127.0.0.1:4723]&apos; for &apos;POST&apos; to &apos;http://0.0.0.0:4723/wd/hub/session/7ae98af1-f0c4-48bb-82e0-609d7d4c050b/element&apos;
09:56:04.295 [Forwarding findElement on session 7ae98af1-f0c4-48bb-82e0-609d7d4c050b to remote] DEBUG org.asynchttpclient.netty.request.NettyRequestSender - Using open Channel [id: 0x007e0974, L:/127.0.0.1:56617 - R:/127.0.0.1:4723] for POST &apos;/wd/hub/session/7ae98af1-f0c4-48bb-82e0-609d7d4c050b/element&apos;
&amp;#27;[35m[HTTP]&amp;#27;[39m &amp;#27;[37m--&gt;&amp;#27;[39m &amp;#27;[37mPOST&amp;#27;[39m &amp;#27;[37m/wd/hub/session/7ae98af1-f0c4-48bb-82e0-609d7d4c050b/element&amp;#27;[39m
&amp;#27;[35m[HTTP]&amp;#27;[39m &amp;#27;[90m{&quot;using&quot;:&quot;id&quot;,&quot;value&quot;:&quot;com.example.android.testing.notes.mock:id/fab_add_notes&quot;}&amp;#27;[39m
[debug] &amp;#27;[35m[W3C (7ae98af1)]&amp;#27;[39m Calling AppiumDriver.findElement() with args: [&quot;id&quot;,&quot;com.example.android.testing.notes.mock:id/fab_add_notes&quot;,&quot;7ae98af1-f0c4-48bb-82e0-609d7d4c050b&quot;]
[debug] &amp;#27;[35m[BaseDriver]&amp;#27;[39m Valid locator strategies for this request: xpath, id, class name, accessibility id, css selector, -android uiautomator
[debug] &amp;#27;[35m[BaseDriver]&amp;#27;[39m Waiting up to 0 ms for condition
[debug] &amp;#27;[35m[WD Proxy]&amp;#27;[39m Matched &apos;/element&apos; to command name &apos;findElement&apos;
[debug] &amp;#27;[35m[WD Proxy]&amp;#27;[39m Proxying [POST /element] to [POST http://127.0.0.1:8200/wd/hub/session/015791bc-716d-4afa-9c1f-c27f676dbeb8/element] with body: {&quot;strategy&quot;:&quot;id&quot;,&quot;selector&quot;:&quot;com.example.android.testing.notes.mock:id/fab_add_notes&quot;,&quot;context&quot;:&quot;&quot;,&quot;multiple&quot;:false}
[debug] &amp;#27;[35m[WD Proxy]&amp;#27;[39m Got response with status 200: {&quot;sessionId&quot;:&quot;015791bc-716d-4afa-9c1f-c27f676dbeb8&quot;,&quot;value&quot;:{&quot;ELEMENT&quot;:&quot;00000000-0000-1bfa-ffff-ffff0000004d&quot;,&quot;element-6066-11e4-a52e-4f735466cecf&quot;:&quot;00000000-0000-1bfa-ffff-ffff0000004d&quot;}}
[debug] &amp;#27;[35m[W3C (7ae98af1)]&amp;#27;[39m Responding to client with driver.findElement() resul09:56:04.363 [AsyncHttpClient-1-2] DEBUG org.asynchttpclient.netty.handler.HttpHandler - 

Request DefaultHttpRequest(decodeResult: success, version: HTTP/1.1)
POST /wd/hub/session/7ae98af1-f0c4-48bb-82e0-609d7d4c050b/element HTTP/1.1
User-Agent: selenium/4.5.0 (java windows)
Content-Length: 94
Content-Type: application/json; charset=utf-8
host: 0.0.0.0:4723
accept: */*

Response DefaultHttpResponse(decodeResult: success, version: HTTP/1.1)
HTTP/1.1 200 OK
X-Powered-By: Express
Vary: X-HTTP-Method-Override
Content-Type: application/json; charset=utf-8
ETag: W/&quot;89-6I8BUmEyX4ymJTNGMnyLX01QMTM&quot;
Date: Fri, 02 Dec 2022 04:26:04 GMT
Connection: keep-alive
Keep-Alive: timeout=600
content-length: 137

t: {&quot;element-6066-11e4-a52e-4f735466cecf&quot;:&quot;00000000-0000-1bfa-ffff-ffff0000004d&quot;,&quot;ELEMENT&quot;:&quot;00000000-0000-1bfa-ffff-ffff0000004d&quot;}
09:56:04.363 [AsyncHttpClient-1-2] DEBUG org.asynchttpclient.netty.channel.ChannelManager - Adding key: http://0.0.0.0:4723 for channel [id: 0x007e0974, L:/127.0.0.1:56617 - R:/127.0.0.1:4723]
&amp;#27;[35m[HTTP]&amp;#27;[39m &amp;#27;[37m&lt;-- POST /wd/hub/session/7ae98af1-f0c4-48bb-82e0-609d7d4c050b/element &amp;#27;[39m&amp;#27;[32m200&amp;#27;[39m &amp;#27;[90m67 ms - 137&amp;#27;[39m
&amp;#27;[35m[HTTP]&amp;#27;[39m &amp;#27;[90m&amp;#27;[39m
09:56:04.364 [Forwarding clickElement on session 7ae98af1-f0c4-48bb-82e0-609d7d4c050b to remote] DEBUG org.asynchttpclient.netty.request.NettyRequestSender - Using pooled Channel &apos;[id: 0x007e0974, L:/127.0.0.1:56617 - R:/127.0.0.1:4723]&apos; for &apos;POST&apos; to &apos;http://0.0.0.0:4723/wd/hub/session/7ae98af1-f0c4-48bb-82e0-609d7d4c050b/element/00000000-0000-1bfa-ffff-ffff0000004d/click&apos;
09:56:04.364 [Forwarding clickElement on session 7ae98af1-f0c4-48bb-82e0-609d7d4c050b to remote] DEBUG org.asynchttpclient.netty.request.NettyRequestSender - Using open Channel [id: 0x007e0974, L:/127.0.0.1:56617 - R:/127.0.0.1:4723] for POST &apos;/wd/hub/session/7ae98af1-f0c4-48bb-82e0-609d7d4c050b/element/00000000-0000-1bfa-ffff-ffff0000004d/click&apos;
&amp;#27;[35m[HTTP]&amp;#27;[39m &amp;#27;[37m--&gt;&amp;#27;[39m &amp;#27;[37mPOST&amp;#27;[39m &amp;#27;[37m/wd/hub/session/7ae98af1-f0c4-48bb-82e0-609d7d4c050b/element/00000000-0000-1bfa-ffff-ffff0000004d/click&amp;#27;[39m
&amp;#27;[35m[HTTP]&amp;#27;[39m &amp;#27;[90m{&quot;id&quot;:&quot;00000000-0000-1bfa-ffff-ffff0000004d&quot;}&amp;#27;[39m
[debug] &amp;#27;[35m[W3C (7ae98af1)]&amp;#27;[39m Calling AppiumDriver.click() with args: [&quot;00000000-0000-1bfa-ffff-ffff0000004d&quot;,&quot;7ae98af1-f0c4-48bb-82e0-609d7d4c050b&quot;]
[debug] &amp;#27;[35m[WD Proxy]&amp;#27;[39m Matched &apos;/element/00000000-0000-1bfa-ffff-ffff0000004d/click&apos; to command name &apos;click&apos;
[debug] &amp;#27;[35m[WD Proxy]&amp;#27;[39m Proxying [POST /element/00000000-0000-1bfa-ffff-ffff0000004d/click] to [POST http://127.0.0.1:8200/wd/hub/session/015791bc-716d-4afa-9c1f-c27f676dbeb8/element/00000000-0000-1bfa-ffff-ffff0000004d/click] with body: {&quot;element&quot;:&quot;00000000-0000-1bfa-ffff-ffff0000004d&quot;}
[debug] &amp;#27;[35m[WD Proxy]&amp;#27;[39m Got response with status 200: {&quot;sessionId&quot;:&quot;015791bc-716d-4afa-9c1f-c27f676dbeb8&quot;,&quot;value&quot;:null}
[debug] &amp;#27;[35m[W3C (7ae98af1)]&amp;#27;[39m Responding to client with driver.click() result: null
&amp;#27;[35m[HTTP]&amp;#27;[39m &amp;#27;09:56:04.440 [AsyncHttpClient-1-2] DEBUG org.asynchttpclient.netty.handler.HttpHandler - 

Request DefaultHttpRequest(decodeResult: success, version: HTTP/1.1)
POST /wd/hub/session/7ae98af1-f0c4-48bb-82e0-609d7d4c050b/element/00000000-0000-1bfa-ffff-ffff0000004d/click HTTP/1.1
User-Agent: selenium/4.5.0 (java windows)
Content-Length: 50
Content-Type: application/json; charset=utf-8
host: 0.0.0.0:4723
accept: */*

Response DefaultHttpResponse(decodeResult: success, version: HTTP/1.1)
HTTP/1.1 200 OK
X-Powered-By: Express
Vary: X-HTTP-Method-Override
Content-Type: application/json; charset=utf-8
ETag: W/&quot;e-9/1BuKMgFObM1mWJm+YjxtXJnUM&quot;
Date: Fri, 02 Dec 2022 04:26:04 GMT
Connection: keep-alive
Keep-Alive: timeout=600
content-length: 14

[37m&lt;-- POST /wd/hub/session/09:56:04.440 [AsyncHttpClient-1-2] DEBUG org.asynchttpclient.netty.channel.ChannelManager - Adding key: http://0.0.0.0:4723 for channel [id: 0x007e0974, L:/127.0.0.1:56617 - R:/127.0.0.1:4723]
7ae98af1-f0c4-48bb-82e0-609d7d4c050b/element/00000000-0000-1bfa-ffff-ffff0000004d/click &amp;#27;[39m&amp;#27;[32m200&amp;#27;[39m &amp;#27;[90m74 ms - 14&amp;#27;[39m
&amp;#27;[35m[HTTP]&amp;#27;[39m &amp;#27;[90m&amp;#27;[39m
09:56:04.440 [Forwarding findElement on session 7ae98af1-f0c4-48bb-82e0-609d7d4c050b to remote] DEBUG org.asynchttpclient.netty.request.NettyRequestSender - Using pooled Channel &apos;[id: 0x007e0974, L:/127.0.0.1:56617 - R:/127.0.0.1:4723]&apos; for &apos;POST&apos; to &apos;http://0.0.0.0:4723/wd/hub/session/7ae98af1-f0c4-48bb-82e0-609d7d4c050b/element&apos;
09:56:04.440 [Forwarding findElement on session 7ae98af1-f0c4-48bb-82e0-609d7d4c050b to remote] DEBUG org.asynchttpclient.netty.request.NettyRequestSender - Using open Channel [id: 0x007e0974, L:/127.0.0.1:56617 - R:/127.0.0.1:4723] for POST &apos;/wd/hub/session/7ae98af1-f0c4-48bb-82e0-609d7d4c050b/element&apos;
&amp;#27;[35m[HTTP]&amp;#27;[39m &amp;#27;[37m--&gt;&amp;#27;[39m &amp;#27;[37mPOST&amp;#27;[39m &amp;#27;[37m/wd/hub/session/7ae98af1-f0c4-48bb-82e0-609d7d4c050b/element&amp;#27;[39m
&amp;#27;[35m[HTTP]&amp;#27;[39m &amp;#27;[90m{&quot;using&quot;:&quot;id&quot;,&quot;value&quot;:&quot;com.example.android.testing.notes.mock:id/fab_add_notes&quot;}&amp;#27;[39m
[debug] &amp;#27;[35m[W3C (7ae98af1)]&amp;#27;[39m Calling AppiumDriver.findElement() with args: [&quot;id&quot;,&quot;com.example.android.testing.notes.mock:id/fab_add_notes&quot;,&quot;7ae98af1-f0c4-48bb-82e0-609d7d4c050b&quot;]
[debug] &amp;#27;[35m[BaseDriver]&amp;#27;[39m Valid locator strategies for this request: xpath, id, class name, accessibility id, css selector, -android uiautomator
[debug] &amp;#27;[35m[BaseDriver]&amp;#27;[39m Waiting up to 0 ms for condition
[debug] &amp;#27;[35m[WD Proxy]&amp;#27;[39m Matched &apos;/element&apos; to command name &apos;findElement&apos;
[debug] &amp;#27;[35m[WD Proxy]&amp;#27;[39m Proxying [POST /element] to [POST http://127.0.0.1:8200/wd/hub/session/015791bc-716d-4afa-9c1f-c27f676dbeb8/element] with body: {&quot;strategy&quot;:&quot;id&quot;,&quot;selector&quot;:&quot;com.example.android.testing.notes.mock:id/fab_add_notes&quot;,&quot;context&quot;:&quot;&quot;,&quot;multiple&quot;:false}
[debug] &amp;#27;[35m[WD Proxy]&amp;#27;[39m Got response with status 200: {&quot;sessionId&quot;:&quot;015791bc-716d-4afa-9c1f-c27f676dbeb8&quot;,&quot;value&quot;:{&quot;ELEMENT&quot;:&quot;00000000-0000-1bfa-ffff-ffff0000004d&quot;,&quot;element-6066-11e4-a52e-409:56:04.616 [AsyncHttpClient-1-2] DEBUG org.asynchttpclient.netty.handler.HttpHandler - 

Request DefaultHttpRequest(decodeResult: success, version: HTTP/1.1)
POST /wd/hub/session/7ae98af1-f0c4-48bb-82e0-609d7d4c050b/element HTTP/1.1
User-Agent: selenium/4.5.0 (java windows)
Content-Length: 94
Content-Type: application/json; charset=utf-8
host: 0.0.0.0:4723
accept: */*

Response DefaultHttpResponse(decodeResult: success, version: HTTP/1.1)
HTTP/1.1 200 OK
X-Powered-By: Express
Vary: X-HTTP-Method-Override
Content-Type: application/json; charset=utf-8
ETag: W/&quot;89-6I8BUmEyX4ymJTNGMnyLX01QMTM&quot;
Date: Fri, 02 Dec 2022 04:26:04 GMT
Connection: keep-alive
Keep-Alive: timeout=600
content-length: 137

f735466cecf&quot;:&quot;00000000-0000-1bf09:56:04.617 [AsyncHttpClient-1-2] DEBUG org.asynchttpclient.netty.channel.ChannelManager - Adding key: http://0.0.0.0:4723 for channel [id: 0x007e0974, L:/127.0.0.1:56617 - R:/127.0.0.1:4723]
a-ffff-ffff0000004d&quot;}}
[debug] &amp;#27;[35m[W3C (7ae98af1)]&amp;#27;[39m Responding to client with driver.findElement() result: {&quot;element-6066-11e4-a52e-4f735466cecf&quot;:&quot;00000000-0000-1bfa-ffff-ffff009:56:04.618 [Forwarding isElementDisplayed on session 7ae98af1-f0c4-48bb-82e0-609d7d4c050b to remote] DEBUG org.asynchttpclient.netty.request.NettyRequestSender - Using pooled Channel &apos;[id: 0x007e0974, L:/127.0.0.1:56617 - R:/127.0.0.1:4723]&apos; for &apos;GET&apos; to &apos;http://0.0.0.0:4723/wd/hub/session/7ae98af1-f0c4-48bb-82e0-609d7d4c050b/element/00000000-0000-1bfa-ffff-ffff0000004d/displayed&apos;
000004d&quot;09:56:04.618 [Forwarding isElementDisplayed on session 7ae98af1-f0c4-48bb-82e0-609d7d4c050b to remote] DEBUG org.asynchttpclient.netty.request.NettyRequestSender - Using open Channel [id: 0x007e0974, L:/127.0.0.1:56617 - R:/127.0.0.1:4723] for GET &apos;/wd/hub/session/7ae98af1-f0c4-48bb-82e0-609d7d4c050b/element/00000000-0000-1bfa-ffff-ffff0000004d/displayed&apos;
,&quot;ELEMENT&quot;:&quot;00000000-0000-1bfa-ffff-ffff0000004d&quot;}
&amp;#27;[35m[HTTP]&amp;#27;[39m &amp;#27;[37m&lt;-- POST /wd/hub/session/7ae98af1-f0c4-48bb-82e0-609d7d4c050b/element &amp;#27;[39m&amp;#27;[32m200&amp;#27;[39m &amp;#27;[90m174 ms - 137&amp;#27;[39m
&amp;#27;[35m[HTTP]&amp;#27;[39m &amp;#27;[90m&amp;#27;[39m
&amp;#27;[35m[HTTP]&amp;#27;[39m &amp;#27;[37m--&gt;&amp;#27;[39m &amp;#27;[37mGET&amp;#27;[39m &amp;#27;[37m/wd/hub/session/7ae98af1-f0c4-48bb-82e0-609d7d4c050b/element/00000000-0000-1bfa-ffff-ffff0000004d/displayed&amp;#27;[39m
&amp;#27;[35m[HTTP]&amp;#27;[39m &amp;#27;[90m{}&amp;#27;[39m
[debug] &amp;#27;[35m[W3C (7ae98af1)]&amp;#27;[39m Calling AppiumDriver.elementDisplayed() with args: [&quot;00000000-0000-1bfa-ffff-ffff0000004d&quot;,&quot;7ae98af1-f0c4-48bb-82e0-609d7d4c050b&quot;]
[debug] &amp;#27;[35m[WD Proxy]&amp;#27;[39m Matched &apos;/element/00000000-0000-1bfa-ffff-ffff0000004d/attribute/displayed&apos; to command name &apos;getAttribute&apos;
[debug] &amp;#27;[35m[WD Proxy]&amp;#27;[39m Proxying [GET /element/00000000-0000-1bfa-ffff-ffff0000004d/attribute/displayed] to [GET http://127.0.0.1:8200/wd/hub/session/015791bc-716d-4afa-9c1f-c27f676dbeb8/element/00000000-0000-1bfa-ffff-ffff0000004d/attribute/displayed] with no body
&amp;#27;[35m[WD Proxy]&amp;#27;[39m Got response with status 404: {&quot;sessionId&quot;:&quot;015791bc-716d-4afa-9c1f-c27f676dbeb8&quot;,&quot;value&quot;:{&quot;error&quot;:&quot;stale element reference&quot;,&quot;message&quot;:&quot;The element &apos;By.id: com.example.android.testing.notes.mock:id/fab_add_notes&apos; does not exist in DOM anymore&quot;,&quot;stacktrace&quot;:&quot;io.appium.uiautomator2.common.exceptions.StaleElementReferenceException: The element &apos;By.id: com.example.android.testing.notes.mock:id/fab_add_notes&apos; does not exist in DOM anymore\n\tat io.appium.uiautomator2.model.ElementsCache.restore(ElementsCache.java:117)\n\tat io.appium.uiautomator2.model.ElementsCache.get(ElementsCache.java:153)\n\tat io.appium.uiautomator2.handler.GetElementAttribute.safeHandle(GetElementAttribute.java:23)\n\tat io.appium.uiautomator2.handler.request.SafeRequestHandler.handle(SafeRequestHandler.java:59)\n\tat io.appium.uiautomator2.server.AppiumServlet.handleRequest(AppiumServlet.java:266)\n\tat io.appium.uiautomator2.server.AppiumServlet.handleHttpRequest(AppiumServlet.java:260)\n\tat io.appium.uiautomator2.http.ServerHandler.channelRead(ServerHandler.java:...
[debug] &amp;#27;[35m[W3C]&amp;#27;[39m Matched W3C error code &apos;stale element reference&apos; to StaleElementReferenceError
[debug] &amp;#27;[35m[W3C (7ae98af1)]&amp;#27;[39m Encountered internal error running command: io.appium.uiautomator2.common.exceptions.StaleElementReferenceException: The element &apos;By.id: com.example.android.testing.notes.mock:id/fab_add_notes&apos; does not exist in DOM anymo09:56:06.654 [AsyncHttpClient-1-2] DEBUG org.asynchttpclient.netty.handler.HttpHandler - 

Request DefaultFullHttpRequest(decodeResult: success, version: HTTP/1.1, content: EmptyByteBufBE)
GET /wd/hub/session/7ae98af1-f0c4-48bb-82e0-609d7d4c050b/element/00000000-0000-1bfa-ffff-ffff0000004d/displayed HTTP/1.1
User-Agent: selenium/4.5.0 (java windows)
Cache-Control: no-cache
Content-Type: application/json; charset=utf-8
host: 0.0.0.0:4723
accept: */*

Response DefaultHttpResponse(decodeResult: success, version: HTTP/1.1)
HTTP/1.1 404 Not Found
X-Powered-By: Express
Content-Type: application/json; charset=utf-8
ETag: W/&quot;fb7-Taw0ad2lUiPNcRUM3xqENdxVyPw&quot;
Date: Fri, 02 Dec 2022 04:26:06 GMT
Connection: keep-alive
Keep-Alive: timeout=600
content-length: 4023

re
[debug] &amp;#27;[35m[W3C (7ae98af1)]&amp;#27;[39m 	at io.appium.uiautomator2.model.ElementsCache.restore(ElementsCache.java:117)
[debug] &amp;#27;[35m[W309:56:06.654 [AsyncHttpClient-1-2] DEBUG org.asynchttpclient.netty.channel.ChannelManager - Adding key: http://0.0.0.0:4723 for channel [id: 0x007e0974, L:/127.0.0.1:56617 - R:/127.0.0.1:4723]
C (7ae98af1)]&amp;#27;[39m 	at io.appium.uiautomator2.model.ElementsCache.get(ElementsCache.java:153)
[debug] &amp;#27;[35m[W3C (7ae98af1)]&amp;#27;[39m 	at io.appium.uiautomator2.handler.GetElementAttribute.safeHandle(GetElementAttribute.java:23)
[debug] &amp;#27;[35m[W3C (7ae98af1)]&amp;#27;[39m 	at io.appium.uiautomator2.handler.request.SafeRequestHandler.handle(SafeRequestHandler.java:59)
[debug] &amp;#27;[35m[W3C (7ae98af1)]&amp;#27;[39m 	at io.appium.uiautomator2.server.AppiumServlet.handleRequest(AppiumServlet.java:266)
[debug] &amp;#27;[35m[W3C (7ae98af1)]&amp;#27;[39m 	at io.appium.uiautomator2.server.AppiumServl09:56:06.656 [Forwarding findElement on session 7ae98af1-f0c4-48bb-82e0-609d7d4c050b to remote] DEBUG org.asynchttpclient.netty.request.NettyRequestSender - Using pooled Channel &apos;[id: 0x007e0974, L:/127.0.0.1:56617 - R:/127.0.0.1:4723]&apos; for &apos;POST&apos; to &apos;http://0.0.0.0:4723/wd/hub/session/7ae98af1-f0c4-48bb-82e0-609d7d4c050b/element&apos;
et.handleHttpRequest(AppiumServle09:56:06.657 [Forwarding findElement on session 7ae98af1-f0c4-48bb-82e0-609d7d4c050b to remote] DEBUG org.asynchttpclient.netty.request.NettyRequestSender - Using open Channel [id: 0x007e0974, L:/127.0.0.1:56617 - R:/127.0.0.1:4723] for POST &apos;/wd/hub/session/7ae98af1-f0c4-48bb-82e0-609d7d4c050b/element&apos;
t.java:260)
[debug] &amp;#27;[35m[W3C (7ae98af1)]&amp;#27;[39m 	at io.appium.uiautomator2.http.ServerHandler.channelRead(ServerHandler.java:68)
[debug] &amp;#27;[35m[W3C (7ae98af1)]&amp;#27;[39m 	at io.netty.channel.AbstractChannelHandlerContext.invokeChannelRead(AbstractChannelHandlerContext.java:366)
[debug] &amp;#27;[35m[W3C (7ae98af1)]&amp;#27;[39m 	at io.netty.channel.AbstractChannelHandlerContext.invokeChannelRead(AbstractChannelHandlerContext.java:352)
[debug] &amp;#27;[35m[W3C (7ae98af1)]&amp;#27;[39m 	at io.netty.channel.AbstractChannelHandlerContext.fireChannelRead(AbstractChannelHandlerContext.java:345)
[debug] &amp;#27;[35m[W3C (7ae98af1)]&amp;#27;[39m 	at io.netty.handler.codec.MessageToMessageDecoder.channelRead(MessageToMessageDecoder.java:102)
[debug] &amp;#27;[35m[W3C (7ae98af1)]&amp;#27;[39m 	at io.netty.channel.AbstractChannelHandlerContext.invokeChannelRead(AbstractChannelHandlerContext.java:366)
[debug] &amp;#27;[35m[W3C (7ae98af1)]&amp;#27;[39m 	at io.netty.channel.AbstractChannelHandlerContext.invokeChannelRead(AbstractChannelHandlerContext.java:352)
[debug] &amp;#27;[35m[W3C (7ae98af1)]&amp;#27;[39m 	at io.netty.channel.AbstractChannelHandlerContext.fireChannelRead(AbstractChannelHandlerContext.java:345)
[debug] &amp;#27;[35m[W3C (7ae98af1)]&amp;#27;[39m 	at io.netty.channel.CombinedChannelDuplexHandler$DelegatingChannelHandlerContext.fireChannelRead(CombinedChannelDuplexHandler.java:435)
[debug] &amp;#27;[35m[W3C (7ae98af1)]&amp;#27;[39m 	at io.netty.handler.codec.ByteToMessageDecoder.fireChannelRead(ByteToMessageDecoder.java:293)
[debug] &amp;#27;[35m[W3C (7ae98af1)]&amp;#27;[39m 	at io.netty.handler.codec.ByteToMessageDecoder.channelRead(ByteToMessageDecoder.java:267)
[debug] &amp;#27;[35m[W3C (7ae98af1)]&amp;#27;[39m 	at io.netty.channel.CombinedChannelDuplexHandler.channelRead(CombinedChannelDuplexHandler.java:250)
[debug] &amp;#27;[35m[W3C (7ae98af1)]&amp;#27;[39m 	at io.netty.channel.AbstractChannelHandlerContext.invokeChannelRead(AbstractChannelHandlerContext.java:366)
[debug] &amp;#27;[35m[W3C (7ae98af1)]&amp;#27;[39m 	at io.netty.channel.AbstractChannelHandlerContext.invokeChannelRead(AbstractChannelHandlerContext.java:352)
[debug] &amp;#27;[35m[W3C (7ae98af1)]&amp;#27;[39m 	at io.netty.channel.AbstractChannelHandlerContext.fireChannelRead(AbstractChannelHandlerContext.java:345)
[debug] &amp;#27;[35m[W3C (7ae98af1)]&amp;#27;[39m 	at io.netty.handler.timeout.IdleStateHandler.channelRead(IdleStateHandler.java:266)
[debug] &amp;#27;[35m[W3C (7ae98af1)]&amp;#27;[39m 	at io.netty.channel.AbstractChannelHandlerContext.invokeChannelRead(AbstractChannelHandlerContext.java:366)
[debug] &amp;#27;[35m[W3C (7ae98af1)]&amp;#27;[39m 	at io.netty.channel.AbstractChannelHandlerContext.invokeChannelRead(AbstractChannelHandlerContext.java:352)
[debug] &amp;#27;[35m[W3C (7ae98af1)]&amp;#27;[39m 	at io.netty.channel.AbstractChannelHandlerContext.fireChannelRead(AbstractChannelHandlerContext.java:345)
[debug] &amp;#27;[35m[W3C (7ae98af1)]&amp;#27;[39m 	at io.netty.channel.DefaultChannelPipeline$HeadContext.channelRead(DefaultChannelPipeline.java:1294)
[debug] &amp;#27;[35m[W3C (7ae98af1)]&amp;#27;[39m 	at io.netty.channel.AbstractChannelHandlerContext.invokeChannelRead(AbstractChannelHandlerContext.java:366)
[debug] &amp;#27;[35m[W3C (7ae98af1)]&amp;#27;[39m 	at io.netty.channel.AbstractChannelHandlerContext.invokeChannelRead(AbstractChannelHandlerContext.java:352)
[debug] &amp;#27;[35m[W3C (7ae98af1)]&amp;#27;[39m 	at io.netty.channel.DefaultChannelPipeline.fireChannelRead(DefaultChannelPipeline.java:911)
[debug] &amp;#27;[35m[W3C (7ae98af1)]&amp;#27;[39m 	at io.netty.channel.nio.AbstractNioByteChannel$NioByteUnsafe.read(AbstractNioByteChannel.java:131)
[debug] &amp;#27;[35m[W3C (7ae98af1)]&amp;#27;[39m 	at io.netty.channel.nio.NioEventLoop.processSelectedKey(NioEventLoop.java:611)
[debug] &amp;#27;[35m[W3C (7ae98af1)]&amp;#27;[39m 	at io.netty.channel.nio.NioEventLoop.processSelectedKeysOptimized(NioEventLoop.java:552)
[debug] &amp;#27;[35m[W3C (7ae98af1)]&amp;#27;[39m 	at io.netty.channel.nio.NioEventLoop.processSelectedKeys(NioEventLoop.java:466)
[debug] &amp;#27;[35m[W3C (7ae98af1)]&amp;#27;[39m 	at io.netty.channel.nio.NioEventLoop.run(NioEventLoop.java:438)
[debug] &amp;#27;[35m[W3C (7ae98af1)]&amp;#27;[39m 	at io.netty.util.concurrent.SingleThreadEventExecutor$2.run(SingleThreadEventExecutor.java:140)
[debug] &amp;#27;[35m[W3C (7ae98af1)]&amp;#27;[39m 	at io.netty.util.concurrent.DefaultThreadFactory$DefaultRunnableDecorator.run(DefaultThreadFactory.java:144)
[debug] &amp;#27;[35m[W3C (7ae98af1)]&amp;#27;[39m 	at java.lang.Thread.run(Thread.java:1012)
[debug] &amp;#27;[35m[W3C (7ae98af1)]&amp;#27;[39m 
&amp;#27;[35m[HTTP]&amp;#27;[39m &amp;#27;[37m&lt;-- GET /wd/hub/session/7ae98af1-f0c4-48bb-82e0-609d7d4c050b/element/00000000-0000-1bfa-ffff-ffff0000004d/displayed &amp;#27;[39m&amp;#27;[33m404&amp;#27;[39m &amp;#27;[90m2034 ms - 4023&amp;#27;[39m
&amp;#27;[35m[HTTP]&amp;#27;[39m &amp;#27;[90m&amp;#27;[39m
&amp;#27;[35m[HTTP]&amp;#27;[39m &amp;#27;[37m--&gt;&amp;#27;[39m &amp;#27;[37mPOST&amp;#27;[39m &amp;#27;[37m/wd/hub/session/7ae98af1-f0c4-48bb-82e0-609d7d4c050b/element&amp;#27;[39m
&amp;#27;[35m[HTTP]&amp;#27;[39m &amp;#27;[90m{&quot;using&quot;:&quot;id&quot;,&quot;value&quot;:&quot;com.example.android.testing.notes.mock:id/fab_add_notes&quot;}&amp;#27;[39m
[debug] &amp;#27;[35m[W3C (7ae98af1)]&amp;#27;[39m Calling AppiumDriver.findElement() with args: [&quot;id&quot;,&quot;com.example.android.testing.notes.mock:id/fab_add_notes&quot;,&quot;7ae98af1-f0c4-48bb-82e0-609d7d4c050b&quot;]
[debug] &amp;#27;[35m[BaseDriver]&amp;#27;[39m Valid locator strategies for this request: xpath, id, class name, accessibility id, css selector, -android uiautomator
[debug] &amp;#27;[35m[BaseDriver]&amp;#27;[39m Waiting up to 0 ms for condition
[debug] &amp;#27;[35m[WD Proxy]&amp;#27;[39m Matched &apos;/element&apos; to command name &apos;findElement&apos;
[debug] &amp;#27;[35m[WD Proxy]&amp;#27;[39m Proxying [POST /element] to [POST http://127.0.0.1:8200/wd/hub/session/015791bc-716d-4afa-9c1f-c27f676dbeb8/element] with body: {&quot;strategy&quot;:&quot;id&quot;,&quot;selector&quot;:&quot;com.example.android.testing.notes.mock:id/fab_add_notes&quot;,&quot;context&quot;:&quot;&quot;,&quot;multiple&quot;:false}
[debug] &amp;#27;[35m[WD Proxy]&amp;#27;[39m Got response with status 200: {&quot;sessionId&quot;:&quot;015791bc-716d-4afa-9c1f-c27f676dbeb8&quot;,&quot;value&quot;:{&quot;ELEMENT&quot;:&quot;00000000-0000-1bf8-ffff-ffff00000010&quot;,&quot;element-6066-11e4-a52e-4f735466cecf&quot;:&quot;00000000-0000-1bf8-ffff-ffff00000010&quot;}}
09:56:06.708 [AsyncHttpClient-1-2] DEBUG org.asynchttpclient.netty.handler.HttpHandler - 

Request DefaultHttpRequest(decodeResult: success, version: HTTP/1.1)
POST /wd/hub/session/7ae98af1-f0c4-48bb-82e0-609d7d4c050b/element HTTP/1.1
User-Agent: selenium/4.5.0 (java windows)
Content-Length: 94
Content-Type: application/json; charset=utf-8
host: 0.0.0.0:4723
accept: */*

Response DefaultHttpResponse(decodeResult: success, version: HTTP/1.1)
HTTP/1.1 200 OK
X-Powered-By: Express
Vary: X-HTTP-Method-Override
Content-Type: application/json; charset=utf-8
ETag: W/&quot;89-8EXTLq5cSt46Zvp9icVVG4pnWIo&quot;
Date: Fri, 02 Dec 2022 04:26:06 GMT
Connection: keep-alive
Keep-Alive: timeout=600
content-length: 137

[debug] &amp;#27;[35m[W3C (7ae98af1)]&amp;#27;[39m Responding to client09:56:06.708 [AsyncHttpClient-1-2] DEBUG org.asynchttpclient.netty.channel.ChannelManager - Adding key: http://0.0.0.0:4723 for channel [id: 0x007e0974, L:/127.0.0.1:56617 - R:/127.0.0.1:4723]
 with driver.findElement() result: {&quot;element-6066-11e4-a52e-4f735466cecf&quot;:&quot;00000000-0000-1bf8-ffff-ffff00000010&quot;,&quot;ELEMENT&quot;:&quot;00000000-0000-1bf8-ffff-ffff00000010&quot;}
&amp;#27;[35m[HTTP]&amp;#27;[39m &amp;#27;[37m&lt;-- POST /wd/hub/session/7ae98af1-f0c4-48bb-82e0-609d7d4c050b/09:56:06.709 [Forwarding isElementDisplayed on session 7ae98af1-f0c4-48bb-82e0-609d7d4c050b to remote] DEBUG org.asynchttpclient.netty.request.NettyRequestSender - Using pooled Channel &apos;[id: 0x007e0974, L:/127.0.0.1:56617 - R:/127.0.0.1:4723]&apos; for &apos;GET&apos; to &apos;http://0.0.0.0:4723/wd/hub/session/7ae98af1-f0c4-48bb-82e0-609d7d4c050b/element/00000000-0000-1bf8-ffff-ffff00000010/displayed&apos;
element &amp;#27;[39m&amp;#27;[32m20009:56:06.710 [Forwarding isElementDisplayed on session 7ae98af1-f0c4-48bb-82e0-609d7d4c050b to remote] DEBUG org.asynchttpclient.netty.request.NettyRequestSender - Using open Channel [id: 0x007e0974, L:/127.0.0.1:56617 - R:/127.0.0.1:4723] for GET &apos;/wd/hub/session/7ae98af1-f0c4-48bb-82e0-609d7d4c050b/element/00000000-0000-1bf8-ffff-ffff00000010/displayed&apos;
&amp;#27;[39m &amp;#27;[90m50 ms - 137&amp;#27;[39m
&amp;#27;[35m[HTTP]&amp;#27;[39m &amp;#27;[90m&amp;#27;[39m
&amp;#27;[35m[HTTP]&amp;#27;[39m &amp;#27;[37m--&gt;&amp;#27;[39m &amp;#27;[37mGET&amp;#27;[39m &amp;#27;[37m/wd/hub/session/7ae98af1-f0c4-48bb-82e0-609d7d4c050b/element/00000000-0000-1bf8-ffff-ffff00000010/displayed&amp;#27;[39m
&amp;#27;[35m[HTTP]&amp;#27;[39m &amp;#27;[90m{}&amp;#27;[39m
[debug] &amp;#27;[35m[W3C (7ae98af1)]&amp;#27;[39m Calling AppiumDriver.elementDisplayed() with args: [&quot;00000000-0000-1bf8-ffff-ffff00000010&quot;,&quot;7ae98af1-f0c4-48bb-82e0-609d7d4c050b&quot;]
[debug] &amp;#27;[35m[WD Proxy]&amp;#27;[39m Matched &apos;/element/00000000-0000-1bf8-ffff-ffff00000010/attribute/displayed&apos; to command name &apos;getAttribute&apos;
[debug] &amp;#27;[35m[WD Proxy]&amp;#27;[39m Proxying [GET /element/00000000-0000-1bf8-ffff-ffff00000010/attribute/displayed] to [GET http://127.0.0.1:8200/wd/hub/session/015791bc-716d-4afa-9c1f-c27f676dbeb8/element/00000000-0000-1bf8-ffff-ffff00000010/attribute/displayed] with no body
[debug] &amp;#27;[35m[WD Proxy]&amp;#27;[39m Got response with status 200: {&quot;sessionId&quot;:&quot;015791bc-716d-4afa-9c1f-c27f676dbeb8&quot;,&quot;value&quot;:&quot;true&quot;}
[debug] &amp;#27;[35m[W3C (7ae98af1)]&amp;#27;[39m Responding to client with driver.elementDisplayed() result: true
09:56:06.724 [AsyncHttpClient-1-2] DEBUG org.asynchttpclient.netty.handler.HttpHandler - 

Request DefaultFullHttpRequest(decodeResult: success, version: HTTP/1.1, content: EmptyByteBufBE)
GET /wd/hub/session/7ae98af1-f0c4-48bb-82e0-609d7d4c050b/element/00000000-0000-1bf8-ffff-ffff00000010/displayed HTTP/1.1
User-Agent: selenium/4.5.0 (java windows)
Cache-Control: no-cache
Content-Type: application/json; charset=utf-8
host: 0.0.0.0:4723
accept: */*

Response DefaultHttpResponse(decodeResult: success, version: HTTP/1.1)
HTTP/1.1 200 OK
X-Powered-By: Express
Content-Type: application/json; charset=utf-8
ETag: W/&quot;e-2ZHvAWebNQpyjGZTg6uyV8/spTo&quot;
Date: Fri, 02 Dec 2022 04:26:06 GMT
Connection: keep-alive
Keep-Alive: timeout=600
content-length: 14

&amp;#27;[35m[HTTP]09:56:06.724 [AsyncHttpClient-1-2] DEBUG org.asynchttpclient.netty.channel.ChannelManager - Adding key: http://0.0.0.0:4723 for channel [id: 0x007e0974, L:/127.0.0.1:56617 - R:/127.0.0.1:4723]
&amp;#27;[39m &amp;#27;[37m&lt;-- GET /wd/hub/session/7ae98af1-f0c4-48bb-82e0-609d7d4c050b/element/00000000-0000-1bf8-ffff-ffff00000010/displayed &amp;#27;[39m&amp;#27;[32m200&amp;#27;[39m &amp;#27;[90m13 ms - 14&amp;#27;[39m
&amp;#27;[35m[HTTP]&amp;#27;[39m &amp;#27;[90m&amp;#27;[39m
09:56:06.725 [Forwarding findElement on session 7ae98af1-f0c4-48bb-82e0-609d7d4c050b to remote] DEBUG org.asynchttpclient.netty.request.NettyRequestSender - Using pooled Channel &apos;[id: 0x007e0974, L:/127.0.0.1:56617 - R:/127.0.0.1:4723]&apos; for &apos;POST&apos; to &apos;http://0.0.0.0:4723/wd/hub/session/7ae98af1-f0c4-48bb-82e0-609d7d4c050b/element&apos;
09:56:06.725 [Forwarding findElement on session 7ae98af1-f0c4-48bb-82e0-609d7d4c050b to remote] DEBUG org.asynchttpclient.netty.request.NettyRequestSender - Using open Channel [id: 0x007e0974, L:/127.0.0.1:56617 - R:/127.0.0.1:4723] for POST &apos;/wd/hub/session/7ae98af1-f0c4-48bb-82e0-609d7d4c050b/element&apos;
&amp;#27;[35m[HTTP]&amp;#27;[39m &amp;#27;[37m--&gt;&amp;#27;[39m &amp;#27;[37mPOST&amp;#27;[39m &amp;#27;[37m/wd/hub/session/7ae98af1-f0c4-48bb-82e0-609d7d4c050b/element&amp;#27;[39m
&amp;#27;[35m[HTTP]&amp;#27;[39m &amp;#27;[90m{&quot;using&quot;:&quot;id&quot;,&quot;value&quot;:&quot;com.example.android.testing.notes.mock:id/fab_add_notes&quot;}&amp;#27;[39m
[debug] &amp;#27;[35m[W3C (7ae98af1)]&amp;#27;[39m Calling AppiumDriver.findElement() with args: [&quot;id&quot;,&quot;com.example.android.testing.notes.mock:id/fab_add_notes&quot;,&quot;7ae98af1-f0c4-48bb-82e0-609d7d4c050b&quot;]
[debug] &amp;#27;[35m[BaseDriver]&amp;#27;[39m Valid locator strategies for this request: xpath, id, class name, accessibility id, css selector, -android uiautomator
[debug] &amp;#27;[35m[BaseDriver]&amp;#27;[39m Waiting up to 0 ms for condition
[debug] &amp;#27;[35m[WD Proxy]&amp;#27;[39m Matched &apos;/element&apos; to command name &apos;findElement&apos;
[debug] &amp;#27;[35m[WD Proxy]&amp;#27;[39m Proxying [POST /element] to [POST http://127.0.0.1:8200/wd/hub/session/015791bc-716d-4afa-9c1f-c27f676dbeb8/element] with body: {&quot;strategy&quot;:&quot;id&quot;,&quot;selector&quot;:&quot;com.example.android.testing.notes.mock:id/fab_add_notes&quot;,&quot;context&quot;:&quot;&quot;,&quot;multiple&quot;:false}
[debug] &amp;#27;[35m[WD Proxy]&amp;#27;[39m Got response with status 200: {&quot;sessionId&quot;:&quot;015791bc-716d-4afa-9c1f-c27f676dbeb8&quot;,&quot;value&quot;:{&quot;ELEMENT&quot;:&quot;00000000-0000-1bf8-ffff-ffff00000010&quot;,&quot;element-6066-11e4-a52e-4f735466cecf&quot;:&quot;00000000-0000-1bf8-ffff-ffff00000010&quot;}}
[debug] &amp;#27;[35m[W3C (7ae98af1)]09:56:06.776 [AsyncHttpClient-1-2] DEBUG org.asynchttpclient.netty.handler.HttpHandler - 

Request DefaultHttpRequest(decodeResult: success, version: HTTP/1.1)
POST /wd/hub/session/7ae98af1-f0c4-48bb-82e0-609d7d4c050b/element HTTP/1.1
User-Agent: selenium/4.5.0 (java windows)
Content-Length: 94
Content-Type: application/json; charset=utf-8
host: 0.0.0.0:4723
accept: */*

Response DefaultHttpResponse(decodeResult: success, version: HTTP/1.1)
HTTP/1.1 200 OK
X-Powered-By: Express
Vary: X-HTTP-Method-Override
Content-Type: application/json; charset=utf-8
ETag: W/&quot;89-8EXTLq5cSt46Zvp9icVVG4pnWIo&quot;
Date: Fri, 02 Dec 2022 04:26:06 GMT
Connection: keep-alive
Keep-Alive: timeout=600
content-length: 137

&amp;#27;[39m Responding to clie09:56:06.776 [AsyncHttpClient-1-2] DEBUG org.asynchttpclient.netty.channel.ChannelManager - Adding key: http://0.0.0.0:4723 for channel [id: 0x007e0974, L:/127.0.0.1:56617 - R:/127.0.0.1:4723]
nt with driver.findElement() result: {&quot;element-6066-11e4-a52e-4f735466cecf&quot;:&quot;00000000-0000-1bf8-ffff-ffff00000010&quot;,&quot;ELEMENT&quot;:&quot;00000000-0000-1bf8-ffff-ffff00000010&quot;}
&amp;#27;[35m[HTTP]&amp;#27;[39m &amp;#27;[37m&lt;-- POST /wd/hub/session/7ae98af1-f0c4-48bb-82e0-609d7d4c050b09:56:06.776 [Forwarding isElementEnabled on session 7ae98af1-f0c4-48bb-82e0-609d7d4c050b to remote] DEBUG org.asynchttpclient.netty.request.NettyRequestSender - Using pooled Channel &apos;[id: 0x007e0974, L:/127.0.0.1:56617 - R:/127.0.0.1:4723]&apos; for &apos;GET&apos; to &apos;http://0.0.0.0:4723/wd/hub/session/7ae98af1-f0c4-48bb-82e0-609d7d4c050b/element/00000000-0000-1bf8-ffff-ffff00000010/enabled&apos;
/element &amp;#27;[39m&amp;#27;[32m200&amp;#27;[309:56:06.776 [Forwarding isElementEnabled on session 7ae98af1-f0c4-48bb-82e0-609d7d4c050b to remote] DEBUG org.asynchttpclient.netty.request.NettyRequestSender - Using open Channel [id: 0x007e0974, L:/127.0.0.1:56617 - R:/127.0.0.1:4723] for GET &apos;/wd/hub/session/7ae98af1-f0c4-48bb-82e0-609d7d4c050b/element/00000000-0000-1bf8-ffff-ffff00000010/enabled&apos;
9m &amp;#27;[90m49 ms - 137&amp;#27;[39m
&amp;#27;[35m[HTTP]&amp;#27;[39m &amp;#27;[90m&amp;#27;[39m
&amp;#27;[35m[HTTP]&amp;#27;[39m &amp;#27;[37m--&gt;&amp;#27;[39m &amp;#27;[37mGET&amp;#27;[39m &amp;#27;[37m/wd/hub/session/7ae98af1-f0c4-48bb-82e0-609d7d4c050b/element/00000000-0000-1bf8-ffff-ffff00000010/enabled&amp;#27;[39m
&amp;#27;[35m[HTTP]&amp;#27;[39m &amp;#27;[90m{}&amp;#27;[39m
[debug] &amp;#27;[35m[W3C (7ae98af1)]&amp;#27;[39m Calling AppiumDriver.elementEnabled() with args: [&quot;00000000-0000-1bf8-ffff-ffff00000010&quot;,&quot;7ae98af1-f0c4-48bb-82e0-609d7d4c050b&quot;]
[debug] &amp;#27;[35m[WD Proxy]&amp;#27;[39m Matched &apos;/element/00000000-0000-1bf8-ffff-ffff00000010/attribute/enabled&apos; to command name &apos;getAttribute&apos;
[debug] &amp;#27;[35m[WD Proxy]&amp;#27;[39m Proxying [GET /element/00000000-0000-1bf8-ffff-ffff00000010/attribute/enabled] to [GET http://127.0.0.1:8200/wd/hub/session/015791bc-716d-4afa-9c1f-c27f676dbeb8/element/00000000-0000-1bf8-ffff-ffff00000010/attribute/enabled] with no body
[debug] &amp;#27;[35m[WD Proxy]&amp;#27;[39m Got response with status 200: {&quot;sessionId&quot;:&quot;015791bc-716d-4afa-9c1f-c27f676dbeb8&quot;,&quot;value&quot;:&quot;true&quot;}
[debug] &amp;#27;[35m[W3C (7ae98af1)]&amp;#27;[39m Responding to client with driver.elementEnabled() result: true
09:56:06.791 [AsyncHttpClient-1-2] DEBUG org.asynchttpclient.netty.handler.HttpHandler - 

Request DefaultFullHttpRequest(decodeResult: success, version: HTTP/1.1, content: EmptyByteBufBE)
GET /wd/hub/session/7ae98af1-f0c4-48bb-82e0-609d7d4c050b/element/00000000-0000-1bf8-ffff-ffff00000010/enabled HTTP/1.1
User-Agent: selenium/4.5.0 (java windows)
Cache-Control: no-cache
Content-Type: application/json; charset=utf-8
host: 0.0.0.0:4723
accept: */*

Response DefaultHttpResponse(decodeResult: success, version: HTTP/1.1)
HTTP/1.1 200 OK
X-Powered-By: Express
Content-Type: application/json; charset=utf-8
ETag: W/&quot;e-2ZHvAWebNQpyjGZTg6uyV8/spTo&quot;
Date: Fri, 02 Dec 2022 04:26:06 GMT
Connection: keep-alive
Keep-Alive: timeout=600
content-length: 14

09:56:06.791 [AsyncHttpClient-1-2] DEBUG org.asynchttpclient.netty.channel.ChannelManager - Adding key: http://0.0.0.0:4723 for channel [id: 0x007e0974, L:/127.0.0.1:56617 - R:/127.0.0.1:4723]
&amp;#27;[35m[HTTP]&amp;#27;[39m &amp;#27;[37m&lt;-- GET /wd/hub/session/7ae98af1-f0c4-48bb-82e0-609d7d4c050b/element/00000000-0000-1bf8-ffff-ffff00000010/enabled &amp;#27;[39m&amp;#27;[32m200&amp;#27;[39m &amp;#27;[90m13 ms - 14&amp;#27;[39m
&amp;#27;[35m[HTTP]&amp;#27;[39m &amp;#27;[90m&amp;#27;[39m
09:56:06.792 [Forwarding findElement on session 7ae98af1-f0c4-48bb-82e0-609d7d4c050b to remote] DEBUG org.asynchttpclient.netty.request.NettyRequestSender - Using pooled Channel &apos;[id: 0x007e0974, L:/127.0.0.1:56617 - R:/127.0.0.1:4723]&apos; for &apos;POST&apos; to &apos;http://0.0.0.0:4723/wd/hub/session/7ae98af1-f0c4-48bb-82e0-609d7d4c050b/element&apos;
09:56:06.792 [Forwarding findElement on session 7ae98af1-f0c4-48bb-82e0-609d7d4c050b to remote] DEBUG org.asynchttpclient.netty.request.NettyRequestSender - Using open Channel [id: 0x007e0974, L:/127.0.0.1:56617 - R:/127.0.0.1:4723] for POST &apos;/wd/hub/session/7ae98af1-f0c4-48bb-82e0-609d7d4c050b/element&apos;
&amp;#27;[35m[HTTP]&amp;#27;[39m &amp;#27;[37m--&gt;&amp;#27;[39m &amp;#27;[37mPOST&amp;#27;[39m &amp;#27;[37m/wd/hub/session/7ae98af1-f0c4-48bb-82e0-609d7d4c050b/element&amp;#27;[39m
&amp;#27;[35m[HTTP]&amp;#27;[39m &amp;#27;[90m{&quot;using&quot;:&quot;id&quot;,&quot;value&quot;:&quot;com.example.android.testing.notes.mock:id/fab_add_notes&quot;}&amp;#27;[39m
[debug] &amp;#27;[35m[W3C (7ae98af1)]&amp;#27;[39m Calling AppiumDriver.findElement() with args: [&quot;id&quot;,&quot;com.example.android.testing.notes.mock:id/fab_add_notes&quot;,&quot;7ae98af1-f0c4-48bb-82e0-609d7d4c050b&quot;]
[debug] &amp;#27;[35m[BaseDriver]&amp;#27;[39m Valid locator strategies for this request: xpath, id, class name, accessibility id, css selector, -android uiautomator
[debug] &amp;#27;[35m[BaseDriver]&amp;#27;[39m Waiting up to 0 ms for condition
[debug] &amp;#27;[35m[WD Proxy]&amp;#27;[39m Matched &apos;/element&apos; to command name &apos;findElement&apos;
[debug] &amp;#27;[35m[WD Proxy]&amp;#27;[39m Proxying [POST /element] to [POST http://127.0.0.1:8200/wd/hub/session/015791bc-716d-4afa-9c1f-c27f676dbeb8/element] with body: {&quot;strategy&quot;:&quot;id&quot;,&quot;selector&quot;:&quot;com.example.android.testing.notes.mock:id/fab_add_notes&quot;,&quot;context&quot;:&quot;&quot;,&quot;multiple&quot;:false}
[debug] &amp;#27;[35m[WD Proxy]&amp;#27;[39m Got response with status 200: {&quot;sessionId&quot;:&quot;015791bc-716d-4afa-9c1f-c27f676dbeb8&quot;,&quot;value&quot;:{&quot;ELEMENT&quot;:&quot;00000000-0000-1bf8-ffff-ffff00000010&quot;,&quot;element-6066-11e4-a52e-4f735466cecf&quot;:&quot;00000000-0000-1bf8-ffff-ffff00000010&quot;}}
[debug] &amp;#27;[35m[W3C (7ae98af1)]&amp;#27;[39m Responding to client with driver.findElement() result: {&quot;element-6066-11e4-a52e-4f735466cecf&quot;:&quot;00000000-0000-1bf8-ffff-ffff00000010&quot;,&quot;ELEMENT&quot;:&quot;0000009:56:06.851 [AsyncHttpClient-1-2] DEBUG org.asynchttpclient.netty.handler.HttpHandler - 

Request DefaultHttpRequest(decodeResult: success, version: HTTP/1.1)
POST /wd/hub/session/7ae98af1-f0c4-48bb-82e0-609d7d4c050b/element HTTP/1.1
User-Agent: selenium/4.5.0 (java windows)
Content-Length: 94
Content-Type: application/json; charset=utf-8
host: 0.0.0.0:4723
accept: */*

Response DefaultHttpResponse(decodeResult: success, version: HTTP/1.1)
HTTP/1.1 200 OK
X-Powered-By: Express
Vary: X-HTTP-Method-Override
Content-Type: application/json; charset=utf-8
ETag: W/&quot;89-8EXTLq5cSt46Zvp9icVVG4pnWIo&quot;
Date: Fri, 02 Dec 2022 04:26:06 GMT
Connection: keep-alive
Keep-Alive: timeout=600
content-length: 137

000-0000-1bf8-ffff-ffff00000010&quot;}
09:56:06.851 [AsyncHttpClient-1-2] DEBUG org.asynchttpclient.netty.channel.ChannelManager - Adding key: http://0.0.0.0:4723 for channel [id: 0x007e0974, L:/127.0.0.1:56617 - R:/127.0.0.1:4723]
&amp;#27;[35m[HTTP]&amp;#27;[39m &amp;#27;[37m&lt;-- POST /wd/hub/session/7ae98af1-f0c4-48bb-82e0-609d7d4c050b/element &amp;#27;[39m&amp;#27;[32m200&amp;#27;[39m &amp;#27;[90m57 ms - 137&amp;#27;[39m
&amp;#27;[35m[HTTP]&amp;#27;[39m &amp;#27;[90m&amp;#27;[39m
09:56:06.852 [Forwarding clickElement on session 7ae98af1-f0c4-48bb-82e0-609d7d4c050b to remote] DEBUG org.asynchttpclient.netty.request.NettyRequestSender - Using pooled Channel &apos;[id: 0x007e0974, L:/127.0.0.1:56617 - R:/127.0.0.1:4723]&apos; for &apos;POST&apos; to &apos;http://0.0.0.0:4723/wd/hub/session/7ae98af1-f0c4-48bb-82e0-609d7d4c050b/element/00000000-0000-1bf8-ffff-ffff00000010/click&apos;
09:56:06.852 [Forwarding clickElement on session 7ae98af1-f0c4-48bb-82e0-609d7d4c050b to remote] DEBUG org.asynchttpclient.netty.request.NettyRequestSender - Using open Channel [id: 0x007e0974, L:/127.0.0.1:56617 - R:/127.0.0.1:4723] for POST &apos;/wd/hub/session/7ae98af1-f0c4-48bb-82e0-609d7d4c050b/element/00000000-0000-1bf8-ffff-ffff00000010/click&apos;
&amp;#27;[35m[HTTP]&amp;#27;[39m &amp;#27;[37m--&gt;&amp;#27;[39m &amp;#27;[37mPOST&amp;#27;[39m &amp;#27;[37m/wd/hub/session/7ae98af1-f0c4-48bb-82e0-609d7d4c050b/element/00000000-0000-1bf8-ffff-ffff00000010/click&amp;#27;[39m
&amp;#27;[35m[HTTP]&amp;#27;[39m &amp;#27;[90m{&quot;id&quot;:&quot;00000000-0000-1bf8-ffff-ffff00000010&quot;}&amp;#27;[39m
[debug] &amp;#27;[35m[W3C (7ae98af1)]&amp;#27;[39m Calling AppiumDriver.click() with args: [&quot;00000000-0000-1bf8-ffff-ffff00000010&quot;,&quot;7ae98af1-f0c4-48bb-82e0-609d7d4c050b&quot;]
[debug] &amp;#27;[35m[WD Proxy]&amp;#27;[39m Matched &apos;/element/00000000-0000-1bf8-ffff-ffff00000010/click&apos; to command name &apos;click&apos;
[debug] &amp;#27;[35m[WD Proxy]&amp;#27;[39m Proxying [POST /element/00000000-0000-1bf8-ffff-ffff00000010/click] to [POST http://127.0.0.1:8200/wd/hub/session/015791bc-716d-4afa-9c1f-c27f676dbeb8/element/00000000-0000-1bf8-ffff-ffff00000010/click] with body: {&quot;element&quot;:&quot;00000000-0000-1bf8-ffff-ffff00000010&quot;}
[debug] &amp;#27;[35m[WD Proxy]&amp;#27;[39m Got response with status 200: {&quot;sessionId&quot;:&quot;015791bc-716d-4afa-9c1f-c27f676dbeb8&quot;,&quot;value&quot;:null}
[debug] &amp;#27;[35m[W3C (7ae98af1)]&amp;#27;[39m Responding to client with driver.click() result: null
09:56:06.923 [AsyncHttpClient-1-2] DEBUG org.asynchttpclient.netty.handler.HttpHandler - 

Request DefaultHttpRequest(decodeResult: success, version: HTTP/1.1)
POST /wd/hub/session/7ae98af1-f0c4-48bb-82e0-609d7d4c050b/element/00000000-0000-1bf8-ffff-ffff00000010/click HTTP/1.1
User-Agent: selenium/4.5.0 (java windows)
Content-Length: 50
Content-Type: application/json; charset=utf-8
host: 0.0.0.0:4723
accept: */*

Response DefaultHttpResponse(decodeResult: success, version: HTTP/1.1)
HTTP/1.1 200 OK
X-Powered-By: Express
Vary: X-HTTP-Method-Override
Content-Type: application/json; charset=utf-8
ETag: W/&quot;e-9/1BuKMgFObM1mWJm+YjxtXJnUM&quot;
Date: Fri, 02 Dec 2022 04:26:06 GMT
Connection: keep-alive
Keep-Alive: timeout=600
content-length: 14

&amp;#27;[35m[HTTP]&amp;#27;[39m &amp;#27;[09:56:06.923 [AsyncHttpClient-1-2] DEBUG org.asynchttpclient.netty.channel.ChannelManager - Adding key: http://0.0.0.0:4723 for channel [id: 0x007e0974, L:/127.0.0.1:56617 - R:/127.0.0.1:4723]
37m&lt;-- POST /wd/hub/session/7ae98af1-f0c4-48bb-82e0-609d7d4c050b/element/00000000-0000-1bf8-ffff-ffff00000010/click &amp;#27;[39m&amp;#27;[32m200&amp;#27;[39m &amp;#27;[90m68 ms - 14&amp;#27;[39m
&amp;#27;[35m[HTTP]&amp;#27;[39m &amp;#27;[90m&amp;#27;[39m
09:56:06.924 [Forwarding findElement on session 7ae98af1-f0c4-48bb-82e0-609d7d4c050b to remote] DEBUG org.asynchttpclient.netty.request.NettyRequestSender - Using pooled Channel &apos;[id: 0x007e0974, L:/127.0.0.1:56617 - R:/127.0.0.1:4723]&apos; for &apos;POST&apos; to &apos;http://0.0.0.0:4723/wd/hub/session/7ae98af1-f0c4-48bb-82e0-609d7d4c050b/element&apos;
09:56:06.924 [Forwarding findElement on session 7ae98af1-f0c4-48bb-82e0-609d7d4c050b to remote] DEBUG org.asynchttpclient.netty.request.NettyRequestSender - Using open Channel [id: 0x007e0974, L:/127.0.0.1:56617 - R:/127.0.0.1:4723] for POST &apos;/wd/hub/session/7ae98af1-f0c4-48bb-82e0-609d7d4c050b/element&apos;
&amp;#27;[35m[HTTP]&amp;#27;[39m &amp;#27;[37m--&gt;&amp;#27;[39m &amp;#27;[37mPOST&amp;#27;[39m &amp;#27;[37m/wd/hub/session/7ae98af1-f0c4-48bb-82e0-609d7d4c050b/element&amp;#27;[39m
&amp;#27;[35m[HTTP]&amp;#27;[39m &amp;#27;[90m{&quot;using&quot;:&quot;id&quot;,&quot;value&quot;:&quot;com.example.android.testing.notes.mock:id/add_note_title&quot;}&amp;#27;[39m
[debug] &amp;#27;[35m[W3C (7ae98af1)]&amp;#27;[39m Calling AppiumDriver.findElement() with args: [&quot;id&quot;,&quot;com.example.android.testing.notes.mock:id/add_note_title&quot;,&quot;7ae98af1-f0c4-48bb-82e0-609d7d4c050b&quot;]
[debug] &amp;#27;[35m[BaseDriver]&amp;#27;[39m Valid locator strategies for this request: xpath, id, class name, accessibility id, css selector, -android uiautomator
[debug] &amp;#27;[35m[BaseDriver]&amp;#27;[39m Waiting up to 0 ms for condition
[debug] &amp;#27;[35m[WD Proxy]&amp;#27;[39m Matched &apos;/element&apos; to command name &apos;findElement&apos;
[debug] &amp;#27;[35m[WD Proxy]&amp;#27;[39m Proxying [POST /element] to [POST http://127.0.0.1:8200/wd/hub/session/015791bc-716d-4afa-9c1f-c27f676dbeb8/element] with body: {&quot;strategy&quot;:&quot;id&quot;,&quot;selector&quot;:&quot;com.example.android.testing.notes.mock:id/add_note_title&quot;,&quot;context&quot;:&quot;&quot;,&quot;multiple&quot;:false}
&amp;#27;[35m[WD Proxy]&amp;#27;[39m Got response with status 404: {&quot;sessionId&quot;:&quot;015791bc-716d-4afa-9c1f-c27f676dbeb8&quot;,&quot;value&quot;:{&quot;error&quot;:&quot;no such element&quot;,&quot;message&quot;:&quot;An element could not be located on the page using the given search parameters&quot;,&quot;stacktrace&quot;:&quot;io.appium.uiautomator2.common.exceptions.ElementNotFoundException: An element could not be located on the page using the given search parameters\n\tat io.appium.uiautomator2.handler.FindElement.safeHandle(FindElement.java:70)\n\tat io.appium.uiautomator2.handler.request.SafeRequestHandler.handle(SafeRequestHandler.java:59)\n\tat io.appium.uiautomator2.server.AppiumServlet.handleRequest(AppiumServlet.java:266)\n\tat io.appium.uiautomator09:56:07.029 [AsyncHttpClient-1-2] DEBUG org.asynchttpclient.netty.handler.HttpHandler - 

Request DefaultHttpRequest(decodeResult: success, version: HTTP/1.1)
POST /wd/hub/session/7ae98af1-f0c4-48bb-82e0-609d7d4c050b/element HTTP/1.1
User-Agent: selenium/4.5.0 (java windows)
Content-Length: 95
Content-Type: application/json; charset=utf-8
host: 0.0.0.0:4723
accept: */*

Response DefaultHttpResponse(decodeResult: success, version: HTTP/1.1)
HTTP/1.1 404 Not Found
X-Powered-By: Express
Vary: X-HTTP-Method-Override
Content-Type: application/json; charset=utf-8
ETag: W/&quot;370-dTE2jiWDUpBVgBRiqETyupcduWo&quot;
Date: Fri, 02 Dec 2022 04:26:07 GMT
Connection: keep-alive
Keep-Alive: timeout=600
content-length: 880

2.server.AppiumServlet.handleHttpRequest(A09:56:07.030 [AsyncHttpClient-1-2] DEBUG org.asynchttpclient.netty.channel.ChannelManager - Adding key: http://0.0.0.0:4723 for channel [id: 0x007e0974, L:/127.0.0.1:56617 - R:/127.0.0.1:4723]
ppiumServlet.java:260)\n\tat io.appium.uiautomator2.http.ServerHandler.channelRead(ServerHandler.java:68)\n\tat io.netty.channel.AbstractChannelHandlerContext.invokeChannelRead(AbstractChannelHandlerContext.java:366)\n\tat io.netty.channel.AbstractChannelHandlerContext.invokeChannelRead(AbstractChannelHandlerContext.java:352)\n\tat io.netty.chann...
[debug] &amp;#27;[35m[W3C]&amp;#27;[39m Matched W3C error code &apos;no such element&apos; to NoSuchElementError
[debug] &amp;#27;[35m[W3C (7ae98af1)]&amp;#27;[39m Encountered internal error running command: NoSuchElementError: An element could not be located on the page using the given search parameters.
[debug] &amp;#27;[35m[W3C (7ae98af1)]&amp;#27;[39m     at AndroidUiautomator2Driver.findElOrEls (C:\Users\manis\AppData\Roaming\npm\node_modules\appium\node_modules\appium-android-driver\lib\commands\find.js:75:11)
[debug] &amp;#27;[35m[W3C (7ae98af1)]&amp;#27;[39m     at processTicksAndRejections (node:internal/process/task_queues:95:5)
[debug] &amp;#27;[35m[W3C (7ae98af1)]&amp;#27;[39m     at AndroidUiautomator2Driver.findElOrElsWithProcessing (C:\Users\manis\AppData\Roaming\npm\node_modules\appium\node_modules\appium-base-driver\lib\basedriver\commands\find.js:33:12)
[debug] &amp;#27;[35m[W3C (7ae98af1)]&amp;#27;[39m     at AndroidUiautomator2Driver.findElement (C:\Users\manis\AppData\Roaming\npm\node_modules\appium\node_modules\appium-base-driver\lib\basedriver\commands\find.js:53:10)
&amp;#27;[35m[HTTP]&amp;#27;[39m &amp;#27;[37m&lt;-- POST /wd/hub/session/7ae98af1-f0c4-48bb-82e0-609d7d4c050b/element &amp;#27;[39m&amp;#27;[33m404&amp;#27;[39m &amp;#27;[90m103 ms - 880&amp;#27;[39m
&amp;#27;[35m[HTTP]&amp;#27;[39m &amp;#27;[90m&amp;#27;[39m
09:56:07.329 [AsyncHttpClient-1-1] DEBUG org.asynchttpclient.netty.channel.DefaultChannelPool - Entry count for : http://0.0.0.0:4723 : 1
09:56:07.542 [Forwarding findElement on session 7ae98af1-f0c4-48bb-82e0-609d7d4c050b to remote] DEBUG org.asynchttpclient.netty.request.NettyRequestSender - Using pooled Channel &apos;[id: 0x007e0974, L:/127.0.0.1:56617 - R:/127.0.0.1:4723]&apos; for &apos;POST&apos; to &apos;http://0.0.0.0:4723/wd/hub/session/7ae98af1-f0c4-48bb-82e0-609d7d4c050b/element&apos;
09:56:07.543 [Forwarding findElement on session 7ae98af1-f0c4-48bb-82e0-609d7d4c050b to remote] DEBUG org.asynchttpclient.netty.request.NettyRequestSender - Using open Channel [id: 0x007e0974, L:/127.0.0.1:56617 - R:/127.0.0.1:4723] for POST &apos;/wd/hub/session/7ae98af1-f0c4-48bb-82e0-609d7d4c050b/element&apos;
&amp;#27;[35m[HTTP]&amp;#27;[39m &amp;#27;[37m--&gt;&amp;#27;[39m &amp;#27;[37mPOST&amp;#27;[39m &amp;#27;[37m/wd/hub/session/7ae98af1-f0c4-48bb-82e0-609d7d4c050b/element&amp;#27;[39m
&amp;#27;[35m[HTTP]&amp;#27;[39m &amp;#27;[90m{&quot;using&quot;:&quot;id&quot;,&quot;value&quot;:&quot;com.example.android.testing.notes.mock:id/add_note_title&quot;}&amp;#27;[39m
[debug] &amp;#27;[35m[W3C (7ae98af1)]&amp;#27;[39m Calling AppiumDriver.findElement() with args: [&quot;id&quot;,&quot;com.example.android.testing.notes.mock:id/add_note_title&quot;,&quot;7ae98af1-f0c4-48bb-82e0-609d7d4c050b&quot;]
[debug] &amp;#27;[35m[BaseDriver]&amp;#27;[39m Valid locator strategies for this request: xpath, id, class name, accessibility id, css selector, -android uiautomator
[debug] &amp;#27;[35m[BaseDriver]&amp;#27;[39m Waiting up to 0 ms for condition
[debug] &amp;#27;[35m[WD Proxy]&amp;#27;[39m Matched &apos;/element&apos; to command name &apos;findElement&apos;
[debug] &amp;#27;[35m[WD Proxy]&amp;#27;[39m Proxying [POST /element] to [POST http://127.0.0.1:8200/wd/hub/session/015791bc-716d-4afa-9c1f-c27f676dbeb8/element] with body: {&quot;strategy&quot;:&quot;id&quot;,&quot;selector&quot;:&quot;com.example.android.testing.notes.mock:id/add_note_title&quot;,&quot;context&quot;:&quot;&quot;,&quot;multiple&quot;:false}
[debug] &amp;#27;[35m[WD Proxy]&amp;#27;[39m Got response with status 200: {&quot;sessionId&quot;:&quot;015791bc-716d-4afa-9c1f-c27f676dbeb8&quot;,&quot;value&quot;:{&quot;ELEMENT&quot;:&quot;00000000-0000-1bfb-ffff-ffff00000069&quot;,&quot;element-6009:56:08.110 [AsyncHttpClient-1-2] DEBUG org.asynchttpclient.netty.handler.HttpHandler - 

Request DefaultHttpRequest(decodeResult: success, version: HTTP/1.1)
POST /wd/hub/session/7ae98af1-f0c4-48bb-82e0-609d7d4c050b/element HTTP/1.1
User-Agent: selenium/4.5.0 (java windows)
Content-Length: 95
Content-Type: application/json; charset=utf-8
host: 0.0.0.0:4723
accept: */*

Response DefaultHttpResponse(decodeResult: success, version: HTTP/1.1)
HTTP/1.1 200 OK
X-Powered-By: Express
Vary: X-HTTP-Method-Override
Content-Type: application/json; charset=utf-8
ETag: W/&quot;89-THZ5mOfp7fmYJi1h/ibKz204Euc&quot;
Date: Fri, 02 Dec 2022 04:26:08 GMT
Connection: keep-alive
Keep-Alive: timeout=600
content-length: 137

66-11e4-a52e-4f735466cecf09:56:08.110 [AsyncHttpClient-1-2] DEBUG org.asynchttpclient.netty.channel.ChannelManager - Adding key: http://0.0.0.0:4723 for channel [id: 0x007e0974, L:/127.0.0.1:56617 - R:/127.0.0.1:4723]
&quot;:&quot;00000000-0000-1bfb-ffff-ffff00000069&quot;}}
[debug] &amp;#27;[35m[W3C (7ae98af1)]&amp;#27;[39m Responding to client with driver.findElement() result: {&quot;element-6066-11e4-a52e-4f735409:56:08.112 [Forwarding isElementDisplayed on session 7ae98af1-f0c4-48bb-82e0-609d7d4c050b to remote] DEBUG org.asynchttpclient.netty.request.NettyRequestSender - Using pooled Channel &apos;[id: 0x007e0974, L:/127.0.0.1:56617 - R:/127.0.0.1:4723]&apos; for &apos;GET&apos; to &apos;http://0.0.0.0:4723/wd/hub/session/7ae98af1-f0c4-48bb-82e0-609d7d4c050b/element/00000000-0000-1bfb-ffff-ffff00000069/displayed&apos;
66cecf&quot;:&quot;00000000-0000-1bfb-ffff-ffff00000069&quot;,&quot;ELEMENT&quot;:&quot;09:56:08.112 [Forwarding isElementDisplayed on session 7ae98af1-f0c4-48bb-82e0-609d7d4c050b to remote] DEBUG org.asynchttpclient.netty.request.NettyRequestSender - Using open Channel [id: 0x007e0974, L:/127.0.0.1:56617 - R:/127.0.0.1:4723] for GET &apos;/wd/hub/session/7ae98af1-f0c4-48bb-82e0-609d7d4c050b/element/00000000-0000-1bfb-ffff-ffff00000069/displayed&apos;
00000000-0000-1bfb-ffff-ffff00000069&quot;}
&amp;#27;[35m[HTTP]&amp;#27;[39m &amp;#27;[37m&lt;-- POST /wd/hub/session/7ae98af1-f0c4-48bb-82e0-609d7d4c050b/element &amp;#27;[39m&amp;#27;[32m200&amp;#27;[39m &amp;#27;[90m564 ms - 137&amp;#27;[39m
&amp;#27;[35m[HTTP]&amp;#27;[39m &amp;#27;[90m&amp;#27;[39m
&amp;#27;[35m[HTTP]&amp;#27;[39m &amp;#27;[37m--&gt;&amp;#27;[39m &amp;#27;[37mGET&amp;#27;[39m &amp;#27;[37m/wd/hub/session/7ae98af1-f0c4-48bb-82e0-609d7d4c050b/element/00000000-0000-1bfb-ffff-ffff00000069/displayed&amp;#27;[39m
&amp;#27;[35m[HTTP]&amp;#27;[39m &amp;#27;[90m{}&amp;#27;[39m
[debug] &amp;#27;[35m[W3C (7ae98af1)]&amp;#27;[39m Calling AppiumDriver.elementDisplayed() with args: [&quot;00000000-0000-1bfb-ffff-ffff00000069&quot;,&quot;7ae98af1-f0c4-48bb-82e0-609d7d4c050b&quot;]
[debug] &amp;#27;[35m[WD Proxy]&amp;#27;[39m Matched &apos;/element/00000000-0000-1bfb-ffff-ffff00000069/attribute/displayed&apos; to command name &apos;getAttribute&apos;
[debug] &amp;#27;[35m[WD Proxy]&amp;#27;[39m Proxying [GET /element/00000000-0000-1bfb-ffff-ffff00000069/attribute/displayed] to [GET http://127.0.0.1:8200/wd/hub/session/015791bc-716d-4afa-9c1f-c27f676dbeb8/element/00000000-0000-1bfb-ffff-ffff00000069/attribute/displayed] with no body
[debug] &amp;#27;[35m[WD Proxy]&amp;#27;[39m Got response with status 200: {&quot;sessionId&quot;:&quot;015791bc-716d-4afa-9c1f-c27f676dbeb8&quot;,&quot;value&quot;:&quot;true&quot;}
[debug] &amp;#27;[35m[W3C (7ae98af1)]&amp;#27;[39m Responding to client with driver.elementDisplayed() result: true
09:56:08.135 [AsyncHttpClient-1-2] DEBUG org.asynchttpclient.netty.handler.HttpHandler - 

Request DefaultFullHttpRequest(decodeResult: success, version: HTTP/1.1, content: EmptyByteBufBE)
GET /wd/hub/session/7ae98af1-f0c4-48bb-82e0-609d7d4c050b/element/00000000-0000-1bfb-ffff-ffff00000069/displayed HTTP/1.1
User-Agent: selenium/4.5.0 (java windows)
Cache-Control: no-cache
Content-Type: application/json; charset=utf-8
host: 0.0.0.0:4723
accept: */*

Response DefaultHttpResponse(decodeResult: success, version: HTTP/1.1)
HTTP/1.1 200 OK
X-Powered-By: Express
Content-Type: application/json; charset=utf-8
ETag: W/&quot;e-2ZHvAWebNQpyjGZTg6uyV8/spTo&quot;
Date: Fri, 02 Dec 2022 04:26:08 GMT
Connection: keep-alive
Keep-Alive: timeout=600
content-length: 14

&amp;#27;[35m[HTTP]&amp;#27;[39m &amp;#27;09:56:08.135 [AsyncHttpClient-1-2] DEBUG org.asynchttpclient.netty.channel.ChannelManager - Adding key: http://0.0.0.0:4723 for channel [id: 0x007e0974, L:/127.0.0.1:56617 - R:/127.0.0.1:4723]
[37m&lt;-- GET /wd/hub/session/7ae98af1-f0c4-48bb-82e0-609d7d4c050b/element/00000000-0000-1bfb-ffff-ffff00000069/displayed &amp;#27;[39m&amp;#27;[32m200&amp;#27;[39m &amp;#27;[90m21 ms - 14&amp;#27;[39m
&amp;#27;[35m[HTTP]&amp;#27;[39m &amp;#27;[90m&amp;#27;[39m
09:56:08.137 [Forwarding findElement on session 7ae98af1-f0c4-48bb-82e0-609d7d4c050b to remote] DEBUG org.asynchttpclient.netty.request.NettyRequestSender - Using pooled Channel &apos;[id: 0x007e0974, L:/127.0.0.1:56617 - R:/127.0.0.1:4723]&apos; for &apos;POST&apos; to &apos;http://0.0.0.0:4723/wd/hub/session/7ae98af1-f0c4-48bb-82e0-609d7d4c050b/element&apos;
09:56:08.137 [Forwarding findElement on session 7ae98af1-f0c4-48bb-82e0-609d7d4c050b to remote] DEBUG org.asynchttpclient.netty.request.NettyRequestSender - Using open Channel [id: 0x007e0974, L:/127.0.0.1:56617 - R:/127.0.0.1:4723] for POST &apos;/wd/hub/session/7ae98af1-f0c4-48bb-82e0-609d7d4c050b/element&apos;
&amp;#27;[35m[HTTP]&amp;#27;[39m &amp;#27;[37m--&gt;&amp;#27;[39m &amp;#27;[37mPOST&amp;#27;[39m &amp;#27;[37m/wd/hub/session/7ae98af1-f0c4-48bb-82e0-609d7d4c050b/element&amp;#27;[39m
&amp;#27;[35m[HTTP]&amp;#27;[39m &amp;#27;[90m{&quot;using&quot;:&quot;id&quot;,&quot;value&quot;:&quot;com.example.android.testing.notes.mock:id/add_note_title&quot;}&amp;#27;[39m
[debug] &amp;#27;[35m[W3C (7ae98af1)]&amp;#27;[39m Calling AppiumDriver.findElement() with args: [&quot;id&quot;,&quot;com.example.android.testing.notes.mock:id/add_note_title&quot;,&quot;7ae98af1-f0c4-48bb-82e0-609d7d4c050b&quot;]
[debug] &amp;#27;[35m[BaseDriver]&amp;#27;[39m Valid locator strategies for this request: xpath, id, class name, accessibility id, css selector, -android uiautomator
[debug] &amp;#27;[35m[BaseDriver]&amp;#27;[39m Waiting up to 0 ms for condition
[debug] &amp;#27;[35m[WD Proxy]&amp;#27;[39m Matched &apos;/element&apos; to command name &apos;findElement&apos;
[debug] &amp;#27;[35m[WD Proxy]&amp;#27;[39m Proxying [POST /element] to [POST http://127.0.0.1:8200/wd/hub/session/015791bc-716d-4afa-9c1f-c27f676dbeb8/element] with body: {&quot;strategy&quot;:&quot;id&quot;,&quot;selector&quot;:&quot;com.example.android.testing.notes.mock:id/add_note_title&quot;,&quot;context&quot;:&quot;&quot;,&quot;multiple&quot;:false}
[debug] &amp;#27;[35m[WD Proxy]&amp;#27;[39m Got response with status 200: {&quot;sessionId&quot;:&quot;015791bc-716d-4afa-9c1f-c27f676dbeb8&quot;,&quot;value&quot;:{&quot;ELEMENT&quot;:&quot;00000000-0000-1bfb-ffff-ffff00000069&quot;,&quot;element-6066-11e4-a52e-4f735466cecf&quot;:&quot;00000000-0000-1bfb-ffff-ffff00000069&quot;}}
[debug] &amp;#27;[35m[W09:56:08.182 [AsyncHttpClient-1-2] DEBUG org.asynchttpclient.netty.handler.HttpHandler - 

Request DefaultHttpRequest(decodeResult: success, version: HTTP/1.1)
POST /wd/hub/session/7ae98af1-f0c4-48bb-82e0-609d7d4c050b/element HTTP/1.1
User-Agent: selenium/4.5.0 (java windows)
Content-Length: 95
Content-Type: application/json; charset=utf-8
host: 0.0.0.0:4723
accept: */*

Response DefaultHttpResponse(decodeResult: success, version: HTTP/1.1)
HTTP/1.1 200 OK
X-Powered-By: Express
Vary: X-HTTP-Method-Override
Content-Type: application/json; charset=utf-8
ETag: W/&quot;89-THZ5mOfp7fmYJi1h/ibKz204Euc&quot;
Date: Fri, 02 Dec 2022 04:26:08 GMT
Connection: keep-alive
Keep-Alive: timeout=600
content-length: 137

3C (7ae98af1)]&amp;#27;[39m Responding to client with driver.findElement() result09:56:08.182 [AsyncHttpClient-1-2] DEBUG org.asynchttpclient.netty.channel.ChannelManager - Adding key: http://0.0.0.0:4723 for channel [id: 0x007e0974, L:/127.0.0.1:56617 - R:/127.0.0.1:4723]
: {&quot;element-6066-11e4-a52e-4f735466cecf&quot;:&quot;00000000-0000-1bfb-ffff-ffff00000069&quot;,&quot;ELEMENT&quot;:&quot;00000000-0000-1bfb-ffff-ffff00000069&quot;}
&amp;#27;[35m[HTTP]&amp;#27;[39m &amp;#27;[37m&lt;-- POST /wd/hub/session/7ae98af1-f0c4-48bb-82e0-609d7d4c050b/element &amp;#27;[39m&amp;#27;[32m200&amp;#27;[39m &amp;#27;[90m44 ms - 137&amp;#27;[39m
&amp;#27;[35m[HTTP]&amp;#27;[39m &amp;#27;[90m&amp;#27;[39m
09:56:08.184 [Forwarding sendKeysToElement on session 7ae98af1-f0c4-48bb-82e0-609d7d4c050b to remote] DEBUG org.asynchttpclient.netty.request.NettyRequestSender - Using pooled Channel &apos;[id: 0x007e0974, L:/127.0.0.1:56617 - R:/127.0.0.1:4723]&apos; for &apos;POST&apos; to &apos;http://0.0.0.0:4723/wd/hub/session/7ae98af1-f0c4-48bb-82e0-609d7d4c050b/element/00000000-0000-1bfb-ffff-ffff00000069/value&apos;
09:56:08.184 [Forwarding sendKeysToElement on session 7ae98af1-f0c4-48bb-82e0-609d7d4c050b to remote] DEBUG org.asynchttpclient.netty.request.NettyRequestSender - Using open Channel [id: 0x007e0974, L:/127.0.0.1:56617 - R:/127.0.0.1:4723] for POST &apos;/wd/hub/session/7ae98af1-f0c4-48bb-82e0-609d7d4c050b/element/00000000-0000-1bfb-ffff-ffff00000069/value&apos;
&amp;#27;[35m[HTTP]&amp;#27;[39m &amp;#27;[37m--&gt;&amp;#27;[39m &amp;#27;[37mPOST&amp;#27;[39m &amp;#27;[37m/wd/hub/session/7ae98af1-f0c4-48bb-82e0-609d7d4c050b/element/00000000-0000-1bfb-ffff-ffff00000069/value&amp;#27;[39m
&amp;#27;[35m[HTTP]&amp;#27;[39m &amp;#27;[90m{&quot;id&quot;:&quot;00000000-0000-1bfb-ffff-ffff00000069&quot;,&quot;text&quot;:&quot;&quot;,&quot;value&quot;:[]}&amp;#27;[39m
[debug] &amp;#27;[35m[W3C (7ae98af1)]&amp;#27;[39m Calling AppiumDriver.setValue() with args: [[],&quot;00000000-0000-1bfb-ffff-ffff00000069&quot;,&quot;7ae98af1-f0c4-48bb-82e0-609d7d4c050b&quot;]
[debug] &amp;#27;[35m[WD Proxy]&amp;#27;[39m Matched &apos;/element/00000000-0000-1bfb-ffff-ffff00000069/value&apos; to command name &apos;setValue&apos;
[debug] &amp;#27;[35m[Protocol Converter]&amp;#27;[39m Added &apos;value&apos; property [] to &apos;setValue&apos; request body
[debug] &amp;#27;[35m[WD Proxy]&amp;#27;[39m Proxying [POST /element/00000000-0000-1bfb-ffff-ffff00000069/value] to [POST http://127.0.0.1:8200/wd/hub/session/015791bc-716d-4afa-9c1f-c27f676dbeb8/element/00000000-0000-1bfb-ffff-ffff00000069/value] with body: {&quot;elementId&quot;:&quot;00000000-0000-1bfb-ffff-ffff00000069&quot;,&quot;text&quot;:&quot;&quot;,&quot;replace&quot;:false,&quot;value&quot;:[]}
[debug] &amp;#27;[35m[WD Proxy]&amp;#27;[39m Got response with status 200: {&quot;sessionId&quot;:&quot;015791bc-716d-4afa-9c1f-c27f676dbeb8&quot;,&quot;value&quot;:null}
[debug] &amp;#27;[35m[W3C (7ae98af1)]&amp;#27;[39m Responding to client with driver.setValue() result: null
09:56:08.263 [AsyncHttpClient-1-2] DEBUG org.asynchttpclient.netty.handler.HttpHandler - 

Request DefaultHttpRequest(decodeResult: success, version: HTTP/1.1)
POST /wd/hub/session/7ae98af1-f0c4-48bb-82e0-609d7d4c050b/element/00000000-0000-1bfb-ffff-ffff00000069/value HTTP/1.1
User-Agent: selenium/4.5.0 (java windows)
Content-Length: 82
Content-Type: application/json; charset=utf-8
host: 0.0.0.0:4723
accept: */*

Response DefaultHttpResponse(decodeResult: success, version: HTTP/1.1)
HTTP/1.1 200 OK
X-Powered-By: Express
Vary: X-HTTP-Method-Override
Content-Type: application/json; charset=utf-8
ETag: W/&quot;e-9/1BuKMgFObM1mWJm+YjxtXJnUM&quot;
Date: Fri, 02 Dec 2022 04:26:08 GMT
Connection: keep-alive
Keep-Alive: timeout=600
content-length: 14

09:56:08.264 [AsyncHttpClient-1-2] DEBUG org.asynchttpclient.netty.channel.ChannelManager - Adding key: http://0.0.0.0:4723 for channel [id: 0x007e0974, L:/127.0.0.1:56617 - R:/127.0.0.1:4723]
&amp;#27;[35m[HTTP]&amp;#27;[39m &amp;#27;[37m&lt;-- POST /wd/hub/session/7ae98af1-f0c4-48bb-82e0-609d7d4c050b/element/00000000-0000-1bfb-ffff-ffff00000069/value &amp;#27;[39m&amp;#27;[32m200&amp;#27;[39m &amp;#27;[90m79 ms - 14&amp;#27;[39m
&amp;#27;[35m[HTTP]&amp;#27;[39m &amp;#27;[90m&amp;#27;[39m
09:56:08.265 [Forwarding findElement on session 7ae98af1-f0c4-48bb-82e0-609d7d4c050b to remote] DEBUG org.asynchttpclient.netty.request.NettyRequestSender - Using pooled Channel &apos;[id: 0x007e0974, L:/127.0.0.1:56617 - R:/127.0.0.1:4723]&apos; for &apos;POST&apos; to &apos;http://0.0.0.0:4723/wd/hub/session/7ae98af1-f0c4-48bb-82e0-609d7d4c050b/element&apos;
09:56:08.265 [Forwarding findElement on session 7ae98af1-f0c4-48bb-82e0-609d7d4c050b to remote] DEBUG org.asynchttpclient.netty.request.NettyRequestSender - Using open Channel [id: 0x007e0974, L:/127.0.0.1:56617 - R:/127.0.0.1:4723] for POST &apos;/wd/hub/session/7ae98af1-f0c4-48bb-82e0-609d7d4c050b/element&apos;
&amp;#27;[35m[HTTP]&amp;#27;[39m &amp;#27;[37m--&gt;&amp;#27;[39m &amp;#27;[37mPOST&amp;#27;[39m &amp;#27;[37m/wd/hub/session/7ae98af1-f0c4-48bb-82e0-609d7d4c050b/element&amp;#27;[39m
&amp;#27;[35m[HTTP]&amp;#27;[39m &amp;#27;[90m{&quot;using&quot;:&quot;id&quot;,&quot;value&quot;:&quot;com.example.android.testing.notes.mock:id/add_note_title&quot;}&amp;#27;[39m
[debug] &amp;#27;[35m[W3C (7ae98af1)]&amp;#27;[39m Calling AppiumDriver.findElement() with args: [&quot;id&quot;,&quot;com.example.android.testing.notes.mock:id/add_note_title&quot;,&quot;7ae98af1-f0c4-48bb-82e0-609d7d4c050b&quot;]
[debug] &amp;#27;[35m[BaseDriver]&amp;#27;[39m Valid locator strategies for this request: xpath, id, class name, accessibility id, css selector, -android uiautomator
[debug] &amp;#27;[35m[BaseDriver]&amp;#27;[39m Waiting up to 0 ms for condition
[debug] &amp;#27;[35m[WD Proxy]&amp;#27;[39m Matched &apos;/element&apos; to command name &apos;findElement&apos;
[debug] &amp;#27;[35m[WD Proxy]&amp;#27;[39m Proxying [POST /element] to [POST http://127.0.0.1:8200/wd/hub/session/015791bc-716d-4afa-9c1f-c27f676dbeb8/element] with body: {&quot;strategy&quot;:&quot;id&quot;,&quot;selector&quot;:&quot;com.example.android.testing.notes.mock:id/add_note_title&quot;,&quot;context&quot;:&quot;&quot;,&quot;multiple&quot;:false}
[debug] &amp;#27;[35m[WD Proxy]&amp;#27;[39m Got response with status 200: {&quot;sessionId&quot;:&quot;015791bc-716d-4afa-9c1f-c27f676dbeb8&quot;,&quot;value&quot;:{&quot;ELEMENT&quot;:&quot;00000000-0000-1bfb-ffff-ffff00000069&quot;,&quot;element-6066-11e4-a52e-4f735466cecf&quot;:&quot;00000000-0000-1bfb-ffff-ffff00000069&quot;}}
[debug] &amp;#27;[35m[W3C (7ae98af1)]&amp;#27;[39m Responding to client with driver.findElement() result: {&quot;element-6066-11e4-a52e-4f735466cecf&quot;:&quot;00000000-0000-1b09:56:08.881 [AsyncHttpClient-1-2] DEBUG org.asynchttpclient.netty.handler.HttpHandler - 

Request DefaultHttpRequest(decodeResult: success, version: HTTP/1.1)
POST /wd/hub/session/7ae98af1-f0c4-48bb-82e0-609d7d4c050b/element HTTP/1.1
User-Agent: selenium/4.5.0 (java windows)
Content-Length: 95
Content-Type: application/json; charset=utf-8
host: 0.0.0.0:4723
accept: */*

Response DefaultHttpResponse(decodeResult: success, version: HTTP/1.1)
HTTP/1.1 200 OK
X-Powered-By: Express
Vary: X-HTTP-Method-Override
Content-Type: application/json; charset=utf-8
ETag: W/&quot;89-THZ5mOfp7fmYJi1h/ibKz204Euc&quot;
Date: Fri, 02 Dec 2022 04:26:08 GMT
Connection: keep-alive
Keep-Alive: timeout=600
content-length: 137

fb-ffff-ffff00000069&quot;,&quot;ELEMENT&quot;:&quot;00000000-0000-1bfb-ffff-ffff00000069&quot;}
09:56:08.882 [AsyncHttpClient-1-2] DEBUG org.asynchttpclient.netty.channel.ChannelManager - Adding key: http://0.0.0.0:4723 for channel [id: 0x007e0974, L:/127.0.0.1:56617 - R:/127.0.0.1:4723]
&amp;#27;[35m[HTTP]&amp;#27;[39m &amp;#27;[37m&lt;-- POST /wd/hub/session/7ae98af1-f0c4-48bb-82e0-609d7d4c050b/element &amp;#27;[39m&amp;#27;[32m200&amp;#27;[39m &amp;#27;[90m615 ms - 137&amp;#27;[39m
&amp;#27;[35m[HTTP]&amp;#27;[39m &amp;#27;[90m&amp;#27;[39m
09:56:08.883 [Forwarding sendKeysToElement on session 7ae98af1-f0c4-48bb-82e0-609d7d4c050b to remote] DEBUG org.asynchttpclient.netty.request.NettyRequestSender - Using pooled Channel &apos;[id: 0x007e0974, L:/127.0.0.1:56617 - R:/127.0.0.1:4723]&apos; for &apos;POST&apos; to &apos;http://0.0.0.0:4723/wd/hub/session/7ae98af1-f0c4-48bb-82e0-609d7d4c050b/element/00000000-0000-1bfb-ffff-ffff00000069/value&apos;
09:56:08.883 [Forwarding sendKeysToElement on session 7ae98af1-f0c4-48bb-82e0-609d7d4c050b to remote] DEBUG org.asynchttpclient.netty.request.NettyRequestSender - Using open Channel [id: 0x007e0974, L:/127.0.0.1:56617 - R:/127.0.0.1:4723] for POST &apos;/wd/hub/session/7ae98af1-f0c4-48bb-82e0-609d7d4c050b/element/00000000-0000-1bfb-ffff-ffff00000069/value&apos;
&amp;#27;[35m[HTTP]&amp;#27;[39m &amp;#27;[37m--&gt;&amp;#27;[39m &amp;#27;[37mPOST&amp;#27;[39m &amp;#27;[37m/wd/hub/session/7ae98af1-f0c4-48bb-82e0-609d7d4c050b/element/00000000-0000-1bfb-ffff-ffff00000069/value&amp;#27;[39m
&amp;#27;[35m[HTTP]&amp;#27;[39m &amp;#27;[90m{&quot;id&quot;:&quot;00000000-0000-1bfb-ffff-ffff00000069&quot;,&quot;text&quot;:&quot;Planets&quot;,&quot;value&quot;:[&quot;P&quot;,&quot;l&quot;,&quot;a&quot;,&quot;n&quot;,&quot;e&quot;,&quot;t&quot;,&quot;s&quot;]}&amp;#27;[39m
[debug] &amp;#27;[35m[W3C (7ae98af1)]&amp;#27;[39m Calling AppiumDriver.setValue() with args: [[&quot;P&quot;,&quot;l&quot;,&quot;a&quot;,&quot;n&quot;,&quot;e&quot;,&quot;t&quot;,&quot;s&quot;],&quot;00000000-0000-1bfb-ffff-ffff00000069&quot;,&quot;7ae98af1-f0c4-48bb-82e0-609d7d4c050b&quot;]
[debug] &amp;#27;[35m[WD Proxy]&amp;#27;[39m Matched &apos;/element/00000000-0000-1bfb-ffff-ffff00000069/value&apos; to command name &apos;setValue&apos;
[debug] &amp;#27;[35m[Protocol Converter]&amp;#27;[39m Added &apos;value&apos; property [&quot;P&quot;,&quot;l&quot;,&quot;a&quot;,&quot;n&quot;,&quot;e&quot;,&quot;t&quot;,&quot;s&quot;] to &apos;setValue&apos; request body
[debug] &amp;#27;[35m[WD Proxy]&amp;#27;[39m Proxying [POST /element/00000000-0000-1bfb-ffff-ffff00000069/value] to [POST http://127.0.0.1:8200/wd/hub/session/015791bc-716d-4afa-9c1f-c27f676dbeb8/element/00000000-0000-1bfb-ffff-ffff00000069/value] with body: {&quot;elementId&quot;:&quot;00000000-0000-1bfb-ffff-ffff00000069&quot;,&quot;text&quot;:&quot;Planets&quot;,&quot;replace&quot;:false,&quot;value&quot;:[&quot;P&quot;,&quot;l&quot;,&quot;a&quot;,&quot;n&quot;,&quot;e&quot;,&quot;t&quot;,&quot;s&quot;]}
[debug] &amp;#27;[35m[WD Proxy]&amp;#27;[39m Got response with status 200: {&quot;sessionId&quot;:&quot;015791bc-716d-4afa-9c1f-c27f676dbeb8&quot;,&quot;value&quot;:null}
[debug] &amp;#27;[35m[W3C (7ae98af1)]&amp;#27;[39m Responding to client w09:56:09.573 [AsyncHttpClient-1-2] DEBUG org.asynchttpclient.netty.handler.HttpHandler - 

Request DefaultHttpRequest(decodeResult: success, version: HTTP/1.1)
POST /wd/hub/session/7ae98af1-f0c4-48bb-82e0-609d7d4c050b/element/00000000-0000-1bfb-ffff-ffff00000069/value HTTP/1.1
User-Agent: selenium/4.5.0 (java windows)
Content-Length: 151
Content-Type: application/json; charset=utf-8
host: 0.0.0.0:4723
accept: */*

Response DefaultHttpResponse(decodeResult: success, version: HTTP/1.1)
HTTP/1.1 200 OK
X-Powered-By: Express
Vary: X-HTTP-Method-Override
Content-Type: application/json; charset=utf-8
ETag: W/&quot;e-9/1BuKMgFObM1mWJm+YjxtXJnUM&quot;
Date: Fri, 02 Dec 2022 04:26:09 GMT
Connection: keep-alive
Keep-Alive: timeout=600
content-length: 14

ith driver.setValue() result: null
09:56:09.574 [AsyncHttpClient-1-2] DEBUG org.asynchttpclient.netty.channel.ChannelManager - Adding key: http://0.0.0.0:4723 for channel [id: 0x007e0974, L:/127.0.0.1:56617 - R:/127.0.0.1:4723]
&amp;#27;[35m[HTTP]&amp;#27;[39m &amp;#27;[37m&lt;-- POST /wd/hub/session/7ae98af1-f0c4-48bb-82e0-609d7d4c050b/element/00000000-0000-1bfb-ffff-ffff00000069/value &amp;#27;[39m&amp;#27;[32m200&amp;#27;[39m &amp;#27;[90m688 ms - 14&amp;#27;[39m
&amp;#27;[35m[HTTP]&amp;#27;[39m &amp;#27;[09:56:09.575 [Forwarding findElement on session 7ae98af1-f0c4-48bb-82e0-609d7d4c050b to remote] DEBUG org.asynchttpclient.netty.request.NettyRequestSender - Using pooled Channel &apos;[id: 0x007e0974, L:/127.0.0.1:56617 - R:/127.0.0.1:4723]&apos; for &apos;POST&apos; to &apos;http://0.0.0.0:4723/wd/hub/session/7ae98af1-f0c4-48bb-82e0-609d7d4c050b/element&apos;
90m&amp;#27;[39m
09:56:09.576 [Forwarding findElement on session 7ae98af1-f0c4-48bb-82e0-609d7d4c050b to remote] DEBUG org.asynchttpclient.netty.request.NettyRequestSender - Using open Channel [id: 0x007e0974, L:/127.0.0.1:56617 - R:/127.0.0.1:4723] for POST &apos;/wd/hub/session/7ae98af1-f0c4-48bb-82e0-609d7d4c050b/element&apos;
&amp;#27;[35m[HTTP]&amp;#27;[39m &amp;#27;[37m--&gt;&amp;#27;[39m &amp;#27;[37mPOST&amp;#27;[39m &amp;#27;[37m/wd/hub/session/7ae98af1-f0c4-48bb-82e0-609d7d4c050b/element&amp;#27;[39m
&amp;#27;[35m[HTTP]&amp;#27;[39m &amp;#27;[90m{&quot;using&quot;:&quot;id&quot;,&quot;value&quot;:&quot;com.example.android.testing.notes.mock:id/add_note_description&quot;}&amp;#27;[39m
[debug] &amp;#27;[35m[W3C (7ae98af1)]&amp;#27;[39m Calling AppiumDriver.findElement() with args: [&quot;id&quot;,&quot;com.example.android.testing.notes.mock:id/add_note_description&quot;,&quot;7ae98af1-f0c4-48bb-82e0-609d7d4c050b&quot;]
[debug] &amp;#27;[35m[BaseDriver]&amp;#27;[39m Valid locator strategies for this request: xpath, id, class name, accessibility id, css selector, -android uiautomator
[debug] &amp;#27;[35m[BaseDriver]&amp;#27;[39m Waiting up to 0 ms for condition
[debug] &amp;#27;[35m[WD Proxy]&amp;#27;[39m Matched &apos;/element&apos; to command name &apos;findElement&apos;
[debug] &amp;#27;[35m[WD Proxy]&amp;#27;[39m Proxying [POST /element] to [POST http://127.0.0.1:8200/wd/hub/session/015791bc-716d-4afa-9c1f-c27f676dbeb8/element] with body: {&quot;strategy&quot;:&quot;id&quot;,&quot;selector&quot;:&quot;com.example.android.testing.notes.mock:id/add_note_description&quot;,&quot;context&quot;:&quot;&quot;,&quot;multiple&quot;:false}
[debug] &amp;#27;[35m[WD Proxy]&amp;#27;[39m Got response with status 200: {&quot;sessionId&quot;:&quot;015791bc-716d-4afa-9c1f-c27f676dbeb8&quot;,&quot;value&quot;:{&quot;ELEMENT&quot;:&quot;00000000-0000-1bfb-ffff-ffff0000006a&quot;,&quot;element-6066-11e4-a52e-409:56:10.446 [AsyncHttpClient-1-2] DEBUG org.asynchttpclient.netty.handler.HttpHandler - 

Request DefaultHttpRequest(decodeResult: success, version: HTTP/1.1)
POST /wd/hub/session/7ae98af1-f0c4-48bb-82e0-609d7d4c050b/element HTTP/1.1
User-Agent: selenium/4.5.0 (java windows)
Content-Length: 101
Content-Type: application/json; charset=utf-8
host: 0.0.0.0:4723
accept: */*

Response DefaultHttpResponse(decodeResult: success, version: HTTP/1.1)
HTTP/1.1 200 OK
X-Powered-By: Express
Vary: X-HTTP-Method-Override
Content-Type: application/json; charset=utf-8
ETag: W/&quot;89-AmmRTtpWbof6Mmese/A3Ir9p1H8&quot;
Date: Fri, 02 Dec 2022 04:26:10 GMT
Connection: keep-alive
Keep-Alive: timeout=600
content-length: 137

f735466cecf&quot;:&quot;00000000-0009:56:10.447 [AsyncHttpClient-1-2] DEBUG org.asynchttpclient.netty.channel.ChannelManager - Adding key: http://0.0.0.0:4723 for channel [id: 0x007e0974, L:/127.0.0.1:56617 - R:/127.0.0.1:4723]
00-1bfb-ffff-ffff0000006a&quot;}}
[debug] &amp;#27;[35m[W3C (7ae98af1)]&amp;#27;[39m Responding to client with driver.findElement() result: {&quot;element-6066-11e4-a52e-4f735466cecf&quot;:&quot;00000000-0000-1bfb-ffff-ffff0000006a&quot;,&quot;ELEMEN09:56:10.448 [Forwarding isElementDisplayed on session 7ae98af1-f0c4-48bb-82e0-609d7d4c050b to remote] DEBUG org.asynchttpclient.netty.request.NettyRequestSender - Using pooled Channel &apos;[id: 0x007e0974, L:/127.0.0.1:56617 - R:/127.0.0.1:4723]&apos; for &apos;GET&apos; to &apos;http://0.0.0.0:4723/wd/hub/session/7ae98af1-f0c4-48bb-82e0-609d7d4c050b/element/00000000-0000-1bfb-ffff-ffff0000006a/displayed&apos;
T&quot;:&quot;00000000-0000-1bfb-ffff-ffff0000006a&quot;}
&amp;#27;[35m[HTTP]09:56:10.449 [Forwarding isElementDisplayed on session 7ae98af1-f0c4-48bb-82e0-609d7d4c050b to remote] DEBUG org.asynchttpclient.netty.request.NettyRequestSender - Using open Channel [id: 0x007e0974, L:/127.0.0.1:56617 - R:/127.0.0.1:4723] for GET &apos;/wd/hub/session/7ae98af1-f0c4-48bb-82e0-609d7d4c050b/element/00000000-0000-1bfb-ffff-ffff0000006a/displayed&apos;
&amp;#27;[39m &amp;#27;[37m&lt;-- POST /wd/hub/session/7ae98af1-f0c4-48bb-82e0-609d7d4c050b/element &amp;#27;[39m&amp;#27;[32m200&amp;#27;[39m &amp;#27;[90m868 ms - 137&amp;#27;[39m
&amp;#27;[35m[HTTP]&amp;#27;[39m &amp;#27;[90m&amp;#27;[39m
&amp;#27;[35m[HTTP]&amp;#27;[39m &amp;#27;[37m--&gt;&amp;#27;[39m &amp;#27;[37mGET&amp;#27;[39m &amp;#27;[37m/wd/hub/session/7ae98af1-f0c4-48bb-82e0-609d7d4c050b/element/00000000-0000-1bfb-ffff-ffff0000006a/displayed&amp;#27;[39m
&amp;#27;[35m[HTTP]&amp;#27;[39m &amp;#27;[90m{}&amp;#27;[39m
[debug] &amp;#27;[35m[W3C (7ae98af1)]&amp;#27;[39m Calling AppiumDriver.elementDisplayed() with args: [&quot;00000000-0000-1bfb-ffff-ffff0000006a&quot;,&quot;7ae98af1-f0c4-48bb-82e0-609d7d4c050b&quot;]
[debug] &amp;#27;[35m[WD Proxy]&amp;#27;[39m Matched &apos;/element/00000000-0000-1bfb-ffff-ffff0000006a/attribute/displayed&apos; to command name &apos;getAttribute&apos;
[debug] &amp;#27;[35m[WD Proxy]&amp;#27;[39m Proxying [GET /element/00000000-0000-1bfb-ffff-ffff0000006a/attribute/displayed] to [GET http://127.0.0.1:8200/wd/hub/session/015791bc-716d-4afa-9c1f-c27f676dbeb8/element/00000000-0000-1bfb-ffff-ffff0000006a/attribute/displayed] with no body
[debug] &amp;#27;[35m[WD Proxy]&amp;#27;[39m Got response with status 200: {&quot;sessionId&quot;:&quot;015791bc-716d-4afa-9c1f-c27f676dbeb8&quot;,&quot;value&quot;:&quot;true&quot;}
[debug] &amp;#27;[35m[W3C (7ae98af1)]&amp;#27;[39m Responding to client with driver.elementDisplayed() result: true
09:56:10.469 [AsyncHttpClient-1-2] DEBUG org.asynchttpclient.netty.handler.HttpHandler - 

Request DefaultFullHttpRequest(decodeResult: success, version: HTTP/1.1, content: EmptyByteBufBE)
GET /wd/hub/session/7ae98af1-f0c4-48bb-82e0-609d7d4c050b/element/00000000-0000-1bfb-ffff-ffff0000006a/displayed HTTP/1.1
User-Agent: selenium/4.5.0 (java windows)
Cache-Control: no-cache
Content-Type: application/json; charset=utf-8
host: 0.0.0.0:4723
accept: */*

Response DefaultHttpResponse(decodeResult: success, version: HTTP/1.1)
HTTP/1.1 200 OK
X-Powered-By: Express
Content-Type: application/json; charset=utf-8
ETag: W/&quot;e-2ZHvAWebNQpyjGZTg6uyV8/spTo&quot;
Date: Fri, 02 Dec 2022 04:26:10 GMT
Connection: keep-alive
Keep-Alive: timeout=600
content-length: 14

09:56:10.469 [AsyncHttpClient-1-2] DEBUG org.asynchttpclient.netty.channel.ChannelManager - Adding key: http://0.0.0.0:4723 for channel [id: 0x007e0974, L:/127.0.0.1:56617 - R:/127.0.0.1:4723]
&amp;#27;[35m[HTTP]&amp;#27;[39m &amp;#27;[37m&lt;-- GET /wd/hub/session/7ae98af1-f0c4-48bb-82e0-609d7d4c050b/element/00000000-0000-1bfb-ffff-ffff0000006a/displayed &amp;#27;[39m&amp;#27;[32m200&amp;#27;[39m &amp;#27;[90m17 ms - 14&amp;#27;[39m
&amp;#27;[35m[HTTP]&amp;#27;[39m &amp;#27;[90m&amp;#27;[39m
09:56:10.472 [Forwarding findElement on session 7ae98af1-f0c4-48bb-82e0-609d7d4c050b to remote] DEBUG org.asynchttpclient.netty.request.NettyRequestSender - Using pooled Channel &apos;[id: 0x007e0974, L:/127.0.0.1:56617 - R:/127.0.0.1:4723]&apos; for &apos;POST&apos; to &apos;http://0.0.0.0:4723/wd/hub/session/7ae98af1-f0c4-48bb-82e0-609d7d4c050b/element&apos;
09:56:10.472 [Forwarding findElement on session 7ae98af1-f0c4-48bb-82e0-609d7d4c050b to remote] DEBUG org.asynchttpclient.netty.request.NettyRequestSender - Using open Channel [id: 0x007e0974, L:/127.0.0.1:56617 - R:/127.0.0.1:4723] for POST &apos;/wd/hub/session/7ae98af1-f0c4-48bb-82e0-609d7d4c050b/element&apos;
&amp;#27;[35m[HTTP]&amp;#27;[39m &amp;#27;[37m--&gt;&amp;#27;[39m &amp;#27;[37mPOST&amp;#27;[39m &amp;#27;[37m/wd/hub/session/7ae98af1-f0c4-48bb-82e0-609d7d4c050b/element&amp;#27;[39m
&amp;#27;[35m[HTTP]&amp;#27;[39m &amp;#27;[90m{&quot;using&quot;:&quot;id&quot;,&quot;value&quot;:&quot;com.example.android.testing.notes.mock:id/add_note_description&quot;}&amp;#27;[39m
[debug] &amp;#27;[35m[W3C (7ae98af1)]&amp;#27;[39m Calling AppiumDriver.findElement() with args: [&quot;id&quot;,&quot;com.example.android.testing.notes.mock:id/add_note_description&quot;,&quot;7ae98af1-f0c4-48bb-82e0-609d7d4c050b&quot;]
[debug] &amp;#27;[35m[BaseDriver]&amp;#27;[39m Valid locator strategies for this request: xpath, id, class name, accessibility id, css selector, -android uiautomator
[debug] &amp;#27;[35m[BaseDriver]&amp;#27;[39m Waiting up to 0 ms for condition
[debug] &amp;#27;[35m[WD Proxy]&amp;#27;[39m Matched &apos;/element&apos; to command name &apos;findElement&apos;
[debug] &amp;#27;[35m[WD Proxy]&amp;#27;[39m Proxying [POST /element] to [POST http://127.0.0.1:8200/wd/hub/session/015791bc-716d-4afa-9c1f-c27f676dbeb8/element] with body: {&quot;strategy&quot;:&quot;id&quot;,&quot;selector&quot;:&quot;com.example.android.testing.notes.mock:id/add_note_description&quot;,&quot;context&quot;:&quot;&quot;,&quot;multiple&quot;:false}
[debug] &amp;#27;[35m[WD Proxy]&amp;#27;[39m Got response with status 200: {&quot;sessionId&quot;:&quot;015791bc-716d-4afa-9c1f-c27f676dbeb8&quot;,&quot;value&quot;:{&quot;ELEMENT&quot;:&quot;00000000-0000-1bfb-ffff-ffff0000006a&quot;,&quot;element-6066-11e4-a52e-4f735466cecf&quot;:&quot;00000000-0000-1bfb-ffff-ffff0000006a&quot;}}
[debug] &amp;#27;[35m[W3C (7ae98af1)]&amp;#27;[39m Responding to client with driver.f09:56:10.518 [AsyncHttpClient-1-2] DEBUG org.asynchttpclient.netty.handler.HttpHandler - 

Request DefaultHttpRequest(decodeResult: success, version: HTTP/1.1)
POST /wd/hub/session/7ae98af1-f0c4-48bb-82e0-609d7d4c050b/element HTTP/1.1
User-Agent: selenium/4.5.0 (java windows)
Content-Length: 101
Content-Type: application/json; charset=utf-8
host: 0.0.0.0:4723
accept: */*

Response DefaultHttpResponse(decodeResult: success, version: HTTP/1.1)
HTTP/1.1 200 OK
X-Powered-By: Express
Vary: X-HTTP-Method-Override
Content-Type: application/json; charset=utf-8
ETag: W/&quot;89-AmmRTtpWbof6Mmese/A3Ir9p1H8&quot;
Date: Fri, 02 Dec 2022 04:26:10 GMT
Connection: keep-alive
Keep-Alive: timeout=600
content-length: 137

indElement() result: {&quot;element-6066-11e4-a52e-4f735466cecf&quot;:&quot;0009:56:10.520 [AsyncHttpClient-1-2] DEBUG org.asynchttpclient.netty.channel.ChannelManager - Adding key: http://0.0.0.0:4723 for channel [id: 0x007e0974, L:/127.0.0.1:56617 - R:/127.0.0.1:4723]
000000-0000-1bfb-ffff-ffff0000006a&quot;,&quot;ELEMENT&quot;:&quot;00000000-0000-1bfb-ffff-ffff0000006a&quot;}
&amp;#27;[35m[HTTP]&amp;#27;[39m &amp;#27;[37m&lt;-- POST /wd/hub/session/7ae98af1-f0c4-48bb-82e0-609d7d4c050b/element &amp;#27;[39m&amp;#27;[32m200&amp;#27;[39m &amp;#27;[90m45 ms - 137&amp;#27;[39m
&amp;#27;[35m[HTTP]&amp;#27;[39m &amp;#27;[90m&amp;#27;[39m
09:56:10.521 [Forwarding sendKeysToElement on session 7ae98af1-f0c4-48bb-82e0-609d7d4c050b to remote] DEBUG org.asynchttpclient.netty.request.NettyRequestSender - Using pooled Channel &apos;[id: 0x007e0974, L:/127.0.0.1:56617 - R:/127.0.0.1:4723]&apos; for &apos;POST&apos; to &apos;http://0.0.0.0:4723/wd/hub/session/7ae98af1-f0c4-48bb-82e0-609d7d4c050b/element/00000000-0000-1bfb-ffff-ffff0000006a/value&apos;
09:56:10.522 [Forwarding sendKeysToElement on session 7ae98af1-f0c4-48bb-82e0-609d7d4c050b to remote] DEBUG org.asynchttpclient.netty.request.NettyRequestSender - Using open Channel [id: 0x007e0974, L:/127.0.0.1:56617 - R:/127.0.0.1:4723] for POST &apos;/wd/hub/session/7ae98af1-f0c4-48bb-82e0-609d7d4c050b/element/00000000-0000-1bfb-ffff-ffff0000006a/value&apos;
&amp;#27;[35m[HTTP]&amp;#27;[39m &amp;#27;[37m--&gt;&amp;#27;[39m &amp;#27;[37mPOST&amp;#27;[39m &amp;#27;[37m/wd/hub/session/7ae98af1-f0c4-48bb-82e0-609d7d4c050b/element/00000000-0000-1bfb-ffff-ffff0000006a/value&amp;#27;[39m
&amp;#27;[35m[HTTP]&amp;#27;[39m &amp;#27;[90m{&quot;id&quot;:&quot;00000000-0000-1bfb-ffff-ffff0000006a&quot;,&quot;text&quot;:&quot;&quot;,&quot;value&quot;:[]}&amp;#27;[39m
[debug] &amp;#27;[35m[W3C (7ae98af1)]&amp;#27;[39m Calling AppiumDriver.setValue() with args: [[],&quot;00000000-0000-1bfb-ffff-ffff0000006a&quot;,&quot;7ae98af1-f0c4-48bb-82e0-609d7d4c050b&quot;]
[debug] &amp;#27;[35m[WD Proxy]&amp;#27;[39m Matched &apos;/element/00000000-0000-1bfb-ffff-ffff0000006a/value&apos; to command name &apos;setValue&apos;
[debug] &amp;#27;[35m[Protocol Converter]&amp;#27;[39m Added &apos;value&apos; property [] to &apos;setValue&apos; request body
[debug] &amp;#27;[35m[WD Proxy]&amp;#27;[39m Proxying [POST /element/00000000-0000-1bfb-ffff-ffff0000006a/value] to [POST http://127.0.0.1:8200/wd/hub/session/015791bc-716d-4afa-9c1f-c27f676dbeb8/element/00000000-0000-1bfb-ffff-ffff0000006a/value] with body: {&quot;elementId&quot;:&quot;00000000-0000-1bfb-ffff-ffff0000006a&quot;,&quot;text&quot;:&quot;&quot;,&quot;replace&quot;:false,&quot;value&quot;:[]}
[debug] &amp;#27;[35m[WD Proxy]&amp;#27;[39m Got response with status 200: {&quot;sessionId&quot;:&quot;015791bc-716d-4afa-9c1f-c27f676dbeb8&quot;,&quot;value&quot;:null}
[debug] &amp;#27;[35m[W3C (7ae98af1)]&amp;#27;[39m Responding to client with driver.setValue(09:56:11.084 [AsyncHttpClient-1-2] DEBUG org.asynchttpclient.netty.handler.HttpHandler - 

Request DefaultHttpRequest(decodeResult: success, version: HTTP/1.1)
POST /wd/hub/session/7ae98af1-f0c4-48bb-82e0-609d7d4c050b/element/00000000-0000-1bfb-ffff-ffff0000006a/value HTTP/1.1
User-Agent: selenium/4.5.0 (java windows)
Content-Length: 82
Content-Type: application/json; charset=utf-8
host: 0.0.0.0:4723
accept: */*

Response DefaultHttpResponse(decodeResult: success, version: HTTP/1.1)
HTTP/1.1 200 OK
X-Powered-By: Express
Vary: X-HTTP-Method-Override
Content-Type: application/json; charset=utf-8
ETag: W/&quot;e-9/1BuKMgFObM1mWJm+YjxtXJnUM&quot;
Date: Fri, 02 Dec 2022 04:26:11 GMT
Connection: keep-alive
Keep-Alive: timeout=600
content-length: 14

) result: null
09:56:11.084 [AsyncHttpClient-1-2] DEBUG org.asynchttpclient.netty.channel.ChannelManager - Adding key: http://0.0.0.0:4723 for channel [id: 0x007e0974, L:/127.0.0.1:56617 - R:/127.0.0.1:4723]
&amp;#27;[35m[HTTP]&amp;#27;[39m &amp;#27;[37m&lt;-- POST /wd/hub/session/7ae98af1-f0c4-48bb-82e0-609d7d4c050b/element/00000000-0000-1bfb-ffff-ffff0000006a/value &amp;#27;[39m&amp;#27;[32m200&amp;#27;[39m &amp;#27;[90m560 ms - 14&amp;#27;[39m
&amp;#27;[35m[HTTP]&amp;#27;[39m &amp;#27;[90m&amp;#27;[39m
09:56:11.085 [Forwarding findElement on session 7ae98af1-f0c4-48bb-82e0-609d7d4c050b to remote] DEBUG org.asynchttpclient.netty.request.NettyRequestSender - Using pooled Channel &apos;[id: 0x007e0974, L:/127.0.0.1:56617 - R:/127.0.0.1:4723]&apos; for &apos;POST&apos; to &apos;http://0.0.0.0:4723/wd/hub/session/7ae98af1-f0c4-48bb-82e0-609d7d4c050b/element&apos;
09:56:11.085 [Forwarding findElement on session 7ae98af1-f0c4-48bb-82e0-609d7d4c050b to remote] DEBUG org.asynchttpclient.netty.request.NettyRequestSender - Using open Channel [id: 0x007e0974, L:/127.0.0.1:56617 - R:/127.0.0.1:4723] for POST &apos;/wd/hub/session/7ae98af1-f0c4-48bb-82e0-609d7d4c050b/element&apos;
&amp;#27;[35m[HTTP]&amp;#27;[39m &amp;#27;[37m--&gt;&amp;#27;[39m &amp;#27;[37mPOST&amp;#27;[39m &amp;#27;[37m/wd/hub/session/7ae98af1-f0c4-48bb-82e0-609d7d4c050b/element&amp;#27;[39m
&amp;#27;[35m[HTTP]&amp;#27;[39m &amp;#27;[90m{&quot;using&quot;:&quot;id&quot;,&quot;value&quot;:&quot;com.example.android.testing.notes.mock:id/add_note_description&quot;}&amp;#27;[39m
[debug] &amp;#27;[35m[W3C (7ae98af1)]&amp;#27;[39m Calling AppiumDriver.findElement() with args: [&quot;id&quot;,&quot;com.example.android.testing.notes.mock:id/add_note_description&quot;,&quot;7ae98af1-f0c4-48bb-82e0-609d7d4c050b&quot;]
[debug] &amp;#27;[35m[BaseDriver]&amp;#27;[39m Valid locator strategies for this request: xpath, id, class name, accessibility id, css selector, -android uiautomator
[debug] &amp;#27;[35m[BaseDriver]&amp;#27;[39m Waiting up to 0 ms for condition
[debug] &amp;#27;[35m[WD Proxy]&amp;#27;[39m Matched &apos;/element&apos; to command name &apos;findElement&apos;
[debug] &amp;#27;[35m[WD Proxy]&amp;#27;[39m Proxying [POST /element] to [POST http://127.0.0.1:8200/wd/hub/session/015791bc-716d-4afa-9c1f-c27f676dbeb8/element] with body: {&quot;strategy&quot;:&quot;id&quot;,&quot;selector&quot;:&quot;com.example.android.testing.notes.mock:id/add_note_description&quot;,&quot;context&quot;:&quot;&quot;,&quot;multiple&quot;:false}
[debug] &amp;#27;[35m[WD Proxy]&amp;#27;[39m Got response with status 200: {&quot;sessionId&quot;:&quot;015791bc-716d-4afa-9c1f-c27f676dbeb8&quot;,&quot;value&quot;:{&quot;ELEMENT&quot;:&quot;00000000-0000-1bfb-ffff-ffff0000006a&quot;,09:56:11.597 [AsyncHttpClient-1-2] DEBUG org.asynchttpclient.netty.handler.HttpHandler - 

Request DefaultHttpRequest(decodeResult: success, version: HTTP/1.1)
POST /wd/hub/session/7ae98af1-f0c4-48bb-82e0-609d7d4c050b/element HTTP/1.1
User-Agent: selenium/4.5.0 (java windows)
Content-Length: 101
Content-Type: application/json; charset=utf-8
host: 0.0.0.0:4723
accept: */*

Response DefaultHttpResponse(decodeResult: success, version: HTTP/1.1)
HTTP/1.1 200 OK
X-Powered-By: Express
Vary: X-HTTP-Method-Override
Content-Type: application/json; charset=utf-8
ETag: W/&quot;89-AmmRTtpWbof6Mmese/A3Ir9p1H8&quot;
Date: Fri, 02 Dec 2022 04:26:11 GMT
Connection: keep-alive
Keep-Alive: timeout=600
content-length: 137

&quot;element-6066-11e4-a52e-4f735466cecf&quot;:&quot;00000000-0000-09:56:11.597 [AsyncHttpClient-1-2] DEBUG org.asynchttpclient.netty.channel.ChannelManager - Adding key: http://0.0.0.0:4723 for channel [id: 0x007e0974, L:/127.0.0.1:56617 - R:/127.0.0.1:4723]
1bfb-ffff-ffff0000006a&quot;}}
[debug] &amp;#27;[35m[W3C (7ae98af1)]&amp;#27;[39m Responding to client with driver.findElement() result: {&quot;element-6066-11e4-a52e-4f735466cecf&quot;:&quot;00000000-0000-1bfb-ffff-ffff0000006a&quot;,&quot;ELEMENT&quot;:&quot;00000000-0000-1bfb-ffff-ffff0000006a&quot;}
&amp;#27;[3509:56:11.600 [Forwarding sendKeysToElement on session 7ae98af1-f0c4-48bb-82e0-609d7d4c050b to remote] DEBUG org.asynchttpclient.netty.request.NettyRequestSender - Using pooled Channel &apos;[id: 0x007e0974, L:/127.0.0.1:56617 - R:/127.0.0.1:4723]&apos; for &apos;POST&apos; to &apos;http://0.0.0.0:4723/wd/hub/session/7ae98af1-f0c4-48bb-82e0-609d7d4c050b/element/00000000-0000-1bfb-ffff-ffff0000006a/value&apos;
m[HT09:56:11.600 [Forwarding sendKeysToElement on session 7ae98af1-f0c4-48bb-82e0-609d7d4c050b to remote] DEBUG org.asynchttpclient.netty.request.NettyRequestSender - Using open Channel [id: 0x007e0974, L:/127.0.0.1:56617 - R:/127.0.0.1:4723] for POST &apos;/wd/hub/session/7ae98af1-f0c4-48bb-82e0-609d7d4c050b/element/00000000-0000-1bfb-ffff-ffff0000006a/value&apos;
TP]&amp;#27;[39m &amp;#27;[37m&lt;-- POST /wd/hub/session/7ae98af1-f0c4-48bb-82e0-609d7d4c050b/element &amp;#27;[39m&amp;#27;[32m200&amp;#27;[39m &amp;#27;[90m509 ms - 137&amp;#27;[39m
&amp;#27;[35m[HTTP]&amp;#27;[39m &amp;#27;[90m&amp;#27;[39m
&amp;#27;[35m[HTTP]&amp;#27;[39m &amp;#27;[37m--&gt;&amp;#27;[39m &amp;#27;[37mPOST&amp;#27;[39m &amp;#27;[37m/wd/hub/session/7ae98af1-f0c4-48bb-82e0-609d7d4c050b/element/00000000-0000-1bfb-ffff-ffff0000006a/value&amp;#27;[39m
&amp;#27;[35m[HTTP]&amp;#27;[39m &amp;#27;[90m{&quot;id&quot;:&quot;00000000-0000-1bfb-ffff-ffff0000006a&quot;,&quot;text&quot;:&quot;Earth,Jupiter,Saturn&quot;,&quot;value&quot;:[&quot;E&quot;,&quot;a&quot;,&quot;r&quot;,&quot;t&quot;,&quot;h&quot;,&quot;,&quot;,&quot;J&quot;,&quot;u&quot;,&quot;p&quot;,&quot;i&quot;,&quot;t&quot;,&quot;e&quot;,&quot;r&quot;,&quot;,&quot;,&quot;S&quot;,&quot;a&quot;,&quot;t&quot;,&quot;u&quot;,&quot;r&quot;,&quot;n&quot;]}&amp;#27;[39m
[debug] &amp;#27;[35m[W3C (7ae98af1)]&amp;#27;[39m Calling AppiumDriver.setValue() with args: [[&quot;E&quot;,&quot;a&quot;,&quot;r&quot;,&quot;t&quot;,&quot;h&quot;,&quot;,&quot;,&quot;J&quot;,&quot;u&quot;,&quot;p&quot;,&quot;i&quot;,&quot;t&quot;,&quot;e&quot;,&quot;r&quot;,&quot;,&quot;,&quot;S&quot;,&quot;a&quot;,&quot;t&quot;,&quot;u&quot;,&quot;r&quot;,&quot;n&quot;],&quot;00000000-0000-1bfb-ffff-ffff0000006a&quot;,&quot;7ae98af1-f0c4-48bb-82e0-609d7d4c050b&quot;]
[debug] &amp;#27;[35m[WD Proxy]&amp;#27;[39m Matched &apos;/element/00000000-0000-1bfb-ffff-ffff0000006a/value&apos; to command name &apos;setValue&apos;
[debug] &amp;#27;[35m[Protocol Converter]&amp;#27;[39m Added &apos;value&apos; property [&quot;E&quot;,&quot;a&quot;,&quot;r&quot;,&quot;t&quot;,&quot;h&quot;,&quot;,&quot;,&quot;J&quot;,&quot;u&quot;,&quot;p&quot;,&quot;i&quot;,&quot;t&quot;,&quot;e&quot;,&quot;r&quot;,&quot;,&quot;,&quot;S&quot;,&quot;a&quot;,&quot;t&quot;,&quot;u&quot;,&quot;r&quot;,&quot;n&quot;] to &apos;setValue&apos; request body
[debug] &amp;#27;[35m[WD Proxy]&amp;#27;[39m Proxying [POST /element/00000000-0000-1bfb-ffff-ffff0000006a/value] to [POST http://127.0.0.1:8200/wd/hub/session/015791bc-716d-4afa-9c1f-c27f676dbeb8/element/00000000-0000-1bfb-ffff-ffff0000006a/value] with body: {&quot;elementId&quot;:&quot;00000000-0000-1bfb-ffff-ffff0000006a&quot;,&quot;text&quot;:&quot;Earth,Jupiter,Saturn&quot;,&quot;replace&quot;:false,&quot;value&quot;:[&quot;E&quot;,&quot;a&quot;,&quot;r&quot;,&quot;t&quot;,&quot;h&quot;,&quot;,&quot;,&quot;J&quot;,&quot;u&quot;,&quot;p&quot;,&quot;i&quot;,&quot;t&quot;,&quot;e&quot;,&quot;r&quot;,&quot;,&quot;,&quot;S&quot;,&quot;a&quot;,&quot;t&quot;,&quot;u&quot;,&quot;r&quot;,&quot;n&quot;]}
[debug] &amp;#27;[35m[WD Proxy]&amp;#27;[39m Got response with status 200: {&quot;sessionId&quot;:&quot;015791bc-716d-4afa-9c1f-c27f676dbeb8&quot;,&quot;value&quot;:null}
[debug] &amp;#27;[35m[W3C (7ae98af1)]&amp;#27;[39m Responding to client with driver09:56:12.655 [AsyncHttpClient-1-2] DEBUG org.asynchttpclient.netty.handler.HttpHandler - 

Request DefaultHttpRequest(decodeResult: success, version: HTTP/1.1)
POST /wd/hub/session/7ae98af1-f0c4-48bb-82e0-609d7d4c050b/element/00000000-0000-1bfb-ffff-ffff0000006a/value HTTP/1.1
User-Agent: selenium/4.5.0 (java windows)
Content-Length: 281
Content-Type: application/json; charset=utf-8
host: 0.0.0.0:4723
accept: */*

Response DefaultHttpResponse(decodeResult: success, version: HTTP/1.1)
HTTP/1.1 200 OK
X-Powered-By: Express
Vary: X-HTTP-Method-Override
Content-Type: application/json; charset=utf-8
ETag: W/&quot;e-9/1BuKMgFObM1mWJm+YjxtXJnUM&quot;
Date: Fri, 02 Dec 2022 04:26:12 GMT
Connection: keep-alive
Keep-Alive: timeout=600
content-length: 14

.setValue() result: null
09:56:12.655 [AsyncHttpClient-1-2] DEBUG org.asynchttpclient.netty.channel.ChannelManager - Adding key: http://0.0.0.0:4723 for channel [id: 0x007e0974, L:/127.0.0.1:56617 - R:/127.0.0.1:4723]
&amp;#27;[35m[HTTP]&amp;#27;[39m &amp;#27;[37m&lt;-- POST /wd/hub/session/7ae98af1-f0c4-48bb-82e0-609d7d4c050b/element/00000000-0000-1bfb-ffff-ffff0000006a/value &amp;#27;[39m&amp;#27;[32m200&amp;#27;[39m &amp;#27;[90m1053 ms - 14&amp;#27;[39m
&amp;#27;[35m[HTTP]&amp;#27;[39m &amp;#27;[90m&amp;#27;[39m
09:56:12.657 [Forwarding findElement on session 7ae98af1-f0c4-48bb-82e0-609d7d4c050b to remote] DEBUG org.asynchttpclient.netty.request.NettyRequestSender - Using pooled Channel &apos;[id: 0x007e0974, L:/127.0.0.1:56617 - R:/127.0.0.1:4723]&apos; for &apos;POST&apos; to &apos;http://0.0.0.0:4723/wd/hub/session/7ae98af1-f0c4-48bb-82e0-609d7d4c050b/element&apos;
09:56:12.657 [Forwarding findElement on session 7ae98af1-f0c4-48bb-82e0-609d7d4c050b to remote] DEBUG org.asynchttpclient.netty.request.NettyRequestSender - Using open Channel [id: 0x007e0974, L:/127.0.0.1:56617 - R:/127.0.0.1:4723] for POST &apos;/wd/hub/session/7ae98af1-f0c4-48bb-82e0-609d7d4c050b/element&apos;
&amp;#27;[35m[HTTP]&amp;#27;[39m &amp;#27;[37m--&gt;&amp;#27;[39m &amp;#27;[37mPOST&amp;#27;[39m &amp;#27;[37m/wd/hub/session/7ae98af1-f0c4-48bb-82e0-609d7d4c050b/element&amp;#27;[39m
&amp;#27;[35m[HTTP]&amp;#27;[39m &amp;#27;[90m{&quot;using&quot;:&quot;id&quot;,&quot;value&quot;:&quot;com.example.android.testing.notes.mock:id/fab_add_notes&quot;}&amp;#27;[39m
[debug] &amp;#27;[35m[W3C (7ae98af1)]&amp;#27;[39m Calling AppiumDriver.findElement() with args: [&quot;id&quot;,&quot;com.example.android.testing.notes.mock:id/fab_add_notes&quot;,&quot;7ae98af1-f0c4-48bb-82e0-609d7d4c050b&quot;]
[debug] &amp;#27;[35m[BaseDriver]&amp;#27;[39m Valid locator strategies for this request: xpath, id, class name, accessibility id, css selector, -android uiautomator
[debug] &amp;#27;[35m[BaseDriver]&amp;#27;[39m Waiting up to 0 ms for condition
[debug] &amp;#27;[35m[WD Proxy]&amp;#27;[39m Matched &apos;/element&apos; to command name &apos;findElement&apos;
[debug] &amp;#27;[35m[WD Proxy]&amp;#27;[39m Proxying [POST /element] to [POST http://127.0.0.1:8200/wd/hub/session/015791bc-716d-4afa-9c1f-c27f676dbeb8/element] with body: {&quot;strategy&quot;:&quot;id&quot;,&quot;selector&quot;:&quot;com.example.android.testing.notes.mock:id/fab_add_notes&quot;,&quot;context&quot;:&quot;&quot;,&quot;multiple&quot;:false}
[debug] &amp;#27;[35m[WD Proxy]&amp;#27;[39m Got response with status 200: {&quot;sessionId&quot;:&quot;015791bc-716d-4afa-9c1f-c27f676dbeb8&quot;,&quot;value&quot;:{&quot;ELEMENT&quot;:&quot;00000000-0000-1bfb-ffff-ffff0000006c&quot;,&quot;element-6066-11e4-a52e-4f735466cecf&quot;:&quot;00000000-0009:56:13.206 [AsyncHttpClient-1-2] DEBUG org.asynchttpclient.netty.handler.HttpHandler - 

Request DefaultHttpRequest(decodeResult: success, version: HTTP/1.1)
POST /wd/hub/session/7ae98af1-f0c4-48bb-82e0-609d7d4c050b/element HTTP/1.1
User-Agent: selenium/4.5.0 (java windows)
Content-Length: 94
Content-Type: application/json; charset=utf-8
host: 0.0.0.0:4723
accept: */*

Response DefaultHttpResponse(decodeResult: success, version: HTTP/1.1)
HTTP/1.1 200 OK
X-Powered-By: Express
Vary: X-HTTP-Method-Override
Content-Type: application/json; charset=utf-8
ETag: W/&quot;89-BffOPGHKxGeNg02iJY8yEVLPAC0&quot;
Date: Fri, 02 Dec 2022 04:26:13 GMT
Connection: keep-alive
Keep-Alive: timeout=600
content-length: 137

00-1bfb-ffff-ffff0000006c&quot;}}
09:56:13.207 [AsyncHttpClient-1-2] DEBUG org.asynchttpclient.netty.channel.ChannelManager - Adding key: http://0.0.0.0:4723 for channel [id: 0x007e0974, L:/127.0.0.1:56617 - R:/127.0.0.1:4723]
[debug] &amp;#27;[35m[W3C (7ae98af1)]&amp;#27;[39m Responding to client with driver.findElement() result: {&quot;element-6066-11e4-a52e-4f735466cecf&quot;:&quot;00000000-0000-1bfb-ffff-ffff0000006c&quot;,&quot;ELEMENT&quot;:&quot;00000000-0000-1bfb-ffff-ffff09:56:13.209 [Forwarding isElementDisplayed on session 7ae98af1-f0c4-48bb-82e0-609d7d4c050b to remote] DEBUG org.asynchttpclient.netty.request.NettyRequestSender - Using pooled Channel &apos;[id: 0x007e0974, L:/127.0.0.1:56617 - R:/127.0.0.1:4723]&apos; for &apos;GET&apos; to &apos;http://0.0.0.0:4723/wd/hub/session/7ae98af1-f0c4-48bb-82e0-609d7d4c050b/element/00000000-0000-1bfb-ffff-ffff0000006c/displayed&apos;
0000006c09:56:13.209 [Forwarding isElementDisplayed on session 7ae98af1-f0c4-48bb-82e0-609d7d4c050b to remote] DEBUG org.asynchttpclient.netty.request.NettyRequestSender - Using open Channel [id: 0x007e0974, L:/127.0.0.1:56617 - R:/127.0.0.1:4723] for GET &apos;/wd/hub/session/7ae98af1-f0c4-48bb-82e0-609d7d4c050b/element/00000000-0000-1bfb-ffff-ffff0000006c/displayed&apos;
&quot;}
&amp;#27;[35m[HTTP]&amp;#27;[39m &amp;#27;[37m&lt;-- POST /wd/hub/session/7ae98af1-f0c4-48bb-82e0-609d7d4c050b/element &amp;#27;[39m&amp;#27;[32m200&amp;#27;[39m &amp;#27;[90m547 ms - 137&amp;#27;[39m
&amp;#27;[35m[HTTP]&amp;#27;[39m &amp;#27;[90m&amp;#27;[39m
&amp;#27;[35m[HTTP]&amp;#27;[39m &amp;#27;[37m--&gt;&amp;#27;[39m &amp;#27;[37mGET&amp;#27;[39m &amp;#27;[37m/wd/hub/session/7ae98af1-f0c4-48bb-82e0-609d7d4c050b/element/00000000-0000-1bfb-ffff-ffff0000006c/displayed&amp;#27;[39m
&amp;#27;[35m[HTTP]&amp;#27;[39m &amp;#27;[90m{}&amp;#27;[39m
[debug] &amp;#27;[35m[W3C (7ae98af1)]&amp;#27;[39m Calling AppiumDriver.elementDisplayed() with args: [&quot;00000000-0000-1bfb-ffff-ffff0000006c&quot;,&quot;7ae98af1-f0c4-48bb-82e0-609d7d4c050b&quot;]
[debug] &amp;#27;[35m[WD Proxy]&amp;#27;[39m Matched &apos;/element/00000000-0000-1bfb-ffff-ffff0000006c/attribute/displayed&apos; to command name &apos;getAttribute&apos;
[debug] &amp;#27;[35m[WD Proxy]&amp;#27;[39m Proxying [GET /element/00000000-0000-1bfb-ffff-ffff0000006c/attribute/displayed] to [GET http://127.0.0.1:8200/wd/hub/session/015791bc-716d-4afa-9c1f-c27f676dbeb8/element/00000000-0000-1bfb-ffff-ffff0000006c/attribute/displayed] with no body
[debug] &amp;#27;[35m[WD Proxy]&amp;#27;[39m Got response with status 200: {&quot;sessionId&quot;:&quot;015791bc-716d-4afa-9c1f-c27f676dbeb8&quot;,&quot;value&quot;:&quot;true&quot;}
[debug] &amp;#27;[35m[W3C (7ae98af1)]&amp;#27;[39m Responding to client with driver.elementDisplayed() result: true
09:56:13.229 [AsyncHttpClient-1-2] DEBUG org.asynchttpclient.netty.handler.HttpHandler - 

Request DefaultFullHttpRequest(decodeResult: success, version: HTTP/1.1, content: EmptyByteBufBE)
GET /wd/hub/session/7ae98af1-f0c4-48bb-82e0-609d7d4c050b/element/00000000-0000-1bfb-ffff-ffff0000006c/displayed HTTP/1.1
User-Agent: selenium/4.5.0 (java windows)
Cache-Control: no-cache
Content-Type: application/json; charset=utf-8
host: 0.0.0.0:4723
accept: */*

Response DefaultHttpResponse(decodeResult: success, version: HTTP/1.1)
HTTP/1.1 200 OK
X-Powered-By: Express
Content-Type: application/json; charset=utf-8
ETag: W/&quot;e-2ZHvAWebNQpyjGZTg6uyV8/spTo&quot;
Date: Fri, 02 Dec 2022 04:26:13 GMT
Connection: keep-alive
Keep-Alive: timeout=600
content-length: 14

09:56:13.229 [AsyncHttpClient-1-2] DEBUG org.asynchttpclient.netty.channel.ChannelManager - Adding key: http://0.0.0.0:4723 for channel [id: 0x007e0974, L:/127.0.0.1:56617 - R:/127.0.0.1:4723]
&amp;#27;[35m[HTTP]&amp;#27;[39m &amp;#27;[37m&lt;-- GET /wd/hub/session/7ae98af1-f0c4-48bb-82e0-609d7d4c050b/element/00000000-0000-1bfb-ffff-ffff0000006c/displayed &amp;#27;[39m&amp;#27;[32m200&amp;#27;[39m &amp;#27;[90m18 ms - 14&amp;#27;[39m
&amp;#27;[35m[HTTP]&amp;#27;[39m &amp;#27;[90m&amp;#27;[39m
09:56:13.230 [Forwarding findElement on session 7ae98af1-f0c4-48bb-82e0-609d7d4c050b to remote] DEBUG org.asynchttpclient.netty.request.NettyRequestSender - Using pooled Channel &apos;[id: 0x007e0974, L:/127.0.0.1:56617 - R:/127.0.0.1:4723]&apos; for &apos;POST&apos; to &apos;http://0.0.0.0:4723/wd/hub/session/7ae98af1-f0c4-48bb-82e0-609d7d4c050b/element&apos;
09:56:13.231 [Forwarding findElement on session 7ae98af1-f0c4-48bb-82e0-609d7d4c050b to remote] DEBUG org.asynchttpclient.netty.request.NettyRequestSender - Using open Channel [id: 0x007e0974, L:/127.0.0.1:56617 - R:/127.0.0.1:4723] for POST &apos;/wd/hub/session/7ae98af1-f0c4-48bb-82e0-609d7d4c050b/element&apos;
&amp;#27;[35m[HTTP]&amp;#27;[39m &amp;#27;[37m--&gt;&amp;#27;[39m &amp;#27;[37mPOST&amp;#27;[39m &amp;#27;[37m/wd/hub/session/7ae98af1-f0c4-48bb-82e0-609d7d4c050b/element&amp;#27;[39m
&amp;#27;[35m[HTTP]&amp;#27;[39m &amp;#27;[90m{&quot;using&quot;:&quot;id&quot;,&quot;value&quot;:&quot;com.example.android.testing.notes.mock:id/fab_add_notes&quot;}&amp;#27;[39m
[debug] &amp;#27;[35m[W3C (7ae98af1)]&amp;#27;[39m Calling AppiumDriver.findElement() with args: [&quot;id&quot;,&quot;com.example.android.testing.notes.mock:id/fab_add_notes&quot;,&quot;7ae98af1-f0c4-48bb-82e0-609d7d4c050b&quot;]
[debug] &amp;#27;[35m[BaseDriver]&amp;#27;[39m Valid locator strategies for this request: xpath, id, class name, accessibility id, css selector, -android uiautomator
[debug] &amp;#27;[35m[BaseDriver]&amp;#27;[39m Waiting up to 0 ms for condition
[debug] &amp;#27;[35m[WD Proxy]&amp;#27;[39m Matched &apos;/element&apos; to command name &apos;findElement&apos;
[debug] &amp;#27;[35m[WD Proxy]&amp;#27;[39m Proxying [POST /element] to [POST http://127.0.0.1:8200/wd/hub/session/015791bc-716d-4afa-9c1f-c27f676dbeb8/element] with body: {&quot;strategy&quot;:&quot;id&quot;,&quot;selector&quot;:&quot;com.example.android.testing.notes.mock:id/fab_add_notes&quot;,&quot;context&quot;:&quot;&quot;,&quot;multiple&quot;:false}
[debug] &amp;#27;[35m[WD Proxy]&amp;#27;[39m Got response with status 200: {&quot;sessionId&quot;:&quot;015791bc-716d-4afa-9c1f-c27f676dbeb8&quot;,&quot;value&quot;:{&quot;ELEMENT&quot;:&quot;00000000-0000-1bfb-ffff-ffff0000006c&quot;,&quot;element-6066-11e4-a52e-4f735466cecf&quot;:&quot;00000000-0000-1bfb-ffff-ffff0000006c&quot;}}
09:56:13.271 [AsyncHttpClient-1-2] DEBUG org.asynchttpclient.netty.handler.HttpHandler - 

Request DefaultHttpRequest(decodeResult: success, version: HTTP/1.1)
POST /wd/hub/session/7ae98af1-f0c4-48bb-82e0-609d7d4c050b/element HTTP/1.1
User-Agent: selenium/4.5.0 (java windows)
Content-Length: 94
Content-Type: application/json; charset=utf-8
host: 0.0.0.0:4723
accept: */*

Response DefaultHttpResponse(decodeResult: success, version: HTTP/1.1)
HTTP/1.1 200 OK
X-Powered-By: Express
Vary: X-HTTP-Method-Override
Content-Type: application/json; charset=utf-8
ETag: W/&quot;89-BffOPGHKxGeNg02iJY8yEVLPAC0&quot;
Date: Fri, 02 Dec 2022 04:26:13 GMT
Connection: keep-alive
Keep-Alive: timeout=600
content-length: 137

[debug] &amp;#27;[35m[W3C (7ae98af1)]09:56:13.271 [AsyncHttpClient-1-2] DEBUG org.asynchttpclient.netty.channel.ChannelManager - Adding key: http://0.0.0.0:4723 for channel [id: 0x007e0974, L:/127.0.0.1:56617 - R:/127.0.0.1:4723]
&amp;#27;[39m Responding to client with driver.findElement() result: {&quot;element-6066-11e4-a52e-4f735466cecf&quot;:&quot;00000000-0000-1bfb-ffff-ffff0000006c&quot;,&quot;ELEMENT&quot;:&quot;00000000-0000-1bfb-ffff-ffff0000006c&quot;}
&amp;#27;[35m[HTTP]&amp;#27;[39m &amp;#27;[37m&lt;-- POST /wd/hub/session/7ae98af1-f0c4-48bb-82e0-09:56:13.272 [Forwarding isElementEnabled on session 7ae98af1-f0c4-48bb-82e0-609d7d4c050b to remote] DEBUG org.asynchttpclient.netty.request.NettyRequestSender - Using pooled Channel &apos;[id: 0x007e0974, L:/127.0.0.1:56617 - R:/127.0.0.1:4723]&apos; for &apos;GET&apos; to &apos;http://0.0.0.0:4723/wd/hub/session/7ae98af1-f0c4-48bb-82e0-609d7d4c050b/element/00000000-0000-1bfb-ffff-ffff0000006c/enabled&apos;
609d7d4c050b/element &amp;#27;[39m&amp;#27;[32m200&amp;#27;[39m &amp;#27;[90m38 ms - 137&amp;#27;[39m
09:56:13.272 [Forwarding isElementEnabled on session 7ae98af1-f0c4-48bb-82e0-609d7d4c050b to remote] DEBUG org.asynchttpclient.netty.request.NettyRequestSender - Using open Channel [id: 0x007e0974, L:/127.0.0.1:56617 - R:/127.0.0.1:4723] for GET &apos;/wd/hub/session/7ae98af1-f0c4-48bb-82e0-609d7d4c050b/element/00000000-0000-1bfb-ffff-ffff0000006c/enabled&apos;
&amp;#27;[35m[HTTP]&amp;#27;[39m &amp;#27;[90m&amp;#27;[39m
&amp;#27;[35m[HTTP]&amp;#27;[39m &amp;#27;[37m--&gt;&amp;#27;[39m &amp;#27;[37mGET&amp;#27;[39m &amp;#27;[37m/wd/hub/session/7ae98af1-f0c4-48bb-82e0-609d7d4c050b/element/00000000-0000-1bfb-ffff-ffff0000006c/enabled&amp;#27;[39m
&amp;#27;[35m[HTTP]&amp;#27;[39m &amp;#27;[90m{}&amp;#27;[39m
[debug] &amp;#27;[35m[W3C (7ae98af1)]&amp;#27;[39m Calling AppiumDriver.elementEnabled() with args: [&quot;00000000-0000-1bfb-ffff-ffff0000006c&quot;,&quot;7ae98af1-f0c4-48bb-82e0-609d7d4c050b&quot;]
[debug] &amp;#27;[35m[WD Proxy]&amp;#27;[39m Matched &apos;/element/00000000-0000-1bfb-ffff-ffff0000006c/attribute/enabled&apos; to command name &apos;getAttribute&apos;
[debug] &amp;#27;[35m[WD Proxy]&amp;#27;[39m Proxying [GET /element/00000000-0000-1bfb-ffff-ffff0000006c/attribute/enabled] to [GET http://127.0.0.1:8200/wd/hub/session/015791bc-716d-4afa-9c1f-c27f676dbeb8/element/00000000-0000-1bfb-ffff-ffff0000006c/attribute/enabled] with no body
[debug] &amp;#27;[35m[WD Proxy]&amp;#27;[39m Got response with status 200: {&quot;sessionId&quot;:&quot;015791bc-716d-4afa-9c1f-c27f676dbeb8&quot;,&quot;value&quot;:&quot;true&quot;}
[debug] &amp;#27;[35m[W3C (7ae98af1)]&amp;#27;[39m Responding to client with driver.elementEnabled() result09:56:13.285 [AsyncHttpClient-1-2] DEBUG org.asynchttpclient.netty.handler.HttpHandler - 

Request DefaultFullHttpRequest(decodeResult: success, version: HTTP/1.1, content: EmptyByteBufBE)
GET /wd/hub/session/7ae98af1-f0c4-48bb-82e0-609d7d4c050b/element/00000000-0000-1bfb-ffff-ffff0000006c/enabled HTTP/1.1
User-Agent: selenium/4.5.0 (java windows)
Cache-Control: no-cache
Content-Type: application/json; charset=utf-8
host: 0.0.0.0:4723
accept: */*

Response DefaultHttpResponse(decodeResult: success, version: HTTP/1.1)
HTTP/1.1 200 OK
X-Powered-By: Express
Content-Type: application/json; charset=utf-8
ETag: W/&quot;e-2ZHvAWebNQpyjGZTg6uyV8/spTo&quot;
Date: Fri, 02 Dec 2022 04:26:13 GMT
Connection: keep-alive
Keep-Alive: timeout=600
content-length: 14

: true
09:56:13.285 [AsyncHttpClient-1-2] DEBUG org.asynchttpclient.netty.channel.ChannelManager - Adding key: http://0.0.0.0:4723 for channel [id: 0x007e0974, L:/127.0.0.1:56617 - R:/127.0.0.1:4723]
&amp;#27;[35m[HTTP]&amp;#27;[39m &amp;#27;[37m&lt;-- GET /wd/hub/session/7ae98af1-f0c4-48bb-82e0-609d7d4c050b/element/00000000-0000-1bfb-ffff-ffff0000006c/enabled &amp;#27;[39m&amp;#27;[32m200&amp;#27;[39m &amp;#27;[90m12 ms - 14&amp;#27;[39m
&amp;#27;[35m[HTTP]&amp;#27;[39m &amp;#27;[90m&amp;#27;[39m
09:56:13.286 [Forwarding findElement on session 7ae98af1-f0c4-48bb-82e0-609d7d4c050b to remote] DEBUG org.asynchttpclient.netty.request.NettyRequestSender - Using pooled Channel &apos;[id: 0x007e0974, L:/127.0.0.1:56617 - R:/127.0.0.1:4723]&apos; for &apos;POST&apos; to &apos;http://0.0.0.0:4723/wd/hub/session/7ae98af1-f0c4-48bb-82e0-609d7d4c050b/element&apos;
09:56:13.286 [Forwarding findElement on session 7ae98af1-f0c4-48bb-82e0-609d7d4c050b to remote] DEBUG org.asynchttpclient.netty.request.NettyRequestSender - Using open Channel [id: 0x007e0974, L:/127.0.0.1:56617 - R:/127.0.0.1:4723] for POST &apos;/wd/hub/session/7ae98af1-f0c4-48bb-82e0-609d7d4c050b/element&apos;
&amp;#27;[35m[HTTP]&amp;#27;[39m &amp;#27;[37m--&gt;&amp;#27;[39m &amp;#27;[37mPOST&amp;#27;[39m &amp;#27;[37m/wd/hub/session/7ae98af1-f0c4-48bb-82e0-609d7d4c050b/element&amp;#27;[39m
&amp;#27;[35m[HTTP]&amp;#27;[39m &amp;#27;[90m{&quot;using&quot;:&quot;id&quot;,&quot;value&quot;:&quot;com.example.android.testing.notes.mock:id/fab_add_notes&quot;}&amp;#27;[39m
[debug] &amp;#27;[35m[W3C (7ae98af1)]&amp;#27;[39m Calling AppiumDriver.findElement() with args: [&quot;id&quot;,&quot;com.example.android.testing.notes.mock:id/fab_add_notes&quot;,&quot;7ae98af1-f0c4-48bb-82e0-609d7d4c050b&quot;]
[debug] &amp;#27;[35m[BaseDriver]&amp;#27;[39m Valid locator strategies for this request: xpath, id, class name, accessibility id, css selector, -android uiautomator
[debug] &amp;#27;[35m[BaseDriver]&amp;#27;[39m Waiting up to 0 ms for condition
[debug] &amp;#27;[35m[WD Proxy]&amp;#27;[39m Matched &apos;/element&apos; to command name &apos;findElement&apos;
[debug] &amp;#27;[35m[WD Proxy]&amp;#27;[39m Proxying [POST /element] to [POST http://127.0.0.1:8200/wd/hub/session/015791bc-716d-4afa-9c1f-c27f676dbeb8/element] with body: {&quot;strategy&quot;:&quot;id&quot;,&quot;selector&quot;:&quot;com.example.android.testing.notes.mock:id/fab_add_notes&quot;,&quot;context&quot;:&quot;&quot;,&quot;multiple&quot;:false}
[debug] &amp;#27;[35m[WD Proxy]&amp;#27;[39m Got response with status 200: {&quot;sessionId&quot;:&quot;015791bc-716d-4afa-9c1f-c27f676dbeb8&quot;,&quot;value&quot;:{&quot;ELEMENT&quot;:&quot;00000000-0000-1bfb-ffff-ffff0000006c&quot;,&quot;element-6066-11e4-a52e-4f735466cecf&quot;:&quot;00000000-0000-1bfb-ffff-ffff0000006c09:56:13.335 [AsyncHttpClient-1-2] DEBUG org.asynchttpclient.netty.handler.HttpHandler - 

Request DefaultHttpRequest(decodeResult: success, version: HTTP/1.1)
POST /wd/hub/session/7ae98af1-f0c4-48bb-82e0-609d7d4c050b/element HTTP/1.1
User-Agent: selenium/4.5.0 (java windows)
Content-Length: 94
Content-Type: application/json; charset=utf-8
host: 0.0.0.0:4723
accept: */*

Response DefaultHttpResponse(decodeResult: success, version: HTTP/1.1)
HTTP/1.1 200 OK
X-Powered-By: Express
Vary: X-HTTP-Method-Override
Content-Type: application/json; charset=utf-8
ETag: W/&quot;89-BffOPGHKxGeNg02iJY8yEVLPAC0&quot;
Date: Fri, 02 Dec 2022 04:26:13 GMT
Connection: keep-alive
Keep-Alive: timeout=600
content-length: 137

&quot;}}
[debug] &amp;#27;[35m[W3C (7ae98af1)]&amp;#27;[39m Respo09:56:13.335 [AsyncHttpClient-1-2] DEBUG org.asynchttpclient.netty.channel.ChannelManager - Adding key: http://0.0.0.0:4723 for channel [id: 0x007e0974, L:/127.0.0.1:56617 - R:/127.0.0.1:4723]
nding to client with driver.findElement() result: {&quot;element-6066-11e4-a52e-4f735466cecf&quot;:&quot;00000000-0000-1bfb-ffff-ffff0000006c&quot;,&quot;ELEMENT&quot;:&quot;00000000-0000-1bfb-ffff-ffff0000006c&quot;}
&amp;#27;[35m[HTTP]&amp;#27;[39m &amp;#27;[37m&lt;-- POST /wd/hub/session/7ae98af1-f0c4-48bb-82e0-609d7d4c050b/element &amp;#27;[39m&amp;#27;[32m200&amp;#27;[39m &amp;#27;[90m47 ms - 137&amp;#27;[39m
&amp;#27;[35m[HTTP]&amp;#27;[39m &amp;#27;[90m&amp;#27;[39m
09:56:13.336 [Forwarding clickElement on session 7ae98af1-f0c4-48bb-82e0-609d7d4c050b to remote] DEBUG org.asynchttpclient.netty.request.NettyRequestSender - Using pooled Channel &apos;[id: 0x007e0974, L:/127.0.0.1:56617 - R:/127.0.0.1:4723]&apos; for &apos;POST&apos; to &apos;http://0.0.0.0:4723/wd/hub/session/7ae98af1-f0c4-48bb-82e0-609d7d4c050b/element/00000000-0000-1bfb-ffff-ffff0000006c/click&apos;
09:56:13.336 [Forwarding clickElement on session 7ae98af1-f0c4-48bb-82e0-609d7d4c050b to remote] DEBUG org.asynchttpclient.netty.request.NettyRequestSender - Using open Channel [id: 0x007e0974, L:/127.0.0.1:56617 - R:/127.0.0.1:4723] for POST &apos;/wd/hub/session/7ae98af1-f0c4-48bb-82e0-609d7d4c050b/element/00000000-0000-1bfb-ffff-ffff0000006c/click&apos;
&amp;#27;[35m[HTTP]&amp;#27;[39m &amp;#27;[37m--&gt;&amp;#27;[39m &amp;#27;[37mPOST&amp;#27;[39m &amp;#27;[37m/wd/hub/session/7ae98af1-f0c4-48bb-82e0-609d7d4c050b/element/00000000-0000-1bfb-ffff-ffff0000006c/click&amp;#27;[39m
&amp;#27;[35m[HTTP]&amp;#27;[39m &amp;#27;[90m{&quot;id&quot;:&quot;00000000-0000-1bfb-ffff-ffff0000006c&quot;}&amp;#27;[39m
[debug] &amp;#27;[35m[W3C (7ae98af1)]&amp;#27;[39m Calling AppiumDriver.click() with args: [&quot;00000000-0000-1bfb-ffff-ffff0000006c&quot;,&quot;7ae98af1-f0c4-48bb-82e0-609d7d4c050b&quot;]
[debug] &amp;#27;[35m[WD Proxy]&amp;#27;[39m Matched &apos;/element/00000000-0000-1bfb-ffff-ffff0000006c/click&apos; to command name &apos;click&apos;
[debug] &amp;#27;[35m[WD Proxy]&amp;#27;[39m Proxying [POST /element/00000000-0000-1bfb-ffff-ffff0000006c/click] to [POST http://127.0.0.1:8200/wd/hub/session/015791bc-716d-4afa-9c1f-c27f676dbeb8/element/00000000-0000-1bfb-ffff-ffff0000006c/click] with body: {&quot;element&quot;:&quot;00000000-0000-1bfb-ffff-ffff0000006c&quot;}
[debug] &amp;#27;[35m[WD Proxy]&amp;#27;[39m Got response with status 200: {&quot;sessionId&quot;:&quot;015791bc-716d-4afa-9c1f-c27f676dbeb8&quot;,&quot;value&quot;:null}
[debug] &amp;#27;[35m[W3C (7ae98af1)]&amp;#27;[39m Responding to client with driver.click() result: null
09:56:13.410 [AsyncHttpClient-1-2] DEBUG org.asynchttpclient.netty.handler.HttpHandler - 

Request DefaultHttpRequest(decodeResult: success, version: HTTP/1.1)
POST /wd/hub/session/7ae98af1-f0c4-48bb-82e0-609d7d4c050b/element/00000000-0000-1bfb-ffff-ffff0000006c/click HTTP/1.1
User-Agent: selenium/4.5.0 (java windows)
Content-Length: 50
Content-Type: application/json; charset=utf-8
host: 0.0.0.0:4723
accept: */*

Response DefaultHttpResponse(decodeResult: success, version: HTTP/1.1)
HTTP/1.1 200 OK
X-Powered-By: Express
Vary: X-HTTP-Method-Override
Content-Type: application/json; charset=utf-8
ETag: W/&quot;e-9/1BuKMgFObM1mWJm+YjxtXJnUM&quot;
Date: Fri, 02 Dec 2022 04:26:13 GMT
Connection: keep-alive
Keep-Alive: timeout=600
content-length: 14

09:56:13.410 [AsyncHttpClient-1-2] DEBUG org.asynchttpclient.netty.channel.ChannelManager - Adding key: http://0.0.0.0:4723 for channel [id: 0x007e0974, L:/127.0.0.1:56617 - R:/127.0.0.1:4723]
&amp;#27;[35m[HTTP]&amp;#27;[39m &amp;#27;[37m&lt;-- POST /wd/hub/session/7ae98af1-f0c4-48bb-82e0-609d7d4c050b/element/00000000-0000-1bfb-ffff-ffff0000006c/click &amp;#27;[39m&amp;#27;[32m200&amp;#27;[39m &amp;#27;[90m71 ms - 14&amp;#27;[39m
  &amp;#27;[32mWhen &amp;#27;[0m&amp;#27;[32mI add Note following notes&amp;#27;[0m              &amp;#27;[90m# com.example.cocusmobiletest.stepdefinitions.NewNoteStepdefs.I_add_Note_following_notes(io.cucumber.datatable.DataTable)&amp;#27;[0m
    | City      | Mumbai,NewYork, London |
    | Countries | India,Australia,Kenya  |
    | Planets   | Earth,Jupiter,Saturn   |
&amp;#27;[35m[HTTP]&amp;#27;[39m &amp;#27;[90m&amp;#27;[39m
09:56:13.412 [Forwarding getCurrentPackage on session 7ae98af1-f0c4-48bb-82e0-609d7d4c050b to remote] DEBUG org.asynchttpclient.netty.request.NettyRequestSender - Using pooled Channel &apos;[id: 0x007e0974, L:/127.0.0.1:56617 - R:/127.0.0.1:4723]&apos; for &apos;GET&apos; to &apos;http://0.0.0.0:4723/wd/hub/session/7ae98af1-f0c4-48bb-82e0-609d7d4c050b/appium/device/current_package&apos;
09:56:13.412 [Forwarding getCurrentPackage on session 7ae98af1-f0c4-48bb-82e0-609d7d4c050b to remote] DEBUG org.asynchttpclient.netty.request.NettyRequestSender - Using open Channel [id: 0x007e0974, L:/127.0.0.1:56617 - R:/127.0.0.1:4723] for GET &apos;/wd/hub/session/7ae98af1-f0c4-48bb-82e0-609d7d4c050b/appium/device/current_package&apos;
&amp;#27;[35m[HTTP]&amp;#27;[39m &amp;#27;[37m--&gt;&amp;#27;[39m &amp;#27;[37mGET&amp;#27;[39m &amp;#27;[37m/wd/hub/session/7ae98af1-f0c4-48bb-82e0-609d7d4c050b/appium/device/current_package&amp;#27;[39m
&amp;#27;[35m[HTTP]&amp;#27;[39m &amp;#27;[90m{}&amp;#27;[39m
[debug] &amp;#27;[35m[W3C (7ae98af1)]&amp;#27;[39m Calling AppiumDriver.getCurrentPackage() with args: [&quot;7ae98af1-f0c4-48bb-82e0-609d7d4c050b&quot;]
[debug] &amp;#27;[35m[ADB]&amp;#27;[39m Getting focused package and activity
[debug] &amp;#27;[35m[ADB]&amp;#27;[39m Running &apos;C:\Users\manis\AppData\Local\Android\Sdk\platform-tools\adb.exe -P 5037 -s 7b38ef97 shell dumpsys window displays&apos;
[debug] &amp;#27;[35m[W3C (7ae98af1)]&amp;#27;[39m Responding to client with driver.getCurrentPackage() result: &quot;com.example.android.testing.notes.mock&quot;
09:56:13.492 [AsyncHttpClient-1-2] DEBUG org.asynchttpclient.netty.handler.HttpHandler - 

Request DefaultFullHttpRequest(decodeResult: success, version: HTTP/1.1, content: EmptyByteBufBE)
GET /wd/hub/session/7ae98af1-f0c4-48bb-82e0-609d7d4c050b/appium/device/current_package HTTP/1.1
User-Agent: selenium/4.5.0 (java windows)
Cache-Control: no-cache
Content-Type: application/json; charset=utf-8
host: 0.0.0.0:4723
accept: */*

Response DefaultHttpResponse(decodeResult: success, version: HTTP/1.1)
HTTP/1.1 200 OK
X-Powered-By: Express
Content-Type: application/json; charset=utf-8
ETag: W/&quot;32-eTt0cyG1lRZFwg41v5DvvJC6bfE&quot;
Date: Fri, 02 Dec 2022 04:26:13 GMT
Connection: keep-alive
Keep-Alive: timeout=600
content-length: 50

&amp;#27;[35m[HTTP]&amp;#27;[39m &amp;#27;[37m&lt;-09:56:13.492 [AsyncHttpClient-1-2] DEBUG org.asynchttpclient.netty.channel.ChannelManager - Adding key: http://0.0.0.0:4723 for channel [id: 0x007e0974, L:/127.0.0.1:56617 - R:/127.0.0.1:4723]
- GET /wd/hub/session/7ae98af1-f0c4-48bb-82e0-609d7d4c050b/appium/device/current_package &amp;#27;[39m&amp;#27;[32m200&amp;#27;[39m &amp;#27;[90m79 ms - 50&amp;#27;[39m
&amp;#27;[35m[HTTP]&amp;#27;[39m &amp;#27;[90m&amp;#27;[39m
09:56:13.494 [Forwarding terminateApp on session 7ae98af1-f0c4-48bb-82e0-609d7d4c050b to remote] DEBUG org.asynchttpclient.netty.request.NettyRequestSender - Using pooled Channel &apos;[id: 0x007e0974, L:/127.0.0.1:56617 - R:/127.0.0.1:4723]&apos; for &apos;POST&apos; to &apos;http://0.0.0.0:4723/wd/hub/session/7ae98af1-f0c4-48bb-82e0-609d7d4c050b/appium/device/terminate_app&apos;
09:56:13.494 [Forwarding terminateApp on session 7ae98af1-f0c4-48bb-82e0-609d7d4c050b to remote] DEBUG org.asynchttpclient.netty.request.NettyRequestSender - Using open Channel [id: 0x007e0974, L:/127.0.0.1:56617 - R:/127.0.0.1:4723] for POST &apos;/wd/hub/session/7ae98af1-f0c4-48bb-82e0-609d7d4c050b/appium/device/terminate_app&apos;
&amp;#27;[35m[HTTP]&amp;#27;[39m &amp;#27;[37m--&gt;&amp;#27;[39m &amp;#27;[37mPOST&amp;#27;[39m &amp;#27;[37m/wd/hub/session/7ae98af1-f0c4-48bb-82e0-609d7d4c050b/appium/device/terminate_app&amp;#27;[39m
&amp;#27;[35m[HTTP]&amp;#27;[39m &amp;#27;[90m{&quot;bundleId&quot;:&quot;com.example.android.testing.notes.mock&quot;}&amp;#27;[39m
[debug] &amp;#27;[35m[W3C (7ae98af1)]&amp;#27;[39m Calling AppiumDriver.terminateApp() with args: [&quot;com.example.android.testing.notes.mock&quot;,null,null,null,&quot;7ae98af1-f0c4-48bb-82e0-609d7d4c050b&quot;]
&amp;#27;[35m[AndroidDriver]&amp;#27;[39m Terminating &apos;com.example.android.testing.notes.mock&apos;
[debug] &amp;#27;[35m[ADB]&amp;#27;[39m Getting IDs of all &apos;com.example.android.testing.notes.mock&apos; processes
[debug] &amp;#27;[35m[ADB]&amp;#27;[39m Running &apos;C:\Users\manis\AppData\Local\Android\Sdk\platform-tools\adb.exe -P 5037 -s 7b38ef97 shell pgrep -f \(\[\[:blank:\]\]\|\^\)com\.example\.android\.testing\.notes\.mock\(\[\[:blank:\]\]\|\$\)&apos;
[debug] &amp;#27;[35m[ADB]&amp;#27;[39m Running &apos;C:\Users\manis\AppData\Local\Android\Sdk\platform-tools\adb.exe -P 5037 -s 7b38ef97 shell am force-stop com.example.android.testing.notes.mock&apos;
&amp;#27;[35m[AndroidDriver]&amp;#27;[39m Querying the state of &apos;com.example.android.testing.notes.mock&apos;
[debug] &amp;#27;[35m[ADB]&amp;#27;[39m Getting install status for com.example.android.testing.notes.mock
[debug] &amp;#27;[35m[ADB]&amp;#27;[39m Running &apos;C:\Users\manis\AppData\Local\Android\Sdk\platform-tools\adb.exe -P 5037 -s 7b38ef97 shell dumpsys package com.example.android.testing.notes.mock&apos;
[debug] &amp;#27;[35m[ADB]&amp;#27;[39m &apos;com.example.android.testing.notes.mock&apos; is installed
[debug] &amp;#27;[35m[ADB]&amp;#27;[39m Getting IDs of all &apos;com.example.android.testing.notes.mock&apos; processes
[debug] &amp;#27;[35m[ADB]&amp;#27;[39m Running &apos;C:\Users\manis\AppData\Local\Android\Sdk\platform-tools\adb.exe -P 5037 -s 7b38ef97 shell pgrep -f \(\[\[:blank:\]\]\|\^\)com\.example\.android\.testing\.notes\.mock\(\[\[:blank:\]\]\|\$\)&apos;
&amp;#27;[35m[AndroidDriver]&amp;#27;[39m &apos;com.example.android.testing.notes.mock&apos; has been successfully terminated
[debug] &amp;#27;[35m[W3C (7ae98af1)]&amp;#27;[39m Responding to client with driver.terminateApp() result: true
09:56:13.791 [AsyncHttpClient-1-2] DEBUG org.asynchttpclient.netty.handler.HttpHandler - 

Request DefaultHttpRequest(decodeResult: success, version: HTTP/1.1)
POST /wd/hub/session/7ae98af1-f0c4-48bb-82e0-609d7d4c050b/appium/device/terminate_app HTTP/1.1
User-Agent: selenium/4.5.0 (java windows)
Content-Length: 58
Content-Type: application/json; charset=utf-8
host: 0.0.0.0:4723
accept: */*

Response DefaultHttpResponse(decodeResult: success, version: HTTP/1.1)
HTTP/1.1 200 OK
X-Powered-By: Express
Vary: X-HTTP-Method-Override
Content-Type: application/json; charset=utf-8
ETag: W/&quot;e-2ZHvAWebNQpyjGZTg6uyV8/spTo&quot;
Date: Fri, 02 Dec 2022 04:26:13 GMT
Connection: keep-alive
Keep-Alive: timeout=600
content-length: 14

09:56:13.792 [AsyncHttpClient-1-2] DEBUG org.asynchttpclient.netty.channel.ChannelManager - Adding key: http://0.0.0.0:4723 for channel [id: 0x007e0974, L:/127.0.0.1:56617 - R:/127.0.0.1:4723]
&amp;#27;[35m[HTTP]&amp;#27;[39m &amp;#27;[37m&lt;-- POST /wd/hub/session/7ae98af1-f0c4-48bb-82e0-609d7d4c050b/appium/device/terminate_app &amp;#27;[39m&amp;#27;[32m200&amp;#27;[39m &amp;#27;[90m295 ms - 14&amp;#27;[39m
&amp;#27;[35m[HTTP]&amp;#27;[39m &amp;#27;[90m&amp;#27;[39m
09:56:13.794 [Forwarding activateApp on session 7ae98af1-f0c4-48bb-82e0-609d7d4c050b to remote] DEBUG org.asynchttpclient.netty.request.NettyRequestSender - Using pooled Channel &apos;[id: 0x007e0974, L:/127.0.0.1:56617 - R:/127.0.0.1:4723]&apos; for &apos;POST&apos; to &apos;http://0.0.0.0:4723/wd/hub/session/7ae98af1-f0c4-48bb-82e0-609d7d4c050b/appium/device/activate_app&apos;
09:56:13.794 [Forwarding activateApp on session 7ae98af1-f0c4-48bb-82e0-609d7d4c050b to remote] DEBUG org.asynchttpclient.netty.request.NettyRequestSender - Using open Channel [id: 0x007e0974, L:/127.0.0.1:56617 - R:/127.0.0.1:4723] for POST &apos;/wd/hub/session/7ae98af1-f0c4-48bb-82e0-609d7d4c050b/appium/device/activate_app&apos;
&amp;#27;[35m[HTTP]&amp;#27;[39m &amp;#27;[37m--&gt;&amp;#27;[39m &amp;#27;[37mPOST&amp;#27;[39m &amp;#27;[37m/wd/hub/session/7ae98af1-f0c4-48bb-82e0-609d7d4c050b/appium/device/activate_app&amp;#27;[39m
&amp;#27;[35m[HTTP]&amp;#27;[39m &amp;#27;[90m{&quot;bundleId&quot;:&quot;com.example.android.testing.notes.mock&quot;}&amp;#27;[39m
[debug] &amp;#27;[35m[W3C (7ae98af1)]&amp;#27;[39m Calling AppiumDriver.activateApp() with args: [&quot;com.example.android.testing.notes.mock&quot;,null,null,null,&quot;7ae98af1-f0c4-48bb-82e0-609d7d4c050b&quot;]
[debug] &amp;#27;[35m[AndroidDriver]&amp;#27;[39m Activating &apos;com.example.android.testing.notes.mock&apos; with &apos;adb shell monkey -p com.example.android.testing.notes.mock -c android.intent.category.LAUNCHER 1&apos; command
[debug] &amp;#27;[35m[ADB]&amp;#27;[39m Running &apos;C:\Users\manis\AppData\Local\Android\Sdk\platform-tools\adb.exe -P 5037 -s 7b38ef97 shell monkey -p com.example.android.testing.notes.mock -c android.intent.category.LAUNCHER 1&apos;
[debug] &amp;#27;[35m[AndroidDriver]&amp;#27;[39m Command stdout: bash arg: -p
[debug] &amp;#27;[35m[AndroidDriver]&amp;#27;[39m   bash arg: com.example.android.testing.notes.mock
[debug] &amp;#27;[35m[AndroidDriver]&amp;#27;[39m   bash arg: -c
[debug] &amp;#27;[35m[AndroidDriver]&amp;#27;[39m   bash arg: android.intent.category.LAUNCHER
[debug] &amp;#27;[35m[AndroidDriver]&amp;#27;[39m   bash arg: 1
[debug] &amp;#27;[35m[AndroidDriver]&amp;#27;[39m Events injected: 1
[debug] &amp;#27;[35m[AndroidDriver]&amp;#27;[39m09:56:16.124 [AsyncHttpClient-1-2] DEBUG org.asynchttpclient.netty.handler.HttpHandler - 

Request DefaultHttpRequest(decodeResult: success, version: HTTP/1.1)
POST /wd/hub/session/7ae98af1-f0c4-48bb-82e0-609d7d4c050b/appium/device/activate_app HTTP/1.1
User-Agent: selenium/4.5.0 (java windows)
Content-Length: 58
Content-Type: application/json; charset=utf-8
host: 0.0.0.0:4723
accept: */*

Response DefaultHttpResponse(decodeResult: success, version: HTTP/1.1)
HTTP/1.1 200 OK
X-Powered-By: Express
Vary: X-HTTP-Method-Override
Content-Type: application/json; charset=utf-8
ETag: W/&quot;e-9/1BuKMgFObM1mWJm+YjxtXJnUM&quot;
Date: Fri, 02 Dec 2022 04:26:16 GMT
Connection: keep-alive
Keep-Alive: timeout=600
content-length: 14

 ## Network stats: elapsed time=30ms (0ms mobile, 0ms wifi, 30ms not connected)
[debug] &amp;#27;[35m[W3C (7ae98af1)]&amp;#27;[39m Responding to client with driver.activateApp() result: null
09:56:16.124 [AsyncHttpClient-1-2] DEBUG org.asynchttpclient.netty.channel.ChannelManager - Adding key: http://0.0.0.0:4723 for channel [id: 0x007e0974, L:/127.0.0.1:56617 - R:/127.0.0.1:4723]
&amp;#27;[35m[HTTP]&amp;#27;[39m &amp;#27;[37m&lt;-- POST /wd/hub/session/7ae98af1-f0c4-48bb-82e0-609d7d4c050b/appium/device/activate_app &amp;#27;[39m&amp;#27;[32m200&amp;#27;[39m &amp;#27;[90m2326 ms - 14&amp;#27;[39m
&amp;#27;[35m[HTTP]&amp;#27;[39m &amp;#27;[90m&amp;#27;[39m
09:56:16.125 [Forwarding setScreenOrientation on session 7ae98af1-f0c4-48bb-82e0-609d7d4c050b to remote] DEBUG org.asynchttpclient.netty.request.NettyRequestSender - Using pooled Channel &apos;[id: 0x007e0974, L:/127.0.0.1:56617 - R:/127.0.0.1:4723]&apos; for &apos;POST&apos; to &apos;http://0.0.0.0:4723/wd/hub/session/7ae98af1-f0c4-48bb-82e0-609d7d4c050b/orientation&apos;
09:56:16.125 [Forwarding setScreenOrientation on session 7ae98af1-f0c4-48bb-82e0-609d7d4c050b to remote] DEBUG org.asynchttpclient.netty.request.NettyRequestSender - Using open Channel [id: 0x007e0974, L:/127.0.0.1:56617 - R:/127.0.0.1:4723] for POST &apos;/wd/hub/session/7ae98af1-f0c4-48bb-82e0-609d7d4c050b/orientation&apos;
&amp;#27;[35m[HTTP]&amp;#27;[39m &amp;#27;[37m--&gt;&amp;#27;[39m &amp;#27;[37mPOST&amp;#27;[39m &amp;#27;[37m/wd/hub/session/7ae98af1-f0c4-48bb-82e0-609d7d4c050b/orientation&amp;#27;[39m
&amp;#27;[35m[HTTP]&amp;#27;[39m &amp;#27;[90m{&quot;orientation&quot;:&quot;PORTRAIT&quot;}&amp;#27;[39m
&amp;#27;[35m[W3C (7ae98af1)]&amp;#27;[39m Driver proxy active, passing request on via HTTP proxy
[debug] &amp;#27;[35m[WD Proxy]&amp;#27;[39m Matched &apos;/wd/hub/session/7ae98af1-f0c4-48bb-82e0-609d7d4c050b/orientation&apos; to command name &apos;setOrientation&apos;
[debug] &amp;#27;[35m[WD Proxy]&amp;#27;[39m Proxying [POST /wd/hub/session/7ae98af1-f0c4-48bb-82e0-609d7d4c050b/orientation] to [POST http://127.0.0.1:8200/wd/hub/session/015791bc-716d-4afa-9c1f-c27f676dbeb8/orientation] with body: {&quot;orientation&quot;:&quot;PORTRAIT&quot;}
[debug] &amp;#27;[35m[WD Proxy]&amp;#27;[39m Got response with status 200: {&quot;sessionId&quot;:&quot;015791bc-716d-4afa-9c1f-c27f676dbeb8&quot;,&quot;value&quot;:&quot;PORTRAIT&quot;}
&amp;#27;[35m[WD Proxy]&amp;#27;[39m Replacing sessionId 015791bc-716d-4afa-9c1f-c27f676dbeb8 with 7ae98af1-f0c4-48bb-82e0-609d7d4c050b
&amp;#27;[35m[HTTP]&amp;#27;[39m &amp;#27;[37m&lt;-- POST /wd/hub/session/7ae98af1-f0c4-48bb-82e0-609d7d4c0509:56:17.012 [AsyncHttpClient-1-2] DEBUG org.asynchttpclient.netty.handler.HttpHandler - 

Request DefaultHttpRequest(decodeResult: success, version: HTTP/1.1)
POST /wd/hub/session/7ae98af1-f0c4-48bb-82e0-609d7d4c050b/orientation HTTP/1.1
User-Agent: selenium/4.5.0 (java windows)
Content-Length: 31
Content-Type: application/json; charset=utf-8
host: 0.0.0.0:4723
accept: */*

Response DefaultHttpResponse(decodeResult: success, version: HTTP/1.1)
HTTP/1.1 200 OK
X-Powered-By: Express
Vary: X-HTTP-Method-Override
Content-Type: application/json; charset=utf-8
ETag: W/&quot;47-nuZkbZ5cDWcgorvGrQ6XMSz8sXw&quot;
Date: Fri, 02 Dec 2022 04:26:17 GMT
Connection: keep-alive
Keep-Alive: timeout=600
content-length: 71

0b/orientation &amp;#27;[39m&amp;#27;[32m200&amp;#27;[39m &amp;#27;[90m885 ms - 71&amp;#27;[39m
&amp;#27;[35m[HTTP]&amp;#27;[39m &amp;#27;[90m&amp;#27;[39m
09:56:17.013 [AsyncHttpClient-1-2] DEBUG org.asynchttpclient.netty.channel.ChannelManager - Adding key: http://0.0.0.0:4723 for channel [id: 0x007e0974, L:/127.0.0.1:56617 - R:/127.0.0.1:4723]
  &amp;#27;[32mAnd &amp;#27;[0m&amp;#27;[32mI restart app&amp;#27;[0m                            &amp;#27;[90m# com.example.cocusmobiletest.stepdefinitions.NewNoteStepdefs.restart_app()&amp;#27;[0m
09:56:17.015 [Forwarding findElement on session 7ae98af1-f0c4-48bb-82e0-609d7d4c050b to remote] DEBUG org.asynchttpclient.netty.request.NettyRequestSender - Using pooled Channel &apos;[id: 0x007e0974, L:/127.0.0.1:56617 - R:/127.0.0.1:4723]&apos; for &apos;POST&apos; to &apos;http://0.0.0.0:4723/wd/hub/session/7ae98af1-f0c4-48bb-82e0-609d7d4c050b/element&apos;
09:56:17.015 [Forwarding findElement on session 7ae98af1-f0c4-48bb-82e0-609d7d4c050b to remote] DEBUG org.asynchttpclient.netty.request.NettyRequestSender - Using open Channel [id: 0x007e0974, L:/127.0.0.1:56617 - R:/127.0.0.1:4723] for POST &apos;/wd/hub/session/7ae98af1-f0c4-48bb-82e0-609d7d4c050b/element&apos;
&amp;#27;[35m[HTTP]&amp;#27;[39m &amp;#27;[37m--&gt;&amp;#27;[39m &amp;#27;[37mPOST&amp;#27;[39m &amp;#27;[37m/wd/hub/session/7ae98af1-f0c4-48bb-82e0-609d7d4c050b/element&amp;#27;[39m
&amp;#27;[35m[HTTP]&amp;#27;[39m &amp;#27;[90m{&quot;using&quot;:&quot;id&quot;,&quot;value&quot;:&quot;com.example.android.testing.notes.mock:id/fab_add_notes&quot;}&amp;#27;[39m
[debug] &amp;#27;[35m[W3C (7ae98af1)]&amp;#27;[39m Calling AppiumDriver.findElement() with args: [&quot;id&quot;,&quot;com.example.android.testing.notes.mock:id/fab_add_notes&quot;,&quot;7ae98af1-f0c4-48bb-82e0-609d7d4c050b&quot;]
[debug] &amp;#27;[35m[BaseDriver]&amp;#27;[39m Valid locator strategies for this request: xpath, id, class name, accessibility id, css selector, -android uiautomator
[debug] &amp;#27;[35m[BaseDriver]&amp;#27;[39m Waiting up to 0 ms for condition
[debug] &amp;#27;[35m[WD Proxy]&amp;#27;[39m Matched &apos;/element&apos; to command name &apos;findElement&apos;
[debug] &amp;#27;[35m[WD Proxy]&amp;#27;[39m Proxying [POST /element] to [POST http://127.0.0.1:8200/wd/hub/session/015791bc-716d-4afa-9c1f-c27f676dbeb8/element] with body: {&quot;strategy&quot;:&quot;id&quot;,&quot;selector&quot;:&quot;com.example.android.testing.notes.mock:id/fab_add_notes&quot;,&quot;context&quot;:&quot;&quot;,&quot;multiple&quot;:false}
[debug] &amp;#27;[35m[WD Proxy]&amp;#27;[39m Got response with status 200: {&quot;sessionId&quot;:&quot;015791bc-716d-4afa-9c1f-c27f676dbeb8&quot;,&quot;value&quot;:{&quot;ELEMENT&quot;:&quot;00000000-0000-1bfd-ffff-ffff00000010&quot;,&quot;element-6066-11e4-a52e-4f735466cecf&quot;:&quot;00000000-0000-1bfd-ffff-ffff00000010&quot;}}
09:56:17.034 [AsyncHttpClient-1-2] DEBUG org.asynchttpclient.netty.handler.HttpHandler - 

Request DefaultHttpRequest(decodeResult: success, version: HTTP/1.1)
POST /wd/hub/session/7ae98af1-f0c4-48bb-82e0-609d7d4c050b/element HTTP/1.1
User-Agent: selenium/4.5.0 (java windows)
Content-Length: 94
Content-Type: application/json; charset=utf-8
host: 0.0.0.0:4723
accept: */*

Response DefaultHttpResponse(decodeResult: success, version: HTTP/1.1)
HTTP/1.1 200 OK
X-Powered-By: Express
Vary: X-HTTP-Method-Override
Content-Type: application/json; charset=utf-8
ETag: W/&quot;89-yWkwtAed5BqrLvZMQQnF4SjzwEo&quot;
Date: Fri, 02 Dec 2022 04:26:17 GMT
Connection: keep-alive
Keep-Alive: timeout=600
content-length: 137

[debug] &amp;#27;[35m[W3C (7ae98af1)]&amp;#27;[39m Responding to client with driver.findElement() result: {&quot;elemen09:56:17.034 [AsyncHttpClient-1-2] DEBUG org.asynchttpclient.netty.channel.ChannelManager - Adding key: http://0.0.0.0:4723 for channel [id: 0x007e0974, L:/127.0.0.1:56617 - R:/127.0.0.1:4723]
t-6066-11e4-a52e-4f735466cecf&quot;:&quot;00000000-0000-1bfd-ffff-ffff00000010&quot;,&quot;ELEMENT&quot;:&quot;00000000-0000-1bfd-ffff-ffff00000010&quot;}
&amp;#27;[35m[HTTP]&amp;#27;[39m &amp;#27;[37m&lt;-- POST /wd/hub/session/7ae98af1-f0c4-48bb-82e0-609d7d4c050b/element &amp;#27;[39m&amp;#27;[32m200&amp;#27;[39m &amp;#27;[909:56:17.035 [Forwarding isElementDisplayed on session 7ae98af1-f0c4-48bb-82e0-609d7d4c050b to remote] DEBUG org.asynchttpclient.netty.request.NettyRequestSender - Using pooled Channel &apos;[id: 0x007e0974, L:/127.0.0.1:56617 - R:/127.0.0.1:4723]&apos; for &apos;GET&apos; to &apos;http://0.0.0.0:4723/wd/hub/session/7ae98af1-f0c4-48bb-82e0-609d7d4c050b/element/00000000-0000-1bfd-ffff-ffff00000010/displayed&apos;
0m17 ms - 137&amp;#27;[309:56:17.036 [Forwarding isElementDisplayed on session 7ae98af1-f0c4-48bb-82e0-609d7d4c050b to remote] DEBUG org.asynchttpclient.netty.request.NettyRequestSender - Using open Channel [id: 0x007e0974, L:/127.0.0.1:56617 - R:/127.0.0.1:4723] for GET &apos;/wd/hub/session/7ae98af1-f0c4-48bb-82e0-609d7d4c050b/element/00000000-0000-1bfd-ffff-ffff00000010/displayed&apos;
9m
&amp;#27;[35m[HTTP]&amp;#27;[39m &amp;#27;[90m&amp;#27;[39m
&amp;#27;[35m[HTTP]&amp;#27;[39m &amp;#27;[37m--&gt;&amp;#27;[39m &amp;#27;[37mGET&amp;#27;[39m &amp;#27;[37m/wd/hub/session/7ae98af1-f0c4-48bb-82e0-609d7d4c050b/element/00000000-0000-1bfd-ffff-ffff00000010/displayed&amp;#27;[39m
&amp;#27;[35m[HTTP]&amp;#27;[39m &amp;#27;[90m{}&amp;#27;[39m
[debug] &amp;#27;[35m[W3C (7ae98af1)]&amp;#27;[39m Calling AppiumDriver.elementDisplayed() with args: [&quot;00000000-0000-1bfd-ffff-ffff00000010&quot;,&quot;7ae98af1-f0c4-48bb-82e0-609d7d4c050b&quot;]
[debug] &amp;#27;[35m[WD Proxy]&amp;#27;[39m Matched &apos;/element/00000000-0000-1bfd-ffff-ffff00000010/attribute/displayed&apos; to command name &apos;getAttribute&apos;
[debug] &amp;#27;[35m[WD Proxy]&amp;#27;[39m Proxying [GET /element/00000000-0000-1bfd-ffff-ffff00000010/attribute/displayed] to [GET http://127.0.0.1:8200/wd/hub/session/015791bc-716d-4afa-9c1f-c27f676dbeb8/element/00000000-0000-1bfd-ffff-ffff00000010/attribute/displayed] with no body
[debug] &amp;#27;[35m[WD Proxy]&amp;#27;[39m Got response with status 200: {&quot;sessionId&quot;:&quot;015791bc-716d-4afa-9c1f-c27f676dbeb8&quot;,&quot;value&quot;:&quot;true&quot;}
09:56:17.045 [AsyncHttpClient-1-2] DEBUG org.asynchttpclient.netty.handler.HttpHandler - 

Request DefaultFullHttpRequest(decodeResult: success, version: HTTP/1.1, content: EmptyByteBufBE)
GET /wd/hub/session/7ae98af1-f0c4-48bb-82e0-609d7d4c050b/element/00000000-0000-1bfd-ffff-ffff00000010/displayed HTTP/1.1
User-Agent: selenium/4.5.0 (java windows)
Cache-Control: no-cache
Content-Type: application/json; charset=utf-8
host: 0.0.0.0:4723
accept: */*

Response DefaultHttpResponse(decodeResult: success, version: HTTP/1.1)
HTTP/1.1 200 OK
X-Powered-By: Express
Content-Type: application/json; charset=utf-8
ETag: W/&quot;e-2ZHvAWebNQpyjGZTg6uyV8/spTo&quot;
Date: Fri, 02 Dec 2022 04:26:17 GMT
Connection: keep-alive
Keep-Alive: timeout=600
content-length: 14

[debug] &amp;#27;[35m[W3C (7ae98af1)]&amp;#27;[39m Responding to client with driver.elementDisplayed() result: true
&amp;#27;[35m[HTTP]&amp;#27;[39m &amp;#27;[37m&lt;-- GET /09:56:17.045 [AsyncHttpClient-1-2] DEBUG org.asynchttpclient.netty.channel.ChannelManager - Adding key: http://0.0.0.0:4723 for channel [id: 0x007e0974, L:/127.0.0.1:56617 - R:/127.0.0.1:4723]
wd/hub/session/7ae98af1-f0c4-48bb-82e0-609d7d4c050b/element/00000000-0000-1bfd-ffff-ffff00000010/displayed &amp;#27;[39m&amp;#27;[32m200&amp;#27;[39m &amp;#27;[90m7 ms - 14&amp;#27;[39m
&amp;#27;[35m[HTTP]&amp;#27;[39m &amp;#27;[90m&amp;#27;[39m
09:56:17.046 [Forwarding findElement on session 7ae98af1-f0c4-48bb-82e0-609d7d4c050b to remote] DEBUG org.asynchttpclient.netty.request.NettyRequestSender - Using pooled Channel &apos;[id: 0x007e0974, L:/127.0.0.1:56617 - R:/127.0.0.1:4723]&apos; for &apos;POST&apos; to &apos;http://0.0.0.0:4723/wd/hub/session/7ae98af1-f0c4-48bb-82e0-609d7d4c050b/element&apos;
09:56:17.047 [Forwarding findElement on session 7ae98af1-f0c4-48bb-82e0-609d7d4c050b to remote] DEBUG org.asynchttpclient.netty.request.NettyRequestSender - Using open Channel [id: 0x007e0974, L:/127.0.0.1:56617 - R:/127.0.0.1:4723] for POST &apos;/wd/hub/session/7ae98af1-f0c4-48bb-82e0-609d7d4c050b/element&apos;
&amp;#27;[35m[HTTP]&amp;#27;[39m &amp;#27;[37m--&gt;&amp;#27;[39m &amp;#27;[37mPOST&amp;#27;[39m &amp;#27;[37m/wd/hub/session/7ae98af1-f0c4-48bb-82e0-609d7d4c050b/element&amp;#27;[39m
&amp;#27;[35m[HTTP]&amp;#27;[39m &amp;#27;[90m{&quot;using&quot;:&quot;id&quot;,&quot;value&quot;:&quot;com.example.android.testing.notes.mock:id/fab_add_notes&quot;}&amp;#27;[39m
[debug] &amp;#27;[35m[W3C (7ae98af1)]&amp;#27;[39m Calling AppiumDriver.findElement() with args: [&quot;id&quot;,&quot;com.example.android.testing.notes.mock:id/fab_add_notes&quot;,&quot;7ae98af1-f0c4-48bb-82e0-609d7d4c050b&quot;]
[debug] &amp;#27;[35m[BaseDriver]&amp;#27;[39m Valid locator strategies for this request: xpath, id, class name, accessibility id, css selector, -android uiautomator
[debug] &amp;#27;[35m[BaseDriver]&amp;#27;[39m Waiting up to 0 ms for condition
[debug] &amp;#27;[35m[WD Proxy]&amp;#27;[39m Matched &apos;/element&apos; to command name &apos;findElement&apos;
[debug] &amp;#27;[35m[WD Proxy]&amp;#27;[39m Proxying [POST /element] to [POST http://127.0.0.1:8200/wd/hub/session/015791bc-716d-4afa-9c1f-c27f676dbeb8/element] with body: {&quot;strategy&quot;:&quot;id&quot;,&quot;selector&quot;:&quot;com.example.android.testing.notes.mock:id/fab_add_notes&quot;,&quot;context&quot;:&quot;&quot;,&quot;multiple&quot;:false}
[debug] &amp;#27;[35m[WD Proxy]&amp;#27;[39m Got response with status 200: {&quot;sessionId&quot;:&quot;015791bc-716d-4afa-9c1f-c27f676dbeb8&quot;,&quot;value&quot;:{&quot;ELEMENT&quot;:&quot;00000000-0000-1bfd-ffff-ffff00000010&quot;,&quot;element-6066-11e4-a52e-4f735466cecf&quot;:&quot;00000000-0000-1bfd-ffff-ffff00000010&quot;}}
[debug] &amp;#27;[35m[W3C (7ae98af1)]&amp;#27;[39m Responding to client with driver.findElement() result: {09:56:17.062 [AsyncHttpClient-1-2] DEBUG org.asynchttpclient.netty.handler.HttpHandler - 

Request DefaultHttpRequest(decodeResult: success, version: HTTP/1.1)
POST /wd/hub/session/7ae98af1-f0c4-48bb-82e0-609d7d4c050b/element HTTP/1.1
User-Agent: selenium/4.5.0 (java windows)
Content-Length: 94
Content-Type: application/json; charset=utf-8
host: 0.0.0.0:4723
accept: */*

Response DefaultHttpResponse(decodeResult: success, version: HTTP/1.1)
HTTP/1.1 200 OK
X-Powered-By: Express
Vary: X-HTTP-Method-Override
Content-Type: application/json; charset=utf-8
ETag: W/&quot;89-yWkwtAed5BqrLvZMQQnF4SjzwEo&quot;
Date: Fri, 02 Dec 2022 04:26:17 GMT
Connection: keep-alive
Keep-Alive: timeout=600
content-length: 137

&quot;element-6066-11e4-a52e-4f735466cecf&quot;:&quot;00000000-0000-1bfd-ffff09:56:17.063 [AsyncHttpClient-1-2] DEBUG org.asynchttpclient.netty.channel.ChannelManager - Adding key: http://0.0.0.0:4723 for channel [id: 0x007e0974, L:/127.0.0.1:56617 - R:/127.0.0.1:4723]
-ffff00000010&quot;,&quot;ELEMENT&quot;:&quot;00000000-0000-1bfd-ffff-ffff00000010&quot;}
&amp;#27;[35m[HTTP]&amp;#27;[39m &amp;#27;[37m&lt;-- POST /wd/hub/session/7ae98af1-f0c4-48bb-82e0-609d7d4c050b/element &amp;#27;[39m&amp;#27;[32m200&amp;#27;[39m &amp;#27;[90m15 ms - 137&amp;#27;[39m
09:56:17.064 [Forwarding isElementEnabled on session 7ae98af1-f0c4-48bb-82e0-609d7d4c050b to remote] DEBUG org.asynchttpclient.netty.request.NettyRequestSender - Using pooled Channel &apos;[id: 0x007e0974, L:/127.0.0.1:56617 - R:/127.0.0.1:4723]&apos; for &apos;GET&apos; to &apos;http://0.0.0.0:4723/wd/hub/session/7ae98af1-f0c4-48bb-82e0-609d7d4c050b/element/00000000-0000-1bfd-ffff-ffff00000010/enabled&apos;
&amp;#27;[35m[HTTP]&amp;#27;[39m &amp;#27;[90m&amp;#27;[39m
09:56:17.064 [Forwarding isElementEnabled on session 7ae98af1-f0c4-48bb-82e0-609d7d4c050b to remote] DEBUG org.asynchttpclient.netty.request.NettyRequestSender - Using open Channel [id: 0x007e0974, L:/127.0.0.1:56617 - R:/127.0.0.1:4723] for GET &apos;/wd/hub/session/7ae98af1-f0c4-48bb-82e0-609d7d4c050b/element/00000000-0000-1bfd-ffff-ffff00000010/enabled&apos;
&amp;#27;[35m[HTTP]&amp;#27;[39m &amp;#27;[37m--&gt;&amp;#27;[39m &amp;#27;[37mGET&amp;#27;[39m &amp;#27;[37m/wd/hub/session/7ae98af1-f0c4-48bb-82e0-609d7d4c050b/element/00000000-0000-1bfd-ffff-ffff00000010/enabled&amp;#27;[39m
&amp;#27;[35m[HTTP]&amp;#27;[39m &amp;#27;[90m{}&amp;#27;[39m
[debug] &amp;#27;[35m[W3C (7ae98af1)]&amp;#27;[39m Calling AppiumDriver.elementEnabled() with args: [&quot;00000000-0000-1bfd-ffff-ffff00000010&quot;,&quot;7ae98af1-f0c4-48bb-82e0-609d7d4c050b&quot;]
[debug] &amp;#27;[35m[WD Proxy]&amp;#27;[39m Matched &apos;/element/00000000-0000-1bfd-ffff-ffff00000010/attribute/enabled&apos; to command name &apos;getAttribute&apos;
[debug] &amp;#27;[35m[WD Proxy]&amp;#27;[39m Proxying [GET /element/00000000-0000-1bfd-ffff-ffff00000010/attribute/enabled] to [GET http://127.0.0.1:8200/wd/hub/session/015791bc-716d-4afa-9c1f-c27f676dbeb8/element/00000000-0000-1bfd-ffff-ffff00000010/attribute/enabled] with no body
[debug] &amp;#27;[35m[WD Proxy]&amp;#27;[39m Got response with status 200: {&quot;sessionId&quot;:&quot;015791bc-716d-4afa-9c1f-c27f676dbeb8&quot;,&quot;value&quot;:&quot;true&quot;}
[debug] &amp;#27;[35m[W3C (7ae98af1)]&amp;#27;[39m Responding to client with driver.elementEnabled() result: true
09:56:17.076 [AsyncHttpClient-1-2] DEBUG org.asynchttpclient.netty.handler.HttpHandler - 

Request DefaultFullHttpRequest(decodeResult: success, version: HTTP/1.1, content: EmptyByteBufBE)
GET /wd/hub/session/7ae98af1-f0c4-48bb-82e0-609d7d4c050b/element/00000000-0000-1bfd-ffff-ffff00000010/enabled HTTP/1.1
User-Agent: selenium/4.5.0 (java windows)
Cache-Control: no-cache
Content-Type: application/json; charset=utf-8
host: 0.0.0.0:4723
accept: */*

Response DefaultHttpResponse(decodeResult: success, version: HTTP/1.1)
HTTP/1.1 200 OK
X-Powered-By: Express
Content-Type: application/json; charset=utf-8
ETag: W/&quot;e-2ZHvAWebNQpyjGZTg6uyV8/spTo&quot;
Date: Fri, 02 Dec 2022 04:26:17 GMT
Connection: keep-alive
Keep-Alive: timeout=600
content-length: 14

09:56:17.076 [AsyncHttpClient-1-2] DEBUG org.asynchttpclient.netty.channel.ChannelManager - Adding key: http://0.0.0.0:4723 for channel [id: 0x007e0974, L:/127.0.0.1:56617 - R:/127.0.0.1:4723]
&amp;#27;[35m[HTTP]&amp;#27;[39m &amp;#27;[37m&lt;-- GET /wd/hub/session/7ae98af1-f0c4-48bb-82e0-609d7d4c050b/element/00000000-0000-1bfd-ffff-ffff00000010/enabled &amp;#27;[39m&amp;#27;[32m200&amp;#27;[39m &amp;#27;[90m10 ms - 14&amp;#27;[39m
&amp;#27;[35m[HTTP]&amp;#27;[39m &amp;#27;[90m&amp;#27;[39m
09:56:17.077 [Forwarding findElements on session 7ae98af1-f0c4-48bb-82e0-609d7d4c050b to remote] DEBUG org.asynchttpclient.netty.request.NettyRequestSender - Using pooled Channel &apos;[id: 0x007e0974, L:/127.0.0.1:56617 - R:/127.0.0.1:4723]&apos; for &apos;POST&apos; to &apos;http://0.0.0.0:4723/wd/hub/session/7ae98af1-f0c4-48bb-82e0-609d7d4c050b/elements&apos;
09:56:17.077 [Forwarding findElements on session 7ae98af1-f0c4-48bb-82e0-609d7d4c050b to remote] DEBUG org.asynchttpclient.netty.request.NettyRequestSender - Using open Channel [id: 0x007e0974, L:/127.0.0.1:56617 - R:/127.0.0.1:4723] for POST &apos;/wd/hub/session/7ae98af1-f0c4-48bb-82e0-609d7d4c050b/elements&apos;
&amp;#27;[35m[HTTP]&amp;#27;[39m &amp;#27;[37m--&gt;&amp;#27;[39m &amp;#27;[37mPOST&amp;#27;[39m &amp;#27;[37m/wd/hub/session/7ae98af1-f0c4-48bb-82e0-609d7d4c050b/elements&amp;#27;[39m
&amp;#27;[35m[HTTP]&amp;#27;[39m &amp;#27;[90m{&quot;using&quot;:&quot;id&quot;,&quot;value&quot;:&quot;com.example.android.testing.notes.mock:id/note_detail_title&quot;}&amp;#27;[39m
[debug] &amp;#27;[35m[W3C (7ae98af1)]&amp;#27;[39m Calling AppiumDriver.findElements() with args: [&quot;id&quot;,&quot;com.example.android.testing.notes.mock:id/note_detail_title&quot;,&quot;7ae98af1-f0c4-48bb-82e0-609d7d4c050b&quot;]
[debug] &amp;#27;[35m[BaseDriver]&amp;#27;[39m Valid locator strategies for this request: xpath, id, class name, accessibility id, css selector, -android uiautomator
[debug] &amp;#27;[35m[BaseDriver]&amp;#27;[39m Waiting up to 0 ms for condition
[debug] &amp;#27;[35m[WD Proxy]&amp;#27;[39m Matched &apos;/elements&apos; to command name &apos;findElements&apos;
[debug] &amp;#27;[35m[WD Proxy]&amp;#27;[39m Proxying [POST /elements] to [POST http://127.0.0.1:8200/wd/hub/session/015791bc-716d-4afa-9c1f-c27f676dbeb8/elements] with body: {&quot;strategy&quot;:&quot;id&quot;,&quot;selector&quot;:&quot;com.example.android.testing.notes.mock:id/note_detail_title&quot;,&quot;context&quot;:&quot;&quot;,&quot;multiple&quot;:true}
[debug] &amp;#27;[35m[WD Proxy]&amp;#27;[39m Got response with status 200: {&quot;sessionId&quot;:&quot;015791bc-716d-4afa-9c1f-c27f676dbeb8&quot;,&quot;value&quot;:[]}
[debug] &amp;#27;[35m[W3C (7ae98af1)]&amp;#27;[39m Responding to client with driver.findElements() result: []
09:56:17.090 [AsyncHttpClient-1-2] DEBUG org.asynchttpclient.netty.handler.HttpHandler - 

Request DefaultHttpRequest(decodeResult: success, version: HTTP/1.1)
POST /wd/hub/session/7ae98af1-f0c4-48bb-82e0-609d7d4c050b/elements HTTP/1.1
User-Agent: selenium/4.5.0 (java windows)
Content-Length: 98
Content-Type: application/json; charset=utf-8
host: 0.0.0.0:4723
accept: */*

Response DefaultHttpResponse(decodeResult: success, version: HTTP/1.1)
HTTP/1.1 200 OK
X-Powered-By: Express
Vary: X-HTTP-Method-Override
Content-Type: application/json; charset=utf-8
ETag: W/&quot;c-ct3goOI+b+kRZv2R9j2fTtMXwkk&quot;
Date: Fri, 02 Dec 2022 04:26:17 GMT
Connection: keep-alive
Keep-Alive: timeout=600
content-length: 12

09:56:17.090 [AsyncHttpClient-1-2] DEBUG org.asynchttpclient.netty.channel.ChannelManager - Adding key: http://0.0.0.0:4723 for channel [id: 0x007e0974, L:/127.0.0.1:56617 - R:/127.0.0.1:4723]
&amp;#27;[35m[HTTP]&amp;#27;[39m &amp;#27;[37m&lt;-- POST /wd/hub/session/7ae98af1-f0c4-48bb-82e0-609d7d4c050b/elements &amp;#27;[39m&amp;#27;[32m200&amp;#27;[39m &amp;#27;[90m11 ms - 12&amp;#27;[39m
&amp;#27;[35m[HTTP]&amp;#27;[39m &amp;#27;[90m&amp;#27;[39m
  &amp;#27;[31mThen &amp;#27;[0m&amp;#27;[31mVerify Note count is &amp;#27;[0m&amp;#27;[31m&amp;#27;[1m&quot;3&quot;&amp;#27;[0m                &amp;#27;[90m# com.example.cocusmobiletest.stepdefinitions.NewNoteStepdefs.Verify_Note_count_is(java.lang.String)&amp;#27;[0m
      &amp;#27;[31mjava.lang.AssertionError: Note count is not as expected expected:&lt;3&gt; but was:&lt;0&gt;
	at org.junit.Assert.fail(Assert.java:88)
	at org.junit.Assert.failNotEquals(Assert.java:743)
	at org.junit.Assert.assertEquals(Assert.java:118)
	at com.example.cocusmobiletest.stepdefinitions.NewNoteStepdefs.Verify_Note_count_is(NewNoteStepdefs.java:110)
	at Ã¢Å“Â½.Verify Note count is &quot;3&quot;(file:///C:/SagarV/Projects/COCUS-Challenge/cocus-mobiletest-challenge/cocus-mobile-test/src/test/resources/features/AddNotes.feature:61)
&amp;#27;[0m
09:56:17.093 [Forwarding screenshot on session 7ae98af1-f0c4-48bb-82e0-609d7d4c050b to remote] DEBUG org.asynchttpclient.netty.request.NettyRequestSender - Using pooled Channel &apos;[id: 0x007e0974, L:/127.0.0.1:56617 - R:/127.0.0.1:4723]&apos; for &apos;GET&apos; to &apos;http://0.0.0.0:4723/wd/hub/session/7ae98af1-f0c4-48bb-82e0-609d7d4c050b/screenshot&apos;
09:56:17.093 [Forwarding screenshot on session 7ae98af1-f0c4-48bb-82e0-609d7d4c050b to remote] DEBUG org.asynchttpclient.netty.request.NettyRequestSender - Using open Channel [id: 0x007e0974, L:/127.0.0.1:56617 - R:/127.0.0.1:4723] for GET &apos;/wd/hub/session/7ae98af1-f0c4-48bb-82e0-609d7d4c050b/screenshot&apos;
&amp;#27;[35m[HTTP]&amp;#27;[39m &amp;#27;[37m--&gt;&amp;#27;[39m &amp;#27;[37mGET&amp;#27;[39m &amp;#27;[37m/wd/hub/session/7ae98af1-f0c4-48bb-82e0-609d7d4c050b/screenshot&amp;#27;[39m
&amp;#27;[35m[HTTP]&amp;#27;[39m &amp;#27;[90m{}&amp;#27;[39m
[debug] &amp;#27;[35m[W3C (7ae98af1)]&amp;#27;[39m Calling AppiumDriver.getScreenshot() with args: [&quot;7ae98af1-f0c4-48bb-82e0-609d7d4c050b&quot;]
[debug] &amp;#27;[35m[WD Proxy]&amp;#27;[39m Matched &apos;/screenshot&apos; to command name &apos;getScreenshot&apos;
[debug] &amp;#27;[35m[WD Proxy]&amp;#27;[39m Proxying [GET /screenshot] to [GET http://127.0.0.1:8200/wd/hub/session/015791bc-716d-4afa-9c1f-c27f676dbeb8/screenshot] with no body
[debug] &amp;#27;[35m[WD Proxy]&amp;#27;[39m Got response with status 200: {&quot;sessionId&quot;:&quot;015791bc-716d-4afa-9c1f-c27f676dbeb8&quot;,&quot;value&quot;:&quot;iVBORw0KGgoAAAANSUhEUgAABDgAAAlgCAYAAABtGofVAAAAAXNSR0IArs4c6QAAAARzQklUCAgI\nCHwIZIgAACAASURBVHic7J13XBPnH8c/l4QECBskLhSDAwRBBQeIGxS17tU62mrV2u2qtf1VrXbX\n2dph1WrrrNZdrSjuAe4BAiqKDEFA2RBWkvv9EXLJZUBCAog8774s3OW55+7IJXfP5/l+P18K3f1p\nEAgEAoFAIBAIBAKBQCA0YDj1fQAEAoFAIBAIBAKBQCAQCKZCBA4CgUAgEAgEAoFAIBAIDR4i09:56:17.297 [AsyncHttpClient-1-2] DEBUG org.asynchttpclient.netty.handler.HttpHandler - 

Request DefaultFullHttpRequest(decodeResult: success, version: HTTP/1.1, content: EmptyByteBufBE)
GET /wd/hub/session/7ae98af1-f0c4-48bb-82e0-609d7d4c050b/screenshot HTTP/1.1
User-Agent: selenium/4.5.0 (java windows)
Cache-Control: no-cache
Content-Type: application/json; charset=utf-8
host: 0.0.0.0:4723
accept: */*

Response DefaultHttpResponse(decodeResult: success, version: HTTP/1.1)
HTTP/1.1 200 OK
X-Powered-By: Express
Content-Type: application/json; charset=utf-8
ETag: W/&quot;127a2-MgcV2b6nThoqvtCH7/kU+QF05is&quot;
Date: Fri, 02 Dec 2022 04:26:17 GMT
Connection: keep-alive
Keep-Alive: timeout=600
content-length: 75682

cBAI\nBAKBQCAQCAQCgUBo8BCBg0AgEAgEAoFAIBAIBEKDhwgcBAKBQCAQCAQCgUAgEBo8ROAgEAgEAoFA\nI09:56:17.298 [AsyncHttpClient-1-2] DEBUG org.asynchttpclient.netty.channel.ChannelManager - Adding key: http://0.0.0.0:4723 for channel [id: 0x007e0974, L:/127.0.0.1:56617 - R:/127.0.0.1:4723]
BAIBAKB0OAhAgeBQCAQCAQCgUAgEAiEBg8ROAgEAoFAIBAIBAKBQCA0eIjAQSAQCAQCgUAgEAgE\nAqHBQwQOAoFAIBAIBAKBQCAQCA0eInAQCAQCgUAgEAgEAoFAaPAQgYNAIBAIBAKBQCAQCARCg4cI\nHAQCgUAgEAgEAoFAIBAaPETgIBAIBAKBQCAQCAQCgdDgIQIHgUAgEAgEAoFAIBAIhAYPETgIBAKB\nQCAQCAQCgUAgNHiIwEEgEAgEAoFAIBAIBAKhwUMEDgKBQCAQCAQCgUAgEAgNHiJwEAgEAoFAIBAI\nBAKBQGjwEIGDQCAQCAQCgUAgEAgEQoOHCBwEAoFAIBAIBAKBQCAQGjxE4CAQCAQCgUAgEAgEAoHQ\n4CECB4FAIBAIBAKBQCAQCIQGDxE4CAQCgUAgEAgEAoFAID
    Embedding Notes are saved after Restarting App [image/png 55296 bytes]

R4iMBBIBAIBAKBQCAQCAQCocFDBA4C\ngUAgEAgEAoFAIBAIDR4icBAIBAKBQCAQCAQCgUBo8BCBg0AgEAgEAoFAIBAIBEKDhwgcBAKBQCAQ\nCAQCgUAgEBo8ROAgEAgEAoFA...
[debug] &amp;#27;[35m[W3C (7ae98af1)]&amp;#27;[39m Responding to client with driver.getScreenshot() result: &quot;iVBORw0KGgo</system-out>
  </testcase>
  <testcase classname="Add Notes" name="Verify Blank Note Cannot be added" time="7.906">
    <failure type="java.lang.AssertionError">java.lang.AssertionError
	at org.junit.Assert.fail(Assert.java:86)
	at org.junit.Assert.assertTrue(Assert.java:41)
	at org.junit.Assert.assertFalse(Assert.java:64)
	at org.junit.Assert.assertFalse(Assert.java:74)
	at com.example.cocusmobiletest.stepdefinitions.NewNoteStepdefs.Verify_Blank_note_is_note_saved(NewNoteStepdefs.java:139)
	at âœ½.Verify Blank note is note saved(file:///C:/SagarV/Projects/COCUS-Challenge/cocus-mobiletest-challenge/cocus-mobile-test/src/test/resources/features/AddNotes.feature:66)
</failure>
    <system-out>AAAANSUhEUgAABDgAAAlgCAYAAABtGofVAAAAAXNSR0IArs4c6QAAAARzQklUCAgI\nCHwIZIgAACAASURBVHic7J13XBPnH8c/l4QECBskLhSDAwRBBQeIGxS17tU62mrV2u2qtf1VrXbX\n2dph1WrrrNZdrSjuAe4BAiqKDEFA2RBWkvv9EXLJZUBCAog8774s3OW55+7IJXfP5/l+P18K3f1p\nEAgEAoFAIBAIBAKBQCA0YDj1fQAEAoFAIBAIBAKBQCAQCKZCBA4CgUAgEAgEAoFAIBAIDR4icBAI\nBAKBQCAQCAQCgUBo8BCBg0AgEAgEAoFAIBAIBEKDhwgcBAKBQCAQCAQCgUAgEBo8ROAgEAgEAoFA\nIBAIBAKB0OAhAgeBQCAQCAQCgUAgEAiEBg8ROAgEAoFAIBAIBAKBQCA0eIjAQSAQCAQCgUAgEAgE\nAqHBQwQOAoFAIBAIBAKBQCAQCA0eInAQCAQCgUAgEAgEAoFAaPAQgYNAIBAIBAKBQCAQCARCg4cI\nHAQCgUAgEAgEAoFAIBAaPETgIBAIBAKBQCAQCAQCgdDgIQIHgUAgEAgEAoFAIBAIhAYPETgIBAKB\nQCAQCAQCgUAgNHiIwEEgEAgEAoFAIBAIBAKhwUMEDgKBQCAQCAQCgUAgEAgNHiJwEAgEAoFAIBAI\nBAKBQGjwEIGDQCAQCAQCgUAgEAgEQoOHCBwEAoFAIBAIBAKBQCAQGjxE4CAQCAQCgUAgEAgEAoHQ\n4CECB4FAIBAIBAKBQCAQCIQGDxE4CAQCgUAgEAgEAoFAIDR4iMBBIBAIBAKBQCAQCAQCocFDBA4C\ngUAgEAgEAoFAIBAIDR4icBAIBAKBQCAQCAQCgUBo8BCBg0AgEAgEAoFAIBAIBEKDhwgcBAKBQCAQ\nCAQCgUAgEBo8ROAgEAgEAoFAIBAIBAKB0OAhAgeBQCAQCAQCgUAgEAiEBg8ROAgEAoFAIBAItYKd\nUIgZI0...
&amp;#27;[35m[HTTP]&amp;#27;[39m &amp;#27;[37m&lt;-- GET /wd/hub/session/7ae98af1-f0c4-48bb-82e0-609d7d4c050b/screenshot &amp;#27;[39m&amp;#27;[32m200&amp;#27;[39m &amp;#27;[90m203 ms - 75682&amp;#27;[39m
&amp;#27;[35m[HTTP]&amp;#27;[39m &amp;#27;[90m&amp;#27;[39m

@sanity
Scenario: Verify Blank Note Cannot be added &amp;#27;[90m# src/test/resources/features/AddNotes.feature:64&amp;#27;[0m
09:56:17.316 [Forwarding findElement on session 7ae98af1-f0c4-48bb-82e0-609d7d4c050b to remote] DEBUG org.asynchttpclient.netty.request.NettyRequestSender - Using pooled Channel &apos;[id: 0x007e0974, L:/127.0.0.1:56617 - R:/127.0.0.1:4723]&apos; for &apos;POST&apos; to &apos;http://0.0.0.0:4723/wd/hub/session/7ae98af1-f0c4-48bb-82e0-609d7d4c050b/element&apos;
09:56:17.316 [Forwarding findElement on session 7ae98af1-f0c4-48bb-82e0-609d7d4c050b to remote] DEBUG org.asynchttpclient.netty.request.NettyRequestSender - Using open Channel [id: 0x007e0974, L:/127.0.0.1:56617 - R:/127.0.0.1:4723] for POST &apos;/wd/hub/session/7ae98af1-f0c4-48bb-82e0-609d7d4c050b/element&apos;
&amp;#27;[35m[HTTP]&amp;#27;[39m &amp;#27;[37m--&gt;&amp;#27;[39m &amp;#27;[37mPOST&amp;#27;[39m &amp;#27;[37m/wd/hub/session/7ae98af1-f0c4-48bb-82e0-609d7d4c050b/element&amp;#27;[39m
&amp;#27;[35m[HTTP]&amp;#27;[39m &amp;#27;[90m{&quot;using&quot;:&quot;id&quot;,&quot;value&quot;:&quot;com.example.android.testing.notes.mock:id/fab_add_notes&quot;}&amp;#27;[39m
[debug] &amp;#27;[35m[W3C (7ae98af1)]&amp;#27;[39m Calling AppiumDriver.findElement() with args: [&quot;id&quot;,&quot;com.example.android.testing.notes.mock:id/fab_add_notes&quot;,&quot;7ae98af1-f0c4-48bb-82e0-609d7d4c050b&quot;]
[debug] &amp;#27;[35m[BaseDriver]&amp;#27;[39m Valid locator strategies for this request: xpath, id, class name, accessibility id, css selector, -android uiautomator
[debug] &amp;#27;[35m[BaseDriver]&amp;#27;[39m Waiting up to 0 ms for condition
[debug] &amp;#27;[35m[WD Proxy]&amp;#27;[39m Matched &apos;/element&apos; to command name &apos;findElement&apos;
[debug] &amp;#27;[35m[WD Proxy]&amp;#27;[39m Proxying [POST /element] to [POST http://127.0.0.1:8200/wd/hub/session/015791bc-716d-4afa-9c1f-c27f676dbeb8/element] with body: {&quot;strategy&quot;:&quot;id&quot;,&quot;selector&quot;:&quot;com.example.android.testing.notes.mock:id/fab_add_notes&quot;,&quot;context&quot;:&quot;&quot;,&quot;multiple&quot;:false}
[debug] &amp;#27;[35m[WD Proxy]&amp;#27;[39m Got response with status 200: {&quot;sessionId&quot;:&quot;015791bc-716d-4afa-9c1f-c27f676dbeb8&quot;,&quot;value&quot;:{&quot;ELEMENT&quot;:&quot;00000000-0000-1bfd-ffff-ffff00000010&quot;,&quot;element-6066-11e4-a52e-4f735466cecf&quot;:&quot;00000000-0000-1bfd-ffff-ffff00000010&quot;}}
[debug] &amp;#27;[35m[W3C (7ae98af1)]&amp;#27;[39m Respond09:56:17.330 [AsyncHttpClient-1-2] DEBUG org.asynchttpclient.netty.handler.HttpHandler - 

Request DefaultHttpRequest(decodeResult: success, version: HTTP/1.1)
POST /wd/hub/session/7ae98af1-f0c4-48bb-82e0-609d7d4c050b/element HTTP/1.1
User-Agent: selenium/4.5.0 (java windows)
Content-Length: 94
Content-Type: application/json; charset=utf-8
host: 0.0.0.0:4723
accept: */*

Response DefaultHttpResponse(decodeResult: success, version: HTTP/1.1)
HTTP/1.1 200 OK
X-Powered-By: Express
Vary: X-HTTP-Method-Override
Content-Type: application/json; charset=utf-8
ETag: W/&quot;89-yWkwtAed5BqrLvZMQQnF4SjzwEo&quot;
Date: Fri, 02 Dec 2022 04:26:17 GMT
Connection: keep-alive
Keep-Alive: timeout=600
content-length: 137

ing to client with driver.findElement() result: {&quot;element-09:56:17.330 [AsyncHttpClient-1-2] DEBUG org.asynchttpclient.netty.channel.ChannelManager - Adding key: http://0.0.0.0:4723 for channel [id: 0x007e0974, L:/127.0.0.1:56617 - R:/127.0.0.1:4723]
6066-11e4-a52e-4f735466cecf&quot;:&quot;00000000-0000-1bfd-ffff-ffff00000010&quot;,&quot;ELEMENT&quot;:&quot;00000000-0000-1bfd-ffff-ffff00000010&quot;}
&amp;#27;[35m[HTTP]&amp;#27;[39m &amp;#27;[37m&lt;-- POST /wd/hub/session/7ae98af1-f0c4-48bb-82e0-609d7d4c050b/element &amp;#27;[39m&amp;#27;[32m200&amp;#27;[39m &amp;#27;[90m12 ms - 137&amp;#27;[39m
&amp;#27;[35m[HTTP]&amp;#27;[39m &amp;#27;[90m&amp;#27;[39m
09:56:17.332 [Forwarding isElementDisplayed on session 7ae98af1-f0c4-48bb-82e0-609d7d4c050b to remote] DEBUG org.asynchttpclient.netty.request.NettyRequestSender - Using pooled Channel &apos;[id: 0x007e0974, L:/127.0.0.1:56617 - R:/127.0.0.1:4723]&apos; for &apos;GET&apos; to &apos;http://0.0.0.0:4723/wd/hub/session/7ae98af1-f0c4-48bb-82e0-609d7d4c050b/element/00000000-0000-1bfd-ffff-ffff00000010/displayed&apos;
09:56:17.332 [Forwarding isElementDisplayed on session 7ae98af1-f0c4-48bb-82e0-609d7d4c050b to remote] DEBUG org.asynchttpclient.netty.request.NettyRequestSender - Using open Channel [id: 0x007e0974, L:/127.0.0.1:56617 - R:/127.0.0.1:4723] for GET &apos;/wd/hub/session/7ae98af1-f0c4-48bb-82e0-609d7d4c050b/element/00000000-0000-1bfd-ffff-ffff00000010/displayed&apos;
&amp;#27;[35m[HTTP]&amp;#27;[39m &amp;#27;[37m--&gt;&amp;#27;[39m &amp;#27;[37mGET&amp;#27;[39m &amp;#27;[37m/wd/hub/session/7ae98af1-f0c4-48bb-82e0-609d7d4c050b/element/00000000-0000-1bfd-ffff-ffff00000010/displayed&amp;#27;[39m
&amp;#27;[35m[HTTP]&amp;#27;[39m &amp;#27;[90m{}&amp;#27;[39m
[debug] &amp;#27;[35m[W3C (7ae98af1)]&amp;#27;[39m Calling AppiumDriver.elementDisplayed() with args: [&quot;00000000-0000-1bfd-ffff-ffff00000010&quot;,&quot;7ae98af1-f0c4-48bb-82e0-609d7d4c050b&quot;]
[debug] &amp;#27;[35m[WD Proxy]&amp;#27;[39m Matched &apos;/element/00000000-0000-1bfd-ffff-ffff00000010/attribute/displayed&apos; to command name &apos;getAttribute&apos;
[debug] &amp;#27;[35m[WD Proxy]&amp;#27;[39m Proxying [GET /element/00000000-0000-1bfd-ffff-ffff00000010/attribute/displayed] to [GET http://127.0.0.1:8200/wd/hub/session/015791bc-716d-4afa-9c1f-c27f676dbeb8/element/00000000-0000-1bfd-ffff-ffff00000010/attribute/displayed] with no body
[debug] &amp;#27;[35m[WD Proxy]&amp;#27;[39m Got response with status 200: {&quot;sessionId&quot;:&quot;015791bc-716d-4afa-9c1f-c27f676dbeb8&quot;,&quot;value&quot;:&quot;true&quot;}
[debug] &amp;#27;[35m[W3C (7ae98af1)]&amp;#27;[39m Responding to client with driver.elementDisplayed() result: true
09:56:17.340 [AsyncHttpClient-1-2] DEBUG org.asynchttpclient.netty.handler.HttpHandler - 

Request DefaultFullHttpRequest(decodeResult: success, version: HTTP/1.1, content: EmptyByteBufBE)
GET /wd/hub/session/7ae98af1-f0c4-48bb-82e0-609d7d4c050b/element/00000000-0000-1bfd-ffff-ffff00000010/displayed HTTP/1.1
User-Agent: selenium/4.5.0 (java windows)
Cache-Control: no-cache
Content-Type: application/json; charset=utf-8
host: 0.0.0.0:4723
accept: */*

Response DefaultHttpResponse(decodeResult: success, version: HTTP/1.1)
HTTP/1.1 200 OK
X-Powered-By: Express
Content-Type: application/json; charset=utf-8
ETag: W/&quot;e-2ZHvAWebNQpyjGZTg6uyV8/spTo&quot;
Date: Fri, 02 Dec 2022 04:26:17 GMT
Connection: keep-alive
Keep-Alive: timeout=600
content-length: 14

&amp;#27;[35m[HTTP]09:56:17.340 [AsyncHttpClient-1-2] DEBUG org.asynchttpclient.netty.channel.ChannelManager - Adding key: http://0.0.0.0:4723 for channel [id: 0x007e0974, L:/127.0.0.1:56617 - R:/127.0.0.1:4723]
&amp;#27;[39m &amp;#27;[37m&lt;-- GET /wd/hub/session/7ae98af1-f0c4-48bb-82e0-609d7d4c050b/element/00000000-0000-1bfd-ffff-ffff00000010/displayed &amp;#27;[39m&amp;#27;[32m200&amp;#27;[39m &amp;#27;[90m7 ms - 14&amp;#27;[39m
&amp;#27;[35m[HTTP]&amp;#27;[39m &amp;#27;[90m&amp;#27;[39m
09:56:17.342 [Forwarding findElement on session 7ae98af1-f0c4-48bb-82e0-609d7d4c050b to remote] DEBUG org.asynchttpclient.netty.request.NettyRequestSender - Using pooled Channel &apos;[id: 0x007e0974, L:/127.0.0.1:56617 - R:/127.0.0.1:4723]&apos; for &apos;POST&apos; to &apos;http://0.0.0.0:4723/wd/hub/session/7ae98af1-f0c4-48bb-82e0-609d7d4c050b/element&apos;
09:56:17.342 [Forwarding findElement on session 7ae98af1-f0c4-48bb-82e0-609d7d4c050b to remote] DEBUG org.asynchttpclient.netty.request.NettyRequestSender - Using open Channel [id: 0x007e0974, L:/127.0.0.1:56617 - R:/127.0.0.1:4723] for POST &apos;/wd/hub/session/7ae98af1-f0c4-48bb-82e0-609d7d4c050b/element&apos;
&amp;#27;[35m[HTTP]&amp;#27;[39m &amp;#27;[37m--&gt;&amp;#27;[39m &amp;#27;[37mPOST&amp;#27;[39m &amp;#27;[37m/wd/hub/session/7ae98af1-f0c4-48bb-82e0-609d7d4c050b/element&amp;#27;[39m
&amp;#27;[35m[HTTP]&amp;#27;[39m &amp;#27;[90m{&quot;using&quot;:&quot;id&quot;,&quot;value&quot;:&quot;com.example.android.testing.notes.mock:id/fab_add_notes&quot;}&amp;#27;[39m
[debug] &amp;#27;[35m[W3C (7ae98af1)]&amp;#27;[39m Calling AppiumDriver.findElement() with args: [&quot;id&quot;,&quot;com.example.android.testing.notes.mock:id/fab_add_notes&quot;,&quot;7ae98af1-f0c4-48bb-82e0-609d7d4c050b&quot;]
[debug] &amp;#27;[35m[BaseDriver]&amp;#27;[39m Valid locator strategies for this request: xpath, id, class name, accessibility id, css selector, -android uiautomator
[debug] &amp;#27;[35m[BaseDriver]&amp;#27;[39m Waiting up to 0 ms for condition
[debug] &amp;#27;[35m[WD Proxy]&amp;#27;[39m Matched &apos;/element&apos; to command name &apos;findElement&apos;
[debug] &amp;#27;[35m[WD Proxy]&amp;#27;[39m Proxying [POST /element] to [POST http://127.0.0.1:8200/wd/hub/session/015791bc-716d-4afa-9c1f-c27f676dbeb8/element] with body: {&quot;strategy&quot;:&quot;id&quot;,&quot;selector&quot;:&quot;com.example.android.testing.notes.mock:id/fab_add_notes&quot;,&quot;context&quot;:&quot;&quot;,&quot;multiple&quot;:false}
[debug] &amp;#27;[35m[WD Proxy]&amp;#27;[39m Got response with status 200: {&quot;sessionId&quot;:&quot;015791bc-716d-4afa-9c1f-c27f676dbeb8&quot;,&quot;value&quot;:{&quot;ELEMENT&quot;:&quot;00000000-0000-1bfd-ffff-ffff00000010&quot;,&quot;element-6066-11e4-a52e-4f735466cecf&quot;:&quot;00000000-0000-1bfd-ffff-ffff00000010&quot;}}
[debug] &amp;#27;[35m[W3C (7ae98af1)]&amp;#27;[39m Responding to client with driver.findElement() re09:56:17.359 [AsyncHttpClient-1-2] DEBUG org.asynchttpclient.netty.handler.HttpHandler - 

Request DefaultHttpRequest(decodeResult: success, version: HTTP/1.1)
POST /wd/hub/session/7ae98af1-f0c4-48bb-82e0-609d7d4c050b/element HTTP/1.1
User-Agent: selenium/4.5.0 (java windows)
Content-Length: 94
Content-Type: application/json; charset=utf-8
host: 0.0.0.0:4723
accept: */*

Response DefaultHttpResponse(decodeResult: success, version: HTTP/1.1)
HTTP/1.1 200 OK
X-Powered-By: Express
Vary: X-HTTP-Method-Override
Content-Type: application/json; charset=utf-8
ETag: W/&quot;89-yWkwtAed5BqrLvZMQQnF4SjzwEo&quot;
Date: Fri, 02 Dec 2022 04:26:17 GMT
Connection: keep-alive
Keep-Alive: timeout=600
content-length: 137

sult: {&quot;element-6066-11e4-a52e-4f735466cecf&quot;:&quot;0000000009:56:17.360 [AsyncHttpClient-1-2] DEBUG org.asynchttpclient.netty.channel.ChannelManager - Adding key: http://0.0.0.0:4723 for channel [id: 0x007e0974, L:/127.0.0.1:56617 - R:/127.0.0.1:4723]
-0000-1bfd-ffff-ffff00000010&quot;,&quot;ELEMENT&quot;:&quot;00000000-0000-1bfd-ffff-ffff00000010&quot;}
&amp;#27;[35m[HTTP]&amp;#27;[39m &amp;#27;[37m&lt;-- POST /wd/hub/session/7ae98af1-f0c4-48bb-82e0-609d7d4c050b/element &amp;#27;[39m&amp;#27;[32m200&amp;#27;[39m &amp;#27;[90m16 ms - 137&amp;#27;[39m
&amp;#27;[35m[HTTP]&amp;#27;[39m &amp;#27;[90m&amp;#27;[39m
09:56:17.361 [Forwarding isElementEnabled on session 7ae98af1-f0c4-48bb-82e0-609d7d4c050b to remote] DEBUG org.asynchttpclient.netty.request.NettyRequestSender - Using pooled Channel &apos;[id: 0x007e0974, L:/127.0.0.1:56617 - R:/127.0.0.1:4723]&apos; for &apos;GET&apos; to &apos;http://0.0.0.0:4723/wd/hub/session/7ae98af1-f0c4-48bb-82e0-609d7d4c050b/element/00000000-0000-1bfd-ffff-ffff00000010/enabled&apos;
09:56:17.361 [Forwarding isElementEnabled on session 7ae98af1-f0c4-48bb-82e0-609d7d4c050b to remote] DEBUG org.asynchttpclient.netty.request.NettyRequestSender - Using open Channel [id: 0x007e0974, L:/127.0.0.1:56617 - R:/127.0.0.1:4723] for GET &apos;/wd/hub/session/7ae98af1-f0c4-48bb-82e0-609d7d4c050b/element/00000000-0000-1bfd-ffff-ffff00000010/enabled&apos;
&amp;#27;[35m[HTTP]&amp;#27;[39m &amp;#27;[37m--&gt;&amp;#27;[39m &amp;#27;[37mGET&amp;#27;[39m &amp;#27;[37m/wd/hub/session/7ae98af1-f0c4-48bb-82e0-609d7d4c050b/element/00000000-0000-1bfd-ffff-ffff00000010/enabled&amp;#27;[39m
&amp;#27;[35m[HTTP]&amp;#27;[39m &amp;#27;[90m{}&amp;#27;[39m
[debug] &amp;#27;[35m[W3C (7ae98af1)]&amp;#27;[39m Calling AppiumDriver.elementEnabled() with args: [&quot;00000000-0000-1bfd-ffff-ffff00000010&quot;,&quot;7ae98af1-f0c4-48bb-82e0-609d7d4c050b&quot;]
[debug] &amp;#27;[35m[WD Proxy]&amp;#27;[39m Matched &apos;/element/00000000-0000-1bfd-ffff-ffff00000010/attribute/enabled&apos; to command name &apos;getAttribute&apos;
[debug] &amp;#27;[35m[WD Proxy]&amp;#27;[39m Proxying [GET /element/00000000-0000-1bfd-ffff-ffff00000010/attribute/enabled] to [GET http://127.0.0.1:8200/wd/hub/session/015791bc-716d-4afa-9c1f-c27f676dbeb8/element/00000000-0000-1bfd-ffff-ffff00000010/attribute/enabled] with no body
[debug] &amp;#27;[35m[WD Proxy]&amp;#27;[39m Got response with status 200: {&quot;sessionId&quot;:&quot;015791bc-716d-4afa-9c1f-c27f676dbeb8&quot;,&quot;value&quot;:&quot;true&quot;}
[debug] &amp;#27;[35m[W3C (7ae98af1)]&amp;#27;[39m Responding to client with driver.elementEnabled() result: true
09:56:17.372 [AsyncHttpClient-1-2] DEBUG org.asynchttpclient.netty.handler.HttpHandler - 

Request DefaultFullHttpRequest(decodeResult: success, version: HTTP/1.1, content: EmptyByteBufBE)
GET /wd/hub/session/7ae98af1-f0c4-48bb-82e0-609d7d4c050b/element/00000000-0000-1bfd-ffff-ffff00000010/enabled HTTP/1.1
User-Agent: selenium/4.5.0 (java windows)
Cache-Control: no-cache
Content-Type: application/json; charset=utf-8
host: 0.0.0.0:4723
accept: */*

Response DefaultHttpResponse(decodeResult: success, version: HTTP/1.1)
HTTP/1.1 200 OK
X-Powered-By: Express
Content-Type: application/json; charset=utf-8
ETag: W/&quot;e-2ZHvAWebNQpyjGZTg6uyV8/spTo&quot;
Date: Fri, 02 Dec 2022 04:26:17 GMT
Connection: keep-alive
Keep-Alive: timeout=600
content-length: 14

&amp;#27;09:56:17.373 [AsyncHttpClient-1-2] DEBUG org.asynchttpclient.netty.channel.ChannelManager - Adding key: http://0.0.0.0:4723 for channel [id: 0x007e0974, L:/127.0.0.1:56617 - R:/127.0.0.1:4723]
[35m[HTTP]&amp;#27;[39m &amp;#27;[37m&lt;-- GET /wd/hub/session/7ae98af1-f0c4-48bb-82e0-609d7d4c050b/element/00000000-0000-1bfd-ffff-ffff00000010/enabled &amp;#27;[39m&amp;#27;[32m200&amp;#27;[39m &amp;#27;[90m10 ms - 14&amp;#27;[39m
&amp;#27;[35m[HTTP]&amp;#27;[39m &amp;#27;[90m&amp;#27;[39m
09:56:17.374 [Forwarding findElement on session 7ae98af1-f0c4-48bb-82e0-609d7d4c050b to remote] DEBUG org.asynchttpclient.netty.request.NettyRequestSender - Using pooled Channel &apos;[id: 0x007e0974, L:/127.0.0.1:56617 - R:/127.0.0.1:4723]&apos; for &apos;POST&apos; to &apos;http://0.0.0.0:4723/wd/hub/session/7ae98af1-f0c4-48bb-82e0-609d7d4c050b/element&apos;
09:56:17.374 [Forwarding findElement on session 7ae98af1-f0c4-48bb-82e0-609d7d4c050b to remote] DEBUG org.asynchttpclient.netty.request.NettyRequestSender - Using open Channel [id: 0x007e0974, L:/127.0.0.1:56617 - R:/127.0.0.1:4723] for POST &apos;/wd/hub/session/7ae98af1-f0c4-48bb-82e0-609d7d4c050b/element&apos;
&amp;#27;[35m[HTTP]&amp;#27;[39m &amp;#27;[37m--&gt;&amp;#27;[39m &amp;#27;[37mPOST&amp;#27;[39m &amp;#27;[37m/wd/hub/session/7ae98af1-f0c4-48bb-82e0-609d7d4c050b/element&amp;#27;[39m
&amp;#27;[35m[HTTP]&amp;#27;[39m &amp;#27;[90m{&quot;using&quot;:&quot;id&quot;,&quot;value&quot;:&quot;com.example.android.testing.notes.mock:id/fab_add_notes&quot;}&amp;#27;[39m
[debug] &amp;#27;[35m[W3C (7ae98af1)]&amp;#27;[39m Calling AppiumDriver.findElement() with args: [&quot;id&quot;,&quot;com.example.android.testing.notes.mock:id/fab_add_notes&quot;,&quot;7ae98af1-f0c4-48bb-82e0-609d7d4c050b&quot;]
[debug] &amp;#27;[35m[BaseDriver]&amp;#27;[39m Valid locator strategies for this request: xpath, id, class name, accessibility id, css selector, -android uiautomator
[debug] &amp;#27;[35m[BaseDriver]&amp;#27;[39m Waiting up to 0 ms for condition
[debug] &amp;#27;[35m[WD Proxy]&amp;#27;[39m Matched &apos;/element&apos; to command name &apos;findElement&apos;
[debug] &amp;#27;[35m[WD Proxy]&amp;#27;[39m Proxying [POST /element] to [POST http://127.0.0.1:8200/wd/hub/session/015791bc-716d-4afa-9c1f-c27f676dbeb8/element] with body: {&quot;strategy&quot;:&quot;id&quot;,&quot;selector&quot;:&quot;com.example.android.testing.notes.mock:id/fab_add_notes&quot;,&quot;context&quot;:&quot;&quot;,&quot;multiple&quot;:false}
[debug] &amp;#27;[35m[WD Proxy]&amp;#27;[39m Got response with status 200: {&quot;sessionId&quot;:&quot;015791bc-716d-4afa-9c1f-c27f676dbeb8&quot;,&quot;value&quot;:{&quot;ELEMENT&quot;:&quot;00000000-0000-1bfd-ffff-ffff00000010&quot;,&quot;element-6066-11e4-a52e-4f735466cecf&quot;:&quot;00000000-0000-1bfd-ffff-ffff00000010&quot;}}
[debug] &amp;#27;[35m[W3C (7ae98af1)]&amp;#27;[39m Responding to client with driver.findElement() result: {&quot;element-6066-11e4-a52e-4f735466cecf&quot;:&quot;00000000-0000-1bfd-ffff-ffff00000010&quot;09:56:17.392 [AsyncHttpClient-1-2] DEBUG org.asynchttpclient.netty.handler.HttpHandler - 

Request DefaultHttpRequest(decodeResult: success, version: HTTP/1.1)
POST /wd/hub/session/7ae98af1-f0c4-48bb-82e0-609d7d4c050b/element HTTP/1.1
User-Agent: selenium/4.5.0 (java windows)
Content-Length: 94
Content-Type: application/json; charset=utf-8
host: 0.0.0.0:4723
accept: */*

Response DefaultHttpResponse(decodeResult: success, version: HTTP/1.1)
HTTP/1.1 200 OK
X-Powered-By: Express
Vary: X-HTTP-Method-Override
Content-Type: application/json; charset=utf-8
ETag: W/&quot;89-yWkwtAed5BqrLvZMQQnF4SjzwEo&quot;
Date: Fri, 02 Dec 2022 04:26:17 GMT
Connection: keep-alive
Keep-Alive: timeout=600
content-length: 137

,&quot;ELEMENT&quot;:&quot;00000000-0000-109:56:17.392 [AsyncHttpClient-1-2] DEBUG org.asynchttpclient.netty.channel.ChannelManager - Adding key: http://0.0.0.0:4723 for channel [id: 0x007e0974, L:/127.0.0.1:56617 - R:/127.0.0.1:4723]
bfd-ffff-ffff00000010&quot;}
&amp;#27;[35m[HTTP]&amp;#27;[39m &amp;#27;[37m&lt;-- POST /wd/hub/session/7ae98af1-f0c4-48bb-82e0-609d7d4c050b/element &amp;#27;[39m&amp;#27;[32m200&amp;#27;[39m &amp;#27;[90m16 ms - 137&amp;#27;[39m
&amp;#27;[35m[HTTP]&amp;#27;[39m &amp;#27;[90m&amp;#27;[39m
09:56:17.394 [Forwarding clickElement on session 7ae98af1-f0c4-48bb-82e0-609d7d4c050b to remote] DEBUG org.asynchttpclient.netty.request.NettyRequestSender - Using pooled Channel &apos;[id: 0x007e0974, L:/127.0.0.1:56617 - R:/127.0.0.1:4723]&apos; for &apos;POST&apos; to &apos;http://0.0.0.0:4723/wd/hub/session/7ae98af1-f0c4-48bb-82e0-609d7d4c050b/element/00000000-0000-1bfd-ffff-ffff00000010/click&apos;
09:56:17.394 [Forwarding clickElement on session 7ae98af1-f0c4-48bb-82e0-609d7d4c050b to remote] DEBUG org.asynchttpclient.netty.request.NettyRequestSender - Using open Channel [id: 0x007e0974, L:/127.0.0.1:56617 - R:/127.0.0.1:4723] for POST &apos;/wd/hub/session/7ae98af1-f0c4-48bb-82e0-609d7d4c050b/element/00000000-0000-1bfd-ffff-ffff00000010/click&apos;
&amp;#27;[35m[HTTP]&amp;#27;[39m &amp;#27;[37m--&gt;&amp;#27;[39m &amp;#27;[37mPOST&amp;#27;[39m &amp;#27;[37m/wd/hub/session/7ae98af1-f0c4-48bb-82e0-609d7d4c050b/element/00000000-0000-1bfd-ffff-ffff00000010/click&amp;#27;[39m
&amp;#27;[35m[HTTP]&amp;#27;[39m &amp;#27;[90m{&quot;id&quot;:&quot;00000000-0000-1bfd-ffff-ffff00000010&quot;}&amp;#27;[39m
[debug] &amp;#27;[35m[W3C (7ae98af1)]&amp;#27;[39m Calling AppiumDriver.click() with args: [&quot;00000000-0000-1bfd-ffff-ffff00000010&quot;,&quot;7ae98af1-f0c4-48bb-82e0-609d7d4c050b&quot;]
[debug] &amp;#27;[35m[WD Proxy]&amp;#27;[39m Matched &apos;/element/00000000-0000-1bfd-ffff-ffff00000010/click&apos; to command name &apos;click&apos;
[debug] &amp;#27;[35m[WD Proxy]&amp;#27;[39m Proxying [POST /element/00000000-0000-1bfd-ffff-ffff00000010/click] to [POST http://127.0.0.1:8200/wd/hub/session/015791bc-716d-4afa-9c1f-c27f676dbeb8/element/00000000-0000-1bfd-ffff-ffff00000010/click] with body: {&quot;element&quot;:&quot;00000000-0000-1bfd-ffff-ffff00000010&quot;}
[debug] &amp;#27;[35m[WD Proxy]&amp;#27;[39m Got response with status 200: {&quot;sessionId&quot;:&quot;015791bc-716d-4afa-9c1f-c27f676dbeb8&quot;,&quot;value&quot;:null}
[debug] &amp;#27;[35m[W3C (7ae98af1)]&amp;#27;[39m Responding to client with driver.click() result: null
09:56:17.434 [AsyncHttpClient-1-2] DEBUG org.asynchttpclient.netty.handler.HttpHandler - 

Request DefaultHttpRequest(decodeResult: success, version: HTTP/1.1)
POST /wd/hub/session/7ae98af1-f0c4-48bb-82e0-609d7d4c050b/element/00000000-0000-1bfd-ffff-ffff00000010/click HTTP/1.1
User-Agent: selenium/4.5.0 (java windows)
Content-Length: 50
Content-Type: application/json; charset=utf-8
host: 0.0.0.0:4723
accept: */*

Response DefaultHttpResponse(decodeResult: success, version: HTTP/1.1)
HTTP/1.1 200 OK
X-Powered-By: Express
Vary: X-HTTP-Method-Override
Content-Type: application/json; charset=utf-8
ETag: W/&quot;e-9/1BuKMgFObM1mWJm+YjxtXJnUM&quot;
Date: Fri, 02 Dec 2022 04:26:17 GMT
Connection: keep-alive
Keep-Alive: timeout=600
content-length: 14

&amp;#27;[35m[HTTP]09:56:17.434 [AsyncHttpClient-1-2] DEBUG org.asynchttpclient.netty.channel.ChannelManager - Adding key: http://0.0.0.0:4723 for channel [id: 0x007e0974, L:/127.0.0.1:56617 - R:/127.0.0.1:4723]
&amp;#27;[39m &amp;#27;[37m&lt;-- POST /wd/hub/session/7ae98af1-f0c4-48bb-82e0-609d7d4c050b/element/00000000-0000-1bfd-ffff-ffff00000010/click &amp;#27;[39m&amp;#27;[32m200&amp;#27;[39m &amp;#27;[90m39 ms - 14&amp;#27;[39m
&amp;#27;[35m[HTTP]&amp;#27;[39m &amp;#27;[90m&amp;#27;[39m
09:56:17.435 [Forwarding findElement on session 7ae98af1-f0c4-48bb-82e0-609d7d4c050b to remote] DEBUG org.asynchttpclient.netty.request.NettyRequestSender - Using pooled Channel &apos;[id: 0x007e0974, L:/127.0.0.1:56617 - R:/127.0.0.1:4723]&apos; for &apos;POST&apos; to &apos;http://0.0.0.0:4723/wd/hub/session/7ae98af1-f0c4-48bb-82e0-609d7d4c050b/element&apos;
09:56:17.435 [Forwarding findElement on session 7ae98af1-f0c4-48bb-82e0-609d7d4c050b to remote] DEBUG org.asynchttpclient.netty.request.NettyRequestSender - Using open Channel [id: 0x007e0974, L:/127.0.0.1:56617 - R:/127.0.0.1:4723] for POST &apos;/wd/hub/session/7ae98af1-f0c4-48bb-82e0-609d7d4c050b/element&apos;
&amp;#27;[35m[HTTP]&amp;#27;[39m &amp;#27;[37m--&gt;&amp;#27;[39m &amp;#27;[37mPOST&amp;#27;[39m &amp;#27;[37m/wd/hub/session/7ae98af1-f0c4-48bb-82e0-609d7d4c050b/element&amp;#27;[39m
&amp;#27;[35m[HTTP]&amp;#27;[39m &amp;#27;[90m{&quot;using&quot;:&quot;id&quot;,&quot;value&quot;:&quot;com.example.android.testing.notes.mock:id/add_note_title&quot;}&amp;#27;[39m
[debug] &amp;#27;[35m[W3C (7ae98af1)]&amp;#27;[39m Calling AppiumDriver.findElement() with args: [&quot;id&quot;,&quot;com.example.android.testing.notes.mock:id/add_note_title&quot;,&quot;7ae98af1-f0c4-48bb-82e0-609d7d4c050b&quot;]
[debug] &amp;#27;[35m[BaseDriver]&amp;#27;[39m Valid locator strategies for this request: xpath, id, class name, accessibility id, css selector, -android uiautomator
[debug] &amp;#27;[35m[BaseDriver]&amp;#27;[39m Waiting up to 0 ms for condition
[debug] &amp;#27;[35m[WD Proxy]&amp;#27;[39m Matched &apos;/element&apos; to command name &apos;findElement&apos;
[debug] &amp;#27;[35m[WD Proxy]&amp;#27;[39m Proxying [POST /element] to [POST http://127.0.0.1:8200/wd/hub/session/015791bc-716d-4afa-9c1f-c27f676dbeb8/element] with body: {&quot;strategy&quot;:&quot;id&quot;,&quot;selector&quot;:&quot;com.example.android.testing.notes.mock:id/add_note_title&quot;,&quot;context&quot;:&quot;&quot;,&quot;multiple&quot;:false}
&amp;#27;[35m[WD Proxy]&amp;#27;[39m Got response with status 404: {&quot;sessionId&quot;:&quot;015791bc-716d-4afa-9c1f-c27f676dbeb8&quot;,&quot;value&quot;:{&quot;error&quot;:&quot;no such element&quot;,&quot;message&quot;:&quot;An element could not be located on the page using the given search parameters&quot;,&quot;stacktrace&quot;:&quot;io.appium.uiautomator2.common.exceptions.ElementNotFoundException: An element could not be located on the page using the given search parameters\n\tat io.appium.uiautomator2.handler.FindElement.safeHandle(FindElement.java:70)\n\tat io.appium.uiautomator2.handler.request.SafeRequestHandler.handle(SafeRequestHa09:56:17.519 [AsyncHttpClient-1-2] DEBUG org.asynchttpclient.netty.handler.HttpHandler - 

Request DefaultHttpRequest(decodeResult: success, version: HTTP/1.1)
POST /wd/hub/session/7ae98af1-f0c4-48bb-82e0-609d7d4c050b/element HTTP/1.1
User-Agent: selenium/4.5.0 (java windows)
Content-Length: 95
Content-Type: application/json; charset=utf-8
host: 0.0.0.0:4723
accept: */*

Response DefaultHttpResponse(decodeResult: success, version: HTTP/1.1)
HTTP/1.1 404 Not Found
X-Powered-By: Express
Vary: X-HTTP-Method-Override
Content-Type: application/json; charset=utf-8
ETag: W/&quot;370-dTE2jiWDUpBVgBRiqETyupcduWo&quot;
Date: Fri, 02 Dec 2022 04:26:17 GMT
Connection: keep-alive
Keep-Alive: timeout=600
content-length: 880

ndler.java:59)\n\tat io.appium.uiautomator2.server.AppiumServlet.handleRequest09:56:17.519 [AsyncHttpClient-1-2] DEBUG org.asynchttpclient.netty.channel.ChannelManager - Adding key: http://0.0.0.0:4723 for channel [id: 0x007e0974, L:/127.0.0.1:56617 - R:/127.0.0.1:4723]
(AppiumServlet.java:266)\n\tat io.appium.uiautomator2.server.AppiumServlet.handleHttpRequest(AppiumServlet.java:260)\n\tat io.appium.uiautomator2.http.ServerHandler.channelRead(ServerHandler.java:68)\n\tat io.netty.channel.AbstractChannelHandlerContext.invokeChannelRead(AbstractChannelHandlerContext.java:366)\n\tat io.netty.channel.AbstractChannelHandlerContext.invokeChannelRead(AbstractChannelHandlerContext.java:352)\n\tat io.netty.chann...
[debug] &amp;#27;[35m[W3C]&amp;#27;[39m Matched W3C error code &apos;no such element&apos; to NoSuchElementError
[debug] &amp;#27;[35m[W3C (7ae98af1)]&amp;#27;[39m Encountered internal error running command: NoSuchElementError: An element could not be located on the page using the given search parameters.
[debug] &amp;#27;[35m[W3C (7ae98af1)]&amp;#27;[39m     at AndroidUiautomator2Driver.findElOrEls (C:\Users\manis\AppData\Roaming\npm\node_modules\appium\node_modules\appium-android-driver\lib\commands\find.js:75:11)
[debug] &amp;#27;[35m[W3C (7ae98af1)]&amp;#27;[39m     at processTicksAndRejections (node:internal/process/task_queues:95:5)
[debug] &amp;#27;[35m[W3C (7ae98af1)]&amp;#27;[39m     at AndroidUiautomator2Driver.findElOrElsWithProcessing (C:\Users\manis\AppData\Roaming\npm\node_modules\appium\node_modules\appium-base-driver\lib\basedriver\commands\find.js:33:12)
[debug] &amp;#27;[35m[W3C (7ae98af1)]&amp;#27;[39m     at AndroidUiautomator2Driver.findElement (C:\Users\manis\AppData\Roaming\npm\node_modules\appium\node_modules\appium-base-driver\lib\basedriver\commands\find.js:53:10)
&amp;#27;[35m[HTTP]&amp;#27;[39m &amp;#27;[37m&lt;-- POST /wd/hub/session/7ae98af1-f0c4-48bb-82e0-609d7d4c050b/element &amp;#27;[39m&amp;#27;[33m404&amp;#27;[39m &amp;#27;[90m83 ms - 880&amp;#27;[39m
&amp;#27;[35m[HTTP]&amp;#27;[39m &amp;#27;[90m&amp;#27;[39m
09:56:18.028 [Forwarding findElement on session 7ae98af1-f0c4-48bb-82e0-609d7d4c050b to remote] DEBUG org.asynchttpclient.netty.request.NettyRequestSender - Using pooled Channel &apos;[id: 0x007e0974, L:/127.0.0.1:56617 - R:/127.0.0.1:4723]&apos; for &apos;POST&apos; to &apos;http://0.0.0.0:4723/wd/hub/session/7ae98af1-f0c4-48bb-82e0-609d7d4c050b/element&apos;
09:56:18.028 [Forwarding findElement on session 7ae98af1-f0c4-48bb-82e0-609d7d4c050b to remote] DEBUG org.asynchttpclient.netty.request.NettyRequestSender - Using open Channel [id: 0x007e0974, L:/127.0.0.1:56617 - R:/127.0.0.1:4723] for POST &apos;/wd/hub/session/7ae98af1-f0c4-48bb-82e0-609d7d4c050b/element&apos;
&amp;#27;[35m[HTTP]&amp;#27;[39m &amp;#27;[37m--&gt;&amp;#27;[39m &amp;#27;[37mPOST&amp;#27;[39m &amp;#27;[37m/wd/hub/session/7ae98af1-f0c4-48bb-82e0-609d7d4c050b/element&amp;#27;[39m
&amp;#27;[35m[HTTP]&amp;#27;[39m &amp;#27;[90m{&quot;using&quot;:&quot;id&quot;,&quot;value&quot;:&quot;com.example.android.testing.notes.mock:id/add_note_title&quot;}&amp;#27;[39m
[debug] &amp;#27;[35m[W3C (7ae98af1)]&amp;#27;[39m Calling AppiumDriver.findElement() with args: [&quot;id&quot;,&quot;com.example.android.testing.notes.mock:id/add_note_title&quot;,&quot;7ae98af1-f0c4-48bb-82e0-609d7d4c050b&quot;]
[debug] &amp;#27;[35m[BaseDriver]&amp;#27;[39m Valid locator strategies for this request: xpath, id, class name, accessibility id, css selector, -android uiautomator
[debug] &amp;#27;[35m[BaseDriver]&amp;#27;[39m Waiting up to 0 ms for condition
[debug] &amp;#27;[35m[WD Proxy]&amp;#27;[39m Matched &apos;/element&apos; to command name &apos;findElement&apos;
[debug] &amp;#27;[35m[WD Proxy]&amp;#27;[39m Proxying [POST /element] to [POST http://127.0.0.1:8200/wd/hub/session/015791bc-716d-4afa-9c1f-c27f676dbeb8/element] with body: {&quot;strategy&quot;:&quot;id&quot;,&quot;selector&quot;:&quot;com.example.android.testing.notes.mock:id/add_note_title&quot;,&quot;context&quot;:&quot;&quot;,&quot;multiple&quot;:false}
[debug] &amp;#27;[35m[WD Proxy]&amp;#27;[39m Got response with status 200: {&quot;sessionId&quot;:&quot;015791bc-716d-4afa-9c1f-c27f676dbeb8&quot;,&quot;value&quot;:{&quot;ELEMENT&quot;:&quot;00000000-0000-1bfe-ffff-ffff0000002b&quot;,&quot;element-6066-11e4-a52e-4f735466cecf&quot;:&quot;00000000-0000-1bfe-ffff-ff09:56:18.178 [AsyncHttpClient-1-2] DEBUG org.asynchttpclient.netty.handler.HttpHandler - 

Request DefaultHttpRequest(decodeResult: success, version: HTTP/1.1)
POST /wd/hub/session/7ae98af1-f0c4-48bb-82e0-609d7d4c050b/element HTTP/1.1
User-Agent: selenium/4.5.0 (java windows)
Content-Length: 95
Content-Type: application/json; charset=utf-8
host: 0.0.0.0:4723
accept: */*

Response DefaultHttpResponse(decodeResult: success, version: HTTP/1.1)
HTTP/1.1 200 OK
X-Powered-By: Express
Vary: X-HTTP-Method-Override
Content-Type: application/json; charset=utf-8
ETag: W/&quot;89-yHoQyYRuhy4ad4eWBTLePY2xeYA&quot;
Date: Fri, 02 Dec 2022 04:26:18 GMT
Connection: keep-alive
Keep-Alive: timeout=600
content-length: 137

ff0000002b&quot;}}
09:56:18.178 [AsyncHttpClient-1-2] DEBUG org.asynchttpclient.netty.channel.ChannelManager - Adding key: http://0.0.0.0:4723 for channel [id: 0x007e0974, L:/127.0.0.1:56617 - R:/127.0.0.1:4723]
[debug] &amp;#27;[35m[W3C (7ae98af1)]&amp;#27;[39m Responding to client with driver.findElement() result: {&quot;element-6066-11e4-a52e-4f735466cecf&quot;:&quot;00000000-0000-1bfe-ffff-ffff0000002b&quot;,&quot;ELEMENT&quot;:&quot;00000000-00009:56:18.180 [Forwarding isElementDisplayed on session 7ae98af1-f0c4-48bb-82e0-609d7d4c050b to remote] DEBUG org.asynchttpclient.netty.request.NettyRequestSender - Using pooled Channel &apos;[id: 0x007e0974, L:/127.0.0.1:56617 - R:/127.0.0.1:4723]&apos; for &apos;GET&apos; to &apos;http://0.0.0.0:4723/wd/hub/session/7ae98af1-f0c4-48bb-82e0-609d7d4c050b/element/00000000-0000-1bfe-ffff-ffff0000002b/displayed&apos;
0-1bfe-ffff-ffff0000009:56:18.180 [Forwarding isElementDisplayed on session 7ae98af1-f0c4-48bb-82e0-609d7d4c050b to remote] DEBUG org.asynchttpclient.netty.request.NettyRequestSender - Using open Channel [id: 0x007e0974, L:/127.0.0.1:56617 - R:/127.0.0.1:4723] for GET &apos;/wd/hub/session/7ae98af1-f0c4-48bb-82e0-609d7d4c050b/element/00000000-0000-1bfe-ffff-ffff0000002b/displayed&apos;
02b&quot;}
&amp;#27;[35m[HTTP]&amp;#27;[39m &amp;#27;[37m&lt;-- POST /wd/hub/session/7ae98af1-f0c4-48bb-82e0-609d7d4c050b/element &amp;#27;[39m&amp;#27;[32m200&amp;#27;[39m &amp;#27;[90m146 ms - 137&amp;#27;[39m
&amp;#27;[35m[HTTP]&amp;#27;[39m &amp;#27;[90m&amp;#27;[39m
&amp;#27;[35m[HTTP]&amp;#27;[39m &amp;#27;[37m--&gt;&amp;#27;[39m &amp;#27;[37mGET&amp;#27;[39m &amp;#27;[37m/wd/hub/session/7ae98af1-f0c4-48bb-82e0-609d7d4c050b/element/00000000-0000-1bfe-ffff-ffff0000002b/displayed&amp;#27;[39m
&amp;#27;[35m[HTTP]&amp;#27;[39m &amp;#27;[90m{}&amp;#27;[39m
[debug] &amp;#27;[35m[W3C (7ae98af1)]&amp;#27;[39m Calling AppiumDriver.elementDisplayed() with args: [&quot;00000000-0000-1bfe-ffff-ffff0000002b&quot;,&quot;7ae98af1-f0c4-48bb-82e0-609d7d4c050b&quot;]
[debug] &amp;#27;[35m[WD Proxy]&amp;#27;[39m Matched &apos;/element/00000000-0000-1bfe-ffff-ffff0000002b/attribute/displayed&apos; to command name &apos;getAttribute&apos;
[debug] &amp;#27;[35m[WD Proxy]&amp;#27;[39m Proxying [GET /element/00000000-0000-1bfe-ffff-ffff0000002b/attribute/displayed] to [GET http://127.0.0.1:8200/wd/hub/session/015791bc-716d-4afa-9c1f-c27f676dbeb8/element/00000000-0000-1bfe-ffff-ffff0000002b/attribute/displayed] with no body
[debug] &amp;#27;[35m[WD Proxy]&amp;#27;[39m Got response with status 200: {&quot;sessionId&quot;:&quot;015791bc-716d-4afa-9c1f-c27f676dbeb8&quot;,&quot;value&quot;:&quot;true&quot;}
[debug] &amp;#27;[35m[W3C (7ae98af1)]&amp;#27;[39m Responding to client with driver.elementDisplayed() result: true
09:56:18.207 [AsyncHttpClient-1-2] DEBUG org.asynchttpclient.netty.handler.HttpHandler - 

Request DefaultFullHttpRequest(decodeResult: success, version: HTTP/1.1, content: EmptyByteBufBE)
GET /wd/hub/session/7ae98af1-f0c4-48bb-82e0-609d7d4c050b/element/00000000-0000-1bfe-ffff-ffff0000002b/displayed HTTP/1.1
User-Agent: selenium/4.5.0 (java windows)
Cache-Control: no-cache
Content-Type: application/json; charset=utf-8
host: 0.0.0.0:4723
accept: */*

Response DefaultHttpResponse(decodeResult: success, version: HTTP/1.1)
HTTP/1.1 200 OK
X-Powered-By: Express
Content-Type: application/json; charset=utf-8
ETag: W/&quot;e-2ZHvAWebNQpyjGZTg6uyV8/spTo&quot;
Date: Fri, 02 Dec 2022 04:26:18 GMT
Connection: keep-alive
Keep-Alive: timeout=600
content-length: 14

09:56:18.207 [AsyncHttpClient-1-2] DEBUG org.asynchttpclient.netty.channel.ChannelManager - Adding key: http://0.0.0.0:4723 for channel [id: 0x007e0974, L:/127.0.0.1:56617 - R:/127.0.0.1:4723]
&amp;#27;[35m[HTTP]&amp;#27;[39m &amp;#27;[37m&lt;-- GET /wd/hub/session/7ae98af1-f0c4-48bb-82e0-609d7d4c050b/element/00000000-0000-1bfe-ffff-ffff0000002b/displayed &amp;#27;[39m&amp;#27;[32m200&amp;#27;[39m &amp;#27;[90m24 ms - 14&amp;#27;[39m
&amp;#27;[35m[HTTP]&amp;#27;[39m &amp;#27;[90m&amp;#27;[39m
09:56:18.208 [Forwarding findElement on session 7ae98af1-f0c4-48bb-82e0-609d7d4c050b to remote] DEBUG org.asynchttpclient.netty.request.NettyRequestSender - Using pooled Channel &apos;[id: 0x007e0974, L:/127.0.0.1:56617 - R:/127.0.0.1:4723]&apos; for &apos;POST&apos; to &apos;http://0.0.0.0:4723/wd/hub/session/7ae98af1-f0c4-48bb-82e0-609d7d4c050b/element&apos;
09:56:18.208 [Forwarding findElement on session 7ae98af1-f0c4-48bb-82e0-609d7d4c050b to remote] DEBUG org.asynchttpclient.netty.request.NettyRequestSender - Using open Channel [id: 0x007e0974, L:/127.0.0.1:56617 - R:/127.0.0.1:4723] for POST &apos;/wd/hub/session/7ae98af1-f0c4-48bb-82e0-609d7d4c050b/element&apos;
&amp;#27;[35m[HTTP]&amp;#27;[39m &amp;#27;[37m--&gt;&amp;#27;[39m &amp;#27;[37mPOST&amp;#27;[39m &amp;#27;[37m/wd/hub/session/7ae98af1-f0c4-48bb-82e0-609d7d4c050b/element&amp;#27;[39m
&amp;#27;[35m[HTTP]&amp;#27;[39m &amp;#27;[90m{&quot;using&quot;:&quot;id&quot;,&quot;value&quot;:&quot;com.example.android.testing.notes.mock:id/add_note_title&quot;}&amp;#27;[39m
[debug] &amp;#27;[35m[W3C (7ae98af1)]&amp;#27;[39m Calling AppiumDriver.findElement() with args: [&quot;id&quot;,&quot;com.example.android.testing.notes.mock:id/add_note_title&quot;,&quot;7ae98af1-f0c4-48bb-82e0-609d7d4c050b&quot;]
[debug] &amp;#27;[35m[BaseDriver]&amp;#27;[39m Valid locator strategies for this request: xpath, id, class name, accessibility id, css selector, -android uiautomator
[debug] &amp;#27;[35m[BaseDriver]&amp;#27;[39m Waiting up to 0 ms for condition
[debug] &amp;#27;[35m[WD Proxy]&amp;#27;[39m Matched &apos;/element&apos; to command name &apos;findElement&apos;
[debug] &amp;#27;[35m[WD Proxy]&amp;#27;[39m Proxying [POST /element] to [POST http://127.0.0.1:8200/wd/hub/session/015791bc-716d-4afa-9c1f-c27f676dbeb8/element] with body: {&quot;strategy&quot;:&quot;id&quot;,&quot;selector&quot;:&quot;com.example.android.testing.notes.mock:id/add_note_title&quot;,&quot;context&quot;:&quot;&quot;,&quot;multiple&quot;:false}
[debug] &amp;#27;[35m[WD Proxy]&amp;#27;[39m Got response with status 200: {&quot;sessionId&quot;:&quot;015791bc-716d-4afa-9c1f-c27f676dbeb8&quot;,&quot;value&quot;:{&quot;ELEMENT&quot;:&quot;00000000-0000-1bfe-ffff-ffff0000002b&quot;,&quot;element-6066-11e4-a52e-4f735466cecf&quot;:&quot;00000000-0000-1bfe-ffff-ffff0000002b&quot;}}
[debug] &amp;#27;[35m[W3C (7ae98af1)]&amp;#27;[39m Responding to client with driver.findElement() result: {&quot;element-6066-11e4-a52e-4f7309:56:18.241 [AsyncHttpClient-1-2] DEBUG org.asynchttpclient.netty.handler.HttpHandler - 

Request DefaultHttpRequest(decodeResult: success, version: HTTP/1.1)
POST /wd/hub/session/7ae98af1-f0c4-48bb-82e0-609d7d4c050b/element HTTP/1.1
User-Agent: selenium/4.5.0 (java windows)
Content-Length: 95
Content-Type: application/json; charset=utf-8
host: 0.0.0.0:4723
accept: */*

Response DefaultHttpResponse(decodeResult: success, version: HTTP/1.1)
HTTP/1.1 200 OK
X-Powered-By: Express
Vary: X-HTTP-Method-Override
Content-Type: application/json; charset=utf-8
ETag: W/&quot;89-yHoQyYRuhy4ad4eWBTLePY2xeYA&quot;
Date: Fri, 02 Dec 2022 04:26:18 GMT
Connection: keep-alive
Keep-Alive: timeout=600
content-length: 137

5466cecf&quot;:&quot;00000000-0000-1bfe-ff09:56:18.241 [AsyncHttpClient-1-2] DEBUG org.asynchttpclient.netty.channel.ChannelManager - Adding key: http://0.0.0.0:4723 for channel [id: 0x007e0974, L:/127.0.0.1:56617 - R:/127.0.0.1:4723]
ff-ffff0000002b&quot;,&quot;ELEMENT&quot;:&quot;00000000-0000-1bfe-ffff-ffff0000002b&quot;}
&amp;#27;[35m[HTTP]&amp;#27;[39m &amp;#27;[37m&lt;-- POST /wd/hub/session/7ae98af1-f0c4-48bb-82e0-609d7d4c050b/element &amp;#27;[39m&amp;#27;[32m200&amp;#27;[39m &amp;#27;[90m31 ms - 137&amp;#27;[39m
&amp;#27;[35m[HTTP]&amp;#27;[39m &amp;#27;[90m&amp;#27;[39m
09:56:18.243 [Forwarding sendKeysToElement on session 7ae98af1-f0c4-48bb-82e0-609d7d4c050b to remote] DEBUG org.asynchttpclient.netty.request.NettyRequestSender - Using pooled Channel &apos;[id: 0x007e0974, L:/127.0.0.1:56617 - R:/127.0.0.1:4723]&apos; for &apos;POST&apos; to &apos;http://0.0.0.0:4723/wd/hub/session/7ae98af1-f0c4-48bb-82e0-609d7d4c050b/element/00000000-0000-1bfe-ffff-ffff0000002b/value&apos;
09:56:18.243 [Forwarding sendKeysToElement on session 7ae98af1-f0c4-48bb-82e0-609d7d4c050b to remote] DEBUG org.asynchttpclient.netty.request.NettyRequestSender - Using open Channel [id: 0x007e0974, L:/127.0.0.1:56617 - R:/127.0.0.1:4723] for POST &apos;/wd/hub/session/7ae98af1-f0c4-48bb-82e0-609d7d4c050b/element/00000000-0000-1bfe-ffff-ffff0000002b/value&apos;
&amp;#27;[35m[HTTP]&amp;#27;[39m &amp;#27;[37m--&gt;&amp;#27;[39m &amp;#27;[37mPOST&amp;#27;[39m &amp;#27;[37m/wd/hub/session/7ae98af1-f0c4-48bb-82e0-609d7d4c050b/element/00000000-0000-1bfe-ffff-ffff0000002b/value&amp;#27;[39m
&amp;#27;[35m[HTTP]&amp;#27;[39m &amp;#27;[90m{&quot;id&quot;:&quot;00000000-0000-1bfe-ffff-ffff0000002b&quot;,&quot;text&quot;:&quot;&quot;,&quot;value&quot;:[]}&amp;#27;[39m
[debug] &amp;#27;[35m[W3C (7ae98af1)]&amp;#27;[39m Calling AppiumDriver.setValue() with args: [[],&quot;00000000-0000-1bfe-ffff-ffff0000002b&quot;,&quot;7ae98af1-f0c4-48bb-82e0-609d7d4c050b&quot;]
[debug] &amp;#27;[35m[WD Proxy]&amp;#27;[39m Matched &apos;/element/00000000-0000-1bfe-ffff-ffff0000002b/value&apos; to command name &apos;setValue&apos;
[debug] &amp;#27;[35m[Protocol Converter]&amp;#27;[39m Added &apos;value&apos; property [] to &apos;setValue&apos; request body
[debug] &amp;#27;[35m[WD Proxy]&amp;#27;[39m Proxying [POST /element/00000000-0000-1bfe-ffff-ffff0000002b/value] to [POST http://127.0.0.1:8200/wd/hub/session/015791bc-716d-4afa-9c1f-c27f676dbeb8/element/00000000-0000-1bfe-ffff-ffff0000002b/value] with body: {&quot;elementId&quot;:&quot;00000000-0000-1bfe-ffff-ffff0000002b&quot;,&quot;text&quot;:&quot;&quot;,&quot;replace&quot;:false,&quot;value&quot;:[]}
[debug] &amp;#27;[35m[WD Proxy]&amp;#27;[39m Got response with status 200: {&quot;sessionId&quot;:&quot;015791bc-716d-4afa-9c1f-c27f676dbeb8&quot;,&quot;value&quot;:null}
[debug] &amp;#27;[35m[W3C (7ae98af1)]09:56:18.935 [AsyncHttpClient-1-2] DEBUG org.asynchttpclient.netty.handler.HttpHandler - 

Request DefaultHttpRequest(decodeResult: success, version: HTTP/1.1)
POST /wd/hub/session/7ae98af1-f0c4-48bb-82e0-609d7d4c050b/element/00000000-0000-1bfe-ffff-ffff0000002b/value HTTP/1.1
User-Agent: selenium/4.5.0 (java windows)
Content-Length: 82
Content-Type: application/json; charset=utf-8
host: 0.0.0.0:4723
accept: */*

Response DefaultHttpResponse(decodeResult: success, version: HTTP/1.1)
HTTP/1.1 200 OK
X-Powered-By: Express
Vary: X-HTTP-Method-Override
Content-Type: application/json; charset=utf-8
ETag: W/&quot;e-9/1BuKMgFObM1mWJm+YjxtXJnUM&quot;
Date: Fri, 02 Dec 2022 04:26:18 GMT
Connection: keep-alive
Keep-Alive: timeout=600
content-length: 14

&amp;#27;[39m Responding to client with driver.setValue() result: null
&amp;#27;[35m[HTTP]&amp;#27;[09:56:18.935 [AsyncHttpClient-1-2] DEBUG org.asynchttpclient.netty.channel.ChannelManager - Adding key: http://0.0.0.0:4723 for channel [id: 0x007e0974, L:/127.0.0.1:56617 - R:/127.0.0.1:4723]
39m &amp;#27;[37m&lt;-- POST /wd/hub/session/7ae98af1-f0c4-48bb-82e0-609d7d4c050b/element/00000000-0000-1bfe-ffff-ffff0000002b/value &amp;#27;[39m&amp;#27;[32m200&amp;#27;[39m &amp;#27;[90m690 ms - 14&amp;#27;[39m
&amp;#27;[35m[HTTP]&amp;#27;[39m &amp;#27;[90m&amp;#27;[39m
09:56:18.937 [Forwarding findElement on session 7ae98af1-f0c4-48bb-82e0-609d7d4c050b to remote] DEBUG org.asynchttpclient.netty.request.NettyRequestSender - Using pooled Channel &apos;[id: 0x007e0974, L:/127.0.0.1:56617 - R:/127.0.0.1:4723]&apos; for &apos;POST&apos; to &apos;http://0.0.0.0:4723/wd/hub/session/7ae98af1-f0c4-48bb-82e0-609d7d4c050b/element&apos;
09:56:18.937 [Forwarding findElement on session 7ae98af1-f0c4-48bb-82e0-609d7d4c050b to remote] DEBUG org.asynchttpclient.netty.request.NettyRequestSender - Using open Channel [id: 0x007e0974, L:/127.0.0.1:56617 - R:/127.0.0.1:4723] for POST &apos;/wd/hub/session/7ae98af1-f0c4-48bb-82e0-609d7d4c050b/element&apos;
&amp;#27;[35m[HTTP]&amp;#27;[39m &amp;#27;[37m--&gt;&amp;#27;[39m &amp;#27;[37mPOST&amp;#27;[39m &amp;#27;[37m/wd/hub/session/7ae98af1-f0c4-48bb-82e0-609d7d4c050b/element&amp;#27;[39m
&amp;#27;[35m[HTTP]&amp;#27;[39m &amp;#27;[90m{&quot;using&quot;:&quot;id&quot;,&quot;value&quot;:&quot;com.example.android.testing.notes.mock:id/add_note_title&quot;}&amp;#27;[39m
[debug] &amp;#27;[35m[W3C (7ae98af1)]&amp;#27;[39m Calling AppiumDriver.findElement() with args: [&quot;id&quot;,&quot;com.example.android.testing.notes.mock:id/add_note_title&quot;,&quot;7ae98af1-f0c4-48bb-82e0-609d7d4c050b&quot;]
[debug] &amp;#27;[35m[BaseDriver]&amp;#27;[39m Valid locator strategies for this request: xpath, id, class name, accessibility id, css selector, -android uiautomator
[debug] &amp;#27;[35m[BaseDriver]&amp;#27;[39m Waiting up to 0 ms for condition
[debug] &amp;#27;[35m[WD Proxy]&amp;#27;[39m Matched &apos;/element&apos; to command name &apos;findElement&apos;
[debug] &amp;#27;[35m[WD Proxy]&amp;#27;[39m Proxying [POST /element] to [POST http://127.0.0.1:8200/wd/hub/session/015791bc-716d-4afa-9c1f-c27f676dbeb8/element] with body: {&quot;strategy&quot;:&quot;id&quot;,&quot;selector&quot;:&quot;com.example.android.testing.notes.mock:id/add_note_title&quot;,&quot;context&quot;:&quot;&quot;,&quot;multiple&quot;:false}
[debug] &amp;#27;[35m[WD Proxy]&amp;#27;[39m Got response with status 200: {&quot;sessionId&quot;:&quot;015791bc-716d-4afa-9c1f-c27f676dbeb8&quot;,&quot;value&quot;:{&quot;ELEMENT&quot;:&quot;00000000-0000-1bfe-ffff-ffff0000002b&quot;,&quot;element-6066-11e4-a52e-4f735466cecf&quot;:&quot;00000000-0000-1bfe-ffff-fff09:56:19.580 [AsyncHttpClient-1-2] DEBUG org.asynchttpclient.netty.handler.HttpHandler - 

Request DefaultHttpRequest(decodeResult: success, version: HTTP/1.1)
POST /wd/hub/session/7ae98af1-f0c4-48bb-82e0-609d7d4c050b/element HTTP/1.1
User-Agent: selenium/4.5.0 (java windows)
Content-Length: 95
Content-Type: application/json; charset=utf-8
host: 0.0.0.0:4723
accept: */*

Response DefaultHttpResponse(decodeResult: success, version: HTTP/1.1)
HTTP/1.1 200 OK
X-Powered-By: Express
Vary: X-HTTP-Method-Override
Content-Type: application/json; charset=utf-8
ETag: W/&quot;89-yHoQyYRuhy4ad4eWBTLePY2xeYA&quot;
Date: Fri, 02 Dec 2022 04:26:19 GMT
Connection: keep-alive
Keep-Alive: timeout=600
content-length: 137

f0000002b&quot;}}
09:56:19.582 [AsyncHttpClient-1-2] DEBUG org.asynchttpclient.netty.channel.ChannelManager - Adding key: http://0.0.0.0:4723 for channel [id: 0x007e0974, L:/127.0.0.1:56617 - R:/127.0.0.1:4723]
[debug] &amp;#27;[35m[W3C (7ae98af1)]&amp;#27;[39m Responding to client with driver.findElement() result: {&quot;element-6066-11e4-a52e-4f735466cecf&quot;:&quot;00000000-0000-1bfe-ffff-ffff0000002b&quot;,&quot;ELEMENT&quot;:&quot;00000000-0000-1bfe-ffff-ffff0000002b&quot;}
&amp;#27;[35m[HTTP]&amp;#27;[39m &amp;#27;[37m&lt;-- POST /wd/hub/session/7ae98af1-f0c4-48bb-82e0-609d7d4c050b/element &amp;#27;[39m&amp;#27;[32m200&amp;#27;[39m &amp;#27;[09:56:19.584 [Forwarding sendKeysToElement on session 7ae98af1-f0c4-48bb-82e0-609d7d4c050b to remote] DEBUG org.asynchttpclient.netty.request.NettyRequestSender - Using pooled Channel &apos;[id: 0x007e0974, L:/127.0.0.1:56617 - R:/127.0.0.1:4723]&apos; for &apos;POST&apos; to &apos;http://0.0.0.0:4723/wd/hub/session/7ae98af1-f0c4-48bb-82e0-609d7d4c050b/element/00000000-0000-1bfe-ffff-ffff0000002b/value&apos;
90m641 ms - 137&amp;#27;[39m
&amp;#27;[35m[HTTP]&amp;#27;[39m &amp;#27;[90m&amp;#27;[39m
09:56:19.585 [Forwarding sendKeysToElement on session 7ae98af1-f0c4-48bb-82e0-609d7d4c050b to remote] DEBUG org.asynchttpclient.netty.request.NettyRequestSender - Using open Channel [id: 0x007e0974, L:/127.0.0.1:56617 - R:/127.0.0.1:4723] for POST &apos;/wd/hub/session/7ae98af1-f0c4-48bb-82e0-609d7d4c050b/element/00000000-0000-1bfe-ffff-ffff0000002b/value&apos;
&amp;#27;[35m[HTTP]&amp;#27;[39m &amp;#27;[37m--&gt;&amp;#27;[39m &amp;#27;[37mPOST&amp;#27;[39m &amp;#27;[37m/wd/hub/session/7ae98af1-f0c4-48bb-82e0-609d7d4c050b/element/00000000-0000-1bfe-ffff-ffff0000002b/value&amp;#27;[39m
&amp;#27;[35m[HTTP]&amp;#27;[39m &amp;#27;[90m{&quot;id&quot;:&quot;00000000-0000-1bfe-ffff-ffff0000002b&quot;,&quot;text&quot;:&quot;&quot;,&quot;value&quot;:[]}&amp;#27;[39m
[debug] &amp;#27;[35m[W3C (7ae98af1)]&amp;#27;[39m Calling AppiumDriver.setValue() with args: [[],&quot;00000000-0000-1bfe-ffff-ffff0000002b&quot;,&quot;7ae98af1-f0c4-48bb-82e0-609d7d4c050b&quot;]
[debug] &amp;#27;[35m[WD Proxy]&amp;#27;[39m Matched &apos;/element/00000000-0000-1bfe-ffff-ffff0000002b/value&apos; to command name &apos;setValue&apos;
[debug] &amp;#27;[35m[Protocol Converter]&amp;#27;[39m Added &apos;value&apos; property [] to &apos;setValue&apos; request body
[debug] &amp;#27;[35m[WD Proxy]&amp;#27;[39m Proxying [POST /element/00000000-0000-1bfe-ffff-ffff0000002b/value] to [POST http://127.0.0.1:8200/wd/hub/session/015791bc-716d-4afa-9c1f-c27f676dbeb8/element/00000000-0000-1bfe-ffff-ffff0000002b/value] with body: {&quot;elementId&quot;:&quot;00000000-0000-1bfe-ffff-ffff0000002b&quot;,&quot;text&quot;:&quot;&quot;,&quot;replace&quot;:false,&quot;value&quot;:[]}
[debug] &amp;#27;[35m[WD Proxy]&amp;#27;[39m Got response with status 200: {&quot;sessionId&quot;:&quot;015791bc-716d-4afa-9c1f-c27f676dbeb8&quot;,&quot;value&quot;:null}
[debug] &amp;#27;[35m[W3C (7ae98af1)]&amp;#27;[39m Responding to client with driver.setValue() result: null
&amp;#27;[35m[HTTP]&amp;#27;[39m &amp;#27;[37m&lt;-- POST /wd/hub/session/7ae909:56:20.272 [AsyncHttpClient-1-2] DEBUG org.asynchttpclient.netty.handler.HttpHandler - 

Request DefaultHttpRequest(decodeResult: success, version: HTTP/1.1)
POST /wd/hub/session/7ae98af1-f0c4-48bb-82e0-609d7d4c050b/element/00000000-0000-1bfe-ffff-ffff0000002b/value HTTP/1.1
User-Agent: selenium/4.5.0 (java windows)
Content-Length: 82
Content-Type: application/json; charset=utf-8
host: 0.0.0.0:4723
accept: */*

Response DefaultHttpResponse(decodeResult: success, version: HTTP/1.1)
HTTP/1.1 200 OK
X-Powered-By: Express
Vary: X-HTTP-Method-Override
Content-Type: application/json; charset=utf-8
ETag: W/&quot;e-9/1BuKMgFObM1mWJm+YjxtXJnUM&quot;
Date: Fri, 02 Dec 2022 04:26:20 GMT
Connection: keep-alive
Keep-Alive: timeout=600
content-length: 14

8af1-f0c4-48bb-82e0-6009:56:20.274 [AsyncHttpClient-1-2] DEBUG org.asynchttpclient.netty.channel.ChannelManager - Adding key: http://0.0.0.0:4723 for channel [id: 0x007e0974, L:/127.0.0.1:56617 - R:/127.0.0.1:4723]
9d7d4c050b/element/00000000-0000-1bfe-ffff-ffff0000002b/value &amp;#27;[39m&amp;#27;[32m200&amp;#27;[39m &amp;#27;[90m685 ms - 14&amp;#27;[39m
&amp;#27;[35m[HTTP]&amp;#27;[39m &amp;#27;[90m&amp;#27;[39m
09:56:20.276 [Forwarding findElement on session 7ae98af1-f0c4-48bb-82e0-609d7d4c050b to remote] DEBUG org.asynchttpclient.netty.request.NettyRequestSender - Using pooled Channel &apos;[id: 0x007e0974, L:/127.0.0.1:56617 - R:/127.0.0.1:4723]&apos; for &apos;POST&apos; to &apos;http://0.0.0.0:4723/wd/hub/session/7ae98af1-f0c4-48bb-82e0-609d7d4c050b/element&apos;
09:56:20.276 [Forwarding findElement on session 7ae98af1-f0c4-48bb-82e0-609d7d4c050b to remote] DEBUG org.asynchttpclient.netty.request.NettyRequestSender - Using open Channel [id: 0x007e0974, L:/127.0.0.1:56617 - R:/127.0.0.1:4723] for POST &apos;/wd/hub/session/7ae98af1-f0c4-48bb-82e0-609d7d4c050b/element&apos;
&amp;#27;[35m[HTTP]&amp;#27;[39m &amp;#27;[37m--&gt;&amp;#27;[39m &amp;#27;[37mPOST&amp;#27;[39m &amp;#27;[37m/wd/hub/session/7ae98af1-f0c4-48bb-82e0-609d7d4c050b/element&amp;#27;[39m
&amp;#27;[35m[HTTP]&amp;#27;[39m &amp;#27;[90m{&quot;using&quot;:&quot;id&quot;,&quot;value&quot;:&quot;com.example.android.testing.notes.mock:id/add_note_description&quot;}&amp;#27;[39m
[debug] &amp;#27;[35m[W3C (7ae98af1)]&amp;#27;[39m Calling AppiumDriver.findElement() with args: [&quot;id&quot;,&quot;com.example.android.testing.notes.mock:id/add_note_description&quot;,&quot;7ae98af1-f0c4-48bb-82e0-609d7d4c050b&quot;]
[debug] &amp;#27;[35m[BaseDriver]&amp;#27;[39m Valid locator strategies for this request: xpath, id, class name, accessibility id, css selector, -android uiautomator
[debug] &amp;#27;[35m[BaseDriver]&amp;#27;[39m Waiting up to 0 ms for condition
[debug] &amp;#27;[35m[WD Proxy]&amp;#27;[39m Matched &apos;/element&apos; to command name &apos;findElement&apos;
[debug] &amp;#27;[35m[WD Proxy]&amp;#27;[39m Proxying [POST /element] to [POST http://127.0.0.1:8200/wd/hub/session/015791bc-716d-4afa-9c1f-c27f676dbeb8/element] with body: {&quot;strategy&quot;:&quot;id&quot;,&quot;selector&quot;:&quot;com.example.android.testing.notes.mock:id/add_note_description&quot;,&quot;context&quot;:&quot;&quot;,&quot;multiple&quot;:false}
[debug] &amp;#27;[35m[WD Proxy]&amp;#27;[39m Got response with status 200: {&quot;sessionId&quot;:&quot;015791bc-716d-4afa-9c1f-c27f676dbeb8&quot;,&quot;value&quot;:{&quot;ELEMENT&quot;:&quot;00000000-0000-1bfe-ffff-ffff0000002c&quot;,&quot;09:56:20.912 [AsyncHttpClient-1-2] DEBUG org.asynchttpclient.netty.handler.HttpHandler - 

Request DefaultHttpRequest(decodeResult: success, version: HTTP/1.1)
POST /wd/hub/session/7ae98af1-f0c4-48bb-82e0-609d7d4c050b/element HTTP/1.1
User-Agent: selenium/4.5.0 (java windows)
Content-Length: 101
Content-Type: application/json; charset=utf-8
host: 0.0.0.0:4723
accept: */*

Response DefaultHttpResponse(decodeResult: success, version: HTTP/1.1)
HTTP/1.1 200 OK
X-Powered-By: Express
Vary: X-HTTP-Method-Override
Content-Type: application/json; charset=utf-8
ETag: W/&quot;89-1b3+nq9fwQ/xFhGStBSCqWWZpS8&quot;
Date: Fri, 02 Dec 2022 04:26:20 GMT
Connection: keep-alive
Keep-Alive: timeout=600
content-length: 137

element-6066-11e4-a09:56:20.912 [AsyncHttpClient-1-2] DEBUG org.asynchttpclient.netty.channel.ChannelManager - Adding key: http://0.0.0.0:4723 for channel [id: 0x007e0974, L:/127.0.0.1:56617 - R:/127.0.0.1:4723]
52e-4f735466cecf&quot;:&quot;00000000-0000-1bfe-ffff-ffff0000002c&quot;}}
[debug] &amp;#27;[35m[W3C (7ae98af1)]&amp;#27;[39m Responding to client with driver.findElement() result: {&quot;element-6066-11e4-a52e-4f735466cecf&quot;:&quot;00000000-0000-1bfe-ffff-ffff0000002c&quot;,&quot;ELEMENT&quot;:&quot;00000000-0000-1bfe-ffff-ffff0000002c&quot;}
&amp;#27;[35m[HTTP]&amp;#27;[39m &amp;#27;[37m&lt;-- POST /wd/hub/session/7ae98af1-f0c4-48bb-82e0-609d7d4c050b/element &amp;#27;[39m&amp;#27;[32m200&amp;#27;[39m &amp;#27;[90m09:56:20.913 [Forwarding sendKeysToElement on session 7ae98af1-f0c4-48bb-82e0-609d7d4c050b to remote] DEBUG org.asynchttpclient.netty.request.NettyRequestSender - Using pooled Channel &apos;[id: 0x007e0974, L:/127.0.0.1:56617 - R:/127.0.0.1:4723]&apos; for &apos;POST&apos; to &apos;http://0.0.0.0:4723/wd/hub/session/7ae98af1-f0c4-48bb-82e0-609d7d4c050b/element/00000000-0000-1bfe-ffff-ffff0000002c/value&apos;
635 ms - 137&amp;#27;[39m
&amp;#27;[35m[HT09:56:20.914 [Forwarding sendKeysToElement on session 7ae98af1-f0c4-48bb-82e0-609d7d4c050b to remote] DEBUG org.asynchttpclient.netty.request.NettyRequestSender - Using open Channel [id: 0x007e0974, L:/127.0.0.1:56617 - R:/127.0.0.1:4723] for POST &apos;/wd/hub/session/7ae98af1-f0c4-48bb-82e0-609d7d4c050b/element/00000000-0000-1bfe-ffff-ffff0000002c/value&apos;
TP]&amp;#27;[39m &amp;#27;[90m&amp;#27;[39m
&amp;#27;[35m[HTTP]&amp;#27;[39m &amp;#27;[37m--&gt;&amp;#27;[39m &amp;#27;[37mPOST&amp;#27;[39m &amp;#27;[37m/wd/hub/session/7ae98af1-f0c4-48bb-82e0-609d7d4c050b/element/00000000-0000-1bfe-ffff-ffff0000002c/value&amp;#27;[39m
&amp;#27;[35m[HTTP]&amp;#27;[39m &amp;#27;[90m{&quot;id&quot;:&quot;00000000-0000-1bfe-ffff-ffff0000002c&quot;,&quot;text&quot;:&quot;\n&quot;,&quot;value&quot;:[&quot;\n&quot;]}&amp;#27;[39m
[debug] &amp;#27;[35m[W3C (7ae98af1)]&amp;#27;[39m Calling AppiumDriver.setValue() with args: [[&quot;\n&quot;],&quot;00000000-0000-1bfe-ffff-ffff0000002c&quot;,&quot;7ae98af1-f0c4-48bb-82e0-609d7d4c050b&quot;]
[debug] &amp;#27;[35m[WD Proxy]&amp;#27;[39m Matched &apos;/element/00000000-0000-1bfe-ffff-ffff0000002c/value&apos; to command name &apos;setValue&apos;
[debug] &amp;#27;[35m[Protocol Converter]&amp;#27;[39m Added &apos;value&apos; property [&quot;\n&quot;] to &apos;setValue&apos; request body
[debug] &amp;#27;[35m[WD Proxy]&amp;#27;[39m Proxying [POST /element/00000000-0000-1bfe-ffff-ffff0000002c/value] to [POST http://127.0.0.1:8200/wd/hub/session/015791bc-716d-4afa-9c1f-c27f676dbeb8/element/00000000-0000-1bfe-ffff-ffff0000002c/value] with body: {&quot;elementId&quot;:&quot;00000000-0000-1bfe-ffff-ffff0000002c&quot;,&quot;text&quot;:&quot;\n&quot;,&quot;replace&quot;:false,&quot;value&quot;:[&quot;\n&quot;]}
[debug] &amp;#27;[35m[WD Proxy]&amp;#27;[39m Got response with status 200: {&quot;sessionId&quot;:&quot;015791bc-716d-4afa-9c1f-c27f676dbeb8&quot;,&quot;value&quot;:null}
[debug] &amp;#27;[35m[W3C (7ae98af1)]&amp;#27;[39m Responding to client with driver.09:56:21.473 [AsyncHttpClient-1-2] DEBUG org.asynchttpclient.netty.handler.HttpHandler - 

Request DefaultHttpRequest(decodeResult: success, version: HTTP/1.1)
POST /wd/hub/session/7ae98af1-f0c4-48bb-82e0-609d7d4c050b/element/00000000-0000-1bfe-ffff-ffff0000002c/value HTTP/1.1
User-Agent: selenium/4.5.0 (java windows)
Content-Length: 93
Content-Type: application/json; charset=utf-8
host: 0.0.0.0:4723
accept: */*

Response DefaultHttpResponse(decodeResult: success, version: HTTP/1.1)
HTTP/1.1 200 OK
X-Powered-By: Express
Vary: X-HTTP-Method-Override
Content-Type: application/json; charset=utf-8
ETag: W/&quot;e-9/1BuKMgFObM1mWJm+YjxtXJnUM&quot;
Date: Fri, 02 Dec 2022 04:26:21 GMT
Connection: keep-alive
Keep-Alive: timeout=600
content-length: 14

setValue() result: null
09:56:21.474 [AsyncHttpClient-1-2] DEBUG org.asynchttpclient.netty.channel.ChannelManager - Adding key: http://0.0.0.0:4723 for channel [id: 0x007e0974, L:/127.0.0.1:56617 - R:/127.0.0.1:4723]
&amp;#27;[35m[HTTP]&amp;#27;[39m &amp;#27;[37m&lt;-- POST /wd/hub/session/7ae98af1-f0c4-48bb-82e0-609d7d4c050b/element/00000000-0000-1bfe-ffff-ffff0000002c/value &amp;#27;[39m&amp;#27;[32m200&amp;#27;[39m &amp;#27;[90m557 ms - 14&amp;#27;[39m
09:56:21.476 [Forwarding findElement on session 7ae98af1-f0c4-48bb-82e0-609d7d4c050b to remote] DEBUG org.asynchttpclient.netty.request.NettyRequestSender - Using pooled Channel &apos;[id: 0x007e0974, L:/127.0.0.1:56617 - R:/127.0.0.1:4723]&apos; for &apos;POST&apos; to &apos;http://0.0.0.0:4723/wd/hub/session/7ae98af1-f0c4-48bb-82e0-609d7d4c050b/element&apos;
09:56:21.476 [Forwarding findElement on session 7ae98af1-f0c4-48bb-82e0-609d7d4c050b to remote] DEBUG org.asynchttpclient.netty.request.NettyRequestSender - Using open Channel [id: 0x007e0974, L:/127.0.0.1:56617 - R:/127.0.0.1:4723] for POST &apos;/wd/hub/session/7ae98af1-f0c4-48bb-82e0-609d7d4c050b/element&apos;
&amp;#27;[35m[HTTP]&amp;#27;[39m &amp;#27;[90m&amp;#27;[39m
&amp;#27;[35m[HTTP]&amp;#27;[39m &amp;#27;[37m--&gt;&amp;#27;[39m &amp;#27;[37mPOST&amp;#27;[39m &amp;#27;[37m/wd/hub/session/7ae98af1-f0c4-48bb-82e0-609d7d4c050b/element&amp;#27;[39m
&amp;#27;[35m[HTTP]&amp;#27;[39m &amp;#27;[90m{&quot;using&quot;:&quot;id&quot;,&quot;value&quot;:&quot;com.example.android.testing.notes.mock:id/fab_add_notes&quot;}&amp;#27;[39m
[debug] &amp;#27;[35m[W3C (7ae98af1)]&amp;#27;[39m Calling AppiumDriver.findElement() with args: [&quot;id&quot;,&quot;com.example.android.testing.notes.mock:id/fab_add_notes&quot;,&quot;7ae98af1-f0c4-48bb-82e0-609d7d4c050b&quot;]
[debug] &amp;#27;[35m[BaseDriver]&amp;#27;[39m Valid locator strategies for this request: xpath, id, class name, accessibility id, css selector, -android uiautomator
[debug] &amp;#27;[35m[BaseDriver]&amp;#27;[39m Waiting up to 0 ms for condition
[debug] &amp;#27;[35m[WD Proxy]&amp;#27;[39m Matched &apos;/element&apos; to command name &apos;findElement&apos;
[debug] &amp;#27;[35m[WD Proxy]&amp;#27;[39m Proxying [POST /element] to [POST http://127.0.0.1:8200/wd/hub/session/015791bc-716d-4afa-9c1f-c27f676dbeb8/element] with body: {&quot;strategy&quot;:&quot;id&quot;,&quot;selector&quot;:&quot;com.example.android.testing.notes.mock:id/fab_add_notes&quot;,&quot;context&quot;:&quot;&quot;,&quot;multiple&quot;:false}
[debug] &amp;#27;[35m[WD Proxy]&amp;#27;[39m Got response with status 200: {&quot;sessionId&quot;:&quot;015791bc-716d-4afa-9c1f-c27f676dbeb8&quot;,&quot;value09:56:22.020 [AsyncHttpClient-1-2] DEBUG org.asynchttpclient.netty.handler.HttpHandler - 

Request DefaultHttpRequest(decodeResult: success, version: HTTP/1.1)
POST /wd/hub/session/7ae98af1-f0c4-48bb-82e0-609d7d4c050b/element HTTP/1.1
User-Agent: selenium/4.5.0 (java windows)
Content-Length: 94
Content-Type: application/json; charset=utf-8
host: 0.0.0.0:4723
accept: */*

Response DefaultHttpResponse(decodeResult: success, version: HTTP/1.1)
HTTP/1.1 200 OK
X-Powered-By: Express
Vary: X-HTTP-Method-Override
Content-Type: application/json; charset=utf-8
ETag: W/&quot;89-lAWLzD5sh4sKTCJq2G0x+Rn0tf0&quot;
Date: Fri, 02 Dec 2022 04:26:22 GMT
Connection: keep-alive
Keep-Alive: timeout=600
content-length: 137

&quot;:{&quot;ELEMENT&quot;:&quot;00000000-0000-1bfe-ffff-ffff0000002e&quot;09:56:22.020 [AsyncHttpClient-1-2] DEBUG org.asynchttpclient.netty.channel.ChannelManager - Adding key: http://0.0.0.0:4723 for channel [id: 0x007e0974, L:/127.0.0.1:56617 - R:/127.0.0.1:4723]
,&quot;element-6066-11e4-a52e-4f735466cecf&quot;:&quot;00000000-0000-1bfe-ffff-ffff0000002e&quot;}}
[debug] &amp;#27;[35m[W3C (7ae98af1)]&amp;#27;[39m Responding to client with driver.findElement() result: {&quot;element-6066-11e4-a52e-4f735466cecf&quot;:&quot;00000000-0000-1bfe-ffff-ffff0000002e09:56:22.022 [Forwarding isElementDisplayed on session 7ae98af1-f0c4-48bb-82e0-609d7d4c050b to remote] DEBUG org.asynchttpclient.netty.request.NettyRequestSender - Using pooled Channel &apos;[id: 0x007e0974, L:/127.0.0.1:56617 - R:/127.0.0.1:4723]&apos; for &apos;GET&apos; to &apos;http://0.0.0.0:4723/wd/hub/session/7ae98af1-f0c4-48bb-82e0-609d7d4c050b/element/00000000-0000-1bfe-ffff-ffff0000002e/displayed&apos;
09:56:22.023 [Forwarding isElementDisplayed on session 7ae98af1-f0c4-48bb-82e0-609d7d4c050b to remote] DEBUG org.asynchttpclient.netty.request.NettyRequestSender - Using open Channel [id: 0x007e0974, L:/127.0.0.1:56617 - R:/127.0.0.1:4723] for GET &apos;/wd/hub/session/7ae98af1-f0c4-48bb-82e0-609d7d4c050b/element/00000000-0000-1bfe-ffff-ffff0000002e/displayed&apos;
&quot;,&quot;ELEMENT&quot;:&quot;00000000-0000-1bfe-ffff-ffff0000002e&quot;}
&amp;#27;[35m[HTTP]&amp;#27;[39m &amp;#27;[37m&lt;-- POST /wd/hub/session/7ae98af1-f0c4-48bb-82e0-609d7d4c050b/element &amp;#27;[39m&amp;#27;[32m200&amp;#27;[39m &amp;#27;[90m541 ms - 137&amp;#27;[39m
&amp;#27;[35m[HTTP]&amp;#27;[39m &amp;#27;[90m&amp;#27;[39m
&amp;#27;[35m[HTTP]&amp;#27;[39m &amp;#27;[37m--&gt;&amp;#27;[39m &amp;#27;[37mGET&amp;#27;[39m &amp;#27;[37m/wd/hub/session/7ae98af1-f0c4-48bb-82e0-609d7d4c050b/element/00000000-0000-1bfe-ffff-ffff0000002e/displayed&amp;#27;[39m
&amp;#27;[35m[HTTP]&amp;#27;[39m &amp;#27;[90m{}&amp;#27;[39m
[debug] &amp;#27;[35m[W3C (7ae98af1)]&amp;#27;[39m Calling AppiumDriver.elementDisplayed() with args: [&quot;00000000-0000-1bfe-ffff-ffff0000002e&quot;,&quot;7ae98af1-f0c4-48bb-82e0-609d7d4c050b&quot;]
[debug] &amp;#27;[35m[WD Proxy]&amp;#27;[39m Matched &apos;/element/00000000-0000-1bfe-ffff-ffff0000002e/attribute/displayed&apos; to command name &apos;getAttribute&apos;
[debug] &amp;#27;[35m[WD Proxy]&amp;#27;[39m Proxying [GET /element/00000000-0000-1bfe-ffff-ffff0000002e/attribute/displayed] to [GET http://127.0.0.1:8200/wd/hub/session/015791bc-716d-4afa-9c1f-c27f676dbeb8/element/00000000-0000-1bfe-ffff-ffff0000002e/attribute/displayed] with no body
[debug] &amp;#27;[35m[WD Proxy]&amp;#27;[39m Got response with status 200: {&quot;sessionId&quot;:&quot;015791bc-716d-4afa-9c1f-c27f676dbeb8&quot;,&quot;value&quot;:&quot;true&quot;}
[debug] &amp;#27;[35m[W3C (7ae98af1)]&amp;#27;[39m Responding to client with driver.elementDisplayed() result: true
09:56:22.039 [AsyncHttpClient-1-2] DEBUG org.asynchttpclient.netty.handler.HttpHandler - 

Request DefaultFullHttpRequest(decodeResult: success, version: HTTP/1.1, content: EmptyByteBufBE)
GET /wd/hub/session/7ae98af1-f0c4-48bb-82e0-609d7d4c050b/element/00000000-0000-1bfe-ffff-ffff0000002e/displayed HTTP/1.1
User-Agent: selenium/4.5.0 (java windows)
Cache-Control: no-cache
Content-Type: application/json; charset=utf-8
host: 0.0.0.0:4723
accept: */*

Response DefaultHttpResponse(decodeResult: success, version: HTTP/1.1)
HTTP/1.1 200 OK
X-Powered-By: Express
Content-Type: application/json; charset=utf-8
ETag: W/&quot;e-2ZHvAWebNQpyjGZTg6uyV8/spTo&quot;
Date: Fri, 02 Dec 2022 04:26:22 GMT
Connection: keep-alive
Keep-Alive: timeout=600
content-length: 14

&amp;#27;[35m[HTTP]&amp;#27;[39m &amp;#27;[37m&lt;-- GET /wd/hub/se09:56:22.039 [AsyncHttpClient-1-2] DEBUG org.asynchttpclient.netty.channel.ChannelManager - Adding key: http://0.0.0.0:4723 for channel [id: 0x007e0974, L:/127.0.0.1:56617 - R:/127.0.0.1:4723]
ssion/7ae98af1-f0c4-48bb-82e0-609d7d4c050b/element/00000000-0000-1bfe-ffff-ffff0000002e/displayed &amp;#27;[39m&amp;#27;[32m200&amp;#27;[39m &amp;#27;[90m15 ms - 14&amp;#27;[39m
&amp;#27;[35m[HTTP]&amp;#27;[39m &amp;#27;[90m&amp;#27;[39m
09:56:22.040 [Forwarding findElement on session 7ae98af1-f0c4-48bb-82e0-609d7d4c050b to remote] DEBUG org.asynchttpclient.netty.request.NettyRequestSender - Using pooled Channel &apos;[id: 0x007e0974, L:/127.0.0.1:56617 - R:/127.0.0.1:4723]&apos; for &apos;POST&apos; to &apos;http://0.0.0.0:4723/wd/hub/session/7ae98af1-f0c4-48bb-82e0-609d7d4c050b/element&apos;
09:56:22.040 [Forwarding findElement on session 7ae98af1-f0c4-48bb-82e0-609d7d4c050b to remote] DEBUG org.asynchttpclient.netty.request.NettyRequestSender - Using open Channel [id: 0x007e0974, L:/127.0.0.1:56617 - R:/127.0.0.1:4723] for POST &apos;/wd/hub/session/7ae98af1-f0c4-48bb-82e0-609d7d4c050b/element&apos;
&amp;#27;[35m[HTTP]&amp;#27;[39m &amp;#27;[37m--&gt;&amp;#27;[39m &amp;#27;[37mPOST&amp;#27;[39m &amp;#27;[37m/wd/hub/session/7ae98af1-f0c4-48bb-82e0-609d7d4c050b/element&amp;#27;[39m
&amp;#27;[35m[HTTP]&amp;#27;[39m &amp;#27;[90m{&quot;using&quot;:&quot;id&quot;,&quot;value&quot;:&quot;com.example.android.testing.notes.mock:id/fab_add_notes&quot;}&amp;#27;[39m
[debug] &amp;#27;[35m[W3C (7ae98af1)]&amp;#27;[39m Calling AppiumDriver.findElement() with args: [&quot;id&quot;,&quot;com.example.android.testing.notes.mock:id/fab_add_notes&quot;,&quot;7ae98af1-f0c4-48bb-82e0-609d7d4c050b&quot;]
[debug] &amp;#27;[35m[BaseDriver]&amp;#27;[39m Valid locator strategies for this request: xpath, id, class name, accessibility id, css selector, -android uiautomator
[debug] &amp;#27;[35m[BaseDriver]&amp;#27;[39m Waiting up to 0 ms for condition
[debug] &amp;#27;[35m[WD Proxy]&amp;#27;[39m Matched &apos;/element&apos; to command name &apos;findElement&apos;
[debug] &amp;#27;[35m[WD Proxy]&amp;#27;[39m Proxying [POST /element] to [POST http://127.0.0.1:8200/wd/hub/session/015791bc-716d-4afa-9c1f-c27f676dbeb8/element] with body: {&quot;strategy&quot;:&quot;id&quot;,&quot;selector&quot;:&quot;com.example.android.testing.notes.mock:id/fab_add_notes&quot;,&quot;context&quot;:&quot;&quot;,&quot;multiple&quot;:false}
[debug] &amp;#27;[35m[WD Proxy]&amp;#27;[39m Got response with status 200: {&quot;sessionId&quot;:&quot;015791bc-716d-4afa-9c1f-c27f676dbeb8&quot;,&quot;value&quot;:{&quot;ELEMENT&quot;:&quot;00000000-0000-1bfe-ffff-ffff0000002e&quot;,&quot;element-6066-11e4-a52e-4f735466cecf&quot;:&quot;00000000-0000-1bfe-ffff-ffff000000209:56:22.078 [AsyncHttpClient-1-2] DEBUG org.asynchttpclient.netty.handler.HttpHandler - 

Request DefaultHttpRequest(decodeResult: success, version: HTTP/1.1)
POST /wd/hub/session/7ae98af1-f0c4-48bb-82e0-609d7d4c050b/element HTTP/1.1
User-Agent: selenium/4.5.0 (java windows)
Content-Length: 94
Content-Type: application/json; charset=utf-8
host: 0.0.0.0:4723
accept: */*

Response DefaultHttpResponse(decodeResult: success, version: HTTP/1.1)
HTTP/1.1 200 OK
X-Powered-By: Express
Vary: X-HTTP-Method-Override
Content-Type: application/json; charset=utf-8
ETag: W/&quot;89-lAWLzD5sh4sKTCJq2G0x+Rn0tf0&quot;
Date: Fri, 02 Dec 2022 04:26:22 GMT
Connection: keep-alive
Keep-Alive: timeout=600
content-length: 137

e&quot;}}
[debug] &amp;#27;[35m[W3C (7ae98af1)]&amp;#27;[39m Re09:56:22.079 [AsyncHttpClient-1-2] DEBUG org.asynchttpclient.netty.channel.ChannelManager - Adding key: http://0.0.0.0:4723 for channel [id: 0x007e0974, L:/127.0.0.1:56617 - R:/127.0.0.1:4723]
sponding to client with driver.findElement() result: {&quot;element-6066-11e4-a52e-4f735466cecf&quot;:&quot;00000000-0000-1bfe-ffff-ffff0000002e&quot;,&quot;ELEMENT&quot;:&quot;00000000-0000-1bfe-ffff-ffff0000002e&quot;}
09:56:22.079 [Forwarding isElementEnabled on session 7ae98af1-f0c4-48bb-82e0-609d7d4c050b to remote] DEBUG org.asynchttpclient.netty.request.NettyRequestSender - Using pooled Channel &apos;[id: 0x007e0974, L:/127.0.0.1:56617 - R:/127.0.0.1:4723]&apos; for &apos;GET&apos; to &apos;http://0.0.0.0:4723/wd/hub/session/7ae98af1-f0c4-48bb-82e0-609d7d4c050b/element/00000000-0000-1bfe-ffff-ffff0000002e/enabled&apos;
&amp;#27;[35m[HTTP]09:56:22.079 [Forwarding isElementEnabled on session 7ae98af1-f0c4-48bb-82e0-609d7d4c050b to remote] DEBUG org.asynchttpclient.netty.request.NettyRequestSender - Using open Channel [id: 0x007e0974, L:/127.0.0.1:56617 - R:/127.0.0.1:4723] for GET &apos;/wd/hub/session/7ae98af1-f0c4-48bb-82e0-609d7d4c050b/element/00000000-0000-1bfe-ffff-ffff0000002e/enabled&apos;
&amp;#27;[39m &amp;#27;[37m&lt;-- POST /wd/hub/session/7ae98af1-f0c4-48bb-82e0-609d7d4c050b/element &amp;#27;[39m&amp;#27;[32m200&amp;#27;[39m &amp;#27;[90m38 ms - 137&amp;#27;[39m
&amp;#27;[35m[HTTP]&amp;#27;[39m &amp;#27;[90m&amp;#27;[39m
&amp;#27;[35m[HTTP]&amp;#27;[39m &amp;#27;[37m--&gt;&amp;#27;[39m &amp;#27;[37mGET&amp;#27;[39m &amp;#27;[37m/wd/hub/session/7ae98af1-f0c4-48bb-82e0-609d7d4c050b/element/00000000-0000-1bfe-ffff-ffff0000002e/enabled&amp;#27;[39m
&amp;#27;[35m[HTTP]&amp;#27;[39m &amp;#27;[90m{}&amp;#27;[39m
[debug] &amp;#27;[35m[W3C (7ae98af1)]&amp;#27;[39m Calling AppiumDriver.elementEnabled() with args: [&quot;00000000-0000-1bfe-ffff-ffff0000002e&quot;,&quot;7ae98af1-f0c4-48bb-82e0-609d7d4c050b&quot;]
[debug] &amp;#27;[35m[WD Proxy]&amp;#27;[39m Matched &apos;/element/00000000-0000-1bfe-ffff-ffff0000002e/attribute/enabled&apos; to command name &apos;getAttribute&apos;
[debug] &amp;#27;[35m[WD Proxy]&amp;#27;[39m Proxying [GET /element/00000000-0000-1bfe-ffff-ffff0000002e/attribute/enabled] to [GET http://127.0.0.1:8200/wd/hub/session/015791bc-716d-4afa-9c1f-c27f676dbeb8/element/00000000-0000-1bfe-ffff-ffff0000002e/attribute/enabled] with no body
[debug] &amp;#27;[35m[WD Proxy]&amp;#27;[39m Got response with status 200: {&quot;sessionId&quot;:&quot;015791bc-716d-4afa-9c1f-c27f676dbeb8&quot;,&quot;value&quot;:&quot;true&quot;}
[debug] &amp;#27;[35m[W3C (7ae98af1)]&amp;#27;[39m Responding to client with driver.elementEnabled() res09:56:22.090 [AsyncHttpClient-1-2] DEBUG org.asynchttpclient.netty.handler.HttpHandler - 

Request DefaultFullHttpRequest(decodeResult: success, version: HTTP/1.1, content: EmptyByteBufBE)
GET /wd/hub/session/7ae98af1-f0c4-48bb-82e0-609d7d4c050b/element/00000000-0000-1bfe-ffff-ffff0000002e/enabled HTTP/1.1
User-Agent: selenium/4.5.0 (java windows)
Cache-Control: no-cache
Content-Type: application/json; charset=utf-8
host: 0.0.0.0:4723
accept: */*

Response DefaultHttpResponse(decodeResult: success, version: HTTP/1.1)
HTTP/1.1 200 OK
X-Powered-By: Express
Content-Type: application/json; charset=utf-8
ETag: W/&quot;e-2ZHvAWebNQpyjGZTg6uyV8/spTo&quot;
Date: Fri, 02 Dec 2022 04:26:22 GMT
Connection: keep-alive
Keep-Alive: timeout=600
content-length: 14

ult: true
&amp;#27;[35m[HTTP]&amp;#27;[39m &amp;#27;[37m&lt;-- GET /wd/hub/session/7ae98af1-f0c4-48bb-82e0-609d7d4c050b/element/00000000-0000-1bfe-ffff-ffff0000002e/enabled &amp;#27;09:56:22.090 [AsyncHttpClient-1-2] DEBUG org.asynchttpclient.netty.channel.ChannelManager - Adding key: http://0.0.0.0:4723 for channel [id: 0x007e0974, L:/127.0.0.1:56617 - R:/127.0.0.1:4723]
[39m&amp;#27;[32m200&amp;#27;[39m &amp;#27;[90m9 ms - 14&amp;#27;[39m
&amp;#27;[35m[HTTP]&amp;#27;[39m &amp;#27;[90m&amp;#27;[39m
09:56:22.091 [Forwarding findElement on session 7ae98af1-f0c4-48bb-82e0-609d7d4c050b to remote] DEBUG org.asynchttpclient.netty.request.NettyRequestSender - Using pooled Channel &apos;[id: 0x007e0974, L:/127.0.0.1:56617 - R:/127.0.0.1:4723]&apos; for &apos;POST&apos; to &apos;http://0.0.0.0:4723/wd/hub/session/7ae98af1-f0c4-48bb-82e0-609d7d4c050b/element&apos;
09:56:22.091 [Forwarding findElement on session 7ae98af1-f0c4-48bb-82e0-609d7d4c050b to remote] DEBUG org.asynchttpclient.netty.request.NettyRequestSender - Using open Channel [id: 0x007e0974, L:/127.0.0.1:56617 - R:/127.0.0.1:4723] for POST &apos;/wd/hub/session/7ae98af1-f0c4-48bb-82e0-609d7d4c050b/element&apos;
&amp;#27;[35m[HTTP]&amp;#27;[39m &amp;#27;[37m--&gt;&amp;#27;[39m &amp;#27;[37mPOST&amp;#27;[39m &amp;#27;[37m/wd/hub/session/7ae98af1-f0c4-48bb-82e0-609d7d4c050b/element&amp;#27;[39m
&amp;#27;[35m[HTTP]&amp;#27;[39m &amp;#27;[90m{&quot;using&quot;:&quot;id&quot;,&quot;value&quot;:&quot;com.example.android.testing.notes.mock:id/fab_add_notes&quot;}&amp;#27;[39m
[debug] &amp;#27;[35m[W3C (7ae98af1)]&amp;#27;[39m Calling AppiumDriver.findElement() with args: [&quot;id&quot;,&quot;com.example.android.testing.notes.mock:id/fab_add_notes&quot;,&quot;7ae98af1-f0c4-48bb-82e0-609d7d4c050b&quot;]
[debug] &amp;#27;[35m[BaseDriver]&amp;#27;[39m Valid locator strategies for this request: xpath, id, class name, accessibility id, css selector, -android uiautomator
[debug] &amp;#27;[35m[BaseDriver]&amp;#27;[39m Waiting up to 0 ms for condition
[debug] &amp;#27;[35m[WD Proxy]&amp;#27;[39m Matched &apos;/element&apos; to command name &apos;findElement&apos;
[debug] &amp;#27;[35m[WD Proxy]&amp;#27;[39m Proxying [POST /element] to [POST http://127.0.0.1:8200/wd/hub/session/015791bc-716d-4afa-9c1f-c27f676dbeb8/element] with body: {&quot;strategy&quot;:&quot;id&quot;,&quot;selector&quot;:&quot;com.example.android.testing.notes.mock:id/fab_add_notes&quot;,&quot;context&quot;:&quot;&quot;,&quot;multiple&quot;:false}
[debug] &amp;#27;[35m[WD Proxy]&amp;#27;[39m Got response with status 200: {&quot;sessionId&quot;:&quot;015791bc-716d-4afa-9c1f-c27f676dbeb8&quot;,&quot;value&quot;:{&quot;ELEMENT&quot;:&quot;00000000-0000-1bfe-ffff-ffff0000002e&quot;,&quot;element-6066-11e4-a52e-4f735466cecf&quot;:&quot;00000000-0000-1bfe-ffff-ff09:56:22.128 [AsyncHttpClient-1-2] DEBUG org.asynchttpclient.netty.handler.HttpHandler - 

Request DefaultHttpRequest(decodeResult: success, version: HTTP/1.1)
POST /wd/hub/session/7ae98af1-f0c4-48bb-82e0-609d7d4c050b/element HTTP/1.1
User-Agent: selenium/4.5.0 (java windows)
Content-Length: 94
Content-Type: application/json; charset=utf-8
host: 0.0.0.0:4723
accept: */*

Response DefaultHttpResponse(decodeResult: success, version: HTTP/1.1)
HTTP/1.1 200 OK
X-Powered-By: Express
Vary: X-HTTP-Method-Override
Content-Type: application/json; charset=utf-8
ETag: W/&quot;89-lAWLzD5sh4sKTCJq2G0x+Rn0tf0&quot;
Date: Fri, 02 Dec 2022 04:26:22 GMT
Connection: keep-alive
Keep-Alive: timeout=600
content-length: 137

ff0000002e&quot;}}
09:56:22.128 [AsyncHttpClient-1-2] DEBUG org.asynchttpclient.netty.channel.ChannelManager - Adding key: http://0.0.0.0:4723 for channel [id: 0x007e0974, L:/127.0.0.1:56617 - R:/127.0.0.1:4723]
[debug] &amp;#27;[35m[W3C (7ae98af1)]&amp;#27;[39m Responding to client with driver.findElement() result: {&quot;element-6066-11e4-a52e-4f735466cecf&quot;:&quot;00000000-0000-1bfe-ffff-ffff0000002e&quot;,&quot;ELEMENT&quot;:&quot;00000000-0000-1bfe-ffff-ffff0000002e&quot;}
&amp;#27;[35m[HTTP]&amp;#27;[39m &amp;#27;[37m&lt;-- POST /wd/hub/session/7ae98af1-f0c4-48bb-82e0-609d7d4c050b09:56:22.129 [Forwarding clickElement on session 7ae98af1-f0c4-48bb-82e0-609d7d4c050b to remote] DEBUG org.asynchttpclient.netty.request.NettyRequestSender - Using pooled Channel &apos;[id: 0x007e0974, L:/127.0.0.1:56617 - R:/127.0.0.1:4723]&apos; for &apos;POST&apos; to &apos;http://0.0.0.0:4723/wd/hub/session/7ae98af1-f0c4-48bb-82e0-609d7d4c050b/element/00000000-0000-1bfe-ffff-ffff0000002e/click&apos;
/element &amp;#27;[39m&amp;#27;[32m200&amp;#27;[39m &amp;#27;[90m36 ms - 137&amp;#27;[39m
&amp;#27;[35m[HTTP]&amp;#27;[39m &amp;#27;[90m&amp;#27;[39m
09:56:22.130 [Forwarding clickElement on session 7ae98af1-f0c4-48bb-82e0-609d7d4c050b to remote] DEBUG org.asynchttpclient.netty.request.NettyRequestSender - Using open Channel [id: 0x007e0974, L:/127.0.0.1:56617 - R:/127.0.0.1:4723] for POST &apos;/wd/hub/session/7ae98af1-f0c4-48bb-82e0-609d7d4c050b/element/00000000-0000-1bfe-ffff-ffff0000002e/click&apos;
&amp;#27;[35m[HTTP]&amp;#27;[39m &amp;#27;[37m--&gt;&amp;#27;[39m &amp;#27;[37mPOST&amp;#27;[39m &amp;#27;[37m/wd/hub/session/7ae98af1-f0c4-48bb-82e0-609d7d4c050b/element/00000000-0000-1bfe-ffff-ffff0000002e/click&amp;#27;[39m
&amp;#27;[35m[HTTP]&amp;#27;[39m &amp;#27;[90m{&quot;id&quot;:&quot;00000000-0000-1bfe-ffff-ffff0000002e&quot;}&amp;#27;[39m
[debug] &amp;#27;[35m[W3C (7ae98af1)]&amp;#27;[39m Calling AppiumDriver.click() with args: [&quot;00000000-0000-1bfe-ffff-ffff0000002e&quot;,&quot;7ae98af1-f0c4-48bb-82e0-609d7d4c050b&quot;]
[debug] &amp;#27;[35m[WD Proxy]&amp;#27;[39m Matched &apos;/element/00000000-0000-1bfe-ffff-ffff0000002e/click&apos; to command name &apos;click&apos;
[debug] &amp;#27;[35m[WD Proxy]&amp;#27;[39m Proxying [POST /element/00000000-0000-1bfe-ffff-ffff0000002e/click] to [POST http://127.0.0.1:8200/wd/hub/session/015791bc-716d-4afa-9c1f-c27f676dbeb8/element/00000000-0000-1bfe-ffff-ffff0000002e/click] with body: {&quot;element&quot;:&quot;00000000-0000-1bfe-ffff-ffff0000002e&quot;}
[debug] &amp;#27;[35m[WD Proxy]&amp;#27;[39m Got response with status 200: {&quot;sessionId&quot;:&quot;015791bc-716d-4afa-9c1f-c27f676dbeb8&quot;,&quot;value&quot;:null}
[debug] &amp;#27;[35m[W3C (7ae98af1)]&amp;#27;[39m Responding to client with driver.click() result: null
09:56:22.197 [AsyncHttpClient-1-2] DEBUG org.asynchttpclient.netty.handler.HttpHandler - 

Request DefaultHttpRequest(decodeResult: success, version: HTTP/1.1)
POST /wd/hub/session/7ae98af1-f0c4-48bb-82e0-609d7d4c050b/element/00000000-0000-1bfe-ffff-ffff0000002e/click HTTP/1.1
User-Agent: selenium/4.5.0 (java windows)
Content-Length: 50
Content-Type: application/json; charset=utf-8
host: 0.0.0.0:4723
accept: */*

Response DefaultHttpResponse(decodeResult: success, version: HTTP/1.1)
HTTP/1.1 200 OK
X-Powered-By: Express
Vary: X-HTTP-Method-Override
Content-Type: application/json; charset=utf-8
ETag: W/&quot;e-9/1BuKMgFObM1mWJm+YjxtXJnUM&quot;
Date: Fri, 02 Dec 2022 04:26:22 GMT
Connection: keep-alive
Keep-Alive: timeout=600
content-length: 14

&amp;#27;[35m[HTTP]&amp;#27;[39m &amp;#27;[37m&lt;-- 09:56:22.197 [AsyncHttpClient-1-2] DEBUG org.asynchttpclient.netty.channel.ChannelManager - Adding key: http://0.0.0.0:4723 for channel [id: 0x007e0974, L:/127.0.0.1:56617 - R:/127.0.0.1:4723]
POST /wd/hub/session/7ae98af1-f0c4-48bb-82e0-609d7d4c050b/element/00000000-0000-1bfe-ffff-ffff0000002e/click &amp;#27;[39m&amp;#27;[32m200&amp;#27;[39m &amp;#27;[90m67 ms - 14&amp;#27;[39m
&amp;#27;[35m[HTTP]&amp;#27;[39m &amp;#27;[90m&amp;#27;[39m
  &amp;#27;[32mWhen &amp;#27;[0m&amp;#27;[32mI add blank Note&amp;#27;[0m                     &amp;#27;[90m# com.example.cocusmobiletest.stepdefinitions.NewNoteStepdefs.I_add_blank_Note()&amp;#27;[0m
09:56:22.200 [Forwarding findElement on session 7ae98af1-f0c4-48bb-82e0-609d7d4c050b to remote] DEBUG org.asynchttpclient.netty.request.NettyRequestSender - Using pooled Channel &apos;[id: 0x007e0974, L:/127.0.0.1:56617 - R:/127.0.0.1:4723]&apos; for &apos;POST&apos; to &apos;http://0.0.0.0:4723/wd/hub/session/7ae98af1-f0c4-48bb-82e0-609d7d4c050b/element&apos;
09:56:22.200 [Forwarding findElement on session 7ae98af1-f0c4-48bb-82e0-609d7d4c050b to remote] DEBUG org.asynchttpclient.netty.request.NettyRequestSender - Using open Channel [id: 0x007e0974, L:/127.0.0.1:56617 - R:/127.0.0.1:4723] for POST &apos;/wd/hub/session/7ae98af1-f0c4-48bb-82e0-609d7d4c050b/element&apos;
&amp;#27;[35m[HTTP]&amp;#27;[39m &amp;#27;[37m--&gt;&amp;#27;[39m &amp;#27;[37mPOST&amp;#27;[39m &amp;#27;[37m/wd/hub/session/7ae98af1-f0c4-48bb-82e0-609d7d4c050b/element&amp;#27;[39m
&amp;#27;[35m[HTTP]&amp;#27;[39m &amp;#27;[90m{&quot;using&quot;:&quot;id&quot;,&quot;value&quot;:&quot;com.example.android.testing.notes.mock:id/fab_add_notes&quot;}&amp;#27;[39m
[debug] &amp;#27;[35m[W3C (7ae98af1)]&amp;#27;[39m Calling AppiumDriver.findElement() with args: [&quot;id&quot;,&quot;com.example.android.testing.notes.mock:id/fab_add_notes&quot;,&quot;7ae98af1-f0c4-48bb-82e0-609d7d4c050b&quot;]
[debug] &amp;#27;[35m[BaseDriver]&amp;#27;[39m Valid locator strategies for this request: xpath, id, class name, accessibility id, css selector, -android uiautomator
[debug] &amp;#27;[35m[BaseDriver]&amp;#27;[39m Waiting up to 0 ms for condition
[debug] &amp;#27;[35m[WD Proxy]&amp;#27;[39m Matched &apos;/element&apos; to command name &apos;findElement&apos;
[debug] &amp;#27;[35m[WD Proxy]&amp;#27;[39m Proxying [POST /element] to [POST http://127.0.0.1:8200/wd/hub/session/015791bc-716d-4afa-9c1f-c27f676dbeb8/element] with body: {&quot;strategy&quot;:&quot;id&quot;,&quot;selector&quot;:&quot;com.example.android.testing.notes.mock:id/fab_add_notes&quot;,&quot;context&quot;:&quot;&quot;,&quot;multiple&quot;:false}
&amp;#27;[35m[WD Proxy]&amp;#27;[39m Got response with status 404: {&quot;sessionId&quot;:&quot;015791bc-716d-4afa-9c1f-c27f676dbeb8&quot;,&quot;value&quot;:{&quot;error&quot;:&quot;no such element&quot;,&quot;message&quot;:&quot;An element could not be located on the page using the given search parameters&quot;,&quot;stacktrace&quot;:&quot;io.appium.uiautomator2.common.exceptions.ElementNotFoundException: An element could not be located on the page using the given search parameters\n\tat io.appium.uiautomator2.handler.FindElement.safeHandle(Find09:56:22.345 [AsyncHttpClient-1-2] DEBUG org.asynchttpclient.netty.handler.HttpHandler - 

Request DefaultHttpRequest(decodeResult: success, version: HTTP/1.1)
POST /wd/hub/session/7ae98af1-f0c4-48bb-82e0-609d7d4c050b/element HTTP/1.1
User-Agent: selenium/4.5.0 (java windows)
Content-Length: 94
Content-Type: application/json; charset=utf-8
host: 0.0.0.0:4723
accept: */*

Response DefaultHttpResponse(decodeResult: success, version: HTTP/1.1)
HTTP/1.1 404 Not Found
X-Powered-By: Express
Vary: X-HTTP-Method-Override
Content-Type: application/json; charset=utf-8
ETag: W/&quot;370-dTE2jiWDUpBVgBRiqETyupcduWo&quot;
Date: Fri, 02 Dec 2022 04:26:22 GMT
Connection: keep-alive
Keep-Alive: timeout=600
content-length: 880

Element.java:70)\n\tat io.appium.uiautomator2.09:56:22.345 [AsyncHttpClient-1-2] DEBUG org.asynchttpclient.netty.channel.ChannelManager - Adding key: http://0.0.0.0:4723 for channel [id: 0x007e0974, L:/127.0.0.1:56617 - R:/127.0.0.1:4723]
handler.request.SafeRequestHandler.handle(SafeRequestHandler.java:59)\n\tat io.appium.uiautomator2.server.AppiumServlet.handleRequest(AppiumServlet.java:266)\n\tat io.appium.uiautomator2.server.AppiumServlet.handleHttpRequest(AppiumServlet.java:260)\n\tat io.appium.uiautomator2.http.ServerHandler.channelRead(ServerHandler.java:68)\n\tat io.netty.channel.AbstractChannelHandlerContext.invokeChannelRead(AbstractChannelHandlerContext.java:366)\n\tat io.netty.channel.AbstractChannelHandlerContext.invokeChannelRead(AbstractChannelHandlerContext.java:352)\n\tat io.netty.chann...
[debug] &amp;#27;[35m[W3C]&amp;#27;[39m Matched W3C error code &apos;no such element&apos; to NoSuchElementError
[debug] &amp;#27;[35m[W3C (7ae98af1)]&amp;#27;[39m Encountered internal error running command: NoSuchElementError: An element could not be located on the page using the given search parameters.
[debug] &amp;#27;[35m[W3C (7ae98af1)]&amp;#27;[39m     at AndroidUiautomator2Driver.findElOrEls (C:\Users\manis\AppData\Roaming\npm\node_modules\appium\node_modules\appium-android-driver\lib\commands\find.js:75:11)
[debug] &amp;#27;[35m[W3C (7ae98af1)]&amp;#27;[39m     at processTicksAndRejections (node:internal/process/task_queues:95:5)
[debug] &amp;#27;[35m[W3C (7ae98af1)]&amp;#27;[39m     at AndroidUiautomator2Driver.findElOrElsWithProcessing (C:\Users\manis\AppData\Roaming\npm\node_modules\appium\node_modules\appium-base-driver\lib\basedriver\commands\find.js:33:12)
[debug] &amp;#27;[35m[W3C (7ae98af1)]&amp;#27;[39m     at AndroidUiautomator2Driver.findElement (C:\Users\manis\AppData\Roaming\npm\node_modules\appium\node_modules\appium-base-driver\lib\basedriver\commands\find.js:53:10)
&amp;#27;[35m[HTTP]&amp;#27;[39m &amp;#27;[37m&lt;-- POST /wd/hub/session/7ae98af1-f0c4-48bb-82e0-609d7d4c050b/element &amp;#27;[39m&amp;#27;[33m404&amp;#27;[39m &amp;#27;[90m143 ms - 880&amp;#27;[39m
&amp;#27;[35m[HTTP]&amp;#27;[39m &amp;#27;[90m&amp;#27;[39m
09:56:22.729 [AsyncHttpClient-1-1] DEBUG org.asynchttpclient.netty.channel.DefaultChannelPool - Entry count for : http://0.0.0.0:4723 : 1
09:56:22.854 [Forwarding findElement on session 7ae98af1-f0c4-48bb-82e0-609d7d4c050b to remote] DEBUG org.asynchttpclient.netty.request.NettyRequestSender - Using pooled Channel &apos;[id: 0x007e0974, L:/127.0.0.1:56617 - R:/127.0.0.1:4723]&apos; for &apos;POST&apos; to &apos;http://0.0.0.0:4723/wd/hub/session/7ae98af1-f0c4-48bb-82e0-609d7d4c050b/element&apos;
09:56:22.854 [Forwarding findElement on session 7ae98af1-f0c4-48bb-82e0-609d7d4c050b to remote] DEBUG org.asynchttpclient.netty.request.NettyRequestSender - Using open Channel [id: 0x007e0974, L:/127.0.0.1:56617 - R:/127.0.0.1:4723] for POST &apos;/wd/hub/session/7ae98af1-f0c4-48bb-82e0-609d7d4c050b/element&apos;
&amp;#27;[35m[HTTP]&amp;#27;[39m &amp;#27;[37m--&gt;&amp;#27;[39m &amp;#27;[37mPOST&amp;#27;[39m &amp;#27;[37m/wd/hub/session/7ae98af1-f0c4-48bb-82e0-609d7d4c050b/element&amp;#27;[39m
&amp;#27;[35m[HTTP]&amp;#27;[39m &amp;#27;[90m{&quot;using&quot;:&quot;id&quot;,&quot;value&quot;:&quot;com.example.android.testing.notes.mock:id/fab_add_notes&quot;}&amp;#27;[39m
[debug] &amp;#27;[35m[W3C (7ae98af1)]&amp;#27;[39m Calling AppiumDriver.findElement() with args: [&quot;id&quot;,&quot;com.example.android.testing.notes.mock:id/fab_add_notes&quot;,&quot;7ae98af1-f0c4-48bb-82e0-609d7d4c050b&quot;]
[debug] &amp;#27;[35m[BaseDriver]&amp;#27;[39m Valid locator strategies for this request: xpath, id, class name, accessibility id, css selector, -android uiautomator
[debug] &amp;#27;[35m[BaseDriver]&amp;#27;[39m Waiting up to 0 ms for condition
[debug] &amp;#27;[35m[WD Proxy]&amp;#27;[39m Matched &apos;/element&apos; to command name &apos;findElement&apos;
[debug] &amp;#27;[35m[WD Proxy]&amp;#27;[39m Proxying [POST /element] to [POST http://127.0.0.1:8200/wd/hub/session/015791bc-716d-4afa-9c1f-c27f676dbeb8/element] with body: {&quot;strategy&quot;:&quot;id&quot;,&quot;selector&quot;:&quot;com.example.android.testing.notes.mock:id/fab_add_notes&quot;,&quot;context&quot;:&quot;&quot;,&quot;multiple&quot;:false}
[debug] &amp;#27;[35m[WD Proxy]&amp;#27;[39m Got response with status 200: {&quot;sessionId&quot;:&quot;015791bc-716d-4afa-9c1f-c27f676dbeb8&quot;,&quot;value&quot;:{&quot;ELEMENT&quot;:&quot;00000000-0000-1bfd-ffff-ffff00000010&quot;,&quot;element-6066-11e4-a52e-4f735466cecf&quot;:&quot;00000000-0000-1bfd-ffff-ffff00000010&quot;}}
09:56:24.388 [AsyncHttpClient-1-2] DEBUG org.asynchttpclient.netty.handler.HttpHandler - 

Request DefaultHttpRequest(decodeResult: success, version: HTTP/1.1)
POST /wd/hub/session/7ae98af1-f0c4-48bb-82e0-609d7d4c050b/element HTTP/1.1
User-Agent: selenium/4.5.0 (java windows)
Content-Length: 94
Content-Type: application/json; charset=utf-8
host: 0.0.0.0:4723
accept: */*

Response DefaultHttpResponse(decodeResult: success, version: HTTP/1.1)
HTTP/1.1 200 OK
X-Powered-By: Express
Vary: X-HTTP-Method-Override
Content-Type: application/json; charset=utf-8
ETag: W/&quot;89-yWkwtAed5BqrLvZMQQnF4SjzwEo&quot;
Date: Fri, 02 Dec 2022 04:26:24 GMT
Connection: keep-alive
Keep-Alive: timeout=600
content-length: 137

[debug] &amp;#27;[35m[W3C (7ae98af1)]&amp;#27;[39m Res09:56:24.388 [AsyncHttpClient-1-2] DEBUG org.asynchttpclient.netty.channel.ChannelManager - Adding key: http://0.0.0.0:4723 for channel [id: 0x007e0974, L:/127.0.0.1:56617 - R:/127.0.0.1:4723]
ponding to client with driver.findElement() result: {&quot;element-6066-11e4-a52e-4f735466cecf&quot;:&quot;00000000-0000-1bfd-ffff-ffff00000010&quot;,&quot;ELEMENT&quot;:&quot;00000000-0000-1bfd-ffff-ffff00000010&quot;}
&amp;#27;[35m[HTTP]&amp;#27;[39m &amp;#27;[37m&lt;-- POST /wd/hub/session/7ae98af1-f0c4-48bb-809:56:24.389 [Forwarding isElementDisplayed on session 7ae98af1-f0c4-48bb-82e0-609d7d4c050b to remote] DEBUG org.asynchttpclient.netty.request.NettyRequestSender - Using pooled Channel &apos;[id: 0x007e0974, L:/127.0.0.1:56617 - R:/127.0.0.1:4723]&apos; for &apos;GET&apos; to &apos;http://0.0.0.0:4723/wd/hub/session/7ae98af1-f0c4-48bb-82e0-609d7d4c050b/element/00000000-0000-1bfd-ffff-ffff00000010/displayed&apos;
2e0-609d7d4c050b/element &amp;#27;[39m&amp;#27;[32m200&amp;#27;[39m &amp;#27;[90m15309:56:24.389 [Forwarding isElementDisplayed on session 7ae98af1-f0c4-48bb-82e0-609d7d4c050b to remote] DEBUG org.asynchttpclient.netty.request.NettyRequestSender - Using open Channel [id: 0x007e0974, L:/127.0.0.1:56617 - R:/127.0.0.1:4723] for GET &apos;/wd/hub/session/7ae98af1-f0c4-48bb-82e0-609d7d4c050b/element/00000000-0000-1bfd-ffff-ffff00000010/displayed&apos;
2 ms - 137&amp;#27;[39m
&amp;#27;[35m[HTTP]&amp;#27;[39m &amp;#27;[90m&amp;#27;[39m
&amp;#27;[35m[HTTP]&amp;#27;[39m &amp;#27;[37m--&gt;&amp;#27;[39m &amp;#27;[37mGET&amp;#27;[39m &amp;#27;[37m/wd/hub/session/7ae98af1-f0c4-48bb-82e0-609d7d4c050b/element/00000000-0000-1bfd-ffff-ffff00000010/displayed&amp;#27;[39m
&amp;#27;[35m[HTTP]&amp;#27;[39m &amp;#27;[90m{}&amp;#27;[39m
[debug] &amp;#27;[35m[W3C (7ae98af1)]&amp;#27;[39m Calling AppiumDriver.elementDisplayed() with args: [&quot;00000000-0000-1bfd-ffff-ffff00000010&quot;,&quot;7ae98af1-f0c4-48bb-82e0-609d7d4c050b&quot;]
[debug] &amp;#27;[35m[WD Proxy]&amp;#27;[39m Matched &apos;/element/00000000-0000-1bfd-ffff-ffff00000010/attribute/displayed&apos; to command name &apos;getAttribute&apos;
[debug] &amp;#27;[35m[WD Proxy]&amp;#27;[39m Proxying [GET /element/00000000-0000-1bfd-ffff-ffff00000010/attribute/displayed] to [GET http://127.0.0.1:8200/wd/hub/session/015791bc-716d-4afa-9c1f-c27f676dbeb8/element/00000000-0000-1bfd-ffff-ffff00000010/attribute/displayed] with no body
[debug] &amp;#27;[35m[WD Proxy]&amp;#27;[39m Got response with status 200: {&quot;sessionId&quot;:&quot;015791bc-716d-4afa-9c1f-c27f676dbeb8&quot;,&quot;value&quot;:&quot;true&quot;}
[debug] &amp;#27;[35m[W3C (7ae98af1)]&amp;#27;[39m Responding to client with driver.elementDisplayed() result: true
09:56:24.403 [AsyncHttpClient-1-2] DEBUG org.asynchttpclient.netty.handler.HttpHandler - 

Request DefaultFullHttpRequest(decodeResult: success, version: HTTP/1.1, content: EmptyByteBufBE)
GET /wd/hub/session/7ae98af1-f0c4-48bb-82e0-609d7d4c050b/element/00000000-0000-1bfd-ffff-ffff00000010/displayed HTTP/1.1
User-Agent: selenium/4.5.0 (java windows)
Cache-Control: no-cache
Content-Type: application/json; charset=utf-8
host: 0.0.0.0:4723
accept: */*

Response DefaultHttpResponse(decodeResult: success, version: HTTP/1.1)
HTTP/1.1 200 OK
X-Powered-By: Express
Content-Type: application/json; charset=utf-8
ETag: W/&quot;e-2ZHvAWebNQpyjGZTg6uyV8/spTo&quot;
Date: Fri, 02 Dec 2022 04:26:24 GMT
Connection: keep-alive
Keep-Alive: timeout=600
content-length: 14

09:56:24.404 [AsyncHttpClient-1-2] DEBUG org.asynchttpclient.netty.channel.ChannelManager - Adding key: http://0.0.0.0:4723 for channel [id: 0x007e0974, L:/127.0.0.1:56617 - R:/127.0.0.1:4723]
&amp;#27;[35m[HTTP]&amp;#27;[39m &amp;#27;[37m&lt;-- GET /wd/hub/session/7ae98af1-f0c4-48bb-82e0-609d7d4c050b/element/00000000-0000-1bfd-ffff-ffff00000010/displayed &amp;#27;[39m&amp;#27;[32m200&amp;#27;[39m &amp;#27;[90m13 ms - 14&amp;#27;[39m
&amp;#27;[35m[HTTP]&amp;#27;[39m &amp;#27;[90m&amp;#27;[39m
09:56:24.405 [Forwarding findElement on session 7ae98af1-f0c4-48bb-82e0-609d7d4c050b to remote] DEBUG org.asynchttpclient.netty.request.NettyRequestSender - Using pooled Channel &apos;[id: 0x007e0974, L:/127.0.0.1:56617 - R:/127.0.0.1:4723]&apos; for &apos;POST&apos; to &apos;http://0.0.0.0:4723/wd/hub/session/7ae98af1-f0c4-48bb-82e0-609d7d4c050b/element&apos;
09:56:24.405 [Forwarding findElement on session 7ae98af1-f0c4-48bb-82e0-609d7d4c050b to remote] DEBUG org.asynchttpclient.netty.request.NettyRequestSender - Using open Channel [id: 0x007e0974, L:/127.0.0.1:56617 - R:/127.0.0.1:4723] for POST &apos;/wd/hub/session/7ae98af1-f0c4-48bb-82e0-609d7d4c050b/element&apos;
&amp;#27;[35m[HTTP]&amp;#27;[39m &amp;#27;[37m--&gt;&amp;#27;[39m &amp;#27;[37mPOST&amp;#27;[39m &amp;#27;[37m/wd/hub/session/7ae98af1-f0c4-48bb-82e0-609d7d4c050b/element&amp;#27;[39m
&amp;#27;[35m[HTTP]&amp;#27;[39m &amp;#27;[90m{&quot;using&quot;:&quot;id&quot;,&quot;value&quot;:&quot;com.example.android.testing.notes.mock:id/fab_add_notes&quot;}&amp;#27;[39m
[debug] &amp;#27;[35m[W3C (7ae98af1)]&amp;#27;[39m Calling AppiumDriver.findElement() with args: [&quot;id&quot;,&quot;com.example.android.testing.notes.mock:id/fab_add_notes&quot;,&quot;7ae98af1-f0c4-48bb-82e0-609d7d4c050b&quot;]
[debug] &amp;#27;[35m[BaseDriver]&amp;#27;[39m Valid locator strategies for this request: xpath, id, class name, accessibility id, css selector, -android uiautomator
[debug] &amp;#27;[35m[BaseDriver]&amp;#27;[39m Waiting up to 0 ms for condition
[debug] &amp;#27;[35m[WD Proxy]&amp;#27;[39m Matched &apos;/element&apos; to command name &apos;findElement&apos;
[debug] &amp;#27;[35m[WD Proxy]&amp;#27;[39m Proxying [POST /element] to [POST http://127.0.0.1:8200/wd/hub/session/015791bc-716d-4afa-9c1f-c27f676dbeb8/element] with body: {&quot;strategy&quot;:&quot;id&quot;,&quot;selector&quot;:&quot;com.example.android.testing.notes.mock:id/fab_add_notes&quot;,&quot;context&quot;:&quot;&quot;,&quot;multiple&quot;:false}
[debug] &amp;#27;[35m[WD Proxy]&amp;#27;[39m Got response with status 200: {&quot;sessionId&quot;:&quot;015791bc-716d-4afa-9c1f-c27f676dbeb8&quot;,&quot;value&quot;:{&quot;ELEMENT&quot;:&quot;00000000-0000-1bfd-ffff-ffff00000010&quot;,&quot;element-6066-11e4-a52e-4f735466cecf&quot;:&quot;00000000-0000-1bfd-ffff-ffff00000010&quot;}}09:56:24.439 [AsyncHttpClient-1-2] DEBUG org.asynchttpclient.netty.handler.HttpHandler - 

Request DefaultHttpRequest(decodeResult: success, version: HTTP/1.1)
POST /wd/hub/session/7ae98af1-f0c4-48bb-82e0-609d7d4c050b/element HTTP/1.1
User-Agent: selenium/4.5.0 (java windows)
Content-Length: 94
Content-Type: application/json; charset=utf-8
host: 0.0.0.0:4723
accept: */*

Response DefaultHttpResponse(decodeResult: success, version: HTTP/1.1)
HTTP/1.1 200 OK
X-Powered-By: Express
Vary: X-HTTP-Method-Override
Content-Type: application/json; charset=utf-8
ETag: W/&quot;89-yWkwtAed5BqrLvZMQQnF4SjzwEo&quot;
Date: Fri, 02 Dec 2022 04:26:24 GMT
Connection: keep-alive
Keep-Alive: timeout=600
content-length: 137


09:56:24.439 [AsyncHttpClient-1-2] DEBUG org.asynchttpclient.netty.channel.ChannelManager - Adding key: http://0.0.0.0:4723 for channel [id: 0x007e0974, L:/127.0.0.1:56617 - R:/127.0.0.1:4723]
[debug] &amp;#27;[35m[W3C (7ae98af1)]&amp;#27;[39m Responding to client with driver.findElement() result: {&quot;element-6066-11e4-a52e-4f735466cecf&quot;:&quot;00000000-0000-1bfd-ffff-ffff00000010&quot;,&quot;ELEMENT&quot;:&quot;00000000-0000-1bfd-ffff-ffff00000010&quot;}
09:56:24.440 [Forwarding isElementEnabled on session 7ae98af1-f0c4-48bb-82e0-609d7d4c050b to remote] DEBUG org.asynchttpclient.netty.request.NettyRequestSender - Using pooled Channel &apos;[id: 0x007e0974, L:/127.0.0.1:56617 - R:/127.0.0.1:4723]&apos; for &apos;GET&apos; to &apos;http://0.0.0.0:4723/wd/hub/session/7ae98af1-f0c4-48bb-82e0-609d7d4c050b/element/00000000-0000-1bfd-ffff-ffff00000010/enabled&apos;
&amp;#27;[35m[HTTP]&amp;#27;[39m &amp;#27;[309:56:24.440 [Forwarding isElementEnabled on session 7ae98af1-f0c4-48bb-82e0-609d7d4c050b to remote] DEBUG org.asynchttpclient.netty.request.NettyRequestSender - Using open Channel [id: 0x007e0974, L:/127.0.0.1:56617 - R:/127.0.0.1:4723] for GET &apos;/wd/hub/session/7ae98af1-f0c4-48bb-82e0-609d7d4c050b/element/00000000-0000-1bfd-ffff-ffff00000010/enabled&apos;
7m&lt;-- POST /wd/hub/session/7ae98af1-f0c4-48bb-82e0-609d7d4c050b/element &amp;#27;[39m&amp;#27;[32m200&amp;#27;[39m &amp;#27;[90m33 ms - 137&amp;#27;[39m
&amp;#27;[35m[HTTP]&amp;#27;[39m &amp;#27;[90m&amp;#27;[39m
&amp;#27;[35m[HTTP]&amp;#27;[39m &amp;#27;[37m--&gt;&amp;#27;[39m &amp;#27;[37mGET&amp;#27;[39m &amp;#27;[37m/wd/hub/session/7ae98af1-f0c4-48bb-82e0-609d7d4c050b/element/00000000-0000-1bfd-ffff-ffff00000010/enabled&amp;#27;[39m
&amp;#27;[35m[HTTP]&amp;#27;[39m &amp;#27;[90m{}&amp;#27;[39m
[debug] &amp;#27;[35m[W3C (7ae98af1)]&amp;#27;[39m Calling AppiumDriver.elementEnabled() with args: [&quot;00000000-0000-1bfd-ffff-ffff00000010&quot;,&quot;7ae98af1-f0c4-48bb-82e0-609d7d4c050b&quot;]
[debug] &amp;#27;[35m[WD Proxy]&amp;#27;[39m Matched &apos;/element/00000000-0000-1bfd-ffff-ffff00000010/attribute/enabled&apos; to command name &apos;getAttribute&apos;
[debug] &amp;#27;[35m[WD Proxy]&amp;#27;[39m Proxying [GET /element/00000000-0000-1bfd-ffff-ffff00000010/attribute/enabled] to [GET http://127.0.0.1:8200/wd/hub/session/015791bc-716d-4afa-9c1f-c27f676dbeb8/element/00000000-0000-1bfd-ffff-ffff00000010/attribute/enabled] with no body
[debug] &amp;#27;[35m[WD Proxy]&amp;#27;[39m Got response with status 200: {&quot;sessionId&quot;:&quot;015791bc-716d-4afa-9c1f-c27f676dbeb8&quot;,&quot;value&quot;:&quot;true&quot;}
[debug] &amp;#27;[35m[W3C (7ae98af1)]&amp;#27;[39m Responding to client with driver.elementEnabled() result: true
09:56:24.453 [AsyncHttpClient-1-2] DEBUG org.asynchttpclient.netty.handler.HttpHandler - 

Request DefaultFullHttpRequest(decodeResult: success, version: HTTP/1.1, content: EmptyByteBufBE)
GET /wd/hub/session/7ae98af1-f0c4-48bb-82e0-609d7d4c050b/element/00000000-0000-1bfd-ffff-ffff00000010/enabled HTTP/1.1
User-Agent: selenium/4.5.0 (java windows)
Cache-Control: no-cache
Content-Type: application/json; charset=utf-8
host: 0.0.0.0:4723
accept: */*

Response DefaultHttpResponse(decodeResult: success, version: HTTP/1.1)
HTTP/1.1 200 OK
X-Powered-By: Express
Content-Type: application/json; charset=utf-8
ETag: W/&quot;e-2ZHvAWebNQpyjGZTg6uyV8/spTo&quot;
Date: Fri, 02 Dec 2022 04:26:24 GMT
Connection: keep-alive
Keep-Alive: timeout=600
content-length: 14

&amp;#27;[35m[HTTP]&amp;#27;[39m &amp;#27;[37m&lt;-- GET /wd/hub/session/7ae98af1-f0c4-48bb-82e0-609d7d4c050b/element/00000000-0000-1bfd-ffff-ffff00000010/enabled &amp;#27;[39m&amp;#27;[32m200&amp;#27;[39m &amp;#27;[90m12 m09:56:24.454 [AsyncHttpClient-1-2] DEBUG org.asynchttpclient.netty.channel.ChannelManager - Adding key: http://0.0.0.0:4723 for channel [id: 0x007e0974, L:/127.0.0.1:56617 - R:/127.0.0.1:4723]
s - 14&amp;#27;[39m
&amp;#27;[35m[HTTP]&amp;#27;[39m &amp;#27;[90m&amp;#27;[39m
09:56:24.456 [Forwarding findElement on session 7ae98af1-f0c4-48bb-82e0-609d7d4c050b to remote] DEBUG org.asynchttpclient.netty.request.NettyRequestSender - Using pooled Channel &apos;[id: 0x007e0974, L:/127.0.0.1:56617 - R:/127.0.0.1:4723]&apos; for &apos;POST&apos; to &apos;http://0.0.0.0:4723/wd/hub/session/7ae98af1-f0c4-48bb-82e0-609d7d4c050b/element&apos;
09:56:24.456 [Forwarding findElement on session 7ae98af1-f0c4-48bb-82e0-609d7d4c050b to remote] DEBUG org.asynchttpclient.netty.request.NettyRequestSender - Using open Channel [id: 0x007e0974, L:/127.0.0.1:56617 - R:/127.0.0.1:4723] for POST &apos;/wd/hub/session/7ae98af1-f0c4-48bb-82e0-609d7d4c050b/element&apos;
&amp;#27;[35m[HTTP]&amp;#27;[39m &amp;#27;[37m--&gt;&amp;#27;[39m &amp;#27;[37mPOST&amp;#27;[39m &amp;#27;[37m/wd/hub/session/7ae98af1-f0c4-48bb-82e0-609d7d4c050b/element&amp;#27;[39m
&amp;#27;[35m[HTTP]&amp;#27;[39m &amp;#27;[90m{&quot;using&quot;:&quot;id&quot;,&quot;value&quot;:&quot;com.example.android.testing.notes.mock:id/fab_add_notes&quot;}&amp;#27;[39m
[debug] &amp;#27;[35m[W3C (7ae98af1)]&amp;#27;[39m Calling AppiumDriver.findElement() with args: [&quot;id&quot;,&quot;com.example.android.testing.notes.mock:id/fab_add_notes&quot;,&quot;7ae98af1-f0c4-48bb-82e0-609d7d4c050b&quot;]
[debug] &amp;#27;[35m[BaseDriver]&amp;#27;[39m Valid locator strategies for this request: xpath, id, class name, accessibility id, css selector, -android uiautomator
[debug] &amp;#27;[35m[BaseDriver]&amp;#27;[39m Waiting up to 0 ms for condition
[debug] &amp;#27;[35m[WD Proxy]&amp;#27;[39m Matched &apos;/element&apos; to command name &apos;findElement&apos;
[debug] &amp;#27;[35m[WD Proxy]&amp;#27;[39m Proxying [POST /element] to [POST http://127.0.0.1:8200/wd/hub/session/015791bc-716d-4afa-9c1f-c27f676dbeb8/element] with body: {&quot;strategy&quot;:&quot;id&quot;,&quot;selector&quot;:&quot;com.example.android.testing.notes.mock:id/fab_add_notes&quot;,&quot;context&quot;:&quot;&quot;,&quot;multiple&quot;:false}
[debug] &amp;#27;[35m[WD Proxy]&amp;#27;[39m Got response with status 200: {&quot;sessionId&quot;:&quot;015791bc-716d-4afa-9c1f-c27f676dbeb8&quot;,&quot;value&quot;:{&quot;ELEMENT&quot;:&quot;00000000-0000-1bfd-ffff-ffff00000010&quot;,&quot;element-6066-11e4-a52e-4f735466cecf&quot;:&quot;00000000-0000-1bfd-ffff-ffff00000010&quot;}}
09:56:24.485 [AsyncHttpClient-1-2] DEBUG org.asynchttpclient.netty.handler.HttpHandler - 

Request DefaultHttpRequest(decodeResult: success, version: HTTP/1.1)
POST /wd/hub/session/7ae98af1-f0c4-48bb-82e0-609d7d4c050b/element HTTP/1.1
User-Agent: selenium/4.5.0 (java windows)
Content-Length: 94
Content-Type: application/json; charset=utf-8
host: 0.0.0.0:4723
accept: */*

Response DefaultHttpResponse(decodeResult: success, version: HTTP/1.1)
HTTP/1.1 200 OK
X-Powered-By: Express
Vary: X-HTTP-Method-Override
Content-Type: application/json; charset=utf-8
ETag: W/&quot;89-yWkwtAed5BqrLvZMQQnF4SjzwEo&quot;
Date: Fri, 02 Dec 2022 04:26:24 GMT
Connection: keep-alive
Keep-Alive: timeout=600
content-length: 137

[debug] &amp;#27;[35m[W3C (7ae98af1)]&amp;#27;[09:56:24.485 [AsyncHttpClient-1-2] DEBUG org.asynchttpclient.netty.channel.ChannelManager - Adding key: http://0.0.0.0:4723 for channel [id: 0x007e0974, L:/127.0.0.1:56617 - R:/127.0.0.1:4723]
39m Responding to client with driver.findElement() result: {&quot;element-6066-11e4-a52e-4f735466cecf&quot;:&quot;00000000-0000-1bfd-ffff-ffff00000010&quot;,&quot;ELEMENT&quot;:&quot;00000000-0000-1bfd-ffff-ffff00000010&quot;}
&amp;#27;[35m[HTTP]&amp;#27;[39m &amp;#27;[37m&lt;-- POST /wd/hub/session/7ae98af1-f0c4-48bb-82e0-609d7d4c050b/element &amp;#27;[39m&amp;#27;[32m200&amp;#27;[39m &amp;#27;[90m29 ms - 137&amp;#27;[39m
&amp;#27;[35m[HTTP]&amp;#27;[39m &amp;#27;[90m&amp;#27;[39m
09:56:24.486 [Forwarding isElementDisplayed on session 7ae98af1-f0c4-48bb-82e0-609d7d4c050b to remote] DEBUG org.asynchttpclient.netty.request.NettyRequestSender - Using pooled Channel &apos;[id: 0x007e0974, L:/127.0.0.1:56617 - R:/127.0.0.1:4723]&apos; for &apos;GET&apos; to &apos;http://0.0.0.0:4723/wd/hub/session/7ae98af1-f0c4-48bb-82e0-609d7d4c050b/element/00000000-0000-1bfd-ffff-ffff00000010/displayed&apos;
09:56:24.487 [Forwarding isElementDisplayed on session 7ae98af1-f0c4-48bb-82e0-609d7d4c050b to remote] DEBUG org.asynchttpclient.netty.request.NettyRequestSender - Using open Channel [id: 0x007e0974, L:/127.0.0.1:56617 - R:/127.0.0.1:4723] for GET &apos;/wd/hub/session/7ae98af1-f0c4-48bb-82e0-609d7d4c050b/element/00000000-0000-1bfd-ffff-ffff00000010/displayed&apos;
&amp;#27;[35m[HTTP]&amp;#27;[39m &amp;#27;[37m--&gt;&amp;#27;[39m &amp;#27;[37mGET&amp;#27;[39m &amp;#27;[37m/wd/hub/session/7ae98af1-f0c4-48bb-82e0-609d7d4c050b/element/00000000-0000-1bfd-ffff-ffff00000010/displayed&amp;#27;[39m
&amp;#27;[35m[HTTP]&amp;#27;[39m &amp;#27;[90m{}&amp;#27;[39m
[debug] &amp;#27;[35m[W3C (7ae98af1)]&amp;#27;[39m Calling AppiumDriver.elementDisplayed() with args: [&quot;00000000-0000-1bfd-ffff-ffff00000010&quot;,&quot;7ae98af1-f0c4-48bb-82e0-609d7d4c050b&quot;]
[debug] &amp;#27;[35m[WD Proxy]&amp;#27;[39m Matched &apos;/element/00000000-0000-1bfd-ffff-ffff00000010/attribute/displayed&apos; to command name &apos;getAttribute&apos;
[debug] &amp;#27;[35m[WD Proxy]&amp;#27;[39m Proxying [GET /element/00000000-0000-1bfd-ffff-ffff00000010/attribute/displayed] to [GET http://127.0.0.1:8200/wd/hub/session/015791bc-716d-4afa-9c1f-c27f676dbeb8/element/00000000-0000-1bfd-ffff-ffff00000010/attribute/displayed] with no body
[debug] &amp;#27;[35m[WD Proxy]&amp;#27;[39m Got response with status 200: {&quot;sessionId&quot;:&quot;015791bc-716d-4afa-9c1f-c27f676dbeb8&quot;,&quot;value&quot;:&quot;true&quot;}
[debug] &amp;#27;[35m[W3C (7ae98af1)]&amp;#27;[39m Responding to client with driver.elementDisplayed() result: true
09:56:24.536 [AsyncHttpClient-1-2] DEBUG org.asynchttpclient.netty.handler.HttpHandler - 

Request DefaultFullHttpRequest(decodeResult: success, version: HTTP/1.1, content: EmptyByteBufBE)
GET /wd/hub/session/7ae98af1-f0c4-48bb-82e0-609d7d4c050b/element/00000000-0000-1bfd-ffff-ffff00000010/displayed HTTP/1.1
User-Agent: selenium/4.5.0 (java windows)
Cache-Control: no-cache
Content-Type: application/json; charset=utf-8
host: 0.0.0.0:4723
accept: */*

Response DefaultHttpResponse(decodeResult: success, version: HTTP/1.1)
HTTP/1.1 200 OK
X-Powered-By: Express
Content-Type: application/json; charset=utf-8
ETag: W/&quot;e-2ZHvAWebNQpyjGZTg6uyV8/spTo&quot;
Date: Fri, 02 Dec 2022 04:26:24 GMT
Connection: keep-alive
Keep-Alive: timeout=600
content-length: 14

&amp;#27;[35m[HTTP]&amp;#27;[39m &amp;#27;[37m&lt;-- GET /wd/hub/session/7ae98af1-f0c4-48bb-82e0-609d7d4c050b/eleme09:56:24.536 [AsyncHttpClient-1-2] DEBUG org.asynchttpclient.netty.channel.ChannelManager - Adding key: http://0.0.0.0:4723 for channel [id: 0x007e0974, L:/127.0.0.1:56617 - R:/127.0.0.1:4723]
nt/00000000-0000-1bfd-ffff-ffff00000010/displayed &amp;#27;[39m&amp;#27;[32m200&amp;#27;[39m &amp;#27;[90m45 ms - 14&amp;#27;[39m
&amp;#27;[35m[HTTP]&amp;#27;[39m &amp;#27;[90m&amp;#27;[39m
09:56:24.536 [Forwarding findElement on session 7ae98af1-f0c4-48bb-82e0-609d7d4c050b to remote] DEBUG org.asynchttpclient.netty.request.NettyRequestSender - Using pooled Channel &apos;[id: 0x007e0974, L:/127.0.0.1:56617 - R:/127.0.0.1:4723]&apos; for &apos;POST&apos; to &apos;http://0.0.0.0:4723/wd/hub/session/7ae98af1-f0c4-48bb-82e0-609d7d4c050b/element&apos;
09:56:24.537 [Forwarding findElement on session 7ae98af1-f0c4-48bb-82e0-609d7d4c050b to remote] DEBUG org.asynchttpclient.netty.request.NettyRequestSender - Using open Channel [id: 0x007e0974, L:/127.0.0.1:56617 - R:/127.0.0.1:4723] for POST &apos;/wd/hub/session/7ae98af1-f0c4-48bb-82e0-609d7d4c050b/element&apos;
&amp;#27;[35m[HTTP]&amp;#27;[39m &amp;#27;[37m--&gt;&amp;#27;[39m &amp;#27;[37mPOST&amp;#27;[39m &amp;#27;[37m/wd/hub/session/7ae98af1-f0c4-48bb-82e0-609d7d4c050b/element&amp;#27;[39m
&amp;#27;[35m[HTTP]&amp;#27;[39m &amp;#27;[90m{&quot;using&quot;:&quot;id&quot;,&quot;value&quot;:&quot;com.example.android.testing.notes.mock:id/fab_add_notes&quot;}&amp;#27;[39m
[debug] &amp;#27;[35m[W3C (7ae98af1)]&amp;#27;[39m Calling AppiumDriver.findElement() with args: [&quot;id&quot;,&quot;com.example.android.testing.notes.mock:id/fab_add_notes&quot;,&quot;7ae98af1-f0c4-48bb-82e0-609d7d4c050b&quot;]
[debug] &amp;#27;[35m[BaseDriver]&amp;#27;[39m Valid locator strategies for this request: xpath, id, class name, accessibility id, css selector, -android uiautomator
[debug] &amp;#27;[35m[BaseDriver]&amp;#27;[39m Waiting up to 0 ms for condition
[debug] &amp;#27;[35m[WD Proxy]&amp;#27;[39m Matched &apos;/element&apos; to command name &apos;findElement&apos;
[debug] &amp;#27;[35m[WD Proxy]&amp;#27;[39m Proxying [POST /element] to [POST http://127.0.0.1:8200/wd/hub/session/015791bc-716d-4afa-9c1f-c27f676dbeb8/element] with body: {&quot;strategy&quot;:&quot;id&quot;,&quot;selector&quot;:&quot;com.example.android.testing.notes.mock:id/fab_add_notes&quot;,&quot;context&quot;:&quot;&quot;,&quot;multiple&quot;:false}
[debug] &amp;#27;[35m[WD Proxy]&amp;#27;[39m Got response with status 200: {&quot;sessionId&quot;:&quot;015791bc-716d-4afa-9c1f-c27f676dbeb8&quot;,&quot;value&quot;:{&quot;ELEMENT&quot;:&quot;00000000-0000-1bfd-ffff-ffff00000010&quot;,&quot;element-6066-11e4-a52e-4f735466cecf&quot;:&quot;00000000-0000-1bfd-ffff-ffff00000010&quot;}}
09:56:24.575 [AsyncHttpClient-1-2] DEBUG org.asynchttpclient.netty.handler.HttpHandler - 

Request DefaultHttpRequest(decodeResult: success, version: HTTP/1.1)
POST /wd/hub/session/7ae98af1-f0c4-48bb-82e0-609d7d4c050b/element HTTP/1.1
User-Agent: selenium/4.5.0 (java windows)
Content-Length: 94
Content-Type: application/json; charset=utf-8
host: 0.0.0.0:4723
accept: */*

Response DefaultHttpResponse(decodeResult: success, version: HTTP/1.1)
HTTP/1.1 200 OK
X-Powered-By: Express
Vary: X-HTTP-Method-Override
Content-Type: application/json; charset=utf-8
ETag: W/&quot;89-yWkwtAed5BqrLvZMQQnF4SjzwEo&quot;
Date: Fri, 02 Dec 2022 04:26:24 GMT
Connection: keep-alive
Keep-Alive: timeout=600
content-length: 137

[debug] &amp;#27;[35m[W3C (7ae98af1)]&amp;#27;[39m Responding to client with driver.09:56:24.575 [AsyncHttpClient-1-2] DEBUG org.asynchttpclient.netty.channel.ChannelManager - Adding key: http://0.0.0.0:4723 for channel [id: 0x007e0974, L:/127.0.0.1:56617 - R:/127.0.0.1:4723]
findElement() result: {&quot;element-6066-11e4-a52e-4f735466cecf&quot;:&quot;00000000-0000-1bfd-ffff-ffff00000010&quot;,&quot;ELEMENT&quot;:&quot;00000000-0000-1bfd-ffff-ffff00000010&quot;}
&amp;#27;[35m[HTTP]&amp;#27;[39m &amp;#27;[37m&lt;-- POST /wd/hub/session/7ae98af1-f0c4-48bb-82e0-609d7d4c050b/element &amp;#27;[39m&amp;#27;[32m200&amp;#27;[39m &amp;#27;[90m37 ms - 137&amp;#27;[39m
&amp;#27;[35m[HTTP]&amp;#27;[39m &amp;#27;[90m&amp;#27;[39m
09:56:24.576 [Forwarding isElementEnabled on session 7ae98af1-f0c4-48bb-82e0-609d7d4c050b to remote] DEBUG org.asynchttpclient.netty.request.NettyRequestSender - Using pooled Channel &apos;[id: 0x007e0974, L:/127.0.0.1:56617 - R:/127.0.0.1:4723]&apos; for &apos;GET&apos; to &apos;http://0.0.0.0:4723/wd/hub/session/7ae98af1-f0c4-48bb-82e0-609d7d4c050b/element/00000000-0000-1bfd-ffff-ffff00000010/enabled&apos;
09:56:24.576 [Forwarding isElementEnabled on session 7ae98af1-f0c4-48bb-82e0-609d7d4c050b to remote] DEBUG org.asynchttpclient.netty.request.NettyRequestSender - Using open Channel [id: 0x007e0974, L:/127.0.0.1:56617 - R:/127.0.0.1:4723] for GET &apos;/wd/hub/session/7ae98af1-f0c4-48bb-82e0-609d7d4c050b/element/00000000-0000-1bfd-ffff-ffff00000010/enabled&apos;
&amp;#27;[35m[HTTP]&amp;#27;[39m &amp;#27;[37m--&gt;&amp;#27;[39m &amp;#27;[37mGET&amp;#27;[39m &amp;#27;[37m/wd/hub/session/7ae98af1-f0c4-48bb-82e0-609d7d4c050b/element/00000000-0000-1bfd-ffff-ffff00000010/enabled&amp;#27;[39m
&amp;#27;[35m[HTTP]&amp;#27;[39m &amp;#27;[90m{}&amp;#27;[39m
[debug] &amp;#27;[35m[W3C (7ae98af1)]&amp;#27;[39m Calling AppiumDriver.elementEnabled() with args: [&quot;00000000-0000-1bfd-ffff-ffff00000010&quot;,&quot;7ae98af1-f0c4-48bb-82e0-609d7d4c050b&quot;]
[debug] &amp;#27;[35m[WD Proxy]&amp;#27;[39m Matched &apos;/element/00000000-0000-1bfd-ffff-ffff00000010/attribute/enabled&apos; to command name &apos;getAttribute&apos;
[debug] &amp;#27;[35m[WD Proxy]&amp;#27;[39m Proxying [GET /element/00000000-0000-1bfd-ffff-ffff00000010/attribute/enabled] to [GET http://127.0.0.1:8200/wd/hub/session/015791bc-716d-4afa-9c1f-c27f676dbeb8/element/00000000-0000-1bfd-ffff-ffff00000010/attribute/enabled] with no body
[debug] &amp;#27;[35m[WD Proxy]&amp;#27;[39m Got response with status 200: {&quot;sessionId&quot;:&quot;015791bc-716d-4afa-9c1f-c27f676dbeb8&quot;,&quot;value&quot;:&quot;true&quot;}
[debug] &amp;#27;[35m[W3C (7ae98af1)]&amp;#27;[39m Responding to client with driver.elementEnabled() result: true
09:56:24.601 [AsyncHttpClient-1-2] DEBUG org.asynchttpclient.netty.handler.HttpHandler - 

Request DefaultFullHttpRequest(decodeResult: success, version: HTTP/1.1, content: EmptyByteBufBE)
GET /wd/hub/session/7ae98af1-f0c4-48bb-82e0-609d7d4c050b/element/00000000-0000-1bfd-ffff-ffff00000010/enabled HTTP/1.1
User-Agent: selenium/4.5.0 (java windows)
Cache-Control: no-cache
Content-Type: application/json; charset=utf-8
host: 0.0.0.0:4723
accept: */*

Response DefaultHttpResponse(decodeResult: success, version: HTTP/1.1)
HTTP/1.1 200 OK
X-Powered-By: Express
Content-Type: application/json; charset=utf-8
ETag: W/&quot;e-2ZHvAWebNQpyjGZTg6uyV8/spTo&quot;
Date: Fri, 02 Dec 2022 04:26:24 GMT
Connection: keep-alive
Keep-Alive: timeout=600
content-length: 14

09:56:24.601 [AsyncHttpClient-1-2] DEBUG org.asynchttpclient.netty.channel.ChannelManager - Adding key: http://0.0.0.0:4723 for channel [id: 0x007e0974, L:/127.0.0.1:56617 - R:/127.0.0.1:4723]
&amp;#27;[35m[HTTP]&amp;#27;[39m &amp;#27;[37m&lt;-- GET /wd/hub/session/7ae98af1-f0c4-48bb-82e0-609d7d4c050b/element/00000000-0000-1bfd-ffff-ffff00000010/enabled &amp;#27;[39m&amp;#27;[32m200&amp;#27;[39m &amp;#27;[90m24 ms - 14&amp;#27;[39m
&amp;#27;[35m[HTTP]&amp;#27;[39m &amp;#27;[90m&amp;#27;[39m
09:56:24.603 [Forwarding findElement on session 7ae98af1-f0c4-48bb-82e0-609d7d4c050b to remote] DEBUG org.asynchttpclient.netty.request.NettyRequestSender - Using pooled Channel &apos;[id: 0x007e0974, L:/127.0.0.1:56617 - R:/127.0.0.1:4723]&apos; for &apos;POST&apos; to &apos;http://0.0.0.0:4723/wd/hub/session/7ae98af1-f0c4-48bb-82e0-609d7d4c050b/element&apos;
09:56:24.603 [Forwarding findElement on session 7ae98af1-f0c4-48bb-82e0-609d7d4c050b to remote] DEBUG org.asynchttpclient.netty.request.NettyRequestSender - Using open Channel [id: 0x007e0974, L:/127.0.0.1:56617 - R:/127.0.0.1:4723] for POST &apos;/wd/hub/session/7ae98af1-f0c4-48bb-82e0-609d7d4c050b/element&apos;
&amp;#27;[35m[HTTP]&amp;#27;[39m &amp;#27;[37m--&gt;&amp;#27;[39m &amp;#27;[37mPOST&amp;#27;[39m &amp;#27;[37m/wd/hub/session/7ae98af1-f0c4-48bb-82e0-609d7d4c050b/element&amp;#27;[39m
&amp;#27;[35m[HTTP]&amp;#27;[39m &amp;#27;[90m{&quot;using&quot;:&quot;id&quot;,&quot;value&quot;:&quot;com.example.android.testing.notes.mock:id/notes_list&quot;}&amp;#27;[39m
[debug] &amp;#27;[35m[W3C (7ae98af1)]&amp;#27;[39m Calling AppiumDriver.findElement() with args: [&quot;id&quot;,&quot;com.example.android.testing.notes.mock:id/notes_list&quot;,&quot;7ae98af1-f0c4-48bb-82e0-609d7d4c050b&quot;]
[debug] &amp;#27;[35m[BaseDriver]&amp;#27;[39m Valid locator strategies for this request: xpath, id, class name, accessibility id, css selector, -android uiautomator
[debug] &amp;#27;[35m[BaseDriver]&amp;#27;[39m Waiting up to 0 ms for condition
[debug] &amp;#27;[35m[WD Proxy]&amp;#27;[39m Matched &apos;/element&apos; to command name &apos;findElement&apos;
[debug] &amp;#27;[35m[WD Proxy]&amp;#27;[39m Proxying [POST /element] to [POST http://127.0.0.1:8200/wd/hub/session/015791bc-716d-4afa-9c1f-c27f676dbeb8/element] with body: {&quot;strategy&quot;:&quot;id&quot;,&quot;selector&quot;:&quot;com.example.android.testing.notes.mock:id/notes_list&quot;,&quot;context&quot;:&quot;&quot;,&quot;multiple&quot;:false}
[debug] &amp;#27;[35m[WD Proxy]&amp;#27;[39m Got response with status 200: {&quot;sessionId&quot;:&quot;015791bc-716d-4afa-9c1f-c27f676dbeb8&quot;,&quot;value&quot;:{&quot;ELEMENT&quot;:&quot;00000000-0000-1bfd-ffff-ffff0000000f&quot;,&quot;element-6066-11e4-a52e-4f735466cecf&quot;:&quot;00000000-0000-1bfd-ffff-ffff0000000f&quot;}}
[debug] &amp;#27;[35m[W3C (7ae98af1)]&amp;#27;[39m Responding to client with driver.findElement() result: {&quot;element-6066-11e4-a52e-4f735466cecf&quot;:&quot;00000000-0000-1bfd-ffff-ffff0000000f&quot;,&quot;ELEMENT&quot;:&quot;00000000-0000-1bfd-ffff-ffff0000000f&quot;}
09:56:24.633 [AsyncHttpClient-1-2] DEBUG org.asynchttpclient.netty.handler.HttpHandler - 

Request DefaultHttpRequest(decodeResult: success, version: HTTP/1.1)
POST /wd/hub/session/7ae98af1-f0c4-48bb-82e0-609d7d4c050b/element HTTP/1.1
User-Agent: selenium/4.5.0 (java windows)
Content-Length: 91
Content-Type: application/json; charset=utf-8
host: 0.0.0.0:4723
accept: */*

Response DefaultHttpResponse(decodeResult: success, version: HTTP/1.1)
HTTP/1.1 200 OK
X-Powered-By: Express
Vary: X-HTTP-Method-Override
Content-Type: application/json; charset=utf-8
ETag: W/&quot;89-oevjeao3i1wEWMajcyo0EnKx9u0&quot;
Date: Fri, 02 Dec 2022 04:26:24 GMT
Connection: keep-alive
Keep-Alive: timeout=600
content-length: 137

09:56:24.633 [AsyncHttpClient-1-2] DEBUG org.asynchttpclient.netty.channel.ChannelManager - Adding key: http://0.0.0.0:4723 for channel [id: 0x007e0974, L:/127.0.0.1:56617 - R:/127.0.0.1:4723]
&amp;#27;[35m[HTTP]&amp;#27;[39m &amp;#27;[37m&lt;-- POST /wd/hub/session/7ae98af1-f0c4-48bb-82e0-609d7d4c050b/element &amp;#27;[39m&amp;#27;[32m200&amp;#27;[39m &amp;#27;[90m29 ms - 137&amp;#27;[39m
&amp;#27;[35m[HTTP]&amp;#27;[39m &amp;#27;[90m&amp;#27;[39m
09:56:24.634 [Forwarding findChildElements on session 7ae98af1-f0c4-48bb-82e0-609d7d4c050b to remote] DEBUG org.asynchttpclient.netty.request.NettyRequestSender - Using pooled Channel &apos;[id: 0x007e0974, L:/127.0.0.1:56617 - R:/127.0.0.1:4723]&apos; for &apos;POST&apos; to &apos;http://0.0.0.0:4723/wd/hub/session/7ae98af1-f0c4-48bb-82e0-609d7d4c050b/element/00000000-0000-1bfd-ffff-ffff0000000f/elements&apos;
09:56:24.634 [Forwarding findChildElements on session 7ae98af1-f0c4-48bb-82e0-609d7d4c050b to remote] DEBUG org.asynchttpclient.netty.request.NettyRequestSender - Using open Channel [id: 0x007e0974, L:/127.0.0.1:56617 - R:/127.0.0.1:4723] for POST &apos;/wd/hub/session/7ae98af1-f0c4-48bb-82e0-609d7d4c050b/element/00000000-0000-1bfd-ffff-ffff0000000f/elements&apos;
&amp;#27;[35m[HTTP]&amp;#27;[39m &amp;#27;[37m--&gt;&amp;#27;[39m &amp;#27;[37mPOST&amp;#27;[39m &amp;#27;[37m/wd/hub/session/7ae98af1-f0c4-48bb-82e0-609d7d4c050b/element/00000000-0000-1bfd-ffff-ffff0000000f/elements&amp;#27;[39m
&amp;#27;[35m[HTTP]&amp;#27;[39m &amp;#27;[90m{&quot;id&quot;:&quot;00000000-0000-1bfd-ffff-ffff0000000f&quot;,&quot;using&quot;:&quot;class name&quot;,&quot;value&quot;:&quot;android.widget.LinearLayout&quot;}&amp;#27;[39m
[debug] &amp;#27;[35m[W3C (7ae98af1)]&amp;#27;[39m Calling AppiumDriver.findElementsFromElement() with args: [&quot;class name&quot;,&quot;android.widget.LinearLayout&quot;,&quot;00000000-0000-1bfd-ffff-ffff0000000f&quot;,&quot;7ae98af1-f0c4-48bb-82e0-609d7d4c050b&quot;]
[debug] &amp;#27;[35m[BaseDriver]&amp;#27;[39m Valid locator strategies for this request: xpath, id, class name, accessibility id, css selector, -android uiautomator
[debug] &amp;#27;[35m[BaseDriver]&amp;#27;[39m Waiting up to 0 ms for condition
[debug] &amp;#27;[35m[WD Proxy]&amp;#27;[39m Matched &apos;/elements&apos; to command name &apos;findElements&apos;
[debug] &amp;#27;[35m[WD Proxy]&amp;#27;[39m Proxying [POST /elements] to [POST http://127.0.0.1:8200/wd/hub/session/015791bc-716d-4afa-9c1f-c27f676dbeb8/elements] with body: {&quot;strategy&quot;:&quot;class name&quot;,&quot;selector&quot;:&quot;android.widget.LinearLayout&quot;,&quot;context&quot;:&quot;00000000-0000-1bfd-ffff-ffff0000000f&quot;,&quot;multiple&quot;:true}
[debug] &amp;#27;[35m[WD Proxy]&amp;#27;[39m Got response with status 200: {&quot;sessionId&quot;:&quot;015791bc-716d-4afa-9c1f-c27f676dbeb8&quot;,&quot;value&quot;:[{&quot;ELEMENT&quot;:&quot;00000000-0000-1bfd-ffff-ffff00000034&quot;,&quot;element-6066-11e4-a52e-4f735466cecf&quot;:&quot;00000000-0000-1bfd-ffff-ffff00000034&quot;}]}
[debug] 09:56:24.654 [AsyncHttpClient-1-2] DEBUG org.asynchttpclient.netty.handler.HttpHandler - 

Request DefaultHttpRequest(decodeResult: success, version: HTTP/1.1)
POST /wd/hub/session/7ae98af1-f0c4-48bb-82e0-609d7d4c050b/element/00000000-0000-1bfd-ffff-ffff0000000f/elements HTTP/1.1
User-Agent: selenium/4.5.0 (java windows)
Content-Length: 117
Content-Type: application/json; charset=utf-8
host: 0.0.0.0:4723
accept: */*

Response DefaultHttpResponse(decodeResult: success, version: HTTP/1.1)
HTTP/1.1 200 OK
X-Powered-By: Express
Vary: X-HTTP-Method-Override
Content-Type: application/json; charset=utf-8
ETag: W/&quot;8b-wYS9Rl+fqbdH2fUAjGILGATiJg0&quot;
Date: Fri, 02 Dec 2022 04:26:24 GMT
Connection: keep-alive
Keep-Alive: timeout=600
content-length: 139

&amp;#27;[35m[W09:56:24.654 [AsyncHttpClient-1-2] DEBUG org.asynchttpclient.netty.channel.ChannelManager - Adding key: http://0.0.0.0:4723 for channel [id: 0x007e0974, L:/127.0.0.1:56617 - R:/127.0.0.1:4723]
3C (7ae98af1)]&amp;#27;[39m Responding to client with driver.findElementsFromElement() result: [{&quot;element-6066-11e4-a52e-4f735466cecf&quot;:&quot;00000000-0000-1bfd-ffff-ffff00000034&quot;,&quot;ELEMENT&quot;:&quot;00000000-0000-1bfd-ffff-ffff00000034&quot;}]
&amp;#27;[35m[HTTP]&amp;#27;[39m &amp;#27;[37m&lt;-- POST /wd/hub/session/7ae98af1-f0c4-48bb-82e0-609d7d4c050b/element/00000000-0000-1bfd-ffff-ffff0000000f/elements 09:56:24.655 [Forwarding findChildElements on session 7ae98af1-f0c4-48bb-82e0-609d7d4c050b to remote] DEBUG org.asynchttpclient.netty.request.NettyRequestSender - Using pooled Channel &apos;[id: 0x007e0974, L:/127.0.0.1:56617 - R:/127.0.0.1:4723]&apos; for &apos;POST&apos; to &apos;http://0.0.0.0:4723/wd/hub/session/7ae98af1-f0c4-48bb-82e0-609d7d4c050b/element/00000000-0000-1bfd-ffff-ffff00000034/elements&apos;
&amp;#27;[39m09:56:24.655 [Forwarding findChildElements on session 7ae98af1-f0c4-48bb-82e0-609d7d4c050b to remote] DEBUG org.asynchttpclient.netty.request.NettyRequestSender - Using open Channel [id: 0x007e0974, L:/127.0.0.1:56617 - R:/127.0.0.1:4723] for POST &apos;/wd/hub/session/7ae98af1-f0c4-48bb-82e0-609d7d4c050b/element/00000000-0000-1bfd-ffff-ffff00000034/elements&apos;
&amp;#27;[32m200&amp;#27;[39m &amp;#27;[90m18 ms - 139&amp;#27;[39m
&amp;#27;[35m[HTTP]&amp;#27;[39m &amp;#27;[90m&amp;#27;[39m
&amp;#27;[35m[HTTP]&amp;#27;[39m &amp;#27;[37m--&gt;&amp;#27;[39m &amp;#27;[37mPOST&amp;#27;[39m &amp;#27;[37m/wd/hub/session/7ae98af1-f0c4-48bb-82e0-609d7d4c050b/element/00000000-0000-1bfd-ffff-ffff00000034/elements&amp;#27;[39m
&amp;#27;[35m[HTTP]&amp;#27;[39m &amp;#27;[90m{&quot;id&quot;:&quot;00000000-0000-1bfd-ffff-ffff00000034&quot;,&quot;using&quot;:&quot;id&quot;,&quot;value&quot;:&quot;com.example.android.testing.notes.mock:id/note_detail_title&quot;}&amp;#27;[39m
[debug] &amp;#27;[35m[W3C (7ae98af1)]&amp;#27;[39m Calling AppiumDriver.findElementsFromElement() with args: [&quot;id&quot;,&quot;com.example.android.testing.notes.mock:id/note_detail_title&quot;,&quot;00000000-0000-1bfd-ffff-ffff00000034&quot;,&quot;7ae98af1-f0c4-48bb-82e0-609d7d4c050b&quot;]
[debug] &amp;#27;[35m[BaseDriver]&amp;#27;[39m Valid locator strategies for this request: xpath, id, class name, accessibility id, css selector, -android uiautomator
[debug] &amp;#27;[35m[BaseDriver]&amp;#27;[39m Waiting up to 0 ms for condition
[debug] &amp;#27;[35m[WD Proxy]&amp;#27;[39m Matched &apos;/elements&apos; to command name &apos;findElements&apos;
[debug] &amp;#27;[35m[WD Proxy]&amp;#27;[39m Proxying [POST /elements] to [POST http://127.0.0.1:8200/wd/hub/session/015791bc-716d-4afa-9c1f-c27f676dbeb8/elements] with body: {&quot;strategy&quot;:&quot;id&quot;,&quot;selector&quot;:&quot;com.example.android.testing.notes.mock:id/note_detail_title&quot;,&quot;context&quot;:&quot;00000000-0000-1bfd-ffff-ffff00000034&quot;,&quot;multiple&quot;:true}
[debug] &amp;#27;[35m[WD Proxy]&amp;#27;[39m Got response with status 200: {&quot;sessionId&quot;:&quot;015791bc-716d-4afa-9c1f-c27f676dbeb8&quot;,&quot;value&quot;:[]}
[debug] &amp;#27;[35m[W3C (7ae98af1)]&amp;#27;[39m Responding to client with driver.findElementsFromElement() result: []
09:56:24.674 [AsyncHttpClient-1-2] DEBUG org.asynchttpclient.netty.handler.HttpHandler - 

Request DefaultHttpRequest(decodeResult: success, version: HTTP/1.1)
POST /wd/hub/session/7ae98af1-f0c4-48bb-82e0-609d7d4c050b/element/00000000-0000-1bfd-ffff-ffff00000034/elements HTTP/1.1
User-Agent: selenium/4.5.0 (java windows)
Content-Length: 146
Content-Type: application/json; charset=utf-8
host: 0.0.0.0:4723
accept: */*

Response DefaultHttpResponse(decodeResult: success, version: HTTP/1.1)
HTTP/1.1 200 OK
X-Powered-By: Express
Vary: X-HTTP-Method-Override
Content-Type: application/json; charset=utf-8
ETag: W/&quot;c-ct3goOI+b+kRZv2R9j2fTtMXwkk&quot;
Date: Fri, 02 Dec 2022 04:26:24 GMT
Connection: keep-alive
Keep-Alive: timeout=600
content-length: 12

&amp;#27;[35m[HTTP]&amp;#27;[39m &amp;#27;[37m&lt;-- POST /wd/hub/session/7ae98af1-f0c4-48bb-82e0-609d7d4c050b/element/00000000-0000-1bfd-ffff-ffff00000034/elements &amp;#27;09:56:24.674 [AsyncHttpClient-1-2] DEBUG org.asynchttpclient.netty.channel.ChannelManager - Adding key: http://0.0.0.0:4723 for channel [id: 0x007e0974, L:/127.0.0.1:56617 - R:/127.0.0.1:4723]
[39m&amp;#27;[32m200&amp;#27;[39m &amp;#27;[90m18 ms - 12&amp;#27;[39m
&amp;#27;[35m[HTTP]&amp;#27;[39m &amp;#27;[90m&amp;#27;[39m
09:56:24.675 [Forwarding findElement on session 7ae98af1-f0c4-48bb-82e0-609d7d4c050b to remote] DEBUG org.asynchttpclient.netty.request.NettyRequestSender - Using pooled Channel &apos;[id: 0x007e0974, L:/127.0.0.1:56617 - R:/127.0.0.1:4723]&apos; for &apos;POST&apos; to &apos;http://0.0.0.0:4723/wd/hub/session/7ae98af1-f0c4-48bb-82e0-609d7d4c050b/element&apos;
09:56:24.675 [Forwarding findElement on session 7ae98af1-f0c4-48bb-82e0-609d7d4c050b to remote] DEBUG org.asynchttpclient.netty.request.NettyRequestSender - Using open Channel [id: 0x007e0974, L:/127.0.0.1:56617 - R:/127.0.0.1:4723] for POST &apos;/wd/hub/session/7ae98af1-f0c4-48bb-82e0-609d7d4c050b/element&apos;
&amp;#27;[35m[HTTP]&amp;#27;[39m &amp;#27;[37m--&gt;&amp;#27;[39m &amp;#27;[37mPOST&amp;#27;[39m &amp;#27;[37m/wd/hub/session/7ae98af1-f0c4-48bb-82e0-609d7d4c050b/element&amp;#27;[39m
&amp;#27;[35m[HTTP]&amp;#27;[39m &amp;#27;[90m{&quot;using&quot;:&quot;id&quot;,&quot;value&quot;:&quot;com.example.android.testing.notes.mock:id/fab_add_notes&quot;}&amp;#27;[39m
[debug] &amp;#27;[35m[W3C (7ae98af1)]&amp;#27;[39m Calling AppiumDriver.findElement() with args: [&quot;id&quot;,&quot;com.example.android.testing.notes.mock:id/fab_add_notes&quot;,&quot;7ae98af1-f0c4-48bb-82e0-609d7d4c050b&quot;]
[debug] &amp;#27;[35m[BaseDriver]&amp;#27;[39m Valid locator strategies for this request: xpath, id, class name, accessibility id, css selector, -android uiautomator
[debug] &amp;#27;[35m[BaseDriver]&amp;#27;[39m Waiting up to 0 ms for condition
[debug] &amp;#27;[35m[WD Proxy]&amp;#27;[39m Matched &apos;/element&apos; to command name &apos;findElement&apos;
[debug] &amp;#27;[35m[WD Proxy]&amp;#27;[39m Proxying [POST /element] to [POST http://127.0.0.1:8200/wd/hub/session/015791bc-716d-4afa-9c1f-c27f676dbeb8/element] with body: {&quot;strategy&quot;:&quot;id&quot;,&quot;selector&quot;:&quot;com.example.android.testing.notes.mock:id/fab_add_notes&quot;,&quot;context&quot;:&quot;&quot;,&quot;multiple&quot;:false}
[debug] &amp;#27;[35m[WD Proxy]&amp;#27;[39m Got response with status 200: {&quot;sessionId&quot;:&quot;015791bc-716d-4afa-9c1f-c27f676dbeb8&quot;,&quot;value&quot;:{&quot;ELEMENT&quot;:&quot;00000000-0000-1bfd-ffff-ffff00000010&quot;,&quot;element-6066-11e4-a52e-4f735466cecf&quot;:&quot;00000000-0000-1bfd-ffff-ffff00000010&quot;}}
09:56:24.707 [AsyncHttpClient-1-2] DEBUG org.asynchttpclient.netty.handler.HttpHandler - 

Request DefaultHttpRequest(decodeResult: success, version: HTTP/1.1)
POST /wd/hub/session/7ae98af1-f0c4-48bb-82e0-609d7d4c050b/element HTTP/1.1
User-Agent: selenium/4.5.0 (java windows)
Content-Length: 94
Content-Type: application/json; charset=utf-8
host: 0.0.0.0:4723
accept: */*

Response DefaultHttpResponse(decodeResult: success, version: HTTP/1.1)
HTTP/1.1 200 OK
X-Powered-By: Express
Vary: X-HTTP-Method-Override
Content-Type: application/json; charset=utf-8
ETag: W/&quot;89-yWkwtAed5BqrLvZMQQnF4SjzwEo&quot;
Date: Fri, 02 Dec 2022 04:26:24 GMT
Connection: keep-alive
Keep-Alive: timeout=600
content-length: 137

[debug] &amp;#27;[35m[W3C (7ae98af1)]&amp;#27;[39m Responding to client with driver.findElement() result: {&quot;element-60609:56:24.708 [AsyncHttpClient-1-2] DEBUG org.asynchttpclient.netty.channel.ChannelManager - Adding key: http://0.0.0.0:4723 for channel [id: 0x007e0974, L:/127.0.0.1:56617 - R:/127.0.0.1:4723]
6-11e4-a52e-4f735466cecf&quot;:&quot;00000000-0000-1bfd-ffff-ffff00000010&quot;,&quot;ELEMENT&quot;:&quot;00000000-0000-1bfd-ffff-ffff00000010&quot;}
&amp;#27;[35m[HTTP]&amp;#27;[39m &amp;#27;[37m&lt;-- POST /wd/hub/session/7ae98af1-f0c4-48bb-8209:56:24.708 [Forwarding isElementDisplayed on session 7ae98af1-f0c4-48bb-82e0-609d7d4c050b to remote] DEBUG org.asynchttpclient.netty.request.NettyRequestSender - Using pooled Channel &apos;[id: 0x007e0974, L:/127.0.0.1:56617 - R:/127.0.0.1:4723]&apos; for &apos;GET&apos; to &apos;http://0.0.0.0:4723/wd/hub/session/7ae98af1-f0c4-48bb-82e0-609d7d4c050b/element/00000000-0000-1bfd-ffff-ffff00000010/displayed&apos;
e0-609d7d4c050b/element &amp;#27;[39m&amp;#27;[32m200&amp;#27;[39m &amp;#27;[90m31 ms - 137&amp;#27;[39m
&amp;#27;[35m[HTTP]&amp;#27;[39m &amp;#27;[90m&amp;#27;[39m09:56:24.708 [Forwarding isElementDisplayed on session 7ae98af1-f0c4-48bb-82e0-609d7d4c050b to remote] DEBUG org.asynchttpclient.netty.request.NettyRequestSender - Using open Channel [id: 0x007e0974, L:/127.0.0.1:56617 - R:/127.0.0.1:4723] for GET &apos;/wd/hub/session/7ae98af1-f0c4-48bb-82e0-609d7d4c050b/element/00000000-0000-1bfd-ffff-ffff00000010/displayed&apos;

&amp;#27;[35m[HTTP]&amp;#27;[39m &amp;#27;[37m--&gt;&amp;#27;[39m &amp;#27;[37mGET&amp;#27;[39m &amp;#27;[37m/wd/hub/session/7ae98af1-f0c4-48bb-82e0-609d7d4c050b/element/00000000-0000-1bfd-ffff-ffff00000010/displayed&amp;#27;[39m
&amp;#27;[35m[HTTP]&amp;#27;[39m &amp;#27;[90m{}&amp;#27;[39m
[debug] &amp;#27;[35m[W3C (7ae98af1)]&amp;#27;[39m Calling AppiumDriver.elementDisplayed() with args: [&quot;00000000-0000-1bfd-ffff-ffff00000010&quot;,&quot;7ae98af1-f0c4-48bb-82e0-609d7d4c050b&quot;]
[debug] &amp;#27;[35m[WD Proxy]&amp;#27;[39m Matched &apos;/element/00000000-0000-1bfd-ffff-ffff00000010/attribute/displayed&apos; to command name &apos;getAttribute&apos;
[debug] &amp;#27;[35m[WD Proxy]&amp;#27;[39m Proxying [GET /element/00000000-0000-1bfd-ffff-ffff00000010/attribute/displayed] to [GET http://127.0.0.1:8200/wd/hub/session/015791bc-716d-4afa-9c1f-c27f676dbeb8/element/00000000-0000-1bfd-ffff-ffff00000010/attribute/displayed] with no body
[debug] &amp;#27;[35m[WD Proxy]&amp;#27;[39m Got response with status 200: {&quot;sessionId&quot;:&quot;015791bc-716d-4afa-9c1f-c27f676dbeb8&quot;,&quot;value&quot;:&quot;true&quot;}
[debug] &amp;#27;[35m[W3C (7ae98af1)]&amp;#27;[39m Responding to client with driver.elementDisplayed() result: true
09:56:24.719 [AsyncHttpClient-1-2] DEBUG org.asynchttpclient.netty.handler.HttpHandler - 

Request DefaultFullHttpRequest(decodeResult: success, version: HTTP/1.1, content: EmptyByteBufBE)
GET /wd/hub/session/7ae98af1-f0c4-48bb-82e0-609d7d4c050b/element/00000000-0000-1bfd-ffff-ffff00000010/displayed HTTP/1.1
User-Agent: selenium/4.5.0 (java windows)
Cache-Control: no-cache
Content-Type: application/json; charset=utf-8
host: 0.0.0.0:4723
accept: */*

Response DefaultHttpResponse(decodeResult: success, version: HTTP/1.1)
HTTP/1.1 200 OK
X-Powered-By: Express
Content-Type: application/json; charset=utf-8
ETag: W/&quot;e-2ZHvAWebNQpyjGZTg6uyV8/spTo&quot;
Date: Fri, 02 Dec 2022 04:26:24 GMT
Connection: keep-alive
Keep-Alive: timeout=600
content-length: 14

&amp;#27;[35m[HTTP]&amp;#27;[39m &amp;#27;[37m&lt;-- GET /wd/hub/session/7ae98af1-f0c4-48bb-82e0-609d709:56:24.720 [AsyncHttpClient-1-2] DEBUG org.asynchttpclient.netty.channel.ChannelManager - Adding key: http://0.0.0.0:4723 for channel [id: 0x007e0974, L:/127.0.0.1:56617 - R:/127.0.0.1:4723]
d4c050b/element/00000000-0000-1bfd-ffff-ffff00000010/displayed &amp;#27;[39m&amp;#27;[32m200&amp;#27;[39m &amp;#27;[90m9 ms - 14&amp;#27;[39m
&amp;#27;[35m[HTTP]&amp;#27;[39m &amp;#27;[90m&amp;#27;[39m
09:56:24.720 [Forwarding findElement on session 7ae98af1-f0c4-48bb-82e0-609d7d4c050b to remote] DEBUG org.asynchttpclient.netty.request.NettyRequestSender - Using pooled Channel &apos;[id: 0x007e0974, L:/127.0.0.1:56617 - R:/127.0.0.1:4723]&apos; for &apos;POST&apos; to &apos;http://0.0.0.0:4723/wd/hub/session/7ae98af1-f0c4-48bb-82e0-609d7d4c050b/element&apos;
09:56:24.720 [Forwarding findElement on session 7ae98af1-f0c4-48bb-82e0-609d7d4c050b to remote] DEBUG org.asynchttpclient.netty.request.NettyRequestSender - Using open Channel [id: 0x007e0974, L:/127.0.0.1:56617 - R:/127.0.0.1:4723] for POST &apos;/wd/hub/session/7ae98af1-f0c4-48bb-82e0-609d7d4c050b/element&apos;
&amp;#27;[35m[HTTP]&amp;#27;[39m &amp;#27;[37m--&gt;&amp;#27;[39m &amp;#27;[37mPOST&amp;#27;[39m &amp;#27;[37m/wd/hub/session/7ae98af1-f0c4-48bb-82e0-609d7d4c050b/element&amp;#27;[39m
&amp;#27;[35m[HTTP]&amp;#27;[39m &amp;#27;[90m{&quot;using&quot;:&quot;id&quot;,&quot;value&quot;:&quot;com.example.android.testing.notes.mock:id/fab_add_notes&quot;}&amp;#27;[39m
[debug] &amp;#27;[35m[W3C (7ae98af1)]&amp;#27;[39m Calling AppiumDriver.findElement() with args: [&quot;id&quot;,&quot;com.example.android.testing.notes.mock:id/fab_add_notes&quot;,&quot;7ae98af1-f0c4-48bb-82e0-609d7d4c050b&quot;]
[debug] &amp;#27;[35m[BaseDriver]&amp;#27;[39m Valid locator strategies for this request: xpath, id, class name, accessibility id, css selector, -android uiautomator
[debug] &amp;#27;[35m[BaseDriver]&amp;#27;[39m Waiting up to 0 ms for condition
[debug] &amp;#27;[35m[WD Proxy]&amp;#27;[39m Matched &apos;/element&apos; to command name &apos;findElement&apos;
[debug] &amp;#27;[35m[WD Proxy]&amp;#27;[39m Proxying [POST /element] to [POST http://127.0.0.1:8200/wd/hub/session/015791bc-716d-4afa-9c1f-c27f676dbeb8/element] with body: {&quot;strategy&quot;:&quot;id&quot;,&quot;selector&quot;:&quot;com.example.android.testing.notes.mock:id/fab_add_notes&quot;,&quot;context&quot;:&quot;&quot;,&quot;multiple&quot;:false}
[debug] &amp;#27;[35m[WD Proxy]&amp;#27;[39m Got response with status 200: {&quot;sessionId&quot;:&quot;015791bc-716d-4afa-9c1f-c27f676dbeb8&quot;,&quot;value&quot;:{&quot;ELEMENT&quot;:&quot;00000000-0000-1bfd-ffff-ffff00000010&quot;,&quot;element-6066-11e4-a52e-4f735466cecf&quot;:&quot;00000000-0000-1bfd-ffff-ffff00000010&quot;}}
[debug] &amp;#27;[35m[W3C (7ae98af1)]&amp;#27;[39m Responding to client with driver.findElement() result: {09:56:24.752 [AsyncHttpClient-1-2] DEBUG org.asynchttpclient.netty.handler.HttpHandler - 

Request DefaultHttpRequest(decodeResult: success, version: HTTP/1.1)
POST /wd/hub/session/7ae98af1-f0c4-48bb-82e0-609d7d4c050b/element HTTP/1.1
User-Agent: selenium/4.5.0 (java windows)
Content-Length: 94
Content-Type: application/json; charset=utf-8
host: 0.0.0.0:4723
accept: */*

Response DefaultHttpResponse(decodeResult: success, version: HTTP/1.1)
HTTP/1.1 200 OK
X-Powered-By: Express
Vary: X-HTTP-Method-Override
Content-Type: application/json; charset=utf-8
ETag: W/&quot;89-yWkwtAed5BqrLvZMQQnF4SjzwEo&quot;
Date: Fri, 02 Dec 2022 04:26:24 GMT
Connection: keep-alive
Keep-Alive: timeout=600
content-length: 137

&quot;element-6066-11e4-a52e-4f735466cecf09:56:24.752 [AsyncHttpClient-1-2] DEBUG org.asynchttpclient.netty.channel.ChannelManager - Adding key: http://0.0.0.0:4723 for channel [id: 0x007e0974, L:/127.0.0.1:56617 - R:/127.0.0.1:4723]
&quot;:&quot;00000000-0000-1bfd-ffff-ffff00000010&quot;,&quot;ELEMENT&quot;:&quot;00000000-0000-1bfd-ffff-ffff00000010&quot;}
&amp;#27;[35m[HTTP]&amp;#27;[39m &amp;#27;[37m&lt;-- POST /wd/hub/session/7ae98af1-f0c4-48bb-82e0-609d7d4c050b/element &amp;#27;[39m&amp;#27;[32m200&amp;#27;[39m &amp;#27;[90m31 ms - 137&amp;#27;[39m
&amp;#27;[35m[HTTP]&amp;#27;[39m &amp;#27;[90m&amp;#27;[39m
09:56:24.753 [Forwarding isElementEnabled on session 7ae98af1-f0c4-48bb-82e0-609d7d4c050b to remote] DEBUG org.asynchttpclient.netty.request.NettyRequestSender - Using pooled Channel &apos;[id: 0x007e0974, L:/127.0.0.1:56617 - R:/127.0.0.1:4723]&apos; for &apos;GET&apos; to &apos;http://0.0.0.0:4723/wd/hub/session/7ae98af1-f0c4-48bb-82e0-609d7d4c050b/element/00000000-0000-1bfd-ffff-ffff00000010/enabled&apos;
09:56:24.753 [Forwarding isElementEnabled on session 7ae98af1-f0c4-48bb-82e0-609d7d4c050b to remote] DEBUG org.asynchttpclient.netty.request.NettyRequestSender - Using open Channel [id: 0x007e0974, L:/127.0.0.1:56617 - R:/127.0.0.1:4723] for GET &apos;/wd/hub/session/7ae98af1-f0c4-48bb-82e0-609d7d4c050b/element/00000000-0000-1bfd-ffff-ffff00000010/enabled&apos;
&amp;#27;[35m[HTTP]&amp;#27;[39m &amp;#27;[37m--&gt;&amp;#27;[39m &amp;#27;[37mGET&amp;#27;[39m &amp;#27;[37m/wd/hub/session/7ae98af1-f0c4-48bb-82e0-609d7d4c050b/element/00000000-0000-1bfd-ffff-ffff00000010/enabled&amp;#27;[39m
&amp;#27;[35m[HTTP]&amp;#27;[39m &amp;#27;[90m{}&amp;#27;[39m
[debug] &amp;#27;[35m[W3C (7ae98af1)]&amp;#27;[39m Calling AppiumDriver.elementEnabled() with args: [&quot;00000000-0000-1bfd-ffff-ffff00000010&quot;,&quot;7ae98af1-f0c4-48bb-82e0-609d7d4c050b&quot;]
[debug] &amp;#27;[35m[WD Proxy]&amp;#27;[39m Matched &apos;/element/00000000-0000-1bfd-ffff-ffff00000010/attribute/enabled&apos; to command name &apos;getAttribute&apos;
[debug] &amp;#27;[35m[WD Proxy]&amp;#27;[39m Proxying [GET /element/00000000-0000-1bfd-ffff-ffff00000010/attribute/enabled] to [GET http://127.0.0.1:8200/wd/hub/session/015791bc-716d-4afa-9c1f-c27f676dbeb8/element/00000000-0000-1bfd-ffff-ffff00000010/attribute/enabled] with no body
[debug] &amp;#27;[35m[WD Proxy]&amp;#27;[39m Got response with status 200: {&quot;sessionId&quot;:&quot;015791bc-716d-4afa-9c1f-c27f676dbeb8&quot;,&quot;value&quot;:&quot;true&quot;}
[debug] &amp;#27;[35m[W3C (7ae98af1)]&amp;#27;[39m Responding to client with driver.elementEnabled() result: true
09:56:24.766 [AsyncHttpClient-1-2] DEBUG org.asynchttpclient.netty.handler.HttpHandler - 

Request DefaultFullHttpRequest(decodeResult: success, version: HTTP/1.1, content: EmptyByteBufBE)
GET /wd/hub/session/7ae98af1-f0c4-48bb-82e0-609d7d4c050b/element/00000000-0000-1bfd-ffff-ffff00000010/enabled HTTP/1.1
User-Agent: selenium/4.5.0 (java windows)
Cache-Control: no-cache
Content-Type: application/json; charset=utf-8
host: 0.0.0.0:4723
accept: */*

Response DefaultHttpResponse(decodeResult: success, version: HTTP/1.1)
HTTP/1.1 200 OK
X-Powered-By: Express
Content-Type: application/json; charset=utf-8
ETag: W/&quot;e-2ZHvAWebNQpyjGZTg6uyV8/spTo&quot;
Date: Fri, 02 Dec 2022 04:26:24 GMT
Connection: keep-alive
Keep-Alive: timeout=600
content-length: 14

&amp;#27;[35m[HTTP]&amp;#27;[39m &amp;#27;[309:56:24.767 [AsyncHttpClient-1-2] DEBUG org.asynchttpclient.netty.channel.ChannelManager - Adding key: http://0.0.0.0:4723 for channel [id: 0x007e0974, L:/127.0.0.1:56617 - R:/127.0.0.1:4723]
7m&lt;-- GET /wd/hub/session/7ae98af1-f0c4-48bb-82e0-609d7d4c050b/element/00000000-0000-1bfd-ffff-ffff00000010/enabled &amp;#27;[39m&amp;#27;[32m200&amp;#27;[39m &amp;#27;[90m12 ms - 14&amp;#27;[39m
&amp;#27;[35m[HTTP]&amp;#27;[39m &amp;#27;[90m&amp;#27;[39m
09:56:24.767 [Forwarding findElement on session 7ae98af1-f0c4-48bb-82e0-609d7d4c050b to remote] DEBUG org.asynchttpclient.netty.request.NettyRequestSender - Using pooled Channel &apos;[id: 0x007e0974, L:/127.0.0.1:56617 - R:/127.0.0.1:4723]&apos; for &apos;POST&apos; to &apos;http://0.0.0.0:4723/wd/hub/session/7ae98af1-f0c4-48bb-82e0-609d7d4c050b/element&apos;
09:56:24.768 [Forwarding findElement on session 7ae98af1-f0c4-48bb-82e0-609d7d4c050b to remote] DEBUG org.asynchttpclient.netty.request.NettyRequestSender - Using open Channel [id: 0x007e0974, L:/127.0.0.1:56617 - R:/127.0.0.1:4723] for POST &apos;/wd/hub/session/7ae98af1-f0c4-48bb-82e0-609d7d4c050b/element&apos;
&amp;#27;[35m[HTTP]&amp;#27;[39m &amp;#27;[37m--&gt;&amp;#27;[39m &amp;#27;[37mPOST&amp;#27;[39m &amp;#27;[37m/wd/hub/session/7ae98af1-f0c4-48bb-82e0-609d7d4c050b/element&amp;#27;[39m
&amp;#27;[35m[HTTP]&amp;#27;[39m &amp;#27;[90m{&quot;using&quot;:&quot;id&quot;,&quot;value&quot;:&quot;com.example.android.testing.notes.mock:id/notes_list&quot;}&amp;#27;[39m
[debug] &amp;#27;[35m[W3C (7ae98af1)]&amp;#27;[39m Calling AppiumDriver.findElement() with args: [&quot;id&quot;,&quot;com.example.android.testing.notes.mock:id/notes_list&quot;,&quot;7ae98af1-f0c4-48bb-82e0-609d7d4c050b&quot;]
[debug] &amp;#27;[35m[BaseDriver]&amp;#27;[39m Valid locator strategies for this request: xpath, id, class name, accessibility id, css selector, -android uiautomator
[debug] &amp;#27;[35m[BaseDriver]&amp;#27;[39m Waiting up to 0 ms for condition
[debug] &amp;#27;[35m[WD Proxy]&amp;#27;[39m Matched &apos;/element&apos; to command name &apos;findElement&apos;
[debug] &amp;#27;[35m[WD Proxy]&amp;#27;[39m Proxying [POST /element] to [POST http://127.0.0.1:8200/wd/hub/session/015791bc-716d-4afa-9c1f-c27f676dbeb8/element] with body: {&quot;strategy&quot;:&quot;id&quot;,&quot;selector&quot;:&quot;com.example.android.testing.notes.mock:id/notes_list&quot;,&quot;context&quot;:&quot;&quot;,&quot;multiple&quot;:false}
[debug] &amp;#27;[35m[WD Proxy]&amp;#27;[39m Got response with status 200: {&quot;sessionId&quot;:&quot;015791bc-716d-4afa-9c1f-c27f676dbeb8&quot;,&quot;value&quot;:{&quot;ELEMENT&quot;:&quot;00000000-0000-1bfd-ffff-ffff0000000f&quot;,&quot;element-6066-11e4-a52e-4f735466cecf&quot;:&quot;0000000009:56:24.803 [AsyncHttpClient-1-2] DEBUG org.asynchttpclient.netty.handler.HttpHandler - 

Request DefaultHttpRequest(decodeResult: success, version: HTTP/1.1)
POST /wd/hub/session/7ae98af1-f0c4-48bb-82e0-609d7d4c050b/element HTTP/1.1
User-Agent: selenium/4.5.0 (java windows)
Content-Length: 91
Content-Type: application/json; charset=utf-8
host: 0.0.0.0:4723
accept: */*

Response DefaultHttpResponse(decodeResult: success, version: HTTP/1.1)
HTTP/1.1 200 OK
X-Powered-By: Express
Vary: X-HTTP-Method-Override
Content-Type: application/json; charset=utf-8
ETag: W/&quot;89-oevjeao3i1wEWMajcyo0EnKx9u0&quot;
Date: Fri, 02 Dec 2022 04:26:24 GMT
Connection: keep-alive
Keep-Alive: timeout=600
content-length: 137

-0000-1bfd-ffff-ffff0000000f&quot;}}
09:56:24.804 [AsyncHttpClient-1-2] DEBUG org.asynchttpclient.netty.channel.ChannelManager - Adding key: http://0.0.0.0:4723 for channel [id: 0x007e0974, L:/127.0.0.1:56617 - R:/127.0.0.1:4723]
[debug] &amp;#27;[35m[W3C (7ae98af1)]&amp;#27;[39m Responding to client with driver.findElement() result: {&quot;element-6066-11e4-a52e-4f735466cecf&quot;:&quot;00000000-0000-1bfd-ffff-ffff0000000f&quot;,&quot;ELEMENT&quot;:&quot;00000000-0000-1bfd-ffff-ffff0000000f&quot;}
&amp;#27;[35m[HTTP]&amp;#27;[39m &amp;#27;[37m&lt;-- POST /wd/hub/session/7ae98af1-f0c4-48bb-82e0-609d7d4c050b/element &amp;#27;[39m&amp;#27;[32m20009:56:24.805 [Forwarding findChildElements on session 7ae98af1-f0c4-48bb-82e0-609d7d4c050b to remote] DEBUG org.asynchttpclient.netty.request.NettyRequestSender - Using pooled Channel &apos;[id: 0x007e0974, L:/127.0.0.1:56617 - R:/127.0.0.1:4723]&apos; for &apos;POST&apos; to &apos;http://0.0.0.0:4723/wd/hub/session/7ae98af1-f0c4-48bb-82e0-609d7d4c050b/element/00000000-0000-1bfd-ffff-ffff0000000f/elements&apos;
&amp;#27;[39m &amp;#27;[90m34 ms09:56:24.805 [Forwarding findChildElements on session 7ae98af1-f0c4-48bb-82e0-609d7d4c050b to remote] DEBUG org.asynchttpclient.netty.request.NettyRequestSender - Using open Channel [id: 0x007e0974, L:/127.0.0.1:56617 - R:/127.0.0.1:4723] for POST &apos;/wd/hub/session/7ae98af1-f0c4-48bb-82e0-609d7d4c050b/element/00000000-0000-1bfd-ffff-ffff0000000f/elements&apos;
 - 137&amp;#27;[39m
&amp;#27;[35m[HTTP]&amp;#27;[39m &amp;#27;[90m&amp;#27;[39m
&amp;#27;[35m[HTTP]&amp;#27;[39m &amp;#27;[37m--&gt;&amp;#27;[39m &amp;#27;[37mPOST&amp;#27;[39m &amp;#27;[37m/wd/hub/session/7ae98af1-f0c4-48bb-82e0-609d7d4c050b/element/00000000-0000-1bfd-ffff-ffff0000000f/elements&amp;#27;[39m
&amp;#27;[35m[HTTP]&amp;#27;[39m &amp;#27;[90m{&quot;id&quot;:&quot;00000000-0000-1bfd-ffff-ffff0000000f&quot;,&quot;using&quot;:&quot;class name&quot;,&quot;value&quot;:&quot;android.widget.LinearLayout&quot;}&amp;#27;[39m
[debug] &amp;#27;[35m[W3C (7ae98af1)]&amp;#27;[39m Calling AppiumDriver.findElementsFromElement() with args: [&quot;class name&quot;,&quot;android.widget.LinearLayout&quot;,&quot;00000000-0000-1bfd-ffff-ffff0000000f&quot;,&quot;7ae98af1-f0c4-48bb-82e0-609d7d4c050b&quot;]
[debug] &amp;#27;[35m[BaseDriver]&amp;#27;[39m Valid locator strategies for this request: xpath, id, class name, accessibility id, css selector, -android uiautomator
[debug] &amp;#27;[35m[BaseDriver]&amp;#27;[39m Waiting up to 0 ms for condition
[debug] &amp;#27;[35m[WD Proxy]&amp;#27;[39m Matched &apos;/elements&apos; to command name &apos;findElements&apos;
[debug] &amp;#27;[35m[WD Proxy]&amp;#27;[39m Proxying [POST /elements] to [POST http://127.0.0.1:8200/wd/hub/session/015791bc-716d-4afa-9c1f-c27f676dbeb8/elements] with body: {&quot;strategy&quot;:&quot;class name&quot;,&quot;selector&quot;:&quot;android.widget.LinearLayout&quot;,&quot;context&quot;:&quot;00000000-0000-1bfd-ffff-ffff0000000f&quot;,&quot;multiple&quot;:true}
[debug] &amp;#27;[35m[WD Proxy]&amp;#27;[39m Got response with status 200: {&quot;sessionId&quot;:&quot;015791bc-716d-4afa-9c1f-c27f676dbeb8&quot;,&quot;value&quot;:[{&quot;ELEMENT&quot;:&quot;00000000-0000-1bfd-ffff-ffff00000034&quot;,&quot;element-6066-11e4-a52e-4f735466cecf&quot;:&quot;00000000-0000-1bfd-ffff-ffff00000034&quot;}]}
[debug] &amp;#27;[35m[W3C (7ae98af1)]&amp;#27;[39m Responding09:56:24.820 [AsyncHttpClient-1-2] DEBUG org.asynchttpclient.netty.handler.HttpHandler - 

Request DefaultHttpRequest(decodeResult: success, version: HTTP/1.1)
POST /wd/hub/session/7ae98af1-f0c4-48bb-82e0-609d7d4c050b/element/00000000-0000-1bfd-ffff-ffff0000000f/elements HTTP/1.1
User-Agent: selenium/4.5.0 (java windows)
Content-Length: 117
Content-Type: application/json; charset=utf-8
host: 0.0.0.0:4723
accept: */*

Response DefaultHttpResponse(decodeResult: success, version: HTTP/1.1)
HTTP/1.1 200 OK
X-Powered-By: Express
Vary: X-HTTP-Method-Override
Content-Type: application/json; charset=utf-8
ETag: W/&quot;8b-wYS9Rl+fqbdH2fUAjGILGATiJg0&quot;
Date: Fri, 02 Dec 2022 04:26:24 GMT
Connection: keep-alive
Keep-Alive: timeout=600
content-length: 139

 to client with driver.findElementsFromElement() 09:56:24.820 [AsyncHttpClient-1-2] DEBUG org.asynchttpclient.netty.channel.ChannelManager - Adding key: http://0.0.0.0:4723 for channel [id: 0x007e0974, L:/127.0.0.1:56617 - R:/127.0.0.1:4723]
result: [{&quot;element-6066-11e4-a52e-4f735466cecf&quot;:&quot;00000000-0000-1bfd-ffff-ffff00000034&quot;,&quot;ELEMENT&quot;:&quot;00000000-0000-1bfd-ffff-ffff00000034&quot;}]
&amp;#27;[35m[HTTP]&amp;#27;[39m &amp;#27;[37m&lt;-- POST /wd/hub/session/7ae98af1-f0c4-48bb-82e0-609d7d4c050b/element/00000000-0000-1bfd-ffff-ffff0000000f/elements &amp;#27;[39m&amp;#27;[32m200&amp;#27;[39m &amp;#27;[90m14 ms - 139&amp;#27;[39m
&amp;#27;[35m[HTTP]&amp;#27;[39m &amp;#27;[90m&amp;#27;[39m
09:56:24.821 [Forwarding findChildElements on session 7ae98af1-f0c4-48bb-82e0-609d7d4c050b to remote] DEBUG org.asynchttpclient.netty.request.NettyRequestSender - Using pooled Channel &apos;[id: 0x007e0974, L:/127.0.0.1:56617 - R:/127.0.0.1:4723]&apos; for &apos;POST&apos; to &apos;http://0.0.0.0:4723/wd/hub/session/7ae98af1-f0c4-48bb-82e0-609d7d4c050b/element/00000000-0000-1bfd-ffff-ffff00000034/elements&apos;
09:56:24.821 [Forwarding findChildElements on session 7ae98af1-f0c4-48bb-82e0-609d7d4c050b to remote] DEBUG org.asynchttpclient.netty.request.NettyRequestSender - Using open Channel [id: 0x007e0974, L:/127.0.0.1:56617 - R:/127.0.0.1:4723] for POST &apos;/wd/hub/session/7ae98af1-f0c4-48bb-82e0-609d7d4c050b/element/00000000-0000-1bfd-ffff-ffff00000034/elements&apos;
&amp;#27;[35m[HTTP]&amp;#27;[39m &amp;#27;[37m--&gt;&amp;#27;[39m &amp;#27;[37mPOST&amp;#27;[39m &amp;#27;[37m/wd/hub/session/7ae98af1-f0c4-48bb-82e0-609d7d4c050b/element/00000000-0000-1bfd-ffff-ffff00000034/elements&amp;#27;[39m
&amp;#27;[35m[HTTP]&amp;#27;[39m &amp;#27;[90m{&quot;id&quot;:&quot;00000000-0000-1bfd-ffff-ffff00000034&quot;,&quot;using&quot;:&quot;id&quot;,&quot;value&quot;:&quot;com.example.android.testing.notes.mock:id/note_detail_description&quot;}&amp;#27;[39m
[debug] &amp;#27;[35m[W3C (7ae98af1)]&amp;#27;[39m Calling AppiumDriver.findElementsFromElement() with args: [&quot;id&quot;,&quot;com.example.android.testing.notes.mock:id/note_detail_description&quot;,&quot;00000000-0000-1bfd-ffff-ffff00000034&quot;,&quot;7ae98af1-f0c4-48bb-82e0-609d7d4c050b&quot;]
[debug] &amp;#27;[35m[BaseDriver]&amp;#27;[39m Valid locator strategies for this request: xpath, id, class name, accessibility id, css selector, -android uiautomator
[debug] &amp;#27;[35m[BaseDriver]&amp;#27;[39m Waiting up to 0 ms for condition
[debug] &amp;#27;[35m[WD Proxy]&amp;#27;[39m Matched &apos;/elements&apos; to command name &apos;findElements&apos;
[debug] &amp;#27;[35m[WD Proxy]&amp;#27;[39m Proxying [POST /elements] to [POST http://127.0.0.1:8200/wd/hub/session/015791bc-716d-4afa-9c1f-c27f676dbeb8/elements] with body: {&quot;strategy&quot;:&quot;id&quot;,&quot;selector&quot;:&quot;com.example.android.testing.notes.mock:id/note_detail_description&quot;,&quot;context&quot;:&quot;00000000-0000-1bfd-ffff-ffff00000034&quot;,&quot;multiple&quot;:true}
[debug] &amp;#27;[35m[WD Proxy]&amp;#27;[39m Got response with status 200: {&quot;sessionId&quot;:&quot;015791bc-716d-4afa-9c1f-c27f676dbeb8&quot;,&quot;value&quot;:[]}
[debug] &amp;#27;[35m[W3C (7ae98af1)]&amp;#27;[39m Responding to client with driver.findElementsFromElement() result: []
09:56:24.836 [AsyncHttpClient-1-2] DEBUG org.asynchttpclient.netty.handler.HttpHandler - 

Request DefaultHttpRequest(decodeResult: success, version: HTTP/1.1)
POST /wd/hub/session/7ae98af1-f0c4-48bb-82e0-609d7d4c050b/element/00000000-0000-1bfd-ffff-ffff00000034/elements HTTP/1.1
User-Agent: selenium/4.5.0 (java windows)
Content-Length: 152
Content-Type: application/json; charset=utf-8
host: 0.0.0.0:4723
accept: */*

Response DefaultHttpResponse(decodeResult: success, version: HTTP/1.1)
HTTP/1.1 200 OK
X-Powered-By: Express
Vary: X-HTTP-Method-Override
Content-Type: application/json; charset=utf-8
ETag: W/&quot;c-ct3goOI+b+kRZv2R9j2fTtMXwkk&quot;
Date: Fri, 02 Dec 2022 04:26:24 GMT
Connection: keep-alive
Keep-Alive: timeout=600
content-length: 12

09:56:24.836 [AsyncHttpClient-1-2] DEBUG org.asynchttpclient.netty.channel.ChannelManager - Adding key: http://0.0.0.0:4723 for channel [id: 0x007e0974, L:/127.0.0.1:56617 - R:/127.0.0.1:4723]
&amp;#27;[35m[HTTP]&amp;#27;[39m &amp;#27;[37m&lt;-- POST /wd/hub/session/7ae98af1-f0c4-48bb-82e0-609d7d4c050b/element/00000000-0000-1bfd-ffff-ffff00000034/elements &amp;#27;[39m&amp;#27;[32m200&amp;#27;[39m &amp;#27;[90m13 ms - 12&amp;#27;[39m
&amp;#27;[35m[HTTP]&amp;#27;[39m &amp;#27;[90m&amp;#27;[39m
  &amp;#27;[31mThen &amp;#27;[0m&amp;#27;[31mVerify Blank note is note saved&amp;#27;[0m      &amp;#27;[90m# com.example.cocusmobiletest.stepdefinitions.NewNoteStepdefs.Verify_Blank_note_is_note_saved()&amp;#27;[0m
      &amp;#27;[31mjava.lang.AssertionError
	at org.junit.Assert.fail(Assert.java:86)
	at org.junit.Assert.assertTrue(Assert.java:41)
	at org.junit.Assert.assertFalse(Assert.java:64)
	at org.junit.Assert.assertFalse(Assert.java:74)
	at com.example.cocusmobiletest.stepdefinitions.NewNoteStepdefs.Verify_Blank_note_is_note_saved(NewNoteStepdefs.java:139)
	at Ã¢Å“Â½.Verify Blank note is note saved(file:///C:/SagarV/Projects/COCUS-Challenge/cocus-mobiletest-challenge/cocus-mobile-test/src/test/resources/features/AddNotes.feature:66)
&amp;#27;[0m
09:56:24.837 [Forwarding screenshot on session 7ae98af1-f0c4-48bb-82e0-609d7d4c050b to remote] DEBUG org.asynchttpclient.netty.request.NettyRequestSender - Using pooled Channel &apos;[id: 0x007e0974, L:/127.0.0.1:56617 - R:/127.0.0.1:4723]&apos; for &apos;GET&apos; to &apos;http://0.0.0.0:4723/wd/hub/session/7ae98af1-f0c4-48bb-82e0-609d7d4c050b/screenshot&apos;
09:56:24.837 [Forwarding screenshot on session 7ae98af1-f0c4-48bb-82e0-609d7d4c050b to remote] DEBUG org.asynchttpclient.netty.request.NettyRequestSender - Using open Channel [id: 0x007e0974, L:/127.0.0.1:56617 - R:/127.0.0.1:4723] for GET &apos;/wd/hub/session/7ae98af1-f0c4-48bb-82e0-609d7d4c050b/screenshot&apos;
&amp;#27;[35m[HTTP]&amp;#27;[39m &amp;#27;[37m--&gt;&amp;#27;[39m &amp;#27;[37mGET&amp;#27;[39m &amp;#27;[37m/wd/hub/session/7ae98af1-f0c4-48bb-82e0-609d7d4c050b/screenshot&amp;#27;[39m
&amp;#27;[35m[HTTP]&amp;#27;[39m &amp;#27;[90m{}&amp;#27;[39m
[debug] &amp;#27;[35m[W3C (7ae98af1)]&amp;#27;[39m Calling AppiumDriver.getScreenshot() with args: [&quot;7ae98af1-f0c4-48bb-82e0-609d7d4c050b&quot;]
[debug] &amp;#27;[35m[WD Proxy]&amp;#27;[39m Matched &apos;/screenshot&apos; to command name &apos;getScreenshot&apos;
[debug] &amp;#27;[35m[WD Proxy]&amp;#27;[39m Proxying [GET /screenshot] to [GET http://127.0.0.1:8200/wd/hub/session/015791bc-716d-4afa-9c1f-c27f676dbeb8/screenshot] with no body
[debug] &amp;#27;[35m[WD Proxy]&amp;#27;[39m Got response with status 200: {&quot;sessionId&quot;:&quot;015791bc-716d-4afa-9c1f-c27f676dbeb8&quot;,&quot;value&quot;:&quot;iVBORw0KGgoAAAANSUhEUgAABDgAAAlgCAYAAABtGofVAAAAAXNSR0IArs4c6QAAAARzQklUCAgI\nCHwIZIgAACAASURBVHic7J13XBPnH8c/F0IChA0SF4rBAYKgggPEDYpaJ47W0Vbr6nbV2v6qVrts\nna0dVq1aZ7XWVa0o7gHuAQIqigxBQNkQVpL7/RFyyWVAQgKIPO/fqz+5J3fP3eWS3D2f5/v9fCl0\n96NBIBAIBAKBQCAQCAQCgdCA4dT3ARAIBAKBQCAQCAQCgUAgGAsROAgEAoFAIBAIBAKBQCA0eIjA\nQSAQCAQCgUAgEAgEAqHBQwQOAoFAIBAIBAKBQCAQCA0eInAQCAQCgUAgEAgEAoFAaPAQgYNAIBAI\nBAKBQCAQCARCg4cIHAQCgUAgEAgEAoFAIBAaPETgIBAIBAKBQCAQCAQCgdDgIQIHgUAgEAgEAoFA\nIBAIhAYPETgIBAKBQCAQCAQCgUAgNHiIwEEgEAgEAoFAIBAIBAKhwUMEDgKBQ09:56:25.151 [AsyncHttpClient-1-2] DEBUG org.asynchttpclient.netty.handler.HttpHandler - 

Request DefaultFullHttpRequest(decodeResult: success, version: HTTP/1.1, content: EmptyByteBufBE)
GET /wd/hub/session/7ae98af1-f0c4-48bb-82e0-609d7d4c050b/screenshot HTTP/1.1
User-Agent: selenium/4.5.0 (java windows)
Cache-Control: no-cache
Content-Type: application/json; charset=utf-8
host: 0.0.0.0:4723
accept: */*

Response DefaultHttpResponse(decodeResult: success, version: HTTP/1.1)
HTTP/1.1 200 OK
X-Powered-By: Express
Content-Type: application/json; charset=utf-8
ETag: W/&quot;12dda-Enl+tTA7/8eVjqUPqVpnHvnuQtQ&quot;
Date: Fri, 02 Dec 2022 04:26:25 GMT
Connection: keep-alive
Keep-Alive: timeout=600
content-length: 77274

CAQCAQCgUAgEAgN\nHiJwEAgEAoFAIBAIBAKBQGjwEIGDQCAQCAQCgUAgEAgEQoOHCBwEAoFAIBAIBAKBQCAQGjxE4CAQ\nCAQCgUAgEAgEAoHQ4CECB4FAIBAIBAKBQ09:56:25.152 [AsyncHttpClient-1-2] DEBUG org.asynchttpclient.netty.channel.ChannelManager - Adding key: http://0.0.0.0:4723 for channel [id: 0x007e0974, L:/127.0.0.1:56617 - R:/127.0.0.1:4723]
CAQCIQGDxE4CAQCgUAgEAgEAoFAIDR4iMBBIBAIBAKB\nQCAQCAQCocFDBA4CgUAgEAgEAoFAIBAIDR4icBAIBAKBQCAQCAQCgUBo8BCBg0AgEAgEAoFAIBAI\nBEKDhwgcBAKBQCAQCAQCgUAgEBo8ROAgEAgEAoFAIBAIBAKB0OAhAgeBQCAQCAQCgUAgEAiEBg8R\nOAgEAoFAIBAIBAKBQCA0eIjAQSAQCAQCgUAgEAgEAqHBQwQOAoFAIBAIBAKBQCAQCA0eInAQCAQC\ngUAgEAgEAoFAaPAQgYNAIBAI...
[debug] &amp;#27;[35m[W3C (7ae98af1)]&amp;#27;[39m Responding to client with driver.getScreenshot() result: &quot;iVBORw0KGgoAAAANSUhEUgAABDgAAAlgCAYAAABtGofVAAAAAXNSR0IArs4c6QAAAARzQklUCAgI\nCHwIZIgAACAASURBVHic7J13XBPnH8c/F0IChA0SF4rBAYKgggPEDYpaJ47W0V
    Embedding Verify Blank Note Cannot be added [image/png 56458 bytes]

br6nbV2v6qVrts\nna0dVq1aZ7XWVa0o7gHuAQIqigxBQNkQVpL7/RFyyWVAQgKIPO/fqz+5J3fP3eWS3D2f5/v9fCl0\n96NBIBAIBAKBQCAQCAQCgdCA4dT3ARAIBAKBQCAQCAQCgUAgGAsROAgEAoFAIBAIBAKBQCA0eIjA\nQSAQCAQCgUAgEAgEAqHBQwQOAoFAIBAIBAKBQCAQCA0eInAQCAQCgUAgEAgEAoFAaPAQgYNAIBAI\nBAKBQCAQCARCg4cIHAQCgUAgEAgEAoFA</system-out>
  </testcase>
  <testcase classname="Verify required UI elements of Note app" name="Verify Dashboard screen" time="4.418"/>
  <testcase classname="Verify required UI elements of Note app" name="Verify New Note screen" time="5.768"/>
  <testcase classname="Verify required UI elements of Note app" name="Verify Statistics screen" time="6.513">
    <failure message="expected:&lt;No statist[i]cs&gt; but was:&lt;No statist[]cs&gt;" type="org.junit.ComparisonFailure">org.junit.ComparisonFailure: expected:&lt;No statist[i]cs&gt; but was:&lt;No statist[]cs&gt;
	at org.junit.Assert.assertEquals(Assert.java:115)
	at org.junit.Assert.assertEquals(Assert.java:144)
	at com.example.cocusmobiletest.stepdefinitions.UIStepdefs.Verify_Statistics_screen_shows_message(UIStepdefs.java:91)
	at âœ½.Verify Statistics screen shows &quot;No statistics&quot; message(file:///C:/SagarV/Projects/COCUS-Challenge/cocus-mobiletest-challenge/cocus-mobile-test/src/test/resources/features/UI.feature:25)
</failure>
    <system-out>
@sanity
Scenario: Verify Statistics screen                            &amp;#27;[90m# src/test/resources/features/UI.feature:22&amp;#27;[0m
09:56:35.406 [Forwarding getCurrentPackage on session 7ae98af1-f0c4-48bb-82e0-609d7d4c050b to remote] DEBUG org.asynchttpclient.netty.request.NettyRequestSender - Using pooled Channel &apos;[id: 0x007e0974, L:/127.0.0.1:56617 - R:/127.0.0.1:4723]&apos; for &apos;GET&apos; to &apos;http://0.0.0.0:4723/wd/hub/session/7ae98af1-f0c4-48bb-82e0-609d7d4c050b/appium/device/current_package&apos;
09:56:35.406 [Forwarding getCurrentPackage on session 7ae98af1-f0c4-48bb-82e0-609d7d4c050b to remote] DEBUG org.asynchttpclient.netty.request.NettyRequestSender - Using open Channel [id: 0x007e0974, L:/127.0.0.1:56617 - R:/127.0.0.1:4723] for GET &apos;/wd/hub/session/7ae98af1-f0c4-48bb-82e0-609d7d4c050b/appium/device/current_package&apos;
&amp;#27;[35m[HTTP]&amp;#27;[39m &amp;#27;[37m--&gt;&amp;#27;[39m &amp;#27;[37mGET&amp;#27;[39m &amp;#27;[37m/wd/hub/session/7ae98af1-f0c4-48bb-82e0-609d7d4c050b/appium/device/current_package&amp;#27;[39m
&amp;#27;[35m[HTTP]&amp;#27;[39m &amp;#27;[90m{}&amp;#27;[39m
[debug] &amp;#27;[35m[W3C (7ae98af1)]&amp;#27;[39m Calling AppiumDriver.getCurrentPackage() with args: [&quot;7ae98af1-f0c4-48bb-82e0-609d7d4c050b&quot;]
[debug] &amp;#27;[35m[ADB]&amp;#27;[39m Getting focused package and activity
[debug] &amp;#27;[35m[ADB]&amp;#27;[39m Running &apos;C:\Users\manis\AppData\Local\Android\Sdk\platform-tools\adb.exe -P 5037 -s 7b38ef97 shell dumpsys window displays&apos;
[debug] &amp;#27;[35m[W3C (7ae98af1)]&amp;#27;[39m Responding to client with driver.getCurrentPackage() result: &quot;com.example.android.testing.notes.mock&quot;
09:56:35.491 [AsyncHttpClient-1-2] DEBUG org.asynchttpclient.netty.handler.HttpHandler - 

Request DefaultFullHttpRequest(decodeResult: success, version: HTTP/1.1, content: EmptyByteBufBE)
GET /wd/hub/session/7ae98af1-f0c4-48bb-82e0-609d7d4c050b/appium/device/current_package HTTP/1.1
User-Agent: selenium/4.5.0 (java windows)
Cache-Control: no-cache
Content-Type: application/json; charset=utf-8
host: 0.0.0.0:4723
accept: */*

Response DefaultHttpResponse(decodeResult: success, version: HTTP/1.1)
HTTP/1.1 200 OK
X-Powered-By: Express
Content-Type: application/json; charset=utf-8
ETag: W/&quot;32-eTt0cyG1lRZFwg41v5DvvJC6bfE&quot;
Date: Fri, 02 Dec 2022 04:26:35 GMT
Connection: keep-alive
Keep-Alive: timeout=600
content-length: 50

&amp;#27;[35m[HT09:56:35.491 [AsyncHttpClient-1-2] DEBUG org.asynchttpclient.netty.channel.ChannelManager - Adding key: http://0.0.0.0:4723 for channel [id: 0x007e0974, L:/127.0.0.1:56617 - R:/127.0.0.1:4723]
TP]&amp;#27;[39m &amp;#27;[37m&lt;-- GET /wd/hub/session/7ae98af1-f0c4-48bb-82e0-609d7d4c050b/appium/device/current_package &amp;#27;[39m&amp;#27;[32m200&amp;#27;[39m &amp;#27;[90m84 ms - 50&amp;#27;[39m
&amp;#27;[35m[HTTP]&amp;#27;[39m &amp;#27;[90m&amp;#27;[39m
09:56:35.492 [Forwarding terminateApp on session 7ae98af1-f0c4-48bb-82e0-609d7d4c050b to remote] DEBUG org.asynchttpclient.netty.request.NettyRequestSender - Using pooled Channel &apos;[id: 0x007e0974, L:/127.0.0.1:56617 - R:/127.0.0.1:4723]&apos; for &apos;POST&apos; to &apos;http://0.0.0.0:4723/wd/hub/session/7ae98af1-f0c4-48bb-82e0-609d7d4c050b/appium/device/terminate_app&apos;
09:56:35.493 [Forwarding terminateApp on session 7ae98af1-f0c4-48bb-82e0-609d7d4c050b to remote] DEBUG org.asynchttpclient.netty.request.NettyRequestSender - Using open Channel [id: 0x007e0974, L:/127.0.0.1:56617 - R:/127.0.0.1:4723] for POST &apos;/wd/hub/session/7ae98af1-f0c4-48bb-82e0-609d7d4c050b/appium/device/terminate_app&apos;
&amp;#27;[35m[HTTP]&amp;#27;[39m &amp;#27;[37m--&gt;&amp;#27;[39m &amp;#27;[37mPOST&amp;#27;[39m &amp;#27;[37m/wd/hub/session/7ae98af1-f0c4-48bb-82e0-609d7d4c050b/appium/device/terminate_app&amp;#27;[39m
&amp;#27;[35m[HTTP]&amp;#27;[39m &amp;#27;[90m{&quot;bundleId&quot;:&quot;com.example.android.testing.notes.mock&quot;}&amp;#27;[39m
[debug] &amp;#27;[35m[W3C (7ae98af1)]&amp;#27;[39m Calling AppiumDriver.terminateApp() with args: [&quot;com.example.android.testing.notes.mock&quot;,null,null,null,&quot;7ae98af1-f0c4-48bb-82e0-609d7d4c050b&quot;]
&amp;#27;[35m[AndroidDriver]&amp;#27;[39m Terminating &apos;com.example.android.testing.notes.mock&apos;
[debug] &amp;#27;[35m[ADB]&amp;#27;[39m Getting IDs of all &apos;com.example.android.testing.notes.mock&apos; processes
[debug] &amp;#27;[35m[ADB]&amp;#27;[39m Running &apos;C:\Users\manis\AppData\Local\Android\Sdk\platform-tools\adb.exe -P 5037 -s 7b38ef97 shell pgrep -f \(\[\[:blank:\]\]\|\^\)com\.example\.android\.testing\.notes\.mock\(\[\[:blank:\]\]\|\$\)&apos;
[debug] &amp;#27;[35m[ADB]&amp;#27;[39m Running &apos;C:\Users\manis\AppData\Local\Android\Sdk\platform-tools\adb.exe -P 5037 -s 7b38ef97 shell am force-stop com.example.android.testing.notes.mock&apos;
&amp;#27;[35m[AndroidDriver]&amp;#27;[39m Querying the state of &apos;com.example.android.testing.notes.mock&apos;
[debug] &amp;#27;[35m[ADB]&amp;#27;[39m Getting install status for com.example.android.testing.notes.mock
[debug] &amp;#27;[35m[ADB]&amp;#27;[39m Running &apos;C:\Users\manis\AppData\Local\Android\Sdk\platform-tools\adb.exe -P 5037 -s 7b38ef97 shell dumpsys package com.example.android.testing.notes.mock&apos;
[debug] &amp;#27;[35m[ADB]&amp;#27;[39m &apos;com.example.android.testing.notes.mock&apos; is installed
[debug] &amp;#27;[35m[ADB]&amp;#27;[39m Getting IDs of all &apos;com.example.android.testing.notes.mock&apos; processes
[debug] &amp;#27;[35m[ADB]&amp;#27;[39m Running &apos;C:\Users\manis\AppData\Local\Android\Sdk\platform-tools\adb.exe -P 5037 -s 7b38ef97 shell pgrep -f \(\[\[:blank:\]\]\|\^\)com\.example\.android\.testing\.notes\.mock\(\[\[:blank:\]\]\|\$\)&apos;
&amp;#27;[35m[AndroidDriver]&amp;#27;[39m &apos;com.example.android.testing.notes.mock&apos; has been successfully terminated
[debug] &amp;#27;[35m[W3C (7ae98af1)]&amp;#27;[39m Responding to client with driver.terminateApp() result: true
09:56:35.926 [AsyncHttpClient-1-2] DEBUG org.asynchttpclient.netty.handler.HttpHandler - 

Request DefaultHttpRequest(decodeResult: success, version: HTTP/1.1)
POST /wd/hub/session/7ae98af1-f0c4-48bb-82e0-609d7d4c050b/appium/device/terminate_app HTTP/1.1
User-Agent: selenium/4.5.0 (java windows)
Content-Length: 58
Content-Type: application/json; charset=utf-8
host: 0.0.0.0:4723
accept: */*

Response DefaultHttpResponse(decodeResult: success, version: HTTP/1.1)
HTTP/1.1 200 OK
X-Powered-By: Express
Vary: X-HTTP-Method-Override
Content-Type: application/json; charset=utf-8
ETag: W/&quot;e-2ZHvAWebNQpyjGZTg6uyV8/spTo&quot;
Date: Fri, 02 Dec 2022 04:26:35 GMT
Connection: keep-alive
Keep-Alive: timeout=600
content-length: 14

09:56:35.927 [AsyncHttpClient-1-2] DEBUG org.asynchttpclient.netty.channel.ChannelManager - Adding key: http://0.0.0.0:4723 for channel [id: 0x007e0974, L:/127.0.0.1:56617 - R:/127.0.0.1:4723]
&amp;#27;[35m[HTTP]&amp;#27;[39m &amp;#27;[37m&lt;-- POST /wd/hub/session/7ae98af1-f0c4-48bb-82e0-609d7d4c050b/appium/device/terminate_app &amp;#27;[39m&amp;#27;[32m200&amp;#27;[39m &amp;#27;[90m432 ms - 14&amp;#27;[39m
&amp;#27;[35m[HTTP]&amp;#27;[39m &amp;#27;[90m&amp;#27;[39m
09:56:35.927 [Forwarding activateApp on session 7ae98af1-f0c4-48bb-82e0-609d7d4c050b to remote] DEBUG org.asynchttpclient.netty.request.NettyRequestSender - Using pooled Channel &apos;[id: 0x007e0974, L:/127.0.0.1:56617 - R:/127.0.0.1:4723]&apos; for &apos;POST&apos; to &apos;http://0.0.0.0:4723/wd/hub/session/7ae98af1-f0c4-48bb-82e0-609d7d4c050b/appium/device/activate_app&apos;
09:56:35.927 [Forwarding activateApp on session 7ae98af1-f0c4-48bb-82e0-609d7d4c050b to remote] DEBUG org.asynchttpclient.netty.request.NettyRequestSender - Using open Channel [id: 0x007e0974, L:/127.0.0.1:56617 - R:/127.0.0.1:4723] for POST &apos;/wd/hub/session/7ae98af1-f0c4-48bb-82e0-609d7d4c050b/appium/device/activate_app&apos;
&amp;#27;[35m[HTTP]&amp;#27;[39m &amp;#27;[37m--&gt;&amp;#27;[39m &amp;#27;[37mPOST&amp;#27;[39m &amp;#27;[37m/wd/hub/session/7ae98af1-f0c4-48bb-82e0-609d7d4c050b/appium/device/activate_app&amp;#27;[39m
&amp;#27;[35m[HTTP]&amp;#27;[39m &amp;#27;[90m{&quot;bundleId&quot;:&quot;com.example.android.testing.notes.mock&quot;}&amp;#27;[39m
[debug] &amp;#27;[35m[W3C (7ae98af1)]&amp;#27;[39m Calling AppiumDriver.activateApp() with args: [&quot;com.example.android.testing.notes.mock&quot;,null,null,null,&quot;7ae98af1-f0c4-48bb-82e0-609d7d4c050b&quot;]
[debug] &amp;#27;[35m[AndroidDriver]&amp;#27;[39m Activating &apos;com.example.android.testing.notes.mock&apos; with &apos;adb shell monkey -p com.example.android.testing.notes.mock -c android.intent.category.LAUNCHER 1&apos; command
[debug] &amp;#27;[35m[ADB]&amp;#27;[39m Running &apos;C:\Users\manis\AppData\Local\Android\Sdk\platform-tools\adb.exe -P 5037 -s 7b38ef97 shell monkey -p com.example.android.testing.notes.mock -c android.intent.category.LAUNCHER 1&apos;
[debug] &amp;#27;[35m[AndroidDriver]&amp;#27;[39m Command stdout: bash arg: -p
[debug] &amp;#27;[35m[AndroidDriver]&amp;#27;[39m   bash arg: com.example.android.testing.notes.mock
[debug] &amp;#27;[35m[AndroidDriver]&amp;#27;[39m   bash arg: -c
[debug] &amp;#27;[35m[AndroidDriver]&amp;#27;[39m   bash arg: android.intent.category.LAUNCHER
[debug] &amp;#27;[35m[09:56:38.224 [AsyncHttpClient-1-2] DEBUG org.asynchttpclient.netty.handler.HttpHandler - 

Request DefaultHttpRequest(decodeResult: success, version: HTTP/1.1)
POST /wd/hub/session/7ae98af1-f0c4-48bb-82e0-609d7d4c050b/appium/device/activate_app HTTP/1.1
User-Agent: selenium/4.5.0 (java windows)
Content-Length: 58
Content-Type: application/json; charset=utf-8
host: 0.0.0.0:4723
accept: */*

Response DefaultHttpResponse(decodeResult: success, version: HTTP/1.1)
HTTP/1.1 200 OK
X-Powered-By: Express
Vary: X-HTTP-Method-Override
Content-Type: application/json; charset=utf-8
ETag: W/&quot;e-9/1BuKMgFObM1mWJm+YjxtXJnUM&quot;
Date: Fri, 02 Dec 2022 04:26:38 GMT
Connection: keep-alive
Keep-Alive: timeout=600
content-length: 14

AndroidDriver]&amp;#27;[39m   bash arg: 1
[debu09:56:38.224 [AsyncHttpClient-1-2] DEBUG org.asynchttpclient.netty.channel.ChannelManager - Adding key: http://0.0.0.0:4723 for channel [id: 0x007e0974, L:/127.0.0.1:56617 - R:/127.0.0.1:4723]
g] &amp;#27;[35m[AndroidDriver]&amp;#27;[39m Events injected: 1
[debug] &amp;#27;[35m[AndroidDriver]&amp;#27;[39m ## Network stats: elapsed time=37ms (0ms mobile, 0ms wifi, 37ms not connected)
[debug] &amp;#27;[35m[W3C (7ae98af1)]&amp;#27;[39m Responding to client with driver.activateApp() result: null
&amp;#27;[35m[HTTP]&amp;#27;[39m &amp;#27;[37m&lt;-- POST /w09:56:38.225 [Forwarding setScreenOrientation on session 7ae98af1-f0c4-48bb-82e0-609d7d4c050b to remote] DEBUG org.asynchttpclient.netty.request.NettyRequestSender - Using pooled Channel &apos;[id: 0x007e0974, L:/127.0.0.1:56617 - R:/127.0.0.1:4723]&apos; for &apos;POST&apos; to &apos;http://0.0.0.0:4723/wd/hub/session/7ae98af1-f0c4-48bb-82e0-609d7d4c050b/orientation&apos;
d/hub/session/7ae98af1-f0c4-409:56:38.225 [Forwarding setScreenOrientation on session 7ae98af1-f0c4-48bb-82e0-609d7d4c050b to remote] DEBUG org.asynchttpclient.netty.request.NettyRequestSender - Using open Channel [id: 0x007e0974, L:/127.0.0.1:56617 - R:/127.0.0.1:4723] for POST &apos;/wd/hub/session/7ae98af1-f0c4-48bb-82e0-609d7d4c050b/orientation&apos;
8bb-82e0-609d7d4c050b/appium/device/activate_app &amp;#27;[39m&amp;#27;[32m200&amp;#27;[39m &amp;#27;[90m2295 ms - 14&amp;#27;[39m
&amp;#27;[35m[HTTP]&amp;#27;[39m &amp;#27;[90m&amp;#27;[39m
&amp;#27;[35m[HTTP]&amp;#27;[39m &amp;#27;[37m--&gt;&amp;#27;[39m &amp;#27;[37mPOST&amp;#27;[39m &amp;#27;[37m/wd/hub/session/7ae98af1-f0c4-48bb-82e0-609d7d4c050b/orientation&amp;#27;[39m
&amp;#27;[35m[HTTP]&amp;#27;[39m &amp;#27;[90m{&quot;orientation&quot;:&quot;PORTRAIT&quot;}&amp;#27;[39m
&amp;#27;[35m[W3C (7ae98af1)]&amp;#27;[39m Driver proxy active, passing request on via HTTP proxy
[debug] &amp;#27;[35m[WD Proxy]&amp;#27;[39m Matched &apos;/wd/hub/session/7ae98af1-f0c4-48bb-82e0-609d7d4c050b/orientation&apos; to command name &apos;setOrientation&apos;
[debug] &amp;#27;[35m[WD Proxy]&amp;#27;[39m Proxying [POST /wd/hub/session/7ae98af1-f0c4-48bb-82e0-609d7d4c050b/orientation] to [POST http://127.0.0.1:8200/wd/hub/session/015791bc-716d-4afa-9c1f-c27f676dbeb8/orientation] with body: {&quot;orientation&quot;:&quot;PORTRAIT&quot;}
[debug] &amp;#27;[35m[WD Proxy]&amp;#27;[39m Got response with status 200: {&quot;sessionId&quot;:&quot;015791bc-716d-4afa-9c1f-c27f676dbeb8&quot;,&quot;value&quot;:&quot;PORTRAIT&quot;}
09:56:39.121 [AsyncHttpClient-1-2] DEBUG org.asynchttpclient.netty.handler.HttpHandler - 

Request DefaultHttpRequest(decodeResult: success, version: HTTP/1.1)
POST /wd/hub/session/7ae98af1-f0c4-48bb-82e0-609d7d4c050b/orientation HTTP/1.1
User-Agent: selenium/4.5.0 (java windows)
Content-Length: 31
Content-Type: application/json; charset=utf-8
host: 0.0.0.0:4723
accept: */*

Response DefaultHttpResponse(decodeResult: success, version: HTTP/1.1)
HTTP/1.1 200 OK
X-Powered-By: Express
Vary: X-HTTP-Method-Override
Content-Type: application/json; charset=utf-8
ETag: W/&quot;47-nuZkbZ5cDWcgorvGrQ6XMSz8sXw&quot;
Date: Fri, 02 Dec 2022 04:26:39 GMT
Connection: keep-alive
Keep-Alive: timeout=600
content-length: 71

&amp;#27;[35m[WD Proxy]&amp;#27;[39m Replacing sessionId 015791bc-716d-4afa-9c1f-c27f676dbeb8 with 7ae98af1-f0c4-48bb-82e0-609d7d4c050b
&amp;#27;[35m[HTTP]&amp;#27;[39m &amp;#27;[37m&lt;09:56:39.121 [AsyncHttpClient-1-2] DEBUG org.asynchttpclient.netty.channel.ChannelManager - Adding key: http://0.0.0.0:4723 for channel [id: 0x007e0974, L:/127.0.0.1:56617 - R:/127.0.0.1:4723]
-- POST /wd/hub/session/7ae98af1-f0c4-48bb-82e0-609d7d4c050b/orientation &amp;#27;[39m&amp;#27;[32m200&amp;#27;[39m &amp;#27;[90m894 ms - 71&amp;#27;[39m
&amp;#27;[35m[HTTP]&amp;#27;[39m &amp;#27;[90m&amp;#27;[39m
  &amp;#27;[32mGiven &amp;#27;[0m&amp;#27;[32mI open Note App&amp;#27;[0m                                       &amp;#27;[90m# com.example.cocusmobiletest.stepdefinitions.UIStepdefs.I_open_Note_App()&amp;#27;[0m
09:56:39.123 [Forwarding findElement on session 7ae98af1-f0c4-48bb-82e0-609d7d4c050b to remote] DEBUG org.asynchttpclient.netty.request.NettyRequestSender - Using pooled Channel &apos;[id: 0x007e0974, L:/127.0.0.1:56617 - R:/127.0.0.1:4723]&apos; for &apos;POST&apos; to &apos;http://0.0.0.0:4723/wd/hub/session/7ae98af1-f0c4-48bb-82e0-609d7d4c050b/element&apos;
09:56:39.123 [Forwarding findElement on session 7ae98af1-f0c4-48bb-82e0-609d7d4c050b to remote] DEBUG org.asynchttpclient.netty.request.NettyRequestSender - Using open Channel [id: 0x007e0974, L:/127.0.0.1:56617 - R:/127.0.0.1:4723] for POST &apos;/wd/hub/session/7ae98af1-f0c4-48bb-82e0-609d7d4c050b/element&apos;
&amp;#27;[35m[HTTP]&amp;#27;[39m &amp;#27;[37m--&gt;&amp;#27;[39m &amp;#27;[37mPOST&amp;#27;[39m &amp;#27;[37m/wd/hub/session/7ae98af1-f0c4-48bb-82e0-609d7d4c050b/element&amp;#27;[39m
&amp;#27;[35m[HTTP]&amp;#27;[39m &amp;#27;[90m{&quot;using&quot;:&quot;accessibility id&quot;,&quot;value&quot;:&quot;Navigate up&quot;}&amp;#27;[39m
[debug] &amp;#27;[35m[W3C (7ae98af1)]&amp;#27;[39m Calling AppiumDriver.findElement() with args: [&quot;accessibility id&quot;,&quot;Navigate up&quot;,&quot;7ae98af1-f0c4-48bb-82e0-609d7d4c050b&quot;]
[debug] &amp;#27;[35m[BaseDriver]&amp;#27;[39m Valid locator strategies for this request: xpath, id, class name, accessibility id, css selector, -android uiautomator
[debug] &amp;#27;[35m[BaseDriver]&amp;#27;[39m Waiting up to 0 ms for condition
[debug] &amp;#27;[35m[WD Proxy]&amp;#27;[39m Matched &apos;/element&apos; to command name &apos;findElement&apos;
[debug] &amp;#27;[35m[WD Proxy]&amp;#27;[39m Proxying [POST /element] to [POST http://127.0.0.1:8200/wd/hub/session/015791bc-716d-4afa-9c1f-c27f676dbeb8/element] with body: {&quot;strategy&quot;:&quot;accessibility id&quot;,&quot;selector&quot;:&quot;Navigate up&quot;,&quot;context&quot;:&quot;&quot;,&quot;multiple&quot;:false}
[debug] &amp;#27;[35m[WD Proxy]&amp;#27;[39m Got response with status 200: {&quot;sessionId&quot;:&quot;015791bc-716d-4afa-9c1f-c27f676dbeb8&quot;,&quot;value&quot;:{&quot;ELEMENT&quot;:&quot;00000000-0000-1c06-ffff-ffff0000000a&quot;,&quot;element-6066-11e4-a52e-4f735466cecf&quot;:&quot;00000000-0000-1c06-ffff-ffff0000000a&quot;}}
[debug] &amp;#27;[35m[W3C (7ae98af1)]&amp;#27;[39m Responding to client wi09:56:39.136 [AsyncHttpClient-1-2] DEBUG org.asynchttpclient.netty.handler.HttpHandler - 

Request DefaultHttpRequest(decodeResult: success, version: HTTP/1.1)
POST /wd/hub/session/7ae98af1-f0c4-48bb-82e0-609d7d4c050b/element HTTP/1.1
User-Agent: selenium/4.5.0 (java windows)
Content-Length: 59
Content-Type: application/json; charset=utf-8
host: 0.0.0.0:4723
accept: */*

Response DefaultHttpResponse(decodeResult: success, version: HTTP/1.1)
HTTP/1.1 200 OK
X-Powered-By: Express
Vary: X-HTTP-Method-Override
Content-Type: application/json; charset=utf-8
ETag: W/&quot;89-U+79hFjvjld7tOafYFiq5GLKnVQ&quot;
Date: Fri, 02 Dec 2022 04:26:39 GMT
Connection: keep-alive
Keep-Alive: timeout=600
content-length: 137

th driver.findElement() result: {&quot;element-6066-09:56:39.137 [AsyncHttpClient-1-2] DEBUG org.asynchttpclient.netty.channel.ChannelManager - Adding key: http://0.0.0.0:4723 for channel [id: 0x007e0974, L:/127.0.0.1:56617 - R:/127.0.0.1:4723]
11e4-a52e-4f735466cecf&quot;:&quot;00000000-0000-1c06-ffff-ffff0000000a&quot;,&quot;ELEMENT&quot;:&quot;00000000-0000-1c06-ffff-ffff0000000a&quot;}
&amp;#27;[35m[HTTP]&amp;#27;[39m &amp;#27;[37m&lt;-- POST /wd/hub/session/7ae98af1-f0c409:56:39.137 [Forwarding isElementDisplayed on session 7ae98af1-f0c4-48bb-82e0-609d7d4c050b to remote] DEBUG org.asynchttpclient.netty.request.NettyRequestSender - Using pooled Channel &apos;[id: 0x007e0974, L:/127.0.0.1:56617 - R:/127.0.0.1:4723]&apos; for &apos;GET&apos; to &apos;http://0.0.0.0:4723/wd/hub/session/7ae98af1-f0c4-48bb-82e0-609d7d4c050b/element/00000000-0000-1c06-ffff-ffff0000000a/displayed&apos;
-48bb-82e0-09:56:39.137 [Forwarding isElementDisplayed on session 7ae98af1-f0c4-48bb-82e0-609d7d4c050b to remote] DEBUG org.asynchttpclient.netty.request.NettyRequestSender - Using open Channel [id: 0x007e0974, L:/127.0.0.1:56617 - R:/127.0.0.1:4723] for GET &apos;/wd/hub/session/7ae98af1-f0c4-48bb-82e0-609d7d4c050b/element/00000000-0000-1c06-ffff-ffff0000000a/displayed&apos;
609d7d4c050b/element &amp;#27;[39m&amp;#27;[32m200&amp;#27;[39m &amp;#27;[90m11 ms - 137&amp;#27;[39m
&amp;#27;[35m[HTTP]&amp;#27;[39m &amp;#27;[90m&amp;#27;[39m
&amp;#27;[35m[HTTP]&amp;#27;[39m &amp;#27;[37m--&gt;&amp;#27;[39m &amp;#27;[37mGET&amp;#27;[39m &amp;#27;[37m/wd/hub/session/7ae98af1-f0c4-48bb-82e0-609d7d4c050b/element/00000000-0000-1c06-ffff-ffff0000000a/displayed&amp;#27;[39m
&amp;#27;[35m[HTTP]&amp;#27;[39m &amp;#27;[90m{}&amp;#27;[39m
[debug] &amp;#27;[35m[W3C (7ae98af1)]&amp;#27;[39m Calling AppiumDriver.elementDisplayed() with args: [&quot;00000000-0000-1c06-ffff-ffff0000000a&quot;,&quot;7ae98af1-f0c4-48bb-82e0-609d7d4c050b&quot;]
[debug] &amp;#27;[35m[WD Proxy]&amp;#27;[39m Matched &apos;/element/00000000-0000-1c06-ffff-ffff0000000a/attribute/displayed&apos; to command name &apos;getAttribute&apos;
[debug] &amp;#27;[35m[WD Proxy]&amp;#27;[39m Proxying [GET /element/00000000-0000-1c06-ffff-ffff0000000a/attribute/displayed] to [GET http://127.0.0.1:8200/wd/hub/session/015791bc-716d-4afa-9c1f-c27f676dbeb8/element/00000000-0000-1c06-ffff-ffff0000000a/attribute/displayed] with no body
[debug] &amp;#27;[35m[WD Proxy]&amp;#27;[39m Got response with status 200: {&quot;sessionId&quot;:&quot;015791bc-716d-4afa-9c1f-c27f676dbeb8&quot;,&quot;value&quot;:&quot;true&quot;}
[debug] &amp;#27;[35m[W3C (7ae98af1)]&amp;#27;[39m Responding to client with driver.elementDisplayed() result: true
09:56:39.145 [AsyncHttpClient-1-2] DEBUG org.asynchttpclient.netty.handler.HttpHandler - 

Request DefaultFullHttpRequest(decodeResult: success, version: HTTP/1.1, content: EmptyByteBufBE)
GET /wd/hub/session/7ae98af1-f0c4-48bb-82e0-609d7d4c050b/element/00000000-0000-1c06-ffff-ffff0000000a/displayed HTTP/1.1
User-Agent: selenium/4.5.0 (java windows)
Cache-Control: no-cache
Content-Type: application/json; charset=utf-8
host: 0.0.0.0:4723
accept: */*

Response DefaultHttpResponse(decodeResult: success, version: HTTP/1.1)
HTTP/1.1 200 OK
X-Powered-By: Express
Content-Type: application/json; charset=utf-8
ETag: W/&quot;e-2ZHvAWebNQpyjGZTg6uyV8/spTo&quot;
Date: Fri, 02 Dec 2022 04:26:39 GMT
Connection: keep-alive
Keep-Alive: timeout=600
content-length: 14

&amp;#27;[35m[HTTP]&amp;#27;[39m 09:56:39.145 [AsyncHttpClient-1-2] DEBUG org.asynchttpclient.netty.channel.ChannelManager - Adding key: http://0.0.0.0:4723 for channel [id: 0x007e0974, L:/127.0.0.1:56617 - R:/127.0.0.1:4723]
&amp;#27;[37m&lt;-- GET /wd/hub/session/7ae98af1-f0c4-48bb-82e0-609d7d4c050b/element/00000000-0000-1c06-ffff-ffff0000000a/displayed &amp;#27;[39m&amp;#27;[32m200&amp;#27;[39m &amp;#27;[90m6 ms - 14&amp;#27;[39m
&amp;#27;[35m[HTTP]&amp;#27;[39m &amp;#27;[90m&amp;#27;[39m
09:56:39.145 [Forwarding isElementEnabled on session 7ae98af1-f0c4-48bb-82e0-609d7d4c050b to remote] DEBUG org.asynchttpclient.netty.request.NettyRequestSender - Using pooled Channel &apos;[id: 0x007e0974, L:/127.0.0.1:56617 - R:/127.0.0.1:4723]&apos; for &apos;GET&apos; to &apos;http://0.0.0.0:4723/wd/hub/session/7ae98af1-f0c4-48bb-82e0-609d7d4c050b/element/00000000-0000-1c06-ffff-ffff0000000a/enabled&apos;
09:56:39.146 [Forwarding isElementEnabled on session 7ae98af1-f0c4-48bb-82e0-609d7d4c050b to remote] DEBUG org.asynchttpclient.netty.request.NettyRequestSender - Using open Channel [id: 0x007e0974, L:/127.0.0.1:56617 - R:/127.0.0.1:4723] for GET &apos;/wd/hub/session/7ae98af1-f0c4-48bb-82e0-609d7d4c050b/element/00000000-0000-1c06-ffff-ffff0000000a/enabled&apos;
&amp;#27;[35m[HTTP]&amp;#27;[39m &amp;#27;[37m--&gt;&amp;#27;[39m &amp;#27;[37mGET&amp;#27;[39m &amp;#27;[37m/wd/hub/session/7ae98af1-f0c4-48bb-82e0-609d7d4c050b/element/00000000-0000-1c06-ffff-ffff0000000a/enabled&amp;#27;[39m
&amp;#27;[35m[HTTP]&amp;#27;[39m &amp;#27;[90m{}&amp;#27;[39m
[debug] &amp;#27;[35m[W3C (7ae98af1)]&amp;#27;[39m Calling AppiumDriver.elementEnabled() with args: [&quot;00000000-0000-1c06-ffff-ffff0000000a&quot;,&quot;7ae98af1-f0c4-48bb-82e0-609d7d4c050b&quot;]
[debug] &amp;#27;[35m[WD Proxy]&amp;#27;[39m Matched &apos;/element/00000000-0000-1c06-ffff-ffff0000000a/attribute/enabled&apos; to command name &apos;getAttribute&apos;
[debug] &amp;#27;[35m[WD Proxy]&amp;#27;[39m Proxying [GET /element/00000000-0000-1c06-ffff-ffff0000000a/attribute/enabled] to [GET http://127.0.0.1:8200/wd/hub/session/015791bc-716d-4afa-9c1f-c27f676dbeb8/element/00000000-0000-1c06-ffff-ffff0000000a/attribute/enabled] with no body
[debug] &amp;#27;[35m[WD Proxy]&amp;#27;[39m Got response with status 200: {&quot;sessionId&quot;:&quot;015791bc-716d-4afa-9c1f-c27f676dbeb8&quot;,&quot;value&quot;:&quot;true&quot;}
[debug] &amp;#27;[35m[W3C (7ae98af1)]&amp;#27;[39m Responding to client with driver.elementEnabled() result: true
09:56:39.153 [AsyncHttpClient-1-2] DEBUG org.asynchttpclient.netty.handler.HttpHandler - 

Request DefaultFullHttpRequest(decodeResult: success, version: HTTP/1.1, content: EmptyByteBufBE)
GET /wd/hub/session/7ae98af1-f0c4-48bb-82e0-609d7d4c050b/element/00000000-0000-1c06-ffff-ffff0000000a/enabled HTTP/1.1
User-Agent: selenium/4.5.0 (java windows)
Cache-Control: no-cache
Content-Type: application/json; charset=utf-8
host: 0.0.0.0:4723
accept: */*

Response DefaultHttpResponse(decodeResult: success, version: HTTP/1.1)
HTTP/1.1 200 OK
X-Powered-By: Express
Content-Type: application/json; charset=utf-8
ETag: W/&quot;e-2ZHvAWebNQpyjGZTg6uyV8/spTo&quot;
Date: Fri, 02 Dec 2022 04:26:39 GMT
Connection: keep-alive
Keep-Alive: timeout=600
content-length: 14

09:56:39.153 [AsyncHttpClient-1-2] DEBUG org.asynchttpclient.netty.channel.ChannelManager - Adding key: http://0.0.0.0:4723 for channel [id: 0x007e0974, L:/127.0.0.1:56617 - R:/127.0.0.1:4723]
&amp;#27;[35m[HTTP]&amp;#27;[39m &amp;#27;[37m&lt;-- GET /wd/hub/session/7ae98af1-f0c4-48bb-82e0-609d7d4c050b/element/00000000-0000-1c06-ffff-ffff0000000a/enabled &amp;#27;[39m&amp;#27;[32m200&amp;#27;[39m &amp;#27;[90m5 ms - 14&amp;#27;[39m
&amp;#27;[35m[HTTP]&amp;#27;[39m &amp;#27;[90m&amp;#27;[39m
09:56:39.154 [Forwarding clickElement on session 7ae98af1-f0c4-48bb-82e0-609d7d4c050b to remote] DEBUG org.asynchttpclient.netty.request.NettyRequestSender - Using pooled Channel &apos;[id: 0x007e0974, L:/127.0.0.1:56617 - R:/127.0.0.1:4723]&apos; for &apos;POST&apos; to &apos;http://0.0.0.0:4723/wd/hub/session/7ae98af1-f0c4-48bb-82e0-609d7d4c050b/element/00000000-0000-1c06-ffff-ffff0000000a/click&apos;
09:56:39.154 [Forwarding clickElement on session 7ae98af1-f0c4-48bb-82e0-609d7d4c050b to remote] DEBUG org.asynchttpclient.netty.request.NettyRequestSender - Using open Channel [id: 0x007e0974, L:/127.0.0.1:56617 - R:/127.0.0.1:4723] for POST &apos;/wd/hub/session/7ae98af1-f0c4-48bb-82e0-609d7d4c050b/element/00000000-0000-1c06-ffff-ffff0000000a/click&apos;
&amp;#27;[35m[HTTP]&amp;#27;[39m &amp;#27;[37m--&gt;&amp;#27;[39m &amp;#27;[37mPOST&amp;#27;[39m &amp;#27;[37m/wd/hub/session/7ae98af1-f0c4-48bb-82e0-609d7d4c050b/element/00000000-0000-1c06-ffff-ffff0000000a/click&amp;#27;[39m
&amp;#27;[35m[HTTP]&amp;#27;[39m &amp;#27;[90m{&quot;id&quot;:&quot;00000000-0000-1c06-ffff-ffff0000000a&quot;}&amp;#27;[39m
[debug] &amp;#27;[35m[W3C (7ae98af1)]&amp;#27;[39m Calling AppiumDriver.click() with args: [&quot;00000000-0000-1c06-ffff-ffff0000000a&quot;,&quot;7ae98af1-f0c4-48bb-82e0-609d7d4c050b&quot;]
[debug] &amp;#27;[35m[WD Proxy]&amp;#27;[39m Matched &apos;/element/00000000-0000-1c06-ffff-ffff0000000a/click&apos; to command name &apos;click&apos;
[debug] &amp;#27;[35m[WD Proxy]&amp;#27;[39m Proxying [POST /element/00000000-0000-1c06-ffff-ffff0000000a/click] to [POST http://127.0.0.1:8200/wd/hub/session/015791bc-716d-4afa-9c1f-c27f676dbeb8/element/00000000-0000-1c06-ffff-ffff0000000a/click] with body: {&quot;element&quot;:&quot;00000000-0000-1c06-ffff-ffff0000000a&quot;}
[debug] &amp;#27;[35m[WD Proxy]&amp;#27;[39m Got response with status 200: {&quot;sessionId&quot;:&quot;015791bc-716d-4afa-9c1f-c27f676dbeb8&quot;,&quot;value&quot;:null}
[debug] &amp;#27;[35m[W3C (7ae98af1)]&amp;#27;[39m Responding to client with driver.click() result: null
09:56:39.197 [AsyncHttpClient-1-2] DEBUG org.asynchttpclient.netty.handler.HttpHandler - 

Request DefaultHttpRequest(decodeResult: success, version: HTTP/1.1)
POST /wd/hub/session/7ae98af1-f0c4-48bb-82e0-609d7d4c050b/element/00000000-0000-1c06-ffff-ffff0000000a/click HTTP/1.1
User-Agent: selenium/4.5.0 (java windows)
Content-Length: 50
Content-Type: application/json; charset=utf-8
host: 0.0.0.0:4723
accept: */*

Response DefaultHttpResponse(decodeResult: success, version: HTTP/1.1)
HTTP/1.1 200 OK
X-Powered-By: Express
Vary: X-HTTP-Method-Override
Content-Type: application/json; charset=utf-8
ETag: W/&quot;e-9/1BuKMgFObM1mWJm+YjxtXJnUM&quot;
Date: Fri, 02 Dec 2022 04:26:39 GMT
Connection: keep-alive
Keep-Alive: timeout=600
content-length: 14

&amp;#27;[35m[HTTP]&amp;#27;[39m &amp;#27;[37m&lt;-- POST /wd/hub/session/7ae98af1-f0c4-48b09:56:39.198 [AsyncHttpClient-1-2] DEBUG org.asynchttpclient.netty.channel.ChannelManager - Adding key: http://0.0.0.0:4723 for channel [id: 0x007e0974, L:/127.0.0.1:56617 - R:/127.0.0.1:4723]
b-82e0-609d7d4c050b/element/00000000-0000-1c06-ffff-ffff0000000a/click &amp;#27;[39m&amp;#27;[32m200&amp;#27;[39m &amp;#27;[90m43 ms - 14&amp;#27;[39m
&amp;#27;[35m[HTTP]&amp;#27;[39m &amp;#27;[90m&amp;#27;[39m
09:56:39.199 [Forwarding findElement on session 7ae98af1-f0c4-48bb-82e0-609d7d4c050b to remote] DEBUG org.asynchttpclient.netty.request.NettyRequestSender - Using pooled Channel &apos;[id: 0x007e0974, L:/127.0.0.1:56617 - R:/127.0.0.1:4723]&apos; for &apos;POST&apos; to &apos;http://0.0.0.0:4723/wd/hub/session/7ae98af1-f0c4-48bb-82e0-609d7d4c050b/element&apos;
09:56:39.199 [Forwarding findElement on session 7ae98af1-f0c4-48bb-82e0-609d7d4c050b to remote] DEBUG org.asynchttpclient.netty.request.NettyRequestSender - Using open Channel [id: 0x007e0974, L:/127.0.0.1:56617 - R:/127.0.0.1:4723] for POST &apos;/wd/hub/session/7ae98af1-f0c4-48bb-82e0-609d7d4c050b/element&apos;
&amp;#27;[35m[HTTP]&amp;#27;[39m &amp;#27;[37m--&gt;&amp;#27;[39m &amp;#27;[37mPOST&amp;#27;[39m &amp;#27;[37m/wd/hub/session/7ae98af1-f0c4-48bb-82e0-609d7d4c050b/element&amp;#27;[39m
&amp;#27;[35m[HTTP]&amp;#27;[39m &amp;#27;[90m{&quot;using&quot;:&quot;id&quot;,&quot;value&quot;:&quot;com.example.android.testing.notes.mock:id/design_menu_item_text&quot;}&amp;#27;[39m
[debug] &amp;#27;[35m[W3C (7ae98af1)]&amp;#27;[39m Calling AppiumDriver.findElement() with args: [&quot;id&quot;,&quot;com.example.android.testing.notes.mock:id/design_menu_item_text&quot;,&quot;7ae98af1-f0c4-48bb-82e0-609d7d4c050b&quot;]
[debug] &amp;#27;[35m[BaseDriver]&amp;#27;[39m Valid locator strategies for this request: xpath, id, class name, accessibility id, css selector, -android uiautomator
[debug] &amp;#27;[35m[BaseDriver]&amp;#27;[39m Waiting up to 0 ms for condition
[debug] &amp;#27;[35m[WD Proxy]&amp;#27;[39m Matched &apos;/element&apos; to command name &apos;findElement&apos;
[debug] &amp;#27;[35m[WD Proxy]&amp;#27;[39m Proxying [POST /element] to [POST http://127.0.0.1:8200/wd/hub/session/015791bc-716d-4afa-9c1f-c27f676dbeb8/element] with body: {&quot;strategy&quot;:&quot;id&quot;,&quot;selector&quot;:&quot;com.example.android.testing.notes.mock:id/design_menu_item_text&quot;,&quot;context&quot;:&quot;&quot;,&quot;multiple&quot;:false}
[debug] &amp;#27;[35m[WD Proxy]&amp;#27;[39m Got response with status 200: {&quot;sessionId&quot;:&quot;015791bc-716d-4afa-9c1f-c27f676dbeb8&quot;,&quot;value&quot;:{&quot;ELEMENT&quot;:&quot;00000000-0000-1c06-ffff-ffff00000019&quot;,&quot;element-6066-11e4-a52e-4f735466cecf&quot;:&quot;00000000-0000-1c06-ffff-ffff00000019&quot;}}
[debug] &amp;#27;[35m[W3C (7ae98af1)]&amp;#27;[39m Responding to client with driver.findElement() result: {&quot;element-6066-11e4-a52e-4f735466cecf&quot;:&quot;00000000-0000-09:56:39.251 [AsyncHttpClient-1-2] DEBUG org.asynchttpclient.netty.handler.HttpHandler - 

Request DefaultHttpRequest(decodeResult: success, version: HTTP/1.1)
POST /wd/hub/session/7ae98af1-f0c4-48bb-82e0-609d7d4c050b/element HTTP/1.1
User-Agent: selenium/4.5.0 (java windows)
Content-Length: 102
Content-Type: application/json; charset=utf-8
host: 0.0.0.0:4723
accept: */*

Response DefaultHttpResponse(decodeResult: success, version: HTTP/1.1)
HTTP/1.1 200 OK
X-Powered-By: Express
Vary: X-HTTP-Method-Override
Content-Type: application/json; charset=utf-8
ETag: W/&quot;89-9Y/jV/7lNs5WCxByQBDxHFB8g7k&quot;
Date: Fri, 02 Dec 2022 04:26:39 GMT
Connection: keep-alive
Keep-Alive: timeout=600
content-length: 137

1c06-ffff-ffff00000019&quot;,&quot;E09:56:39.251 [AsyncHttpClient-1-2] DEBUG org.asynchttpclient.netty.channel.ChannelManager - Adding key: http://0.0.0.0:4723 for channel [id: 0x007e0974, L:/127.0.0.1:56617 - R:/127.0.0.1:4723]
LEMENT&quot;:&quot;00000000-0000-1c06-ffff-ffff00000019&quot;}
&amp;#27;[35m[HTTP]&amp;#27;[39m &amp;#27;[37m&lt;-- POST /wd/hub/session/7ae98af1-f0c4-48bb-82e0-609d7d4c050b/element &amp;#27;[39m&amp;#27;[32m200&amp;#27;[39m &amp;#27;[90m50 ms - 137&amp;#27;[39m
&amp;#27;[35m[HTTP]&amp;#27;[39m &amp;#27;[90m&amp;#27;[39m
09:56:39.252 [Forwarding isElementDisplayed on session 7ae98af1-f0c4-48bb-82e0-609d7d4c050b to remote] DEBUG org.asynchttpclient.netty.request.NettyRequestSender - Using pooled Channel &apos;[id: 0x007e0974, L:/127.0.0.1:56617 - R:/127.0.0.1:4723]&apos; for &apos;GET&apos; to &apos;http://0.0.0.0:4723/wd/hub/session/7ae98af1-f0c4-48bb-82e0-609d7d4c050b/element/00000000-0000-1c06-ffff-ffff00000019/displayed&apos;
09:56:39.252 [Forwarding isElementDisplayed on session 7ae98af1-f0c4-48bb-82e0-609d7d4c050b to remote] DEBUG org.asynchttpclient.netty.request.NettyRequestSender - Using open Channel [id: 0x007e0974, L:/127.0.0.1:56617 - R:/127.0.0.1:4723] for GET &apos;/wd/hub/session/7ae98af1-f0c4-48bb-82e0-609d7d4c050b/element/00000000-0000-1c06-ffff-ffff00000019/displayed&apos;
&amp;#27;[35m[HTTP]&amp;#27;[39m &amp;#27;[37m--&gt;&amp;#27;[39m &amp;#27;[37mGET&amp;#27;[39m &amp;#27;[37m/wd/hub/session/7ae98af1-f0c4-48bb-82e0-609d7d4c050b/element/00000000-0000-1c06-ffff-ffff00000019/displayed&amp;#27;[39m
&amp;#27;[35m[HTTP]&amp;#27;[39m &amp;#27;[90m{}&amp;#27;[39m
[debug] &amp;#27;[35m[W3C (7ae98af1)]&amp;#27;[39m Calling AppiumDriver.elementDisplayed() with args: [&quot;00000000-0000-1c06-ffff-ffff00000019&quot;,&quot;7ae98af1-f0c4-48bb-82e0-609d7d4c050b&quot;]
[debug] &amp;#27;[35m[WD Proxy]&amp;#27;[39m Matched &apos;/element/00000000-0000-1c06-ffff-ffff00000019/attribute/displayed&apos; to command name &apos;getAttribute&apos;
[debug] &amp;#27;[35m[WD Proxy]&amp;#27;[39m Proxying [GET /element/00000000-0000-1c06-ffff-ffff00000019/attribute/displayed] to [GET http://127.0.0.1:8200/wd/hub/session/015791bc-716d-4afa-9c1f-c27f676dbeb8/element/00000000-0000-1c06-ffff-ffff00000019/attribute/displayed] with no body
[debug] &amp;#27;[35m[WD Proxy]&amp;#27;[39m Got response with status 200: {&quot;sessionId&quot;:&quot;015791bc-716d-4afa-9c1f-c27f676dbeb8&quot;,&quot;value&quot;:&quot;true&quot;}
[debug] &amp;#27;[35m[W3C (7ae98af1)]&amp;#27;[39m Responding to client with driver.elem09:56:40.349 [AsyncHttpClient-1-2] DEBUG org.asynchttpclient.netty.handler.HttpHandler - 

Request DefaultFullHttpRequest(decodeResult: success, version: HTTP/1.1, content: EmptyByteBufBE)
GET /wd/hub/session/7ae98af1-f0c4-48bb-82e0-609d7d4c050b/element/00000000-0000-1c06-ffff-ffff00000019/displayed HTTP/1.1
User-Agent: selenium/4.5.0 (java windows)
Cache-Control: no-cache
Content-Type: application/json; charset=utf-8
host: 0.0.0.0:4723
accept: */*

Response DefaultHttpResponse(decodeResult: success, version: HTTP/1.1)
HTTP/1.1 200 OK
X-Powered-By: Express
Content-Type: application/json; charset=utf-8
ETag: W/&quot;e-2ZHvAWebNQpyjGZTg6uyV8/spTo&quot;
Date: Fri, 02 Dec 2022 04:26:40 GMT
Connection: keep-alive
Keep-Alive: timeout=600
content-length: 14

entDisplayed() result: true
09:56:40.349 [AsyncHttpClient-1-2] DEBUG org.asynchttpclient.netty.channel.ChannelManager - Adding key: http://0.0.0.0:4723 for channel [id: 0x007e0974, L:/127.0.0.1:56617 - R:/127.0.0.1:4723]
&amp;#27;[35m[HTTP]&amp;#27;[39m &amp;#27;[37m&lt;-- GET /wd/hub/session/7ae98af1-f0c4-48bb-82e0-609d7d4c050b/element/00000000-0000-1c06-ffff-ffff00000019/displayed &amp;#27;[39m&amp;#27;[32m200&amp;#27;[39m &amp;#27;[90m1095 ms - 14&amp;#27;[39m
&amp;#27;[35m[HTTP]&amp;#27;[39m &amp;#27;[90m&amp;#27;[39m
09:56:40.351 [Forwarding findElement on session 7ae98af1-f0c4-48bb-82e0-609d7d4c050b to remote] DEBUG org.asynchttpclient.netty.request.NettyRequestSender - Using pooled Channel &apos;[id: 0x007e0974, L:/127.0.0.1:56617 - R:/127.0.0.1:4723]&apos; for &apos;POST&apos; to &apos;http://0.0.0.0:4723/wd/hub/session/7ae98af1-f0c4-48bb-82e0-609d7d4c050b/element&apos;
09:56:40.351 [Forwarding findElement on session 7ae98af1-f0c4-48bb-82e0-609d7d4c050b to remote] DEBUG org.asynchttpclient.netty.request.NettyRequestSender - Using open Channel [id: 0x007e0974, L:/127.0.0.1:56617 - R:/127.0.0.1:4723] for POST &apos;/wd/hub/session/7ae98af1-f0c4-48bb-82e0-609d7d4c050b/element&apos;
&amp;#27;[35m[HTTP]&amp;#27;[39m &amp;#27;[37m--&gt;&amp;#27;[39m &amp;#27;[37mPOST&amp;#27;[39m &amp;#27;[37m/wd/hub/session/7ae98af1-f0c4-48bb-82e0-609d7d4c050b/element&amp;#27;[39m
&amp;#27;[35m[HTTP]&amp;#27;[39m &amp;#27;[90m{&quot;using&quot;:&quot;id&quot;,&quot;value&quot;:&quot;com.example.android.testing.notes.mock:id/design_menu_item_text&quot;}&amp;#27;[39m
[debug] &amp;#27;[35m[W3C (7ae98af1)]&amp;#27;[39m Calling AppiumDriver.findElement() with args: [&quot;id&quot;,&quot;com.example.android.testing.notes.mock:id/design_menu_item_text&quot;,&quot;7ae98af1-f0c4-48bb-82e0-609d7d4c050b&quot;]
[debug] &amp;#27;[35m[BaseDriver]&amp;#27;[39m Valid locator strategies for this request: xpath, id, class name, accessibility id, css selector, -android uiautomator
[debug] &amp;#27;[35m[BaseDriver]&amp;#27;[39m Waiting up to 0 ms for condition
[debug] &amp;#27;[35m[WD Proxy]&amp;#27;[39m Matched &apos;/element&apos; to command name &apos;findElement&apos;
[debug] &amp;#27;[35m[WD Proxy]&amp;#27;[39m Proxying [POST /element] to [POST http://127.0.0.1:8200/wd/hub/session/015791bc-716d-4afa-9c1f-c27f676dbeb8/element] with body: {&quot;strategy&quot;:&quot;id&quot;,&quot;selector&quot;:&quot;com.example.android.testing.notes.mock:id/design_menu_item_text&quot;,&quot;context&quot;:&quot;&quot;,&quot;multiple&quot;:false}
[debug] &amp;#27;[35m[WD Proxy]&amp;#27;[39m Got response with status 200: {&quot;sessionId&quot;:&quot;015791bc-716d-4afa-9c1f-c27f676dbeb8&quot;,&quot;value&quot;:{&quot;ELEMENT&quot;:&quot;00000000-0000-1c06-ffff-ffff00000019&quot;,&quot;element-6066-11e4-a52e-4f735466cecf&quot;:&quot;00000000-0000-1c06-ffff-ffff00000019&quot;}}
[debug] &amp;#27;[35m[W3C (7ae98af1)]&amp;#27;[39m Responding to client with driver.findElement() result: {&quot;element-6066-109:56:40.405 [AsyncHttpClient-1-2] DEBUG org.asynchttpclient.netty.handler.HttpHandler - 

Request DefaultHttpRequest(decodeResult: success, version: HTTP/1.1)
POST /wd/hub/session/7ae98af1-f0c4-48bb-82e0-609d7d4c050b/element HTTP/1.1
User-Agent: selenium/4.5.0 (java windows)
Content-Length: 102
Content-Type: application/json; charset=utf-8
host: 0.0.0.0:4723
accept: */*

Response DefaultHttpResponse(decodeResult: success, version: HTTP/1.1)
HTTP/1.1 200 OK
X-Powered-By: Express
Vary: X-HTTP-Method-Override
Content-Type: application/json; charset=utf-8
ETag: W/&quot;89-9Y/jV/7lNs5WCxByQBDxHFB8g7k&quot;
Date: Fri, 02 Dec 2022 04:26:40 GMT
Connection: keep-alive
Keep-Alive: timeout=600
content-length: 137

1e4-a52e-4f735466ce09:56:40.405 [AsyncHttpClient-1-2] DEBUG org.asynchttpclient.netty.channel.ChannelManager - Adding key: http://0.0.0.0:4723 for channel [id: 0x007e0974, L:/127.0.0.1:56617 - R:/127.0.0.1:4723]
cf&quot;:&quot;00000000-0000-1c06-ffff-ffff00000019&quot;,&quot;ELEMENT&quot;:&quot;00000000-0000-1c06-ffff-ffff00000019&quot;}
&amp;#27;[35m[HTTP]&amp;#27;[39m &amp;#27;[37m&lt;-- POST /wd/hub/session/7ae98af1-f0c4-48bb-82e0-609d7d4c050b/element &amp;#27;[39m&amp;#27;[32m200&amp;#27;[09:56:40.406 [Forwarding isElementEnabled on session 7ae98af1-f0c4-48bb-82e0-609d7d4c050b to remote] DEBUG org.asynchttpclient.netty.request.NettyRequestSender - Using pooled Channel &apos;[id: 0x007e0974, L:/127.0.0.1:56617 - R:/127.0.0.1:4723]&apos; for &apos;GET&apos; to &apos;http://0.0.0.0:4723/wd/hub/session/7ae98af1-f0c4-48bb-82e0-609d7d4c050b/element/00000000-0000-1c06-ffff-ffff00000019/enabled&apos;
39m &amp;#27;[90m51 ms - 137&amp;#27;[39m
&amp;#27;[35m[HTTP]&amp;#27;[39m &amp;#27;[90m09:56:40.406 [Forwarding isElementEnabled on session 7ae98af1-f0c4-48bb-82e0-609d7d4c050b to remote] DEBUG org.asynchttpclient.netty.request.NettyRequestSender - Using open Channel [id: 0x007e0974, L:/127.0.0.1:56617 - R:/127.0.0.1:4723] for GET &apos;/wd/hub/session/7ae98af1-f0c4-48bb-82e0-609d7d4c050b/element/00000000-0000-1c06-ffff-ffff00000019/enabled&apos;
&amp;#27;[39m
&amp;#27;[35m[HTTP]&amp;#27;[39m &amp;#27;[37m--&gt;&amp;#27;[39m &amp;#27;[37mGET&amp;#27;[39m &amp;#27;[37m/wd/hub/session/7ae98af1-f0c4-48bb-82e0-609d7d4c050b/element/00000000-0000-1c06-ffff-ffff00000019/enabled&amp;#27;[39m
&amp;#27;[35m[HTTP]&amp;#27;[39m &amp;#27;[90m{}&amp;#27;[39m
[debug] &amp;#27;[35m[W3C (7ae98af1)]&amp;#27;[39m Calling AppiumDriver.elementEnabled() with args: [&quot;00000000-0000-1c06-ffff-ffff00000019&quot;,&quot;7ae98af1-f0c4-48bb-82e0-609d7d4c050b&quot;]
[debug] &amp;#27;[35m[WD Proxy]&amp;#27;[39m Matched &apos;/element/00000000-0000-1c06-ffff-ffff00000019/attribute/enabled&apos; to command name &apos;getAttribute&apos;
[debug] &amp;#27;[35m[WD Proxy]&amp;#27;[39m Proxying [GET /element/00000000-0000-1c06-ffff-ffff00000019/attribute/enabled] to [GET http://127.0.0.1:8200/wd/hub/session/015791bc-716d-4afa-9c1f-c27f676dbeb8/element/00000000-0000-1c06-ffff-ffff00000019/attribute/enabled] with no body
[debug] &amp;#27;[35m[WD Proxy]&amp;#27;[39m Got response with status 200: {&quot;sessionId&quot;:&quot;015791bc-716d-4afa-9c1f-c27f676dbeb8&quot;,&quot;value&quot;:&quot;true&quot;}
[debug] &amp;#27;[35m[W3C (7ae98af1)]&amp;#27;[39m Responding to client with driver.elementEnabled() result: true
09:56:40.419 [AsyncHttpClient-1-2] DEBUG org.asynchttpclient.netty.handler.HttpHandler - 

Request DefaultFullHttpRequest(decodeResult: success, version: HTTP/1.1, content: EmptyByteBufBE)
GET /wd/hub/session/7ae98af1-f0c4-48bb-82e0-609d7d4c050b/element/00000000-0000-1c06-ffff-ffff00000019/enabled HTTP/1.1
User-Agent: selenium/4.5.0 (java windows)
Cache-Control: no-cache
Content-Type: application/json; charset=utf-8
host: 0.0.0.0:4723
accept: */*

Response DefaultHttpResponse(decodeResult: success, version: HTTP/1.1)
HTTP/1.1 200 OK
X-Powered-By: Express
Content-Type: application/json; charset=utf-8
ETag: W/&quot;e-2ZHvAWebNQpyjGZTg6uyV8/spTo&quot;
Date: Fri, 02 Dec 2022 04:26:40 GMT
Connection: keep-alive
Keep-Alive: timeout=600
content-length: 14

09:56:40.419 [AsyncHttpClient-1-2] DEBUG org.asynchttpclient.netty.channel.ChannelManager - Adding key: http://0.0.0.0:4723 for channel [id: 0x007e0974, L:/127.0.0.1:56617 - R:/127.0.0.1:4723]
&amp;#27;[35m[HTTP]&amp;#27;[39m &amp;#27;[37m&lt;-- GET /wd/hub/session/7ae98af1-f0c4-48bb-82e0-609d7d4c050b/element/00000000-0000-1c06-ffff-ffff00000019/enabled &amp;#27;[39m&amp;#27;[32m200&amp;#27;[39m &amp;#27;[90m12 ms - 14&amp;#27;[39m
&amp;#27;[35m[HTTP]&amp;#27;[39m &amp;#27;[90m&amp;#27;[39m
09:56:40.420 [Forwarding findElement on session 7ae98af1-f0c4-48bb-82e0-609d7d4c050b to remote] DEBUG org.asynchttpclient.netty.request.NettyRequestSender - Using pooled Channel &apos;[id: 0x007e0974, L:/127.0.0.1:56617 - R:/127.0.0.1:4723]&apos; for &apos;POST&apos; to &apos;http://0.0.0.0:4723/wd/hub/session/7ae98af1-f0c4-48bb-82e0-609d7d4c050b/element&apos;
09:56:40.420 [Forwarding findElement on session 7ae98af1-f0c4-48bb-82e0-609d7d4c050b to remote] DEBUG org.asynchttpclient.netty.request.NettyRequestSender - Using open Channel [id: 0x007e0974, L:/127.0.0.1:56617 - R:/127.0.0.1:4723] for POST &apos;/wd/hub/session/7ae98af1-f0c4-48bb-82e0-609d7d4c050b/element&apos;
&amp;#27;[35m[HTTP]&amp;#27;[39m &amp;#27;[37m--&gt;&amp;#27;[39m &amp;#27;[37mPOST&amp;#27;[39m &amp;#27;[37m/wd/hub/session/7ae98af1-f0c4-48bb-82e0-609d7d4c050b/element&amp;#27;[39m
&amp;#27;[35m[HTTP]&amp;#27;[39m &amp;#27;[90m{&quot;using&quot;:&quot;id&quot;,&quot;value&quot;:&quot;com.example.android.testing.notes.mock:id/design_menu_item_text&quot;}&amp;#27;[39m
[debug] &amp;#27;[35m[W3C (7ae98af1)]&amp;#27;[39m Calling AppiumDriver.findElement() with args: [&quot;id&quot;,&quot;com.example.android.testing.notes.mock:id/design_menu_item_text&quot;,&quot;7ae98af1-f0c4-48bb-82e0-609d7d4c050b&quot;]
[debug] &amp;#27;[35m[BaseDriver]&amp;#27;[39m Valid locator strategies for this request: xpath, id, class name, accessibility id, css selector, -android uiautomator
[debug] &amp;#27;[35m[BaseDriver]&amp;#27;[39m Waiting up to 0 ms for condition
[debug] &amp;#27;[35m[WD Proxy]&amp;#27;[39m Matched &apos;/element&apos; to command name &apos;findElement&apos;
[debug] &amp;#27;[35m[WD Proxy]&amp;#27;[39m Proxying [POST /element] to [POST http://127.0.0.1:8200/wd/hub/session/015791bc-716d-4afa-9c1f-c27f676dbeb8/element] with body: {&quot;strategy&quot;:&quot;id&quot;,&quot;selector&quot;:&quot;com.example.android.testing.notes.mock:id/design_menu_item_text&quot;,&quot;context&quot;:&quot;&quot;,&quot;multiple&quot;:false}
[debug] &amp;#27;[35m[WD Proxy]&amp;#27;[39m Got response with status 200: {&quot;sessionId&quot;:&quot;015791bc-716d-4afa-9c1f-c27f676dbeb8&quot;,&quot;value&quot;:{&quot;ELEMENT&quot;:&quot;00000000-0000-1c06-ffff-ffff00000019&quot;,&quot;element-6066-11e4-a52e-4f735466cecf&quot;:&quot;00000000-0000-1c06-ffff-ffff00000019&quot;}}
09:56:40.461 [AsyncHttpClient-1-2] DEBUG org.asynchttpclient.netty.handler.HttpHandler - 

Request DefaultHttpRequest(decodeResult: success, version: HTTP/1.1)
POST /wd/hub/session/7ae98af1-f0c4-48bb-82e0-609d7d4c050b/element HTTP/1.1
User-Agent: selenium/4.5.0 (java windows)
Content-Length: 102
Content-Type: application/json; charset=utf-8
host: 0.0.0.0:4723
accept: */*

Response DefaultHttpResponse(decodeResult: success, version: HTTP/1.1)
HTTP/1.1 200 OK
X-Powered-By: Express
Vary: X-HTTP-Method-Override
Content-Type: application/json; charset=utf-8
ETag: W/&quot;89-9Y/jV/7lNs5WCxByQBDxHFB8g7k&quot;
Date: Fri, 02 Dec 2022 04:26:40 GMT
Connection: keep-alive
Keep-Alive: timeout=600
content-length: 137

[debug] &amp;#27;[35m[W3C (7ae09:56:40.461 [AsyncHttpClient-1-2] DEBUG org.asynchttpclient.netty.channel.ChannelManager - Adding key: http://0.0.0.0:4723 for channel [id: 0x007e0974, L:/127.0.0.1:56617 - R:/127.0.0.1:4723]
98af1)]&amp;#27;[39m Responding to client with driver.findElement() result: {&quot;element-6066-11e4-a52e-4f735466cecf&quot;:&quot;00000000-0000-1c06-ffff-ffff00000019&quot;,&quot;ELEMENT&quot;:&quot;00000000-0000-1c06-ffff-ffff00000019&quot;}
&amp;#27;[35m[HTTP]&amp;#27;[39m &amp;#27;[37m&lt;-- POST /wd/hub/session/7ae98af1-f0c4-48bb-82e0-609d7d4c050b/element &amp;#27;[39m&amp;#27;[32m2009:56:40.462 [Forwarding clickElement on session 7ae98af1-f0c4-48bb-82e0-609d7d4c050b to remote] DEBUG org.asynchttpclient.netty.request.NettyRequestSender - Using pooled Channel &apos;[id: 0x007e0974, L:/127.0.0.1:56617 - R:/127.0.0.1:4723]&apos; for &apos;POST&apos; to &apos;http://0.0.0.0:4723/wd/hub/session/7ae98af1-f0c4-48bb-82e0-609d7d4c050b/element/00000000-0000-1c06-ffff-ffff00000019/click&apos;
0&amp;#27;[39m &amp;#27;[90m40 ms - 137&amp;#27;[39m
&amp;#27;[35m[HTTP]&amp;#27;09:56:40.462 [Forwarding clickElement on session 7ae98af1-f0c4-48bb-82e0-609d7d4c050b to remote] DEBUG org.asynchttpclient.netty.request.NettyRequestSender - Using open Channel [id: 0x007e0974, L:/127.0.0.1:56617 - R:/127.0.0.1:4723] for POST &apos;/wd/hub/session/7ae98af1-f0c4-48bb-82e0-609d7d4c050b/element/00000000-0000-1c06-ffff-ffff00000019/click&apos;
[39m &amp;#27;[90m&amp;#27;[39m
&amp;#27;[35m[HTTP]&amp;#27;[39m &amp;#27;[37m--&gt;&amp;#27;[39m &amp;#27;[37mPOST&amp;#27;[39m &amp;#27;[37m/wd/hub/session/7ae98af1-f0c4-48bb-82e0-609d7d4c050b/element/00000000-0000-1c06-ffff-ffff00000019/click&amp;#27;[39m
&amp;#27;[35m[HTTP]&amp;#27;[39m &amp;#27;[90m{&quot;id&quot;:&quot;00000000-0000-1c06-ffff-ffff00000019&quot;}&amp;#27;[39m
[debug] &amp;#27;[35m[W3C (7ae98af1)]&amp;#27;[39m Calling AppiumDriver.click() with args: [&quot;00000000-0000-1c06-ffff-ffff00000019&quot;,&quot;7ae98af1-f0c4-48bb-82e0-609d7d4c050b&quot;]
[debug] &amp;#27;[35m[WD Proxy]&amp;#27;[39m Matched &apos;/element/00000000-0000-1c06-ffff-ffff00000019/click&apos; to command name &apos;click&apos;
[debug] &amp;#27;[35m[WD Proxy]&amp;#27;[39m Proxying [POST /element/00000000-0000-1c06-ffff-ffff00000019/click] to [POST http://127.0.0.1:8200/wd/hub/session/015791bc-716d-4afa-9c1f-c27f676dbeb8/element/00000000-0000-1c06-ffff-ffff00000019/click] with body: {&quot;element&quot;:&quot;00000000-0000-1c06-ffff-ffff00000019&quot;}
[debug] &amp;#27;[35m[WD Proxy]&amp;#27;[39m Got response with status 200: {&quot;sessionId&quot;:&quot;015791bc-716d-4afa-9c1f-c27f676dbeb8&quot;,&quot;value&quot;:null}
[debug] &amp;#27;[35m[W3C (7ae98af1)]&amp;#27;[39m Responding to client with driver.click() result: null
09:56:40.543 [AsyncHttpClient-1-2] DEBUG org.asynchttpclient.netty.handler.HttpHandler - 

Request DefaultHttpRequest(decodeResult: success, version: HTTP/1.1)
POST /wd/hub/session/7ae98af1-f0c4-48bb-82e0-609d7d4c050b/element/00000000-0000-1c06-ffff-ffff00000019/click HTTP/1.1
User-Agent: selenium/4.5.0 (java windows)
Content-Length: 50
Content-Type: application/json; charset=utf-8
host: 0.0.0.0:4723
accept: */*

Response DefaultHttpResponse(decodeResult: success, version: HTTP/1.1)
HTTP/1.1 200 OK
X-Powered-By: Express
Vary: X-HTTP-Method-Override
Content-Type: application/json; charset=utf-8
ETag: W/&quot;e-9/1BuKMgFObM1mWJm+YjxtXJnUM&quot;
Date: Fri, 02 Dec 2022 04:26:40 GMT
Connection: keep-alive
Keep-Alive: timeout=600
content-length: 14

&amp;#27;[35m[HTTP]&amp;#27;[39m &amp;#27;[37m&lt;-- POST /wd/hub/session/7ae98af109:56:40.544 [AsyncHttpClient-1-2] DEBUG org.asynchttpclient.netty.channel.ChannelManager - Adding key: http://0.0.0.0:4723 for channel [id: 0x007e0974, L:/127.0.0.1:56617 - R:/127.0.0.1:4723]
-f0c4-48bb-82e0-609d7d4c050b/element/00000000-0000-1c06-ffff-ffff00000019/click &amp;#27;[39m&amp;#27;[32m200&amp;#27;[39m &amp;#27;[90m80 ms - 14&amp;#27;[39m
&amp;#27;[35m[HTTP]&amp;#27;[39m &amp;#27;[90m  &amp;#27;[32mGiven &amp;#27;[0m&amp;#27;[32mI am at Statistics screen&amp;#27;[0m                             &amp;#27;[90m# com.example.cocusmobiletest.stepdefinitions.UIStepdefs.I_am_at_Statistics_screen()&amp;#27;[0m
&amp;#27;[39m
09:56:40.545 [Forwarding findElement on session 7ae98af1-f0c4-48bb-82e0-609d7d4c050b to remote] DEBUG org.asynchttpclient.netty.request.NettyRequestSender - Using pooled Channel &apos;[id: 0x007e0974, L:/127.0.0.1:56617 - R:/127.0.0.1:4723]&apos; for &apos;POST&apos; to &apos;http://0.0.0.0:4723/wd/hub/session/7ae98af1-f0c4-48bb-82e0-609d7d4c050b/element&apos;
09:56:40.545 [Forwarding findElement on session 7ae98af1-f0c4-48bb-82e0-609d7d4c050b to remote] DEBUG org.asynchttpclient.netty.request.NettyRequestSender - Using open Channel [id: 0x007e0974, L:/127.0.0.1:56617 - R:/127.0.0.1:4723] for POST &apos;/wd/hub/session/7ae98af1-f0c4-48bb-82e0-609d7d4c050b/element&apos;
&amp;#27;[35m[HTTP]&amp;#27;[39m &amp;#27;[37m--&gt;&amp;#27;[39m &amp;#27;[37mPOST&amp;#27;[39m &amp;#27;[37m/wd/hub/session/7ae98af1-f0c4-48bb-82e0-609d7d4c050b/element&amp;#27;[39m
&amp;#27;[35m[HTTP]&amp;#27;[39m &amp;#27;[90m{&quot;using&quot;:&quot;xpath&quot;,&quot;value&quot;:&quot;//android.widget.TextView[@text=&apos;Statistics&apos;]&quot;}&amp;#27;[39m
[debug] &amp;#27;[35m[W3C (7ae98af1)]&amp;#27;[39m Calling AppiumDriver.findElement() with args: [&quot;xpath&quot;,&quot;//android.widget.TextView[@text=&apos;Statistics&apos;]&quot;,&quot;7ae98af1-f0c4-48bb-82e0-609d7d4c050b&quot;]
[debug] &amp;#27;[35m[BaseDriver]&amp;#27;[39m Valid locator strategies for this request: xpath, id, class name, accessibility id, css selector, -android uiautomator
[debug] &amp;#27;[35m[BaseDriver]&amp;#27;[39m Waiting up to 0 ms for condition
[debug] &amp;#27;[35m[WD Proxy]&amp;#27;[39m Matched &apos;/element&apos; to command name &apos;findElement&apos;
[debug] &amp;#27;[35m[WD Proxy]&amp;#27;[39m Proxying [POST /element] to [POST http://127.0.0.1:8200/wd/hub/session/015791bc-716d-4afa-9c1f-c27f676dbeb8/element] with body: {&quot;strategy&quot;:&quot;xpath&quot;,&quot;selector&quot;:&quot;//android.widget.TextView[@text=&apos;Statistics&apos;]&quot;,&quot;context&quot;:&quot;&quot;,&quot;multiple&quot;:false}
[debug] &amp;#27;[35m[WD Proxy]&amp;#27;[39m Got response with status 200: {&quot;sessionId&quot;:&quot;015791bc-716d-4afa-9c1f-c27f676dbeb8&quot;,&quot;value&quot;:{&quot;ELEMENT&quot;:&quot;00000000-0000-1c07-ffff-ffff00000024&quot;,09:56:41.235 [AsyncHttpClient-1-2] DEBUG org.asynchttpclient.netty.handler.HttpHandler - 

Request DefaultHttpRequest(decodeResult: success, version: HTTP/1.1)
POST /wd/hub/session/7ae98af1-f0c4-48bb-82e0-609d7d4c050b/element HTTP/1.1
User-Agent: selenium/4.5.0 (java windows)
Content-Length: 92
Content-Type: application/json; charset=utf-8
host: 0.0.0.0:4723
accept: */*

Response DefaultHttpResponse(decodeResult: success, version: HTTP/1.1)
HTTP/1.1 200 OK
X-Powered-By: Express
Vary: X-HTTP-Method-Override
Content-Type: application/json; charset=utf-8
ETag: W/&quot;89-C2yyJm8MrHt4+/3U+dteraTP9E4&quot;
Date: Fri, 02 Dec 2022 04:26:41 GMT
Connection: keep-alive
Keep-Alive: timeout=600
content-length: 137

&quot;element-6066-11e4-a52e-4f735466cecf&quot;:&quot;00000000-0000-1c07-ffff-ffff00000024&quot;}}
09:56:41.235 [AsyncHttpClient-1-2] DEBUG org.asynchttpclient.netty.channel.ChannelManager - Adding key: http://0.0.0.0:4723 for channel [id: 0x007e0974, L:/127.0.0.1:56617 - R:/127.0.0.1:4723]
[debug] &amp;#27;[35m[W3C (7ae98af1)]&amp;#27;[39m Responding to client with driver.findElement() result: {&quot;element-6066-11e4-a52e-4f735466cecf&quot;:&quot;00000000-0000-1c07-ffff-ffff00000024&quot;,&quot;09:56:41.237 [Forwarding isElementDisplayed on session 7ae98af1-f0c4-48bb-82e0-609d7d4c050b to remote] DEBUG org.asynchttpclient.netty.request.NettyRequestSender - Using pooled Channel &apos;[id: 0x007e0974, L:/127.0.0.1:56617 - R:/127.0.0.1:4723]&apos; for &apos;GET&apos; to &apos;http://0.0.0.0:4723/wd/hub/session/7ae98af1-f0c4-48bb-82e0-609d7d4c050b/element/00000000-0000-1c07-ffff-ffff00000024/displayed&apos;
EL09:56:41.237 [Forwarding isElementDisplayed on session 7ae98af1-f0c4-48bb-82e0-609d7d4c050b to remote] DEBUG org.asynchttpclient.netty.request.NettyRequestSender - Using open Channel [id: 0x007e0974, L:/127.0.0.1:56617 - R:/127.0.0.1:4723] for GET &apos;/wd/hub/session/7ae98af1-f0c4-48bb-82e0-609d7d4c050b/element/00000000-0000-1c07-ffff-ffff00000024/displayed&apos;
EMENT&quot;:&quot;00000000-0000-1c07-ffff-ffff00000024&quot;}
&amp;#27;[35m[HTTP]&amp;#27;[39m &amp;#27;[37m&lt;-- POST /wd/hub/session/7ae98af1-f0c4-48bb-82e0-609d7d4c050b/element &amp;#27;[39m&amp;#27;[32m200&amp;#27;[39m &amp;#27;[90m688 ms - 137&amp;#27;[39m
&amp;#27;[35m[HTTP]&amp;#27;[39m &amp;#27;[90m&amp;#27;[39m
&amp;#27;[35m[HTTP]&amp;#27;[39m &amp;#27;[37m--&gt;&amp;#27;[39m &amp;#27;[37mGET&amp;#27;[39m &amp;#27;[37m/wd/hub/session/7ae98af1-f0c4-48bb-82e0-609d7d4c050b/element/00000000-0000-1c07-ffff-ffff00000024/displayed&amp;#27;[39m
&amp;#27;[35m[HTTP]&amp;#27;[39m &amp;#27;[90m{}&amp;#27;[39m
[debug] &amp;#27;[35m[W3C (7ae98af1)]&amp;#27;[39m Calling AppiumDriver.elementDisplayed() with args: [&quot;00000000-0000-1c07-ffff-ffff00000024&quot;,&quot;7ae98af1-f0c4-48bb-82e0-609d7d4c050b&quot;]
[debug] &amp;#27;[35m[WD Proxy]&amp;#27;[39m Matched &apos;/element/00000000-0000-1c07-ffff-ffff00000024/attribute/displayed&apos; to command name &apos;getAttribute&apos;
[debug] &amp;#27;[35m[WD Proxy]&amp;#27;[39m Proxying [GET /element/00000000-0000-1c07-ffff-ffff00000024/attribute/displayed] to [GET http://127.0.0.1:8200/wd/hub/session/015791bc-716d-4afa-9c1f-c27f676dbeb8/element/00000000-0000-1c07-ffff-ffff00000024/attribute/displayed] with no body
[debug] &amp;#27;[35m[WD Proxy]&amp;#27;[39m Got response with status 200: {&quot;sessionId&quot;:&quot;015791bc-716d-4afa-9c1f-c27f676dbeb8&quot;,&quot;value&quot;:&quot;true&quot;}
[debug] &amp;#27;[35m[W3C (7ae98af1)]&amp;#27;[39m Responding to client with driver.elementDisplayed() result: true
09:56:41.253 [AsyncHttpClient-1-2] DEBUG org.asynchttpclient.netty.handler.HttpHandler - 

Request DefaultFullHttpRequest(decodeResult: success, version: HTTP/1.1, content: EmptyByteBufBE)
GET /wd/hub/session/7ae98af1-f0c4-48bb-82e0-609d7d4c050b/element/00000000-0000-1c07-ffff-ffff00000024/displayed HTTP/1.1
User-Agent: selenium/4.5.0 (java windows)
Cache-Control: no-cache
Content-Type: application/json; charset=utf-8
host: 0.0.0.0:4723
accept: */*

Response DefaultHttpResponse(decodeResult: success, version: HTTP/1.1)
HTTP/1.1 200 OK
X-Powered-By: Express
Content-Type: application/json; charset=utf-8
ETag: W/&quot;e-2ZHvAWebNQpyjGZTg6uyV8/spTo&quot;
Date: Fri, 02 Dec 2022 04:26:41 GMT
Connection: keep-alive
Keep-Alive: timeout=600
content-length: 14

09:56:41.254 [AsyncHttpClient-1-2] DEBUG org.asynchttpclient.netty.channel.ChannelManager - Adding key: http://0.0.0.0:4723 for channel [id: 0x007e0974, L:/127.0.0.1:56617 - R:/127.0.0.1:4723]
&amp;#27;[35m[HTTP]&amp;#27;[39m &amp;#27;[37m&lt;-- GET /wd/hub/session/7ae98af1-f0c4-48bb-82e0-609d7d4c050b/element/00000000-0000-1c07-ffff-ffff00000024/displayed 09:56:41.255 [Forwarding findElement on session 7ae98af1-f0c4-48bb-82e0-609d7d4c050b to remote] DEBUG org.asynchttpclient.netty.request.NettyRequestSender - Using pooled Channel &apos;[id: 0x007e0974, L:/127.0.0.1:56617 - R:/127.0.0.1:4723]&apos; for &apos;POST&apos; to &apos;http://0.0.0.0:4723/wd/hub/session/7ae98af1-f0c4-48bb-82e0-609d7d4c050b/element&apos;
&amp;#27;[39m&amp;#27;[32m200&amp;#27;[39m &amp;#27;[90m14 ms - 14&amp;#27;[39m
09:56:41.255 [Forwarding findElement on session 7ae98af1-f0c4-48bb-82e0-609d7d4c050b to remote] DEBUG org.asynchttpclient.netty.request.NettyRequestSender - Using open Channel [id: 0x007e0974, L:/127.0.0.1:56617 - R:/127.0.0.1:4723] for POST &apos;/wd/hub/session/7ae98af1-f0c4-48bb-82e0-609d7d4c050b/element&apos;
&amp;#27;[35m[HTTP]&amp;#27;[39m &amp;#27;[90m&amp;#27;[39m
&amp;#27;[35m[HTTP]&amp;#27;[39m &amp;#27;[37m--&gt;&amp;#27;[39m &amp;#27;[37mPOST&amp;#27;[39m &amp;#27;[37m/wd/hub/session/7ae98af1-f0c4-48bb-82e0-609d7d4c050b/element&amp;#27;[39m
&amp;#27;[35m[HTTP]&amp;#27;[39m &amp;#27;[90m{&quot;using&quot;:&quot;xpath&quot;,&quot;value&quot;:&quot;//android.widget.TextView[@text=&apos;Statistics&apos;]&quot;}&amp;#27;[39m
[debug] &amp;#27;[35m[W3C (7ae98af1)]&amp;#27;[39m Calling AppiumDriver.findElement() with args: [&quot;xpath&quot;,&quot;//android.widget.TextView[@text=&apos;Statistics&apos;]&quot;,&quot;7ae98af1-f0c4-48bb-82e0-609d7d4c050b&quot;]
[debug] &amp;#27;[35m[BaseDriver]&amp;#27;[39m Valid locator strategies for this request: xpath, id, class name, accessibility id, css selector, -android uiautomator
[debug] &amp;#27;[35m[BaseDriver]&amp;#27;[39m Waiting up to 0 ms for condition
[debug] &amp;#27;[35m[WD Proxy]&amp;#27;[39m Matched &apos;/element&apos; to command name &apos;findElement&apos;
[debug] &amp;#27;[35m[WD Proxy]&amp;#27;[39m Proxying [POST /element] to [POST http://127.0.0.1:8200/wd/hub/session/015791bc-716d-4afa-9c1f-c27f676dbeb8/element] with body: {&quot;strategy&quot;:&quot;xpath&quot;,&quot;selector&quot;:&quot;//android.widget.TextView[@text=&apos;Statistics&apos;]&quot;,&quot;context&quot;:&quot;&quot;,&quot;multiple&quot;:false}
[debug] &amp;#27;[35m[WD Proxy]&amp;#27;[39m Got response with status 200: {&quot;sessionId&quot;:&quot;015791bc-716d-4afa-9c1f-c27f676dbeb8&quot;,&quot;value&quot;:{&quot;ELEMENT&quot;:&quot;00000000-0000-1c07-ffff-ffff00000024&quot;,&quot;element-6066-11e4-a52e-4f735466cecf&quot;:&quot;00000000-0000-1c07-ffff-ffff00000024&quot;}}
09:56:41.304 [AsyncHttpClient-1-2] DEBUG org.asynchttpclient.netty.handler.HttpHandler - 

Request DefaultHttpRequest(decodeResult: success, version: HTTP/1.1)
POST /wd/hub/session/7ae98af1-f0c4-48bb-82e0-609d7d4c050b/element HTTP/1.1
User-Agent: selenium/4.5.0 (java windows)
Content-Length: 92
Content-Type: application/json; charset=utf-8
host: 0.0.0.0:4723
accept: */*

Response DefaultHttpResponse(decodeResult: success, version: HTTP/1.1)
HTTP/1.1 200 OK
X-Powered-By: Express
Vary: X-HTTP-Method-Override
Content-Type: application/json; charset=utf-8
ETag: W/&quot;89-C2yyJm8MrHt4+/3U+dteraTP9E4&quot;
Date: Fri, 02 Dec 2022 04:26:41 GMT
Connection: keep-alive
Keep-Alive: timeout=600
content-length: 137

[debug] &amp;#27;[35m[W3C (7ae98af09:56:41.304 [AsyncHttpClient-1-2] DEBUG org.asynchttpclient.netty.channel.ChannelManager - Adding key: http://0.0.0.0:4723 for channel [id: 0x007e0974, L:/127.0.0.1:56617 - R:/127.0.0.1:4723]
1)]&amp;#27;[39m Responding to client with driver.findElement() result: {&quot;element-6066-11e4-a52e-4f735466cecf&quot;:&quot;00000000-0000-1c07-ffff-ffff00000024&quot;,&quot;ELEMENT&quot;:&quot;00000000-0000-1c07-ffff-ffff00000024&quot;}
&amp;#27;[35m[HTTP]&amp;#27;[39m &amp;#27;[37m&lt;-- POST /wd/hub/session/7ae98af1-f0c4-48bb-82e0-609d7d4c0509:56:41.305 [Forwarding isElementDisplayed on session 7ae98af1-f0c4-48bb-82e0-609d7d4c050b to remote] DEBUG org.asynchttpclient.netty.request.NettyRequestSender - Using pooled Channel &apos;[id: 0x007e0974, L:/127.0.0.1:56617 - R:/127.0.0.1:4723]&apos; for &apos;GET&apos; to &apos;http://0.0.0.0:4723/wd/hub/session/7ae98af1-f0c4-48bb-82e0-609d7d4c050b/element/00000000-0000-1c07-ffff-ffff00000024/displayed&apos;
0b/element &amp;#27;[09:56:41.305 [Forwarding isElementDisplayed on session 7ae98af1-f0c4-48bb-82e0-609d7d4c050b to remote] DEBUG org.asynchttpclient.netty.request.NettyRequestSender - Using open Channel [id: 0x007e0974, L:/127.0.0.1:56617 - R:/127.0.0.1:4723] for GET &apos;/wd/hub/session/7ae98af1-f0c4-48bb-82e0-609d7d4c050b/element/00000000-0000-1c07-ffff-ffff00000024/displayed&apos;
39m&amp;#27;[32m200&amp;#27;[39m &amp;#27;[90m48 ms - 137&amp;#27;[39m
&amp;#27;[35m[HTTP]&amp;#27;[39m &amp;#27;[90m&amp;#27;[39m
&amp;#27;[35m[HTTP]&amp;#27;[39m &amp;#27;[37m--&gt;&amp;#27;[39m &amp;#27;[37mGET&amp;#27;[39m &amp;#27;[37m/wd/hub/session/7ae98af1-f0c4-48bb-82e0-609d7d4c050b/element/00000000-0000-1c07-ffff-ffff00000024/displayed&amp;#27;[39m
&amp;#27;[35m[HTTP]&amp;#27;[39m &amp;#27;[90m{}&amp;#27;[39m
[debug] &amp;#27;[35m[W3C (7ae98af1)]&amp;#27;[39m Calling AppiumDriver.elementDisplayed() with args: [&quot;00000000-0000-1c07-ffff-ffff00000024&quot;,&quot;7ae98af1-f0c4-48bb-82e0-609d7d4c050b&quot;]
[debug] &amp;#27;[35m[WD Proxy]&amp;#27;[39m Matched &apos;/element/00000000-0000-1c07-ffff-ffff00000024/attribute/displayed&apos; to command name &apos;getAttribute&apos;
[debug] &amp;#27;[35m[WD Proxy]&amp;#27;[39m Proxying [GET /element/00000000-0000-1c07-ffff-ffff00000024/attribute/displayed] to [GET http://127.0.0.1:8200/wd/hub/session/015791bc-716d-4afa-9c1f-c27f676dbeb8/element/00000000-0000-1c07-ffff-ffff00000024/attribute/displayed] with no body
[debug] &amp;#27;[35m[WD Proxy]&amp;#27;[39m Got response with status 200: {&quot;sessionId&quot;:&quot;015791bc-716d-4afa-9c1f-c27f676dbeb8&quot;,&quot;value&quot;:&quot;true&quot;}
[debug] &amp;#27;[35m[W3C (7ae98af1)]&amp;#27;[39m Responding to client with driver.elementDisplayed() result: true
09:56:41.316 [AsyncHttpClient-1-2] DEBUG org.asynchttpclient.netty.handler.HttpHandler - 

Request DefaultFullHttpRequest(decodeResult: success, version: HTTP/1.1, content: EmptyByteBufBE)
GET /wd/hub/session/7ae98af1-f0c4-48bb-82e0-609d7d4c050b/element/00000000-0000-1c07-ffff-ffff00000024/displayed HTTP/1.1
User-Agent: selenium/4.5.0 (java windows)
Cache-Control: no-cache
Content-Type: application/json; charset=utf-8
host: 0.0.0.0:4723
accept: */*

Response DefaultHttpResponse(decodeResult: success, version: HTTP/1.1)
HTTP/1.1 200 OK
X-Powered-By: Express
Content-Type: application/json; charset=utf-8
ETag: W/&quot;e-2ZHvAWebNQpyjGZTg6uyV8/spTo&quot;
Date: Fri, 02 Dec 2022 04:26:41 GMT
Connection: keep-alive
Keep-Alive: timeout=600
content-length: 14

09:56:41.316 [AsyncHttpClient-1-2] DEBUG org.asynchttpclient.netty.channel.ChannelManager - Adding key: http://0.0.0.0:4723 for channel [id: 0x007e0974, L:/127.0.0.1:56617 - R:/127.0.0.1:4723]
&amp;#27;[35m[HTTP]&amp;#27;[39m &amp;#27;[37m&lt;-- GET /wd/hub/session/7ae98af1-f0c4-48bb-82e0-609d7d4c050b/element/00000000-0000-1c07-ffff-ffff00000024/displayed &amp;#27;[39m&amp;#27;[32m200&amp;#27;[39m &amp;#27;[90m9 ms - 14&amp;#27;[39m
&amp;#27;[35m[HTTP]&amp;#27;[39m &amp;#27;[90m&amp;#27;[39m
09:56:41.318 [Forwarding findElement on session 7ae98af1-f0c4-48bb-82e0-609d7d4c050b to remote] DEBUG org.asynchttpclient.netty.request.NettyRequestSender - Using pooled Channel &apos;[id: 0x007e0974, L:/127.0.0.1:56617 - R:/127.0.0.1:4723]&apos; for &apos;POST&apos; to &apos;http://0.0.0.0:4723/wd/hub/session/7ae98af1-f0c4-48bb-82e0-609d7d4c050b/element&apos;
09:56:41.318 [Forwarding findElement on session 7ae98af1-f0c4-48bb-82e0-609d7d4c050b to remote] DEBUG org.asynchttpclient.netty.request.NettyRequestSender - Using open Channel [id: 0x007e0974, L:/127.0.0.1:56617 - R:/127.0.0.1:4723] for POST &apos;/wd/hub/session/7ae98af1-f0c4-48bb-82e0-609d7d4c050b/element&apos;
&amp;#27;[35m[HTTP]&amp;#27;[39m &amp;#27;[37m--&gt;&amp;#27;[39m &amp;#27;[37mPOST&amp;#27;[39m &amp;#27;[37m/wd/hub/session/7ae98af1-f0c4-48bb-82e0-609d7d4c050b/element&amp;#27;[39m
&amp;#27;[35m[HTTP]&amp;#27;[39m &amp;#27;[90m{&quot;using&quot;:&quot;id&quot;,&quot;value&quot;:&quot;com.example.android.testing.notes.mock:id/no_statistics_placeholder&quot;}&amp;#27;[39m
[debug] &amp;#27;[35m[W3C (7ae98af1)]&amp;#27;[39m Calling AppiumDriver.findElement() with args: [&quot;id&quot;,&quot;com.example.android.testing.notes.mock:id/no_statistics_placeholder&quot;,&quot;7ae98af1-f0c4-48bb-82e0-609d7d4c050b&quot;]
[debug] &amp;#27;[35m[BaseDriver]&amp;#27;[39m Valid locator strategies for this request: xpath, id, class name, accessibility id, css selector, -android uiautomator
[debug] &amp;#27;[35m[BaseDriver]&amp;#27;[39m Waiting up to 0 ms for condition
[debug] &amp;#27;[35m[WD Proxy]&amp;#27;[39m Matched &apos;/element&apos; to command name &apos;findElement&apos;
[debug] &amp;#27;[35m[WD Proxy]&amp;#27;[39m Proxying [POST /element] to [POST http://127.0.0.1:8200/wd/hub/session/015791bc-716d-4afa-9c1f-c27f676dbeb8/element] with body: {&quot;strategy&quot;:&quot;id&quot;,&quot;selector&quot;:&quot;com.example.android.testing.notes.mock:id/no_statistics_placeholder&quot;,&quot;context&quot;:&quot;&quot;,&quot;multiple&quot;:false}
[debug] &amp;#27;[35m[WD Proxy]&amp;#27;[39m Got response with status 200: {&quot;sessionId&quot;:&quot;015791bc-716d-4afa-9c1f-c27f676dbeb8&quot;,&quot;value&quot;:{&quot;ELEMENT&quot;:&quot;00000000-0000-1c07-ffff-ffff00000026&quot;,&quot;element-6066-11e4-a52e-4f735466cecf&quot;:&quot;00000000-0000-1c07-ffff-ffff00000026&quot;}}
[debug]09:56:41.338 [AsyncHttpClient-1-2] DEBUG org.asynchttpclient.netty.handler.HttpHandler - 

Request DefaultHttpRequest(decodeResult: success, version: HTTP/1.1)
POST /wd/hub/session/7ae98af1-f0c4-48bb-82e0-609d7d4c050b/element HTTP/1.1
User-Agent: selenium/4.5.0 (java windows)
Content-Length: 106
Content-Type: application/json; charset=utf-8
host: 0.0.0.0:4723
accept: */*

Response DefaultHttpResponse(decodeResult: success, version: HTTP/1.1)
HTTP/1.1 200 OK
X-Powered-By: Express
Vary: X-HTTP-Method-Override
Content-Type: application/json; charset=utf-8
ETag: W/&quot;89-0Kc3lF8+Ql01daSTdDobsfIsfnQ&quot;
Date: Fri, 02 Dec 2022 04:26:41 GMT
Connection: keep-alive
Keep-Alive: timeout=600
content-length: 137

 &amp;#27;[35m[W3C (7ae98af1)]&amp;#27;[39m Responding to clie09:56:41.338 [AsyncHttpClient-1-2] DEBUG org.asynchttpclient.netty.channel.ChannelManager - Adding key: http://0.0.0.0:4723 for channel [id: 0x007e0974, L:/127.0.0.1:56617 - R:/127.0.0.1:4723]
nt with driver.findElement() result: {&quot;element-6066-11e4-a52e-4f735466cecf&quot;:&quot;00000000-0000-1c07-ffff-ffff00000026&quot;,&quot;ELEMENT&quot;:&quot;00000000-0000-1c07-ffff-ffff00000026&quot;}
&amp;#27;[35m[HTTP]&amp;#27;[39m &amp;#27;[37m&lt;-- POST /wd09:56:41.338 [Forwarding isElementDisplayed on session 7ae98af1-f0c4-48bb-82e0-609d7d4c050b to remote] DEBUG org.asynchttpclient.netty.request.NettyRequestSender - Using pooled Channel &apos;[id: 0x007e0974, L:/127.0.0.1:56617 - R:/127.0.0.1:4723]&apos; for &apos;GET&apos; to &apos;http://0.0.0.0:4723/wd/hub/session/7ae98af1-f0c4-48bb-82e0-609d7d4c050b/element/00000000-0000-1c07-ffff-ffff00000026/displayed&apos;
/hub/s09:56:41.338 [Forwarding isElementDisplayed on session 7ae98af1-f0c4-48bb-82e0-609d7d4c050b to remote] DEBUG org.asynchttpclient.netty.request.NettyRequestSender - Using open Channel [id: 0x007e0974, L:/127.0.0.1:56617 - R:/127.0.0.1:4723] for GET &apos;/wd/hub/session/7ae98af1-f0c4-48bb-82e0-609d7d4c050b/element/00000000-0000-1c07-ffff-ffff00000026/displayed&apos;
ession/7ae98af1-f0c4-48bb-82e0-609d7d4c050b/element &amp;#27;[39m&amp;#27;[32m200&amp;#27;[39m &amp;#27;[90m19 ms - 137&amp;#27;[39m
&amp;#27;[35m[HTTP]&amp;#27;[39m &amp;#27;[90m&amp;#27;[39m
&amp;#27;[35m[HTTP]&amp;#27;[39m &amp;#27;[37m--&gt;&amp;#27;[39m &amp;#27;[37mGET&amp;#27;[39m &amp;#27;[37m/wd/hub/session/7ae98af1-f0c4-48bb-82e0-609d7d4c050b/element/00000000-0000-1c07-ffff-ffff00000026/displayed&amp;#27;[39m
&amp;#27;[35m[HTTP]&amp;#27;[39m &amp;#27;[90m{}&amp;#27;[39m
[debug] &amp;#27;[35m[W3C (7ae98af1)]&amp;#27;[39m Calling AppiumDriver.elementDisplayed() with args: [&quot;00000000-0000-1c07-ffff-ffff00000026&quot;,&quot;7ae98af1-f0c4-48bb-82e0-609d7d4c050b&quot;]
[debug] &amp;#27;[35m[WD Proxy]&amp;#27;[39m Matched &apos;/element/00000000-0000-1c07-ffff-ffff00000026/attribute/displayed&apos; to command name &apos;getAttribute&apos;
[debug] &amp;#27;[35m[WD Proxy]&amp;#27;[39m Proxying [GET /element/00000000-0000-1c07-ffff-ffff00000026/attribute/displayed] to [GET http://127.0.0.1:8200/wd/hub/session/015791bc-716d-4afa-9c1f-c27f676dbeb8/element/00000000-0000-1c07-ffff-ffff00000026/attribute/displayed] with no body
[debug] &amp;#27;[35m[WD Proxy]&amp;#27;[39m Got response with status 200: {&quot;sessionId&quot;:&quot;015791bc-716d-4afa-9c1f-c27f676dbeb8&quot;,&quot;value&quot;:&quot;true&quot;}
[debug] &amp;#27;[35m[W3C (7ae98af1)]&amp;#27;[39m Responding to client with driver.elementDisplayed() result: true
09:56:41.351 [AsyncHttpClient-1-2] DEBUG org.asynchttpclient.netty.handler.HttpHandler - 

Request DefaultFullHttpRequest(decodeResult: success, version: HTTP/1.1, content: EmptyByteBufBE)
GET /wd/hub/session/7ae98af1-f0c4-48bb-82e0-609d7d4c050b/element/00000000-0000-1c07-ffff-ffff00000026/displayed HTTP/1.1
User-Agent: selenium/4.5.0 (java windows)
Cache-Control: no-cache
Content-Type: application/json; charset=utf-8
host: 0.0.0.0:4723
accept: */*

Response DefaultHttpResponse(decodeResult: success, version: HTTP/1.1)
HTTP/1.1 200 OK
X-Powered-By: Express
Content-Type: application/json; charset=utf-8
ETag: W/&quot;e-2ZHvAWebNQpyjGZTg6uyV8/spTo&quot;
Date: Fri, 02 Dec 2022 04:26:41 GMT
Connection: keep-alive
Keep-Alive: timeout=600
content-length: 14

09:56:41.351 [AsyncHttpClient-1-2] DEBUG org.asynchttpclient.netty.channel.ChannelManager - Adding key: http://0.0.0.0:4723 for channel [id: 0x007e0974, L:/127.0.0.1:56617 - R:/127.0.0.1:4723]
&amp;#27;[35m[HTTP]&amp;#27;[39m &amp;#27;[37m&lt;-- GET /wd/hub/session/7ae98af1-f0c4-48bb-82e0-609d7d4c050b/element/00000000-0000-1c07-ffff-ffff00000026/displayed &amp;#27;[39m&amp;#27;[32m200&amp;#27;[39m &amp;#27;[90m10 ms - 14&amp;#27;[39m
&amp;#27;[35m[HTTP]&amp;#27;[39m &amp;#27;[90m&amp;#27;[39m
09:56:41.352 [Forwarding findElement on session 7ae98af1-f0c4-48bb-82e0-609d7d4c050b to remote] DEBUG org.asynchttpclient.netty.request.NettyRequestSender - Using pooled Channel &apos;[id: 0x007e0974, L:/127.0.0.1:56617 - R:/127.0.0.1:4723]&apos; for &apos;POST&apos; to &apos;http://0.0.0.0:4723/wd/hub/session/7ae98af1-f0c4-48bb-82e0-609d7d4c050b/element&apos;
09:56:41.352 [Forwarding findElement on session 7ae98af1-f0c4-48bb-82e0-609d7d4c050b to remote] DEBUG org.asynchttpclient.netty.request.NettyRequestSender - Using open Channel [id: 0x007e0974, L:/127.0.0.1:56617 - R:/127.0.0.1:4723] for POST &apos;/wd/hub/session/7ae98af1-f0c4-48bb-82e0-609d7d4c050b/element&apos;
&amp;#27;[35m[HTTP]&amp;#27;[39m &amp;#27;[37m--&gt;&amp;#27;[39m &amp;#27;[37mPOST&amp;#27;[39m &amp;#27;[37m/wd/hub/session/7ae98af1-f0c4-48bb-82e0-609d7d4c050b/element&amp;#27;[39m
&amp;#27;[35m[HTTP]&amp;#27;[39m &amp;#27;[90m{&quot;using&quot;:&quot;id&quot;,&quot;value&quot;:&quot;com.example.android.testing.notes.mock:id/no_statistics_placeholder&quot;}&amp;#27;[39m
[debug] &amp;#27;[35m[W3C (7ae98af1)]&amp;#27;[39m Calling AppiumDriver.findElement() with args: [&quot;id&quot;,&quot;com.example.android.testing.notes.mock:id/no_statistics_placeholder&quot;,&quot;7ae98af1-f0c4-48bb-82e0-609d7d4c050b&quot;]
[debug] &amp;#27;[35m[BaseDriver]&amp;#27;[39m Valid locator strategies for this request: xpath, id, class name, accessibility id, css selector, -android uiautomator
[debug] &amp;#27;[35m[BaseDriver]&amp;#27;[39m Waiting up to 0 ms for condition
[debug] &amp;#27;[35m[WD Proxy]&amp;#27;[39m Matched &apos;/element&apos; to command name &apos;findElement&apos;
[debug] &amp;#27;[35m[WD Proxy]&amp;#27;[39m Proxying [POST /element] to [POST http://127.0.0.1:8200/wd/hub/session/015791bc-716d-4afa-9c1f-c27f676dbeb8/element] with body: {&quot;strategy&quot;:&quot;id&quot;,&quot;selector&quot;:&quot;com.example.android.testing.notes.mock:id/no_statistics_placeholder&quot;,&quot;context&quot;:&quot;&quot;,&quot;multiple&quot;:false}
[debug] &amp;#27;[35m[WD Proxy]&amp;#27;[39m Got response with status 200: {&quot;sessionId&quot;:&quot;015791bc-716d-4afa-9c1f-c27f676dbeb8&quot;,&quot;value&quot;:{&quot;ELEMENT&quot;:&quot;00000000-0000-1c07-ffff-ffff00000026&quot;,&quot;element-6066-11e4-a52e-4f735466cecf&quot;:&quot;00000000-0000-1c07-09:56:41.371 [AsyncHttpClient-1-2] DEBUG org.asynchttpclient.netty.handler.HttpHandler - 

Request DefaultHttpRequest(decodeResult: success, version: HTTP/1.1)
POST /wd/hub/session/7ae98af1-f0c4-48bb-82e0-609d7d4c050b/element HTTP/1.1
User-Agent: selenium/4.5.0 (java windows)
Content-Length: 106
Content-Type: application/json; charset=utf-8
host: 0.0.0.0:4723
accept: */*

Response DefaultHttpResponse(decodeResult: success, version: HTTP/1.1)
HTTP/1.1 200 OK
X-Powered-By: Express
Vary: X-HTTP-Method-Override
Content-Type: application/json; charset=utf-8
ETag: W/&quot;89-0Kc3lF8+Ql01daSTdDobsfIsfnQ&quot;
Date: Fri, 02 Dec 2022 04:26:41 GMT
Connection: keep-alive
Keep-Alive: timeout=600
content-length: 137

ffff-ffff00000026&quot;}}
[debug] 09:56:41.372 [AsyncHttpClient-1-2] DEBUG org.asynchttpclient.netty.channel.ChannelManager - Adding key: http://0.0.0.0:4723 for channel [id: 0x007e0974, L:/127.0.0.1:56617 - R:/127.0.0.1:4723]
&amp;#27;[35m[W3C (7ae98af1)]&amp;#27;[39m Responding to client with driver.findElement() result: {&quot;element-6066-11e4-a52e-4f735466cecf&quot;:&quot;00000000-0000-1c07-ffff-ffff00000026&quot;,&quot;ELEMENT&quot;:&quot;00000000-0000-1c07-ffff-ffff00000026&quot;}
&amp;#27;[09:56:41.372 [Forwarding isElementDisplayed on session 7ae98af1-f0c4-48bb-82e0-609d7d4c050b to remote] DEBUG org.asynchttpclient.netty.request.NettyRequestSender - Using pooled Channel &apos;[id: 0x007e0974, L:/127.0.0.1:56617 - R:/127.0.0.1:4723]&apos; for &apos;GET&apos; to &apos;http://0.0.0.0:4723/wd/hub/session/7ae98af1-f0c4-48bb-82e0-609d7d4c050b/element/00000000-0000-1c07-ffff-ffff00000026/displayed&apos;
35m[HTTP]09:56:41.372 [Forwarding isElementDisplayed on session 7ae98af1-f0c4-48bb-82e0-609d7d4c050b to remote] DEBUG org.asynchttpclient.netty.request.NettyRequestSender - Using open Channel [id: 0x007e0974, L:/127.0.0.1:56617 - R:/127.0.0.1:4723] for GET &apos;/wd/hub/session/7ae98af1-f0c4-48bb-82e0-609d7d4c050b/element/00000000-0000-1c07-ffff-ffff00000026/displayed&apos;
&amp;#27;[39m &amp;#27;[37m&lt;-- POST /wd/hub/session/7ae98af1-f0c4-48bb-82e0-609d7d4c050b/element &amp;#27;[39m&amp;#27;[32m200&amp;#27;[39m &amp;#27;[90m18 ms - 137&amp;#27;[39m
&amp;#27;[35m[HTTP]&amp;#27;[39m &amp;#27;[90m&amp;#27;[39m
&amp;#27;[35m[HTTP]&amp;#27;[39m &amp;#27;[37m--&gt;&amp;#27;[39m &amp;#27;[37mGET&amp;#27;[39m &amp;#27;[37m/wd/hub/session/7ae98af1-f0c4-48bb-82e0-609d7d4c050b/element/00000000-0000-1c07-ffff-ffff00000026/displayed&amp;#27;[39m
&amp;#27;[35m[HTTP]&amp;#27;[39m &amp;#27;[90m{}&amp;#27;[39m
[debug] &amp;#27;[35m[W3C (7ae98af1)]&amp;#27;[39m Calling AppiumDriver.elementDisplayed() with args: [&quot;00000000-0000-1c07-ffff-ffff00000026&quot;,&quot;7ae98af1-f0c4-48bb-82e0-609d7d4c050b&quot;]
[debug] &amp;#27;[35m[WD Proxy]&amp;#27;[39m Matched &apos;/element/00000000-0000-1c07-ffff-ffff00000026/attribute/displayed&apos; to command name &apos;getAttribute&apos;
[debug] &amp;#27;[35m[WD Proxy]&amp;#27;[39m Proxying [GET /element/00000000-0000-1c07-ffff-ffff00000026/attribute/displayed] to [GET http://127.0.0.1:8200/wd/hub/session/015791bc-716d-4afa-9c1f-c27f676dbeb8/element/00000000-0000-1c07-ffff-ffff00000026/attribute/displayed] with no body
[debug] &amp;#27;[35m[WD Proxy]&amp;#27;[39m Got response with status 200: {&quot;sessionId&quot;:&quot;015791bc-716d-4afa-9c1f-c27f676dbeb8&quot;,&quot;value&quot;:&quot;true&quot;}
[debug] &amp;#27;[35m[W3C (7ae98af1)]&amp;#27;[39m Responding to client with driver.elementDisplayed() result: true
09:56:41.383 [AsyncHttpClient-1-2] DEBUG org.asynchttpclient.netty.handler.HttpHandler - 

Request DefaultFullHttpRequest(decodeResult: success, version: HTTP/1.1, content: EmptyByteBufBE)
GET /wd/hub/session/7ae98af1-f0c4-48bb-82e0-609d7d4c050b/element/00000000-0000-1c07-ffff-ffff00000026/displayed HTTP/1.1
User-Agent: selenium/4.5.0 (java windows)
Cache-Control: no-cache
Content-Type: application/json; charset=utf-8
host: 0.0.0.0:4723
accept: */*

Response DefaultHttpResponse(decodeResult: success, version: HTTP/1.1)
HTTP/1.1 200 OK
X-Powered-By: Express
Content-Type: application/json; charset=utf-8
ETag: W/&quot;e-2ZHvAWebNQpyjGZTg6uyV8/spTo&quot;
Date: Fri, 02 Dec 2022 04:26:41 GMT
Connection: keep-alive
Keep-Alive: timeout=600
content-length: 14

09:56:41.384 [AsyncHttpClient-1-2] DEBUG org.asynchttpclient.netty.channel.ChannelManager - Adding key: http://0.0.0.0:4723 for channel [id: 0x007e0974, L:/127.0.0.1:56617 - R:/127.0.0.1:4723]
&amp;#27;[35m[HTTP]&amp;#27;[39m &amp;#27;[37m&lt;-- GET /wd/hub/session/7ae98af1-f0c4-48bb-82e0-609d7d4c050b/element/00000000-0000-1c07-ffff-ffff00000026/displayed &amp;#27;[39m&amp;#27;[32m200&amp;#27;[39m &amp;#27;[90m10 ms - 14&amp;#27;[39m
&amp;#27;[35m[HTTP]&amp;#27;[39m &amp;#27;[90m&amp;#27;[39m
09:56:41.384 [Forwarding findElement on session 7ae98af1-f0c4-48bb-82e0-609d7d4c050b to remote] DEBUG org.asynchttpclient.netty.request.NettyRequestSender - Using pooled Channel &apos;[id: 0x007e0974, L:/127.0.0.1:56617 - R:/127.0.0.1:4723]&apos; for &apos;POST&apos; to &apos;http://0.0.0.0:4723/wd/hub/session/7ae98af1-f0c4-48bb-82e0-609d7d4c050b/element&apos;
09:56:41.384 [Forwarding findElement on session 7ae98af1-f0c4-48bb-82e0-609d7d4c050b to remote] DEBUG org.asynchttpclient.netty.request.NettyRequestSender - Using open Channel [id: 0x007e0974, L:/127.0.0.1:56617 - R:/127.0.0.1:4723] for POST &apos;/wd/hub/session/7ae98af1-f0c4-48bb-82e0-609d7d4c050b/element&apos;
&amp;#27;[35m[HTTP]&amp;#27;[39m &amp;#27;[37m--&gt;&amp;#27;[39m &amp;#27;[37mPOST&amp;#27;[39m &amp;#27;[37m/wd/hub/session/7ae98af1-f0c4-48bb-82e0-609d7d4c050b/element&amp;#27;[39m
&amp;#27;[35m[HTTP]&amp;#27;[39m &amp;#27;[90m{&quot;using&quot;:&quot;id&quot;,&quot;value&quot;:&quot;com.example.android.testing.notes.mock:id/no_statistics&quot;}&amp;#27;[39m
[debug] &amp;#27;[35m[W3C (7ae98af1)]&amp;#27;[39m Calling AppiumDriver.findElement() with args: [&quot;id&quot;,&quot;com.example.android.testing.notes.mock:id/no_statistics&quot;,&quot;7ae98af1-f0c4-48bb-82e0-609d7d4c050b&quot;]
[debug] &amp;#27;[35m[BaseDriver]&amp;#27;[39m Valid locator strategies for this request: xpath, id, class name, accessibility id, css selector, -android uiautomator
[debug] &amp;#27;[35m[BaseDriver]&amp;#27;[39m Waiting up to 0 ms for condition
[debug] &amp;#27;[35m[WD Proxy]&amp;#27;[39m Matched &apos;/element&apos; to command name &apos;findElement&apos;
[debug] &amp;#27;[35m[WD Proxy]&amp;#27;[39m Proxying [POST /element] to [POST http://127.0.0.1:8200/wd/hub/session/015791bc-716d-4afa-9c1f-c27f676dbeb8/element] with body: {&quot;strategy&quot;:&quot;id&quot;,&quot;selector&quot;:&quot;com.example.android.testing.notes.mock:id/no_statistics&quot;,&quot;context&quot;:&quot;&quot;,&quot;multiple&quot;:false}
[debug] &amp;#27;[35m[WD Proxy]&amp;#27;[39m Got response with status 200: {&quot;sessionId&quot;:&quot;015791bc-716d-4afa-9c1f-c27f676dbeb8&quot;,&quot;value&quot;:{&quot;ELEMENT&quot;:&quot;00000000-0000-1c07-ffff-ffff00000027&quot;,&quot;element09:56:41.409 [AsyncHttpClient-1-2] DEBUG org.asynchttpclient.netty.handler.HttpHandler - 

Request DefaultHttpRequest(decodeResult: success, version: HTTP/1.1)
POST /wd/hub/session/7ae98af1-f0c4-48bb-82e0-609d7d4c050b/element HTTP/1.1
User-Agent: selenium/4.5.0 (java windows)
Content-Length: 94
Content-Type: application/json; charset=utf-8
host: 0.0.0.0:4723
accept: */*

Response DefaultHttpResponse(decodeResult: success, version: HTTP/1.1)
HTTP/1.1 200 OK
X-Powered-By: Express
Vary: X-HTTP-Method-Override
Content-Type: application/json; charset=utf-8
ETag: W/&quot;89-PpPquzpLTNOLK/QVnfXjGS+ZEpE&quot;
Date: Fri, 02 Dec 2022 04:26:41 GMT
Connection: keep-alive
Keep-Alive: timeout=600
content-length: 137

-6066-11e4-a52e-4f735466cecf&quot;:&quot;00000000-0000-1c07-ffff-ffff00000027&quot;}}
09:56:41.409 [AsyncHttpClient-1-2] DEBUG org.asynchttpclient.netty.channel.ChannelManager - Adding key: http://0.0.0.0:4723 for channel [id: 0x007e0974, L:/127.0.0.1:56617 - R:/127.0.0.1:4723]
[debug] &amp;#27;[35m[W3C (7ae98af1)]&amp;#27;[39m Responding to client with driver.findElement() result: {&quot;element-6066-11e4-a52e-4f735466cecf&quot;:&quot;00000000-0000-1c07-ffff-ffff00000027&quot;,&quot;ELEMENT&quot;:&quot;00000000-0000-1c07-ffff-ffff00000027&quot;}
&amp;#27;[35m[HTTP]&amp;#27;[39m &amp;#27;[37m&lt;-- POST /wd/hub/session/7ae98af1-f0c4-48bb-82e0-609d7d4c050b/element &amp;#27;[39m&amp;#27;[32m200&amp;#27;[39m &amp;#27;[90m22 ms - 137&amp;#27;[39m
&amp;#27;[35m[HTTP]&amp;#27;[39m &amp;#27;[90m&amp;#27;[39m
09:56:41.410 [Forwarding isElementDisplayed on session 7ae98af1-f0c4-48bb-82e0-609d7d4c050b to remote] DEBUG org.asynchttpclient.netty.request.NettyRequestSender - Using pooled Channel &apos;[id: 0x007e0974, L:/127.0.0.1:56617 - R:/127.0.0.1:4723]&apos; for &apos;GET&apos; to &apos;http://0.0.0.0:4723/wd/hub/session/7ae98af1-f0c4-48bb-82e0-609d7d4c050b/element/00000000-0000-1c07-ffff-ffff00000027/displayed&apos;
09:56:41.410 [Forwarding isElementDisplayed on session 7ae98af1-f0c4-48bb-82e0-609d7d4c050b to remote] DEBUG org.asynchttpclient.netty.request.NettyRequestSender - Using open Channel [id: 0x007e0974, L:/127.0.0.1:56617 - R:/127.0.0.1:4723] for GET &apos;/wd/hub/session/7ae98af1-f0c4-48bb-82e0-609d7d4c050b/element/00000000-0000-1c07-ffff-ffff00000027/displayed&apos;
&amp;#27;[35m[HTTP]&amp;#27;[39m &amp;#27;[37m--&gt;&amp;#27;[39m &amp;#27;[37mGET&amp;#27;[39m &amp;#27;[37m/wd/hub/session/7ae98af1-f0c4-48bb-82e0-609d7d4c050b/element/00000000-0000-1c07-ffff-ffff00000027/displayed&amp;#27;[39m
&amp;#27;[35m[HTTP]&amp;#27;[39m &amp;#27;[90m{}&amp;#27;[39m
[debug] &amp;#27;[35m[W3C (7ae98af1)]&amp;#27;[39m Calling AppiumDriver.elementDisplayed() with args: [&quot;00000000-0000-1c07-ffff-ffff00000027&quot;,&quot;7ae98af1-f0c4-48bb-82e0-609d7d4c050b&quot;]
[debug] &amp;#27;[35m[WD Proxy]&amp;#27;[39m Matched &apos;/element/00000000-0000-1c07-ffff-ffff00000027/attribute/displayed&apos; to command name &apos;getAttribute&apos;
[debug] &amp;#27;[35m[WD Proxy]&amp;#27;[39m Proxying [GET /element/00000000-0000-1c07-ffff-ffff00000027/attribute/displayed] to [GET http://127.0.0.1:8200/wd/hub/session/015791bc-716d-4afa-9c1f-c27f676dbeb8/element/00000000-0000-1c07-ffff-ffff00000027/attribute/displayed] with no body
[debug] &amp;#27;[35m[WD Proxy]&amp;#27;[39m Got response with status 200: {&quot;sessionId&quot;:&quot;015791bc-716d-4afa-9c1f-c27f676dbeb8&quot;,&quot;value&quot;:&quot;true&quot;}
[debug] &amp;#27;[35m[W3C (7ae98af1)]&amp;#27;[39m Responding to client with driver.elementDisplayed() result: true
09:56:41.422 [AsyncHttpClient-1-2] DEBUG org.asynchttpclient.netty.handler.HttpHandler - 

Request DefaultFullHttpRequest(decodeResult: success, version: HTTP/1.1, content: EmptyByteBufBE)
GET /wd/hub/session/7ae98af1-f0c4-48bb-82e0-609d7d4c050b/element/00000000-0000-1c07-ffff-ffff00000027/displayed HTTP/1.1
User-Agent: selenium/4.5.0 (java windows)
Cache-Control: no-cache
Content-Type: application/json; charset=utf-8
host: 0.0.0.0:4723
accept: */*

Response DefaultHttpResponse(decodeResult: success, version: HTTP/1.1)
HTTP/1.1 200 OK
X-Powered-By: Express
Content-Type: application/json; charset=utf-8
ETag: W/&quot;e-2ZHvAWebNQpyjGZTg6uyV8/spTo&quot;
Date: Fri, 02 Dec 2022 04:26:41 GMT
Connection: keep-alive
Keep-Alive: timeout=600
content-length: 14

&amp;#27;[35m[HTTP]&amp;#27;[39m &amp;#27;[37m&lt;-- GET /wd/hub/session/7ae98af1-f0c4-48bb-82e0-609:56:41.424 [AsyncHttpClient-1-2] DEBUG org.asynchttpclient.netty.channel.ChannelManager - Adding key: http://0.0.0.0:4723 for channel [id: 0x007e0974, L:/127.0.0.1:56617 - R:/127.0.0.1:4723]
09d7d4c050b/element/00000000-0000-1c07-ffff-ffff00000027/displayed &amp;#27;[39m&amp;#27;[32m200&amp;#27;[39m &amp;#27;[90m12 ms - 14&amp;#27;[39m
&amp;#27;[35m[HTTP]&amp;#27;[39m &amp;#27;[90m&amp;#27;[39m
09:56:41.425 [Forwarding findElement on session 7ae98af1-f0c4-48bb-82e0-609d7d4c050b to remote] DEBUG org.asynchttpclient.netty.request.NettyRequestSender - Using pooled Channel &apos;[id: 0x007e0974, L:/127.0.0.1:56617 - R:/127.0.0.1:4723]&apos; for &apos;POST&apos; to &apos;http://0.0.0.0:4723/wd/hub/session/7ae98af1-f0c4-48bb-82e0-609d7d4c050b/element&apos;
09:56:41.425 [Forwarding findElement on session 7ae98af1-f0c4-48bb-82e0-609d7d4c050b to remote] DEBUG org.asynchttpclient.netty.request.NettyRequestSender - Using open Channel [id: 0x007e0974, L:/127.0.0.1:56617 - R:/127.0.0.1:4723] for POST &apos;/wd/hub/session/7ae98af1-f0c4-48bb-82e0-609d7d4c050b/element&apos;
&amp;#27;[35m[HTTP]&amp;#27;[39m &amp;#27;[37m--&gt;&amp;#27;[39m &amp;#27;[37mPOST&amp;#27;[39m &amp;#27;[37m/wd/hub/session/7ae98af1-f0c4-48bb-82e0-609d7d4c050b/element&amp;#27;[39m
&amp;#27;[35m[HTTP]&amp;#27;[39m &amp;#27;[90m{&quot;using&quot;:&quot;id&quot;,&quot;value&quot;:&quot;com.example.android.testing.notes.mock:id/no_statistics&quot;}&amp;#27;[39m
[debug] &amp;#27;[35m[W3C (7ae98af1)]&amp;#27;[39m Calling AppiumDriver.findElement() with args: [&quot;id&quot;,&quot;com.example.android.testing.notes.mock:id/no_statistics&quot;,&quot;7ae98af1-f0c4-48bb-82e0-609d7d4c050b&quot;]
[debug] &amp;#27;[35m[BaseDriver]&amp;#27;[39m Valid locator strategies for this request: xpath, id, class name, accessibility id, css selector, -android uiautomator
[debug] &amp;#27;[35m[BaseDriver]&amp;#27;[39m Waiting up to 0 ms for condition
[debug] &amp;#27;[35m[WD Proxy]&amp;#27;[39m Matched &apos;/element&apos; to command name &apos;findElement&apos;
[debug] &amp;#27;[35m[WD Proxy]&amp;#27;[39m Proxying [POST /element] to [POST http://127.0.0.1:8200/wd/hub/session/015791bc-716d-4afa-9c1f-c27f676dbeb8/element] with body: {&quot;strategy&quot;:&quot;id&quot;,&quot;selector&quot;:&quot;com.example.android.testing.notes.mock:id/no_statistics&quot;,&quot;context&quot;:&quot;&quot;,&quot;multiple&quot;:false}
[debug] &amp;#27;[35m[WD Proxy]&amp;#27;[39m Got response with status 200: {&quot;sessionId&quot;:&quot;015791bc-716d-4afa-9c1f-c27f676dbeb8&quot;,&quot;value&quot;:{&quot;ELEMENT&quot;:&quot;00000000-0000-1c07-ffff-ffff00000027&quot;,&quot;element-6066-11e4-a52e-4f735466cecf&quot;:&quot;00000000-0000-1c07-ffff-ffff00000027&quot;}}
[debug] &amp;#27;[35m[W3C (7ae98af1)]&amp;#27;[39m Responding to client with driver.findElement() result: {&quot;element-6066-11e4-a52e-4f735466cecf&quot;:&quot;00000000-0000-1c07-ffff-f09:56:41.449 [AsyncHttpClient-1-2] DEBUG org.asynchttpclient.netty.handler.HttpHandler - 

Request DefaultHttpRequest(decodeResult: success, version: HTTP/1.1)
POST /wd/hub/session/7ae98af1-f0c4-48bb-82e0-609d7d4c050b/element HTTP/1.1
User-Agent: selenium/4.5.0 (java windows)
Content-Length: 94
Content-Type: application/json; charset=utf-8
host: 0.0.0.0:4723
accept: */*

Response DefaultHttpResponse(decodeResult: success, version: HTTP/1.1)
HTTP/1.1 200 OK
X-Powered-By: Express
Vary: X-HTTP-Method-Override
Content-Type: application/json; charset=utf-8
ETag: W/&quot;89-PpPquzpLTNOLK/QVnfXjGS+ZEpE&quot;
Date: Fri, 02 Dec 2022 04:26:41 GMT
Connection: keep-alive
Keep-Alive: timeout=600
content-length: 137

fff00000027&quot;,&quot;ELEMENT&quot;:&quot;00000000-0000-1c07-ffff-ffff00000027&quot;}
09:56:41.450 [AsyncHttpClient-1-2] DEBUG org.asynchttpclient.netty.channel.ChannelManager - Adding key: http://0.0.0.0:4723 for channel [id: 0x007e0974, L:/127.0.0.1:56617 - R:/127.0.0.1:4723]
&amp;#27;[35m[HTTP]&amp;#27;[39m &amp;#27;[37m&lt;-- POST /wd/hub/session/7ae98af1-f0c4-48bb-82e0-609d7d4c050b/element &amp;#27;[39m&amp;#27;[32m200&amp;#27;[39m &amp;#27;[90m24 ms - 137&amp;#27;[39m
&amp;#27;[35m[HTTP]&amp;#27;[39m &amp;#27;[90m&amp;#27;[39m
09:56:41.452 [Forwarding isElementDisplayed on session 7ae98af1-f0c4-48bb-82e0-609d7d4c050b to remote] DEBUG org.asynchttpclient.netty.request.NettyRequestSender - Using pooled Channel &apos;[id: 0x007e0974, L:/127.0.0.1:56617 - R:/127.0.0.1:4723]&apos; for &apos;GET&apos; to &apos;http://0.0.0.0:4723/wd/hub/session/7ae98af1-f0c4-48bb-82e0-609d7d4c050b/element/00000000-0000-1c07-ffff-ffff00000027/displayed&apos;
09:56:41.452 [Forwarding isElementDisplayed on session 7ae98af1-f0c4-48bb-82e0-609d7d4c050b to remote] DEBUG org.asynchttpclient.netty.request.NettyRequestSender - Using open Channel [id: 0x007e0974, L:/127.0.0.1:56617 - R:/127.0.0.1:4723] for GET &apos;/wd/hub/session/7ae98af1-f0c4-48bb-82e0-609d7d4c050b/element/00000000-0000-1c07-ffff-ffff00000027/displayed&apos;
&amp;#27;[35m[HTTP]&amp;#27;[39m &amp;#27;[37m--&gt;&amp;#27;[39m &amp;#27;[37mGET&amp;#27;[39m &amp;#27;[37m/wd/hub/session/7ae98af1-f0c4-48bb-82e0-609d7d4c050b/element/00000000-0000-1c07-ffff-ffff00000027/displayed&amp;#27;[39m
&amp;#27;[35m[HTTP]&amp;#27;[39m &amp;#27;[90m{}&amp;#27;[39m
[debug] &amp;#27;[35m[W3C (7ae98af1)]&amp;#27;[39m Calling AppiumDriver.elementDisplayed() with args: [&quot;00000000-0000-1c07-ffff-ffff00000027&quot;,&quot;7ae98af1-f0c4-48bb-82e0-609d7d4c050b&quot;]
[debug] &amp;#27;[35m[WD Proxy]&amp;#27;[39m Matched &apos;/element/00000000-0000-1c07-ffff-ffff00000027/attribute/displayed&apos; to command name &apos;getAttribute&apos;
[debug] &amp;#27;[35m[WD Proxy]&amp;#27;[39m Proxying [GET /element/00000000-0000-1c07-ffff-ffff00000027/attribute/displayed] to [GET http://127.0.0.1:8200/wd/hub/session/015791bc-716d-4afa-9c1f-c27f676dbeb8/element/00000000-0000-1c07-ffff-ffff00000027/attribute/displayed] with no body
[debug] &amp;#27;[35m[WD Proxy]&amp;#27;[39m Got response with status 200: {&quot;sessionId&quot;:&quot;015791bc-716d-4afa-9c1f-c27f676dbeb8&quot;,&quot;value&quot;:&quot;true&quot;}
[debug] &amp;#27;[35m[W3C (7ae98af1)]&amp;#27;[39m Responding to client with driver.elementDisplayed() result: true
09:56:41.466 [AsyncHttpClient-1-2] DEBUG org.asynchttpclient.netty.handler.HttpHandler - 

Request DefaultFullHttpRequest(decodeResult: success, version: HTTP/1.1, content: EmptyByteBufBE)
GET /wd/hub/session/7ae98af1-f0c4-48bb-82e0-609d7d4c050b/element/00000000-0000-1c07-ffff-ffff00000027/displayed HTTP/1.1
User-Agent: selenium/4.5.0 (java windows)
Cache-Control: no-cache
Content-Type: application/json; charset=utf-8
host: 0.0.0.0:4723
accept: */*

Response DefaultHttpResponse(decodeResult: success, version: HTTP/1.1)
HTTP/1.1 200 OK
X-Powered-By: Express
Content-Type: application/json; charset=utf-8
ETag: W/&quot;e-2ZHvAWebNQpyjGZTg6uyV8/spTo&quot;
Date: Fri, 02 Dec 2022 04:26:41 GMT
Connection: keep-alive
Keep-Alive: timeout=600
content-length: 14

09:56:41.466 [AsyncHttpClient-1-2] DEBUG org.asynchttpclient.netty.channel.ChannelManager - Adding key: http://0.0.0.0:4723 for channel [id: 0x007e0974, L:/127.0.0.1:56617 - R:/127.0.0.1:4723]
&amp;#27;[35m[HTTP]&amp;#27;[39m &amp;#27;[37m&lt;-- GET /wd/hub/session/7ae98af1-f0c4-48bb-82e0-609d7d4c050b/element/00000000-0000-1c07-ffff-ffff00000027/displayed &amp;#27;[39m&amp;#27;[32m200&amp;#27;[39m &amp;#27;[90m13 ms - 14&amp;#27;[39m
&amp;#27;[35m[HTTP]&amp;#27;[39m &amp;#27;[90m&amp;#27;[39m
  &amp;#27;[32mThen &amp;#27;[0m&amp;#27;[32mVerify Statistics screen fields are present&amp;#27;[0m            &amp;#27;[90m# com.example.cocusmobiletest.stepdefinitions.UIStepdefs.Verify_Statistics_screen_fields_are_present()&amp;#27;[0m
09:56:41.469 [Forwarding findElement on session 7ae98af1-f0c4-48bb-82e0-609d7d4c050b to remote] DEBUG org.asynchttpclient.netty.request.NettyRequestSender - Using pooled Channel &apos;[id: 0x007e0974, L:/127.0.0.1:56617 - R:/127.0.0.1:4723]&apos; for &apos;POST&apos; to &apos;http://0.0.0.0:4723/wd/hub/session/7ae98af1-f0c4-48bb-82e0-609d7d4c050b/element&apos;
09:56:41.469 [Forwarding findElement on session 7ae98af1-f0c4-48bb-82e0-609d7d4c050b to remote] DEBUG org.asynchttpclient.netty.request.NettyRequestSender - Using open Channel [id: 0x007e0974, L:/127.0.0.1:56617 - R:/127.0.0.1:4723] for POST &apos;/wd/hub/session/7ae98af1-f0c4-48bb-82e0-609d7d4c050b/element&apos;
&amp;#27;[35m[HTTP]&amp;#27;[39m &amp;#27;[37m--&gt;&amp;#27;[39m &amp;#27;[37mPOST&amp;#27;[39m &amp;#27;[37m/wd/hub/session/7ae98af1-f0c4-48bb-82e0-609d7d4c050b/element&amp;#27;[39m
&amp;#27;[35m[HTTP]&amp;#27;[39m &amp;#27;[90m{&quot;using&quot;:&quot;id&quot;,&quot;value&quot;:&quot;com.example.android.testing.notes.mock:id/no_statistics&quot;}&amp;#27;[39m
[debug] &amp;#27;[35m[W3C (7ae98af1)]&amp;#27;[39m Calling AppiumDriver.findElement() with args: [&quot;id&quot;,&quot;com.example.android.testing.notes.mock:id/no_statistics&quot;,&quot;7ae98af1-f0c4-48bb-82e0-609d7d4c050b&quot;]
[debug] &amp;#27;[35m[BaseDriver]&amp;#27;[39m Valid locator strategies for this request: xpath, id, class name, accessibility id, css selector, -android uiautomator
[debug] &amp;#27;[35m[BaseDriver]&amp;#27;[39m Waiting up to 0 ms for condition
[debug] &amp;#27;[35m[WD Proxy]&amp;#27;[39m Matched &apos;/element&apos; to command name &apos;findElement&apos;
[debug] &amp;#27;[35m[WD Proxy]&amp;#27;[39m Proxying [POST /element] to [POST http://127.0.0.1:8200/wd/hub/session/015791bc-716d-4afa-9c1f-c27f676dbeb8/element] with body: {&quot;strategy&quot;:&quot;id&quot;,&quot;selector&quot;:&quot;com.example.android.testing.notes.mock:id/no_statistics&quot;,&quot;context&quot;:&quot;&quot;,&quot;multiple&quot;:false}
[debug] &amp;#27;[35m[WD Proxy]&amp;#27;[39m Got response with status 200: {&quot;sessionId&quot;:&quot;015791bc-716d-4afa-9c1f-c27f676dbeb8&quot;,&quot;value&quot;:{&quot;ELEMENT&quot;:&quot;00000000-0000-1c07-ffff-ffff00000027&quot;,&quot;element-6066-11e4-a52e-4f735466cecf&quot;:&quot;00000000-0000-1c07-ffff-ffff00000027&quot;}}
[debug] &amp;#27;[35m[W3C (7ae98af1)]&amp;#27;[39m Responding to client with driver.findElement() 09:56:41.495 [AsyncHttpClient-1-2] DEBUG org.asynchttpclient.netty.handler.HttpHandler - 

Request DefaultHttpRequest(decodeResult: success, version: HTTP/1.1)
POST /wd/hub/session/7ae98af1-f0c4-48bb-82e0-609d7d4c050b/element HTTP/1.1
User-Agent: selenium/4.5.0 (java windows)
Content-Length: 94
Content-Type: application/json; charset=utf-8
host: 0.0.0.0:4723
accept: */*

Response DefaultHttpResponse(decodeResult: success, version: HTTP/1.1)
HTTP/1.1 200 OK
X-Powered-By: Express
Vary: X-HTTP-Method-Override
Content-Type: application/json; charset=utf-8
ETag: W/&quot;89-PpPquzpLTNOLK/QVnfXjGS+ZEpE&quot;
Date: Fri, 02 Dec 2022 04:26:41 GMT
Connection: keep-alive
Keep-Alive: timeout=600
content-length: 137

result: {&quot;element-6066-11e4-a52e-4f735466cecf&quot;:&quot;00000000-0000-1c0709:56:41.495 [AsyncHttpClient-1-2] DEBUG org.asynchttpclient.netty.channel.ChannelManager - Adding key: http://0.0.0.0:4723 for channel [id: 0x007e0974, L:/127.0.0.1:56617 - R:/127.0.0.1:4723]
-ffff-ffff00000027&quot;,&quot;ELEMENT&quot;:&quot;00000000-0000-1c07-ffff-ffff00000027&quot;}
&amp;#27;[35m[HTTP]&amp;#27;[39m &amp;#27;[37m&lt;-- POST /wd/hub/session/7ae98af1-f0c4-48bb-82e0-609d7d4c050b/element &amp;#27;[39m&amp;#27;[32m200&amp;#27;[39m &amp;#27;[90m25 ms - 137&amp;#27;[39m
&amp;#27;[35m[HTTP]&amp;#27;[39m &amp;#27;[90m&amp;#27;[39m
09:56:41.497 [Forwarding isElementDisplayed on session 7ae98af1-f0c4-48bb-82e0-609d7d4c050b to remote] DEBUG org.asynchttpclient.netty.request.NettyRequestSender - Using pooled Channel &apos;[id: 0x007e0974, L:/127.0.0.1:56617 - R:/127.0.0.1:4723]&apos; for &apos;GET&apos; to &apos;http://0.0.0.0:4723/wd/hub/session/7ae98af1-f0c4-48bb-82e0-609d7d4c050b/element/00000000-0000-1c07-ffff-ffff00000027/displayed&apos;
09:56:41.497 [Forwarding isElementDisplayed on session 7ae98af1-f0c4-48bb-82e0-609d7d4c050b to remote] DEBUG org.asynchttpclient.netty.request.NettyRequestSender - Using open Channel [id: 0x007e0974, L:/127.0.0.1:56617 - R:/127.0.0.1:4723] for GET &apos;/wd/hub/session/7ae98af1-f0c4-48bb-82e0-609d7d4c050b/element/00000000-0000-1c07-ffff-ffff00000027/displayed&apos;
&amp;#27;[35m[HTTP]&amp;#27;[39m &amp;#27;[37m--&gt;&amp;#27;[39m &amp;#27;[37mGET&amp;#27;[39m &amp;#27;[37m/wd/hub/session/7ae98af1-f0c4-48bb-82e0-609d7d4c050b/element/00000000-0000-1c07-ffff-ffff00000027/displayed&amp;#27;[39m
&amp;#27;[35m[HTTP]&amp;#27;[39m &amp;#27;[90m{}&amp;#27;[39m
[debug] &amp;#27;[35m[W3C (7ae98af1)]&amp;#27;[39m Calling AppiumDriver.elementDisplayed() with args: [&quot;00000000-0000-1c07-ffff-ffff00000027&quot;,&quot;7ae98af1-f0c4-48bb-82e0-609d7d4c050b&quot;]
[debug] &amp;#27;[35m[WD Proxy]&amp;#27;[39m Matched &apos;/element/00000000-0000-1c07-ffff-ffff00000027/attribute/displayed&apos; to command name &apos;getAttribute&apos;
[debug] &amp;#27;[35m[WD Proxy]&amp;#27;[39m Proxying [GET /element/00000000-0000-1c07-ffff-ffff00000027/attribute/displayed] to [GET http://127.0.0.1:8200/wd/hub/session/015791bc-716d-4afa-9c1f-c27f676dbeb8/element/00000000-0000-1c07-ffff-ffff00000027/attribute/displayed] with no body
[debug] &amp;#27;[35m[WD Proxy]&amp;#27;[39m Got response with status 200: {&quot;sessionId&quot;:&quot;015791bc-716d-4afa-9c1f-c27f676dbeb8&quot;,&quot;value&quot;:&quot;true&quot;}
[debug] &amp;#27;[35m[W3C (7ae98af1)]&amp;#27;[39m Responding to client with driver.elementDisplayed() result: true
09:56:41.519 [AsyncHttpClient-1-2] DEBUG org.asynchttpclient.netty.handler.HttpHandler - 

Request DefaultFullHttpRequest(decodeResult: success, version: HTTP/1.1, content: EmptyByteBufBE)
GET /wd/hub/session/7ae98af1-f0c4-48bb-82e0-609d7d4c050b/element/00000000-0000-1c07-ffff-ffff00000027/displayed HTTP/1.1
User-Agent: selenium/4.5.0 (java windows)
Cache-Control: no-cache
Content-Type: application/json; charset=utf-8
host: 0.0.0.0:4723
accept: */*

Response DefaultHttpResponse(decodeResult: success, version: HTTP/1.1)
HTTP/1.1 200 OK
X-Powered-By: Express
Content-Type: application/json; charset=utf-8
ETag: W/&quot;e-2ZHvAWebNQpyjGZTg6uyV8/spTo&quot;
Date: Fri, 02 Dec 2022 04:26:41 GMT
Connection: keep-alive
Keep-Alive: timeout=600
content-length: 14

09:56:41.519 [AsyncHttpClient-1-2] DEBUG org.asynchttpclient.netty.channel.ChannelManager - Adding key: http://0.0.0.0:4723 for channel [id: 0x007e0974, L:/127.0.0.1:56617 - R:/127.0.0.1:4723]
&amp;#27;[35m[HTTP]&amp;#27;[39m &amp;#27;[37m&lt;-- GET /wd/hub/session/7ae98af1-f0c4-48bb-82e0-609d7d4c050b/element/00000000-0000-1c07-ffff-ffff00000027/displayed &amp;#27;[39m&amp;#27;[32m200&amp;#27;[39m &amp;#27;[90m21 ms - 14&amp;#27;[39m
&amp;#27;[35m[HTTP]&amp;#27;[39m &amp;#27;[90m&amp;#27;[39m
09:56:41.520 [Forwarding findElement on session 7ae98af1-f0c4-48bb-82e0-609d7d4c050b to remote] DEBUG org.asynchttpclient.netty.request.NettyRequestSender - Using pooled Channel &apos;[id: 0x007e0974, L:/127.0.0.1:56617 - R:/127.0.0.1:4723]&apos; for &apos;POST&apos; to &apos;http://0.0.0.0:4723/wd/hub/session/7ae98af1-f0c4-48bb-82e0-609d7d4c050b/element&apos;
09:56:41.520 [Forwarding findElement on session 7ae98af1-f0c4-48bb-82e0-609d7d4c050b to remote] DEBUG org.asynchttpclient.netty.request.NettyRequestSender - Using open Channel [id: 0x007e0974, L:/127.0.0.1:56617 - R:/127.0.0.1:4723] for POST &apos;/wd/hub/session/7ae98af1-f0c4-48bb-82e0-609d7d4c050b/element&apos;
&amp;#27;[35m[HTTP]&amp;#27;[39m &amp;#27;[37m--&gt;&amp;#27;[39m &amp;#27;[37mPOST&amp;#27;[39m &amp;#27;[37m/wd/hub/session/7ae98af1-f0c4-48bb-82e0-609d7d4c050b/element&amp;#27;[39m
&amp;#27;[35m[HTTP]&amp;#27;[39m &amp;#27;[90m{&quot;using&quot;:&quot;id&quot;,&quot;value&quot;:&quot;com.example.android.testing.notes.mock:id/no_statistics&quot;}&amp;#27;[39m
[debug] &amp;#27;[35m[W3C (7ae98af1)]&amp;#27;[39m Calling AppiumDriver.findElement() with args: [&quot;id&quot;,&quot;com.example.android.testing.notes.mock:id/no_statistics&quot;,&quot;7ae98af1-f0c4-48bb-82e0-609d7d4c050b&quot;]
[debug] &amp;#27;[35m[BaseDriver]&amp;#27;[39m Valid locator strategies for this request: xpath, id, class name, accessibility id, css selector, -android uiautomator
[debug] &amp;#27;[35m[BaseDriver]&amp;#27;[39m Waiting up to 0 ms for condition
[debug] &amp;#27;[35m[WD Proxy]&amp;#27;[39m Matched &apos;/element&apos; to command name &apos;findElement&apos;
[debug] &amp;#27;[35m[WD Proxy]&amp;#27;[39m Proxying [POST /element] to [POST http://127.0.0.1:8200/wd/hub/session/015791bc-716d-4afa-9c1f-c27f676dbeb8/element] with body: {&quot;strategy&quot;:&quot;id&quot;,&quot;selector&quot;:&quot;com.example.android.testing.notes.mock:id/no_statistics&quot;,&quot;context&quot;:&quot;&quot;,&quot;multiple&quot;:false}
[debug] &amp;#27;[35m[WD Proxy]&amp;#27;[39m Got response with status 200: {&quot;sessionId&quot;:&quot;015791bc-716d-4afa-9c1f-c27f676dbeb8&quot;,&quot;value&quot;:{&quot;ELEMENT&quot;:&quot;00000000-0000-1c07-ffff-ffff00000027&quot;,&quot;element-6066-11e4-a52e-4f735466cecf&quot;:&quot;00000000-0000-1c07-ffff-ffff00000027&quot;}}
[debug] &amp;#27;[35m[W3C (7ae98af1)]&amp;#27;[39m Responding to client with driver.09:56:41.546 [AsyncHttpClient-1-2] DEBUG org.asynchttpclient.netty.handler.HttpHandler - 

Request DefaultHttpRequest(decodeResult: success, version: HTTP/1.1)
POST /wd/hub/session/7ae98af1-f0c4-48bb-82e0-609d7d4c050b/element HTTP/1.1
User-Agent: selenium/4.5.0 (java windows)
Content-Length: 94
Content-Type: application/json; charset=utf-8
host: 0.0.0.0:4723
accept: */*

Response DefaultHttpResponse(decodeResult: success, version: HTTP/1.1)
HTTP/1.1 200 OK
X-Powered-By: Express
Vary: X-HTTP-Method-Override
Content-Type: application/json; charset=utf-8
ETag: W/&quot;89-PpPquzpLTNOLK/QVnfXjGS+ZEpE&quot;
Date: Fri, 02 Dec 2022 04:26:41 GMT
Connection: keep-alive
Keep-Alive: timeout=600
content-length: 137

findElement() result: {&quot;element-6066-109:56:41.546 [AsyncHttpClient-1-2] DEBUG org.asynchttpclient.netty.channel.ChannelManager - Adding key: http://0.0.0.0:4723 for channel [id: 0x007e0974, L:/127.0.0.1:56617 - R:/127.0.0.1:4723]
1e4-a52e-4f735466cecf&quot;:&quot;00000000-0000-1c07-ffff-ffff00000027&quot;,&quot;ELEMENT&quot;:&quot;00000000-0000-1c07-ffff-ffff00000027&quot;}
&amp;#27;[35m[HTTP]&amp;#27;[39m &amp;#27;[37m&lt;-- POST /wd/hub/session/7ae98af1-f0c4-48bb-82e0-609d7d4c050b/element &amp;#27;[39m&amp;#27;[32m200&amp;#27;[39m &amp;#27;09:56:41.547 [Forwarding getElementText on session 7ae98af1-f0c4-48bb-82e0-609d7d4c050b to remote] DEBUG org.asynchttpclient.netty.request.NettyRequestSender - Using pooled Channel &apos;[id: 0x007e0974, L:/127.0.0.1:56617 - R:/127.0.0.1:4723]&apos; for &apos;GET&apos; to &apos;http://0.0.0.0:4723/wd/hub/session/7ae98af1-f0c4-48bb-82e0-609d7d4c050b/element/00000000-0000-1c07-ffff-ffff00000027/text&apos;
[90m24 09:56:41.547 [Forwarding getElementText on session 7ae98af1-f0c4-48bb-82e0-609d7d4c050b to remote] DEBUG org.asynchttpclient.netty.request.NettyRequestSender - Using open Channel [id: 0x007e0974, L:/127.0.0.1:56617 - R:/127.0.0.1:4723] for GET &apos;/wd/hub/session/7ae98af1-f0c4-48bb-82e0-609d7d4c050b/element/00000000-0000-1c07-ffff-ffff00000027/text&apos;
ms - 137&amp;#27;[39m
&amp;#27;[35m[HTTP]&amp;#27;[39m &amp;#27;[90m&amp;#27;[39m
&amp;#27;[35m[HTTP]&amp;#27;[39m &amp;#27;[37m--&gt;&amp;#27;[39m &amp;#27;[37mGET&amp;#27;[39m &amp;#27;[37m/wd/hub/session/7ae98af1-f0c4-48bb-82e0-609d7d4c050b/element/00000000-0000-1c07-ffff-ffff00000027/text&amp;#27;[39m
&amp;#27;[35m[HTTP]&amp;#27;[39m &amp;#27;[90m{}&amp;#27;[39m
&amp;#27;[35m[W3C (7ae98af1)]&amp;#27;[39m Driver proxy active, passing request on via HTTP proxy
[debug] &amp;#27;[35m[WD Proxy]&amp;#27;[39m Matched &apos;/wd/hub/session/7ae98af1-f0c4-48bb-82e0-609d7d4c050b/element/00000000-0000-1c07-ffff-ffff00000027/text&apos; to command name &apos;getText&apos;
[debug] &amp;#27;[35m[WD Proxy]&amp;#27;[39m Proxying [GET /wd/hub/session/7ae98af1-f0c4-48bb-82e0-609d7d4c050b/element/00000000-0000-1c07-ffff-ffff00000027/text] to [GET http://127.0.0.1:8200/wd/hub/session/015791bc-716d-4afa-9c1f-c27f676dbeb8/element/00000000-0000-1c07-ffff-ffff00000027/text] with no body
[debug] &amp;#27;[35m[WD Proxy]&amp;#27;[39m Got response with status 200: {&quot;sessionId&quot;:&quot;015791bc-716d-4afa-9c1f-c27f676dbeb8&quot;,&quot;value&quot;:&quot;No statistcs&quot;}
&amp;#27;[35m[WD Proxy]&amp;#27;[39m Replacing sessionId 015791bc-716d-4afa-9c1f-c2709:56:41.563 [AsyncHttpClient-1-2] DEBUG org.asynchttpclient.netty.handler.HttpHandler - 

Request DefaultFullHttpRequest(decodeResult: success, version: HTTP/1.1, content: EmptyByteBufBE)
GET /wd/hub/session/7ae98af1-f0c4-48bb-82e0-609d7d4c050b/element/00000000-0000-1c07-ffff-ffff00000027/text HTTP/1.1
User-Agent: selenium/4.5.0 (java windows)
Cache-Control: no-cache
Content-Type: application/json; charset=utf-8
host: 0.0.0.0:4723
accept: */*

Response DefaultHttpResponse(decodeResult: success, version: HTTP/1.1)
HTTP/1.1 200 OK
X-Powered-By: Express
Content-Type: application/json; charset=utf-8
ETag: W/&quot;4b-G52mlK9cSyBRkhmqWw5BXQrfqqA&quot;
Date: Fri, 02 Dec 2022 04:26:41 GMT
Connection: keep-alive
Keep-Alive: timeout=600
content-length: 75

f676dbeb8 with 7ae98af1-f0c4-48bb-82e09:56:41.563 [AsyncHttpClient-1-2] DEBUG org.asynchttpclient.netty.channel.ChannelManager - Adding key: http://0.0.0.0:4723 for channel [id: 0x007e0974, L:/127.0.0.1:56617 - R:/127.0.0.1:4723]
0-609d7d4c050b
&amp;#27;[35m[HTTP]&amp;#27;[39m &amp;#27;[37m&lt;-- GET /wd/hub/session/7ae98af1-f0c4-48bb-82e0-609d7d4c050b/element/00000000-0000-1c07-ffff-ffff00000027/text &amp;#27;[39m&amp;#27;[32m200&amp;#27;[39m &amp;#27;[90m13 ms - 75&amp;#27;[39m
&amp;#27;[35m[HTTP]&amp;#27;[39m &amp;#27;[90m&amp;#27;[39m
  &amp;#27;[31mThen &amp;#27;[0m&amp;#27;[31mVerify Statistics screen shows &amp;#27;[0m&amp;#27;[31m&amp;#27;[1m&quot;No statistics&quot;&amp;#27;[0m&amp;#27;[31m message&amp;#27;[0m &amp;#27;[90m# com.example.cocusmobiletest.stepdefinitions.UIStepdefs.Verify_Statistics_screen_shows_message(java.lang.String)&amp;#27;[0m
      &amp;#27;[31morg.junit.ComparisonFailure: expected:&lt;No statist[i]cs&gt; but was:&lt;No statist[]cs&gt;
	at org.junit.Assert.assertEquals(Assert.java:115)
	at org.junit.Assert.assertEquals(Assert.java:144)
	at com.example.cocusmobiletest.stepdefinitions.UIStepdefs.Verify_Statistics_screen_shows_message(UIStepdefs.java:91)
	at Ã¢Å“Â½.Verify Statistics screen shows &quot;No statistics&quot; message(file:///C:/SagarV/Projects/COCUS-Challenge/cocus-mobiletest-challenge/cocus-mobile-test/src/test/resources/features/UI.feature:25)
&amp;#27;[0m
09:56:41.594 [Forwarding screenshot on session 7ae98af1-f0c4-48bb-82e0-609d7d4c050b to remote] DEBUG org.asynchttpclient.netty.request.NettyRequestSender - Using pooled Channel &apos;[id: 0x007e0974, L:/127.0.0.1:56617 - R:/127.0.0.1:4723]&apos; for &apos;GET&apos; to &apos;http://0.0.0.0:4723/wd/hub/session/7ae98af1-f0c4-48bb-82e0-609d7d4c050b/screenshot&apos;
09:56:41.594 [Forwarding screenshot on session 7ae98af1-f0c4-48bb-82e0-609d7d4c050b to remote] DEBUG org.asynchttpclient.netty.request.NettyRequestSender - Using open Channel [id: 0x007e0974, L:/127.0.0.1:56617 - R:/127.0.0.1:4723] for GET &apos;/wd/hub/session/7ae98af1-f0c4-48bb-82e0-609d7d4c050b/screenshot&apos;
&amp;#27;[35m[HTTP]&amp;#27;[39m &amp;#27;[37m--&gt;&amp;#27;[39m &amp;#27;[37mGET&amp;#27;[39m &amp;#27;[37m/wd/hub/session/7ae98af1-f0c4-48bb-82e0-609d7d4c050b/screenshot&amp;#27;[39m
&amp;#27;[35m[HTTP]&amp;#27;[39m &amp;#27;[90m{}&amp;#27;[39m
[debug] &amp;#27;[35m[W3C (7ae98af1)]&amp;#27;[39m Calling AppiumDriver.getScreenshot() with args: [&quot;7ae98af1-f0c4-48bb-82e0-609d7d4c050b&quot;]
[debug] &amp;#27;[35m[WD Proxy]&amp;#27;[39m Matched &apos;/screenshot&apos; to command name &apos;getScreenshot&apos;
[debug] &amp;#27;[35m[WD Proxy]&amp;#27;[39m Proxying [GET /screenshot] to [GET http://127.0.0.1:8200/wd/hub/session/015791bc-716d-4afa-9c1f-c27f676dbeb8/screenshot] with no body
[debug] &amp;#27;[35m[WD Proxy]&amp;#27;[39m Got response with status 200: {&quot;sessionId&quot;:&quot;015791bc-716d-4afa-9c1f-c27f676dbeb8&quot;,&quot;value&quot;:&quot;iVBORw0KGgoAAAANSUhEUgAABDgAAAlgCAYAAABtGofVAAAAAXNSR0IArs4c6QAAAARzQklUCAgI\nCHwIZIgAACAASURBVHic7J13XBP3/8dflwmEjRAcKAZRkaWCA8QNilp3q62jrX5d7bdaV63tr662\n39rW2W3ValtHq7WuakVxD3APkKEoMkQZsjckud8fIZccSSAhYcnn2UeFu3zuc3ckl7vP6/N+v94U\nevvRIBAIBAKBQCAQCAQCgUBoxnAa+wAIBAKBQCAQCAQCgUAgEIyFCBwEAoFAIBAIBAKBQCAQmj1E\n4CAQCAQCgUAgEAgEAoHQ7CECB4FAIBAIBAKBQCAQCIRmDxE4CAQCgUAgEAgEAoFAIDR7iMBBIBAI\nBAKBQCAQCAQCodlDBA4CgUAgEAgEAoFAIBAIzR4icBAIBAKBQCAQCAQCgUB09:56:41.913 [AsyncHttpClient-1-2] DEBUG org.asynchttpclient.netty.handler.HttpHandler - 

Request DefaultFullHttpRequest(decodeResult: success, version: HTTP/1.1, content: EmptyByteBufBE)
GET /wd/hub/session/7ae98af1-f0c4-48bb-82e0-609d7d4c050b/screenshot HTTP/1.1
User-Agent: selenium/4.5.0 (java windows)
Cache-Control: no-cache
Content-Type: application/json; charset=utf-8
host: 0.0.0.0:4723
accept: */*

Response DefaultHttpResponse(decodeResult: success, version: HTTP/1.1)
HTTP/1.1 200 OK
X-Powered-By: Express
Content-Type: application/json; charset=utf-8
ETag: W/&quot;1280c-Agz7NdmkLo+IbMYlsa8b0KS+Xck&quot;
Date: Fri, 02 Dec 2022 04:26:41 GMT
Connection: keep-alive
Keep-Alive: timeout=600
content-length: 75788

o9hCBg0AgEAgEAoFA\nIBAIBEKzhwgcBAKBQCAQCAQCgUAgEJo9ROAgEAgEAoFAIBAIBAKB0OwhAgeBQCAQCAQCgUAgEAiE\nZg8ROAgEAoFAIBAIBAKBQCA0e4jAQSAQCAQCgUA09:56:41.914 [AsyncHttpClient-1-2] DEBUG org.asynchttpclient.netty.channel.ChannelManager - Adding key: http://0.0.0.0:4723 for channel [id: 0x007e0974, L:/127.0.0.1:56617 - R:/127.0.0.1:4723]
gEAgEAqHZQwQOAoFAIBAIBAKBQCAQCM0eInAQ\nCAQCgUAgEAgEAoFAaPYQgYNAIBAIBAKBQCAQCARCs4cIHAQCgUAgEAgEAoFAIBCaPUTgIBAIBAKB\nQCAQCAQCgdDsIQIHgUAgEAgEAoFAIBAIhGYPETgIBAKBQCAQCAQCgUAgNHuIwEEgEAgEAoFAIBAI\nBAKh2UMEDgKBQCAQCAQCgUAgEAjNHiJwEAgEAoFAIBAIBAKBQGj2EIGDQCAQCAQCgUAgEAgEQrOH\nCBwEAoFAIBAIBAKBQCAQmj1E4CAQCAQCgUAgEAgEAoHQ7CECB4FAIBAIBAKBQCAQCIRmDxE4CAQC\ngUAgEAgEAoFAIDR7iMBBIBAI...
[debug] &amp;#27;[35m[W3C (7ae98af1)]&amp;#27;[39m Responding to client with driver.getScreenshot() result: &quot;iVBORw0KGgoAAAANSUhEUgAABDgAAAlgCAYAAABtGofVAAAAAXNSR0IArs4c6QAAAARzQklUCAgI\nCHwIZIgAACAASURBVHic7J13XBP3/8dflwmEjRAcKAZRkaWCA8QNilp3q62jrX5d7bdaV63tr662\n39rW2W3ValtHq7WuakVxD3APkKEoMkQZsjckud8fIZccSSAhYcnn2UeFu3zuc3ckl7vP6/N+v94U\nevvRIBAIBAKBQCAQCAQCgUBoxnAa+wAIBAKBQCAQCAQCgUAgEIyFCBwEAoFAIBAIBAKBQCAQmj1E\n4CAQCAQCgUAgEAgEAoHQ7CECB4FAIBAIBAKBQCAQCIRmDxE4CAQCgUAgEAgEAoFAIDR7iMBBIBAI\nBAKBQCAQCAQCodlDBA4CgUAgEAgEAoFAIBAIzR4icBAI
    Embedding Verify Statistics screen [image/png 55372 bytes]

BAKBQCAQCAQCgUBo9hCBg0AgEAgEAoFA\nIBAIBEKzhwgcBAKBQCAQCAQCgUAgEJo9ROAgEAgEAoFAIBAIBAKB0OwhAgeBQCAQCAQCgUAgEAiE\nZg8ROAgEAoFAIBAIBAKBQCA0e4jAQSAQCAQCgUAgEAgEAqHZQwQOAoFAIBAIBAKBQCAQCM0eInAQ\nCAQCgUAgEAgEAoFAaPYQgYNAIBAIBAKBQCAQCARCs4cIHAQCgUAgEAgEAoFAIBCaPUTgIBAIBAKB\nQCAQCAQCgdDsIQIHgUAgEAgEAoFAIBAIhGYPETgIBAKBQCAQCAQCgUAgNHuIwEEgEAgEAoFAIBAI\nBAKh2UMEDgKBQCAQCAQCgUAgEAjNHiJwEAgEAoFAIBAIBAKBQGj2EIGDQCAQCAQCgUAgEAgEQrOH\nCB</system-out>
  </testcase>
</testsuite>